IQ-TREE multicore version 2.2.0.3 COVID-edition for Linux 64-bit built Aug  2 2022
Developed by Bui Quang Minh, James Barbetti, Nguyen Lam Tung,
Olga Chernomor, Heiko Schmidt, Dominik Schrempf, Michael Woodhams, Ly Trong Nhan.

Host:    deming (AVX512, FMA3, 1511 GB RAM)
Command: iqtree -s gene_alignments/trimmed_COG0069.afa -m MFP -bb 1000 -wbtl -ntmax 10 -nt AUTO -T 10 --prefix /researchdrive/zhongj2/tree-reconciliation/iqtree_gene_trees/COG0069 -madd C10,C20,C30,C40,C50,C60,EX2,EX3,EHO,UL2,UL3,EX_EHO,LG4M,LG4X,CF4 -mrate E,I,G,I+G,R
Seed:    504655 (Using SPRNG - Scalable Parallel Random Number Generator)
Time:    Tue Apr  4 10:49:18 2023
Kernel:  AVX+FMA - 10 threads (128 CPU cores detected)

Reading alignment file gene_alignments/trimmed_COG0069.afa ... Fasta format detected
Reading fasta file: done in 0.0155455 secs using 85.88% CPU
Alignment most likely contains protein sequences
Constructing alignment: done in 0.00609934 secs using 995% CPU
Alignment has 364 sequences with 663 columns, 663 distinct patterns
657 parsimony-informative, 6 singleton sites, 0 constant sites
                                                                  Gap/Ambiguity  Composition  p-value
Analyzing sequences: done in 0.000276841 secs using 642.6% CPU
   1  GCF.003443735.1.Bacteria.Actinobacteriota_NZ_CP031969.1_7982       23.38%    failed      1.27%
   2  GCA.006969625.1.Bacteria.Proteobacteria_CP030885.1_1625            35.75%    passed      7.89%
   3  GCA.003130875.1.Bacteria.Chloroflexota_QEXY01000163.1_4            21.42%    passed     75.18%
   4  GCF.900167455.1.Bacteria.Proteobacteria_NZ_FUWJ01000004.1_35       23.68%    passed     22.01%
   5  GCA.002763265.1.Archaea.Nanoarchaeota_PEZQ01000006.1_54            34.54%    passed      7.72%
   6  GCA.002426645.1.Bacteria.Firmicutes.G_DIRN01000089.1_48            35.75%    passed     29.60%
   7  GCA.002401425.1.Bacteria.Patescibacteria_NVTB01000003.1_140        29.26%    failed      0.04%
   8  GCA.002454015.1.Bacteria.Proteobacteria_DKIB01000087.1_5           34.99%    passed     65.97%
   9  GCF.000264455.2.Bacteria.Proteobacteria_NC_017956.1_3047           23.38%    failed      0.07%
  10  GCA.002292285.1.Bacteria.Proteobacteria_DBBP01000024.1_161         35.29%    passed     47.81%
  11  GCF.002252565.1.Bacteria.Firmicutes.A_NZ_NPML01000013.1_54         33.18%    failed      0.33%
  12  GCA.002687025.1.Bacteria.Poribacteria_NYZG01000231.1_6             23.23%    passed     28.05%
  13  GCF.000195295.1.Bacteria.Desulfobacterota_NC_015388.1_1039         31.67%    passed     21.94%
  14  GCF.002215035.1.Bacteria.Cyanobacteria_NZ_NKFP01000004.1_798       36.35%    passed     55.60%
  15  GCA.002352365.1.Bacteria.Chloroflexota_DEIJ01000032.1_5            21.57%    passed     34.23%
  16  GCF.000737335.2.Bacteria.Proteobacteria_NZ_JMCC02000192.1_2        23.68%    failed      4.51%
  17  GCA.002722885.1.Bacteria.Proteobacteria_PBNE01000001.1_5           87.48%    passed      9.52%
  18  GCA.002292285.1.Bacteria.Proteobacteria_DBBP01000008.1_624         34.54%    passed     16.48%
  19  GCA.003230355.1.Archaea.Hydrothermarchaeota_QIDD01000099.1_4       24.74%    passed     91.84%
  20  GCF.001431315.1.Bacteria.Proteobacteria_NZ_LKHV01000017.1_23       25.19%    passed     17.62%
  21  GCA.003170085.1.Bacteria.Planctomycetota_PMZT01000075.1_9          32.43%    passed     21.76%
  22  GCA.001412335.1.Archaea.Halobacteriota_LKUF01000337.1_8            49.02%    passed     37.07%
  23  GCA.002722885.1.Bacteria.Proteobacteria_PBNE01000006.1_240         34.99%    passed     22.59%
  24  GCA.002406055.1.Bacteria.Spirochaetota_DHMZ01000044.1_3            24.43%    failed      0.07%
  25  GCA.002631715.1.Bacteria.Proteobacteria_MRSX01000003.1_53          24.74%    passed     35.74%
  26  GCF.001049895.1.Bacteria.Firmicutes_NZ_CVPE01000004.1_279          59.58%    failed      0.00%
  27  GCF.000166335.1.Bacteria.Firmicutes.A_NC_014657.1_1747             48.72%    failed      0.32%
  28  GCA.002796245.1.Bacteria.Proteobacteria_PCWT01000030.1_27          23.23%    passed     81.15%
  29  GCF.001399675.1.Bacteria.Firmicutes_NZ_LJCO01000047.1_36           24.43%    passed      5.96%
  30  GCA.003232385.1.Bacteria.SZUA.79_QIJE01000006.1_79                 24.74%    passed     39.60%
  31  GCF.003052605.1.Bacteria.Proteobacteria_NZ_QASO01000012.1_19       23.68%    failed      3.33%
  32  GCA.001803565.1.Bacteria.Nitrospinota.B_MHDQ01000224.1_9           25.04%    passed     64.79%
  33  GCF.002078355.1.Archaea.Thermoplasmatota_NZ_CP015363.1_1026        38.16%    failed      0.07%
  34  GCA.002352565.1.Bacteria.Proteobacteria_DEIQ01000025.1_2           23.38%    passed     30.43%
  35  GCA.003194485.1.Bacteria.Desulfobacterota_PQXD01000015.1_36        21.42%    passed     89.45%
  36  GCA.002376045.1.Bacteria.Firmicutes.A_DFNM01000226.1_18            21.42%    passed      6.38%
  37  GCA.002707085.1.Bacteria.Myxococcota.A_PALY01000068.1_15           25.64%    passed     59.59%
  38  GCA.002899795.1.Bacteria.Desulfobacterota_PPDG01000084.1_1         41.03%    passed     94.81%
  39  GCA.001768075.1.Bacteria.Myxococcota_MEMX01000078.1_9              32.13%    failed      0.10%
  40  GCA.001940655.1.Archaea.Asgardarchaeota_MBAA01000129.1_4           26.24%    passed     38.73%
  41  GCA.002411145.1.Bacteria.Firmicutes.C_DHRA01000055.1_1             33.03%    failed      2.79%
  42  GCA.001797815.1.Bacteria.RBG.13.61.14_MGQK01000100.1_6             78.58%    passed     87.27%
  43  GCA.001896555.1.Bacteria.Desulfobacterota_MPOS01000034.1_84        21.12%    passed     81.85%
  44  GCA.002347295.1.Bacteria.Chloroflexota_DDXZ01000046.1_5            20.97%    passed     73.73%
  45  GCA.002375925.1.Bacteria.Firmicutes.E_DFNE01000007.1_18            77.98%    failed      0.49%
  46  GCA.001830835.1.Bacteria.Desulfobacterota_MICJ01000088.1_6         20.97%    passed     29.90%
  47  GCF.000620305.1.Bacteria.Firmicutes.B_NZ_KK211100.1_176            34.54%    passed      9.52%
  48  GCF.002201895.1.Archaea.Euryarchaeota_NZ_CP019436.1_887            38.46%    passed      7.04%
  49  GCA.002783405.1.Bacteria.Cyanobacteria_PFGG01000073.1_69           23.38%    passed     15.24%
  50  GCF.000620765.1.Bacteria.Desulfobacterota.I_NZ_JIAK01000005.1_11   21.12%    passed     82.36%
  51  GCA.001940655.1.Archaea.Asgardarchaeota_MBAA01000145.1_3           55.51%    passed     98.01%
  52  GCA.001304035.1.Bacteria.SM23.31_LJUD01000079.1_8                  38.16%    passed     75.03%
  53  GCF.002607855.1.Bacteria.Firmicutes.B_NZ_AWQQ01000088.1_184        59.43%    passed     65.97%
  54  GCA.001780165.1.Bacteria.Eisenbacteria_MFFQ01000109.1_23           26.55%    failed      0.03%
  55  GCA.001447805.1.Bacteria.Proteobacteria_CP013099.1_1391            26.55%    passed     15.92%
  56  GCA.002494765.1.Archaea.Thermoplasmatota_DACJ01000001.1_22         20.97%    passed      7.98%
  57  GCA.002329525.1.Bacteria.Firmicutes.C_DCTI01000085.1_3             64.10%    failed      4.46%
  58  GCA.002494765.1.Archaea.Thermoplasmatota_DACJ01000072.1_16         24.28%    passed     15.68%
  59  GCA.003171235.1.Bacteria.Planctomycetota_PMYM01000216.1_3          89.74%    passed     12.88%
  60  GCA.002385465.1.Bacteria.Firmicutes.E_DGDN01000007.1_1             34.54%    passed     60.44%
  61  GCA.001790645.1.Bacteria.Schekmanbacteria_MGDB01000101.1_5         25.04%    passed     34.87%
  62  GCA.003247575.1.Bacteria.Myxococcota.A_QJZC01000010.1_56           24.43%    failed      0.08%
  63  GCA.003157385.1.Bacteria.Actinobacteriota_PMJJ01000045.1_26        25.04%    passed     83.38%
  64  GCA.002159075.1.Bacteria.Firmicutes_LZRT01000075.1_31              33.03%    passed      5.85%
  65  GCA.001873285.1.Bacteria.CG2.30.53.67_MNYV01000044.1_26            20.97%    passed     40.66%
  66  GCA.002454015.1.Bacteria.Proteobacteria_DKIB01000080.1_4           25.64%    passed      7.73%
  67  GCA.000987045.1.Bacteria.Firmicutes.B_LAKY01000054.1_40            24.59%    passed     75.30%
  68  GCF.900489485.1.Bacteria.Bacteroidota_WP_111816213.1               24.43%    failed      0.39%
  69  GCF.000266945.1.Bacteria.Desulfobacterota_NC_018025.1_2936         32.43%    passed     23.68%
  70  GCF.000374645.1.Bacteria.Proteobacteria_NZ_KB894801.1_187          23.38%    failed      0.71%
  71  GCA.003542955.1.Bacteria.Armatimonadota_DPJP01000021.1_5           38.91%    passed     44.50%
  72  GCA.001797815.1.Bacteria.RBG.13.61.14_MGQK01000033.1_1             20.97%    passed     97.08%
  73  GCF.000148385.1.Archaea.Thermoproteota_NC_014537.1_358             34.54%    failed      2.54%
  74  GCF.000300295.4.Bacteria.Proteobacteria_WP_017378390.1             23.68%    failed      0.39%
  75  GCA.002159075.1.Bacteria.Firmicutes_LZRT01000064.1_13              24.28%    passed     11.80%
  76  GCF.900142265.1.Bacteria.Firmicutes.A_NZ_FRAH01000020.1_7          23.53%    passed     91.61%
  77  GCA.001735895.1.Bacteria.Proteobacteria_DS021198.1_221             23.83%    passed     43.03%
  78  GCA.003155415.1.Bacteria.Proteobacteria_PMCP01000093.1_7           23.53%    passed      7.28%
  79  GCA.002347365.1.Bacteria.Actinobacteriota_DDWT01000028.1_83        20.97%    passed     78.01%
  80  GCA.001766825.1.Archaea.Halobacteriota_LYOR01000003.1_100          75.87%    passed     27.95%
  81  GCF.000025525.1.Archaea.Methanobacteriota.A_NC_013887.1_240        24.74%    passed     26.26%
  82  GCA.002327985.1.Bacteria.Desulfobacterota_DCVM01000172.1_6         24.74%    passed     18.34%
  83  GCA.002399265.1.Bacteria.Firmicutes.G_DHDG01000042.1_62            34.24%    passed     47.83%
  84  GCA.002717225.1.Bacteria.Proteobacteria_PBDG01000009.1_137         35.60%    passed     38.95%
  85  GCA.002483345.1.Bacteria.Bacteroidota_DLHS01000016.1_263           24.13%    failed      1.54%
  86  GCA.000987045.1.Bacteria.Firmicutes.B_LAKY01000073.1_58            32.88%    failed      0.55%
  87  GCA.001513545.1.Bacteria.Firmicutes.B_LFTQ01000157.1_61            34.54%    passed     15.22%
  88  GCA.002347095.1.Bacteria.Desulfobacterota_DDWZ01000011.1_100       21.42%    passed     97.88%
  89  GCA.003229915.1.Bacteria.Chloroflexota_QIGA01000210.1_6            32.13%    passed     31.71%
  90  GCA.003171235.1.Bacteria.Planctomycetota_PMYM01000198.1_7          32.88%    failed      0.27%
  91  GCF.900100785.1.Bacteria.Firmicutes.B_NZ_FNCP01000021.1_33         34.84%    failed      4.52%
  92  GCA.002783585.1.Bacteria.Omnitrophota_PFHB01000059.1_14            21.27%    passed      5.85%
  93  GCA.002344285.1.Bacteria.Myxococcota_DDTA01000245.1_7              25.49%    passed     54.37%
  94  GCA.002364485.1.Bacteria.Planctomycetota_DEYK01000042.1_5          22.47%    passed     65.67%
  95  GCA.002782605.1.Bacteria.Desulfobacterota_PFIF01000188.1_4         32.13%    failed      0.01%
  96  GCA.002347365.1.Bacteria.Actinobacteriota_DDWT01000020.1_63        25.04%    passed     24.55%
  97  GCA.000353875.1.Bacteria.Atribacterota_APKF01000028.1_9            24.43%    passed     19.72%
  98  GCF.000092905.1.Bacteria.Firmicutes_NC_014098.1_1982               33.03%    failed      0.17%
  99  GCA.002763265.1.Archaea.Nanoarchaeota_PEZQ01000006.1_55            36.50%    passed     11.22%
 100  GCA.002238415.1.Bacteria.Desulfobacterota.B_MPMI01000035.1_19      34.99%    passed     43.73%
 101  GCA.001768645.1.Bacteria.Actinobacteriota_MELK01000041.1_15        20.81%    passed     78.48%
 102  GCA.002452295.1.Bacteria.Firmicutes.G_DKEX01000104.1_2             24.59%    passed     54.38%
 103  GCA.002327985.1.Bacteria.Desulfobacterota_DCVM01000052.1_15        20.81%    passed     98.45%
 104  GCA.001769655.1.Bacteria.Bacteroidota_MEPC01000003.1_30            23.83%    passed     15.50%
 105  GCF.000011205.1.Archaea.Thermoproteota_NC_003106.2_2511            38.46%    passed     32.50%
 106  GCA.001800495.1.Bacteria.Elusimicrobiota_MGVM01000116.1_10         87.18%    failed      0.00%
 107  GCF.000024725.1.Bacteria.Proteobacteria_NC_013960.1_95             23.38%    passed     81.95%
 108  GCA.003229375.1.Bacteria.Nitrospinota_QIDP01000160.1_1             24.43%    passed     80.48%
 109  GCF.900142995.1.Bacteria.Firmicutes.A_NZ_FRCR01000010.1_11         21.42%    passed      8.07%
 110  GCA.002159155.1.Bacteria.Firmicutes.G_LZRQ01000030.1_6             33.94%    failed      3.36%
 111  GCF.003097315.1.Bacteria.Proteobacteria_NZ_QDDL01000006.1_159      24.43%    passed     65.61%
 112  GCF.000949635.1.Bacteria.Planctomycetota_NZ_BAFN01000001.1_1020    20.97%    passed     67.01%
 113  GCF.000266945.1.Bacteria.Desulfobacterota_NC_018025.1_2937         25.49%    passed     59.02%
 114  GCA.002429595.1.Bacteria.Proteobacteria_DJAM01000111.1_21          23.98%    passed     75.65%
 115  GCF.900104455.1.Bacteria.Firmicutes.C_NZ_FNHB01000006.1_26         33.03%    failed      0.02%
 116  GCA.003158275.1.Archaea.Halobacteriota_PMIN01000148.1_2            38.46%    passed     45.80%
 117  GCA.002717185.1.Bacteria.Proteobacteria_PBDC01000061.1_4           36.80%    passed     11.94%
 118  GCA.002715375.1.Bacteria.Bdellovibrionota_PAZA01000048.1_14        24.74%    failed      0.36%
 119  GCA.003157385.1.Bacteria.Actinobacteriota_PMJJ01000096.1_4         20.81%    passed     21.83%
 120  GCF.001720165.1.Bacteria.Proteobacteria_NZ_MCRI01000012.1_15       35.60%    passed     27.66%
 121  GCA.002059205.1.Bacteria.Latescibacterota_MVCQ01000135.1_6         78.13%    passed     29.70%
 122  GCA.002431715.1.Bacteria.Armatimonadota_DJHI01000104.1_13          63.95%    failed      4.20%
 123  GCA.002010915.1.Bacteria.Desulfobacterota_MTPG01000046.1_25        24.43%    passed     47.32%
 124  GCA.002335385.1.Bacteria.Acidobacteriota_DCVK01000045.1_9          22.93%    failed      1.00%
 125  GCA.002254565.1.Archaea.Altiarchaeota_NJEG01000010.1_37            20.97%    passed     24.24%
 126  GCA.002010665.1.Bacteria.Acidobacteriota_MTON01000003.1_4          20.81%    failed      1.67%
 127  GCA.001512665.1.Bacteria.Firmicutes.B_LFSF01000015.1_109           32.58%    failed      0.81%
 128  GCA.002292285.1.Bacteria.Proteobacteria_DBBP01000002.1_198         25.34%    passed     96.11%
 129  GCA.002050035.1.Bacteria.4484.113_MVCR01000002.1_11                20.81%    passed     84.28%
 130  GCA.001771735.1.Bacteria.WOR.3_MEUM01000127.1_1                    89.44%    passed     92.71%
 131  GCA.003454665.1.Bacteria.Nitrospirota_DMKB01000087.1_4             20.97%    passed     34.97%
 132  GCF.900176005.1.Bacteria.Firmicutes.B_NZ_LT838272.1_2107           20.81%    passed     87.20%
 133  GCA.001303705.1.Bacteria.TA06_LJUI01000003.1_10                    20.81%    passed     94.68%
 134  GCA.001800745.1.Archaea.Thermoplasmatota_MGVZ01000030.1_8          35.29%    passed     16.65%
 135  GCA.002451015.1.Bacteria.Acidobacteriota_DKBB01000053.1_7          32.43%    passed     22.04%
 136  GCF.001942305.1.Bacteria.Actinobacteriota_NZ_MKKE01000001.1_176    36.20%    failed      0.36%
 137  GCA.001768675.1.Bacteria.Actinobacteriota_MELN01000072.1_30        23.08%    passed     70.82%
 138  GCA.003230795.1.Bacteria.Bdellovibrionota.C_QIGM01000413.1_1       23.38%    passed     60.91%
 139  GCA.002746235.1.Bacteria.Planctomycetota_NVWJ01000011.1_40         27.15%    passed     66.17%
 140  GCF.000421485.1.Bacteria.Aquificota_NZ_ATXC01000002.1_28           24.43%    passed     40.07%
 141  GCF.003047285.1.Bacteria.Actinobacteriota_NZ_PZYX01000008.1_170    25.64%    passed     49.89%
 142  GCF.000092905.1.Bacteria.Firmicutes_NC_014098.1_1189               33.03%    failed      2.59%
 143  GCA.002450905.1.Bacteria.Spirochaetota_DKAT01000032.1_1            24.43%    failed      0.64%
 144  GCA.001797675.1.Bacteria.Desulfobacterota_MGQB01000001.1_169       31.98%    failed      4.89%
 145  GCA.000961765.1.Bacteria.Firmicutes.B_LADT01000001.1_83            32.88%    passed     11.25%
 146  GCF.002902625.1.Bacteria.Firmicutes_NZ_PPRG01000012.1_12           25.94%    failed      1.28%
 147  GCA.001768675.1.Bacteria.Actinobacteriota_MELN01000057.1_27        32.13%    failed      0.67%
 148  GCF.900100785.1.Bacteria.Firmicutes.B_NZ_FNCP01000003.1_59         21.42%    passed     37.80%
 149  GCA.002348045.1.Bacteria.Chloroflexota_DDYO01000219.1_25           24.43%    passed      6.08%
 150  GCF.001547735.1.Bacteria.Thermosulfidibacterota_NZ_AP013035.1_10   24.43%    passed     21.93%
 151  GCF.000195295.1.Bacteria.Desulfobacterota_NC_015388.1_1922         21.27%    passed     98.35%
 152  GCA.002238885.1.Bacteria.Proteobacteria_MPNF01000214.1_5           36.50%    failed      3.33%
 153  GCA.002730875.1.Bacteria.Spirochaetota_PCBI01000005.1_194          26.24%    passed     57.60%
 154  GCF.000166335.1.Bacteria.Firmicutes.A_NC_014657.1_2123             24.59%    passed     38.59%
 155  GCA.001735895.1.Bacteria.Proteobacteria_DS021200.1_420             31.52%    passed     39.40%
 156  GCA.002127415.1.Bacteria.AABM5.125.24_MWJR01000225.1_9             20.81%    passed     63.75%
 157  GCA.003034855.1.Archaea.Halobacteriota_PZKD01000039.1_1            73.91%    passed     20.97%
 158  GCA.002327305.1.Bacteria.Acidobacteriota_DCUZ01000054.1_3          20.81%    passed     40.20%
 159  GCA.001800605.1.Bacteria.Elusimicrobiota_MGVS01000065.1_22         65.61%    passed      7.85%
 160  GCA.001873945.1.Bacteria.UBA9089_MNYI01000034.1_5                  91.25%    passed     52.22%
 161  GCF.000213255.1.Bacteria.Firmicutes.A_NC_015520.1_1712             24.59%    passed     39.28%
 162  GCA.001768675.1.Bacteria.Actinobacteriota_MELN01000063.1_19        86.88%    passed     16.55%
 163  GCA.002420425.1.Bacteria.Proteobacteria_DIIC01000012.1_15          35.29%    passed     39.36%
 164  GCF.001614315.2.Bacteria.Proteobacteria_NZ_LVEG02000001.1_508      36.65%    passed     32.46%
 165  GCA.001508005.1.Bacteria.Firmicutes.B_LGEZ01000004.1_10            32.58%    failed      0.01%
 166  GCA.002746645.1.Bacteria.Proteobacteria_PDPU01000027.1_56          23.38%    passed     14.20%
 167  GCF.001613805.1.Bacteria.Proteobacteria_NZ_LPVY01000024.1_16       23.23%    passed     64.18%
 168  GCF.002607855.1.Bacteria.Firmicutes.B_NZ_AWQQ01000088.1_185        82.96%    passed     93.77%
 169  GCA.002375925.1.Bacteria.Firmicutes.E_DFNE01000116.1_5             20.66%    passed      6.32%
 170  GCA.002367275.1.Bacteria.Chloroflexota_DFBE01000015.1_32           21.42%    passed     49.70%
 171  GCA.002707655.1.Bacteria.SAR324_PANO01000025.1_3                   24.59%    passed     41.89%
 172  GCA.002841695.1.Bacteria.Elusimicrobiota_PHAN01000006.1_26         24.43%    passed     78.26%
 173  GCA.001508005.1.Bacteria.Firmicutes.B_LGEZ01000011.1_28            20.81%    passed     66.26%
 174  GCA.002717225.1.Bacteria.Proteobacteria_PBDG01000009.1_44          34.99%    passed     47.84%
 175  GCA.002255045.1.Archaea.Thermoproteota_NJEE01000051.1_7            29.86%    failed      1.11%
 176  GCA.002717225.1.Bacteria.Proteobacteria_PBDG01000055.1_9           35.75%    passed     48.99%
 177  GCA.003158275.1.Archaea.Halobacteriota_PMIN01000143.1_2            24.74%    passed     21.76%
 178  GCA.002746535.1.Bacteria.Planctomycetota_NVWA01000080.1_41         27.45%    failed      0.21%
 179  GCA.002308775.1.Bacteria.Firmicutes.A_DBVT01000071.1_4             24.43%    passed     39.04%
 180  GCF.001641825.1.Bacteria.Proteobacteria_NZ_LRFH01000014.1_33       23.23%    passed     20.61%
 181  GCF.000019605.1.Archaea.Thermoproteota_NC_010482.1_170             39.82%    failed      0.06%
 182  GCA.001775395.1.Bacteria.Zixibacteria_MEWP01000132.1_1             47.21%    passed     59.29%
 183  GCA.001778375.1.Bacteria.Firestonebacteria_MFGV01000091.1_18       25.34%    passed     84.62%
 184  GCA.001304035.1.Bacteria.SM23.31_LJUD01000150.1_5                  93.36%    passed     18.97%
 185  GCA.002170535.1.Bacteria.Proteobacteria_NHDW01000004.1_258         35.44%    passed     84.04%
 186  GCA.002699025.1.Bacteria.Myxococcota_PABA01000186.1_12             23.53%    passed     40.02%
 187  GCF.000266885.1.Bacteria.Spirochaetota_NC_018020.1_2728            25.04%    passed     39.24%
 188  GCF.000021985.1.Bacteria.Proteobacteria_NC_011901.1_1696           36.35%    passed     36.35%
 189  GCA.001829155.1.Bacteria.Spirochaetota_MIAO01000052.1_22           73.60%    passed     15.29%
 190  GCF.003052605.1.Bacteria.Proteobacteria_NZ_QASO01000106.1_20       35.90%    passed     12.48%
 191  GCA.000961765.1.Bacteria.Firmicutes.B_LADT01000042.1_105           33.48%    failed      0.62%
 192  GCF.000212395.1.Bacteria.Thermodesulfobiota_NC_015499.1_898        24.59%    passed     10.46%
 193  GCA.003242195.1.Bacteria.Firmicutes.E_QGUQ01000013.1_1             79.64%    failed      0.04%
 194  GCA.002727195.1.Bacteria.Latescibacterota_PBWH01000009.1_147       23.53%    passed     80.48%
 195  GCF.004522215.1.Bacteria.Firmicutes_NZ_SDLR01000002.1_107          32.58%    passed     18.62%
 196  GCF.001027545.1.Bacteria.Elusimicrobiota_NZ_CP009498.1_363         24.43%    passed     64.92%
 197  GCF.900142995.1.Bacteria.Firmicutes.A_NZ_FRCR01000003.1_190        25.19%    passed     12.12%
 198  GCA.001513125.1.Bacteria.DTU030_LFSN01000126.1_1                   72.85%    passed     16.26%
 199  GCA.001412335.1.Archaea.Halobacteriota_LKUF01000404.1_1            20.97%    passed     25.95%
 200  GCA.002170535.1.Bacteria.Proteobacteria_NHDW01000003.1_12          35.29%    passed     76.88%
 201  GCF.001950325.1.Bacteria.Firmicutes.B_NZ_BDJL01000142.1_74         25.04%    passed     43.66%
 202  GCA.001464165.1.Bacteria.Cyanobacteria_LNEX01000364.1_21           77.68%    passed     15.77%
 203  GCA.002085025.1.Bacteria.Omnitrophota_MZGK01000004.1_2             25.94%    passed     29.16%
 204  GCA.003444595.1.Bacteria.Firmicutes.D_DLUO01000158.1_5             20.81%    passed     42.45%
 205  GCA.002409975.1.Bacteria.Firmicutes.G_DHOO01000059.1_33            34.39%    failed      2.76%
 206  GCA.001464275.1.Bacteria.Actinobacteriota_LNFL01000100.1_7         25.34%    failed      2.29%
 207  GCF.001561915.1.Bacteria.Firmicutes_NZ_LSKU01000001.1_1882         34.69%    failed      0.41%
 208  GCA.000375685.1.Archaea.Thermoproteota_AQVQ01000095.1_1            95.93%    passed     25.74%
 209  GCA.003194435.1.Archaea.Halobacteriota_PQXC01000011.1_41           21.42%    passed     25.95%
 210  GCA.001797415.1.Bacteria.Desulfobacterota_MGPL01000148.1_9         24.89%    passed     44.90%
 211  GCA.003230085.1.Bacteria.Proteobacteria_QIGV01000038.1_15          27.00%    passed     46.82%
 212  GCA.000987045.1.Bacteria.Firmicutes.B_LAKY01000054.1_34            20.97%    passed     33.34%
 213  GCA.001664505.1.Bacteria.Acidobacteriota_CP011806.1_3798           23.53%    failed      2.30%
 214  GCA.001464275.1.Bacteria.Actinobacteriota_LNFL01000163.1_82        34.99%    failed      0.00%
 215  GCA.002482535.1.Bacteria.Firmicutes.B_DLGE01000001.1_404           24.74%    failed      2.10%
 216  GCA.002841945.1.Bacteria.Myxococcota_PHBI01000003.1_13             25.49%    passed     10.38%
 217  GCA.001768675.1.Bacteria.Actinobacteriota_MELN01000010.1_25        20.97%    passed     50.01%
 218  GCA.002898535.1.Bacteria.Acidobacteriota_BEHN01000005.1_9          36.65%    failed      0.00%
 219  GCA.001304105.1.Bacteria.Desulfobacterota_LJUR01000016.1_30        24.43%    passed     95.28%
 220  GCA.000961765.1.Bacteria.Firmicutes.B_LADT01000072.1_39            34.09%    failed      0.23%
 221  GCF.900129115.1.Bacteria.Firmicutes.A_NZ_FQUR01000007.1_261        24.43%    passed     40.32%
 222  GCA.002011165.1.Archaea.Halobacteriota_MTMI01000016.1_38           24.43%    passed     27.77%
 223  GCA.001513125.1.Bacteria.DTU030_LFSN01000033.1_10                  79.34%    passed     89.05%
 224  GCF.000192575.1.Bacteria.Proteobacteria_NZ_GL876927.1_59           35.75%    passed      9.03%
 225  GCA.003542955.1.Bacteria.Armatimonadota_DPJP01000021.1_4           89.29%    passed      6.25%
 226  GCA.002011835.1.Bacteria.Desulfobacterota_MTPE01000028.1_4         57.77%    passed     10.96%
 227  GCF.001742305.1.Bacteria.Firmicutes_NZ_MJAT01000002.1_105          20.81%    passed     44.91%
 228  GCA.003023725.1.Bacteria.Firmicutes.E_PXYT01000001.1_20            34.54%    failed      0.00%
 229  GCF.900100785.1.Bacteria.Firmicutes.B_NZ_FNCP01000003.1_106        34.69%    passed      6.00%
 230  GCF.001591405.1.Bacteria.Actinobacteria_NZ_BCUV01000004.1_24       25.64%    passed      6.63%
 231  GCA.002338605.1.Bacteria.Proteobacteria_DDIP01000199.1_10          25.94%    passed     84.58%
 232  GCF.900079095.1.Bacteria.Tectomicrobia_NZ_FKIP01000373.1_5         35.60%    passed     12.41%
 233  GCA.002347645.1.Bacteria.Actinobacteriota_DDYF01000051.1_9         25.49%    failed      0.10%
 234  GCA.003154195.1.Bacteria.Omnitrophota_PMCS01000019.1_3             21.57%    passed     21.06%
 235  GCA.002731375.1.Bacteria.Proteobacteria_PCBT01000040.1_76          31.52%    passed      6.19%
 236  GCA.002256595.1.Archaea.Halobacteriota_NOLC01000183.1_4            20.97%    passed     52.89%
 237  GCA.002707205.1.Bacteria.Proteobacteria_PAMH01000034.1_42          23.83%    failed      1.00%
 238  GCA.002412545.1.Bacteria.Elusimicrobiota_DHVG01000013.1_209        24.43%    passed     68.06%
 239  GCA.003230535.1.Bacteria.SZUA.182_QIEW01000143.1_11                25.04%    passed     56.36%
 240  GCF.001950325.1.Bacteria.Firmicutes.B_NZ_BDJL01000142.1_70         20.97%    passed     26.58%
 241  GCF.001399755.1.Bacteria.Proteobacteria_NZ_LJCP01000011.1_12       25.79%    failed      2.89%
 242  GCF.001742305.1.Bacteria.Firmicutes_NZ_MJAT01000022.1_8            20.97%    passed     71.46%
 243  GCA.001800605.1.Bacteria.Elusimicrobiota_MGVS01000117.1_12         65.76%    passed     12.64%
 244  GCA.002431715.1.Bacteria.Armatimonadota_DJHI01000104.1_15          27.00%    passed     93.05%
 245  GCA.002469885.1.Bacteria.Proteobacteria_DKOI01000017.1_3           23.23%    passed     16.63%
 246  GCA.003229915.1.Bacteria.Chloroflexota_QIGA01000008.1_1            39.52%    passed     80.03%
 247  GCF.003173035.1.Bacteria.Proteobacteria_NZ_QGLE01000006.1_154      23.23%    passed      5.42%
 248  GCA.002389045.1.Bacteria.Proteobacteria_DGNS01000009.1_402         34.99%    passed     70.87%
 249  GCA.001940645.1.Archaea.Asgardarchaeota_MDVS01000001.1_56          33.18%    failed      0.00%
 250  GCA.001593865.1.Archaea.Thermoproteota_LUCB01000018.1_29           21.42%    passed     31.53%
 251  GCF.002257705.1.Bacteria.Firmicutes.C_NZ_LSLK01000102.1_33         33.03%    failed      0.00%
 252  GCF.900100785.1.Bacteria.Firmicutes.B_NZ_FNCP01000018.1_55         34.54%    failed      2.00%
 253  GCA.001735895.1.Bacteria.Proteobacteria_DS021200.1_1               39.97%    passed     79.31%
 254  GCA.001412335.1.Archaea.Halobacteriota_LKUF01000198.1_1            67.42%    passed     27.69%
 255  GCA.001464965.1.Bacteria.Proteobacteria_LNEJ01000017.1_9           25.79%    passed     47.42%
 256  GCA.002796975.1.Bacteria.Proteobacteria_PEKV01000008.1_14          29.11%    passed     38.84%
 257  GCF.001399675.1.Bacteria.Firmicutes_NZ_LJCO01000011.1_56           34.69%    failed      1.31%
 258  GCA.003134215.1.Bacteria.Armatimonadota_PLAD01000098.1_50          36.05%    passed     58.20%
 259  GCA.001803565.1.Bacteria.Nitrospinota.B_MHDQ01000224.1_8           20.97%    passed     48.96%
 260  GCA.001593855.1.Archaea.Thermoproteota_LUCC01000058.1_2            21.57%    passed     86.52%
 261  GCA.002897695.1.Bacteria.BMS3Abin14_BDTG01000031.1_5               24.74%    passed     48.37%
 262  GCA.001778455.1.Bacteria.Bipolaricaulota_MFGX01000094.1_1          76.32%    passed     13.93%
 263  GCA.002376045.1.Bacteria.Firmicutes.A_DFNM01000082.1_8             24.59%    passed     23.00%
 264  GCA.001421185.1.Archaea.Thermoplasmatota_LJKK01000098.1_90         20.81%    passed     83.70%
 265  GCA.002426645.1.Bacteria.Firmicutes.G_DIRN01000047.1_7             33.33%    failed      0.07%
 266  GCA.007244385.1.Bacteria.Desulfobacterota_SCVX01000094.1_310       20.97%    passed     82.84%
 267  GCA.002345475.1.Bacteria.Firmicutes.H_DDWC01000219.1_6             22.47%    passed     59.05%
 268  GCA.001766825.1.Archaea.Halobacteriota_LYOR01000003.1_102          21.42%    passed     19.53%
 269  GCA.001587715.1.Archaea.Methanobacteriota.B_LNGC01000013.1_20      24.74%    passed     18.70%
 270  GCA.002435745.1.Bacteria.UBP15_DIWT01000004.1_7                    31.98%    failed      2.50%
 271  GCA.003140915.1.Bacteria.Omnitrophota_PLLI01000038.1_4             20.97%    passed     60.85%
 272  GCA.001464165.1.Bacteria.Cyanobacteria_LNEX01000580.1_2            23.38%    passed     31.58%
 273  GCA.002878375.1.Bacteria.Dictyoglomota_NIRF01000015.1_39           21.42%    failed      4.27%
 274  GCA.002862435.1.Bacteria.Proteobacteria_PKDC01000033.1_24          25.19%    failed      0.00%
 275  GCA.001513395.1.Bacteria.Firmicutes.G_LFTP01000094.1_8             84.16%    passed     17.08%
 276  GCF.000384115.1.Bacteria.Actinobacteriota_NZ_KB913029.1_3710       25.34%    failed      0.93%
 277  GCA.002779825.1.Bacteria.Armatimonadota_PEVN01000441.1_15          32.58%    passed     10.69%
 278  GCA.002327765.1.Bacteria.Desulfobacterota.E_DCUH01000138.1_9       78.43%    passed     85.95%
 279  GCF.000194625.1.Archaea.Halobacteriota_NC_015320.1_1297            24.43%    passed     12.38%
 280  GCA.003489505.1.Bacteria.Proteobacteria_DNMA01000141.1_6           70.89%    passed     48.05%
 281  GCA.002412545.1.Bacteria.Elusimicrobiota_DHVG01000013.1_228        21.27%    passed     16.47%
 282  GCA.002431715.1.Bacteria.Armatimonadota_DJHI01000104.1_14          70.44%    failed      4.26%
 283  GCF.002224645.1.Bacteria.Firmicutes.B_NZ_CP022121.1_2739           33.48%    passed     21.35%
 284  GCF.001697225.1.Bacteria.Proteobacteria_NZ_CP014671.1_2217         24.43%    passed      7.50%
 285  GCF.000328625.1.Bacteria.Firmicutes.F_NC_019978.1_1609             21.57%    passed     36.00%
 286  GCF.002607855.1.Bacteria.Firmicutes.B_NZ_AWQQ01000088.1_183        82.96%    failed      0.05%
 287  GCA.002159075.1.Bacteria.Firmicutes_LZRT01000019.1_32              32.73%    passed      6.34%
 288  GCA.002721815.1.Bacteria.Myxococcota_PBLQ01000011.1_256            26.09%    passed     12.76%
 289  GCF.000148385.1.Archaea.Thermoproteota_NC_014537.1_685             35.60%    failed      1.18%
 290  GCA.002500605.1.Bacteria.Nitrospinota_DLRR01000025.1_4             24.74%    passed     47.10%
 291  GCA.002007405.1.Bacteria.Proteobacteria_JYIN01000010.1_61          24.74%    passed      6.74%
 292  GCA.002721365.1.Bacteria.Proteobacteria_PBKC01000093.1_21          36.50%    passed     23.82%
 293  GCA.001508005.1.Bacteria.Firmicutes.B_LGEZ01000013.1_50            24.59%    passed     63.16%
 294  GCA.001595945.1.Archaea.Thermoplasmatota_LSSI01000029.1_8          20.97%    passed      9.45%
 295  GCA.001871795.1.Bacteria.Actinobacteriota_MNXI01000012.1_6         24.74%    passed     63.85%
 296  GCA.002409975.1.Bacteria.Firmicutes.G_DHOO01000036.1_18            32.58%    passed      8.39%
 297  GCA.001829315.1.Bacteria.Spirochaetota_MIAY01000033.1_16           21.87%    failed      0.71%
 298  GCA.002401295.1.Bacteria.SAR324_NVSR01000017.1_24                  25.34%    failed      4.05%
 299  GCF.000011005.1.Archaea.Euryarchaeota_NC_013665.1_1710             21.42%    failed      1.88%
 300  GCF.900176005.1.Bacteria.Firmicutes.B_NZ_LT838272.1_3069           24.74%    passed     47.35%
 301  GCA.002399265.1.Bacteria.Firmicutes.G_DHDG01000002.1_61            33.03%    passed     31.50%
 302  GCA.000353875.1.Bacteria.Atribacterota_APKF01000028.1_4            21.42%    passed     51.17%
 303  GCF.002207765.1.Bacteria.Firmicutes.B_NZ_BDGJ01000023.1_32         20.97%    passed     76.79%
 304  GCA.002782605.1.Bacteria.Desulfobacterota_PFIF01000144.1_9         20.97%    passed     71.03%
 305  GCA.003497555.1.Bacteria.Spirochaetota_DNNS01000460.1_5            20.97%    passed     63.77%
 306  GCF.900104455.1.Bacteria.Firmicutes.C_NZ_FNHB01000005.1_111        33.33%    failed      0.01%
 307  GCA.002731275.1.Bacteria.Myxococcota_PCBK01000012.1_57             23.38%    passed     47.31%
 308  GCA.002321895.1.Bacteria.Bdellovibrionota_DCMZ01000012.1_8         23.83%    passed     59.32%
 309  GCA.000961765.1.Bacteria.Firmicutes.B_LADT01000090.1_122           24.59%    passed     90.52%
 310  GCA.015473125.1.Eukaryota.Viridiplantae_GHP04340.1                 23.23%    passed     32.94%
 311  GCA.000961655.1.Bacteria.Desulfobacterota_LADR01000065.1_68        21.42%    passed     49.03%
 312  GCF.000970205.1.Archaea.Halobacteriota_NZ_CP009512.1_357           24.74%    passed     44.08%
 313  GCA.002411145.1.Bacteria.Firmicutes.C_DHRA01000086.1_12            21.42%    passed     36.52%
 314  GCA.003484395.1.Bacteria.Chloroflexota_DNCV01000042.1_1            53.09%    passed     33.50%
 315  GCA.003538775.1.Bacteria.Thermotogota_DPRG01000140.1_3             24.43%    passed     89.93%
 316  GCA.001304105.1.Bacteria.Desulfobacterota_LJUR01000049.1_13        21.12%    passed     91.40%
 317  GCA.001805885.1.Bacteria.Omnitrophota_MHHC01000019.1_3             20.97%    passed     36.95%
 318  GCA.002899795.1.Bacteria.Desulfobacterota_PPDG01000522.1_1         39.22%    passed     89.85%
 319  GCA.001513395.1.Bacteria.Firmicutes.G_LFTP01000094.1_9             58.82%    passed     57.40%
 320  GCA.001775755.1.Bacteria.Acidobacteriota_MEYF01000057.1_15         20.81%    passed     11.55%
 321  GCA.002423325.1.Bacteria.Chloroflexota_DIVQ01000114.1_8            24.43%    passed     12.85%
 322  GCF.000192575.1.Bacteria.Proteobacteria_NZ_GL876926.1_1013         23.38%    failed      2.26%
 323  GCA.002159155.1.Bacteria.Firmicutes.G_LZRQ01000032.1_15            32.73%    failed      0.00%
 324  GCA.001303885.1.Bacteria.Planctomycetota_LJUE01000075.1_4          20.97%    passed     81.92%
 325  GCA.002435745.1.Bacteria.UBP15_DIWT01000004.1_8                    26.70%    passed     56.42%
 326  GCA.002386945.1.Bacteria.Proteobacteria_DGKH01000083.1_8           24.28%    passed     41.21%
 327  GCF.900116225.1.Bacteria.Bacteroidota_NZ_FOZZ01000012.1_63         23.83%    failed      0.58%
 328  GCA.002400365.1.Bacteria.Chloroflexota_DHFK01000203.1_4            23.68%    passed     46.06%
 329  GCF.000620305.1.Bacteria.Firmicutes.B_NZ_KK211101.1_460            25.19%    passed     31.93%
 330  GCA.002256595.1.Archaea.Halobacteriota_NOLC01000075.1_2            24.43%    passed     46.76%
 331  GCF.000620305.1.Bacteria.Firmicutes.B_NZ_JHVU01000021.1_174        20.66%    passed     81.92%
 332  GCA.003454665.1.Bacteria.Nitrospirota_DMKB01000087.1_5             20.97%    passed     44.05%
 333  GCF.002207765.1.Bacteria.Firmicutes.B_NZ_BDGJ01000042.1_82         24.59%    passed     72.74%
 334  GCF.000166335.1.Bacteria.Firmicutes.A_NC_014657.1_1750             68.33%    passed     31.74%
 335  GCA.002502685.1.Archaea.Thermoplasmatota_DAQA01000020.1_1          28.81%    passed     27.49%
 336  GCA.001778455.1.Bacteria.Bipolaricaulota_MFGX01000094.1_2          35.75%    passed     73.82%
 337  GCA.002352645.1.Bacteria.Actinobacteriota_DEIU01000008.1_10        23.53%    failed      0.61%
 338  GCA.002432655.1.Bacteria.Proteobacteria_DJFZ01000055.1_21          25.04%    passed     91.63%
 339  GCA.001871015.1.Bacteria.Desantisbacteria_MNUO01000070.1_16        21.27%    passed      6.20%
 340  GCA.002480495.1.Bacteria.Proteobacteria_DLCG01000005.1_230         23.83%    passed     99.39%
 341  GCA.001513125.1.Bacteria.DTU030_LFSN01000143.1_1                   90.20%    passed     84.26%
 342  GCA.002049985.1.Bacteria.Latescibacterota_MVCY01000047.1_6         33.03%    passed     17.71%
 343  GCA.003023725.1.Bacteria.Firmicutes.E_PXYT01000027.1_8             33.18%    failed      0.93%
 344  GCA.001801745.1.Bacteria.Proteobacteria_MGYM01000026.1_15          25.49%    passed     57.75%
 345  GCF.000284615.1.Bacteria.Proteobacteria_NC_017067.1_1180           23.53%    passed      6.03%
 346  GCF.002277955.1.Bacteria.Planctomycetota_NZ_CP018477.1_86          21.27%    passed     88.36%
 347  GCF.003173035.1.Bacteria.Proteobacteria_NZ_QGLE01000007.1_90       35.60%    passed     38.30%
 348  GCA.001797675.1.Bacteria.Desulfobacterota_MGQB01000037.1_37        20.97%    passed     52.74%
 349  GCF.000266945.1.Bacteria.Desulfobacterota_NC_018025.1_4173         21.27%    passed     81.07%
 350  GCA.002385745.1.Bacteria.Firmicutes.D_DGEC01000101.1_15            33.79%    failed      1.68%
 351  GCA.003137095.1.Bacteria.Proteobacteria_PLET01000127.1_4           36.80%    passed     30.10%
 352  GCA.003508595.1.Bacteria.Planctomycetota_DNUF01000106.1_23         22.78%    passed     28.79%
 353  GCA.001783275.1.Bacteria.Margulisbacteria_MFRH01000090.1_52        21.42%    failed      2.22%
 354  GCF.002798435.1.Bacteria.Proteobacteria_WP_206419818.1             23.08%    passed     19.61%
 355  GCA.002366545.1.Bacteria.Actinobacteriota_DFBH01000070.1_9         20.97%    passed     63.34%
 356  GCF.002252565.1.Bacteria.Firmicutes.A_NZ_NPML01000029.1_169        24.43%    passed      7.77%
 357  GCF.000019165.1.Bacteria.Firmicutes.B_NC_010337.2_2322             20.81%    passed     28.89%
 358  GCF.000011005.1.Archaea.Euryarchaeota_NC_013665.1_723              24.43%    passed     79.80%
 359  GCA.003171235.1.Bacteria.Planctomycetota_PMYM01000216.1_2          38.91%    passed     43.82%
 360  GCA.900016865.1.Bacteria.Firmicutes.G_FIZI01000002.1_34            35.90%    passed     43.03%
 361  GCA.003509045.1.Bacteria.Planctomycetota_DODI01000190.1_8          44.95%    passed      6.02%
 362  GCA.003171235.1.Bacteria.Planctomycetota_PMYM01000198.1_8          28.05%    passed      7.96%
 363  GCF.001907975.1.Bacteria.Proteobacteria_NZ_CP017834.1_1221         23.53%    failed      2.69%
 364  GCA.001768645.1.Bacteria.Actinobacteriota_MELK01000028.1_67        24.59%    passed     19.80%
WARNING: 39 sequences contain more than 50% gaps/ambiguity
****  TOTAL                                                              32.45%  83 sequences failed composition chi2 test (p-value<5%; df=19)
Checking for duplicate sequences: done in 0.00235988 secs using 646.9% CPU


Create initial parsimony tree by phylogenetic likelihood library (PLL)... 0.372 seconds
Perform fast likelihood tree search using LG+G model...
Estimate model parameters (epsilon = 5.000)
