IQ-TREE multicore version 2.2.0.3 COVID-edition for Linux 64-bit built May 11 2022
Developed by Bui Quang Minh, James Barbetti, Nguyen Lam Tung,
Olga Chernomor, Heiko Schmidt, Dominik Schrempf, Michael Woodhams, Ly Trong Nhan.

Host:    baross.its.carleton.edu (AVX2, FMA3, 755 GB RAM)
Command: iqtree -s gene_alignments/trimv2_COG0692.afa --nmax 3000 -m MFP -bb 1000 -wbtl -ntmax 10 -nt AUTO -T 10 --prefix iqtree_gene_trees/COG0692 -madd C10,C20,C30,C40,C50,C60,EX2,EX3,EHO,UL2,UL3,EX_EHO,LG4M,LG4X,CF4,LG+C10,LG+C20,LG+C30,LG+C40,LG+C50,LG+C60 -mrate E,I,G,I+G,R
Seed:    230594 (Using SPRNG - Scalable Parallel Random Number Generator)
Time:    Sat Apr  8 15:30:13 2023
Kernel:  AVX+FMA - 10 threads (96 CPU cores detected)

Reading alignment file gene_alignments/trimv2_COG0692.afa ... Fasta format detected
Reading fasta file: done in 0.00202428 secs using 98.16% CPU
Alignment most likely contains protein sequences
Constructing alignment: done in 0.00219828 secs using 975.2% CPU
Alignment has 150 sequences with 238 columns, 236 distinct patterns
225 parsimony-informative, 7 singleton sites, 6 constant sites
                                                                  Gap/Ambiguity  Composition  p-value
Analyzing sequences: done in 0.000120701 secs using 906.4% CPU
   1  GCA.002343185.1.Bacteria.Bdellovibrionota.C_DDRT01000020.1_59      10.50%    passed     85.11%
   2  GCF.900104115.1.Bacteria.Firmicutes.A_NZ_FNJM01000025.1_1           5.46%    failed      0.00%
   3  GCF.002973605.1.Bacteria.Armatimonadota_NZ_NIGF01000011.1_49        2.10%    passed     75.02%
   4  GCF.900177345.1.Bacteria.Proteobacteria_NZ_FWZT01000025.1_5         3.36%    passed     82.84%
   5  GCF.001049895.1.Bacteria.Firmicutes_NZ_CVPE01000006.1_405           3.78%    passed     76.18%
   6  GCA.002731275.1.Bacteria.Myxococcota_PCBK01000076.1_35              3.36%    passed     84.40%
   7  GCA.000433675.1.Bacteria.Firmicutes_FR893537.1_7                    9.24%    failed      1.06%
   8  GCF.004348535.1.Bacteria.Actinobacteriota_NZ_SMJX01000190.1_16      5.88%    failed      2.62%
   9  GCF.000737335.2.Bacteria.Proteobacteria_NZ_JMCC02000014.1_88        4.62%    passed     77.00%
  10  GCA.002455375.1.Bacteria.Bacteroidota_DKKR01000028.1_11             5.46%    passed     92.91%
  11  GCA.002369235.1.Bacteria.Verrucomicrobiota_DFFF01000002.1_18        7.14%    passed     11.63%
  12  GCF.003173035.1.Bacteria.Proteobacteria_NZ_QGLE01000001.1_258       7.98%    failed      0.00%
  13  GCA.002780235.1.Bacteria.Patescibacteria_PEVO01000041.1_4           7.14%    passed     99.57%
  14  GCF.001886815.1.Bacteria.Calditrichota_NZ_CP018099.1_2916          12.18%    passed     85.20%
  15  GCA.000315625.1.Eukaryota.Cryptophyceae_EKX39122.1                  3.78%    failed      1.75%
  16  GCF.002902625.1.Bacteria.Firmicutes_NZ_PPRG01000023.1_16            7.98%    passed     68.72%
  17  GCF.000192575.1.Bacteria.Proteobacteria_NZ_GL876934.1_334           5.04%    failed      3.03%
  18  GCF.000218765.1.Bacteria.Firmicutes_WP_007506659.1                  5.88%    passed     45.98%
  19  GCA.000209225.1.Eukaryota.Cnidaria_EDO31090.1                       0.42%    passed     80.21%
  20  GCA.002731275.1.Bacteria.Myxococcota_PCBK01000076.1_52              4.20%    passed     44.21%
  21  GCA.001777455.1.Bacteria.Patescibacteria_MFDZ01000067.1_24         18.49%    passed     88.77%
  22  GCF.001189415.1.Bacteria.Firmicutes_NZ_JPSQ01000014.1_2             9.66%    failed      0.44%
  23  GCA.002707205.1.Bacteria.Proteobacteria_PAMH01000026.1_34          12.18%    failed      0.30%
  24  GCF.000160475.1.Bacteria.Fusobacteriota_NZ_GG665896.1_95            5.46%    failed      0.66%
  25  GCA.002382525.1.Bacteria.Verrucomicrobiota_DFYA01000096.1_2        20.17%    passed     23.29%
  26  GCF.001942305.1.Bacteria.Actinobacteriota_NZ_MKKE01000016.1_34      5.46%    passed     15.47%
  27  GCF.001720165.1.Bacteria.Proteobacteria_NZ_MCRI01000010.1_40       16.81%    passed     31.55%
  28  GCA.001750645.1.Bacteria.Proteobacteria_MEIF01000007.1_29          10.08%    failed      0.07%
  29  GCF.003443735.1.Bacteria.Actinobacteriota_NZ_CP031969.1_6802        4.62%    passed     54.26%
  30  GCA.003134215.1.Bacteria.Armatimonadota_PLAD01000337.1_4            4.62%    passed      5.97%
  31  GCA.002469885.1.Bacteria.Proteobacteria_DKOI01000062.1_23          13.03%    passed      9.22%
  32  GCA.002321895.1.Bacteria.Bdellovibrionota_DCMZ01000010.1_145        4.20%    passed     56.17%
  33  GCF.002940605.1.Bacteria.Proteobacteria_WP_128420449.1              0.84%    failed      0.07%
  34  GCA.001769655.1.Bacteria.Bacteroidota_MEPC01000037.1_18             6.30%    passed     89.17%
  35  GCA.002085445.1.Bacteria.Proteobacteria_NBMI01000010.1_50           7.98%    passed     54.08%
  36  GCF.000942395.1.Bacteria.Firmicutes_NZ_LN812103.1_182              10.50%    passed     90.09%
  37  GCA.003245715.1.Bacteria.Planctomycetota_QKCJ01000013.1_1           2.94%    passed     60.44%
  38  GCA.002693325.1.Bacteria.Latescibacterota_NZPK01000057.1_3         10.08%    passed     68.12%
  39  GCF.001641825.1.Bacteria.Proteobacteria_NZ_LRFH01000014.1_203       2.10%    passed     42.86%
  40  GCA.002293295.1.Bacteria.Firmicutes.A_DBCY01000129.1_5              6.72%    passed     69.85%
  41  GCF.001742305.1.Bacteria.Firmicutes_NZ_MJAT01000004.1_46            5.88%    passed     41.70%
  42  GCA.002747435.1.Bacteria.Proteobacteria_PDPH01000040.1_1            4.20%    passed     52.77%
  43  GCF.004348535.1.Bacteria.Actinobacteriota_NZ_SMJX01000055.1_13      2.94%    failed      0.31%
  44  GCF.900099895.1.Bacteria.Firmicutes_NZ_FNDY01000008.1_108           4.20%    passed     99.89%
  45  GCA.002049455.2.Eukaryota.Rhodophyta_OSX69854.1                     1.26%    failed      0.00%
  46  GCA.001513395.1.Bacteria.Firmicutes.G_LFTP01000308.1_3              4.20%    passed     96.42%
  47  GCA.002787535.1.Bacteria.Bdellovibrionota_PCXB01000075.1_10         1.68%    passed     98.00%
  48  GCA.000996035.1.Bacteria.Patescibacteria_LBYH01000002.1_44          4.20%    passed     72.46%
  49  GCA.002786175.1.Bacteria.Chlamydiota_PEQL01000013.1_41              3.36%    passed     90.67%
  50  GCA.003503675.1.Bacteria.Cyanobacteria_DOBT01000140.1_15            5.04%    passed     90.09%
  51  GCA.000188695.1.Eukaryota.Choanoflagellata_EGD79912.1               2.94%    passed      5.23%
  52  GCF.004522215.1.Bacteria.Firmicutes_NZ_SDLR01000003.1_707           7.14%    passed     97.48%
  53  GCA.900313515.1.Bacteria.Eremiobacterota_OMRK01000121.1_8           6.30%    passed     99.76%
  54  GCF.000204255.1.Bacteria.Chlamydiota_NC_017287.1_966                4.62%    passed     99.70%
  55  GCA.002732805.1.Bacteria.Proteobacteria_NVSS01000057.1_5            6.72%    passed     19.77%
  56  GCA.002406055.1.Bacteria.Spirochaetota_DHMZ01000089.1_7             7.98%    passed     73.07%
  57  GCA.002404295.1.Bacteria.Proteobacteria_DHJK01000042.1_25          10.50%    passed     28.14%
  58  GCA.002429065.1.Bacteria.Verrucomicrobiota_DIYN01000041.1_87        5.04%    passed     86.28%
  59  GCF.000018105.1.Bacteria.Cyanobacteria_NC_009925.1_3851             2.94%    passed     99.37%
  60  GCA.900320745.1.Bacteria.Firmicutes_ONTK01000191.1_6                7.98%    passed     48.38%
  61  GCA.002414805.1.Bacteria.Fibrobacterota_DIAU01000093.1_11           5.04%    passed     10.55%
  62  GCA.001800605.1.Bacteria.Elusimicrobiota_MGVS01000064.1_6           8.40%    failed      0.00%
  63  GCA.000830255.1.Bacteria.Campylobacterota_JQIT01000002.1_3          5.46%    passed     66.66%
  64  GCA.002309015.1.Bacteria.Myxococcota_DBWM01000060.1_23              2.52%    passed     74.49%
  65  GCA.000961765.1.Bacteria.Firmicutes.B_LADT01000005.1_57             5.46%    passed     60.41%
  66  GCA.001829315.1.Bacteria.Spirochaetota_MIAY01000001.1_324           9.24%    passed     58.50%
  67  GCA.003527145.1.Bacteria.Firmicutes.A_DPSW01000134.1_1             14.71%    passed     20.34%
  68  GCA.000002435.2.Eukaryota.Fornicata_KAE8305048.1                    9.66%    passed      9.65%
  69  GCA.002402105.1.Bacteria.UBP17_NVVD01000001.1_28                    5.88%    passed     15.85%
  70  GCA.000998135.1.Bacteria.Patescibacteria_LCCV01000001.1_43          5.88%    passed     73.56%
  71  GCA.002483345.1.Bacteria.Bacteroidota_DLHS01000012.1_4              6.72%    passed     84.70%
  72  GCF.001431315.1.Bacteria.Proteobacteria_NZ_LKHV01000012.1_8         1.68%    passed     83.88%
  73  GCF.000828855.1.Bacteria.Firmicutes_NZ_AP014631.1_151              10.08%    failed      0.00%
  74  GCF.001591405.1.Bacteria.Actinobacteria_NZ_BCUV01000007.1_519       5.46%    failed      0.00%
  75  GCF.000300295.4.Bacteria.Proteobacteria_WP_016209511.1              4.62%    passed     87.06%
  76  GCA.000188695.1.Eukaryota.Choanoflagellata_EGD78509.1               2.10%    failed      0.21%
  77  GCF.001908175.1.Bacteria.Firmicutes_NZ_MOEL01000011.1_81            5.46%    passed     61.06%
  78  GCA.002722565.1.Bacteria.Actinobacteriota_PBMG01000001.1_101        7.14%    passed     50.03%
  79  GCA.000739515.1.Bacteria.Moduliflexota_DF820457.1_683               4.20%    passed     82.36%
  80  GCF.002795805.1.Bacteria.Proteobacteria_NZ_CP018799.1_2182          3.78%    passed     81.46%
  81  GCA.000004985.1.Eukaryota.Heterolobosea_EFC47179.1                  4.62%    failed      1.59%
  82  GCF.000177635.2.Bacteria.Chrysiogenota_NC_014836.1_686              2.94%    failed      0.75%
  83  GCA.002007405.1.Bacteria.Proteobacteria_JYIN01000010.1_82           8.82%    passed     73.53%
  84  GCA.001437855.1.Bacteria.Actinobacteriota_LIBD01000017.1_6         12.18%    passed     96.49%
  85  GCA.002783405.1.Bacteria.Cyanobacteria_PFGG01000020.1_74            5.04%    passed     49.93%
  86  GCA.002429595.1.Bacteria.Proteobacteria_DJAM01000032.1_7            5.46%    passed     25.59%
  87  GCA.002796245.1.Bacteria.Proteobacteria_PCWT01000010.1_44          13.45%    passed     19.43%
  88  GCF.002224645.1.Bacteria.Firmicutes.B_NZ_CP022121.1_3483            5.88%    passed     78.98%
  89  GCF.000178255.1.Bacteria.Firmicutes_WP_006784935.1                  7.14%    passed     91.76%
  90  GCA.002746535.1.Bacteria.Planctomycetota_NVWA01000014.1_46          2.10%    passed     26.11%
  91  GCF.003443735.1.Bacteria.Actinobacteriota_NZ_CP031969.1_7120       14.29%    failed      0.02%
  92  GCA.003021615.1.Bacteria.Actinobacteriota_PXPH01000018.1_7          4.62%    failed      0.01%
  93  GCA.015473125.1.Eukaryota.Viridiplantae_GHP12219.1                  2.52%    passed     19.28%
  94  GCA.001769385.1.Bacteria.Bacteroidota_MEPB01000019.1_213            5.04%    passed     53.27%
  95  GCA.002308775.1.Bacteria.Firmicutes.A_DBVT01000052.1_5              9.24%    failed      3.30%
  96  GCA.001735895.1.Bacteria.Proteobacteria_DS021199.1_867             10.50%    failed      3.42%
  97  GCA.003167015.1.Bacteria.Bacteroidota_PMUF01000533.1_7              5.88%    passed     66.94%
  98  GCA.900313115.1.Bacteria.Cyanobacteria_OMPX01000005.1_3             8.82%    failed      0.26%
  99  GCA.002345475.1.Bacteria.Firmicutes.H_DDWC01000043.1_2              5.88%    passed     81.13%
 100  GCF.002335525.1.Bacteria.Firmicutes_NZ_BDUF01000086.1_76            5.88%    passed     99.68%
 101  GCA.002340265.1.Bacteria.Verrucomicrobiota_DDLT01000020.1_4         3.36%    passed     29.09%
 102  GCA.002297185.1.Bacteria.Firmicutes.A_DBJV01000063.1_11             5.46%    passed     98.85%
 103  GCF.000815225.1.Bacteria.Proteobacteria_NZ_CP010427.1_659           7.98%    passed     30.49%
 104  GCA.002747745.1.Bacteria.Patescibacteria_PDQG01000007.1_4           5.46%    passed      7.58%
 105  GCA.002449765.1.Bacteria.Fibrobacterota_DJXN01000002.1_147          6.30%    passed     95.82%
 106  GCF.900116225.1.Bacteria.Bacteroidota_NZ_FOZZ01000004.1_48          4.20%    passed     90.02%
 107  GCF.001922545.1.Bacteria.Spirochaetota_NZ_CP018744.1_768            7.14%    failed      0.00%
 108  GCF.000969705.1.Bacteria.Actinobacteriota_NZ_KQ033901.1_426         6.30%    failed      0.00%
 109  GCF.003052605.1.Bacteria.Proteobacteria_NZ_QASO01000094.1_11        3.78%    passed     99.50%
 110  GCF.000384115.1.Bacteria.Actinobacteriota_NZ_KB913029.1_4910        5.88%    failed      0.00%
 111  GCF.003097315.1.Bacteria.Proteobacteria_NZ_QDDL01000011.1_115       5.46%    passed     30.05%
 112  GCA.002050235.1.Bacteria.Desulfobacterota.B_MWST01000012.1_64       4.62%    failed      0.00%
 113  GCA.002689455.1.Bacteria.Proteobacteria_NZGE01000071.1_2           11.76%    passed     51.40%
 114  GCA.001801745.1.Bacteria.Proteobacteria_MGYM01000006.1_3            8.40%    failed      0.44%
 115  GCF.001907975.1.Bacteria.Proteobacteria_NZ_CP017834.1_632           3.36%    passed     84.65%
 116  GCA.003477185.1.Bacteria.Verrucomicrobiota_DMTJ01000171.1_1         3.36%    passed     94.37%
 117  GCF.000284615.1.Bacteria.Proteobacteria_NC_017067.1_897             1.26%    passed     76.45%
 118  GCF.900106035.1.Bacteria.Actinobacteriota_NZ_FNUC01000004.1_318     5.88%    failed      0.00%
 119  GCF.003047285.1.Bacteria.Actinobacteriota_NZ_PZYX01000008.1_172     2.94%    failed      0.00%
 120  GCF.001653195.1.Bacteria.Firmicutes_NZ_JXBB01000006.1_19            3.78%    passed      5.67%
 121  GCF.003612015.1.Bacteria.Proteobacteria_NZ_RARB01000008.1_51        6.30%    passed     74.60%
 122  GCA.002402105.1.Bacteria.UBP17_NVVD01000002.1_229                   5.88%    passed     15.85%
 123  GCA.000189635.1.Eukaryota.Ciliophora_EAS00699.3                     3.36%    failed      0.46%
 124  GCA.001794905.1.Bacteria.Chlamydiota_MGLW01000061.1_6               5.88%    passed     62.33%
 125  GCF.000091205.1.Eukaryota.Rhodophyta_XP_005536438.1                 1.26%    passed     10.16%
 126  GCF.000702165.1.Bacteria.Firmicutes_NZ_JNKU01000014.1_26            8.40%    passed     76.15%
 127  GCA.002404095.1.Bacteria.Planctomycetota_DHJA01000190.1_5           5.88%    passed     81.26%
 128  GCA.000002865.1.Eukaryota.Choanoflagellata_EDQ84304.1               1.68%    passed     42.89%
 129  GCF.000440555.1.Bacteria.Firmicutes_NZ_ALLG01000021.1_116           8.82%    passed     66.74%
 130  GCA.003489505.1.Bacteria.Proteobacteria_DNMA01000169.1_8           11.76%    passed     23.78%
 131  GCA.003056205.1.Bacteria.Patescibacteria_LSNS01000008.1_3           6.72%    passed     45.75%
 132  GCA.000004985.1.Eukaryota.Heterolobosea_EFC45129.1                  5.88%    failed      4.02%
 133  GCF.000239355.1.Bacteria.Proteobacteria_WP_006986364.1              3.36%    passed     90.87%
 134  GCA.001045525.1.Bacteria.Fibrobacterota_LDWW01000003.1_76           6.72%    passed     99.05%
 135  GCF.900489485.1.Bacteria.Bacteroidota_WP_111815976.1                7.56%    passed     64.89%
 136  GCF.000503775.1.Bacteria.Firmicutes_NZ_KI629786.1_752               4.62%    passed     87.88%
 137  GCA.002401295.1.Bacteria.SAR324_NVSR01000038.1_10                   4.62%    passed     31.71%
 138  GCF.000170755.1.Bacteria.Verrucomicrobiota_NZ_ABCK01000006.1_214    5.04%    failed      2.32%
 139  GCA.003455335.1.Bacteria.Fibrobacterota_HAP00246.1                  6.30%    passed     98.06%
 140  GCA.002707085.1.Bacteria.Myxococcota.A_PALY01000004.1_26            6.72%    failed      4.84%
 141  GCA.900066305.1.Bacteria.Firmicutes.A_SCH20925.1                    6.30%    passed     79.23%
 142  GCF.001618145.1.Bacteria.Firmicutes_NZ_LQNF01000048.1_17            3.78%    passed     92.43%
 143  GCF.001280305.1.Bacteria.Bacteroidota_NZ_CP012623.1_568             7.56%    passed     84.75%
 144  GCF.000316115.1.Bacteria.Cyanobacteria_NZ_JH993793.1_314            2.94%    passed     99.78%
 145  GCA.000315625.1.Eukaryota.Cryptophyceae_EKX50140.1                  7.98%    passed      7.63%
 146  GCA.000002865.1.Eukaryota.Choanoflagellata_EDQ86064.1               2.10%    failed      4.77%
 147  GCA.003245625.1.Bacteria.Firmicutes_QKCT01000044.1_14               7.98%    passed     53.17%
 148  GCA.000431235.1.Bacteria.Firmicutes_HF988729.1_59                   7.14%    failed      4.14%
 149  GCF.900100785.1.Bacteria.Firmicutes.B_NZ_FNCP01000015.1_1           7.14%    passed     45.61%
 150  GCF.000620305.1.Bacteria.Firmicutes.B_NZ_JHVU01000018.1_77          4.62%    passed     87.98%
****  TOTAL                                                               6.21%  37 sequences failed composition chi2 test (p-value<5%; df=19)
NOTE: GCA.002402105.1.Bacteria.UBP17_NVVD01000002.1_229 is identical to GCA.002402105.1.Bacteria.UBP17_NVVD01000001.1_28 but kept for subsequent analysis
Checking for duplicate sequences: done in 0.00167048 secs using 929.9% CPU


Create initial parsimony tree by phylogenetic likelihood library (PLL)... 0.071 seconds
Perform fast likelihood tree search using LG+I+G model...
Estimate model parameters (epsilon = 5.000)
Perform nearest neighbor interchange...
Optimizing NNI: done in 1.37557 secs using 994.8% CPU
Estimate model parameters (epsilon = 1.000)
1. Initial log-likelihood: -48164.665
Optimal log-likelihood: -48164.628
Proportion of invariable sites: 0.018
Gamma shape alpha: 0.792
Parameters optimization took 1 rounds (0.131 sec)
Time for fast ML tree search: 2.200 seconds

NOTE: ModelFinder requires 60 MB RAM!
ModelFinder will test up to 749 protein models (sample size: 238) ...
 No. Model         -LnL         df  AIC          AICc         BIC
  1  LG            52185.944    297 104965.889   281977.889   105997.153
  2  LG+I          51998.176    298 104592.353   282796.353   105627.089
  3  LG+G4         48168.167    298 96932.335    275136.335   97967.072
  4  LG+I+G4       48164.627    299 96927.255    276327.255   97965.464
  5  LG+R2         48866.479    299 98330.957    277730.957   99369.166
  6  LG+R3         48303.919    301 97209.837    279013.837   98254.991
  7  LG+R4         48140.216    303 96886.432    281110.432   97938.530
  8  LG+R5         48047.312    305 96704.623    283364.623   97763.666
  9  LG+R6         48007.082    307 96628.164    285740.164   97694.151
 10  LG+R7         47993.612    309 96605.223    288185.223   97678.155
 11  LG+R8         47980.127    311 96582.254    290646.254   97662.131
 12  LG+R9         47975.473    313 96576.945    293140.945   97663.766
 14  LG+F          52166.805    316 104965.610   305309.610   106062.847
 15  LG+F+I        51962.391    317 104558.781   306170.781   105659.491
 16  LG+F+G4       48286.009    317 97206.018    298818.018   98306.728
 17  LG+F+I+G4     48264.153    318 97164.305    300048.305   98268.488
 18  LG+F+R2       48926.526    318 98489.051    301373.051   99593.233
 19  LG+F+R3       48368.691    320 97377.382    302817.382   98488.509
 20  LG+F+R4       48206.429    322 97056.858    305068.858   98174.929
 21  LG+F+R5       48111.965    324 96871.931    307471.931   97996.946
 22  LG+F+R6       48080.024    326 96812.048    310016.048   97944.008
 23  LG+F+R7       48064.879    328 96785.757    312609.757   97924.662
 24  LG+F+R8       48053.550    330 96767.100    315227.100   97912.949
 25  LG+F+R9       48049.441    332 96762.882    317874.882   97915.676
 27  WAG           51691.651    297 103977.302   280989.302   105008.566
 28  WAG+I         51496.407    298 103588.815   281792.815   104623.551
 29  WAG+G4        48440.459    298 97476.918    275680.918   98511.655
 30  WAG+I+G4      48418.711    299 97435.422    276835.422   98473.631
 31  WAG+R2        48893.921    299 98385.843    277785.843   99424.052
 32  WAG+R3        48437.326    301 97476.653    279280.653   98521.806
 33  WAG+R4        48287.868    303 97181.737    281405.737   98233.835
 34  WAG+R5        48221.795    305 97053.590    283713.590   98112.632
 35  WAG+R6        48197.570    307 97009.141    286121.141   98075.128
 36  WAG+R7        48178.944    309 96975.889    288555.889   98048.820
 37  WAG+R8        48169.684    311 96961.369    291025.369   98041.245
 38  WAG+R9        48168.918    313 96963.836    293527.836   98050.657
 40  WAG+F         51663.463    316 103958.926   304302.926   105056.163
 41  WAG+F+I       51462.361    317 103558.723   305170.723   104659.432
 42  WAG+F+G4      48430.614    317 97495.229    299107.229   98595.939
 43  WAG+F+I+G4    48408.520    318 97453.039    300337.039   98557.221
 44  WAG+F+R2      48886.658    318 98409.317    301293.317   99513.499
 45  WAG+F+R3      48417.679    320 97475.358    302915.358   98586.485
 46  WAG+F+R4      48268.136    322 97180.272    305192.272   98298.343
 47  WAG+F+R5      48196.359    324 97040.719    307640.719   98165.735
 48  WAG+F+R6      48175.634    326 97003.268    310207.268   98135.229
 49  WAG+F+R7      48159.065    328 96974.130    312798.130   98113.034
 50  WAG+F+R8      48149.531    330 96959.061    315419.061   98104.911
WARNING: Log-likelihood -48162.4 of WAG+F+R9 worse than WAG+F+R8 -48149.5
 51  WAG+F+R9      48162.450    332 96988.900    318100.900   98141.694
 53  JTT           52844.443    297 106282.885   283294.885   107314.149
 54  JTT+I         52594.249    298 105784.498   283988.498   106819.234
 55  JTT+G4        48941.265    298 98478.531    276682.531   99513.267
 56  JTT+I+G4      48932.295    299 98462.589    277862.589   99500.798
 57  JTT+R2        49664.339    299 99926.677    279326.677   100964.886
 58  JTT+R3        49080.724    301 98763.449    280567.449   99808.602
 59  JTT+R4        48913.784    303 98433.568    282657.568   99485.666
 60  JTT+R5        48838.956    305 98287.912    284947.912   99346.954
 61  JTT+R6        48809.221    307 98232.441    287344.441   99298.428
 62  JTT+R7        48791.745    309 98201.489    289781.489   99274.421
 63  JTT+R8        48782.798    311 98187.595    292251.595   99267.471
 64  JTT+R9        48777.021    313 98180.043    294744.043   99266.864
 65  JTT+R10       48776.829    315 98183.657    297263.657   99277.423
 66  JTT+F         52799.360    316 106230.721   306574.721   107327.958
 67  JTT+F+I       52543.837    317 105721.673   307333.673   106822.383
 68  JTT+F+G4      48948.628    317 98531.256    300143.256   99631.966
 69  JTT+F+I+G4    48940.035    318 98516.070    301400.070   99620.252
 70  JTT+F+R2      49682.802    318 100001.603   302885.603   101105.785
 71  JTT+F+R3      49087.255    320 98814.510    304254.510   99925.637
 72  JTT+F+R4      48925.840    322 98495.681    306507.681   99613.752
 73  JTT+F+R5      48843.789    324 98335.578    308935.578   99460.594
 74  JTT+F+R6      48818.738    326 98289.477    311493.477   99421.437
 75  JTT+F+R7      48800.803    328 98257.605    314081.605   99396.510
 76  JTT+F+R8      48793.505    330 98247.009    316707.009   99392.859
 77  JTT+F+R9      48786.856    332 98237.712    319349.712   99390.506
 78  JTT+F+R10     48787.359    334 98242.717    322022.717   99402.456
WARNING: Normalizing state frequencies so that sum of them equals to 1
 79  Q.pfam        52128.781    297 104851.561   281863.561   105882.826
WARNING: Normalizing state frequencies so that sum of them equals to 1
 80  Q.pfam+I      51922.147    298 104440.294   282644.294   105475.030
WARNING: Normalizing state frequencies so that sum of them equals to 1
 81  Q.pfam+G4     48159.541    298 96915.082    275119.082   97949.818
WARNING: Normalizing state frequencies so that sum of them equals to 1
 82  Q.pfam+I+G4   48154.440    299 96906.881    276306.881   97945.090
WARNING: Normalizing state frequencies so that sum of them equals to 1
 83  Q.pfam+R2     48836.239    299 98270.478    277670.478   99308.687
WARNING: Normalizing state frequencies so that sum of them equals to 1
 84  Q.pfam+R3     48286.972    301 97175.944    278979.944   98221.097
WARNING: Normalizing state frequencies so that sum of them equals to 1
 85  Q.pfam+R4     48142.843    303 96891.686    281115.686   97943.784
WARNING: Normalizing state frequencies so that sum of them equals to 1
 86  Q.pfam+R5     48038.300    305 96686.601    283346.601   97745.643
WARNING: Normalizing state frequencies so that sum of them equals to 1
 87  Q.pfam+R6     48004.569    307 96623.137    285735.137   97689.124
WARNING: Normalizing state frequencies so that sum of them equals to 1
 88  Q.pfam+R7     47993.081    309 96604.161    288184.161   97677.093
WARNING: Normalizing state frequencies so that sum of them equals to 1
 89  Q.pfam+R8     47981.897    311 96585.793    290649.793   97665.670
WARNING: Normalizing state frequencies so that sum of them equals to 1
 90  Q.pfam+R9     47978.381    313 96582.762    293146.762   97669.583
WARNING: Normalizing state frequencies so that sum of them equals to 1
 92  Q.pfam+F      52125.920    316 104883.840   305227.840   105981.078
WARNING: Normalizing state frequencies so that sum of them equals to 1
 93  Q.pfam+F+I    51911.648    317 104457.295   306069.295   105558.005
WARNING: Normalizing state frequencies so that sum of them equals to 1
 94  Q.pfam+F+G4   48197.529    317 97029.058    298641.058   98129.768
WARNING: Normalizing state frequencies so that sum of them equals to 1
 95  Q.pfam+F+I+G4 48192.186    318 97020.372    299904.372   98124.554
WARNING: Normalizing state frequencies so that sum of them equals to 1
 96  Q.pfam+F+R2   48873.389    318 98382.777    301266.777   99486.959
WARNING: Normalizing state frequencies so that sum of them equals to 1
 97  Q.pfam+F+R3   48317.877    320 97275.755    302715.755   98386.881
WARNING: Normalizing state frequencies so that sum of them equals to 1
 98  Q.pfam+F+R4   48174.743    322 96993.485    305005.485   98111.556
WARNING: Normalizing state frequencies so that sum of them equals to 1
 99  Q.pfam+F+R5   48077.805    324 96803.611    307403.611   97928.627
WARNING: Normalizing state frequencies so that sum of them equals to 1
100  Q.pfam+F+R6   48042.591    326 96737.182    309941.182   97869.142
WARNING: Normalizing state frequencies so that sum of them equals to 1
101  Q.pfam+F+R7   48031.391    328 96718.781    312542.781   97857.686
WARNING: Normalizing state frequencies so that sum of them equals to 1
102  Q.pfam+F+R8   48021.959    330 96703.918    315163.918   97849.767
WARNING: Normalizing state frequencies so that sum of them equals to 1
103  Q.pfam+F+R9   48019.805    332 96703.611    317815.611   97856.404
WARNING: Normalizing state frequencies so that sum of them equals to 1
105  Q.bird        55151.556    297 110897.112   287909.112   111928.377
WARNING: Normalizing state frequencies so that sum of them equals to 1
106  Q.bird+I      54822.448    298 110240.896   288444.896   111275.633
WARNING: Normalizing state frequencies so that sum of them equals to 1
107  Q.bird+G4     50131.473    298 100858.946   279062.946   101893.683
WARNING: Normalizing state frequencies so that sum of them equals to 1
108  Q.bird+I+G4   50118.066    299 100834.133   280234.133   101872.342
WARNING: Normalizing state frequencies so that sum of them equals to 1
109  Q.bird+R2     51101.882    299 102801.765   282201.765   103839.974
WARNING: Normalizing state frequencies so that sum of them equals to 1
110  Q.bird+R3     50351.980    301 101305.959   283109.959   102351.113
WARNING: Normalizing state frequencies so that sum of them equals to 1
111  Q.bird+R4     50096.053    303 100798.106   285022.106   101850.204
WARNING: Normalizing state frequencies so that sum of them equals to 1
112  Q.bird+R5     49981.371    305 100572.742   287232.742   101631.785
WARNING: Normalizing state frequencies so that sum of them equals to 1
113  Q.bird+R6     49941.734    307 100497.467   289609.467   101563.454
WARNING: Normalizing state frequencies so that sum of them equals to 1
114  Q.bird+R7     49920.488    309 100458.975   292038.975   101531.907
WARNING: Normalizing state frequencies so that sum of them equals to 1
115  Q.bird+R8     49904.011    311 100430.022   294494.022   101509.899
WARNING: Normalizing state frequencies so that sum of them equals to 1
116  Q.bird+R9     49900.002    313 100426.003   296990.003   101512.824
WARNING: Normalizing state frequencies so that sum of them equals to 1
118  Q.bird+F      55089.998    316 110811.996   311155.996   111909.234
WARNING: Normalizing state frequencies so that sum of them equals to 1
119  Q.bird+F+I    54780.987    317 110195.975   311807.975   111296.685
WARNING: Normalizing state frequencies so that sum of them equals to 1
120  Q.bird+F+G4   50132.724    317 100899.449   302511.449   102000.159
WARNING: Normalizing state frequencies so that sum of them equals to 1
121  Q.bird+F+I+G4 50116.019    318 100868.038   303752.038   101972.220
WARNING: Normalizing state frequencies so that sum of them equals to 1
122  Q.bird+F+R2   51077.145    318 102790.290   305674.290   103894.472
WARNING: Normalizing state frequencies so that sum of them equals to 1
123  Q.bird+F+R3   50350.133    320 101340.265   306780.265   102451.392
WARNING: Normalizing state frequencies so that sum of them equals to 1
124  Q.bird+F+R4   50095.816    322 100835.632   308847.632   101953.703
WARNING: Normalizing state frequencies so that sum of them equals to 1
125  Q.bird+F+R5   49981.464    324 100610.928   311210.928   101735.944
WARNING: Normalizing state frequencies so that sum of them equals to 1
126  Q.bird+F+R6   49944.082    326 100540.163   313744.163   101672.124
WARNING: Normalizing state frequencies so that sum of them equals to 1
127  Q.bird+F+R7   49925.508    328 100507.016   316331.016   101645.921
WARNING: Normalizing state frequencies so that sum of them equals to 1
128  Q.bird+F+R8   49912.861    330 100485.723   318945.723   101631.572
WARNING: Normalizing state frequencies so that sum of them equals to 1
129  Q.bird+F+R9   49909.858    332 100483.715   321595.715   101636.509
WARNING: Normalizing state frequencies so that sum of them equals to 1
131  Q.mammal      54416.355    297 109426.710   286438.710   110457.974
WARNING: Normalizing state frequencies so that sum of them equals to 1
132  Q.mammal+I    54083.738    298 108763.476   286967.476   109798.213
WARNING: Normalizing state frequencies so that sum of them equals to 1
133  Q.mammal+G4   49720.920    298 100037.839   278241.839   101072.576
WARNING: Normalizing state frequencies so that sum of them equals to 1
134  Q.mammal+I+G4 49708.230    299 100014.460   279414.460   101052.669
WARNING: Normalizing state frequencies so that sum of them equals to 1
135  Q.mammal+R2   50657.270    299 101912.540   281312.540   102950.748
WARNING: Normalizing state frequencies so that sum of them equals to 1
136  Q.mammal+R3   49910.985    301 100423.970   282227.970   101469.124
WARNING: Normalizing state frequencies so that sum of them equals to 1
137  Q.mammal+R4   49694.032    303 99994.064    284218.064   101046.162
WARNING: Normalizing state frequencies so that sum of them equals to 1
138  Q.mammal+R5   49578.585    305 99767.169    286427.169   100826.212
WARNING: Normalizing state frequencies so that sum of them equals to 1
139  Q.mammal+R6   49538.444    307 99690.887    288802.887   100756.874
WARNING: Normalizing state frequencies so that sum of them equals to 1
140  Q.mammal+R7   49523.098    309 99664.197    291244.197   100737.129
WARNING: Normalizing state frequencies so that sum of them equals to 1
141  Q.mammal+R8   49514.323    311 99650.646    293714.646   100730.522
WARNING: Normalizing state frequencies so that sum of them equals to 1
142  Q.mammal+R9   49505.669    313 99637.337    296201.337   100724.158
WARNING: Normalizing state frequencies so that sum of them equals to 1
143  Q.mammal+R10  49504.679    315 99639.358    298719.358   100733.123
WARNING: Normalizing state frequencies so that sum of them equals to 1
144  Q.mammal+F    54357.721    316 109347.442   309691.442   110444.679
WARNING: Normalizing state frequencies so that sum of them equals to 1
145  Q.mammal+F+I  54047.467    317 108728.934   310340.934   109829.644
WARNING: Normalizing state frequencies so that sum of them equals to 1
146  Q.mammal+F+G4 49721.302    317 100076.605   301688.605   101177.314
WARNING: Normalizing state frequencies so that sum of them equals to 1
147  Q.mammal+F+I+G4 49686.411    318 100008.822   302892.822   101113.004
WARNING: Normalizing state frequencies so that sum of them equals to 1
148  Q.mammal+F+R2 50595.671    318 101827.341   304711.341   102931.523
WARNING: Normalizing state frequencies so that sum of them equals to 1
149  Q.mammal+F+R3 49886.751    320 100413.502   305853.502   101524.628
WARNING: Normalizing state frequencies so that sum of them equals to 1
150  Q.mammal+F+R4 49665.391    322 99974.782    307986.782   101092.853
WARNING: Normalizing state frequencies so that sum of them equals to 1
151  Q.mammal+F+R5 49556.084    324 99760.169    310360.169   100885.184
WARNING: Normalizing state frequencies so that sum of them equals to 1
152  Q.mammal+F+R6 49529.599    326 99711.198    312915.198   100843.158
WARNING: Normalizing state frequencies so that sum of them equals to 1
153  Q.mammal+F+R7 49508.102    328 99672.205    315496.205   100811.110
WARNING: Normalizing state frequencies so that sum of them equals to 1
154  Q.mammal+F+R8 49501.736    330 99663.472    318123.472   100809.321
WARNING: Normalizing state frequencies so that sum of them equals to 1
155  Q.mammal+F+R9 49492.361    332 99648.722    320760.722   100801.516
WARNING: Normalizing state frequencies so that sum of them equals to 1
156  Q.mammal+F+R10 49491.175    334 99650.350    323430.350   100810.089
157  Q.insect      52823.476    297 106240.951   283252.951   107272.216
158  Q.insect+I    52537.563    298 105671.126   283875.126   106705.863
159  Q.insect+G4   48465.887    298 97527.774    275731.774   98562.511
160  Q.insect+I+G4 48471.279    299 97540.559    276940.559   98578.768
161  Q.insect+R2   49316.453    299 99230.905    278630.905   100269.114
162  Q.insect+R3   48628.280    301 97858.561    279662.561   98903.714
163  Q.insect+R4   48460.677    303 97527.354    281751.354   98579.452
164  Q.insect+R5   48348.138    305 97306.275    283966.275   98365.318
165  Q.insect+R6   48310.422    307 97234.843    286346.843   98300.830
166  Q.insect+R7   48296.791    309 97211.582    288791.582   98284.514
167  Q.insect+R8   48289.437    311 97200.874    291264.874   98280.750
168  Q.insect+R9   48280.996    313 97187.992    293751.992   98274.813
169  Q.insect+R10  48279.729    315 97189.458    296269.458   98283.223
170  Q.insect+F    52920.970    316 106473.939   306817.939   107571.177
171  Q.insect+F+I  52621.908    317 105877.815   307489.815   106978.525
172  Q.insect+F+G4 48706.503    317 98047.007    299659.007   99147.717
173  Q.insect+F+I+G4 48698.116    318 98032.232    300916.232   99136.414
174  Q.insect+F+R2 49530.610    318 99697.220    302581.220   100801.402
175  Q.insect+F+R3 48860.543    320 98361.086    303801.086   99472.213
176  Q.insect+F+R4 48696.798    322 98037.595    306049.595   99155.666
177  Q.insect+F+R5 48582.975    324 97813.951    308413.951   98938.966
178  Q.insect+F+R6 48550.342    326 97752.685    310956.685   98884.645
179  Q.insect+F+R7 48533.356    328 97722.711    313546.711   98861.616
180  Q.insect+F+R8 48527.900    330 97715.799    316175.799   98861.649
WARNING: Normalizing state frequencies so that sum of them equals to 1
183  Q.plant       53865.917    297 108325.835   285337.835   109357.099
WARNING: Normalizing state frequencies so that sum of them equals to 1
184  Q.plant+I     53616.889    298 107829.778   286033.778   108864.514
WARNING: Normalizing state frequencies so that sum of them equals to 1
185  Q.plant+G4    49200.216    298 98996.433    277200.433   100031.169
WARNING: Normalizing state frequencies so that sum of them equals to 1
186  Q.plant+I+G4  49198.652    299 98995.303    278395.303   100033.512
WARNING: Normalizing state frequencies so that sum of them equals to 1
187  Q.plant+R2    50072.364    299 100742.728   280142.728   101780.937
WARNING: Normalizing state frequencies so that sum of them equals to 1
188  Q.plant+R3    49402.331    301 99406.662    281210.662   100451.815
WARNING: Normalizing state frequencies so that sum of them equals to 1
189  Q.plant+R4    49181.443    303 98968.886    283192.886   100020.984
WARNING: Normalizing state frequencies so that sum of them equals to 1
190  Q.plant+R5    49061.197    305 98732.394    285392.394   99791.437
WARNING: Normalizing state frequencies so that sum of them equals to 1
191  Q.plant+R6    49025.340    307 98664.679    287776.679   99730.666
WARNING: Normalizing state frequencies so that sum of them equals to 1
192  Q.plant+R7    49008.926    309 98635.853    290215.853   99708.785
WARNING: Normalizing state frequencies so that sum of them equals to 1
193  Q.plant+R8    48988.806    311 98599.612    292663.612   99679.488
WARNING: Normalizing state frequencies so that sum of them equals to 1
194  Q.plant+R9    48983.648    313 98593.297    295157.297   99680.117
WARNING: Normalizing state frequencies so that sum of them equals to 1
196  Q.plant+F     53726.737    316 108085.474   308429.474   109182.711
WARNING: Normalizing state frequencies so that sum of them equals to 1
197  Q.plant+F+I   53475.865    317 107585.731   309197.731   108686.441
WARNING: Normalizing state frequencies so that sum of them equals to 1
198  Q.plant+F+G4  49224.019    317 99082.037    300694.037   100182.747
WARNING: Normalizing state frequencies so that sum of them equals to 1
199  Q.plant+F+I+G4 49203.667    318 99043.335    301927.335   100147.517
WARNING: Normalizing state frequencies so that sum of them equals to 1
200  Q.plant+F+R2  50045.789    318 100727.577   303611.577   101831.759
WARNING: Normalizing state frequencies so that sum of them equals to 1
201  Q.plant+F+R3  49376.312    320 99392.623    304832.623   100503.750
WARNING: Normalizing state frequencies so that sum of them equals to 1
202  Q.plant+F+R4  49175.191    322 98994.381    307006.381   100112.453
WARNING: Normalizing state frequencies so that sum of them equals to 1
203  Q.plant+F+R5  49063.893    324 98775.786    309375.786   99900.801
WARNING: Normalizing state frequencies so that sum of them equals to 1
204  Q.plant+F+R6  49026.126    326 98704.252    311908.252   99836.212
WARNING: Normalizing state frequencies so that sum of them equals to 1
205  Q.plant+F+R7  49010.424    328 98676.847    314500.847   99815.752
WARNING: Normalizing state frequencies so that sum of them equals to 1
206  Q.plant+F+R8  48996.305    330 98652.610    317112.610   99798.459
WARNING: Normalizing state frequencies so that sum of them equals to 1
207  Q.plant+F+R9  48989.910    332 98643.819    319755.819   99796.613
WARNING: Normalizing state frequencies so that sum of them equals to 1
208  Q.plant+F+R10 48988.899    334 98645.797    322425.797   99805.536
WARNING: Normalizing state frequencies so that sum of them equals to 1
209  Q.yeast       52512.386    297 105618.772   282630.772   106650.037
WARNING: Normalizing state frequencies so that sum of them equals to 1
210  Q.yeast+I     52261.430    298 105118.859   283322.859   106153.596
WARNING: Normalizing state frequencies so that sum of them equals to 1
211  Q.yeast+G4    48315.972    298 97227.944    275431.944   98262.681
WARNING: Normalizing state frequencies so that sum of them equals to 1
212  Q.yeast+I+G4  48310.919    299 97219.838    276619.838   98258.047
WARNING: Normalizing state frequencies so that sum of them equals to 1
213  Q.yeast+R2    49098.824    299 98795.649    278195.649   99833.858
WARNING: Normalizing state frequencies so that sum of them equals to 1
214  Q.yeast+R3    48470.414    301 97542.827    279346.827   98587.981
WARNING: Normalizing state frequencies so that sum of them equals to 1
215  Q.yeast+R4    48296.568    303 97199.137    281423.137   98251.235
WARNING: Normalizing state frequencies so that sum of them equals to 1
216  Q.yeast+R5    48185.170    305 96980.341    283640.341   98039.383
WARNING: Normalizing state frequencies so that sum of them equals to 1
217  Q.yeast+R6    48152.382    307 96918.764    286030.764   97984.751
WARNING: Normalizing state frequencies so that sum of them equals to 1
218  Q.yeast+R7    48140.437    309 96898.874    288478.874   97971.806
WARNING: Normalizing state frequencies so that sum of them equals to 1
219  Q.yeast+R8    48128.596    311 96879.193    290943.193   97959.069
WARNING: Normalizing state frequencies so that sum of them equals to 1
220  Q.yeast+R9    48123.549    313 96873.098    293437.098   97959.919
WARNING: Normalizing state frequencies so that sum of them equals to 1
222  Q.yeast+F     52468.405    316 105568.809   305912.809   106666.047
WARNING: Normalizing state frequencies so that sum of them equals to 1
223  Q.yeast+F+I   52207.798    317 105049.596   306661.596   106150.305
WARNING: Normalizing state frequencies so that sum of them equals to 1
224  Q.yeast+F+G4  48474.377    317 97582.754    299194.754   98683.464
WARNING: Normalizing state frequencies so that sum of them equals to 1
225  Q.yeast+F+I+G4 48441.883    318 97519.766    300403.766   98623.949
WARNING: Normalizing state frequencies so that sum of them equals to 1
226  Q.yeast+F+R2  49167.678    318 98971.357    301855.357   100075.539
WARNING: Normalizing state frequencies so that sum of them equals to 1
227  Q.yeast+F+R3  48553.041    320 97746.083    303186.083   98857.209
WARNING: Normalizing state frequencies so that sum of them equals to 1
228  Q.yeast+F+R4  48392.025    322 97428.050    305440.050   98546.121
WARNING: Normalizing state frequencies so that sum of them equals to 1
229  Q.yeast+F+R5  48282.297    324 97212.595    307812.595   98337.611
WARNING: Normalizing state frequencies so that sum of them equals to 1
230  Q.yeast+F+R6  48251.441    326 97154.881    310358.881   98286.842
WARNING: Normalizing state frequencies so that sum of them equals to 1
231  Q.yeast+F+R7  48237.806    328 97131.612    312955.612   98270.517
WARNING: Normalizing state frequencies so that sum of them equals to 1
232  Q.yeast+F+R8  48228.276    330 97116.552    315576.552   98262.402
WARNING: Normalizing state frequencies so that sum of them equals to 1
233  Q.yeast+F+R9  48224.326    332 97112.653    318224.653   98265.447
235  JTTDCMut      52816.310    297 106226.619   283238.619   107257.884
236  JTTDCMut+I    52571.003    298 105738.005   283942.005   106772.742
237  JTTDCMut+G4   48928.991    298 98453.983    276657.983   99488.719
238  JTTDCMut+I+G4 48919.773    299 98437.546    277837.546   99475.755
239  JTTDCMut+R2   49646.396    299 99890.793    279290.793   100929.002
240  JTTDCMut+R3   49071.287    301 98744.573    280548.573   99789.727
241  JTTDCMut+R4   48900.676    303 98407.352    282631.352   99459.450
242  JTTDCMut+R5   48828.060    305 98266.121    284926.121   99325.163
243  JTTDCMut+R6   48797.866    307 98209.733    287321.733   99275.720
244  JTTDCMut+R7   48780.506    309 98179.012    289759.012   99251.943
245  JTTDCMut+R8   48771.550    311 98165.100    292229.100   99244.976
246  JTTDCMut+R9   48765.995    313 98157.991    294721.991   99244.811
247  JTTDCMut+R10  48765.928    315 98161.855    297241.855   99255.621
248  JTTDCMut+F    52778.639    316 106189.278   306533.278   107286.516
249  JTTDCMut+F+I  52527.438    317 105688.875   307300.875   106789.585
250  JTTDCMut+F+G4 48937.041    317 98508.082    300120.082   99608.792
251  JTTDCMut+F+I+G4 48928.479    318 98492.958    301376.958   99597.140
252  JTTDCMut+F+R2 49664.671    318 99965.343    302849.343   101069.525
253  JTTDCMut+F+R3 49075.664    320 98791.328    304231.328   99902.455
254  JTTDCMut+F+R4 48912.758    322 98469.516    306481.516   99587.587
255  JTTDCMut+F+R5 48832.585    324 98313.171    308913.171   99438.187
256  JTTDCMut+F+R6 48807.281    326 98266.563    311470.563   99398.523
257  JTTDCMut+F+R7 48789.169    328 98234.339    314058.339   99373.244
258  JTTDCMut+F+R8 48781.958    330 98223.916    316683.916   99369.765
259  JTTDCMut+F+R9 48775.738    332 98215.476    319327.476   99368.269
260  JTTDCMut+F+R10 48775.939    334 98219.879    321999.879   99379.617
261  DCMut         52823.327    297 106240.654   283252.654   107271.918
262  DCMut+I       52579.652    298 105755.304   283959.304   106790.041
263  DCMut+G4      49108.433    298 98812.866    277016.866   99847.602
264  DCMut+I+G4    49215.277    299 99028.553    278428.553   100066.762
265  DCMut+R2      49801.785    299 100201.569   279601.569   101239.778
266  DCMut+R3      49239.748    301 99081.496    280885.496   100126.649
267  DCMut+R4      49085.777    303 98777.554    283001.554   99829.652
268  DCMut+R5      49005.570    305 98621.139    285281.139   99680.182
269  DCMut+R6      48964.486    307 98542.971    287654.971   99608.958
270  DCMut+R7      48945.492    309 98508.984    290088.984   99581.916
271  DCMut+R8      48937.870    311 98497.740    292561.740   99577.616
272  DCMut+R9      48934.548    313 98495.097    295059.097   99581.917
274  DCMut+F       52813.716    316 106259.431   306603.431   107356.669
275  DCMut+F+I     52575.448    317 105784.896   307396.896   106885.606
276  DCMut+F+G4    49075.849    317 98785.697    300397.697   99886.407
277  DCMut+F+I+G4  49069.568    318 98775.135    301659.135   99879.318
278  DCMut+F+R2    49758.169    318 100152.338   303036.338   101256.520
279  DCMut+F+R3    49206.165    320 99052.329    304492.329   100163.456
280  DCMut+F+R4    49051.784    322 98747.568    306759.568   99865.639
281  DCMut+F+R5    48977.443    324 98602.886    309202.886   99727.901
282  DCMut+F+R6    48944.656    326 98541.312    311745.312   99673.272
283  DCMut+F+R7    48928.461    328 98512.923    314336.923   99651.828
284  DCMut+F+R8    48917.939    330 98495.879    316955.879   99641.728
285  DCMut+F+R9    48915.427    332 98494.854    319606.854   99647.648
287  VT            51770.545    297 104135.091   281147.091   105166.355
288  VT+I          51551.307    298 103698.615   281902.615   104733.351
289  VT+G4         48467.921    298 97531.841    275735.841   98566.578
290  VT+I+G4       48441.580    299 97481.160    276881.160   98519.369
291  VT+R2         48940.478    299 98478.955    277878.955   99517.164
292  VT+R3         48448.929    301 97499.858    279303.858   98545.012
293  VT+R4         48299.527    303 97205.055    281429.055   98257.153
294  VT+R5         48246.013    305 97102.026    283762.026   98161.068
295  VT+R6         48221.568    307 97057.135    286169.135   98123.122
296  VT+R7         48208.017    309 97034.033    288614.033   98106.965
297  VT+R8         48202.071    311 97026.142    291090.142   98106.018
298  VT+R9         48197.088    313 97020.176    293584.176   98106.996
300  VT+F          51807.504    316 104247.009   304591.009   105344.246
301  VT+F+I        51581.407    317 103796.814   305408.814   104897.524
302  VT+F+G4       48562.990    317 97759.981    299371.981   98860.690
303  VT+F+I+G4     48536.546    318 97709.092    300593.092   98813.274
304  VT+F+R2       49035.472    318 98706.943    301590.943   99811.125
305  VT+F+R3       48541.428    320 97722.855    303162.855   98833.982
306  VT+F+R4       48394.368    322 97432.737    305444.737   98550.808
307  VT+F+R5       48336.765    324 97321.529    307921.529   98446.545
308  VT+F+R6       48316.544    326 97285.087    310489.087   98417.048
309  VT+F+R7       48301.627    328 97259.254    313083.254   98398.159
310  VT+F+R8       48297.230    330 97254.460    315714.460   98400.310
313  PMB           52082.673    297 104759.346   281771.346   105790.610
314  PMB+I         51875.559    298 104347.119   282551.119   105381.855
315  PMB+G4        48762.055    298 98120.111    276324.111   99154.847
316  PMB+I+G4      48739.561    299 98077.123    277477.123   99115.332
317  PMB+R2        49246.943    299 99091.885    278491.885   100130.094
318  PMB+R3        48738.474    301 98078.948    279882.948   99124.102
319  PMB+R4        48603.774    303 97813.549    282037.549   98865.647
320  PMB+R5        48539.672    305 97689.344    284349.344   98748.387
321  PMB+R6        48517.918    307 97649.836    286761.836   98715.824
322  PMB+R7        48506.953    309 97631.906    289211.906   98704.838
323  PMB+R8        48504.125    311 97630.250    291694.250   98710.126
326  PMB+F         51985.162    316 104602.325   304946.325   105699.563
327  PMB+F+I       51767.915    317 104169.831   305781.831   105270.541
328  PMB+F+G4      48732.984    317 98099.969    299711.969   99200.678
329  PMB+F+I+G4    48707.654    318 98051.308    300935.308   99155.490
330  PMB+F+R2      49211.434    318 99058.868    301942.868   100163.050
331  PMB+F+R3      48706.694    320 98053.387    303493.387   99164.514
332  PMB+F+R4      48567.173    322 97778.345    305790.345   98896.417
333  PMB+F+R5      48502.572    324 97653.143    308253.143   98778.159
334  PMB+F+R6      48482.542    326 97617.083    310821.083   98749.043
335  PMB+F+R7      48471.761    328 97599.522    313423.522   98738.427
336  PMB+F+R8      48469.440    330 97598.879    316058.879   98744.728
339  Blosum62      51929.289    297 104452.577   281464.577   105483.842
340  Blosum62+I    51721.040    298 104038.080   282242.080   105072.817
341  Blosum62+G4   48624.416    298 97844.833    276048.833   98879.569
342  Blosum62+I+G4 48612.357    299 97822.714    277222.714   98860.923
343  Blosum62+R2   49102.739    299 98803.477    278203.477   99841.686
344  Blosum62+R3   48610.457    301 97822.913    279626.913   98868.067
345  Blosum62+R4   48481.830    303 97569.660    281793.660   98621.758
346  Blosum62+R5   48413.405    305 97436.810    284096.810   98495.853
347  Blosum62+R6   48384.930    307 97383.861    286495.861   98449.848
348  Blosum62+R7   48373.675    309 97365.350    288945.350   98438.282
349  Blosum62+R8   48370.040    311 97362.080    291426.080   98441.956
352  Blosum62+F    51805.262    316 104242.523   304586.523   105339.761
353  Blosum62+F+I  51583.417    317 103800.834   305412.834   104901.544
354  Blosum62+F+G4 48624.492    317 97882.984    299494.984   98983.694
355  Blosum62+F+I+G4 48591.062    318 97818.123    300702.123   98922.306
356  Blosum62+F+R2 49073.951    318 98783.902    301667.902   99888.084
357  Blosum62+F+R3 48598.483    320 97836.967    303276.967   98948.093
358  Blosum62+F+R4 48463.830    322 97571.659    305583.659   98689.730
359  Blosum62+F+R5 48399.540    324 97447.079    308047.079   98572.095
360  Blosum62+F+R6 48371.674    326 97395.348    310599.348   98527.308
361  Blosum62+F+R7 48359.656    328 97375.311    313199.311   98514.216
362  Blosum62+F+R8 48356.035    330 97372.070    315832.070   98517.919
365  Dayhoff       52828.556    297 106251.113   283263.113   107282.377
366  Dayhoff+I     52585.296    298 105766.592   283970.592   106801.329
367  Dayhoff+G4    49109.273    298 98814.547    277018.547   99849.284
368  Dayhoff+I+G4  49104.293    299 98806.586    278206.586   99844.795
369  Dayhoff+R2    49803.202    299 100204.404   279604.404   101242.613
370  Dayhoff+R3    49241.237    301 99084.475    280888.475   100129.628
371  Dayhoff+R4    49086.394    303 98778.788    283002.788   99830.886
372  Dayhoff+R5    49006.386    305 98622.771    285282.771   99681.814
373  Dayhoff+R6    48965.019    307 98544.038    287656.038   99610.025
374  Dayhoff+R7    48945.910    309 98509.821    290089.821   99582.752
375  Dayhoff+R8    48938.069    311 98498.138    292562.138   99578.014
376  Dayhoff+R9    48934.888    313 98495.776    295059.776   99582.597
378  Dayhoff+F     52817.876    316 106267.753   306611.753   107364.990
379  Dayhoff+F+I   52580.033    317 105794.067   307406.067   106894.776
380  Dayhoff+F+G4  49075.868    317 98785.737    300397.737   99886.447
381  Dayhoff+F+I+G4 49069.688    318 98775.375    301659.375   99879.557
382  Dayhoff+F+R2  49758.686    318 100153.372   303037.372   101257.554
383  Dayhoff+F+R3  49206.695    320 99053.390    304493.390   100164.516
384  Dayhoff+F+R4  49052.046    322 98748.091    306760.091   99866.163
385  Dayhoff+F+R5  48977.473    324 98602.946    309202.946   99727.961
386  Dayhoff+F+R6  48944.341    326 98540.683    311744.683   99672.643
387  Dayhoff+F+R7  48927.963    328 98511.927    314335.927   99650.831
388  Dayhoff+F+R8  48917.491    330 98494.982    316954.982   99640.831
389  Dayhoff+F+R9  48914.981    332 98493.962    319605.962   99646.756
391  mtREV         56647.658    297 113889.315   290901.315   114920.580
392  mtREV+I       56477.254    298 113550.508   291754.508   114585.244
393  mtREV+G4      51445.253    298 103486.506   281690.506   104521.243
394  mtREV+I+G4    51436.160    299 103470.321   282870.321   104508.530
395  mtREV+R2      52217.891    299 105033.783   284433.783   106071.992
396  mtREV+R3      51673.316    301 103948.632   285752.632   104993.786
397  mtREV+R4      51377.995    303 103361.990   287585.990   104414.088
398  mtREV+R5      51281.424    305 103172.847   289832.847   104231.890
399  mtREV+R6      51247.727    307 103109.454   292221.454   104175.441
400  mtREV+R7      51231.692    309 103081.383   294661.383   104154.315
401  mtREV+R8      51222.046    311 103066.093   297130.093   104145.969
402  mtREV+R9      51217.112    313 103060.224   299624.224   104147.045
404  mtREV+F       53836.817    316 108305.634   308649.634   109402.872
405  mtREV+F+I     53654.888    317 107943.776   309555.776   109044.486
406  mtREV+F+G4    49609.993    317 99853.986    301465.986   100954.696
407  mtREV+F+I+G4  49603.383    318 99842.766    302726.766   100946.948
408  mtREV+F+R2    50350.716    318 101337.432   304221.432   102441.614
409  mtREV+F+R3    49785.292    320 100210.585   305650.585   101321.711
410  mtREV+F+R4    49555.124    322 99754.247    307766.247   100872.318
411  mtREV+F+R5    49469.340    324 99586.681    310186.681   100711.696
412  mtREV+F+R6    49447.845    326 99547.690    312751.690   100679.650
413  mtREV+F+R7    49415.932    328 99487.863    315311.863   100626.768
414  mtREV+F+R8    49401.109    330 99462.217    317922.217   100608.067
415  mtREV+F+R9    49400.997    332 99465.995    320577.995   100618.789
417  mtART         59323.057    297 119240.114   296252.114   120271.379
418  mtART+I       59107.581    298 118811.161   297015.161   119845.898
419  mtART+G4      52192.685    298 104981.370   283185.370   106016.107
420  mtART+I+G4    52186.221    299 104970.442   284370.442   106008.651
421  mtART+R2      53174.736    299 106947.472   286347.472   107985.681
422  mtART+R3      52686.476    301 105974.952   287778.952   107020.105
423  mtART+R4      52193.936    303 104993.873   289217.873   106045.971
424  mtART+R5      52086.511    305 104783.021   291443.021   105842.064
425  mtART+R6      52004.856    307 104623.712   293735.712   105689.700
426  mtART+R7      51973.154    309 104564.307   296144.307   105637.239
427  mtART+R8      51965.381    311 104552.763   298616.763   105632.639
428  mtART+R9      51955.460    313 104536.920   301100.920   105623.740
429  mtART+R10     51955.133    315 104540.266   303620.266   105634.031
430  mtART+F       55403.852    316 111439.704   311783.704   112536.942
431  mtART+F+I     55202.322    317 111038.645   312650.645   112139.355
432  mtART+F+G4    49804.320    317 100242.641   301854.641   101343.350
433  mtART+F+I+G4  49796.523    318 100229.045   303113.045   101333.227
434  mtART+F+R2    50715.955    318 102067.909   304951.909   103172.091
435  mtART+F+R3    50171.737    320 100983.474   306423.474   102094.601
436  mtART+F+R4    49778.124    322 100200.248   308212.248   101318.319
437  mtART+F+R5    49692.628    324 100033.256   310633.256   101158.272
438  mtART+F+R6    49632.201    326 99916.402    313120.402   101048.363
439  mtART+F+R7    49605.478    328 99866.956    315690.956   101005.861
440  mtART+F+R8    49597.419    330 99854.838    318314.838   101000.687
441  mtART+F+R9    49591.735    332 99847.471    320959.471   101000.265
442  mtART+F+R10   49590.306    334 99848.613    323628.613   101008.351
443  mtZOA         57185.011    297 114964.022   291976.022   115995.287
444  mtZOA+I       56979.981    298 114555.962   292759.962   115590.699
445  mtZOA+G4      50885.256    298 102366.512   280570.512   103401.249
446  mtZOA+I+G4    50877.270    299 102352.540   281752.540   103390.749
447  mtZOA+R2      51770.279    299 104138.557   283538.557   105176.766
448  mtZOA+R3      51238.350    301 103078.700   284882.700   104123.854
449  mtZOA+R4      50860.224    303 102326.449   286550.449   103378.547
450  mtZOA+R5      50756.869    305 102123.737   288783.737   103182.780
451  mtZOA+R6      50708.491    307 102030.981   291142.981   103096.968
452  mtZOA+R7      50681.851    309 101981.701   293561.701   103054.633
453  mtZOA+R8      50673.338    311 101968.675   296032.675   103048.552
454  mtZOA+R9      50665.035    313 101956.071   298520.071   103042.892
455  mtZOA+R10     50664.086    315 101958.172   301038.172   103051.938
456  mtZOA+F       54209.006    316 109050.012   309394.012   110147.249
457  mtZOA+F+I     54011.570    317 108657.140   310269.140   109757.850
458  mtZOA+F+G4    49320.857    317 99275.713    300887.713   100376.423
459  mtZOA+F+I+G4  49308.326    318 99252.652    302136.652   100356.834
460  mtZOA+F+R2    50104.312    318 100844.624   303728.624   101948.807
461  mtZOA+F+R3    49543.583    320 99727.165    305167.165   100838.292
462  mtZOA+F+R4    49270.455    322 99184.911    307196.911   100302.982
463  mtZOA+F+R5    49167.659    324 98983.318    309583.318   100108.334
464  mtZOA+F+R6    49125.289    326 98902.578    312106.578   100034.538
465  mtZOA+F+R7    49100.678    328 98857.356    314681.356   99996.261
466  mtZOA+F+R8    49085.951    330 98831.902    317291.902   99977.752
467  mtZOA+F+R9    49083.902    332 98831.805    319943.805   99984.599
469  mtMet         57600.589    297 115795.177   292807.177   116826.442
470  mtMet+I       57380.580    298 115357.160   293561.160   116391.897
471  mtMet+G4      51672.153    298 103940.307   282144.307   104975.043
472  mtMet+I+G4    51662.628    299 103923.255   283323.255   104961.464
473  mtMet+R2      52534.761    299 105667.521   285067.521   106705.730
474  mtMet+R3      51955.173    301 104512.346   286316.346   105557.499
475  mtMet+R4      51630.789    303 103867.578   288091.578   104919.676
476  mtMet+R5      51535.192    305 103680.384   290340.384   104739.426
477  mtMet+R6      51491.481    307 103596.962   292708.962   104662.949
478  mtMet+R7      51466.909    309 103551.819   295131.819   104624.750
479  mtMet+R8      51462.674    311 103547.347   297611.347   104627.224
482  mtMet+F       54340.421    316 109312.841   309656.841   110410.079
483  mtMet+F+I     54109.777    317 108853.553   310465.553   109954.263
484  mtMet+F+G4    49655.177    317 99944.353    301556.353   101045.063
485  mtMet+F+I+G4  49635.067    318 99906.133    302790.133   101010.316
486  mtMet+F+R2    50414.452    318 101464.904   304348.904   102569.086
487  mtMet+F+R3    49827.111    320 100294.221   305734.221   101405.348
488  mtMet+F+R4    49593.214    322 99830.428    307842.428   100948.499
489  mtMet+F+R5    49496.381    324 99640.761    310240.761   100765.777
490  mtMet+F+R6    49456.379    326 99564.757    312768.757   100696.718
491  mtMet+F+R7    49437.988    328 99531.975    315355.975   100670.880
492  mtMet+F+R8    49426.402    330 99512.804    317972.804   100658.653
493  mtMet+F+R9    49424.658    332 99513.316    320625.316   100666.110
495  mtVer         58460.993    297 117515.986   294527.986   118547.250
496  mtVer+I       58232.480    298 117060.960   295264.960   118095.697
497  mtVer+G4      51751.368    298 104098.737   282302.737   105133.473
498  mtVer+I+G4    51742.607    299 104083.215   283483.215   105121.424
499  mtVer+R2      52805.446    299 106208.892   285608.892   107247.101
500  mtVer+R3      52164.451    301 104930.902   286734.902   105976.055
501  mtVer+R4      51748.758    303 104103.516   288327.516   105155.614
502  mtVer+R5      51638.766    305 103887.531   290547.531   104946.574
503  mtVer+R6      51573.417    307 103760.834   292872.834   104826.821
504  mtVer+R7      51548.067    309 103714.134   295294.134   104787.065
505  mtVer+R8      51540.393    311 103702.786   297766.786   104782.662
506  mtVer+R9      51530.693    313 103687.386   300251.386   104774.207
WARNING: Log-likelihood -51535.1 of mtVer+R10 worse than mtVer+R9 -51530.7
507  mtVer+R10     51535.128    315 103700.256   302780.256   104794.021
508  mtVer+F       55543.198    316 111718.396   312062.396   112815.634
509  mtVer+F+I     55278.408    317 111190.816   312802.816   112291.526
510  mtVer+F+G4    50362.833    317 101359.667   302971.667   102460.377
511  mtVer+F+I+G4  50348.185    318 101332.371   304216.371   102436.553
512  mtVer+F+R2    51274.526    318 103185.051   306069.051   104289.233
513  mtVer+F+R3    50620.979    320 101881.958   307321.958   102993.085
514  mtVer+F+R4    50331.811    322 101307.622   309319.622   102425.694
515  mtVer+F+R5    50243.262    324 101134.523   311734.523   102259.539
516  mtVer+F+R6    50166.298    326 100984.596   314188.596   102116.556
517  mtVer+F+R7    50150.343    328 100956.685   316780.685   102095.590
518  mtVer+F+R8    50136.558    330 100933.115   319393.115   102078.964
519  mtVer+F+R9    50133.315    332 100930.629   322042.629   102083.423
521  mtInv         57385.903    297 115365.806   292377.806   116397.070
522  mtInv+I       57155.566    298 114907.132   293111.132   115941.869
523  mtInv+G4      51989.059    298 104574.119   282778.119   105608.856
524  mtInv+I+G4    51976.230    299 104550.459   283950.459   105588.668
525  mtInv+R2      52781.588    299 106161.177   285561.177   107199.386
526  mtInv+R3      52192.338    301 104986.675   286790.675   106031.829
527  mtInv+R4      51955.962    303 104517.923   288741.923   105570.021
528  mtInv+R5      51845.104    305 104300.207   290960.207   105359.250
529  mtInv+R6      51813.207    307 104240.415   293352.415   105306.402
530  mtInv+R7      51789.089    309 104196.178   295776.178   105269.110
531  mtInv+R8      51782.314    311 104186.628   298250.628   105266.504
WARNING: Log-likelihood -51785.4 of mtInv+R9 worse than mtInv+R8 -51782.3
532  mtInv+R9      51785.433    313 104196.866   300760.866   105283.687
534  mtInv+F       53582.397    316 107796.794   308140.794   108894.032
535  mtInv+F+I     53351.691    317 107337.382   308949.382   108438.092
536  mtInv+F+G4    49292.664    317 99219.328    300831.328   100320.038
537  mtInv+F+I+G4  49276.043    318 99188.086    302072.086   100292.268
538  mtInv+F+R2    49979.464    318 100594.928   303478.928   101699.110
539  mtInv+F+R3    49406.442    320 99452.884    304892.884   100564.011
540  mtInv+F+R4    49221.286    322 99086.572    307098.572   100204.643
541  mtInv+F+R5    49119.385    324 98886.771    309486.771   100011.786
542  mtInv+F+R6    49088.969    326 98829.937    312033.937   99961.897
543  mtInv+F+R7    49069.352    328 98794.704    314618.704   99933.609
544  mtInv+F+R8    49057.418    330 98774.836    317234.836   99920.686
545  mtInv+F+R9    49055.313    332 98774.625    319886.625   99927.419
547  mtMAM         60241.535    297 121077.071   298089.071   122108.335
548  mtMAM+I       60026.918    298 120649.836   298853.836   121684.573
549  mtMAM+G4      52506.381    298 105608.762   283812.762   106643.499
550  mtMAM+I+G4    52495.814    299 105589.628   284989.628   106627.837
551  mtMAM+R2      53667.637    299 107933.274   287333.274   108971.483
552  mtMAM+R3      53114.382    301 106830.764   288634.764   107875.917
553  mtMAM+R4      52505.640    303 105617.280   289841.280   106669.378
554  mtMAM+R5      52356.043    305 105322.085   291982.085   106381.128
555  mtMAM+R6      52263.989    307 105141.978   294253.978   106207.966
556  mtMAM+R7      52243.814    309 105105.629   296685.629   106178.560
557  mtMAM+R8      52223.901    311 105069.801   299133.801   106149.678
558  mtMAM+R9      52221.864    313 105069.729   301633.729   106156.549
560  mtMAM+F       56548.864    316 113729.728   314073.728   114826.965
561  mtMAM+F+I     56313.106    317 113260.212   314872.212   114360.921
562  mtMAM+F+G4    50659.636    317 101953.273   303565.273   103053.983
563  mtMAM+F+I+G4  50649.073    318 101934.147   304818.147   103038.329
564  mtMAM+F+R2    51707.909    318 104051.818   306935.818   105156.000
565  mtMAM+F+R3    51045.763    320 102731.526   308171.526   103842.653
566  mtMAM+F+R4    50655.716    322 101955.431   309967.431   103073.502
567  mtMAM+F+R5    50548.278    324 101744.556   312344.556   102869.572
568  mtMAM+F+R6    50476.116    326 101604.231   314808.231   102736.191
569  mtMAM+F+R7    50454.252    328 101564.504   317388.504   102703.409
570  mtMAM+F+R8    50437.840    330 101535.681   319995.681   102681.530
571  mtMAM+F+R9    50433.692    332 101531.385   322643.385   102684.179
WARNING: Normalizing state frequencies so that sum of them equals to 1
573  FLAVI         57019.238    297 114632.476   291644.476   115663.740
WARNING: Normalizing state frequencies so that sum of them equals to 1
574  FLAVI+I       56766.841    298 114129.683   292333.683   115164.420
WARNING: Normalizing state frequencies so that sum of them equals to 1
575  FLAVI+G4      51421.184    298 103438.369   281642.369   104473.105
WARNING: Normalizing state frequencies so that sum of them equals to 1
576  FLAVI+I+G4    51403.535    299 103405.070   282805.070   104443.279
WARNING: Normalizing state frequencies so that sum of them equals to 1
577  FLAVI+R2      52434.394    299 105466.788   284866.788   106504.997
WARNING: Normalizing state frequencies so that sum of them equals to 1
578  FLAVI+R3      51711.494    301 104024.988   285828.988   105070.141
WARNING: Normalizing state frequencies so that sum of them equals to 1
579  FLAVI+R4      51393.571    303 103393.142   287617.142   104445.240
WARNING: Normalizing state frequencies so that sum of them equals to 1
580  FLAVI+R5      51303.706    305 103217.411   289877.411   104276.454
WARNING: Normalizing state frequencies so that sum of them equals to 1
581  FLAVI+R6      51248.620    307 103111.240   292223.240   104177.227
WARNING: Normalizing state frequencies so that sum of them equals to 1
582  FLAVI+R7      51212.540    309 103043.080   294623.080   104116.012
WARNING: Normalizing state frequencies so that sum of them equals to 1
583  FLAVI+R8      51201.124    311 103024.248   297088.248   104104.124
WARNING: Normalizing state frequencies so that sum of them equals to 1
WARNING: Log-likelihood -51204.9 of FLAVI+R9 worse than FLAVI+R8 -51201.1
584  FLAVI+R9      51204.884    313 103035.767   299599.767   104122.588
WARNING: Normalizing state frequencies so that sum of them equals to 1
586  FLAVI+F       56450.352    316 113532.705   313876.705   114629.942
WARNING: Normalizing state frequencies so that sum of them equals to 1
587  FLAVI+F+I     56173.046    317 112980.092   314592.092   114080.801
WARNING: Normalizing state frequencies so that sum of them equals to 1
588  FLAVI+F+G4    51101.924    317 102837.848   304449.848   103938.558
WARNING: Normalizing state frequencies so that sum of them equals to 1
589  FLAVI+F+I+G4  51080.399    318 102796.799   305680.799   103900.981
WARNING: Normalizing state frequencies so that sum of them equals to 1
590  FLAVI+F+R2    52123.172    318 104882.344   307766.344   105986.526
WARNING: Normalizing state frequencies so that sum of them equals to 1
591  FLAVI+F+R3    51389.956    320 103419.912   308859.912   104531.038
WARNING: Normalizing state frequencies so that sum of them equals to 1
592  FLAVI+F+R4    51083.657    322 102811.314   310823.314   103929.385
WARNING: Normalizing state frequencies so that sum of them equals to 1
593  FLAVI+F+R5    51022.922    324 102693.845   313293.845   103818.860
WARNING: Normalizing state frequencies so that sum of them equals to 1
594  FLAVI+F+R6    50937.911    326 102527.821   315731.821   103659.781
WARNING: Normalizing state frequencies so that sum of them equals to 1
595  FLAVI+F+R7    50925.555    328 102507.111   318331.111   103646.016
WARNING: Normalizing state frequencies so that sum of them equals to 1
596  FLAVI+F+R8    50898.548    330 102457.096   320917.096   103602.945
WARNING: Normalizing state frequencies so that sum of them equals to 1
597  FLAVI+F+R9    50897.552    332 102459.104   323571.104   103611.898
599  HIVb          54591.903    297 109777.806   286789.806   110809.070
600  HIVb+I        54327.423    298 109250.846   287454.846   110285.582
601  HIVb+G4       50105.041    298 100806.081   279010.081   101840.818
602  HIVb+I+G4     50093.635    299 100785.271   280185.271   101823.480
603  HIVb+R2       50979.342    299 102556.685   281956.685   103594.893
604  HIVb+R3       50253.437    301 101108.873   282912.873   102154.027
605  HIVb+R4       50087.084    303 100780.169   285004.169   101832.267
606  HIVb+R5       49954.931    305 100519.862   287179.862   101578.905
607  HIVb+R6       49914.901    307 100443.801   289555.801   101509.788
608  HIVb+R7       49900.329    309 100418.657   291998.657   101491.589
609  HIVb+R8       49890.013    311 100402.026   294466.026   101481.902
610  HIVb+R9       49886.258    313 100398.516   296962.516   101485.337
612  HIVb+F        54430.005    316 109492.010   309836.010   110589.247
613  HIVb+F+I      54141.188    317 108916.377   310528.377   110017.086
614  HIVb+F+G4     49976.892    317 100587.784   302199.784   101688.494
615  HIVb+F+I+G4   49955.864    318 100547.729   303431.729   101651.911
616  HIVb+F+R2     50841.721    318 102319.442   305203.442   103423.624
617  HIVb+F+R3     50147.282    320 100934.564   306374.564   102045.691
618  HIVb+F+R4     49945.757    322 100535.514   308547.514   101653.585
619  HIVb+F+R5     49833.607    324 100315.215   310915.215   101440.231
620  HIVb+F+R6     49791.349    326 100234.697   313438.697   101366.658
621  HIVb+F+R7     49776.981    328 100209.962   316033.962   101348.867
622  HIVb+F+R8     49766.108    330 100192.215   318652.215   101338.064
623  HIVb+F+R9     49766.114    332 100196.227   321308.227   101349.021
625  HIVw          56575.457    297 113744.914   290756.914   114776.179
626  HIVw+I        56273.574    298 113143.149   291347.149   114177.885
627  HIVw+G4       52142.588    298 104881.176   283085.176   105915.913
628  HIVw+I+G4     52107.446    299 104812.891   284212.891   105851.100
629  HIVw+R2       52998.121    299 106594.241   285994.241   107632.450
630  HIVw+R3       52312.507    301 105227.013   287031.013   106272.167
631  HIVw+R4       52108.805    303 104823.611   289047.611   105875.709
632  HIVw+R5       51977.711    305 104565.422   291225.422   105624.465
633  HIVw+R6       51937.567    307 104489.134   293601.134   105555.121
634  HIVw+R7       51924.758    309 104467.516   296047.516   105540.447
635  HIVw+R8       51913.000    311 104447.999   298511.999   105527.875
636  HIVw+R9       51909.737    313 104445.474   301009.474   105532.294
638  HIVw+F        55973.401    316 112578.802   312922.802   113676.039
639  HIVw+F+I      55617.969    317 111869.938   313481.938   112970.648
640  HIVw+F+G4     51506.810    317 103647.621   305259.621   104748.331
641  HIVw+F+I+G4   51496.363    318 103628.725   306512.725   104732.907
642  HIVw+F+R2     52356.455    318 105348.910   308232.910   106453.092
643  HIVw+F+R3     51701.230    320 104042.460   309482.460   105153.586
644  HIVw+F+R4     51479.706    322 103603.413   311615.413   104721.484
645  HIVw+F+R5     51355.927    324 103359.853   313959.853   104484.869
646  HIVw+F+R6     51329.196    326 103310.392   316514.392   104442.352
647  HIVw+F+R7     51304.075    328 103264.150   319088.150   104403.054
648  HIVw+F+R8     51293.568    330 103247.136   321707.136   104392.985
649  HIVw+F+R9     51288.833    332 103241.667   324353.667   104394.461
651  FLU           54044.606    297 108683.212   285695.212   109714.477
652  FLU+I         53845.258    298 108286.517   286490.517   109321.253
653  FLU+G4        49904.757    298 100405.513   278609.513   101440.250
654  FLU+I+G4      49891.851    299 100381.702   279781.702   101419.911
655  FLU+R2        50648.679    299 101895.359   281295.359   102933.568
656  FLU+R3        50027.747    301 100657.494   282461.494   101702.647
657  FLU+R4        49880.806    303 100367.612   284591.612   101419.710
658  FLU+R5        49778.791    305 100167.582   286827.582   101226.624
659  FLU+R6        49741.721    307 100097.441   289209.441   101163.428
660  FLU+R7        49730.060    309 100078.119   291658.119   101151.051
661  FLU+R8        49710.792    311 100043.583   294107.583   101123.459
662  FLU+R9        49710.418    313 100046.837   296610.837   101133.658
664  FLU+F         53609.252    316 107850.503   308194.503   108947.741
665  FLU+F+I       53396.718    317 107427.437   309039.437   108528.147
666  FLU+F+G4      49531.546    317 99697.093    301309.093   100797.803
667  FLU+F+I+G4    49518.433    318 99672.866    302556.866   100777.048
668  FLU+F+R2      50239.622    318 101115.244   303999.244   102219.426
669  FLU+F+R3      49660.527    320 99961.054    305401.054   101072.181
670  FLU+F+R4      49504.773    322 99653.547    307665.547   100771.618
671  FLU+F+R5      49406.401    324 99460.802    310060.802   100585.818
672  FLU+F+R6      49372.843    326 99397.686    312601.686   100529.646
673  FLU+F+R7      49358.487    328 99372.973    315196.973   100511.878
674  FLU+F+R8      49341.412    330 99342.823    317802.823   100488.672
675  FLU+F+R9      49338.437    332 99340.873    320452.873   100493.667
677  rtREV         52299.229    297 105192.458   282204.458   106223.723
678  rtREV+I       52128.906    298 104853.812   283057.812   105888.549
679  rtREV+G4      48401.916    298 97399.831    275603.831   98434.568
680  rtREV+I+G4    48399.556    299 97397.112    276797.112   98435.321
681  rtREV+R2      49034.532    299 98667.064    278067.064   99705.273
682  rtREV+R3      48512.998    301 97627.996    279431.996   98673.150
683  rtREV+R4      48355.297    303 97316.595    281540.595   98368.693
684  rtREV+R5      48276.491    305 97162.981    283822.981   98222.024
685  rtREV+R6      48241.581    307 97097.162    286209.162   98163.149
686  rtREV+R7      48229.643    309 97077.286    288657.286   98150.218
687  rtREV+R8      48217.878    311 97057.756    291121.756   98137.632
688  rtREV+R9      48214.260    313 97054.519    293618.519   98141.340
690  rtREV+F       52190.690    316 105013.381   305357.381   106110.618
691  rtREV+F+I     51987.410    317 104608.820   306220.820   105709.530
692  rtREV+F+G4    48338.165    317 97310.331    298922.331   98411.040
693  rtREV+F+I+G4  48332.617    318 97301.233    300185.233   98405.415
694  rtREV+F+R2    48970.693    318 98577.387    301461.387   99681.569
695  rtREV+F+R3    48457.263    320 97554.527    302994.527   98665.653
696  rtREV+F+R4    48298.114    322 97240.228    305252.228   98358.299
697  rtREV+F+R5    48211.896    324 97071.792    307671.792   98196.808
698  rtREV+F+R6    48182.527    326 97017.054    310221.054   98149.014
699  rtREV+F+R7    48167.223    328 96990.446    312814.446   98129.351
700  rtREV+F+R8    48157.035    330 96974.070    315434.070   98119.920
701  rtREV+F+R9    48153.521    332 96971.042    318083.042   98123.836
703  cpREV         51976.178    297 104546.356   281558.356   105577.620
704  cpREV+I       51814.397    298 104224.794   282428.794   105259.531
705  cpREV+G4      48707.434    298 98010.868    276214.868   99045.604
706  cpREV+I+G4    48705.323    299 98008.646    277408.646   99046.855
707  cpREV+R2      49262.114    299 99122.228    278522.228   100160.437
708  cpREV+R3      48792.868    301 98187.736    279991.736   99232.890
709  cpREV+R4      48661.665    303 97929.330    282153.330   98981.428
710  cpREV+R5      48580.471    305 97770.942    284430.942   98829.984
711  cpREV+R6      48548.631    307 97711.262    286823.262   98777.249
712  cpREV+R7      48535.651    309 97689.302    289269.302   98762.234
713  cpREV+R8      48527.168    311 97676.336    291740.336   98756.213
714  cpREV+R9      48527.972    313 97681.943    294245.943   98768.764
716  cpREV+F       51779.310    316 104190.621   304534.621   105287.858
717  cpREV+F+I     51604.671    317 103843.343   305455.343   104944.053
718  cpREV+F+G4    48580.771    317 97795.543    299407.543   98896.253
719  cpREV+F+I+G4  48575.666    318 97787.332    300671.332   98891.514
720  cpREV+F+R2    49142.570    318 98921.139    301805.139   100025.321
721  cpREV+F+R3    48678.063    320 97996.126    303436.126   99107.252
722  cpREV+F+R4    48533.117    322 97710.233    305722.233   98828.304
723  cpREV+F+R5    48463.881    324 97575.762    308175.762   98700.777
724  cpREV+F+R6    48433.533    326 97519.067    310723.067   98651.027
725  cpREV+F+R7    48419.533    328 97495.066    313319.066   98633.970
726  cpREV+F+R8    48412.101    330 97484.201    315944.201   98630.051
727  cpREV+F+R9    48411.971    332 97487.942    318599.942   98640.736
Model C10 is alias for POISSON+G+FMIX{C10pi1:1:0.1191344178,C10pi2:1:0.0874372456,C10pi3:1:0.1037105070,C10pi4:1:0.0922584809,C10pi5:1:0.1070492801,C10pi6:1:0.1329945166,C10pi7:1:0.0538028458,C10pi8:1:0.0691986212,C10pi9:1:0.1319937434,C10pi10:1:0.1024203429}
729  C10           47898.018    298 96392.037    274596.037   97426.773
Model C20 is alias for POISSON+G+FMIX{C20pi1:1:0.0559910600,C20pi2:1:0.0514824870,C20pi3:1:0.0812922124,C20pi4:1:0.0721976867,C20pi5:1:0.0556718858,C20pi6:1:0.0331003080,C20pi7:1:0.0589501763,C20pi8:1:0.0263756889,C20pi9:1:0.0307584220,C20pi10:1:0.0376701125,C20pi11:1:0.0303058290,C20pi12:1:0.0808775576,C20pi13:1:0.0263349134,C20pi14:1:0.0579101455,C20pi15:1:0.0371248064,C20pi16:1:0.0586867766,C20pi17:1:0.0561479138,C20pi18:1:0.0349810886,C20pi19:1:0.0544937394,C20pi20:1:0.0596471901}
730  C20           47450.026    298 95496.052    273700.052   96530.788
Model C30 is alias for POISSON+G+FMIX{C30pi1:1:0.0095783264,C30pi2:1:0.0248476365,C30pi3:1:0.0636309366,C30pi4:1:0.0537939225,C30pi5:1:0.0295885587,C30pi6:1:0.0117587936,C30pi7:1:0.0132013428,C30pi8:1:0.0236868805,C30pi9:1:0.0261687659,C30pi10:1:0.0239821974,C30pi11:1:0.0257100906,C30pi12:1:0.0465072425,C30pi13:1:0.0546794546,C30pi14:1:0.0536085131,C30pi15:1:0.0270622670,C30pi16:1:0.0403913593,C30pi17:1:0.0474212700,C30pi18:1:0.0458816478,C30pi19:1:0.0214036510,C30pi20:1:0.0290385981,C30pi21:1:0.0123391793,C30pi22:1:0.0569350229,C30pi23:1:0.0419687568,C30pi24:1:0.0339027062,C30pi25:1:0.0388777376,C30pi26:1:0.0196343766,C30pi27:1:0.0233086174,C30pi28:1:0.0622722654,C30pi29:1:0.0184803385,C30pi30:1:0.0203395454}
731  C30           47200.166    298 94996.332    273200.332   96031.068
Model C40 is alias for POISSON+G+FMIX{C40pi1:1:0.0223853788,C40pi2:1:0.0338891820,C40pi3:1:0.0577169375,C40pi4:1:0.0252416233,C40pi5:1:0.0108607921,C40pi6:1:0.0462373793,C40pi7:1:0.0102293175,C40pi8:1:0.0147523625,C40pi9:1:0.0143161352,C40pi10:1:0.0182302541,C40pi11:1:0.0204025079,C40pi12:1:0.0425505156,C40pi13:1:0.0248627269,C40pi14:1:0.0105892988,C40pi15:1:0.0188238725,C40pi16:1:0.0086663445,C40pi17:1:0.0148496147,C40pi18:1:0.0343037402,C40pi19:1:0.0225335203,C40pi20:1:0.0174068578,C40pi21:1:0.0112207827,C40pi22:1:0.0443532245,C40pi23:1:0.0392573370,C40pi24:1:0.0196756555,C40pi25:1:0.0287690328,C40pi26:1:0.0114441177,C40pi27:1:0.0112338740,C40pi28:1:0.0582694099,C40pi29:1:0.0444272279,C40pi30:1:0.0112010942,C40pi31:1:0.0145176111,C40pi32:1:0.0114629026,C40pi33:1:0.0239628061,C40pi34:1:0.0266266492,C40pi35:1:0.0481201159,C40pi36:1:0.0371147423,C40pi37:1:0.0160476688,C40pi38:1:0.0237249267,C40pi39:1:0.0235226203,C40pi40:1:0.0261998398}
732  C40           47126.777    298 94849.554    273053.554   95884.290
Model C50 is alias for POISSON+G+FMIX{C50pi1:1:0.0164297003,C50pi2:1:0.0273175755,C50pi3:1:0.0460247610,C50pi4:1:0.0084864734,C50pi5:1:0.0125389252,C50pi6:1:0.0343549036,C50pi7:1:0.0130241102,C50pi8:1:0.0094755681,C50pi9:1:0.0190040551,C50pi10:1:0.0151902354,C50pi11:1:0.0320534760,C50pi12:1:0.0210059850,C50pi13:1:0.0237408547,C50pi14:1:0.0239841203,C50pi15:1:0.0213748021,C50pi16:1:0.0210717705,C50pi17:1:0.0050241805,C50pi18:1:0.0166262276,C50pi19:1:0.0143945956,C50pi20:1:0.0104391130,C50pi21:1:0.0107628277,C50pi22:1:0.0148818171,C50pi23:1:0.0321480239,C50pi24:1:0.0145477978,C50pi25:1:0.0332355807,C50pi26:1:0.0143190281,C50pi27:1:0.0234478734,C50pi28:1:0.0183044983,C50pi29:1:0.0403269452,C50pi30:1:0.0135629530,C50pi31:1:0.0091880799,C50pi32:1:0.0158270022,C50pi33:1:0.0121019379,C50pi34:1:0.0353560982,C50pi35:1:0.0404495617,C50pi36:1:0.0104569232,C50pi37:1:0.0146187792,C50pi38:1:0.0093984095,C50pi39:1:0.0146773809,C50pi40:1:0.0201635562,C50pi41:1:0.0255640273,C50pi42:1:0.0039486842,C50pi43:1:0.0393652608,C50pi44:1:0.0056415419,C50pi45:1:0.0382833580,C50pi46:1:0.0039735086,C50pi47:1:0.0140269355,C50pi48:1:0.0476703673,C50pi49:1:0.0204062788,C50pi50:1:0.0117835304}
733  C50           47058.924    298 94713.847    272917.847   95748.584
Model C60 is alias for POISSON+G+FMIX{C60pi1:1:0.0169698865,C60pi2:1:0.0211683374,C60pi3:1:0.0276589079,C60pi4:1:0.0065675964,C60pi5:1:0.0141221416,C60pi6:1:0.0068774834,C60pi7:1:0.0146909701,C60pi8:1:0.0067225777,C60pi9:1:0.0018396660,C60pi10:1:0.0102547197,C60pi11:1:0.0230896163,C60pi12:1:0.0057941033,C60pi13:1:0.0125394534,C60pi14:1:0.0204526478,C60pi15:1:0.0070629602,C60pi16:1:0.0117982741,C60pi17:1:0.0068334668,C60pi18:1:0.0433775839,C60pi19:1:0.0318278731,C60pi20:1:0.0222546108,C60pi21:1:0.0102264969,C60pi22:1:0.0150545891,C60pi23:1:0.0134159878,C60pi24:1:0.0148552065,C60pi25:1:0.0239111516,C60pi26:1:0.0128776278,C60pi27:1:0.0222318842,C60pi28:1:0.0247444742,C60pi29:1:0.0214274810,C60pi30:1:0.0115001882,C60pi31:1:0.0076017389,C60pi32:1:0.0130258568,C60pi33:1:0.0093701965,C60pi34:1:0.0467194264,C60pi35:1:0.0441940314,C60pi36:1:0.0322263154,C60pi37:1:0.0402999891,C60pi38:1:0.0150234227,C60pi39:1:0.0104589903,C60pi40:1:0.0214742395,C60pi41:1:0.0154957836,C60pi42:1:0.0101789953,C60pi43:1:0.0227980379,C60pi44:1:0.0123204539,C60pi45:1:0.0066777583,C60pi46:1:0.0004150083,C60pi47:1:0.0344385130,C60pi48:1:0.0113663379,C60pi49:1:0.0127143049,C60pi50:1:0.0124323741,C60pi51:1:0.0262124415,C60pi52:1:0.0064994957,C60pi53:1:0.0103203293,C60pi54:1:0.0142463512,C60pi55:1:0.0215600067,C60pi56:1:0.0199150700,C60pi57:1:0.0038964200,C60pi58:1:0.0113448855,C60pi59:1:0.0128595846,C60pi60:1:0.0117656776}
WARNING: Your input class weight 0.000415008 is very small and may cause numerical issues
734  C60           47055.884    298 94707.767    272911.767   95742.504
Model EX2 is alias for MIX{BurEX2:0.672020808818762,ExpEX2:1.6413466609931}
WARNING: Normalizing state frequencies so that sum of them equals to 1
735  EX2           49427.813    298 99451.626    277655.626   100486.363
Model EX3 is alias for MIX{BurEX3:0.427672756793791,IntEX3:0.837595938019774,HExEX3:1.51863631431518}
WARNING: Normalizing state frequencies so that sum of them equals to 1
WARNING: Normalizing state frequencies so that sum of them equals to 1
736  EX3           48802.439    299 98202.877    277602.877   99241.086
Model EHO is alias for MIX{ExtEHO:0.720274356,HelEHO:0.976798797,OthEHO:0.783109376}
WARNING: Normalizing state frequencies so that sum of them equals to 1
WARNING: Normalizing state frequencies so that sum of them equals to 1
WARNING: Normalizing state frequencies so that sum of them equals to 1
737  EHO           51260.868    299 103119.737   282519.737   104157.946
Model UL2 is alias for MIX{M1_UL2:0.581348617,M2_UL2:1.465482789}
WARNING: Normalizing state frequencies so that sum of them equals to 1
738  UL2           49419.769    298 99435.538    277639.538   100470.275
Model UL3 is alias for MIX{Q1_UL3:0.484340397,Q2_UL3:0.492780514,Q3_UL3:1.15597274}
WARNING: Normalizing state frequencies so that sum of them equals to 1
WARNING: Normalizing state frequencies so that sum of them equals to 1
739  UL3           51503.979    299 103605.958   283005.958   104644.167
Model EX_EHO is alias for MIX{BUR_EXT:0.761816796788931,BUR_HEL:0.744425646802117,BUR_OTH:0.532457759429489,EXP_EXT:1.5639387472863,EXP_HEL:2.06403411829438,EXP_OTH:1.43336795177594}
WARNING: Normalizing state frequencies so that sum of them equals to 1
WARNING: Normalizing state frequencies so that sum of them equals to 1
WARNING: Normalizing state frequencies so that sum of them equals to 1
740  EX_EHO        48693.341    302 97990.683    281002.683   99039.309
Model LG4M is alias for MIX{LG4M1,LG4M2,LG4M3,LG4M4}*G4
741  LG4M          47897.268    298 96390.536    274594.536   97425.272
Model LG4X is alias for MIX{LG4X1,LG4X2,LG4X3,LG4X4}*R4
742  LG4X          47757.010    303 96120.021    280344.021   97172.119
Model CF4 is alias for POISSON+FMIX{Fclass1,Fclass2,Fclass3,Fclass4}+F+G
WARNING: Normalizing State frequencies so that sum of them equals to 1
WARNING: Normalizing State frequencies so that sum of them equals to 1
WARNING: Normalizing State frequencies so that sum of them equals to 1
WARNING: Normalizing State frequencies so that sum of them equals to 1
743  CF4           50288.251    321 101218.502   307942.502   102333.100
Model LG+C10 is alias for LG+POISSON+G+FMIX{C10pi1:1:0.1191344178,C10pi2:1:0.0874372456,C10pi3:1:0.1037105070,C10pi4:1:0.0922584809,C10pi5:1:0.1070492801,C10pi6:1:0.1329945166,C10pi7:1:0.0538028458,C10pi8:1:0.0691986212,C10pi9:1:0.1319937434,C10pi10:1:0.1024203429}
744  LG+C10        47839.712    298 96275.424    274479.424   97310.161
Model LG+C20 is alias for LG+POISSON+G+FMIX{C20pi1:1:0.0559910600,C20pi2:1:0.0514824870,C20pi3:1:0.0812922124,C20pi4:1:0.0721976867,C20pi5:1:0.0556718858,C20pi6:1:0.0331003080,C20pi7:1:0.0589501763,C20pi8:1:0.0263756889,C20pi9:1:0.0307584220,C20pi10:1:0.0376701125,C20pi11:1:0.0303058290,C20pi12:1:0.0808775576,C20pi13:1:0.0263349134,C20pi14:1:0.0579101455,C20pi15:1:0.0371248064,C20pi16:1:0.0586867766,C20pi17:1:0.0561479138,C20pi18:1:0.0349810886,C20pi19:1:0.0544937394,C20pi20:1:0.0596471901}
745  LG+C20        47375.436    298 95346.871    273550.871   96381.608
Model LG+C30 is alias for LG+POISSON+G+FMIX{C30pi1:1:0.0095783264,C30pi2:1:0.0248476365,C30pi3:1:0.0636309366,C30pi4:1:0.0537939225,C30pi5:1:0.0295885587,C30pi6:1:0.0117587936,C30pi7:1:0.0132013428,C30pi8:1:0.0236868805,C30pi9:1:0.0261687659,C30pi10:1:0.0239821974,C30pi11:1:0.0257100906,C30pi12:1:0.0465072425,C30pi13:1:0.0546794546,C30pi14:1:0.0536085131,C30pi15:1:0.0270622670,C30pi16:1:0.0403913593,C30pi17:1:0.0474212700,C30pi18:1:0.0458816478,C30pi19:1:0.0214036510,C30pi20:1:0.0290385981,C30pi21:1:0.0123391793,C30pi22:1:0.0569350229,C30pi23:1:0.0419687568,C30pi24:1:0.0339027062,C30pi25:1:0.0388777376,C30pi26:1:0.0196343766,C30pi27:1:0.0233086174,C30pi28:1:0.0622722654,C30pi29:1:0.0184803385,C30pi30:1:0.0203395454}
746  LG+C30        47273.524    298 95143.048    273347.048   96177.785
Model LG+C40 is alias for LG+POISSON+G+FMIX{C40pi1:1:0.0223853788,C40pi2:1:0.0338891820,C40pi3:1:0.0577169375,C40pi4:1:0.0252416233,C40pi5:1:0.0108607921,C40pi6:1:0.0462373793,C40pi7:1:0.0102293175,C40pi8:1:0.0147523625,C40pi9:1:0.0143161352,C40pi10:1:0.0182302541,C40pi11:1:0.0204025079,C40pi12:1:0.0425505156,C40pi13:1:0.0248627269,C40pi14:1:0.0105892988,C40pi15:1:0.0188238725,C40pi16:1:0.0086663445,C40pi17:1:0.0148496147,C40pi18:1:0.0343037402,C40pi19:1:0.0225335203,C40pi20:1:0.0174068578,C40pi21:1:0.0112207827,C40pi22:1:0.0443532245,C40pi23:1:0.0392573370,C40pi24:1:0.0196756555,C40pi25:1:0.0287690328,C40pi26:1:0.0114441177,C40pi27:1:0.0112338740,C40pi28:1:0.0582694099,C40pi29:1:0.0444272279,C40pi30:1:0.0112010942,C40pi31:1:0.0145176111,C40pi32:1:0.0114629026,C40pi33:1:0.0239628061,C40pi34:1:0.0266266492,C40pi35:1:0.0481201159,C40pi36:1:0.0371147423,C40pi37:1:0.0160476688,C40pi38:1:0.0237249267,C40pi39:1:0.0235226203,C40pi40:1:0.0261998398}
747  LG+C40        47146.430    298 94888.861    273092.861   95923.598
Model LG+C50 is alias for LG+POISSON+G+FMIX{C50pi1:1:0.0164297003,C50pi2:1:0.0273175755,C50pi3:1:0.0460247610,C50pi4:1:0.0084864734,C50pi5:1:0.0125389252,C50pi6:1:0.0343549036,C50pi7:1:0.0130241102,C50pi8:1:0.0094755681,C50pi9:1:0.0190040551,C50pi10:1:0.0151902354,C50pi11:1:0.0320534760,C50pi12:1:0.0210059850,C50pi13:1:0.0237408547,C50pi14:1:0.0239841203,C50pi15:1:0.0213748021,C50pi16:1:0.0210717705,C50pi17:1:0.0050241805,C50pi18:1:0.0166262276,C50pi19:1:0.0143945956,C50pi20:1:0.0104391130,C50pi21:1:0.0107628277,C50pi22:1:0.0148818171,C50pi23:1:0.0321480239,C50pi24:1:0.0145477978,C50pi25:1:0.0332355807,C50pi26:1:0.0143190281,C50pi27:1:0.0234478734,C50pi28:1:0.0183044983,C50pi29:1:0.0403269452,C50pi30:1:0.0135629530,C50pi31:1:0.0091880799,C50pi32:1:0.0158270022,C50pi33:1:0.0121019379,C50pi34:1:0.0353560982,C50pi35:1:0.0404495617,C50pi36:1:0.0104569232,C50pi37:1:0.0146187792,C50pi38:1:0.0093984095,C50pi39:1:0.0146773809,C50pi40:1:0.0201635562,C50pi41:1:0.0255640273,C50pi42:1:0.0039486842,C50pi43:1:0.0393652608,C50pi44:1:0.0056415419,C50pi45:1:0.0382833580,C50pi46:1:0.0039735086,C50pi47:1:0.0140269355,C50pi48:1:0.0476703673,C50pi49:1:0.0204062788,C50pi50:1:0.0117835304}
748  LG+C50        47169.870    298 94935.740    273139.740   95970.476
Model LG+C60 is alias for LG+POISSON+G+FMIX{C60pi1:1:0.0169698865,C60pi2:1:0.0211683374,C60pi3:1:0.0276589079,C60pi4:1:0.0065675964,C60pi5:1:0.0141221416,C60pi6:1:0.0068774834,C60pi7:1:0.0146909701,C60pi8:1:0.0067225777,C60pi9:1:0.0018396660,C60pi10:1:0.0102547197,C60pi11:1:0.0230896163,C60pi12:1:0.0057941033,C60pi13:1:0.0125394534,C60pi14:1:0.0204526478,C60pi15:1:0.0070629602,C60pi16:1:0.0117982741,C60pi17:1:0.0068334668,C60pi18:1:0.0433775839,C60pi19:1:0.0318278731,C60pi20:1:0.0222546108,C60pi21:1:0.0102264969,C60pi22:1:0.0150545891,C60pi23:1:0.0134159878,C60pi24:1:0.0148552065,C60pi25:1:0.0239111516,C60pi26:1:0.0128776278,C60pi27:1:0.0222318842,C60pi28:1:0.0247444742,C60pi29:1:0.0214274810,C60pi30:1:0.0115001882,C60pi31:1:0.0076017389,C60pi32:1:0.0130258568,C60pi33:1:0.0093701965,C60pi34:1:0.0467194264,C60pi35:1:0.0441940314,C60pi36:1:0.0322263154,C60pi37:1:0.0402999891,C60pi38:1:0.0150234227,C60pi39:1:0.0104589903,C60pi40:1:0.0214742395,C60pi41:1:0.0154957836,C60pi42:1:0.0101789953,C60pi43:1:0.0227980379,C60pi44:1:0.0123204539,C60pi45:1:0.0066777583,C60pi46:1:0.0004150083,C60pi47:1:0.0344385130,C60pi48:1:0.0113663379,C60pi49:1:0.0127143049,C60pi50:1:0.0124323741,C60pi51:1:0.0262124415,C60pi52:1:0.0064994957,C60pi53:1:0.0103203293,C60pi54:1:0.0142463512,C60pi55:1:0.0215600067,C60pi56:1:0.0199150700,C60pi57:1:0.0038964200,C60pi58:1:0.0113448855,C60pi59:1:0.0128595846,C60pi60:1:0.0117656776}
WARNING: Your input class weight 0.000415008 is very small and may cause numerical issues
749  LG+C60        47073.793    298 94743.587    272947.587   95778.323
Akaike Information Criterion:           C60
Corrected Akaike Information Criterion: C60
Bayesian Information Criterion:         C60
Best-fit model: C60 chosen according to BIC

All model information printed to iqtree_gene_trees/COG0692.model.gz
CPU time for ModelFinder: 62452.429 seconds (17h:20m:52s)
Wall-clock time for ModelFinder: 6274.746 seconds (1h:44m:34s)
Generating 1000 samples for ultrafast bootstrap (seed: 230594)...
Model C60 is alias for POISSON+G+FMIX{C60pi1:1:0.0169698865,C60pi2:1:0.0211683374,C60pi3:1:0.0276589079,C60pi4:1:0.0065675964,C60pi5:1:0.0141221416,C60pi6:1:0.0068774834,C60pi7:1:0.0146909701,C60pi8:1:0.0067225777,C60pi9:1:0.0018396660,C60pi10:1:0.0102547197,C60pi11:1:0.0230896163,C60pi12:1:0.0057941033,C60pi13:1:0.0125394534,C60pi14:1:0.0204526478,C60pi15:1:0.0070629602,C60pi16:1:0.0117982741,C60pi17:1:0.0068334668,C60pi18:1:0.0433775839,C60pi19:1:0.0318278731,C60pi20:1:0.0222546108,C60pi21:1:0.0102264969,C60pi22:1:0.0150545891,C60pi23:1:0.0134159878,C60pi24:1:0.0148552065,C60pi25:1:0.0239111516,C60pi26:1:0.0128776278,C60pi27:1:0.0222318842,C60pi28:1:0.0247444742,C60pi29:1:0.0214274810,C60pi30:1:0.0115001882,C60pi31:1:0.0076017389,C60pi32:1:0.0130258568,C60pi33:1:0.0093701965,C60pi34:1:0.0467194264,C60pi35:1:0.0441940314,C60pi36:1:0.0322263154,C60pi37:1:0.0402999891,C60pi38:1:0.0150234227,C60pi39:1:0.0104589903,C60pi40:1:0.0214742395,C60pi41:1:0.0154957836,C60pi42:1:0.0101789953,C60pi43:1:0.0227980379,C60pi44:1:0.0123204539,C60pi45:1:0.0066777583,C60pi46:1:0.0004150083,C60pi47:1:0.0344385130,C60pi48:1:0.0113663379,C60pi49:1:0.0127143049,C60pi50:1:0.0124323741,C60pi51:1:0.0262124415,C60pi52:1:0.0064994957,C60pi53:1:0.0103203293,C60pi54:1:0.0142463512,C60pi55:1:0.0215600067,C60pi56:1:0.0199150700,C60pi57:1:0.0038964200,C60pi58:1:0.0113448855,C60pi59:1:0.0128595846,C60pi60:1:0.0117656776}
WARNING: Your input class weight 0.000415008 is very small and may cause numerical issues

NOTE: 1425 MB RAM (1 GB) is required!
Estimate model parameters (epsilon = 0.100)
1. Initial log-likelihood: -47055.884
Optimal log-likelihood: -47055.882
Mixture weights: 0.017 0.021 0.028 0.007 0.014 0.007 0.015 0.007 0.002 0.010 0.023 0.006 0.013 0.020 0.007 0.012 0.007 0.043 0.032 0.022 0.010 0.015 0.013 0.015 0.024 0.013 0.022 0.025 0.021 0.012 0.008 0.013 0.009 0.047 0.044 0.032 0.040 0.015 0.010 0.021 0.015 0.010 0.023 0.012 0.007 0.000 0.034 0.011 0.013 0.012 0.026 0.006 0.010 0.014 0.022 0.020 0.004 0.011 0.013 0.012
Gamma shape alpha: 0.825
Parameters optimization took 1 rounds (5.476 sec)
Wrote distance file to... 
Computing ML distances based on estimated model parameters...
Calculating distance matrix: done in 0.47996 secs using 999.2% CPU
Computing ML distances took 0.480258 sec (of wall-clock time) 4.798086 sec (of CPU time)
Setting up auxiliary I and S matrices: done in 0.00205347 secs using 684.9% CPU
Constructing RapidNJ tree: done in 0.173541 secs using 300.5% CPU
Computing RapidNJ tree took 0.175878 sec (of wall-clock time) 0.536404 sec (of CPU time)
Log-likelihood of RapidNJ tree: -47185.768
--------------------------------------------------------------------
|             INITIALIZING CANDIDATE TREE SET                      |
--------------------------------------------------------------------
Generating 98 parsimony trees... 7.127 second
Computing log-likelihood of 98 initial trees ... 186.107 seconds
Current best score: -47055.882

Do NNI search on 20 best initial trees
Optimizing NNI: done in 57.361 secs using 985.2% CPU
Estimate model parameters (epsilon = 0.100)
BETTER TREE FOUND at iteration 1: -46939.138
Optimizing NNI: done in 51.5492 secs using 985.5% CPU
Estimate model parameters (epsilon = 0.100)
BETTER TREE FOUND at iteration 2: -46908.284
Optimizing NNI: done in 74.1812 secs using 985.5% CPU
Estimate model parameters (epsilon = 0.100)
BETTER TREE FOUND at iteration 3: -46901.263
Optimizing NNI: done in 48.5568 secs using 987.2% CPU
Optimizing NNI: done in 55.3015 secs using 985.8% CPU
Optimizing NNI: done in 55.7126 secs using 986.5% CPU
Estimate model parameters (epsilon = 0.100)
BETTER TREE FOUND at iteration 6: -46877.546
Optimizing NNI: done in 72.2334 secs using 984.5% CPU
Optimizing NNI: done in 81.3597 secs using 982.3% CPU
Optimizing NNI: done in 75.0144 secs using 982.5% CPU
Optimizing NNI: done in 64.6422 secs using 981.5% CPU
Iteration 10 / LogL: -46941.242 / Time: 0h:15m:2s
Optimizing NNI: done in 77.3955 secs using 980.5% CPU
Optimizing NNI: done in 77.53 secs using 981.3% CPU
Optimizing NNI: done in 65.8847 secs using 982.2% CPU
Optimizing NNI: done in 63.4769 secs using 980.3% CPU
Optimizing NNI: done in 82.6399 secs using 981.4% CPU
Optimizing NNI: done in 67.0567 secs using 980.9% CPU
Optimizing NNI: done in 100.892 secs using 982.3% CPU
Optimizing NNI: done in 81.5454 secs using 981.9% CPU
Optimizing NNI: done in 75.6249 secs using 981.5% CPU
Optimizing NNI: done in 75.3882 secs using 979.3% CPU
Iteration 20 / LogL: -47023.513 / Time: 0h:27m:53s
Finish initializing candidate tree set (20)
Current best tree score: -46877.546 / CPU time: 1648.503
Number of iterations: 20
--------------------------------------------------------------------
|               OPTIMIZING CANDIDATE TREE SET                      |
--------------------------------------------------------------------
Optimizing NNI: done in 59.3562 secs using 981.6% CPU
Optimizing NNI: done in 77.1034 secs using 980.2% CPU
Optimizing NNI: done in 56.1207 secs using 979.6% CPU
Optimizing NNI: done in 60.5431 secs using 982.6% CPU
Estimate model parameters (epsilon = 0.100)
BETTER TREE FOUND at iteration 24: -46839.668
Optimizing NNI: done in 64.3259 secs using 983.2% CPU
Optimizing NNI: done in 80.1253 secs using 981.7% CPU
Optimizing NNI: done in 54.0568 secs using 981.2% CPU
Optimizing NNI: done in 66.0827 secs using 981.2% CPU
Optimizing NNI: done in 58.7232 secs using 980.3% CPU
Optimizing NNI: done in 61.9788 secs using 981.9% CPU
Iteration 30 / LogL: -46842.052 / Time: 0h:38m:41s (2h:5m:26s left)
Optimizing NNI: done in 64.5836 secs using 982.9% CPU
Estimate model parameters (epsilon = 0.100)
BETTER TREE FOUND at iteration 31: -46835.470
Optimizing NNI: done in 38.7705 secs using 980.6% CPU
Optimizing NNI: done in 57.1105 secs using 981.2% CPU
Optimizing NNI: done in 56.4759 secs using 979.5% CPU
Optimizing NNI: done in 61.5925 secs using 981.6% CPU
Estimate model parameters (epsilon = 0.100)
BETTER TREE FOUND at iteration 35: -46824.755
Optimizing NNI: done in 50.8492 secs using 980.6% CPU
Optimizing NNI: done in 55.6848 secs using 981.2% CPU
Optimizing NNI: done in 63.4909 secs using 981.9% CPU
Optimizing NNI: done in 65.4241 secs using 981.8% CPU
Optimizing NNI: done in 49.3848 secs using 985.4% CPU
Estimate model parameters (epsilon = 0.100)
BETTER TREE FOUND at iteration 40: -46824.197
Iteration 40 / LogL: -46824.197 / Time: 0h:48m:43s (2h:4m:56s left)
Optimizing NNI: done in 52.2194 secs using 984.7% CPU
Optimizing NNI: done in 57.3322 secs using 983.7% CPU
Optimizing NNI: done in 48.4352 secs using 982.7% CPU
Estimate model parameters (epsilon = 0.100)
BETTER TREE FOUND at iteration 43: -46817.933
Optimizing NNI: done in 55.9966 secs using 981.6% CPU
Optimizing NNI: done in 46.632 secs using 981% CPU
Optimizing NNI: done in 52.2535 secs using 980.5% CPU
Optimizing NNI: done in 51.3474 secs using 981.6% CPU
