IQ-TREE multicore version 2.2.0.3 COVID-edition for Linux 64-bit built Aug  2 2022
Developed by Bui Quang Minh, James Barbetti, Nguyen Lam Tung,
Olga Chernomor, Heiko Schmidt, Dominik Schrempf, Michael Woodhams, Ly Trong Nhan.

Host:    baross.its.carleton.edu (AVX2, FMA3, 755 GB RAM)
Command: iqtree -s gene_alignments/trimv2_COG0490.afa --nmax 3000 -m MFP -bb 1000 -wbtl -ntmax 10 -nt AUTO -T 10 --prefix iqtree_gene_trees/COG0490 -madd C10,C20,C30,C40,C50,C60,EX2,EX3,EHO,UL2,UL3,EX_EHO,LG4M,LG4X,CF4,LG+C10,LG+C20,LG+C30,LG+C40,LG+C50,LG+C60 -mrate E,I,G,I+G,R
Seed:    8354 (Using SPRNG - Scalable Parallel Random Number Generator)
Time:    Tue Apr 11 02:54:16 2023
Kernel:  AVX+FMA - 10 threads (96 CPU cores detected)

Reading alignment file gene_alignments/trimv2_COG0490.afa ... Fasta format detected
Reading fasta file: done in 0.000319863 secs
Alignment most likely contains protein sequences
Constructing alignment: done in 0.00220305 secs using 905.8% CPU
WARNING: 37 sites contain only gaps or ambiguous characters.
Alignment has 10 sequences with 401 columns, 339 distinct patterns
276 parsimony-informative, 51 singleton sites, 74 constant sites
                                                            Gap/Ambiguity  Composition  p-value
Analyzing sequences: done in 4.80271e-05 secs using 839.1% CPU
   1  GCA.002500605.1.Bacteria.Nitrospinota_DLRR01000022.1_4        9.98%    passed     98.69%
   2  GCA.001735895.1.Bacteria.Proteobacteria_DS021199.1_1291       9.23%    passed     95.47%
   3  GCA.002899795.1.Bacteria.Desulfobacterota_PPDG01000227.1_4    9.98%    passed     98.72%
   4  GCA.002338605.1.Bacteria.Proteobacteria_DDIP01000226.1_6      9.98%    passed     99.55%
   5  GCA.003235715.1.Bacteria.Nitrospirota_QJVM01000170.1_13       9.73%    passed     67.66%
   6  GCA.002721365.1.Bacteria.Proteobacteria_PBKC01000006.1_5      9.73%    passed     15.76%
   7  GCA.002420425.1.Bacteria.Proteobacteria_DIIC01000007.1_89     9.23%    passed     92.75%
   8  GCF.001908175.1.Bacteria.Firmicutes_NZ_MOEL01000005.1_21      9.73%    passed     20.23%
   9  GCA.003229375.1.Bacteria.Nitrospinota_QIDP01000159.1_10       9.73%    passed     61.95%
  10  GCA.002688175.1.Bacteria.Proteobacteria_NZCC01000057.1_7      9.98%    passed     91.31%
****  TOTAL                                                         9.73%  0 sequences failed composition chi2 test (p-value<5%; df=19)
Checking for duplicate sequences: done in 0.000153409 secs using 947.1% CPU


Create initial parsimony tree by phylogenetic likelihood library (PLL)... 0.001 seconds
Perform fast likelihood tree search using LG+I+G model...
Estimate model parameters (epsilon = 5.000)
Perform nearest neighbor interchange...
Optimizing NNI: done in 0.0296302 secs using 995.9% CPU
Estimate model parameters (epsilon = 1.000)
1. Initial log-likelihood: -6011.668
Optimal log-likelihood: -6010.729
Proportion of invariable sites: 0.037
Gamma shape alpha: 1.344
Parameters optimization took 1 rounds (0.015 sec)
Time for fast ML tree search: 0.086 seconds

NOTE: ModelFinder requires 6 MB RAM!
ModelFinder will test up to 749 protein models (sample size: 401) ...
 No. Model         -LnL         df  AIC          AICc         BIC
  1  LG            6151.514     17  12337.027    12338.625    12404.924
  2  LG+I          6113.329     18  12262.659    12264.449    12334.550
  3  LG+G4         6009.424     18  12054.848    12056.639    12126.739
  4  LG+I+G4       6009.809     19  12057.618    12059.613    12133.504
  5  LG+R2         6013.148     19  12064.296    12066.290    12140.181
  6  LG+R3         6007.192     21  12056.385    12058.823    12140.258
 14  LG+F          6152.915     36  12377.829    12385.148    12521.612
 15  LG+F+I        6110.500     37  12295.001    12302.747    12442.777
 16  LG+F+G4       5977.030     37  12028.060    12035.807    12175.837
 17  LG+F+I+G4     5977.433     38  12030.866    12039.054    12182.637
 18  LG+F+R2       5980.706     38  12037.413    12045.601    12189.183
 19  LG+F+R3       5975.201     40  12030.401    12039.512    12190.160
 27  WAG           6137.040     17  12308.080    12309.678    12375.978
 28  WAG+I         6104.705     18  12245.410    12247.201    12317.302
 29  WAG+G4        6038.624     18  12113.248    12115.039    12185.139
 30  WAG+I+G4      6038.718     19  12115.435    12117.430    12191.321
 31  WAG+R2        6042.426     19  12122.851    12124.846    12198.737
 32  WAG+R3        6037.838     21  12117.675    12120.113    12201.549
 40  WAG+F         6112.399     36  12296.797    12304.116    12440.580
 41  WAG+F+I       6078.245     37  12230.490    12238.237    12378.267
 42  WAG+F+G4      5990.997     37  12055.994    12063.740    12203.770
 43  WAG+F+I+G4    5991.358     38  12058.715    12066.903    12210.486
 44  WAG+F+R2      5993.168     38  12062.337    12070.525    12214.107
 45  WAG+F+R3      5990.125     40  12060.251    12069.362    12220.009
 53  JTT           6184.164     17  12402.328    12403.926    12470.225
 54  JTT+I         6142.798     18  12321.596    12323.386    12393.487
 55  JTT+G4        6056.115     18  12148.230    12150.021    12220.122
 56  JTT+I+G4      6056.409     19  12150.817    12152.812    12226.702
 57  JTT+R2        6063.582     19  12165.163    12167.158    12241.049
 58  JTT+R3        6053.268     21  12148.537    12150.974    12232.410
 59  JTT+R4        6049.148     23  12144.295    12147.224    12236.157
 66  JTT+F         6192.612     36  12457.225    12464.543    12601.007
 67  JTT+F+I       6148.599     37  12371.198    12378.944    12518.974
 68  JTT+F+G4      6034.519     37  12143.039    12150.785    12290.816
 69  JTT+F+I+G4    6034.894     38  12145.787    12153.975    12297.558
 70  JTT+F+R2      6041.390     38  12158.781    12166.968    12310.551
 71  JTT+F+R3      6032.199     40  12144.398    12153.509    12304.157
 72  JTT+F+R4      6029.156     42  12142.313    12152.402    12310.059
WARNING: Normalizing state frequencies so that sum of them equals to 1
 79  Q.pfam        6138.531     17  12311.061    12312.659    12378.959
WARNING: Normalizing state frequencies so that sum of them equals to 1
 80  Q.pfam+I      6101.509     18  12239.018    12240.808    12310.909
WARNING: Normalizing state frequencies so that sum of them equals to 1
 81  Q.pfam+G4     5998.515     18  12033.030    12034.820    12104.921
WARNING: Normalizing state frequencies so that sum of them equals to 1
 82  Q.pfam+I+G4   5998.916     19  12035.831    12037.826    12111.716
WARNING: Normalizing state frequencies so that sum of them equals to 1
 83  Q.pfam+R2     6001.086     19  12040.171    12042.166    12116.056
WARNING: Normalizing state frequencies so that sum of them equals to 1
 84  Q.pfam+R3     5996.174     21  12034.349    12036.787    12118.222
WARNING: Normalizing state frequencies so that sum of them equals to 1
 92  Q.pfam+F      6161.163     36  12394.327    12401.646    12538.109
WARNING: Normalizing state frequencies so that sum of them equals to 1
 93  Q.pfam+F+I    6120.420     37  12314.840    12322.586    12462.616
WARNING: Normalizing state frequencies so that sum of them equals to 1
 94  Q.pfam+F+G4   5984.236     37  12042.473    12050.219    12190.249
WARNING: Normalizing state frequencies so that sum of them equals to 1
 95  Q.pfam+F+I+G4 5984.649     38  12045.299    12053.487    12197.070
WARNING: Normalizing state frequencies so that sum of them equals to 1
 96  Q.pfam+F+R2   5987.077     38  12050.154    12058.342    12201.925
WARNING: Normalizing state frequencies so that sum of them equals to 1
 97  Q.pfam+F+R3   5981.889     40  12043.777    12052.888    12203.535
WARNING: Normalizing state frequencies so that sum of them equals to 1
105  Q.bird        6355.625     17  12745.251    12746.849    12813.148
WARNING: Normalizing state frequencies so that sum of them equals to 1
106  Q.bird+I      6296.979     18  12629.957    12631.748    12701.849
WARNING: Normalizing state frequencies so that sum of them equals to 1
107  Q.bird+G4     6146.232     18  12328.464    12330.255    12400.356
WARNING: Normalizing state frequencies so that sum of them equals to 1
108  Q.bird+I+G4   6146.681     19  12331.362    12333.357    12407.247
WARNING: Normalizing state frequencies so that sum of them equals to 1
109  Q.bird+R2     6163.387     19  12364.774    12366.768    12440.659
WARNING: Normalizing state frequencies so that sum of them equals to 1
110  Q.bird+R3     6136.182     21  12314.364    12316.802    12398.237
WARNING: Normalizing state frequencies so that sum of them equals to 1
111  Q.bird+R4     6132.091     23  12310.182    12313.111    12402.043
WARNING: Normalizing state frequencies so that sum of them equals to 1
118  Q.bird+F      6400.329     36  12872.658    12879.977    13016.441
WARNING: Normalizing state frequencies so that sum of them equals to 1
119  Q.bird+F+I    6336.723     37  12747.446    12755.193    12895.223
WARNING: Normalizing state frequencies so that sum of them equals to 1
120  Q.bird+F+G4   6128.791     37  12331.581    12339.328    12479.358
WARNING: Normalizing state frequencies so that sum of them equals to 1
121  Q.bird+F+I+G4 6129.011     38  12334.022    12342.209    12485.792
WARNING: Normalizing state frequencies so that sum of them equals to 1
122  Q.bird+F+R2   6147.968     38  12371.937    12380.125    12523.707
WARNING: Normalizing state frequencies so that sum of them equals to 1
123  Q.bird+F+R3   6119.730     40  12319.460    12328.571    12479.219
WARNING: Normalizing state frequencies so that sum of them equals to 1
124  Q.bird+F+R4   6118.172     42  12320.344    12330.434    12488.091
WARNING: Normalizing state frequencies so that sum of them equals to 1
131  Q.mammal      6308.148     17  12650.296    12651.894    12718.193
WARNING: Normalizing state frequencies so that sum of them equals to 1
132  Q.mammal+I    6253.423     18  12542.846    12544.636    12614.737
WARNING: Normalizing state frequencies so that sum of them equals to 1
133  Q.mammal+G4   6126.205     18  12288.410    12290.200    12360.301
WARNING: Normalizing state frequencies so that sum of them equals to 1
134  Q.mammal+I+G4 6126.629     19  12291.258    12293.253    12367.143
WARNING: Normalizing state frequencies so that sum of them equals to 1
135  Q.mammal+R2   6139.699     19  12317.397    12319.392    12393.283
WARNING: Normalizing state frequencies so that sum of them equals to 1
136  Q.mammal+R3   6117.475     21  12276.950    12279.388    12360.823
WARNING: Normalizing state frequencies so that sum of them equals to 1
137  Q.mammal+R4   6114.155     23  12274.310    12277.239    12366.171
WARNING: Normalizing state frequencies so that sum of them equals to 1
144  Q.mammal+F    6333.095     36  12738.189    12745.508    12881.972
WARNING: Normalizing state frequencies so that sum of them equals to 1
145  Q.mammal+F+I  6275.874     37  12625.747    12633.494    12773.524
WARNING: Normalizing state frequencies so that sum of them equals to 1
146  Q.mammal+F+G4 6098.804     37  12271.608    12279.354    12419.384
WARNING: Normalizing state frequencies so that sum of them equals to 1
147  Q.mammal+F+I+G4 6099.165     38  12274.331    12282.519    12426.101
WARNING: Normalizing state frequencies so that sum of them equals to 1
148  Q.mammal+F+R2 6113.076     38  12302.151    12310.339    12453.922
WARNING: Normalizing state frequencies so that sum of them equals to 1
149  Q.mammal+F+R3 6090.910     40  12261.820    12270.931    12421.578
WARNING: Normalizing state frequencies so that sum of them equals to 1
150  Q.mammal+F+R4 6089.867     42  12263.734    12273.824    12431.481
157  Q.insect      6221.917     17  12477.834    12479.432    12545.731
158  Q.insect+I    6172.705     18  12381.411    12383.202    12453.302
159  Q.insect+G4   6067.319     18  12170.638    12172.428    12242.529
160  Q.insect+I+G4 6067.654     19  12173.308    12175.302    12249.193
161  Q.insect+R2   6074.537     19  12187.073    12189.068    12262.959
162  Q.insect+R3   6064.708     21  12171.417    12173.855    12255.290
163  Q.insect+R4   6058.688     23  12163.376    12166.304    12255.237
164  Q.insect+R5   6058.549     25  12167.099    12170.566    12266.948
170  Q.insect+F    6195.996     36  12463.992    12471.310    12607.774
171  Q.insect+F+I  6144.464     37  12362.928    12370.674    12510.704
172  Q.insect+F+G4 6007.146     37  12088.292    12096.039    12236.069
173  Q.insect+F+I+G4 6007.630     38  12091.259    12099.447    12243.030
174  Q.insect+F+R2 6013.933     38  12103.866    12112.054    12255.637
175  Q.insect+F+R3 6004.788     40  12089.577    12098.688    12249.335
176  Q.insect+F+R4 6000.064     42  12084.127    12094.217    12251.874
WARNING: Normalizing state frequencies so that sum of them equals to 1
183  Q.plant       6235.743     17  12505.485    12507.083    12573.382
WARNING: Normalizing state frequencies so that sum of them equals to 1
184  Q.plant+I     6185.808     18  12407.616    12409.407    12479.507
WARNING: Normalizing state frequencies so that sum of them equals to 1
185  Q.plant+G4    6044.466     18  12124.932    12126.723    12196.823
WARNING: Normalizing state frequencies so that sum of them equals to 1
186  Q.plant+I+G4  6044.911     19  12127.821    12129.816    12203.706
WARNING: Normalizing state frequencies so that sum of them equals to 1
187  Q.plant+R2    6055.174     19  12148.349    12150.343    12224.234
WARNING: Normalizing state frequencies so that sum of them equals to 1
188  Q.plant+R3    6036.992     21  12115.983    12118.421    12199.856
WARNING: Normalizing state frequencies so that sum of them equals to 1
189  Q.plant+R4    6032.680     23  12111.359    12114.288    12203.221
WARNING: Normalizing state frequencies so that sum of them equals to 1
196  Q.plant+F     6259.899     36  12591.798    12599.117    12735.581
WARNING: Normalizing state frequencies so that sum of them equals to 1
197  Q.plant+F+I   6207.401     37  12488.802    12496.548    12636.578
WARNING: Normalizing state frequencies so that sum of them equals to 1
198  Q.plant+F+G4  6027.736     37  12129.472    12137.219    12277.249
WARNING: Normalizing state frequencies so that sum of them equals to 1
199  Q.plant+F+I+G4 6028.192     38  12132.384    12140.572    12284.155
WARNING: Normalizing state frequencies so that sum of them equals to 1
200  Q.plant+F+R2  6038.862     38  12153.723    12161.911    12305.494
WARNING: Normalizing state frequencies so that sum of them equals to 1
201  Q.plant+F+R3  6020.653     40  12121.306    12130.417    12281.065
WARNING: Normalizing state frequencies so that sum of them equals to 1
202  Q.plant+F+R4  6017.987     42  12119.974    12130.064    12287.721
WARNING: Normalizing state frequencies so that sum of them equals to 1
209  Q.yeast       6226.593     17  12487.185    12488.783    12555.083
WARNING: Normalizing state frequencies so that sum of them equals to 1
210  Q.yeast+I     6179.744     18  12395.488    12397.279    12467.380
WARNING: Normalizing state frequencies so that sum of them equals to 1
211  Q.yeast+G4    6069.128     18  12174.257    12176.048    12246.148
WARNING: Normalizing state frequencies so that sum of them equals to 1
212  Q.yeast+I+G4  6069.455     19  12176.910    12178.904    12252.795
WARNING: Normalizing state frequencies so that sum of them equals to 1
213  Q.yeast+R2    6075.351     19  12188.702    12190.696    12264.587
WARNING: Normalizing state frequencies so that sum of them equals to 1
214  Q.yeast+R3    6067.453     21  12176.906    12179.344    12260.779
WARNING: Normalizing state frequencies so that sum of them equals to 1
215  Q.yeast+R4    6060.539     23  12167.077    12170.006    12258.938
WARNING: Normalizing state frequencies so that sum of them equals to 1
216  Q.yeast+R5    6060.362     25  12170.724    12174.191    12270.574
WARNING: Normalizing state frequencies so that sum of them equals to 1
222  Q.yeast+F     6182.992     36  12437.985    12445.303    12581.767
WARNING: Normalizing state frequencies so that sum of them equals to 1
223  Q.yeast+F+I   6134.164     37  12342.329    12350.075    12490.105
WARNING: Normalizing state frequencies so that sum of them equals to 1
224  Q.yeast+F+G4  5993.623     37  12061.246    12068.992    12209.022
WARNING: Normalizing state frequencies so that sum of them equals to 1
225  Q.yeast+F+I+G4 5994.062     38  12064.123    12072.311    12215.894
WARNING: Normalizing state frequencies so that sum of them equals to 1
226  Q.yeast+F+R2  5999.315     38  12074.629    12082.817    12226.400
WARNING: Normalizing state frequencies so that sum of them equals to 1
227  Q.yeast+F+R3  5991.863     40  12063.726    12072.838    12223.485
WARNING: Normalizing state frequencies so that sum of them equals to 1
228  Q.yeast+F+R4  5986.686     42  12057.373    12067.462    12225.119
235  JTTDCMut      6184.024     17  12402.047    12403.645    12469.945
236  JTTDCMut+I    6143.411     18  12322.821    12324.612    12394.713
237  JTTDCMut+G4   6057.686     18  12151.372    12153.163    12223.263
238  JTTDCMut+I+G4 6057.981     19  12153.963    12155.958    12229.848
239  JTTDCMut+R2   6065.088     19  12168.177    12170.172    12244.062
240  JTTDCMut+R3   6054.923     21  12151.845    12154.283    12235.718
241  JTTDCMut+R4   6050.890     23  12147.779    12150.708    12239.640
248  JTTDCMut+F    6190.914     36  12453.828    12461.146    12597.610
249  JTTDCMut+F+I  6147.414     37  12368.827    12376.574    12516.604
250  JTTDCMut+F+G4 6034.122     37  12142.244    12149.990    12290.020
251  JTTDCMut+F+I+G4 6034.499     38  12144.999    12153.187    12296.769
252  JTTDCMut+F+R2 6040.853     38  12157.705    12165.893    12309.476
253  JTTDCMut+F+R3 6031.930     40  12143.860    12152.971    12303.618
254  JTTDCMut+F+R4 6028.758     42  12141.516    12151.606    12309.263
261  DCMut         6250.244     17  12534.488    12536.086    12602.385
262  DCMut+I       6204.570     18  12445.141    12446.931    12517.032
263  DCMut+G4      6123.992     18  12283.985    12285.776    12355.876
264  DCMut+I+G4    6123.453     19  12284.907    12286.901    12360.792
265  DCMut+R2      6131.898     19  12301.795    12303.790    12377.681
266  DCMut+R3      6123.460     21  12288.919    12291.357    12372.793
267  DCMut+R4      6119.610     23  12285.220    12288.148    12377.081
274  DCMut+F       6195.065     36  12462.130    12469.449    12605.913
275  DCMut+F+I     6148.064     37  12370.127    12377.874    12517.904
276  DCMut+F+G4    6041.562     37  12157.124    12164.870    12304.900
277  DCMut+F+I+G4  6041.767     38  12159.535    12167.723    12311.305
278  DCMut+F+R2    6048.371     38  12172.742    12180.930    12324.512
279  DCMut+F+R3    6038.638     40  12157.276    12166.387    12317.034
280  DCMut+F+R4    6036.617     42  12157.234    12167.324    12324.981
287  VT            6138.138     17  12310.277    12311.874    12378.174
288  VT+I          6106.706     18  12249.413    12251.203    12321.304
289  VT+G4         6045.000     18  12126.001    12127.791    12197.892
290  VT+I+G4       6045.221     19  12128.441    12130.436    12204.326
291  VT+R2         6048.204     19  12134.409    12136.403    12210.294
292  VT+R3         6043.920     21  12129.840    12132.278    12213.714
300  VT+F          6120.559     36  12313.118    12320.437    12456.901
301  VT+F+I        6087.503     37  12249.006    12256.753    12396.783
302  VT+F+G4       6007.626     37  12089.253    12096.999    12237.029
303  VT+F+I+G4     6008.012     38  12092.025    12100.213    12243.795
304  VT+F+R2       6009.803     38  12095.605    12103.793    12247.376
305  VT+F+R3       6006.657     40  12093.313    12102.424    12253.072
313  PMB           6149.701     17  12333.401    12334.999    12401.299
314  PMB+I         6121.330     18  12278.659    12280.450    12350.550
315  PMB+G4        6061.851     18  12159.703    12161.494    12231.594
316  PMB+I+G4      6062.162     19  12162.324    12164.319    12238.210
317  PMB+R2        6063.183     19  12164.367    12166.361    12240.252
318  PMB+R3        6060.607     21  12163.213    12165.651    12247.087
326  PMB+F         6138.069     36  12348.138    12355.457    12491.921
327  PMB+F+I       6107.496     37  12288.991    12296.738    12436.768
328  PMB+F+G4      6029.041     37  12132.081    12139.828    12279.858
329  PMB+F+I+G4    6029.427     38  12134.855    12143.043    12286.625
330  PMB+F+R2      6029.861     38  12135.722    12143.910    12287.493
331  PMB+F+R3      6027.480     40  12134.959    12144.070    12294.718
339  Blosum62      6151.286     17  12336.573    12338.171    12404.470
340  Blosum62+I    6123.306     18  12282.612    12284.403    12354.503
341  Blosum62+G4   6061.104     18  12158.207    12159.998    12230.098
342  Blosum62+I+G4 6061.440     19  12160.881    12162.876    12236.766
343  Blosum62+R2   6062.163     19  12162.327    12164.322    12238.212
344  Blosum62+R3   6059.665     21  12161.330    12163.768    12245.203
352  Blosum62+F    6133.370     36  12338.740    12346.059    12482.523
353  Blosum62+F+I  6102.463     37  12278.925    12286.672    12426.702
354  Blosum62+F+G4 6023.757     37  12121.514    12129.260    12269.290
355  Blosum62+F+I+G4 6024.102     38  12124.205    12132.393    12275.975
356  Blosum62+F+R2 6024.722     38  12125.445    12133.633    12277.215
357  Blosum62+F+R3 6022.260     40  12124.521    12133.632    12284.279
365  Dayhoff       6250.590     17  12535.180    12536.778    12603.077
366  Dayhoff+I     6204.775     18  12445.550    12447.340    12517.441
367  Dayhoff+G4    6123.847     18  12283.693    12285.484    12355.584
368  Dayhoff+I+G4  6123.298     19  12284.596    12286.591    12360.481
369  Dayhoff+R2    6131.789     19  12301.578    12303.573    12377.464
370  Dayhoff+R3    6123.326     21  12288.651    12291.089    12372.524
371  Dayhoff+R4    6119.435     23  12284.869    12287.798    12376.731
378  Dayhoff+F     6195.501     36  12463.002    12470.321    12606.785
379  Dayhoff+F+I   6148.350     37  12370.701    12378.447    12518.477
380  Dayhoff+F+G4  6041.472     37  12156.944    12164.691    12304.721
381  Dayhoff+F+I+G4 6041.671     38  12159.342    12167.530    12311.112
382  Dayhoff+F+R2  6048.306     38  12172.611    12180.799    12324.382
383  Dayhoff+F+R3  6038.546     40  12157.092    12166.203    12316.850
384  Dayhoff+F+R4  6036.524     42  12157.048    12167.137    12324.794
391  mtREV         6577.760     17  13189.520    13191.118    13257.417
392  mtREV+I       6523.114     18  13082.228    13084.018    13154.119
393  mtREV+G4      6292.017     18  12620.034    12621.825    12691.926
394  mtREV+I+G4    6292.453     19  12622.906    12624.901    12698.792
395  mtREV+R2      6301.105     19  12640.211    12642.206    12716.096
396  mtREV+R3      6284.367     21  12610.733    12613.171    12694.606
397  mtREV+R4      6283.691     23  12613.382    12616.310    12705.243
404  mtREV+F       6352.810     36  12777.620    12784.939    12921.402
405  mtREV+F+I     6299.325     37  12672.649    12680.396    12820.426
406  mtREV+F+G4    6076.812     37  12227.624    12235.370    12375.400
407  mtREV+F+I+G4  6077.187     38  12230.375    12238.563    12382.145
408  mtREV+F+R2    6089.126     38  12254.252    12262.440    12406.023
409  mtREV+F+R3    6071.271     40  12222.543    12231.654    12382.301
410  mtREV+F+R4    6070.597     42  12225.194    12235.283    12392.940
417  mtART         6791.891     17  13617.781    13619.379    13685.679
418  mtART+I       6714.729     18  13465.458    13467.249    13537.350
419  mtART+G4      6334.690     18  12705.380    12707.170    12777.271
420  mtART+I+G4    6334.616     19  12707.232    12709.227    12783.118
421  mtART+R2      6356.957     19  12751.915    12753.910    12827.800
422  mtART+R3      6317.984     21  12677.967    12680.405    12761.840
423  mtART+R4      6317.780     23  12681.559    12684.488    12773.420
430  mtART+F       6584.363     36  13240.727    13248.045    13384.509
431  mtART+F+I     6511.408     37  13096.817    13104.563    13244.593
432  mtART+F+G4    6142.850     37  12359.700    12367.447    12507.477
433  mtART+F+I+G4  6142.701     38  12361.403    12369.590    12513.173
434  mtART+F+R2    6170.419     38  12416.839    12425.027    12568.609
435  mtART+F+R3    6125.138     40  12330.275    12339.387    12490.034
436  mtART+F+R4    6123.442     42  12330.884    12340.973    12498.630
443  mtZOA         6542.032     17  13118.064    13119.662    13185.962
444  mtZOA+I       6475.749     18  12987.498    12989.289    13059.390
445  mtZOA+G4      6187.182     18  12410.364    12412.154    12482.255
446  mtZOA+I+G4    6187.594     19  12413.188    12415.183    12489.073
447  mtZOA+R2      6198.895     19  12435.789    12437.784    12511.675
448  mtZOA+R3      6177.406     21  12396.812    12399.250    12480.685
449  mtZOA+R4      6177.268     23  12400.535    12403.463    12492.396
456  mtZOA+F       6412.375     36  12896.749    12904.068    13040.532
457  mtZOA+F+I     6346.791     37  12767.582    12775.329    12915.359
458  mtZOA+F+G4    6071.073     37  12216.146    12223.893    12363.923
459  mtZOA+F+I+G4  6071.403     38  12218.806    12226.994    12370.577
460  mtZOA+F+R2    6086.026     38  12248.052    12256.240    12399.823
461  mtZOA+F+R3    6061.961     40  12203.921    12213.032    12363.680
462  mtZOA+F+R4    6057.579     42  12199.159    12209.248    12366.905
469  mtMet         6620.494     17  13274.989    13276.587    13342.886
470  mtMet+I       6560.889     18  13157.777    13159.568    13229.669
471  mtMet+G4      6327.532     18  12691.064    12692.855    12762.956
472  mtMet+I+G4    6327.969     19  12693.939    12695.933    12769.824
473  mtMet+R2      6336.899     19  12711.798    12713.792    12787.683
474  mtMet+R3      6322.006     21  12686.013    12688.451    12769.886
475  mtMet+R4      6321.051     23  12688.103    12691.031    12779.964
482  mtMet+F       6378.057     36  12828.114    12835.433    12971.897
483  mtMet+F+I     6316.470     37  12706.940    12714.686    12854.716
484  mtMet+F+G4    6077.065     37  12228.130    12235.876    12375.906
485  mtMet+F+I+G4  6077.414     38  12230.828    12239.016    12382.598
486  mtMet+F+R2    6091.304     38  12258.608    12266.796    12410.379
487  mtMet+F+R3    6071.436     40  12222.873    12231.984    12382.631
488  mtMet+F+R4    6065.315     42  12214.629    12224.718    12382.375
489  mtMet+F+R5    6065.007     44  12218.013    12229.137    12393.748
495  mtVer         6695.676     17  13425.351    13426.949    13493.248
496  mtVer+I       6624.749     18  13285.499    13287.289    13357.390
497  mtVer+G4      6353.123     18  12742.245    12744.036    12814.136
498  mtVer+I+G4    6352.889     19  12743.778    12745.773    12819.663
499  mtVer+R2      6369.891     19  12777.782    12779.777    12853.668
500  mtVer+R3      6345.755     21  12733.509    12735.947    12817.383
501  mtVer+R4      6340.789     23  12727.577    12730.506    12819.438
508  mtVer+F       6457.053     36  12986.107    12993.426    13129.890
509  mtVer+F+I     6386.329     37  12846.658    12854.404    12994.434
510  mtVer+F+G4    6130.982     37  12335.964    12343.711    12483.741
511  mtVer+F+I+G4  6130.862     38  12337.724    12345.912    12489.495
512  mtVer+F+R2    6149.314     38  12374.628    12382.816    12526.399
513  mtVer+F+R3    6123.462     40  12326.923    12336.034    12486.682
514  mtVer+F+R4    6117.820     42  12319.640    12329.729    12487.386
521  mtInv         6616.631     17  13267.262    13268.860    13335.159
522  mtInv+I       6564.557     18  13165.114    13166.904    13237.005
523  mtInv+G4      6376.582     18  12789.164    12790.954    12861.055
524  mtInv+I+G4    6377.099     19  12792.198    12794.193    12868.083
525  mtInv+R2      6380.055     19  12798.110    12800.105    12873.996
526  mtInv+R3      6371.838     21  12785.675    12788.113    12869.548
527  mtInv+R4      6371.218     23  12788.436    12791.364    12880.297
534  mtInv+F       6290.399     36  12652.798    12660.116    12796.580
535  mtInv+F+I     6235.739     37  12545.477    12553.224    12693.254
536  mtInv+F+G4    6042.553     37  12159.106    12166.853    12306.883
537  mtInv+F+I+G4  6043.015     38  12162.031    12170.219    12313.801
538  mtInv+F+R2    6050.708     38  12177.417    12185.604    12329.187
539  mtInv+F+R3    6038.013     40  12156.027    12165.138    12315.785
540  mtInv+F+R4    6032.149     42  12148.298    12158.387    12316.044
547  mtMAM         6864.243     17  13762.487    13764.085    13830.384
548  mtMAM+I       6782.217     18  13600.434    13602.224    13672.325
549  mtMAM+G4      6394.837     18  12825.673    12827.464    12897.565
550  mtMAM+I+G4    6393.413     19  12824.827    12826.821    12900.712
551  mtMAM+R2      6420.717     19  12879.433    12881.428    12955.319
552  mtMAM+R3      6385.058     21  12812.115    12814.553    12895.988
553  mtMAM+R4      6374.166     23  12794.331    12797.260    12886.192
554  mtMAM+R5      6369.631     25  12789.262    12792.728    12889.111
560  mtMAM+F       6622.564     36  13317.129    13324.447    13460.911
561  mtMAM+F+I     6543.926     37  13161.853    13169.600    13309.630
562  mtMAM+F+G4    6181.166     37  12436.332    12444.079    12584.109
563  mtMAM+F+I+G4  6180.071     38  12436.142    12444.330    12587.913
564  mtMAM+F+R2    6212.346     38  12500.691    12508.879    12652.462
565  mtMAM+F+R3    6172.994     40  12425.988    12435.100    12585.747
566  mtMAM+F+R4    6162.609     42  12409.219    12419.308    12576.965
567  mtMAM+F+R5    6162.495     44  12412.990    12424.114    12588.724
WARNING: Normalizing state frequencies so that sum of them equals to 1
573  FLAVI         6496.985     17  13027.971    13029.568    13095.868
WARNING: Normalizing state frequencies so that sum of them equals to 1
574  FLAVI+I       6435.745     18  12907.491    12909.281    12979.382
WARNING: Normalizing state frequencies so that sum of them equals to 1
575  FLAVI+G4      6211.999     18  12459.997    12461.788    12531.889
WARNING: Normalizing state frequencies so that sum of them equals to 1
576  FLAVI+I+G4    6212.432     19  12462.864    12464.859    12538.749
WARNING: Normalizing state frequencies so that sum of them equals to 1
577  FLAVI+R2      6239.032     19  12516.065    12518.060    12591.950
WARNING: Normalizing state frequencies so that sum of them equals to 1
578  FLAVI+R3      6199.391     21  12440.783    12443.221    12524.656
WARNING: Normalizing state frequencies so that sum of them equals to 1
579  FLAVI+R4      6194.282     23  12434.565    12437.493    12526.426
WARNING: Normalizing state frequencies so that sum of them equals to 1
586  FLAVI+F       6520.426     36  13112.851    13120.170    13256.634
WARNING: Normalizing state frequencies so that sum of them equals to 1
587  FLAVI+F+I     6453.141     37  12980.282    12988.029    13128.059
WARNING: Normalizing state frequencies so that sum of them equals to 1
588  FLAVI+F+G4    6203.895     37  12481.789    12489.536    12629.566
WARNING: Normalizing state frequencies so that sum of them equals to 1
589  FLAVI+F+I+G4  6203.973     38  12483.947    12492.135    12635.717
WARNING: Normalizing state frequencies so that sum of them equals to 1
590  FLAVI+F+R2    6232.824     38  12541.649    12549.837    12693.419
WARNING: Normalizing state frequencies so that sum of them equals to 1
591  FLAVI+F+R3    6193.340     40  12466.680    12475.791    12626.438
WARNING: Normalizing state frequencies so that sum of them equals to 1
592  FLAVI+F+R4    6189.653     42  12463.306    12473.395    12631.052
599  HIVb          6346.255     17  12726.510    12728.108    12794.407
600  HIVb+I        6292.660     18  12621.321    12623.111    12693.212
601  HIVb+G4       6155.589     18  12347.179    12348.969    12419.070
602  HIVb+I+G4     6155.967     19  12349.934    12351.929    12425.819
603  HIVb+R2       6171.873     19  12381.747    12383.742    12457.632
604  HIVb+R3       6147.625     21  12337.250    12339.688    12421.123
605  HIVb+R4       6146.190     23  12338.380    12341.308    12430.241
612  HIVb+F        6342.943     36  12757.885    12765.204    12901.668
613  HIVb+F+I      6286.592     37  12647.185    12654.932    12794.962
614  HIVb+F+G4     6110.286     37  12294.572    12302.319    12442.349
615  HIVb+F+I+G4   6110.655     38  12297.310    12305.498    12449.081
616  HIVb+F+R2     6129.936     38  12335.872    12344.060    12487.642
617  HIVb+F+R3     6102.318     40  12284.636    12293.748    12444.395
618  HIVb+F+R4     6101.912     42  12287.824    12297.913    12455.570
625  HIVw          6583.805     17  13201.609    13203.207    13269.507
626  HIVw+I        6523.259     18  13082.518    13084.309    13154.409
627  HIVw+G4       6393.066     18  12822.132    12823.922    12894.023
628  HIVw+I+G4     6393.281     19  12824.563    12826.557    12900.448
629  HIVw+R2       6412.742     19  12863.483    12865.478    12939.369
630  HIVw+R3       6384.010     21  12810.021    12812.459    12893.894
631  HIVw+R4       6377.369     23  12800.739    12803.667    12892.600
632  HIVw+R5       6377.426     25  12804.852    12808.319    12904.701
638  HIVw+F        6481.700     36  13035.401    13042.719    13179.183
639  HIVw+F+I      6417.211     37  12908.423    12916.169    13056.199
640  HIVw+F+G4     6247.448     37  12568.896    12576.643    12716.673
641  HIVw+F+I+G4   6247.829     38  12571.657    12579.845    12723.428
642  HIVw+F+R2     6268.494     38  12612.987    12621.175    12764.758
643  HIVw+F+R3     6241.242     40  12562.484    12571.595    12722.243
644  HIVw+F+R4     6236.816     42  12557.632    12567.721    12725.378
651  FLU           6328.016     17  12690.032    12691.630    12757.930
652  FLU+I         6280.510     18  12597.019    12598.810    12668.910
653  FLU+G4        6149.244     18  12334.487    12336.278    12406.378
654  FLU+I+G4      6149.607     19  12337.214    12339.209    12413.099
655  FLU+R2        6161.000     19  12359.999    12361.994    12435.884
656  FLU+R3        6143.712     21  12329.423    12331.861    12413.297
657  FLU+R4        6141.500     23  12329.001    12331.929    12420.862
664  FLU+F         6292.045     36  12656.090    12663.409    12799.873
665  FLU+F+I       6242.389     37  12558.779    12566.525    12706.556
666  FLU+F+G4      6067.447     37  12208.894    12216.641    12356.671
667  FLU+F+I+G4    6067.680     38  12211.360    12219.548    12363.131
668  FLU+F+R2      6080.225     38  12236.451    12244.639    12388.221
669  FLU+F+R3      6062.790     40  12205.579    12214.690    12365.338
670  FLU+F+R4      6061.917     42  12207.834    12217.923    12375.580
677  rtREV         6225.821     17  12485.642    12487.240    12553.540
678  rtREV+I       6191.485     18  12418.970    12420.760    12490.861
679  rtREV+G4      6085.350     18  12206.700    12208.490    12278.591
680  rtREV+I+G4    6085.703     19  12209.405    12211.400    12285.291
681  rtREV+R2      6088.429     19  12214.859    12216.853    12290.744
682  rtREV+R3      6082.099     21  12206.199    12208.637    12290.072
683  rtREV+R4      6081.629     23  12209.258    12212.186    12301.119
690  rtREV+F       6165.870     36  12403.739    12411.058    12547.522
691  rtREV+F+I     6125.182     37  12324.364    12332.111    12472.141
692  rtREV+F+G4    5990.535     37  12055.070    12062.816    12202.846
693  rtREV+F+I+G4  5990.884     38  12057.767    12065.955    12209.538
694  rtREV+F+R2    5993.884     38  12063.768    12071.955    12215.538
695  rtREV+F+R3    5987.851     40  12055.702    12064.813    12215.461
696  rtREV+F+R4    5987.057     42  12058.115    12068.204    12225.861
703  cpREV         6155.439     17  12344.878    12346.475    12412.775
704  cpREV+I       6120.876     18  12277.751    12279.542    12349.642
705  cpREV+G4      6035.836     18  12107.671    12109.462    12179.563
706  cpREV+I+G4    6036.131     19  12110.262    12112.256    12186.147
707  cpREV+R2      6039.625     19  12117.250    12119.245    12193.136
708  cpREV+R3      6033.161     21  12108.321    12110.759    12192.194
709  cpREV+R4      6032.533     23  12111.066    12113.994    12202.927
716  cpREV+F       6137.850     36  12347.700    12355.019    12491.483
717  cpREV+F+I     6102.105     37  12278.210    12285.957    12425.987
718  cpREV+F+G4    6000.137     37  12074.274    12082.020    12222.050
719  cpREV+F+I+G4  6000.514     38  12077.028    12085.216    12228.799
720  cpREV+F+R2    6004.687     38  12085.374    12093.562    12237.145
721  cpREV+F+R3    5997.974     40  12075.947    12085.058    12235.706
722  cpREV+F+R4    5997.437     42  12078.874    12088.964    12246.621
Model C10 is alias for POISSON+G+FMIX{C10pi1:1:0.1191344178,C10pi2:1:0.0874372456,C10pi3:1:0.1037105070,C10pi4:1:0.0922584809,C10pi5:1:0.1070492801,C10pi6:1:0.1329945166,C10pi7:1:0.0538028458,C10pi8:1:0.0691986212,C10pi9:1:0.1319937434,C10pi10:1:0.1024203429}
729  C10           6154.951     18  12345.902    12347.692    12417.793
Model C20 is alias for POISSON+G+FMIX{C20pi1:1:0.0559910600,C20pi2:1:0.0514824870,C20pi3:1:0.0812922124,C20pi4:1:0.0721976867,C20pi5:1:0.0556718858,C20pi6:1:0.0331003080,C20pi7:1:0.0589501763,C20pi8:1:0.0263756889,C20pi9:1:0.0307584220,C20pi10:1:0.0376701125,C20pi11:1:0.0303058290,C20pi12:1:0.0808775576,C20pi13:1:0.0263349134,C20pi14:1:0.0579101455,C20pi15:1:0.0371248064,C20pi16:1:0.0586867766,C20pi17:1:0.0561479138,C20pi18:1:0.0349810886,C20pi19:1:0.0544937394,C20pi20:1:0.0596471901}
730  C20           6110.417     18  12256.833    12258.624    12328.724
Model C30 is alias for POISSON+G+FMIX{C30pi1:1:0.0095783264,C30pi2:1:0.0248476365,C30pi3:1:0.0636309366,C30pi4:1:0.0537939225,C30pi5:1:0.0295885587,C30pi6:1:0.0117587936,C30pi7:1:0.0132013428,C30pi8:1:0.0236868805,C30pi9:1:0.0261687659,C30pi10:1:0.0239821974,C30pi11:1:0.0257100906,C30pi12:1:0.0465072425,C30pi13:1:0.0546794546,C30pi14:1:0.0536085131,C30pi15:1:0.0270622670,C30pi16:1:0.0403913593,C30pi17:1:0.0474212700,C30pi18:1:0.0458816478,C30pi19:1:0.0214036510,C30pi20:1:0.0290385981,C30pi21:1:0.0123391793,C30pi22:1:0.0569350229,C30pi23:1:0.0419687568,C30pi24:1:0.0339027062,C30pi25:1:0.0388777376,C30pi26:1:0.0196343766,C30pi27:1:0.0233086174,C30pi28:1:0.0622722654,C30pi29:1:0.0184803385,C30pi30:1:0.0203395454}
731  C30           6112.443     18  12260.887    12262.677    12332.778
Model C40 is alias for POISSON+G+FMIX{C40pi1:1:0.0223853788,C40pi2:1:0.0338891820,C40pi3:1:0.0577169375,C40pi4:1:0.0252416233,C40pi5:1:0.0108607921,C40pi6:1:0.0462373793,C40pi7:1:0.0102293175,C40pi8:1:0.0147523625,C40pi9:1:0.0143161352,C40pi10:1:0.0182302541,C40pi11:1:0.0204025079,C40pi12:1:0.0425505156,C40pi13:1:0.0248627269,C40pi14:1:0.0105892988,C40pi15:1:0.0188238725,C40pi16:1:0.0086663445,C40pi17:1:0.0148496147,C40pi18:1:0.0343037402,C40pi19:1:0.0225335203,C40pi20:1:0.0174068578,C40pi21:1:0.0112207827,C40pi22:1:0.0443532245,C40pi23:1:0.0392573370,C40pi24:1:0.0196756555,C40pi25:1:0.0287690328,C40pi26:1:0.0114441177,C40pi27:1:0.0112338740,C40pi28:1:0.0582694099,C40pi29:1:0.0444272279,C40pi30:1:0.0112010942,C40pi31:1:0.0145176111,C40pi32:1:0.0114629026,C40pi33:1:0.0239628061,C40pi34:1:0.0266266492,C40pi35:1:0.0481201159,C40pi36:1:0.0371147423,C40pi37:1:0.0160476688,C40pi38:1:0.0237249267,C40pi39:1:0.0235226203,C40pi40:1:0.0261998398}
732  C40           6108.657     18  12253.314    12255.105    12325.206
Model C50 is alias for POISSON+G+FMIX{C50pi1:1:0.0164297003,C50pi2:1:0.0273175755,C50pi3:1:0.0460247610,C50pi4:1:0.0084864734,C50pi5:1:0.0125389252,C50pi6:1:0.0343549036,C50pi7:1:0.0130241102,C50pi8:1:0.0094755681,C50pi9:1:0.0190040551,C50pi10:1:0.0151902354,C50pi11:1:0.0320534760,C50pi12:1:0.0210059850,C50pi13:1:0.0237408547,C50pi14:1:0.0239841203,C50pi15:1:0.0213748021,C50pi16:1:0.0210717705,C50pi17:1:0.0050241805,C50pi18:1:0.0166262276,C50pi19:1:0.0143945956,C50pi20:1:0.0104391130,C50pi21:1:0.0107628277,C50pi22:1:0.0148818171,C50pi23:1:0.0321480239,C50pi24:1:0.0145477978,C50pi25:1:0.0332355807,C50pi26:1:0.0143190281,C50pi27:1:0.0234478734,C50pi28:1:0.0183044983,C50pi29:1:0.0403269452,C50pi30:1:0.0135629530,C50pi31:1:0.0091880799,C50pi32:1:0.0158270022,C50pi33:1:0.0121019379,C50pi34:1:0.0353560982,C50pi35:1:0.0404495617,C50pi36:1:0.0104569232,C50pi37:1:0.0146187792,C50pi38:1:0.0093984095,C50pi39:1:0.0146773809,C50pi40:1:0.0201635562,C50pi41:1:0.0255640273,C50pi42:1:0.0039486842,C50pi43:1:0.0393652608,C50pi44:1:0.0056415419,C50pi45:1:0.0382833580,C50pi46:1:0.0039735086,C50pi47:1:0.0140269355,C50pi48:1:0.0476703673,C50pi49:1:0.0204062788,C50pi50:1:0.0117835304}
733  C50           6102.088     18  12240.176    12241.966    12312.067
Model C60 is alias for POISSON+G+FMIX{C60pi1:1:0.0169698865,C60pi2:1:0.0211683374,C60pi3:1:0.0276589079,C60pi4:1:0.0065675964,C60pi5:1:0.0141221416,C60pi6:1:0.0068774834,C60pi7:1:0.0146909701,C60pi8:1:0.0067225777,C60pi9:1:0.0018396660,C60pi10:1:0.0102547197,C60pi11:1:0.0230896163,C60pi12:1:0.0057941033,C60pi13:1:0.0125394534,C60pi14:1:0.0204526478,C60pi15:1:0.0070629602,C60pi16:1:0.0117982741,C60pi17:1:0.0068334668,C60pi18:1:0.0433775839,C60pi19:1:0.0318278731,C60pi20:1:0.0222546108,C60pi21:1:0.0102264969,C60pi22:1:0.0150545891,C60pi23:1:0.0134159878,C60pi24:1:0.0148552065,C60pi25:1:0.0239111516,C60pi26:1:0.0128776278,C60pi27:1:0.0222318842,C60pi28:1:0.0247444742,C60pi29:1:0.0214274810,C60pi30:1:0.0115001882,C60pi31:1:0.0076017389,C60pi32:1:0.0130258568,C60pi33:1:0.0093701965,C60pi34:1:0.0467194264,C60pi35:1:0.0441940314,C60pi36:1:0.0322263154,C60pi37:1:0.0402999891,C60pi38:1:0.0150234227,C60pi39:1:0.0104589903,C60pi40:1:0.0214742395,C60pi41:1:0.0154957836,C60pi42:1:0.0101789953,C60pi43:1:0.0227980379,C60pi44:1:0.0123204539,C60pi45:1:0.0066777583,C60pi46:1:0.0004150083,C60pi47:1:0.0344385130,C60pi48:1:0.0113663379,C60pi49:1:0.0127143049,C60pi50:1:0.0124323741,C60pi51:1:0.0262124415,C60pi52:1:0.0064994957,C60pi53:1:0.0103203293,C60pi54:1:0.0142463512,C60pi55:1:0.0215600067,C60pi56:1:0.0199150700,C60pi57:1:0.0038964200,C60pi58:1:0.0113448855,C60pi59:1:0.0128595846,C60pi60:1:0.0117656776}
WARNING: Your input class weight 0.000415008 is very small and may cause numerical issues
734  C60           6103.522     18  12243.044    12244.835    12314.935
Model EX2 is alias for MIX{BurEX2:0.672020808818762,ExpEX2:1.6413466609931}
WARNING: Normalizing state frequencies so that sum of them equals to 1
735  EX2           6003.938     18  12043.875    12045.666    12115.767
Model EX3 is alias for MIX{BurEX3:0.427672756793791,IntEX3:0.837595938019774,HExEX3:1.51863631431518}
WARNING: Normalizing state frequencies so that sum of them equals to 1
WARNING: Normalizing state frequencies so that sum of them equals to 1
736  EX3           5995.374     19  12028.748    12030.742    12104.633
Model EHO is alias for MIX{ExtEHO:0.720274356,HelEHO:0.976798797,OthEHO:0.783109376}
WARNING: Normalizing state frequencies so that sum of them equals to 1
WARNING: Normalizing state frequencies so that sum of them equals to 1
WARNING: Normalizing state frequencies so that sum of them equals to 1
737  EHO           6148.642     19  12335.285    12337.280    12411.170
Model UL2 is alias for MIX{M1_UL2:0.581348617,M2_UL2:1.465482789}
WARNING: Normalizing state frequencies so that sum of them equals to 1
738  UL2           6009.898     18  12055.796    12057.587    12127.687
Model UL3 is alias for MIX{Q1_UL3:0.484340397,Q2_UL3:0.492780514,Q3_UL3:1.15597274}
WARNING: Normalizing state frequencies so that sum of them equals to 1
WARNING: Normalizing state frequencies so that sum of them equals to 1
739  UL3           6193.694     19  12425.389    12427.384    12501.274
Model EX_EHO is alias for MIX{BUR_EXT:0.761816796788931,BUR_HEL:0.744425646802117,BUR_OTH:0.532457759429489,EXP_EXT:1.5639387472863,EXP_HEL:2.06403411829438,EXP_OTH:1.43336795177594}
WARNING: Normalizing state frequencies so that sum of them equals to 1
WARNING: Normalizing state frequencies so that sum of them equals to 1
WARNING: Normalizing state frequencies so that sum of them equals to 1
740  EX_EHO        5981.685     22  12007.371    12010.048    12095.238
Model LG4M is alias for MIX{LG4M1,LG4M2,LG4M3,LG4M4}*G4
741  LG4M          5975.400     18  11986.800    11988.590    12058.691
Model LG4X is alias for MIX{LG4X1,LG4X2,LG4X3,LG4X4}*R4
742  LG4X          5966.546     23  11979.092    11982.020    12070.953
Model CF4 is alias for POISSON+FMIX{Fclass1,Fclass2,Fclass3,Fclass4}+F+G
WARNING: Normalizing State frequencies so that sum of them equals to 1
WARNING: Normalizing State frequencies so that sum of them equals to 1
WARNING: Normalizing State frequencies so that sum of them equals to 1
WARNING: Normalizing State frequencies so that sum of them equals to 1
743  CF4           6224.669     41  12531.339    12540.932    12695.091
Model LG+C10 is alias for LG+POISSON+G+FMIX{C10pi1:1:0.1191344178,C10pi2:1:0.0874372456,C10pi3:1:0.1037105070,C10pi4:1:0.0922584809,C10pi5:1:0.1070492801,C10pi6:1:0.1329945166,C10pi7:1:0.0538028458,C10pi8:1:0.0691986212,C10pi9:1:0.1319937434,C10pi10:1:0.1024203429}
744  LG+C10        6118.075     18  12272.149    12273.940    12344.041
Model LG+C20 is alias for LG+POISSON+G+FMIX{C20pi1:1:0.0559910600,C20pi2:1:0.0514824870,C20pi3:1:0.0812922124,C20pi4:1:0.0721976867,C20pi5:1:0.0556718858,C20pi6:1:0.0331003080,C20pi7:1:0.0589501763,C20pi8:1:0.0263756889,C20pi9:1:0.0307584220,C20pi10:1:0.0376701125,C20pi11:1:0.0303058290,C20pi12:1:0.0808775576,C20pi13:1:0.0263349134,C20pi14:1:0.0579101455,C20pi15:1:0.0371248064,C20pi16:1:0.0586867766,C20pi17:1:0.0561479138,C20pi18:1:0.0349810886,C20pi19:1:0.0544937394,C20pi20:1:0.0596471901}
745  LG+C20        6073.680     18  12183.361    12185.151    12255.252
Model LG+C30 is alias for LG+POISSON+G+FMIX{C30pi1:1:0.0095783264,C30pi2:1:0.0248476365,C30pi3:1:0.0636309366,C30pi4:1:0.0537939225,C30pi5:1:0.0295885587,C30pi6:1:0.0117587936,C30pi7:1:0.0132013428,C30pi8:1:0.0236868805,C30pi9:1:0.0261687659,C30pi10:1:0.0239821974,C30pi11:1:0.0257100906,C30pi12:1:0.0465072425,C30pi13:1:0.0546794546,C30pi14:1:0.0536085131,C30pi15:1:0.0270622670,C30pi16:1:0.0403913593,C30pi17:1:0.0474212700,C30pi18:1:0.0458816478,C30pi19:1:0.0214036510,C30pi20:1:0.0290385981,C30pi21:1:0.0123391793,C30pi22:1:0.0569350229,C30pi23:1:0.0419687568,C30pi24:1:0.0339027062,C30pi25:1:0.0388777376,C30pi26:1:0.0196343766,C30pi27:1:0.0233086174,C30pi28:1:0.0622722654,C30pi29:1:0.0184803385,C30pi30:1:0.0203395454}
746  LG+C30        6074.553     18  12185.107    12186.897    12256.998
Model LG+C40 is alias for LG+POISSON+G+FMIX{C40pi1:1:0.0223853788,C40pi2:1:0.0338891820,C40pi3:1:0.0577169375,C40pi4:1:0.0252416233,C40pi5:1:0.0108607921,C40pi6:1:0.0462373793,C40pi7:1:0.0102293175,C40pi8:1:0.0147523625,C40pi9:1:0.0143161352,C40pi10:1:0.0182302541,C40pi11:1:0.0204025079,C40pi12:1:0.0425505156,C40pi13:1:0.0248627269,C40pi14:1:0.0105892988,C40pi15:1:0.0188238725,C40pi16:1:0.0086663445,C40pi17:1:0.0148496147,C40pi18:1:0.0343037402,C40pi19:1:0.0225335203,C40pi20:1:0.0174068578,C40pi21:1:0.0112207827,C40pi22:1:0.0443532245,C40pi23:1:0.0392573370,C40pi24:1:0.0196756555,C40pi25:1:0.0287690328,C40pi26:1:0.0114441177,C40pi27:1:0.0112338740,C40pi28:1:0.0582694099,C40pi29:1:0.0444272279,C40pi30:1:0.0112010942,C40pi31:1:0.0145176111,C40pi32:1:0.0114629026,C40pi33:1:0.0239628061,C40pi34:1:0.0266266492,C40pi35:1:0.0481201159,C40pi36:1:0.0371147423,C40pi37:1:0.0160476688,C40pi38:1:0.0237249267,C40pi39:1:0.0235226203,C40pi40:1:0.0261998398}
747  LG+C40        6074.128     18  12184.255    12186.046    12256.147
Model LG+C50 is alias for LG+POISSON+G+FMIX{C50pi1:1:0.0164297003,C50pi2:1:0.0273175755,C50pi3:1:0.0460247610,C50pi4:1:0.0084864734,C50pi5:1:0.0125389252,C50pi6:1:0.0343549036,C50pi7:1:0.0130241102,C50pi8:1:0.0094755681,C50pi9:1:0.0190040551,C50pi10:1:0.0151902354,C50pi11:1:0.0320534760,C50pi12:1:0.0210059850,C50pi13:1:0.0237408547,C50pi14:1:0.0239841203,C50pi15:1:0.0213748021,C50pi16:1:0.0210717705,C50pi17:1:0.0050241805,C50pi18:1:0.0166262276,C50pi19:1:0.0143945956,C50pi20:1:0.0104391130,C50pi21:1:0.0107628277,C50pi22:1:0.0148818171,C50pi23:1:0.0321480239,C50pi24:1:0.0145477978,C50pi25:1:0.0332355807,C50pi26:1:0.0143190281,C50pi27:1:0.0234478734,C50pi28:1:0.0183044983,C50pi29:1:0.0403269452,C50pi30:1:0.0135629530,C50pi31:1:0.0091880799,C50pi32:1:0.0158270022,C50pi33:1:0.0121019379,C50pi34:1:0.0353560982,C50pi35:1:0.0404495617,C50pi36:1:0.0104569232,C50pi37:1:0.0146187792,C50pi38:1:0.0093984095,C50pi39:1:0.0146773809,C50pi40:1:0.0201635562,C50pi41:1:0.0255640273,C50pi42:1:0.0039486842,C50pi43:1:0.0393652608,C50pi44:1:0.0056415419,C50pi45:1:0.0382833580,C50pi46:1:0.0039735086,C50pi47:1:0.0140269355,C50pi48:1:0.0476703673,C50pi49:1:0.0204062788,C50pi50:1:0.0117835304}
748  LG+C50        6070.548     18  12177.097    12178.887    12248.988
Model LG+C60 is alias for LG+POISSON+G+FMIX{C60pi1:1:0.0169698865,C60pi2:1:0.0211683374,C60pi3:1:0.0276589079,C60pi4:1:0.0065675964,C60pi5:1:0.0141221416,C60pi6:1:0.0068774834,C60pi7:1:0.0146909701,C60pi8:1:0.0067225777,C60pi9:1:0.0018396660,C60pi10:1:0.0102547197,C60pi11:1:0.0230896163,C60pi12:1:0.0057941033,C60pi13:1:0.0125394534,C60pi14:1:0.0204526478,C60pi15:1:0.0070629602,C60pi16:1:0.0117982741,C60pi17:1:0.0068334668,C60pi18:1:0.0433775839,C60pi19:1:0.0318278731,C60pi20:1:0.0222546108,C60pi21:1:0.0102264969,C60pi22:1:0.0150545891,C60pi23:1:0.0134159878,C60pi24:1:0.0148552065,C60pi25:1:0.0239111516,C60pi26:1:0.0128776278,C60pi27:1:0.0222318842,C60pi28:1:0.0247444742,C60pi29:1:0.0214274810,C60pi30:1:0.0115001882,C60pi31:1:0.0076017389,C60pi32:1:0.0130258568,C60pi33:1:0.0093701965,C60pi34:1:0.0467194264,C60pi35:1:0.0441940314,C60pi36:1:0.0322263154,C60pi37:1:0.0402999891,C60pi38:1:0.0150234227,C60pi39:1:0.0104589903,C60pi40:1:0.0214742395,C60pi41:1:0.0154957836,C60pi42:1:0.0101789953,C60pi43:1:0.0227980379,C60pi44:1:0.0123204539,C60pi45:1:0.0066777583,C60pi46:1:0.0004150083,C60pi47:1:0.0344385130,C60pi48:1:0.0113663379,C60pi49:1:0.0127143049,C60pi50:1:0.0124323741,C60pi51:1:0.0262124415,C60pi52:1:0.0064994957,C60pi53:1:0.0103203293,C60pi54:1:0.0142463512,C60pi55:1:0.0215600067,C60pi56:1:0.0199150700,C60pi57:1:0.0038964200,C60pi58:1:0.0113448855,C60pi59:1:0.0128595846,C60pi60:1:0.0117656776}
WARNING: Your input class weight 0.000415008 is very small and may cause numerical issues
749  LG+C60        6072.456     18  12180.912    12182.702    12252.803
Akaike Information Criterion:           LG4X
Corrected Akaike Information Criterion: LG4X
Bayesian Information Criterion:         LG4M
Best-fit model: LG4M chosen according to BIC

All model information printed to iqtree_gene_trees/COG0490.model.gz
CPU time for ModelFinder: 504.619 seconds (0h:8m:24s)
Wall-clock time for ModelFinder: 50.994 seconds (0h:0m:50s)
Generating 1000 samples for ultrafast bootstrap (seed: 8354)...
Model LG4M is alias for MIX{LG4M1,LG4M2,LG4M3,LG4M4}*G4

NOTE: 3 MB RAM (0 GB) is required!
Estimate model parameters (epsilon = 0.100)
1. Initial log-likelihood: -5975.400
Optimal log-likelihood: -5975.397
Gamma shape alpha: 0.968
Parameters optimization took 1 rounds (0.013 sec)
Wrote distance file to... 
Computing ML distances based on estimated model parameters...
Calculating distance matrix: done in 0.00769222 secs using 846.8% CPU
Computing ML distances took 0.008003 sec (of wall-clock time) 0.067246 sec (of CPU time)
Setting up auxiliary I and S matrices: done in 0.00153966 secs using 535.6% CPU
Constructing RapidNJ tree: done in 0.0114656 secs using 344.5% CPU
Computing RapidNJ tree took 0.013386 sec (of wall-clock time) 0.048751 sec (of CPU time)
Log-likelihood of RapidNJ tree: -5982.655
--------------------------------------------------------------------
|             INITIALIZING CANDIDATE TREE SET                      |
--------------------------------------------------------------------
Generating 98 parsimony trees... 0.116 second
Computing log-likelihood of 83 initial trees ... 0.355 seconds
Current best score: -5975.397

Do NNI search on 20 best initial trees
Optimizing NNI: done in 0.0159678 secs using 992.6% CPU
Estimate model parameters (epsilon = 0.100)
BETTER TREE FOUND at iteration 1: -5975.397
Optimizing NNI: done in 0.0414453 secs using 992.4% CPU
Optimizing NNI: done in 0.0279912 secs using 992.4% CPU
Optimizing NNI: done in 0.0468822 secs using 997.5% CPU
Optimizing NNI: done in 0.0467768 secs using 995.4% CPU
Optimizing NNI: done in 0.0347394 secs using 996.8% CPU
Optimizing NNI: done in 0.034915 secs using 993.9% CPU
Optimizing NNI: done in 0.0352525 secs using 991.2% CPU
Optimizing NNI: done in 0.0349867 secs using 991% CPU
Optimizing NNI: done in 0.0344993 secs using 990.9% CPU
Iteration 10 / LogL: -5976.221 / Time: 0h:0m:0s
Optimizing NNI: done in 0.0345409 secs using 988.1% CPU
Optimizing NNI: done in 0.0488273 secs using 984.9% CPU
Optimizing NNI: done in 0.048971 secs using 999.6% CPU
Optimizing NNI: done in 0.0462327 secs using 997.6% CPU
Optimizing NNI: done in 0.0468644 secs using 997.5% CPU
Optimizing NNI: done in 0.0465929 secs using 995.3% CPU
Optimizing NNI: done in 0.0350562 secs using 996.7% CPU
Optimizing NNI: done in 0.0347594 secs using 993.9% CPU
Optimizing NNI: done in 0.0321866 secs using 996.5% CPU
Optimizing NNI: done in 0.0396206 secs using 997.1% CPU
Iteration 20 / LogL: -5975.534 / Time: 0h:0m:1s
Finish initializing candidate tree set (2)
Current best tree score: -5975.397 / CPU time: 1.269
Number of iterations: 20
--------------------------------------------------------------------
|               OPTIMIZING CANDIDATE TREE SET                      |
--------------------------------------------------------------------
Optimizing NNI: done in 0.0362952 secs using 991.3% CPU
Optimizing NNI: done in 0.0262515 secs using 995.7% CPU
UPDATE BEST LOG-LIKELIHOOD: -5975.397
Optimizing NNI: done in 0.0462062 secs using 995.3% CPU
Optimizing NNI: done in 0.0440014 secs using 995.1% CPU
Optimizing NNI: done in 0.0339233 secs using 999.6% CPU
Optimizing NNI: done in 0.0592572 secs using 998% CPU
Optimizing NNI: done in 0.061417 secs using 994.8% CPU
Optimizing NNI: done in 0.0269807 secs using 999.5% CPU
Optimizing NNI: done in 0.0591046 secs using 998% CPU
Optimizing NNI: done in 0.0640231 secs using 990.4% CPU
Iteration 30 / LogL: -5979.639 / Time: 0h:0m:1s (0h:0m:4s left)
Optimizing NNI: done in 0.0345534 secs using 996.7% CPU
Optimizing NNI: done in 0.0499639 secs using 993.7% CPU
Optimizing NNI: done in 0.026914 secs using 999.5% CPU
Optimizing NNI: done in 0.0434986 secs using 999.6% CPU
Optimizing NNI: done in 0.0598925 secs using 999.7% CPU
Optimizing NNI: done in 0.023762 secs using 995.3% CPU
Optimizing NNI: done in 0.0544903 secs using 990.4% CPU
Optimizing NNI: done in 0.0531929 secs using 995.9% CPU
Optimizing NNI: done in 0.0574852 secs using 996.3% CPU
Optimizing NNI: done in 0.0606784 secs using 994.8% CPU
Iteration 40 / LogL: -5979.455 / Time: 0h:0m:2s (0h:0m:3s left)
Optimizing NNI: done in 0.0455343 secs using 995.2% CPU
Optimizing NNI: done in 0.0520136 secs using 990.1% CPU
Optimizing NNI: done in 0.0322859 secs using 990.2% CPU
Optimizing NNI: done in 0.0523023 secs using 995.9% CPU
Optimizing NNI: done in 0.0768364 secs using 994.6% CPU
Optimizing NNI: done in 0.0521173 secs using 990.1% CPU
Optimizing NNI: done in 0.0557986 secs using 996% CPU
Optimizing NNI: done in 0.0593045 secs using 994.7% CPU
Optimizing NNI: done in 0.059062 secs using 991.2% CPU
Optimizing NNI: done in 0.0503976 secs using 999.7% CPU
Iteration 50 / LogL: -5976.084 / Time: 0h:0m:3s (0h:0m:3s left)
Log-likelihood cutoff on original alignment: -6007.517
UFBoot trees printed to iqtree_gene_trees/COG0490.ufboot
Optimizing NNI: done in 0.0630143 secs using 991.7% CPU
Optimizing NNI: done in 0.0489224 secs using 993.6% CPU
Optimizing NNI: done in 0.0271885 secs using 936.7% CPU
Optimizing NNI: done in 0.0299586 secs using 996.2% CPU
Optimizing NNI: done in 0.0557012 secs using 998% CPU
Optimizing NNI: done in 0.0419758 secs using 997.3% CPU
Optimizing NNI: done in 0.0592822 secs using 994.7% CPU
Optimizing NNI: done in 0.0237677 secs using 999.5% CPU
Optimizing NNI: done in 0.0428429 secs using 990.5% CPU
Optimizing NNI: done in 0.0627131 secs using 995% CPU
Iteration 60 / LogL: -5976.003 / Time: 0h:0m:3s (0h:0m:2s left)
Optimizing NNI: done in 0.0384777 secs using 999.6% CPU
Optimizing NNI: done in 0.0391279 secs using 999.6% CPU
Optimizing NNI: done in 0.0590425 secs using 993% CPU
Optimizing NNI: done in 0.0431203 secs using 999.7% CPU
Optimizing NNI: done in 0.064378 secs using 995.1% CPU
Optimizing NNI: done in 0.0471182 secs using 993.1% CPU
Optimizing NNI: done in 0.085009 secs using 992.7% CPU
Optimizing NNI: done in 0.0574125 secs using 997.9% CPU
Optimizing NNI: done in 0.0343809 secs using 999.5% CPU
Optimizing NNI: done in 0.034629 secs using 996.6% CPU
Iteration 70 / LogL: -5975.476 / Time: 0h:0m:4s (0h:0m:1s left)
Optimizing NNI: done in 0.0241271 secs using 995.2% CPU
Optimizing NNI: done in 0.0742749 secs using 995.7% CPU
Optimizing NNI: done in 0.0352696 secs using 996.7% CPU
Optimizing NNI: done in 0.0343357 secs using 996.7% CPU
Optimizing NNI: done in 0.0495447 secs using 973.4% CPU
Optimizing NNI: done in 0.0299127 secs using 999.6% CPU
Optimizing NNI: done in 0.0574466 secs using 996.2% CPU
Optimizing NNI: done in 0.0465577 secs using 991.2% CPU
Optimizing NNI: done in 0.0578007 secs using 984.2% CPU
Optimizing NNI: done in 0.069389 secs using 995.5% CPU
Iteration 80 / LogL: -5975.809 / Time: 0h:0m:4s (0h:0m:1s left)
Optimizing NNI: done in 0.0297107 secs using 986.2% CPU
Optimizing NNI: done in 0.0466107 secs using 993.3% CPU
Optimizing NNI: done in 0.0230847 secs using 999.6% CPU
Optimizing NNI: done in 0.0433289 secs using 999.7% CPU
Optimizing NNI: done in 0.0568225 secs using 996.1% CPU
Optimizing NNI: done in 0.0984245 secs using 994.8% CPU
Optimizing NNI: done in 0.0487977 secs using 993.6% CPU
Optimizing NNI: done in 0.0487246 secs using 993.6% CPU
Optimizing NNI: done in 0.0315747 secs using 996.5% CPU
Optimizing NNI: done in 0.0306947 secs using 999.6% CPU
Iteration 90 / LogL: -5975.485 / Time: 0h:0m:5s (0h:0m:0s left)
Optimizing NNI: done in 0.0605809 secs using 999.7% CPU
Optimizing NNI: done in 0.0308353 secs using 996.4% CPU
Optimizing NNI: done in 0.0330208 secs using 984.6% CPU
Optimizing NNI: done in 0.0434417 secs using 990.5% CPU
Optimizing NNI: done in 0.0341994 secs using 988% CPU
Optimizing NNI: done in 0.0552887 secs using 996.2% CPU
Optimizing NNI: done in 0.028655 secs using 989.2% CPU
Optimizing NNI: done in 0.0476261 secs using 997.6% CPU
Optimizing NNI: done in 0.0261007 secs using 991.9% CPU
Optimizing NNI: done in 0.0544773 secs using 997.9% CPU
Iteration 100 / LogL: -5979.353 / Time: 0h:0m:5s (0h:0m:0s left)
Log-likelihood cutoff on original alignment: -6007.517
NOTE: Bootstrap correlation coefficient of split occurrence frequencies: 1.000
UFBoot trees printed to iqtree_gene_trees/COG0490.ufboot
Optimizing NNI: done in 0.0536059 secs using 980.9% CPU
Optimizing NNI: done in 0.0354572 secs using 999.7% CPU
TREE SEARCH COMPLETED AFTER 102 ITERATIONS / Time: 0h:0m:5s

--------------------------------------------------------------------
|                    FINALIZING TREE SEARCH                        |
--------------------------------------------------------------------
Performs final model parameters optimization
Estimate model parameters (epsilon = 0.010)
1. Initial log-likelihood: -5975.397
Optimal log-likelihood: -5975.397
Gamma shape alpha: 0.967
Parameters optimization took 1 rounds (0.007 sec)
BEST SCORE FOUND : -5975.397
Creating bootstrap support values...
Split supports printed to NEXUS file iqtree_gene_trees/COG0490.splits.nex
Total tree length: 8.098

Total number of iterations: 102
CPU time used for tree search: 52.375 sec (0h:0m:52s)
Wall-clock time used for tree search: 5.839 sec (0h:0m:5s)
Total CPU time used: 53.159 sec (0h:0m:53s)
Total wall-clock time used: 6.034 sec (0h:0m:6s)
UFBoot trees printed to iqtree_gene_trees/COG0490.ufboot

Computing bootstrap consensus tree...
Reading input file iqtree_gene_trees/COG0490.splits.nex...
10 taxa and 35 splits.
Consensus tree written to iqtree_gene_trees/COG0490.contree
Reading input trees file iqtree_gene_trees/COG0490.contree
Log-likelihood of consensus tree: -5975.397

Analysis results written to: 
  IQ-TREE report:                iqtree_gene_trees/COG0490.iqtree
  Maximum-likelihood tree:       iqtree_gene_trees/COG0490.treefile
  Likelihood distances:          iqtree_gene_trees/COG0490.mldist

Ultrafast bootstrap approximation results written to:
  Split support values:          iqtree_gene_trees/COG0490.splits.nex
  Consensus tree:                iqtree_gene_trees/COG0490.contree
  UFBoot trees:                  iqtree_gene_trees/COG0490.ufboot
  Screen log file:               iqtree_gene_trees/COG0490.log

ALISIM COMMAND
--------------
Currently, we only support exporting AliSim commands from common models of DNA, Protein, Binary, and Morphological data. To simulate data from other models (mixture, lie-markov, etc), please refer to the User Manual of AliSim. Thanks!

Date and Time: Tue Apr 11 02:55:13 2023
