IQ-TREE multicore version 2.2.0.3 COVID-edition for Linux 64-bit built Aug  2 2022
Developed by Bui Quang Minh, James Barbetti, Nguyen Lam Tung,
Olga Chernomor, Heiko Schmidt, Dominik Schrempf, Michael Woodhams, Ly Trong Nhan.

Host:    baross.its.carleton.edu (AVX2, FMA3, 755 GB RAM)
Command: iqtree -s gene_alignments/trimv2_COG0387.afa --nmax 3000 -m MFP -bb 1000 -wbtl -ntmax 10 -nt AUTO -T 10 --prefix iqtree_gene_trees/COG0387 -madd C10,C20,C30,C40,C50,C60,EX2,EX3,EHO,UL2,UL3,EX_EHO,LG4M,LG4X,CF4,LG+C10,LG+C20,LG+C30,LG+C40,LG+C50,LG+C60 -mrate E,I,G,I+G,R
Seed:    339243 (Using SPRNG - Scalable Parallel Random Number Generator)
Time:    Mon Apr 10 08:47:31 2023
Kernel:  AVX+FMA - 10 threads (96 CPU cores detected)

Reading alignment file gene_alignments/trimv2_COG0387.afa ... Fasta format detected
Reading fasta file: done in 0.00155791 secs using 79.27% CPU
Alignment most likely contains protein sequences
Constructing alignment: done in 0.00334452 secs using 880.4% CPU
Alignment has 85 sequences with 392 columns, 391 distinct patterns
386 parsimony-informative, 1 singleton sites, 5 constant sites
                                                                 Gap/Ambiguity  Composition  p-value
Analyzing sequences: done in 0.000121802 secs using 910.5% CPU
   1  GCA.003136555.1.Bacteria.Planctomycetota_PLEW01000039.1_17         5.10%    failed      1.56%
   2  GCF.003967555.1.Bacteria.Chloroflexota_NZ_BIFS01000002.1_2461      8.93%    passed     80.28%
   3  GCA.001464275.1.Bacteria.Actinobacteriota_LNFL01000185.1_28        8.67%    failed      1.30%
   4  GCF.003047285.1.Bacteria.Actinobacteriota_NZ_PZYX01000011.1_122   12.50%    failed      0.06%
   5  GCF.900187885.1.Bacteria.Chloroflexota_NZ_FYEK01000028.1_106      12.24%    failed      1.41%
   6  GCF.001051235.1.Bacteria.Proteobacteria_NZ_CBTJ020000021.1_28      6.63%    passed     72.68%
   7  GCA.002404055.1.Bacteria.Chloroflexota_DHIZ01000208.1_5           10.71%    passed     40.05%
   8  GCA.001698445.1.Bacteria.Cyanobacteria_MBRF01000012.1_155          5.61%    passed     94.55%
   9  GCF.900167455.1.Bacteria.Proteobacteria_NZ_FUWJ01000008.1_9        9.18%    passed     57.35%
  10  GCF.003047285.1.Bacteria.Actinobacteriota_NZ_PZYX01000001.1_397    7.40%    failed      0.07%
  11  GCA.000830255.1.Bacteria.Campylobacterota_JQIT01000008.1_253       6.89%    failed      1.97%
  12  GCA.002683135.1.Bacteria.Planctomycetota_NYSS01000062.1_15         3.83%    passed     10.64%
  13  GCF.003443735.1.Bacteria.Actinobacteriota_NZ_CP031969.1_6041       7.65%    failed      0.01%
  14  GCA.003151665.1.Bacteria.Dormibacterota_PLYD01000021.1_3           9.44%    passed     89.70%
  15  GCA.003223975.1.Bacteria.Acidobacteriota_QHXS01000047.1_18        10.71%    passed     97.87%
  16  GCF.000020025.1.Bacteria.Cyanobacteria_NC_010628.1_6647            7.40%    passed     73.11%
  17  GCF.000017845.1.Bacteria.Cyanobacteria_NC_010546.1_1688            7.14%    passed     34.95%
  18  GCA.003508595.1.Bacteria.Planctomycetota_DNUF01000193.1_2          9.18%    passed     35.69%
  19  GCA.002347925.1.Bacteria.Chloroflexota_DDYL01000092.1_34           7.14%    passed     52.09%
  20  GCA.003223635.1.Bacteria.Acidobacteriota_QHVS01000033.1_8          5.61%    passed     73.48%
  21  GCF.002215035.1.Bacteria.Cyanobacteria_NZ_NKFP01000006.1_578       6.89%    passed     75.10%
  22  GCF.003967555.1.Bacteria.Chloroflexota_NZ_BIFS01000001.1_1619      8.42%    passed     71.54%
  23  GCA.003243965.1.Bacteria.Chloroflexota_QHBO01000010.1_19          10.46%    failed      0.47%
  24  GCF.000317045.1.Bacteria.Cyanobacteria_NC_019703.1_2700            6.12%    passed     84.32%
  25  GCF.000092905.1.Bacteria.Firmicutes_NC_014098.1_591               11.73%    passed     10.41%
  26  GCF.002215035.1.Bacteria.Cyanobacteria_NZ_NKFP01000006.1_540       6.89%    passed     80.19%
  27  GCA.001872725.1.Bacteria.Proteobacteria_MNWR01000109.1_9          10.97%    passed     70.70%
  28  GCA.002482535.1.Bacteria.Firmicutes.B_DLGE01000013.1_21           11.73%    failed      0.30%
  29  GCF.000178255.1.Bacteria.Firmicutes_WP_006783902.1                11.48%    failed      0.00%
  30  GCA.001443375.1.Bacteria.Chloroflexota_LDXM01000017.1_22           7.91%    failed      1.30%
  31  GCA.003167015.1.Bacteria.Bacteroidota_PMUF01000292.1_21            8.93%    passed     68.02%
  32  GCA.002364485.1.Bacteria.Planctomycetota_DEYK01000061.1_10         9.95%    passed     10.27%
  33  GCF.000484535.1.Bacteria.Cyanobacteria_NC_022600.1_1826            9.69%    passed     98.05%
  34  GCF.003838225.1.Bacteria.Cyanobacteria_WP_124142946.1              5.10%    passed     34.54%
  35  GCF.000091205.1.Eukaryota.Rhodophyta_XP_005538199.1                3.83%    failed      0.55%
  36  GCA.002413265.1.Bacteria.Chloroflexota_DHWR01000163.1_20           7.65%    failed      1.26%
  37  GCA.000004985.1.Eukaryota.Heterolobosea_EFC44904.1                 3.83%    failed      0.01%
  38  GCA.001898225.1.Bacteria.Chloroflexota_MKTJ01000022.1_48           4.08%    passed     86.87%
  39  GCA.002404055.1.Bacteria.Chloroflexota_DHIZ01000349.1_22           4.08%    passed     61.43%
  40  GCA.003138355.1.Bacteria.Actinobacteriota_PLFX01000011.1_149      11.22%    failed      0.31%
  41  GCF.900099895.1.Bacteria.Firmicutes_NZ_FNDY01000010.1_76          11.22%    passed     79.38%
  42  GCA.000004985.1.Eukaryota.Heterolobosea_EFC37744.1                 3.57%    failed      0.09%
  43  GCF.900100785.1.Bacteria.Firmicutes.B_NZ_FNCP01000051.1_10        12.24%    passed     50.00%
  44  Fischerella.muscicola.CCMEE5323_WP_102205509.1                     7.40%    passed     80.92%
  45  GCF.001399675.1.Bacteria.Firmicutes_NZ_LJCO01000046.1_11           9.44%    passed     19.91%
  46  Fischerella.muscicola.CCMEE5323_WP_016868870.1                     8.16%    passed     76.13%
  47  GCF.001306175.1.Bacteria.Chloroflexota_NZ_LGKN01000006.1_351       8.93%    passed     90.14%
  48  GCF.000021725.1.Bacteria.Campylobacterota_NC_012115.1_839          6.89%    failed      0.02%
  49  GCF.001870225.1.Bacteria.Cyanobacteria_NZ_CP017675.1_2420          6.89%    passed     96.05%
  50  GCF.002251945.1.Bacteria.Cyanobacteria_NZ_NDHW01000107.1_11        8.93%    passed     80.52%
  51  GCF.000025005.1.Bacteria.Chloroflexota_NC_013525.1_1377           10.20%    passed     59.30%
  52  GCA.002366595.1.Bacteria.Chloroflexota_DFBK01000050.1_33          12.50%    passed     84.08%
  53  Fischerella.muscicola.CCMEE5323_WP_016868888.1                     7.91%    passed     40.64%
  54  GCF.900066015.1.Bacteria.Chloroflexota_NZ_LN890655.1_2887          7.91%    passed     62.26%
  55  GCA.002868855.1.Bacteria.Proteobacteria_PKUM01000105.1_3           8.42%    passed     68.05%
  56  GCF.000195295.1.Bacteria.Desulfobacterota_NC_015388.1_2386         8.93%    passed     68.92%
  57  GCA.001805205.1.Bacteria.Nitrospirota_MHER01000184.1_8             8.16%    passed     54.94%
  58  GCF.900129635.1.Bacteria.Planctomycetota_NZ_FSRB01000002.1_1314    4.59%    passed     37.53%
  59  GCF.002973605.1.Bacteria.Armatimonadota_NZ_NIGF01000017.1_35       4.34%    passed     19.62%
  60  GCF.000013205.1.Bacteria.Cyanobacteria_NC_007775.1_154             5.36%    passed     93.20%
  61  GCA.002483445.1.Bacteria.Acidobacteriota_DLHY01000093.1_4          9.18%    passed     97.10%
  62  GCF.000316115.1.Bacteria.Cyanobacteria_NZ_JH993797.1_4962          7.14%    passed     89.16%
  63  GCA.001780165.1.Bacteria.Eisenbacteria_MFFQ01000086.1_30           6.12%    failed      0.01%
  64  GCA.003167015.1.Bacteria.Bacteroidota_PMUF01000481.1_6             9.95%    passed      5.86%
  65  GCA.003151665.1.Bacteria.Dormibacterota_PLYD01000028.1_6           7.40%    passed     42.11%
  66  GCF.002335525.1.Bacteria.Firmicutes_NZ_BDUF01000106.1_11          11.73%    passed     86.39%
  67  GCA.001898225.1.Bacteria.Chloroflexota_MKTJ01000025.1_42           3.83%    passed     83.64%
  68  Nostoc.sp.PCC7120_WP_010994802.1                                   7.40%    passed     86.76%
  69  GCA.001800745.1.Archaea.Thermoplasmatota_MGVZ01000025.1_23         9.18%    passed     92.53%
  70  GCF.000503775.1.Bacteria.Firmicutes_NZ_KI629782.1_529             11.48%    passed     45.62%
  71  GCF.000300295.4.Bacteria.Proteobacteria_WP_036771628.1             8.42%    failed      0.12%
  72  GCF.003612015.1.Bacteria.Proteobacteria_NZ_RARB01000001.1_802     10.20%    passed     70.04%
  73  GCF.000427095.1.Bacteria.Armatimonadota_NC_021487.1_2113           7.65%    passed     66.42%
  74  GCA.003219195.1.Bacteria.Verrucomicrobiota_QHPX01000028.1_7        8.42%    passed     17.02%
  75  GCA.002049455.2.Eukaryota.Rhodophyta_OSX70551.1                    3.57%    passed     28.20%
  76  GCF.000011005.1.Archaea.Euryarchaeota_NC_013665.1_582              8.42%    passed     19.61%
  77  GCF.001870225.1.Bacteria.Cyanobacteria_NZ_CP017675.1_442           9.44%    passed     70.13%
  78  Richelia.intracellularis.HH01_WP_008231824.1                       7.14%    passed     88.14%
  79  GCA.003503675.1.Bacteria.Cyanobacteria_DOBT01000229.1_1           11.22%    passed     67.58%
  80  GCF.000018105.1.Bacteria.Cyanobacteria_NC_009925.1_2142            7.91%    passed     97.85%
  81  GCA.002007425.1.Bacteria.Proteobacteria_MUGK01000110.1_23          8.67%    passed     16.83%
  82  GCF.000353285.1.Bacteria.Cyanobacteria_NZ_KB731324.1_5490          7.65%    passed     79.76%
  83  GCA.002779825.1.Bacteria.Armatimonadota_PEVN01000194.1_17          7.14%    passed     83.73%
  84  GCF.000165345.1.Eukaryota.Apicocomplexa_XP_628088.1                6.12%    failed      1.29%
  85  GCF.000473895.1.Bacteria.Cyanobacteria_NZ_ASSJ01000049.1_141       7.14%    passed     95.43%
****  TOTAL                                                              8.09%  20 sequences failed composition chi2 test (p-value<5%; df=19)
Checking for duplicate sequences: done in 0.00139552 secs using 881.4% CPU


Create initial parsimony tree by phylogenetic likelihood library (PLL)... 0.040 seconds
Perform fast likelihood tree search using LG+I+G model...
Estimate model parameters (epsilon = 5.000)
Perform nearest neighbor interchange...
Optimizing NNI: done in 1.1314 secs using 993% CPU
Estimate model parameters (epsilon = 1.000)
1. Initial log-likelihood: -45460.858
Optimal log-likelihood: -45460.080
Proportion of invariable sites: 0.012
Gamma shape alpha: 1.153
Parameters optimization took 1 rounds (0.211 sec)
Time for fast ML tree search: 1.976 seconds

NOTE: ModelFinder requires 55 MB RAM!
ModelFinder will test up to 749 protein models (sample size: 392) ...
 No. Model         -LnL         df  AIC          AICc         BIC
  1  LG            48036.112    167 96406.224    96656.724    97069.425
  2  LG+I          47911.140    168 96158.281    96412.917    96825.453
  3  LG+G4         45479.901    168 91295.802    91550.438    91962.974
  4  LG+I+G4       45460.074    169 91258.149    91516.978    91929.292
  5  LG+R2         45989.972    169 92317.943    92576.772    92989.087
  6  LG+R3         45620.920    171 91583.839    91851.221    92262.925
  7  LG+R4         45469.195    173 91284.389    91560.555    91971.418
  8  LG+R5         45422.235    175 91194.470    91479.655    91889.441
  9  LG+R6         45402.030    177 91158.060    91452.509    91860.973
 10  LG+R7         45395.095    179 91148.190    91452.152    91859.046
 11  LG+R8         45395.184    181 91152.368    91466.101    91871.167
 14  LG+F          48063.393    186 96498.787    96838.123    97237.442
 15  LG+F+I        47933.022    187 96240.044    96584.710    96982.670
 16  LG+F+G4       45123.464    187 90620.928    90965.595    91363.554
 17  LG+F+I+G4     45103.385    188 90582.771    90932.840    91329.368
 18  LG+F+R2       45660.423    188 91696.845    92046.914    92443.442
 19  LG+F+R3       45239.294    190 90858.588    91219.682    91613.128
 20  LG+F+R4       45105.862    192 90595.724    90968.147    91358.207
 21  LG+F+R5       45061.912    194 90511.823    90895.884    91282.248
 22  LG+F+R6       45039.010    196 90470.021    90866.041    91248.388
 23  LG+F+R7       45035.999    198 90467.997    90876.308    91254.307
 27  WAG           48082.538    167 96499.076    96749.576    97162.277
 28  WAG+I         47949.620    168 96235.239    96489.876    96902.411
 29  WAG+G4        45826.453    168 91988.906    92243.543    92656.078
 30  WAG+I+G4      45804.905    169 91947.810    92206.639    92618.954
 31  WAG+R2        46237.319    169 92812.638    93071.467    93483.781
 32  WAG+R3        45936.585    171 92215.170    92482.552    92894.256
 33  WAG+R4        45804.712    173 91955.424    92231.589    92642.452
 34  WAG+R5        45764.390    175 91878.780    92163.966    92573.751
 35  WAG+R6        45748.061    177 91850.122    92144.570    92553.035
 36  WAG+R7        45746.376    179 91850.751    92154.714    92561.607
 40  WAG+F         47799.632    186 95971.264    96310.600    96709.918
 41  WAG+F+I       47665.896    187 95705.793    96050.460    96448.419
 42  WAG+F+G4      45345.102    187 91064.205    91408.872    91806.831
 43  WAG+F+I+G4    45321.589    188 91019.178    91369.247    91765.775
 44  WAG+F+R2      45777.549    188 91931.097    92281.166    92677.695
 45  WAG+F+R3      45445.576    190 91271.151    91632.246    92025.691
 46  WAG+F+R4      45334.772    192 91053.545    91425.967    91816.027
 47  WAG+F+R5      45298.911    194 90985.821    91369.882    91756.246
 48  WAG+F+R6      45288.767    196 90969.535    91365.555    91747.902
 49  WAG+F+R7      45276.856    198 90949.712    91358.023    91736.022
 50  WAG+F+R8      45274.081    200 90948.162    91369.105    91742.415
 53  JTT           48318.270    167 96970.541    97221.041    97633.741
 54  JTT+I         48184.038    168 96704.076    96958.713    97371.248
 55  JTT+G4        45884.557    168 92105.114    92359.751    92772.286
 56  JTT+I+G4      45861.897    169 92061.793    92320.622    92732.937
 57  JTT+R2        46320.601    169 92979.202    93238.031    93650.346
 58  JTT+R3        45995.261    171 92332.522    92599.904    93011.608
 59  JTT+R4        45868.178    173 92082.357    92358.522    92769.385
 60  JTT+R5        45812.979    175 91975.958    92261.144    92670.929
 61  JTT+R6        45801.656    177 91957.313    92251.761    92660.226
 62  JTT+R7        45794.763    179 91947.526    92251.488    92658.382
 63  JTT+R8        45792.937    181 91947.874    92261.608    92666.673
 66  JTT+F         48286.444    186 96944.888    97284.224    97683.542
 67  JTT+F+I       48149.910    187 96673.819    97018.486    97416.445
 68  JTT+F+G4      45557.065    187 91488.129    91832.796    92230.755
 69  JTT+F+I+G4    45537.466    188 91450.932    91801.001    92197.530
 70  JTT+F+R2      46024.066    188 92424.133    92774.202    93170.730
 71  JTT+F+R3      45659.037    190 91698.075    92059.169    92452.614
 72  JTT+F+R4      45540.314    192 91464.629    91837.051    92227.111
 73  JTT+F+R5      45497.482    194 91382.964    91767.025    92153.389
 74  JTT+F+R6      45476.463    196 91344.925    91740.946    92123.293
 75  JTT+F+R7      45471.751    198 91339.502    91747.813    92125.812
WARNING: Normalizing state frequencies so that sum of them equals to 1
 79  Q.pfam        47850.302    167 96034.603    96285.103    96697.804
WARNING: Normalizing state frequencies so that sum of them equals to 1
 80  Q.pfam+I      47715.870    168 95767.741    96022.377    96434.913
WARNING: Normalizing state frequencies so that sum of them equals to 1
 81  Q.pfam+G4     45381.015    168 91098.030    91352.666    91765.202
WARNING: Normalizing state frequencies so that sum of them equals to 1
 82  Q.pfam+I+G4   45357.962    169 91053.924    91312.752    91725.067
WARNING: Normalizing state frequencies so that sum of them equals to 1
 83  Q.pfam+R2     45867.305    169 92072.610    92331.439    92743.754
WARNING: Normalizing state frequencies so that sum of them equals to 1
 84  Q.pfam+R3     45513.768    171 91369.536    91636.918    92048.622
WARNING: Normalizing state frequencies so that sum of them equals to 1
 85  Q.pfam+R4     45370.396    173 91086.793    91362.958    91773.821
WARNING: Normalizing state frequencies so that sum of them equals to 1
 86  Q.pfam+R5     45324.133    175 90998.267    91283.452    91693.238
WARNING: Normalizing state frequencies so that sum of them equals to 1
 87  Q.pfam+R6     45305.417    177 90964.835    91259.284    91667.748
WARNING: Normalizing state frequencies so that sum of them equals to 1
 88  Q.pfam+R7     45299.320    179 90956.640    91260.602    91667.496
WARNING: Normalizing state frequencies so that sum of them equals to 1
 89  Q.pfam+R8     45297.772    181 90957.544    91271.278    91676.343
WARNING: Normalizing state frequencies so that sum of them equals to 1
 92  Q.pfam+F      48056.333    186 96484.665    96824.002    97223.320
WARNING: Normalizing state frequencies so that sum of them equals to 1
 93  Q.pfam+F+I    47919.448    187 96212.897    96557.563    96955.523
WARNING: Normalizing state frequencies so that sum of them equals to 1
 94  Q.pfam+F+G4   45189.524    187 90753.048    91097.715    91495.674
WARNING: Normalizing state frequencies so that sum of them equals to 1
 95  Q.pfam+F+I+G4 45165.426    188 90706.852    91056.921    91453.449
WARNING: Normalizing state frequencies so that sum of them equals to 1
 96  Q.pfam+F+R2   45712.503    188 91801.006    92151.075    92547.603
WARNING: Normalizing state frequencies so that sum of them equals to 1
 97  Q.pfam+F+R3   45292.629    190 90965.258    91326.353    91719.798
WARNING: Normalizing state frequencies so that sum of them equals to 1
 98  Q.pfam+F+R4   45174.065    192 90732.131    91104.553    91494.613
WARNING: Normalizing state frequencies so that sum of them equals to 1
 99  Q.pfam+F+R5   45130.447    194 90648.893    91032.954    91419.318
WARNING: Normalizing state frequencies so that sum of them equals to 1
100  Q.pfam+F+R6   45105.900    196 90603.800    90999.820    91382.167
WARNING: Normalizing state frequencies so that sum of them equals to 1
101  Q.pfam+F+R7   45102.402    198 90600.803    91009.114    91387.113
WARNING: Normalizing state frequencies so that sum of them equals to 1
105  Q.bird        49311.087    167 98956.175    99206.675    99619.376
WARNING: Normalizing state frequencies so that sum of them equals to 1
106  Q.bird+I      49147.400    168 98630.800    98885.437    99297.972
WARNING: Normalizing state frequencies so that sum of them equals to 1
107  Q.bird+G4     46436.193    168 93208.386    93463.023    93875.558
WARNING: Normalizing state frequencies so that sum of them equals to 1
108  Q.bird+I+G4   46410.235    169 93158.470    93417.299    93829.613
WARNING: Normalizing state frequencies so that sum of them equals to 1
109  Q.bird+R2     46993.178    169 94324.357    94583.186    94995.500
WARNING: Normalizing state frequencies so that sum of them equals to 1
110  Q.bird+R3     46576.927    171 93495.854    93763.236    94174.940
WARNING: Normalizing state frequencies so that sum of them equals to 1
111  Q.bird+R4     46422.380    173 93190.761    93466.926    93877.789
WARNING: Normalizing state frequencies so that sum of them equals to 1
112  Q.bird+R5     46362.029    175 93074.058    93359.243    93769.029
WARNING: Normalizing state frequencies so that sum of them equals to 1
113  Q.bird+R6     46330.344    177 93014.688    93309.136    93717.601
WARNING: Normalizing state frequencies so that sum of them equals to 1
114  Q.bird+R7     46326.453    179 93010.906    93314.868    93721.762
WARNING: Normalizing state frequencies so that sum of them equals to 1
118  Q.bird+F      49776.030    186 99924.060    100263.397   100662.715
WARNING: Normalizing state frequencies so that sum of them equals to 1
119  Q.bird+F+I    49605.855    187 99585.710    99930.377    100328.336
WARNING: Normalizing state frequencies so that sum of them equals to 1
120  Q.bird+F+G4   46318.426    187 93010.853    93355.519    93753.479
WARNING: Normalizing state frequencies so that sum of them equals to 1
121  Q.bird+F+I+G4 46286.394    188 92948.788    93298.857    93695.385
WARNING: Normalizing state frequencies so that sum of them equals to 1
122  Q.bird+F+R2   46940.236    188 94256.472    94606.541    95003.070
WARNING: Normalizing state frequencies so that sum of them equals to 1
123  Q.bird+F+R3   46439.963    190 93259.927    93621.021    94014.467
WARNING: Normalizing state frequencies so that sum of them equals to 1
124  Q.bird+F+R4   46293.192    192 92970.384    93342.806    93732.866
WARNING: Normalizing state frequencies so that sum of them equals to 1
125  Q.bird+F+R5   46219.625    194 92827.250    93211.311    93597.675
WARNING: Normalizing state frequencies so that sum of them equals to 1
126  Q.bird+F+R6   46192.462    196 92776.924    93172.945    93555.292
WARNING: Normalizing state frequencies so that sum of them equals to 1
127  Q.bird+F+R7   46192.009    198 92780.018    93188.329    93566.328
WARNING: Normalizing state frequencies so that sum of them equals to 1
131  Q.mammal      48921.951    167 98177.902    98428.402    98841.102
WARNING: Normalizing state frequencies so that sum of them equals to 1
132  Q.mammal+I    48758.930    168 97853.861    98108.497    98521.033
WARNING: Normalizing state frequencies so that sum of them equals to 1
133  Q.mammal+G4   46227.265    168 92790.530    93045.166    93457.702
WARNING: Normalizing state frequencies so that sum of them equals to 1
134  Q.mammal+I+G4 46197.604    169 92733.208    92992.037    93404.351
WARNING: Normalizing state frequencies so that sum of them equals to 1
135  Q.mammal+R2   46752.091    169 93842.182    94101.011    94513.326
WARNING: Normalizing state frequencies so that sum of them equals to 1
136  Q.mammal+R3   46356.485    171 93054.971    93322.353    93734.057
WARNING: Normalizing state frequencies so that sum of them equals to 1
137  Q.mammal+R4   46211.819    173 92769.637    93045.803    93456.666
WARNING: Normalizing state frequencies so that sum of them equals to 1
138  Q.mammal+R5   46148.273    175 92646.546    92931.731    93341.517
WARNING: Normalizing state frequencies so that sum of them equals to 1
139  Q.mammal+R6   46121.854    177 92597.707    92892.156    93300.621
WARNING: Normalizing state frequencies so that sum of them equals to 1
140  Q.mammal+R7   46118.627    179 92595.253    92899.216    93306.109
WARNING: Normalizing state frequencies so that sum of them equals to 1
144  Q.mammal+F    49212.437    186 98796.874    99136.211    99535.529
WARNING: Normalizing state frequencies so that sum of them equals to 1
145  Q.mammal+F+I  49046.221    187 98466.443    98811.109    99209.069
WARNING: Normalizing state frequencies so that sum of them equals to 1
146  Q.mammal+F+G4 46026.840    187 92427.680    92772.346    93170.305
WARNING: Normalizing state frequencies so that sum of them equals to 1
147  Q.mammal+F+I+G4 45994.459    188 92364.919    92714.988    93111.516
WARNING: Normalizing state frequencies so that sum of them equals to 1
148  Q.mammal+F+R2 46606.994    188 93589.989    93940.058    94336.586
WARNING: Normalizing state frequencies so that sum of them equals to 1
149  Q.mammal+F+R3 46144.125    190 92668.250    93029.344    93422.789
WARNING: Normalizing state frequencies so that sum of them equals to 1
150  Q.mammal+F+R4 46006.505    192 92397.010    92769.432    93159.492
WARNING: Normalizing state frequencies so that sum of them equals to 1
151  Q.mammal+F+R5 45943.242    194 92274.484    92658.545    93044.909
WARNING: Normalizing state frequencies so that sum of them equals to 1
152  Q.mammal+F+R6 45919.439    196 92230.879    92626.899    93009.246
WARNING: Normalizing state frequencies so that sum of them equals to 1
153  Q.mammal+F+R7 45909.444    198 92214.888    92623.199    93001.198
WARNING: Normalizing state frequencies so that sum of them equals to 1
154  Q.mammal+F+R8 45909.443    200 92218.887    92639.829    93013.139
157  Q.insect      48414.542    167 97163.084    97413.584    97826.285
158  Q.insect+I    48266.061    168 96868.123    97122.759    97535.295
159  Q.insect+G4   45794.454    168 91924.908    92179.544    92592.080
160  Q.insect+I+G4 45768.343    169 91874.687    92133.516    92545.830
161  Q.insect+R2   46287.449    169 92912.899    93171.728    93584.042
162  Q.insect+R3   45920.177    171 92182.355    92449.737    92861.440
163  Q.insect+R4   45779.712    173 91905.424    92181.589    92592.452
164  Q.insect+R5   45719.751    175 91789.502    92074.687    92484.473
165  Q.insect+R6   45703.775    177 91761.550    92055.998    92464.463
166  Q.insect+R7   45698.722    179 91755.443    92059.405    92466.299
170  Q.insect+F    48312.428    186 96996.857    97336.193    97735.511
171  Q.insect+F+I  48160.113    187 96694.227    97038.894    97436.853
172  Q.insect+F+G4 45303.276    187 90980.551    91325.218    91723.177
173  Q.insect+F+I+G4 45277.968    188 90931.937    91282.006    91678.534
174  Q.insect+F+R2 45824.115    188 92024.231    92374.299    92770.828
175  Q.insect+F+R3 45430.188    190 91240.376    91601.471    91994.916
176  Q.insect+F+R4 45281.568    192 90947.136    91319.558    91709.618
177  Q.insect+F+R5 45234.780    194 90857.559    91241.620    91627.984
178  Q.insect+F+R6 45204.522    196 90801.044    91197.065    91579.411
179  Q.insect+F+R7 45203.090    198 90802.179    91210.490    91588.489
WARNING: Normalizing state frequencies so that sum of them equals to 1
183  Q.plant       48513.868    167 97361.736    97612.236    98024.937
WARNING: Normalizing state frequencies so that sum of them equals to 1
184  Q.plant+I     48373.087    168 97082.173    97336.810    97749.345
WARNING: Normalizing state frequencies so that sum of them equals to 1
185  Q.plant+G4    45655.528    168 91647.057    91901.693    92314.229
WARNING: Normalizing state frequencies so that sum of them equals to 1
186  Q.plant+I+G4  45632.013    169 91602.026    91860.855    92273.169
WARNING: Normalizing state frequencies so that sum of them equals to 1
187  Q.plant+R2    46224.201    169 92786.402    93045.231    93457.546
WARNING: Normalizing state frequencies so that sum of them equals to 1
188  Q.plant+R3    45780.572    171 91903.144    92170.526    92582.230
WARNING: Normalizing state frequencies so that sum of them equals to 1
189  Q.plant+R4    45643.630    173 91633.260    91909.425    92320.289
WARNING: Normalizing state frequencies so that sum of them equals to 1
190  Q.plant+R5    45584.721    175 91519.442    91804.627    92214.413
WARNING: Normalizing state frequencies so that sum of them equals to 1
191  Q.plant+R6    45561.579    177 91477.158    91771.606    92180.071
WARNING: Normalizing state frequencies so that sum of them equals to 1
192  Q.plant+R7    45554.760    179 91467.521    91771.483    92178.376
WARNING: Normalizing state frequencies so that sum of them equals to 1
193  Q.plant+R8    45552.402    181 91466.803    91780.536    92185.601
WARNING: Normalizing state frequencies so that sum of them equals to 1
196  Q.plant+F     48779.713    186 97931.426    98270.763    98670.081
WARNING: Normalizing state frequencies so that sum of them equals to 1
197  Q.plant+F+I   48637.366    187 97648.732    97993.399    98391.358
WARNING: Normalizing state frequencies so that sum of them equals to 1
198  Q.plant+F+G4  45470.058    187 91314.116    91658.783    92056.742
WARNING: Normalizing state frequencies so that sum of them equals to 1
199  Q.plant+F+I+G4 45447.222    188 91270.443    91620.512    92017.040
WARNING: Normalizing state frequencies so that sum of them equals to 1
200  Q.plant+F+R2  46073.836    188 92523.671    92873.740    93270.269
WARNING: Normalizing state frequencies so that sum of them equals to 1
201  Q.plant+F+R3  45585.965    190 91551.930    91913.024    92306.469
WARNING: Normalizing state frequencies so that sum of them equals to 1
202  Q.plant+F+R4  45451.037    192 91286.074    91658.496    92048.556
WARNING: Normalizing state frequencies so that sum of them equals to 1
203  Q.plant+F+R5  45392.777    194 91173.555    91557.616    91943.980
WARNING: Normalizing state frequencies so that sum of them equals to 1
204  Q.plant+F+R6  45365.403    196 91122.805    91518.826    91901.173
WARNING: Normalizing state frequencies so that sum of them equals to 1
205  Q.plant+F+R7  45363.983    198 91123.966    91532.277    91910.275
WARNING: Normalizing state frequencies so that sum of them equals to 1
209  Q.yeast       48433.283    167 97200.566    97451.066    97863.767
WARNING: Normalizing state frequencies so that sum of them equals to 1
210  Q.yeast+I     48290.503    168 96917.005    97171.642    97584.177
WARNING: Normalizing state frequencies so that sum of them equals to 1
211  Q.yeast+G4    45802.570    168 91941.140    92195.777    92608.312
WARNING: Normalizing state frequencies so that sum of them equals to 1
212  Q.yeast+I+G4  45778.923    169 91895.847    92154.676    92566.990
WARNING: Normalizing state frequencies so that sum of them equals to 1
213  Q.yeast+R2    46312.306    169 92962.612    93221.441    93633.756
WARNING: Normalizing state frequencies so that sum of them equals to 1
214  Q.yeast+R3    45940.637    171 92223.274    92490.656    92902.360
WARNING: Normalizing state frequencies so that sum of them equals to 1
215  Q.yeast+R4    45788.174    173 91922.347    92198.512    92609.376
WARNING: Normalizing state frequencies so that sum of them equals to 1
216  Q.yeast+R5    45732.343    175 91814.687    92099.872    92509.658
WARNING: Normalizing state frequencies so that sum of them equals to 1
217  Q.yeast+R6    45711.814    177 91777.628    92072.076    92480.541
WARNING: Normalizing state frequencies so that sum of them equals to 1
218  Q.yeast+R7    45707.209    179 91772.418    92076.380    92483.274
WARNING: Normalizing state frequencies so that sum of them equals to 1
222  Q.yeast+F     48195.960    186 96763.920    97103.256    97502.575
WARNING: Normalizing state frequencies so that sum of them equals to 1
223  Q.yeast+F+I   48050.665    187 96475.330    96819.997    97217.956
WARNING: Normalizing state frequencies so that sum of them equals to 1
224  Q.yeast+F+G4  45192.752    187 90759.504    91104.170    91502.130
WARNING: Normalizing state frequencies so that sum of them equals to 1
225  Q.yeast+F+I+G4 45168.303    188 90712.606    91062.675    91459.203
WARNING: Normalizing state frequencies so that sum of them equals to 1
226  Q.yeast+F+R2  45719.184    188 91814.367    92164.436    92560.964
WARNING: Normalizing state frequencies so that sum of them equals to 1
227  Q.yeast+F+R3  45310.794    190 91001.587    91362.682    91756.127
WARNING: Normalizing state frequencies so that sum of them equals to 1
228  Q.yeast+F+R4  45172.751    192 90729.501    91101.924    91491.984
WARNING: Normalizing state frequencies so that sum of them equals to 1
229  Q.yeast+F+R5  45125.677    194 90639.354    91023.415    91409.779
WARNING: Normalizing state frequencies so that sum of them equals to 1
230  Q.yeast+F+R6  45096.400    196 90584.800    90980.820    91363.167
WARNING: Normalizing state frequencies so that sum of them equals to 1
231  Q.yeast+F+R7  45091.346    198 90578.692    90987.003    91365.002
235  JTTDCMut      48318.861    167 96971.721    97222.221    97634.922
236  JTTDCMut+I    48187.069    168 96710.138    96964.774    97377.310
237  JTTDCMut+G4   45892.059    168 92120.117    92374.754    92787.289
238  JTTDCMut+I+G4 45870.043    169 92078.085    92336.914    92749.229
239  JTTDCMut+R2   46326.870    169 92991.739    93250.568    93662.883
240  JTTDCMut+R3   46002.700    171 92347.400    92614.782    93026.486
241  JTTDCMut+R4   45876.042    173 92098.084    92374.249    92785.112
242  JTTDCMut+R5   45820.256    175 91990.512    92275.697    92685.482
243  JTTDCMut+R6   45809.484    177 91972.968    92267.416    92675.881
244  JTTDCMut+R7   45802.550    179 91963.101    92267.063    92673.957
245  JTTDCMut+R8   45800.477    181 91962.955    92276.688    92681.753
248  JTTDCMut+F    48284.606    186 96941.212    97280.548    97679.866
249  JTTDCMut+F+I  48150.378    187 96674.757    97019.423    97417.383
250  JTTDCMut+F+G4 45559.782    187 91493.564    91838.231    92236.190
251  JTTDCMut+F+I+G4 45540.202    188 91456.404    91806.473    92203.002
252  JTTDCMut+F+R2 46025.787    188 92427.573    92777.642    93174.171
253  JTTDCMut+F+R3 45661.484    190 91702.969    92064.063    92457.508
254  JTTDCMut+F+R4 45542.780    192 91469.559    91841.981    92232.042
255  JTTDCMut+F+R5 45500.290    194 91388.580    91772.641    92159.005
256  JTTDCMut+F+R6 45479.579    196 91351.159    91747.179    92129.526
257  JTTDCMut+F+R7 45474.803    198 91345.607    91753.918    92131.917
261  DCMut         48865.010    167 98064.020    98314.520    98727.220
262  DCMut+I       48712.269    168 97760.537    98015.174    98427.709
263  DCMut+G4      46256.329    168 92848.658    93103.294    93515.830
264  DCMut+I+G4    46227.252    169 92792.505    93051.334    93463.648
265  DCMut+R2      46690.928    169 93719.857    93978.686    94391.000
266  DCMut+R3      46348.127    171 93038.254    93305.636    93717.340
267  DCMut+R4      46222.727    173 92791.455    93067.620    93478.483
268  DCMut+R5      46156.705    175 92663.410    92948.595    93358.381
269  DCMut+R6      46142.426    177 92638.851    92933.300    93341.764
270  DCMut+R7      46134.408    179 92626.815    92930.778    93337.671
271  DCMut+R8      46134.271    181 92630.543    92944.276    93349.341
274  DCMut+F       48516.657    186 97405.313    97744.650    98143.968
275  DCMut+F+I     48364.210    187 97102.421    97447.087    97845.047
276  DCMut+F+G4    45720.348    187 91814.695    92159.362    92557.321
277  DCMut+F+I+G4  45698.482    188 91772.963    92123.032    92519.561
278  DCMut+F+R2    46171.008    188 92718.015    93068.084    93464.613
279  DCMut+F+R3    45839.435    190 92058.871    92419.965    92813.410
280  DCMut+F+R4    45700.600    192 91785.200    92157.622    92547.682
281  DCMut+F+R5    45654.548    194 91697.096    92081.157    92467.520
282  DCMut+F+R6    45632.533    196 91657.065    92053.086    92435.433
283  DCMut+F+R7    45629.079    198 91654.158    92062.469    92440.468
287  VT            47968.822    167 96271.643    96522.143    96934.844
288  VT+I          47841.447    168 96018.894    96273.531    96686.066
289  VT+G4         45860.516    168 92057.031    92311.668    92724.203
290  VT+I+G4       45837.561    169 92013.121    92271.950    92684.264
291  VT+R2         46248.566    169 92835.131    93093.960    93506.275
292  VT+R3         45954.605    171 92251.211    92518.593    92930.296
293  VT+R4         45846.470    173 92038.939    92315.104    92725.968
294  VT+R5         45805.689    175 91961.378    92246.563    92656.349
295  VT+R6         45790.905    177 91935.810    92230.259    92638.724
296  VT+R7         45787.588    179 91933.175    92237.137    92644.031
300  VT+F          47741.328    186 95854.656    96193.992    96593.310
301  VT+F+I        47615.038    187 95604.075    95948.742    96346.701
302  VT+F+G4       45419.112    187 91212.224    91556.891    91954.850
303  VT+F+I+G4     45396.526    188 91169.051    91519.120    91915.648
304  VT+F+R2       45832.965    188 92041.929    92391.998    92788.527
305  VT+F+R3       45501.955    190 91383.911    91745.005    92138.451
306  VT+F+R4       45407.893    192 91199.786    91572.208    91962.268
307  VT+F+R5       45367.331    194 91122.661    91506.722    91893.086
308  VT+F+R6       45357.715    196 91107.429    91503.450    91885.797
309  VT+F+R7       45354.088    198 91104.175    91512.486    91890.485
313  PMB           47988.012    167 96310.025    96560.525    96973.225
314  PMB+I         47864.884    168 96065.768    96320.405    96732.940
315  PMB+G4        45907.751    168 92151.501    92406.138    92818.673
316  PMB+I+G4      45884.273    169 92106.547    92365.375    92777.690
317  PMB+R2        46311.456    169 92960.911    93219.740    93632.054
318  PMB+R3        45997.537    171 92337.074    92604.456    93016.160
319  PMB+R4        45896.733    173 92139.466    92415.631    92826.494
320  PMB+R5        45856.721    175 92063.442    92348.627    92758.413
321  PMB+R6        45846.998    177 92047.997    92342.445    92750.910
322  PMB+R7        45845.768    179 92049.535    92353.497    92760.391
326  PMB+F         47995.433    186 96362.867    96702.203    97101.521
327  PMB+F+I       47869.107    187 96112.215    96456.881    96854.841
328  PMB+F+G4      45661.870    187 91697.739    92042.406    92440.365
329  PMB+F+I+G4    45639.016    188 91654.032    92004.101    92400.629
330  PMB+F+R2      46096.494    188 92568.988    92919.056    93315.585
331  PMB+F+R3      45746.684    190 91873.368    92234.463    92627.908
332  PMB+F+R4      45654.111    192 91692.222    92064.644    92454.704
333  PMB+F+R5      45616.326    194 91620.653    92004.714    92391.077
334  PMB+F+R6      45605.339    196 91602.678    91998.698    92381.045
335  PMB+F+R7      45604.964    198 91605.928    92014.239    92392.238
339  Blosum62      48087.875    167 96509.750    96760.250    97172.951
340  Blosum62+I    47960.515    168 96257.030    96511.667    96924.202
341  Blosum62+G4   45983.001    168 92302.003    92556.639    92969.175
342  Blosum62+I+G4 45958.529    169 92255.058    92513.887    92926.201
343  Blosum62+R2   46386.341    169 93110.683    93369.511    93781.826
344  Blosum62+R3   46077.881    171 92497.761    92765.143    93176.847
345  Blosum62+R4   45970.439    173 92286.878    92563.044    92973.907
346  Blosum62+R5   45930.080    175 92210.160    92495.345    92905.131
347  Blosum62+R6   45919.672    177 92193.345    92487.794    92896.258
348  Blosum62+R7   45915.425    179 92188.850    92492.812    92899.706
352  Blosum62+F    47928.762    186 96229.524    96568.860    96968.178
353  Blosum62+F+I  47797.422    187 95968.843    96313.510    96711.469
354  Blosum62+F+G4 45589.639    187 91553.278    91897.944    92295.903
355  Blosum62+F+I+G4 45565.487    188 91506.974    91857.043    92253.571
356  Blosum62+F+R2 46020.254    188 92416.508    92766.577    93163.106
357  Blosum62+F+R3 45678.732    190 91737.463    92098.558    92492.003
358  Blosum62+F+R4 45580.213    192 91544.427    91916.849    92306.909
359  Blosum62+F+R5 45540.285    194 91468.570    91852.631    92238.995
360  Blosum62+F+R6 45529.159    196 91450.318    91846.339    92228.686
361  Blosum62+F+R7 45527.215    198 91450.430    91858.740    92236.739
365  Dayhoff       48870.559    167 98075.117    98325.617    98738.318
366  Dayhoff+I     48717.683    168 97771.366    98026.002    98438.538
367  Dayhoff+G4    46254.362    168 92844.724    93099.361    93511.896
368  Dayhoff+I+G4  46225.310    169 92788.619    93047.448    93459.762
369  Dayhoff+R2    46690.440    169 93718.880    93977.709    94390.024
370  Dayhoff+R3    46346.552    171 93035.103    93302.485    93714.189
371  Dayhoff+R4    46221.003    173 92788.006    93064.171    93475.035
372  Dayhoff+R5    46154.715    175 92659.429    92944.614    93354.400
373  Dayhoff+R6    46140.335    177 92634.669    92929.118    93337.583
374  Dayhoff+R7    46132.188    179 92622.376    92926.338    93333.232
375  Dayhoff+R8    46132.043    181 92626.085    92939.819    93344.884
378  Dayhoff+F     48521.832    186 97415.665    97755.001    98154.319
379  Dayhoff+F+I   48369.289    187 97112.578    97457.244    97855.204
380  Dayhoff+F+G4  45718.893    187 91811.785    92156.452    92554.411
381  Dayhoff+F+I+G4 45696.935    188 91769.869    92119.938    92516.467
382  Dayhoff+F+R2  46170.673    188 92717.346    93067.415    93463.943
383  Dayhoff+F+R3  45837.900    190 92055.799    92416.894    92810.339
384  Dayhoff+F+R4  45699.190    192 91782.380    92154.802    92544.862
385  Dayhoff+F+R5  45652.704    194 91693.408    92077.469    92463.833
386  Dayhoff+F+R6  45630.661    196 91653.322    92049.343    92431.690
387  Dayhoff+F+R7  45627.246    198 91650.493    92058.803    92436.802
391  mtREV         50610.521    167 101555.041   101805.541   102218.242
392  mtREV+I       50493.500    168 101322.999   101577.636   101990.171
393  mtREV+G4      47214.552    168 94765.105    95019.742    95432.277
394  mtREV+I+G4    47199.303    169 94736.606    94995.435    95407.749
395  mtREV+R2      47899.214    169 96136.428    96395.257    96807.572
396  mtREV+R3      47338.959    171 95019.918    95287.300    95699.004
397  mtREV+R4      47175.248    173 94696.495    94972.660    95383.523
398  mtREV+R5      47115.696    175 94581.392    94866.577    95276.363
399  mtREV+R6      47096.210    177 94546.421    94840.869    95249.334
400  mtREV+R7      47085.496    179 94528.992    94832.955    95239.848
401  mtREV+R8      47082.526    181 94527.051    94840.785    95245.850
404  mtREV+F       49514.967    186 99401.933    99741.270    100140.588
405  mtREV+F+I     49381.840    187 99137.680    99482.347    99880.306
406  mtREV+F+G4    46018.977    187 92411.954    92756.621    93154.580
407  mtREV+F+I+G4  46002.499    188 92380.997    92731.066    93127.594
408  mtREV+F+R2    46653.090    188 93682.181    94032.250    94428.778
409  mtREV+F+R3    46153.717    190 92687.435    93048.529    93441.974
410  mtREV+F+R4    45980.691    192 92345.381    92717.803    93107.864
411  mtREV+F+R5    45917.294    194 92222.589    92606.650    92993.013
412  mtREV+F+R6    45894.785    196 92181.571    92577.591    92959.938
413  mtREV+F+R7    45890.301    198 92176.602    92584.913    92962.912
417  mtART         51860.836    167 104055.671   104306.171   104718.872
418  mtART+I       51729.613    168 103795.227   104049.863   104462.399
419  mtART+G4      47381.802    168 95099.603    95354.240    95766.775
420  mtART+I+G4    47355.776    169 95049.553    95308.382    95720.696
421  mtART+R2      48194.379    169 96726.758    96985.587    97397.901
422  mtART+R3      47486.546    171 95315.092    95582.474    95994.178
423  mtART+R4      47315.848    173 94977.697    95253.862    95664.725
424  mtART+R5      47241.544    175 94833.088    95118.273    95528.059
425  mtART+R6      47191.543    177 94737.087    95031.535    95440.000
426  mtART+R7      47184.781    179 94727.563    95031.525    95438.419
427  mtART+R8      47184.588    181 94731.177    95044.910    95449.975
430  mtART+F       50986.165    186 102344.330   102683.667   103082.985
431  mtART+F+I     50831.352    187 102036.703   102381.370   102779.329
432  mtART+F+G4    46333.852    187 93041.704    93386.371    93784.330
433  mtART+F+I+G4  46306.770    188 92989.540    93339.609    93736.137
434  mtART+F+R2    47161.255    188 94698.510    95048.579    95445.107
435  mtART+F+R3    46448.984    190 93277.968    93639.063    94032.508
436  mtART+F+R4    46267.953    192 92919.906    93292.328    93682.388
437  mtART+F+R5    46177.371    194 92742.741    93126.802    93513.166
438  mtART+F+R6    46139.838    196 92671.676    93067.697    93450.044
439  mtART+F+R7    46127.070    198 92650.140    93058.451    93436.450
440  mtART+F+R8    46125.251    200 92650.502    93071.445    93444.755
443  mtZOA         50105.776    167 100545.553   100796.053   101208.753
444  mtZOA+I       49981.803    168 100299.606   100554.243   100966.778
445  mtZOA+G4      46134.686    168 92605.371    92860.008    93272.543
446  mtZOA+I+G4    46112.169    169 92562.337    92821.166    93233.481
447  mtZOA+R2      46882.650    169 94103.299    94362.128    94774.443
448  mtZOA+R3      46238.704    171 92819.408    93086.790    93498.494
449  mtZOA+R4      46095.047    173 92536.095    92812.260    93223.123
450  mtZOA+R5      46029.243    175 92408.487    92693.672    93103.457
451  mtZOA+R6      45980.901    177 92315.802    92610.251    93018.716
452  mtZOA+R7      45973.978    179 92305.957    92609.919    93016.813
453  mtZOA+R8      45973.516    181 92309.031    92622.765    93027.830
456  mtZOA+F       49887.393    186 100146.787   100486.123   100885.442
457  mtZOA+F+I     49745.137    187 99864.274    100208.941   100606.900
458  mtZOA+F+G4    45745.812    187 91865.624    92210.291    92608.250
459  mtZOA+F+I+G4  45722.368    188 91820.735    92170.804    92567.332
460  mtZOA+F+R2    46507.810    188 93391.620    93741.689    94138.217
461  mtZOA+F+R3    45856.623    190 92093.247    92454.341    92847.787
462  mtZOA+F+R4    45689.977    192 91763.953    92136.375    92526.435
463  mtZOA+F+R5    45624.350    194 91636.700    92020.761    92407.125
464  mtZOA+F+R6    45587.394    196 91566.788    91962.808    92345.155
465  mtZOA+F+R7    45575.644    198 91547.289    91955.600    92333.599
466  mtZOA+F+R8    45574.617    200 91549.235    91970.177    92343.487
469  mtMet         50782.479    167 101898.959   102149.459   102562.160
470  mtMet+I       50668.335    168 101672.670   101927.306   102339.842
471  mtMet+G4      47268.503    168 94873.006    95127.642    95540.177
472  mtMet+I+G4    47247.595    169 94833.191    95092.019    95504.334
473  mtMet+R2      47962.164    169 96262.329    96521.158    96933.472
474  mtMet+R3      47371.976    171 95085.951    95353.333    95765.037
475  mtMet+R4      47247.791    173 94841.582    95117.747    95528.610
476  mtMet+R5      47175.587    175 94701.174    94986.359    95396.145
477  mtMet+R6      47145.800    177 94645.601    94940.049    95348.514
478  mtMet+R7      47138.807    179 94635.613    94939.576    95346.469
479  mtMet+R8      47130.222    181 94622.445    94936.178    95341.243
480  mtMet+R9      47129.971    183 94625.942    94949.711    95352.683
482  mtMet+F       49657.000    186 99686.000    100025.336   100424.654
483  mtMet+F+I     49518.899    187 99411.799    99756.465    100154.424
484  mtMet+F+G4    45885.076    187 92144.153    92488.820    92886.779
485  mtMet+F+I+G4  45863.447    188 92102.894    92452.963    92849.491
486  mtMet+F+R2    46580.096    188 93536.193    93886.262    94282.790
487  mtMet+F+R3    46002.316    190 92384.631    92745.726    93139.171
488  mtMet+F+R4    45849.293    192 92082.586    92455.008    92845.068
489  mtMet+F+R5    45798.442    194 91984.885    92368.945    92755.309
490  mtMet+F+R6    45758.894    196 91909.789    92305.809    92688.156
491  mtMet+F+R7    45746.464    198 91888.928    92297.239    92675.238
492  mtMet+F+R8    45746.555    200 91893.109    92314.052    92687.362
495  mtVer         51402.792    167 103139.584   103390.084   103802.785
496  mtVer+I       51282.449    168 102900.897   103155.534   103568.069
497  mtVer+G4      47504.953    168 95345.906    95600.542    96013.078
498  mtVer+I+G4    47482.604    169 95303.208    95562.037    95974.351
499  mtVer+R2      48193.232    169 96724.464    96983.293    97395.608
500  mtVer+R3      47620.265    171 95582.530    95849.911    96261.615
501  mtVer+R4      47479.803    173 95305.606    95581.771    95992.635
502  mtVer+R5      47394.397    175 95138.795    95423.980    95833.766
503  mtVer+R6      47359.733    177 95073.466    95367.914    95776.379
504  mtVer+R7      47347.329    179 95052.658    95356.620    95763.514
505  mtVer+R8      47347.327    181 95056.653    95370.387    95775.452
508  mtVer+F       50234.691    186 100841.382   101180.719   101580.037
509  mtVer+F+I     50086.337    187 100546.674   100891.340   101289.300
510  mtVer+F+G4    46326.915    187 93027.830    93372.497    93770.456
511  mtVer+F+I+G4  46304.880    188 92985.760    93335.829    93732.357
512  mtVer+F+R2    47036.793    188 94449.587    94799.656    95196.184
513  mtVer+F+R3    46468.950    190 93317.900    93678.994    94072.440
514  mtVer+F+R4    46301.050    192 92986.101    93358.523    93748.583
515  mtVer+F+R5    46237.855    194 92863.710    93247.770    93634.134
516  mtVer+F+R6    46200.424    196 92792.848    93188.869    93571.215
517  mtVer+F+R7    46183.699    198 92763.398    93171.709    93549.708
518  mtVer+F+R8    46183.756    200 92767.512    93188.454    93561.764
521  mtInv         50709.249    167 101752.497   102002.997   102415.698
522  mtInv+I       50593.097    168 101522.195   101776.832   102189.367
523  mtInv+G4      47556.253    168 95448.506    95703.143    96115.678
524  mtInv+I+G4    47535.133    169 95408.266    95667.095    96079.409
525  mtInv+R2      48208.389    169 96754.779    97013.608    97425.922
526  mtInv+R3      47658.819    171 95659.638    95927.020    96338.724
527  mtInv+R4      47541.878    173 95429.756    95705.921    96116.784
528  mtInv+R5      47478.154    175 95306.307    95591.493    96001.278
529  mtInv+R6      47452.721    177 95259.442    95553.890    95962.355
530  mtInv+R7      47448.324    179 95254.647    95558.609    95965.503
534  mtInv+F       48969.459    186 98310.918    98650.255    99049.573
535  mtInv+F+I     48833.759    187 98041.518    98386.185    98784.144
536  mtInv+F+G4    45559.909    187 91493.819    91838.485    92236.445
537  mtInv+F+I+G4  45535.565    188 91447.130    91797.199    92193.727
538  mtInv+F+R2    46203.021    188 92782.043    93132.112    93528.640
539  mtInv+F+R3    45677.981    190 91735.961    92097.056    92490.501
540  mtInv+F+R4    45529.725    192 91443.450    91815.872    92205.932
541  mtInv+F+R5    45485.641    194 91359.281    91743.342    92129.706
542  mtInv+F+R6    45446.399    196 91284.798    91680.819    92063.166
543  mtInv+F+R7    45439.014    198 91274.029    91682.340    92060.338
544  mtInv+F+R8    45430.088    200 91260.175    91681.118    92054.428
545  mtInv+F+R9    45429.965    202 91263.929    91697.855    92066.124
547  mtMAM         52765.671    167 105865.343   106115.843   106528.544
548  mtMAM+I       52647.124    168 105630.247   105884.884   106297.419
549  mtMAM+G4      48105.298    168 96546.597    96801.233    97213.769
550  mtMAM+I+G4    48084.217    169 96506.435    96765.264    97177.578
551  mtMAM+R2      48959.353    169 98256.707    98515.536    98927.850
552  mtMAM+R3      48245.738    171 96833.477    97100.858    97512.562
553  mtMAM+R4      48033.024    173 96412.048    96688.213    97099.076
554  mtMAM+R5      47959.707    175 96269.414    96554.599    96964.385
555  mtMAM+R6      47908.371    177 96170.742    96465.191    96873.655
556  mtMAM+R7      47887.918    179 96133.836    96437.798    96844.691
557  mtMAM+R8      47884.438    181 96130.875    96444.609    96849.674
560  mtMAM+F       51559.052    186 103490.103   103829.440   104228.758
561  mtMAM+F+I     51405.685    187 103185.371   103530.037   103927.997
562  mtMAM+F+G4    46919.667    187 94213.335    94558.002    94955.961
563  mtMAM+F+I+G4  46898.354    188 94172.708    94522.777    94919.306
564  mtMAM+F+R2    47757.717    188 95891.435    96241.504    96638.032
565  mtMAM+F+R3    47070.204    190 94520.408    94881.503    95274.948
566  mtMAM+F+R4    46859.509    192 94103.019    94475.441    94865.501
567  mtMAM+F+R5    46764.790    194 93917.579    94301.640    94688.004
568  mtMAM+F+R6    46725.934    196 93843.869    94239.889    94622.236
569  mtMAM+F+R7    46702.127    198 93800.254    94208.565    94586.563
570  mtMAM+F+R8    46699.357    200 93798.714    94219.656    94592.966
WARNING: Normalizing state frequencies so that sum of them equals to 1
573  FLAVI         50621.806    167 101577.612   101828.112   102240.813
WARNING: Normalizing state frequencies so that sum of them equals to 1
574  FLAVI+I       50496.489    168 101328.978   101583.614   101996.150
WARNING: Normalizing state frequencies so that sum of them equals to 1
575  FLAVI+G4      47294.644    168 94925.287    95179.924    95592.459
WARNING: Normalizing state frequencies so that sum of them equals to 1
576  FLAVI+I+G4    47271.411    169 94880.821    95139.650    95551.964
WARNING: Normalizing state frequencies so that sum of them equals to 1
577  FLAVI+R2      47918.375    169 96174.750    96433.578    96845.893
WARNING: Normalizing state frequencies so that sum of them equals to 1
578  FLAVI+R3      47402.534    171 95147.067    95414.449    95826.153
WARNING: Normalizing state frequencies so that sum of them equals to 1
579  FLAVI+R4      47270.303    173 94886.607    95162.772    95573.635
WARNING: Normalizing state frequencies so that sum of them equals to 1
580  FLAVI+R5      47180.937    175 94711.875    94997.060    95406.845
WARNING: Normalizing state frequencies so that sum of them equals to 1
581  FLAVI+R6      47163.432    177 94680.864    94975.312    95383.777
WARNING: Normalizing state frequencies so that sum of them equals to 1
582  FLAVI+R7      47152.662    179 94663.324    94967.286    95374.180
WARNING: Normalizing state frequencies so that sum of them equals to 1
583  FLAVI+R8      47148.736    181 94659.473    94973.206    95378.271
WARNING: Normalizing state frequencies so that sum of them equals to 1
586  FLAVI+F       51035.596    186 102443.193   102782.529   103181.847
WARNING: Normalizing state frequencies so that sum of them equals to 1
587  FLAVI+F+I     50905.424    187 102184.847   102529.514   102927.473
WARNING: Normalizing state frequencies so that sum of them equals to 1
588  FLAVI+F+G4    47251.262    187 94876.525    95221.191    95619.151
WARNING: Normalizing state frequencies so that sum of them equals to 1
589  FLAVI+F+I+G4  47233.535    188 94843.070    95193.138    95589.667
WARNING: Normalizing state frequencies so that sum of them equals to 1
590  FLAVI+F+R2    47943.361    188 96262.722    96612.790    97009.319
WARNING: Normalizing state frequencies so that sum of them equals to 1
591  FLAVI+F+R3    47391.049    190 95162.098    95523.192    95916.637
WARNING: Normalizing state frequencies so that sum of them equals to 1
592  FLAVI+F+R4    47225.737    192 94835.475    95207.897    95597.957
WARNING: Normalizing state frequencies so that sum of them equals to 1
593  FLAVI+F+R5    47151.438    194 94690.875    95074.936    95461.300
WARNING: Normalizing state frequencies so that sum of them equals to 1
594  FLAVI+F+R6    47123.367    196 94638.735    95034.755    95417.102
WARNING: Normalizing state frequencies so that sum of them equals to 1
595  FLAVI+F+R7    47106.624    198 94609.249    95017.560    95395.559
WARNING: Normalizing state frequencies so that sum of them equals to 1
596  FLAVI+F+R8    47105.199    200 94610.397    95031.340    95404.650
599  HIVb          49719.383    167 99772.767    100023.267   100435.967
600  HIVb+I        49579.190    168 99494.380    99749.017    100161.552
601  HIVb+G4       46886.523    168 94109.045    94363.682    94776.217
602  HIVb+I+G4     46866.833    169 94071.666    94330.495    94742.810
603  HIVb+R2       47461.326    169 95260.652    95519.481    95931.795
604  HIVb+R3       47023.707    171 94389.414    94656.796    95068.500
605  HIVb+R4       46879.634    173 94105.268    94381.433    94792.296
606  HIVb+R5       46837.052    175 94024.105    94309.290    94719.075
607  HIVb+R6       46809.889    177 93973.778    94268.226    94676.691
608  HIVb+R7       46799.466    179 93956.931    94260.893    94667.787
609  HIVb+R8       46794.506    181 93951.012    94264.746    94669.811
612  HIVb+F        49599.763    186 99571.527    99910.863    100310.182
613  HIVb+F+I      49462.869    187 99299.739    99644.405    100042.365
614  HIVb+F+G4     46344.041    187 93062.081    93406.748    93804.707
615  HIVb+F+I+G4   46328.844    188 93033.688    93383.757    93780.285
616  HIVb+F+R2     46994.829    188 94365.658    94715.727    95112.255
617  HIVb+F+R3     46474.821    190 93329.642    93690.737    94084.182
618  HIVb+F+R4     46331.190    192 93046.380    93418.803    93808.863
619  HIVb+F+R5     46289.242    194 92966.484    93350.545    93736.909
620  HIVb+F+R6     46271.232    196 92934.464    93330.484    93712.831
621  HIVb+F+R7     46262.290    198 92920.580    93328.891    93706.890
622  HIVb+F+R8     46253.476    200 92906.952    93327.894    93701.204
623  HIVb+F+R9     46253.461    202 92910.922    93344.848    93713.117
625  HIVw          51708.861    167 103751.721   104002.221   104414.922
626  HIVw+I        51540.118    168 103416.235   103670.872   104083.407
627  HIVw+G4       48887.188    168 98110.376    98365.013    98777.548
628  HIVw+I+G4     48860.786    169 98059.572    98318.400    98730.715
629  HIVw+R2       49458.058    169 99254.116    99512.945    99925.259
630  HIVw+R3       49035.127    171 98412.254    98679.636    99091.339
631  HIVw+R4       48872.645    173 98091.290    98367.455    98778.318
632  HIVw+R5       48816.198    175 97982.395    98267.580    98677.366
633  HIVw+R6       48783.205    177 97920.409    98214.858    98623.322
634  HIVw+R7       48771.959    179 97901.918    98205.881    98612.774
635  HIVw+R8       48771.858    181 97905.716    98219.450    98624.515
638  HIVw+F        50784.309    186 101940.619   102279.955   102679.274
639  HIVw+F+I      50611.687    187 101597.375   101942.042   102340.001
640  HIVw+F+G4     47633.522    187 95641.044    95985.710    96383.670
641  HIVw+F+I+G4   47601.492    188 95578.984    95929.053    96325.582
642  HIVw+F+R2     48209.107    188 96794.214    97144.283    97540.811
643  HIVw+F+R3     47766.218    190 95912.435    96273.530    96666.975
644  HIVw+F+R4     47615.622    192 95615.244    95987.666    96377.726
645  HIVw+F+R5     47546.680    194 95481.361    95865.422    96251.786
646  HIVw+F+R6     47524.922    196 95441.844    95837.865    96220.211
647  HIVw+F+R7     47519.417    198 95434.834    95843.145    96221.144
651  FLU           49497.108    167 99328.216    99578.716    99991.416
652  FLU+I         49348.152    168 99032.305    99286.942    99699.477
653  FLU+G4        46756.163    168 93848.327    94102.964    94515.499
654  FLU+I+G4      46729.813    169 93797.627    94056.456    94468.770
655  FLU+R2        47277.431    169 94892.862    95151.690    95564.005
656  FLU+R3        46881.391    171 94104.783    94372.164    94783.868
657  FLU+R4        46745.847    173 93837.693    94113.859    94524.722
658  FLU+R5        46691.254    175 93732.508    94017.693    94427.479
659  FLU+R6        46652.605    177 93659.211    93953.660    94362.124
660  FLU+R7        46649.947    179 93657.893    93961.856    94368.749
664  FLU+F         49160.485    186 98692.970    99032.307    99431.625
665  FLU+F+I       48997.948    187 98369.895    98714.562    99112.521
666  FLU+F+G4      46001.491    187 92376.981    92721.648    93119.607
667  FLU+F+I+G4    45972.024    188 92320.048    92670.117    93066.646
668  FLU+F+R2      46595.201    188 93566.403    93916.472    94313.000
669  FLU+F+R3      46110.630    190 92601.261    92962.355    93355.800
670  FLU+F+R4      45991.780    192 92367.560    92739.983    93130.043
671  FLU+F+R5      45937.213    194 92262.426    92646.487    93032.851
672  FLU+F+R6      45919.731    196 92231.462    92627.483    93009.829
673  FLU+F+R7      45909.334    198 92214.667    92622.978    93000.977
674  FLU+F+R8      45909.215    200 92218.430    92639.373    93012.683
677  rtREV         48564.209    167 97462.418    97712.918    98125.619
678  rtREV+I       48434.169    168 97204.339    97458.975    97871.511
679  rtREV+G4      46094.978    168 92525.955    92780.592    93193.127
680  rtREV+I+G4    46074.845    169 92487.689    92746.518    93158.833
681  rtREV+R2      46581.759    169 93501.518    93760.346    94172.661
682  rtREV+R3      46232.697    171 92807.394    93074.775    93486.479
683  rtREV+R4      46082.024    173 92510.048    92786.213    93197.077
684  rtREV+R5      46038.686    175 92427.373    92712.558    93122.343
685  rtREV+R6      46019.877    177 92393.753    92688.202    93096.666
686  rtREV+R7      46008.833    179 92375.665    92679.627    93086.521
687  rtREV+R8      46003.678    181 92369.355    92683.089    93088.154
690  rtREV+F       48171.395    186 96714.790    97054.127    97453.445
691  rtREV+F+I     48035.588    187 96445.176    96789.843    97187.802
692  rtREV+F+G4    45317.041    187 91008.081    91352.748    91750.707
693  rtREV+F+I+G4  45298.312    188 90972.624    91322.693    91719.221
694  rtREV+F+R2    45839.561    188 92055.122    92405.191    92801.719
695  rtREV+F+R3    45447.106    190 91274.212    91635.306    92028.752
696  rtREV+F+R4    45299.250    192 90982.500    91354.922    91744.982
697  rtREV+F+R5    45261.219    194 90910.438    91294.499    91680.863
698  rtREV+F+R6    45238.663    196 90869.325    91265.346    91647.693
699  rtREV+F+R7    45235.037    198 90866.074    91274.385    91652.384
703  cpREV         48281.142    167 96896.284    97146.784    97559.485
704  cpREV+I       48174.133    168 96684.267    96938.904    97351.439
705  cpREV+G4      45843.952    168 92023.903    92278.540    92691.075
706  cpREV+I+G4    45832.743    169 92003.486    92262.315    92674.629
707  cpREV+R2      46329.083    169 92996.166    93254.995    93667.310
708  cpREV+R3      45968.652    171 92279.305    92546.687    92958.391
709  cpREV+R4      45834.347    173 92014.694    92290.859    92701.723
710  cpREV+R5      45798.703    175 91947.406    92232.592    92642.377
711  cpREV+R6      45778.021    177 91910.043    92204.492    92612.956
712  cpREV+R7      45770.565    179 91899.129    92203.092    92609.985
713  cpREV+R8      45765.343    181 91892.685    92206.419    92611.484
716  cpREV+F       48130.813    186 96633.626    96972.962    97372.280
717  cpREV+F+I     48028.081    187 96430.162    96774.828    97172.788
718  cpREV+F+G4    45481.702    187 91337.403    91682.070    92080.029
719  cpREV+F+I+G4  45470.952    188 91317.905    91667.974    92064.502
720  cpREV+F+R2    45979.479    188 92334.958    92685.026    93081.555
721  cpREV+F+R3    45584.901    190 91549.802    91910.896    92304.341
722  cpREV+F+R4    45472.729    192 91329.457    91701.879    92091.939
723  cpREV+F+R5    45442.613    194 91273.225    91657.286    92043.650
724  cpREV+F+R6    45423.079    196 91238.157    91634.178    92016.525
725  cpREV+F+R7    45416.702    198 91229.403    91637.714    92015.713
726  cpREV+F+R8    45413.856    200 91227.711    91648.654    92021.964
Model C10 is alias for POISSON+G+FMIX{C10pi1:1:0.1191344178,C10pi2:1:0.0874372456,C10pi3:1:0.1037105070,C10pi4:1:0.0922584809,C10pi5:1:0.1070492801,C10pi6:1:0.1329945166,C10pi7:1:0.0538028458,C10pi8:1:0.0691986212,C10pi9:1:0.1319937434,C10pi10:1:0.1024203429}
729  C10           46435.911    168 93207.823    93462.460    93874.995
Model C20 is alias for POISSON+G+FMIX{C20pi1:1:0.0559910600,C20pi2:1:0.0514824870,C20pi3:1:0.0812922124,C20pi4:1:0.0721976867,C20pi5:1:0.0556718858,C20pi6:1:0.0331003080,C20pi7:1:0.0589501763,C20pi8:1:0.0263756889,C20pi9:1:0.0307584220,C20pi10:1:0.0376701125,C20pi11:1:0.0303058290,C20pi12:1:0.0808775576,C20pi13:1:0.0263349134,C20pi14:1:0.0579101455,C20pi15:1:0.0371248064,C20pi16:1:0.0586867766,C20pi17:1:0.0561479138,C20pi18:1:0.0349810886,C20pi19:1:0.0544937394,C20pi20:1:0.0596471901}
730  C20           45845.330    168 92026.659    92281.296    92693.831
Model C30 is alias for POISSON+G+FMIX{C30pi1:1:0.0095783264,C30pi2:1:0.0248476365,C30pi3:1:0.0636309366,C30pi4:1:0.0537939225,C30pi5:1:0.0295885587,C30pi6:1:0.0117587936,C30pi7:1:0.0132013428,C30pi8:1:0.0236868805,C30pi9:1:0.0261687659,C30pi10:1:0.0239821974,C30pi11:1:0.0257100906,C30pi12:1:0.0465072425,C30pi13:1:0.0546794546,C30pi14:1:0.0536085131,C30pi15:1:0.0270622670,C30pi16:1:0.0403913593,C30pi17:1:0.0474212700,C30pi18:1:0.0458816478,C30pi19:1:0.0214036510,C30pi20:1:0.0290385981,C30pi21:1:0.0123391793,C30pi22:1:0.0569350229,C30pi23:1:0.0419687568,C30pi24:1:0.0339027062,C30pi25:1:0.0388777376,C30pi26:1:0.0196343766,C30pi27:1:0.0233086174,C30pi28:1:0.0622722654,C30pi29:1:0.0184803385,C30pi30:1:0.0203395454}
731  C30           45667.213    168 91670.427    91925.063    92337.599
Model C40 is alias for POISSON+G+FMIX{C40pi1:1:0.0223853788,C40pi2:1:0.0338891820,C40pi3:1:0.0577169375,C40pi4:1:0.0252416233,C40pi5:1:0.0108607921,C40pi6:1:0.0462373793,C40pi7:1:0.0102293175,C40pi8:1:0.0147523625,C40pi9:1:0.0143161352,C40pi10:1:0.0182302541,C40pi11:1:0.0204025079,C40pi12:1:0.0425505156,C40pi13:1:0.0248627269,C40pi14:1:0.0105892988,C40pi15:1:0.0188238725,C40pi16:1:0.0086663445,C40pi17:1:0.0148496147,C40pi18:1:0.0343037402,C40pi19:1:0.0225335203,C40pi20:1:0.0174068578,C40pi21:1:0.0112207827,C40pi22:1:0.0443532245,C40pi23:1:0.0392573370,C40pi24:1:0.0196756555,C40pi25:1:0.0287690328,C40pi26:1:0.0114441177,C40pi27:1:0.0112338740,C40pi28:1:0.0582694099,C40pi29:1:0.0444272279,C40pi30:1:0.0112010942,C40pi31:1:0.0145176111,C40pi32:1:0.0114629026,C40pi33:1:0.0239628061,C40pi34:1:0.0266266492,C40pi35:1:0.0481201159,C40pi36:1:0.0371147423,C40pi37:1:0.0160476688,C40pi38:1:0.0237249267,C40pi39:1:0.0235226203,C40pi40:1:0.0261998398}
732  C40           45575.434    168 91486.867    91741.504    92154.039
Model C50 is alias for POISSON+G+FMIX{C50pi1:1:0.0164297003,C50pi2:1:0.0273175755,C50pi3:1:0.0460247610,C50pi4:1:0.0084864734,C50pi5:1:0.0125389252,C50pi6:1:0.0343549036,C50pi7:1:0.0130241102,C50pi8:1:0.0094755681,C50pi9:1:0.0190040551,C50pi10:1:0.0151902354,C50pi11:1:0.0320534760,C50pi12:1:0.0210059850,C50pi13:1:0.0237408547,C50pi14:1:0.0239841203,C50pi15:1:0.0213748021,C50pi16:1:0.0210717705,C50pi17:1:0.0050241805,C50pi18:1:0.0166262276,C50pi19:1:0.0143945956,C50pi20:1:0.0104391130,C50pi21:1:0.0107628277,C50pi22:1:0.0148818171,C50pi23:1:0.0321480239,C50pi24:1:0.0145477978,C50pi25:1:0.0332355807,C50pi26:1:0.0143190281,C50pi27:1:0.0234478734,C50pi28:1:0.0183044983,C50pi29:1:0.0403269452,C50pi30:1:0.0135629530,C50pi31:1:0.0091880799,C50pi32:1:0.0158270022,C50pi33:1:0.0121019379,C50pi34:1:0.0353560982,C50pi35:1:0.0404495617,C50pi36:1:0.0104569232,C50pi37:1:0.0146187792,C50pi38:1:0.0093984095,C50pi39:1:0.0146773809,C50pi40:1:0.0201635562,C50pi41:1:0.0255640273,C50pi42:1:0.0039486842,C50pi43:1:0.0393652608,C50pi44:1:0.0056415419,C50pi45:1:0.0382833580,C50pi46:1:0.0039735086,C50pi47:1:0.0140269355,C50pi48:1:0.0476703673,C50pi49:1:0.0204062788,C50pi50:1:0.0117835304}
733  C50           45504.499    168 91344.999    91599.636    92012.171
Model C60 is alias for POISSON+G+FMIX{C60pi1:1:0.0169698865,C60pi2:1:0.0211683374,C60pi3:1:0.0276589079,C60pi4:1:0.0065675964,C60pi5:1:0.0141221416,C60pi6:1:0.0068774834,C60pi7:1:0.0146909701,C60pi8:1:0.0067225777,C60pi9:1:0.0018396660,C60pi10:1:0.0102547197,C60pi11:1:0.0230896163,C60pi12:1:0.0057941033,C60pi13:1:0.0125394534,C60pi14:1:0.0204526478,C60pi15:1:0.0070629602,C60pi16:1:0.0117982741,C60pi17:1:0.0068334668,C60pi18:1:0.0433775839,C60pi19:1:0.0318278731,C60pi20:1:0.0222546108,C60pi21:1:0.0102264969,C60pi22:1:0.0150545891,C60pi23:1:0.0134159878,C60pi24:1:0.0148552065,C60pi25:1:0.0239111516,C60pi26:1:0.0128776278,C60pi27:1:0.0222318842,C60pi28:1:0.0247444742,C60pi29:1:0.0214274810,C60pi30:1:0.0115001882,C60pi31:1:0.0076017389,C60pi32:1:0.0130258568,C60pi33:1:0.0093701965,C60pi34:1:0.0467194264,C60pi35:1:0.0441940314,C60pi36:1:0.0322263154,C60pi37:1:0.0402999891,C60pi38:1:0.0150234227,C60pi39:1:0.0104589903,C60pi40:1:0.0214742395,C60pi41:1:0.0154957836,C60pi42:1:0.0101789953,C60pi43:1:0.0227980379,C60pi44:1:0.0123204539,C60pi45:1:0.0066777583,C60pi46:1:0.0004150083,C60pi47:1:0.0344385130,C60pi48:1:0.0113663379,C60pi49:1:0.0127143049,C60pi50:1:0.0124323741,C60pi51:1:0.0262124415,C60pi52:1:0.0064994957,C60pi53:1:0.0103203293,C60pi54:1:0.0142463512,C60pi55:1:0.0215600067,C60pi56:1:0.0199150700,C60pi57:1:0.0038964200,C60pi58:1:0.0113448855,C60pi59:1:0.0128595846,C60pi60:1:0.0117656776}
WARNING: Your input class weight 0.000415008 is very small and may cause numerical issues
734  C60           45562.210    168 91460.420    91715.056    92127.592
Model EX2 is alias for MIX{BurEX2:0.672020808818762,ExpEX2:1.6413466609931}
WARNING: Normalizing state frequencies so that sum of them equals to 1
735  EX2           46387.152    168 93110.303    93364.940    93777.475
Model EX3 is alias for MIX{BurEX3:0.427672756793791,IntEX3:0.837595938019774,HExEX3:1.51863631431518}
WARNING: Normalizing state frequencies so that sum of them equals to 1
WARNING: Normalizing state frequencies so that sum of them equals to 1
736  EX3           46145.464    169 92628.929    92887.757    93300.072
Model EHO is alias for MIX{ExtEHO:0.720274356,HelEHO:0.976798797,OthEHO:0.783109376}
WARNING: Normalizing state frequencies so that sum of them equals to 1
WARNING: Normalizing state frequencies so that sum of them equals to 1
WARNING: Normalizing state frequencies so that sum of them equals to 1
737  EHO           47534.096    169 95406.191    95665.020    96077.334
Model UL2 is alias for MIX{M1_UL2:0.581348617,M2_UL2:1.465482789}
WARNING: Normalizing state frequencies so that sum of them equals to 1
738  UL2           46621.002    168 93578.005    93832.641    94245.177
Model UL3 is alias for MIX{Q1_UL3:0.484340397,Q2_UL3:0.492780514,Q3_UL3:1.15597274}
WARNING: Normalizing state frequencies so that sum of them equals to 1
WARNING: Normalizing state frequencies so that sum of them equals to 1
739  UL3           47382.987    169 95103.974    95362.803    95775.118
Model EX_EHO is alias for MIX{BUR_EXT:0.761816796788931,BUR_HEL:0.744425646802117,BUR_OTH:0.532457759429489,EXP_EXT:1.5639387472863,EXP_HEL:2.06403411829438,EXP_OTH:1.43336795177594}
WARNING: Normalizing state frequencies so that sum of them equals to 1
WARNING: Normalizing state frequencies so that sum of them equals to 1
WARNING: Normalizing state frequencies so that sum of them equals to 1
740  EX_EHO        45909.145    172 92162.290    92434.035    92845.347
Model LG4M is alias for MIX{LG4M1,LG4M2,LG4M3,LG4M4}*G4
741  LG4M          45513.632    168 91363.264    91617.901    92030.436
Model LG4X is alias for MIX{LG4X1,LG4X2,LG4X3,LG4X4}*R4
742  LG4X          45545.358    173 91436.716    91712.881    92123.744
Model CF4 is alias for POISSON+FMIX{Fclass1,Fclass2,Fclass3,Fclass4}+F+G
WARNING: Normalizing State frequencies so that sum of them equals to 1
WARNING: Normalizing State frequencies so that sum of them equals to 1
WARNING: Normalizing State frequencies so that sum of them equals to 1
WARNING: Normalizing State frequencies so that sum of them equals to 1
743  CF4           47608.936    191 95599.871    95966.591    96358.382
Model LG+C10 is alias for LG+POISSON+G+FMIX{C10pi1:1:0.1191344178,C10pi2:1:0.0874372456,C10pi3:1:0.1037105070,C10pi4:1:0.0922584809,C10pi5:1:0.1070492801,C10pi6:1:0.1329945166,C10pi7:1:0.0538028458,C10pi8:1:0.0691986212,C10pi9:1:0.1319937434,C10pi10:1:0.1024203429}
744  LG+C10        45641.825    168 91619.649    91874.286    92286.821
Model LG+C20 is alias for LG+POISSON+G+FMIX{C20pi1:1:0.0559910600,C20pi2:1:0.0514824870,C20pi3:1:0.0812922124,C20pi4:1:0.0721976867,C20pi5:1:0.0556718858,C20pi6:1:0.0331003080,C20pi7:1:0.0589501763,C20pi8:1:0.0263756889,C20pi9:1:0.0307584220,C20pi10:1:0.0376701125,C20pi11:1:0.0303058290,C20pi12:1:0.0808775576,C20pi13:1:0.0263349134,C20pi14:1:0.0579101455,C20pi15:1:0.0371248064,C20pi16:1:0.0586867766,C20pi17:1:0.0561479138,C20pi18:1:0.0349810886,C20pi19:1:0.0544937394,C20pi20:1:0.0596471901}
745  LG+C20        45194.136    168 90724.272    90978.909    91391.444
Model LG+C30 is alias for LG+POISSON+G+FMIX{C30pi1:1:0.0095783264,C30pi2:1:0.0248476365,C30pi3:1:0.0636309366,C30pi4:1:0.0537939225,C30pi5:1:0.0295885587,C30pi6:1:0.0117587936,C30pi7:1:0.0132013428,C30pi8:1:0.0236868805,C30pi9:1:0.0261687659,C30pi10:1:0.0239821974,C30pi11:1:0.0257100906,C30pi12:1:0.0465072425,C30pi13:1:0.0546794546,C30pi14:1:0.0536085131,C30pi15:1:0.0270622670,C30pi16:1:0.0403913593,C30pi17:1:0.0474212700,C30pi18:1:0.0458816478,C30pi19:1:0.0214036510,C30pi20:1:0.0290385981,C30pi21:1:0.0123391793,C30pi22:1:0.0569350229,C30pi23:1:0.0419687568,C30pi24:1:0.0339027062,C30pi25:1:0.0388777376,C30pi26:1:0.0196343766,C30pi27:1:0.0233086174,C30pi28:1:0.0622722654,C30pi29:1:0.0184803385,C30pi30:1:0.0203395454}
746  LG+C30        45032.094    168 90400.188    90654.825    91067.360
Model LG+C40 is alias for LG+POISSON+G+FMIX{C40pi1:1:0.0223853788,C40pi2:1:0.0338891820,C40pi3:1:0.0577169375,C40pi4:1:0.0252416233,C40pi5:1:0.0108607921,C40pi6:1:0.0462373793,C40pi7:1:0.0102293175,C40pi8:1:0.0147523625,C40pi9:1:0.0143161352,C40pi10:1:0.0182302541,C40pi11:1:0.0204025079,C40pi12:1:0.0425505156,C40pi13:1:0.0248627269,C40pi14:1:0.0105892988,C40pi15:1:0.0188238725,C40pi16:1:0.0086663445,C40pi17:1:0.0148496147,C40pi18:1:0.0343037402,C40pi19:1:0.0225335203,C40pi20:1:0.0174068578,C40pi21:1:0.0112207827,C40pi22:1:0.0443532245,C40pi23:1:0.0392573370,C40pi24:1:0.0196756555,C40pi25:1:0.0287690328,C40pi26:1:0.0114441177,C40pi27:1:0.0112338740,C40pi28:1:0.0582694099,C40pi29:1:0.0444272279,C40pi30:1:0.0112010942,C40pi31:1:0.0145176111,C40pi32:1:0.0114629026,C40pi33:1:0.0239628061,C40pi34:1:0.0266266492,C40pi35:1:0.0481201159,C40pi36:1:0.0371147423,C40pi37:1:0.0160476688,C40pi38:1:0.0237249267,C40pi39:1:0.0235226203,C40pi40:1:0.0261998398}
747  LG+C40        44947.475    168 90230.950    90485.587    90898.122
Model LG+C50 is alias for LG+POISSON+G+FMIX{C50pi1:1:0.0164297003,C50pi2:1:0.0273175755,C50pi3:1:0.0460247610,C50pi4:1:0.0084864734,C50pi5:1:0.0125389252,C50pi6:1:0.0343549036,C50pi7:1:0.0130241102,C50pi8:1:0.0094755681,C50pi9:1:0.0190040551,C50pi10:1:0.0151902354,C50pi11:1:0.0320534760,C50pi12:1:0.0210059850,C50pi13:1:0.0237408547,C50pi14:1:0.0239841203,C50pi15:1:0.0213748021,C50pi16:1:0.0210717705,C50pi17:1:0.0050241805,C50pi18:1:0.0166262276,C50pi19:1:0.0143945956,C50pi20:1:0.0104391130,C50pi21:1:0.0107628277,C50pi22:1:0.0148818171,C50pi23:1:0.0321480239,C50pi24:1:0.0145477978,C50pi25:1:0.0332355807,C50pi26:1:0.0143190281,C50pi27:1:0.0234478734,C50pi28:1:0.0183044983,C50pi29:1:0.0403269452,C50pi30:1:0.0135629530,C50pi31:1:0.0091880799,C50pi32:1:0.0158270022,C50pi33:1:0.0121019379,C50pi34:1:0.0353560982,C50pi35:1:0.0404495617,C50pi36:1:0.0104569232,C50pi37:1:0.0146187792,C50pi38:1:0.0093984095,C50pi39:1:0.0146773809,C50pi40:1:0.0201635562,C50pi41:1:0.0255640273,C50pi42:1:0.0039486842,C50pi43:1:0.0393652608,C50pi44:1:0.0056415419,C50pi45:1:0.0382833580,C50pi46:1:0.0039735086,C50pi47:1:0.0140269355,C50pi48:1:0.0476703673,C50pi49:1:0.0204062788,C50pi50:1:0.0117835304}
748  LG+C50        44893.509    168 90123.017    90377.654    90790.189
Model LG+C60 is alias for LG+POISSON+G+FMIX{C60pi1:1:0.0169698865,C60pi2:1:0.0211683374,C60pi3:1:0.0276589079,C60pi4:1:0.0065675964,C60pi5:1:0.0141221416,C60pi6:1:0.0068774834,C60pi7:1:0.0146909701,C60pi8:1:0.0067225777,C60pi9:1:0.0018396660,C60pi10:1:0.0102547197,C60pi11:1:0.0230896163,C60pi12:1:0.0057941033,C60pi13:1:0.0125394534,C60pi14:1:0.0204526478,C60pi15:1:0.0070629602,C60pi16:1:0.0117982741,C60pi17:1:0.0068334668,C60pi18:1:0.0433775839,C60pi19:1:0.0318278731,C60pi20:1:0.0222546108,C60pi21:1:0.0102264969,C60pi22:1:0.0150545891,C60pi23:1:0.0134159878,C60pi24:1:0.0148552065,C60pi25:1:0.0239111516,C60pi26:1:0.0128776278,C60pi27:1:0.0222318842,C60pi28:1:0.0247444742,C60pi29:1:0.0214274810,C60pi30:1:0.0115001882,C60pi31:1:0.0076017389,C60pi32:1:0.0130258568,C60pi33:1:0.0093701965,C60pi34:1:0.0467194264,C60pi35:1:0.0441940314,C60pi36:1:0.0322263154,C60pi37:1:0.0402999891,C60pi38:1:0.0150234227,C60pi39:1:0.0104589903,C60pi40:1:0.0214742395,C60pi41:1:0.0154957836,C60pi42:1:0.0101789953,C60pi43:1:0.0227980379,C60pi44:1:0.0123204539,C60pi45:1:0.0066777583,C60pi46:1:0.0004150083,C60pi47:1:0.0344385130,C60pi48:1:0.0113663379,C60pi49:1:0.0127143049,C60pi50:1:0.0124323741,C60pi51:1:0.0262124415,C60pi52:1:0.0064994957,C60pi53:1:0.0103203293,C60pi54:1:0.0142463512,C60pi55:1:0.0215600067,C60pi56:1:0.0199150700,C60pi57:1:0.0038964200,C60pi58:1:0.0113448855,C60pi59:1:0.0128595846,C60pi60:1:0.0117656776}
WARNING: Your input class weight 0.000415008 is very small and may cause numerical issues
749  LG+C60        44949.317    168 90234.633    90489.270    90901.805
Akaike Information Criterion:           LG+C50
Corrected Akaike Information Criterion: LG+C50
Bayesian Information Criterion:         LG+C50
Best-fit model: LG+C50 chosen according to BIC

All model information printed to iqtree_gene_trees/COG0387.model.gz
CPU time for ModelFinder: 18059.551 seconds (5h:0m:59s)
Wall-clock time for ModelFinder: 1841.775 seconds (0h:30m:41s)
Generating 1000 samples for ultrafast bootstrap (seed: 339243)...
Model LG+C50 is alias for LG+POISSON+G+FMIX{C50pi1:1:0.0164297003,C50pi2:1:0.0273175755,C50pi3:1:0.0460247610,C50pi4:1:0.0084864734,C50pi5:1:0.0125389252,C50pi6:1:0.0343549036,C50pi7:1:0.0130241102,C50pi8:1:0.0094755681,C50pi9:1:0.0190040551,C50pi10:1:0.0151902354,C50pi11:1:0.0320534760,C50pi12:1:0.0210059850,C50pi13:1:0.0237408547,C50pi14:1:0.0239841203,C50pi15:1:0.0213748021,C50pi16:1:0.0210717705,C50pi17:1:0.0050241805,C50pi18:1:0.0166262276,C50pi19:1:0.0143945956,C50pi20:1:0.0104391130,C50pi21:1:0.0107628277,C50pi22:1:0.0148818171,C50pi23:1:0.0321480239,C50pi24:1:0.0145477978,C50pi25:1:0.0332355807,C50pi26:1:0.0143190281,C50pi27:1:0.0234478734,C50pi28:1:0.0183044983,C50pi29:1:0.0403269452,C50pi30:1:0.0135629530,C50pi31:1:0.0091880799,C50pi32:1:0.0158270022,C50pi33:1:0.0121019379,C50pi34:1:0.0353560982,C50pi35:1:0.0404495617,C50pi36:1:0.0104569232,C50pi37:1:0.0146187792,C50pi38:1:0.0093984095,C50pi39:1:0.0146773809,C50pi40:1:0.0201635562,C50pi41:1:0.0255640273,C50pi42:1:0.0039486842,C50pi43:1:0.0393652608,C50pi44:1:0.0056415419,C50pi45:1:0.0382833580,C50pi46:1:0.0039735086,C50pi47:1:0.0140269355,C50pi48:1:0.0476703673,C50pi49:1:0.0204062788,C50pi50:1:0.0117835304}

NOTE: 1084 MB RAM (1 GB) is required!
Estimate model parameters (epsilon = 0.100)
1. Initial log-likelihood: -44893.509
Optimal log-likelihood: -44893.470
Mixture weights: 0.016 0.027 0.046 0.008 0.013 0.034 0.013 0.009 0.019 0.015 0.032 0.021 0.024 0.024 0.021 0.021 0.005 0.017 0.014 0.010 0.011 0.015 0.032 0.015 0.033 0.014 0.023 0.018 0.040 0.014 0.009 0.016 0.012 0.035 0.040 0.010 0.015 0.009 0.015 0.020 0.026 0.004 0.039 0.006 0.038 0.004 0.014 0.048 0.020 0.012
Gamma shape alpha: 0.857
Parameters optimization took 1 rounds (6.031 sec)
Wrote distance file to... 
Computing ML distances based on estimated model parameters...
Calculating distance matrix: done in 0.383904 secs using 987.2% CPU
Computing ML distances took 0.384595 sec (of wall-clock time) 3.794606 sec (of CPU time)
WARNING: Some pairwise ML distances are too long (saturated)
Setting up auxiliary I and S matrices: done in 0.00203718 secs using 587.6% CPU
Constructing RapidNJ tree: done in 0.119086 secs using 295.7% CPU
Computing RapidNJ tree took 0.121561 sec (of wall-clock time) 0.365269 sec (of CPU time)
Log-likelihood of RapidNJ tree: -45005.403
--------------------------------------------------------------------
|             INITIALIZING CANDIDATE TREE SET                      |
--------------------------------------------------------------------
Generating 98 parsimony trees... 5.330 second
Computing log-likelihood of 98 initial trees ... 224.605 seconds
Current best score: -44893.470

Do NNI search on 20 best initial trees
Optimizing NNI: done in 36.6802 secs using 980.2% CPU
Estimate model parameters (epsilon = 0.100)
BETTER TREE FOUND at iteration 1: -44860.604
Optimizing NNI: done in 61.6859 secs using 982.5% CPU
Estimate model parameters (epsilon = 0.100)
BETTER TREE FOUND at iteration 2: -44850.009
Optimizing NNI: done in 75.6246 secs using 983.4% CPU
Estimate model parameters (epsilon = 0.100)
BETTER TREE FOUND at iteration 3: -44830.682
Optimizing NNI: done in 93.3498 secs using 980.9% CPU
Optimizing NNI: done in 97.9618 secs using 982.7% CPU
Optimizing NNI: done in 56.1794 secs using 983.3% CPU
Optimizing NNI: done in 68.8162 secs using 982.8% CPU
Optimizing NNI: done in 60.5122 secs using 985.6% CPU
Optimizing NNI: done in 57.2259 secs using 983.9% CPU
Optimizing NNI: done in 89.4659 secs using 983% CPU
Iteration 10 / LogL: -44879.629 / Time: 0h:16m:18s
Optimizing NNI: done in 104.604 secs using 983.1% CPU
Optimizing NNI: done in 68.9753 secs using 982.2% CPU
Optimizing NNI: done in 77.0384 secs using 977.5% CPU
Optimizing NNI: done in 85.5854 secs using 979.7% CPU
Optimizing NNI: done in 51.8324 secs using 982% CPU
Optimizing NNI: done in 78.5891 secs using 983.6% CPU
Optimizing NNI: done in 79.5979 secs using 984.3% CPU
Optimizing NNI: done in 84.5885 secs using 978.7% CPU
Optimizing NNI: done in 95.6402 secs using 980.7% CPU
Optimizing NNI: done in 73.2893 secs using 979.3% CPU
Iteration 20 / LogL: -44859.020 / Time: 0h:29m:41s
Finish initializing candidate tree set (20)
Current best tree score: -44830.682 / CPU time: 1754.558
Number of iterations: 20
--------------------------------------------------------------------
|               OPTIMIZING CANDIDATE TREE SET                      |
--------------------------------------------------------------------
Optimizing NNI: done in 59.2917 secs using 981.7% CPU
Optimizing NNI: done in 62.4051 secs using 981.2% CPU
Optimizing NNI: done in 63.4451 secs using 980.2% CPU
Estimate model parameters (epsilon = 0.100)
BETTER TREE FOUND at iteration 23: -44829.740
Optimizing NNI: done in 40.5781 secs using 979.8% CPU
Optimizing NNI: done in 59.5259 secs using 980.6% CPU
Estimate model parameters (epsilon = 0.100)
BETTER TREE FOUND at iteration 25: -44824.315
Optimizing NNI: done in 63.8511 secs using 984% CPU
Optimizing NNI: done in 70.6896 secs using 982.4% CPU
Optimizing NNI: done in 64.4715 secs using 983.9% CPU
Optimizing NNI: done in 51.5255 secs using 979.6% CPU
Optimizing NNI: done in 53.1369 secs using 983.5% CPU
Iteration 30 / LogL: -44826.790 / Time: 0h:39m:45s (2h:10m:15s left)
Optimizing NNI: done in 55.8253 secs using 982.5% CPU
Optimizing NNI: done in 63.1129 secs using 981.8% CPU
Optimizing NNI: done in 43.629 secs using 983.7% CPU
Optimizing NNI: done in 64.254 secs using 981.1% CPU
Optimizing NNI: done in 80.7086 secs using 982.1% CPU
Optimizing NNI: done in 56.6528 secs using 981.1% CPU
Optimizing NNI: done in 46.4442 secs using 980.3% CPU
Optimizing NNI: done in 57.4911 secs using 981.2% CPU
Optimizing NNI: done in 59.5601 secs using 979.6% CPU
Optimizing NNI: done in 83.0041 secs using 982.1% CPU
Estimate model parameters (epsilon = 0.100)
BETTER TREE FOUND at iteration 40: -44823.528
Iteration 40 / LogL: -44823.528 / Time: 0h:50m:8s (2h:8m:33s left)
Optimizing NNI: done in 77.2896 secs using 982.9% CPU
Optimizing NNI: done in 73.8848 secs using 982.3% CPU
UPDATE BEST LOG-LIKELIHOOD: -44823.521
Optimizing NNI: done in 80.1249 secs using 980.5% CPU
Optimizing NNI: done in 75.6746 secs using 981.5% CPU
Optimizing NNI: done in 67.221 secs using 981.3% CPU
Estimate model parameters (epsilon = 0.100)
BETTER TREE FOUND at iteration 45: -44823.276
Optimizing NNI: done in 55.3808 secs using 979% CPU
Optimizing NNI: done in 57.8685 secs using 979.8% CPU
UPDATE BEST LOG-LIKELIHOOD: -44823.271
Optimizing NNI: done in 74.2179 secs using 982.7% CPU
Optimizing NNI: done in 83.8253 secs using 979.8% CPU
Optimizing NNI: done in 55.1476 secs using 983.1% CPU
Iteration 50 / LogL: -44850.944 / Time: 1h:1m:59s (2h:0m:11s left)
Log-likelihood cutoff on original alignment: -44893.919
UFBoot trees printed to iqtree_gene_trees/COG0387.ufboot
Optimizing NNI: done in 62.1763 secs using 983.6% CPU
Optimizing NNI: done in 80.5353 secs using 981.3% CPU
Optimizing NNI: done in 63.4142 secs using 981.1% CPU
Optimizing NNI: done in 60.7914 secs using 983.7% CPU
Optimizing NNI: done in 45.4975 secs using 983.5% CPU
Optimizing NNI: done in 77.5507 secs using 981.9% CPU
Optimizing NNI: done in 67.3514 secs using 982.2% CPU
Optimizing NNI: done in 73.4754 secs using 980.2% CPU
Optimizing NNI: done in 83.5615 secs using 979.5% CPU
Estimate model parameters (epsilon = 0.100)
BETTER TREE FOUND at iteration 59: -44822.887
Optimizing NNI: done in 78.2279 secs using 982.1% CPU
Iteration 60 / LogL: -44823.267 / Time: 1h:13m:46s (2h:3m:48s left)
Optimizing NNI: done in 81.9141 secs using 982% CPU
Optimizing NNI: done in 75.3617 secs using 983.1% CPU
Optimizing NNI: done in 79.5264 secs using 982.1% CPU
Optimizing NNI: done in 77.9839 secs using 980.8% CPU
Optimizing NNI: done in 73.6965 secs using 980.2% CPU
Optimizing NNI: done in 55.3981 secs using 981% CPU
Optimizing NNI: done in 74.1325 secs using 978.5% CPU
Optimizing NNI: done in 75.002 secs using 980% CPU
Optimizing NNI: done in 81.9896 secs using 977.5% CPU
Optimizing NNI: done in 56.8803 secs using 976.9% CPU
UPDATE BEST LOG-LIKELIHOOD: -44822.885
Iteration 70 / LogL: -44822.885 / Time: 1h:26m:3s (1h:51m:0s left)
Optimizing NNI: done in 72.9016 secs using 979.3% CPU
Optimizing NNI: done in 60.4727 secs using 980.6% CPU
Optimizing NNI: done in 55.4765 secs using 981.5% CPU
Estimate model parameters (epsilon = 0.100)
BETTER TREE FOUND at iteration 73: -44822.854
Optimizing NNI: done in 59.334 secs using 980.8% CPU
Optimizing NNI: done in 74.2275 secs using 981.6% CPU
Optimizing NNI: done in 67.4109 secs using 982.4% CPU
Optimizing NNI: done in 64.8944 secs using 982.1% CPU
Optimizing NNI: done in 66.8478 secs using 985.6% CPU
Optimizing NNI: done in 78.1252 secs using 983.9% CPU
Optimizing NNI: done in 61.7345 secs using 983.9% CPU
Iteration 80 / LogL: -44830.146 / Time: 1h:37m:16s (1h:54m:30s left)
Optimizing NNI: done in 78.0697 secs using 981.1% CPU
Optimizing NNI: done in 74.4961 secs using 982.1% CPU
Optimizing NNI: done in 82.48 secs using 984.2% CPU
Optimizing NNI: done in 71.2459 secs using 983.5% CPU
Optimizing NNI: done in 70.3536 secs using 982% CPU
Optimizing NNI: done in 80.012 secs using 981.6% CPU
Optimizing NNI: done in 80.5109 secs using 982.1% CPU
Optimizing NNI: done in 79.0673 secs using 983.3% CPU
Optimizing NNI: done in 73.3813 secs using 984.6% CPU
Optimizing NNI: done in 72.2804 secs using 980.7% CPU
Iteration 90 / LogL: -44823.272 / Time: 1h:50m:3s (1h:42m:38s left)
Optimizing NNI: done in 55.1998 secs using 981.2% CPU
Optimizing NNI: done in 64.0248 secs using 978.6% CPU
UPDATE BEST LOG-LIKELIHOOD: -44822.854
Optimizing NNI: done in 52.6695 secs using 980.7% CPU
Optimizing NNI: done in 59.1893 secs using 979.4% CPU
Optimizing NNI: done in 61.8724 secs using 977.7% CPU
Optimizing NNI: done in 64.749 secs using 979.8% CPU
Optimizing NNI: done in 67.6426 secs using 973.7% CPU
Optimizing NNI: done in 53.5672 secs using 975.5% CPU
Optimizing NNI: done in 65.7086 secs using 979.8% CPU
Optimizing NNI: done in 57.4629 secs using 982.3% CPU
Iteration 100 / LogL: -44823.974 / Time: 2h:0m:10s (1h:28m:36s left)
Log-likelihood cutoff on original alignment: -44893.919
NOTE: Bootstrap correlation coefficient of split occurrence frequencies: 0.997
UFBoot trees printed to iqtree_gene_trees/COG0387.ufboot
Optimizing NNI: done in 62.5547 secs using 984% CPU
Optimizing NNI: done in 57.0025 secs using 983.9% CPU
Optimizing NNI: done in 51.47 secs using 981.7% CPU
Optimizing NNI: done in 66.9443 secs using 977.3% CPU
Optimizing NNI: done in 65.3722 secs using 982.6% CPU
Estimate model parameters (epsilon = 0.100)
BETTER TREE FOUND at iteration 105: -44822.751
Optimizing NNI: done in 55.276 secs using 982.9% CPU
Optimizing NNI: done in 61.1671 secs using 983.9% CPU
Optimizing NNI: done in 52.3227 secs using 983.6% CPU
Optimizing NNI: done in 78.4671 secs using 984.9% CPU
Optimizing NNI: done in 57.5321 secs using 984.6% CPU
Iteration 110 / LogL: -44824.089 / Time: 2h:10m:29s (1h:53m:44s left)
Optimizing NNI: done in 48.2715 secs using 983.5% CPU
Optimizing NNI: done in 51.237 secs using 984.5% CPU
Optimizing NNI: done in 35.4882 secs using 982.2% CPU
Optimizing NNI: done in 74.0163 secs using 979.6% CPU
Optimizing NNI: done in 51.0077 secs using 982% CPU
Optimizing NNI: done in 66.471 secs using 980.7% CPU
Optimizing NNI: done in 63.7127 secs using 981% CPU
Optimizing NNI: done in 62.8154 secs using 982.3% CPU
Optimizing NNI: done in 72.4059 secs using 980.8% CPU
Optimizing NNI: done in 48.1492 secs using 980% CPU
Iteration 120 / LogL: -44834.877 / Time: 2h:20m:7s (1h:40m:5s left)
Optimizing NNI: done in 75.1773 secs using 981.2% CPU
Optimizing NNI: done in 72.0956 secs using 983.1% CPU
Optimizing NNI: done in 53.1754 secs using 984.6% CPU
Optimizing NNI: done in 62.9821 secs using 985% CPU
Optimizing NNI: done in 57.9798 secs using 984.5% CPU
Optimizing NNI: done in 56.6487 secs using 983.5% CPU
Optimizing NNI: done in 58.6136 secs using 982.9% CPU
Optimizing NNI: done in 53.9829 secs using 983.4% CPU
Optimizing NNI: done in 46.3836 secs using 981.8% CPU
Optimizing NNI: done in 40.2236 secs using 985.1% CPU
Iteration 130 / LogL: -44919.174 / Time: 2h:29m:49s (1h:27m:6s left)
Optimizing NNI: done in 47.1286 secs using 983.2% CPU
Optimizing NNI: done in 50.1809 secs using 984.5% CPU
Optimizing NNI: done in 64.9229 secs using 985.1% CPU
Optimizing NNI: done in 62.8349 secs using 983.9% CPU
Optimizing NNI: done in 51.2857 secs using 980.4% CPU
Optimizing NNI: done in 63.0852 secs using 980% CPU
Optimizing NNI: done in 55.6795 secs using 978.2% CPU
Optimizing NNI: done in 57.1016 secs using 979.1% CPU
Optimizing NNI: done in 54.3758 secs using 980.6% CPU
Optimizing NNI: done in 59.8694 secs using 983.3% CPU
Iteration 140 / LogL: -44822.752 / Time: 2h:39m:20s (1h:14m:30s left)
Optimizing NNI: done in 58.9041 secs using 981.3% CPU
Optimizing NNI: done in 46.6705 secs using 979.6% CPU
Optimizing NNI: done in 61.555 secs using 978.8% CPU
Optimizing NNI: done in 42.1293 secs using 980.3% CPU
Optimizing NNI: done in 74.0884 secs using 980.3% CPU
Optimizing NNI: done in 60.6832 secs using 982.8% CPU
Optimizing NNI: done in 45.2208 secs using 981.1% CPU
Optimizing NNI: done in 56.4364 secs using 982.5% CPU
Optimizing NNI: done in 64.6894 secs using 984.3% CPU
Optimizing NNI: done in 50.9171 secs using 985.2% CPU
Iteration 150 / LogL: -44831.829 / Time: 2h:48m:46s (1h:2m:17s left)
Log-likelihood cutoff on original alignment: -44893.919
UFBoot trees printed to iqtree_gene_trees/COG0387.ufboot
Optimizing NNI: done in 62.4375 secs using 984.7% CPU
Optimizing NNI: done in 86.4797 secs using 985% CPU
Optimizing NNI: done in 51.5968 secs using 984.6% CPU
Optimizing NNI: done in 58.9084 secs using 982.2% CPU
Optimizing NNI: done in 60.926 secs using 980.8% CPU
Optimizing NNI: done in 56.0173 secs using 982.7% CPU
Optimizing NNI: done in 52.615 secs using 984% CPU
Optimizing NNI: done in 60.0959 secs using 980.4% CPU
Optimizing NNI: done in 62.354 secs using 979.3% CPU
Optimizing NNI: done in 63.2254 secs using 981.8% CPU
Iteration 160 / LogL: -44828.421 / Time: 2h:59m:6s (0h:50m:41s left)
Optimizing NNI: done in 46.5903 secs using 981.5% CPU
Optimizing NNI: done in 77.5666 secs using 982.9% CPU
Optimizing NNI: done in 63.0152 secs using 982.3% CPU
Optimizing NNI: done in 71.3528 secs using 981.4% CPU
Optimizing NNI: done in 51.76 secs using 984.5% CPU
Optimizing NNI: done in 52.2615 secs using 985.5% CPU
Optimizing NNI: done in 50.384 secs using 985.5% CPU
Optimizing NNI: done in 79.0196 secs using 983.7% CPU
Optimizing NNI: done in 70.138 secs using 982.5% CPU
Optimizing NNI: done in 56.7198 secs using 984.2% CPU
Iteration 170 / LogL: -44988.515 / Time: 3h:9m:30s (0h:39m:14s left)
Optimizing NNI: done in 62.4174 secs using 984.7% CPU
Optimizing NNI: done in 57.1372 secs using 983.9% CPU
Optimizing NNI: done in 53.6092 secs using 981.9% CPU
Optimizing NNI: done in 54.5164 secs using 984.6% CPU
Optimizing NNI: done in 55.0967 secs using 984.5% CPU
Optimizing NNI: done in 67.9852 secs using 984.6% CPU
Optimizing NNI: done in 58.0303 secs using 984.3% CPU
Optimizing NNI: done in 52.5695 secs using 983.4% CPU
Optimizing NNI: done in 47.5434 secs using 981.8% CPU
Optimizing NNI: done in 54.1203 secs using 982.3% CPU
Iteration 180 / LogL: -44822.753 / Time: 3h:18m:57s (0h:27m:47s left)
Optimizing NNI: done in 58.6234 secs using 982.2% CPU
Optimizing NNI: done in 60.6266 secs using 981.6% CPU
Optimizing NNI: done in 48.2458 secs using 982.3% CPU
Optimizing NNI: done in 49.4792 secs using 981.7% CPU
Optimizing NNI: done in 56.0222 secs using 982.5% CPU
Optimizing NNI: done in 54.1075 secs using 983.3% CPU
Optimizing NNI: done in 61.5716 secs using 982.2% CPU
Optimizing NNI: done in 76.9701 secs using 983.9% CPU
Optimizing NNI: done in 50.2033 secs using 980.6% CPU
Optimizing NNI: done in 46.6342 secs using 982.7% CPU
Iteration 190 / LogL: -44829.359 / Time: 3h:28m:24s (0h:16m:32s left)
Optimizing NNI: done in 49.7323 secs using 983.1% CPU
Optimizing NNI: done in 61.2494 secs using 981.2% CPU
Optimizing NNI: done in 60.4039 secs using 981.3% CPU
Optimizing NNI: done in 57.7162 secs using 980.9% CPU
Optimizing NNI: done in 75.5986 secs using 980% CPU
Optimizing NNI: done in 54.8271 secs using 977.8% CPU
Optimizing NNI: done in 56.5468 secs using 981.6% CPU
Optimizing NNI: done in 45.2732 secs using 984.8% CPU
Optimizing NNI: done in 62.6706 secs using 982.8% CPU
Optimizing NNI: done in 41.5314 secs using 981.6% CPU
Iteration 200 / LogL: -44822.833 / Time: 3h:37m:55s (0h:5m:28s left)
Log-likelihood cutoff on original alignment: -44893.919
NOTE: Bootstrap correlation coefficient of split occurrence frequencies: 0.998
UFBoot trees printed to iqtree_gene_trees/COG0387.ufboot
Optimizing NNI: done in 57.6473 secs using 983.4% CPU
Optimizing NNI: done in 62.6445 secs using 985% CPU
Optimizing NNI: done in 68.1944 secs using 984% CPU
Optimizing NNI: done in 70.0335 secs using 982% CPU
Optimizing NNI: done in 49.1253 secs using 982.4% CPU
Optimizing NNI: done in 68.179 secs using 983.2% CPU
TREE SEARCH COMPLETED AFTER 206 ITERATIONS / Time: 3h:44m:15s

--------------------------------------------------------------------
|                    FINALIZING TREE SEARCH                        |
--------------------------------------------------------------------
Performs final model parameters optimization
Estimate model parameters (epsilon = 0.010)
1. Initial log-likelihood: -44822.751
Optimal log-likelihood: -44822.750
Mixture weights: 0.016 0.027 0.046 0.008 0.013 0.034 0.013 0.009 0.019 0.015 0.032 0.021 0.024 0.024 0.021 0.021 0.005 0.017 0.014 0.010 0.011 0.015 0.032 0.015 0.033 0.014 0.023 0.018 0.040 0.014 0.009 0.016 0.012 0.035 0.040 0.010 0.015 0.009 0.015 0.020 0.026 0.004 0.039 0.006 0.038 0.004 0.014 0.048 0.020 0.012
Gamma shape alpha: 0.867
Parameters optimization took 1 rounds (6.093 sec)
BEST SCORE FOUND : -44822.750
Creating bootstrap support values...
Split supports printed to NEXUS file iqtree_gene_trees/COG0387.splits.nex
Total tree length: 113.544

Total number of iterations: 206
CPU time used for tree search: 131509.250 sec (36h:31m:49s)
Wall-clock time used for tree search: 13428.176 sec (3h:43m:48s)
Total CPU time used: 131823.698 sec (36h:37m:3s)
Total wall-clock time used: 13461.726 sec (3h:44m:21s)
UFBoot trees printed to iqtree_gene_trees/COG0387.ufboot

Computing bootstrap consensus tree...
Reading input file iqtree_gene_trees/COG0387.splits.nex...
85 taxa and 728 splits.
Consensus tree written to iqtree_gene_trees/COG0387.contree
Reading input trees file iqtree_gene_trees/COG0387.contree
Log-likelihood of consensus tree: -44823.354

Analysis results written to: 
  IQ-TREE report:                iqtree_gene_trees/COG0387.iqtree
  Maximum-likelihood tree:       iqtree_gene_trees/COG0387.treefile
  Likelihood distances:          iqtree_gene_trees/COG0387.mldist

Ultrafast bootstrap approximation results written to:
  Split support values:          iqtree_gene_trees/COG0387.splits.nex
  Consensus tree:                iqtree_gene_trees/COG0387.contree
  UFBoot trees:                  iqtree_gene_trees/COG0387.ufboot
  Screen log file:               iqtree_gene_trees/COG0387.log

ALISIM COMMAND
--------------
Currently, we only support exporting AliSim commands from common models of DNA, Protein, Binary, and Morphological data. To simulate data from other models (mixture, lie-markov, etc), please refer to the User Manual of AliSim. Thanks!

Date and Time: Mon Apr 10 13:03:00 2023
