IQ-TREE multicore version 2.2.0.3 COVID-edition for Linux 64-bit built May 11 2022
Developed by Bui Quang Minh, James Barbetti, Nguyen Lam Tung,
Olga Chernomor, Heiko Schmidt, Dominik Schrempf, Michael Woodhams, Ly Trong Nhan.

Host:    baross.its.carleton.edu (AVX2, FMA3, 755 GB RAM)
Command: iqtree -s gene_alignments/trimv2_COG1125.afa -m MFP -bb 1000 -wbtl -ntmax 10 -nt AUTO -T 10 --prefix iqtree_gene_trees/COG1125 -madd C10,C20,C30,C40,C50,C60,EX2,EX3,EHO,UL2,UL3,EX_EHO,LG4M,LG4X,CF4,LG+C10,LG+C20,LG+C30,LG+C40,LG+C50,LG+C60 -mrate E,I,G,I+G,R
Seed:    475705 (Using SPRNG - Scalable Parallel Random Number Generator)
Time:    Fri Apr  7 15:25:15 2023
Kernel:  AVX+FMA - 10 threads (96 CPU cores detected)

Reading alignment file gene_alignments/trimv2_COG1125.afa ... Fasta format detected
Reading fasta file: done in 0.00172812 secs using 97.91% CPU
Alignment most likely contains protein sequences
Constructing alignment: done in 0.00269922 secs using 913.9% CPU
Alignment has 90 sequences with 387 columns, 376 distinct patterns
339 parsimony-informative, 21 singleton sites, 27 constant sites
                                                                   Gap/Ambiguity  Composition  p-value
Analyzing sequences: done in 8.94999e-05 secs using 908.4% CPU
   1  GCF.001618145.1.Bacteria.Firmicutes_NZ_LQNF01000041.1_9              9.30%    failed      0.04%
   2  GCA.003242195.1.Bacteria.Firmicutes.E_QGUQ01000077.1_8               4.65%    passed     16.61%
   3  GCF.003443735.1.Bacteria.Actinobacteriota_NZ_CP031969.1_4924         1.03%    passed     68.79%
   4  GCA.003151665.1.Bacteria.Dormibacterota_PLYD01000245.1_16           14.21%    passed     88.50%
   5  GCA.003244045.1.Bacteria.Dormibacterota_QHBU01000119.1_26           19.64%    passed     79.91%
   6  GCA.003242675.1.Bacteria.Firmicutes.E_QGVE01000004.1_11              2.58%    passed     57.27%
   7  GCF.900106035.1.Bacteria.Actinobacteriota_NZ_FNUC01000004.1_1614     3.88%    failed      0.03%
   8  GCF.000020005.1.Bacteria.Firmicutes.D_NC_010718.1_122                5.17%    failed      0.00%
   9  GCA.002408345.1.Bacteria.Firmicutes.G_DHRX01000078.1_9              15.25%    passed     21.39%
  10  GCF.000503775.1.Bacteria.Firmicutes_NZ_KI629785.1_417               13.70%    passed     47.56%
  11  GCF.900111575.1.Bacteria.Firmicutes.D_NZ_FOIF01000004.1_76           5.43%    failed      0.00%
  12  GCF.000013205.1.Bacteria.Cyanobacteria_NC_007775.1_2124             17.31%    failed      1.61%
  13  GCA.001771285.1.Bacteria.Methylomirabilota_METI01000218.1_9         16.80%    passed     46.68%
  14  GCF.003967555.1.Bacteria.Chloroflexota_NZ_BIFS01000001.1_1426       14.73%    passed     75.71%
  15  GCF.000315795.1.Bacteria.Proteobacteria_NZ_ANHY01000005.1_213        3.10%    passed     34.90%
  16  GCF.000316115.1.Bacteria.Cyanobacteria_NZ_JH993793.1_264             2.33%    passed     62.35%
  17  GCA.001513125.1.Bacteria.DTU030_LFSN01000049.1_20                    4.65%    passed     25.95%
  18  GCF.001399675.1.Bacteria.Firmicutes_NZ_LJCO01000085.1_131            2.07%    passed     76.59%
  19  GCA.003244045.1.Bacteria.Dormibacterota_QHBU01000164.1_1            12.66%    failed      0.22%
  20  GCA.001513125.1.Bacteria.DTU030_LFSN01000028.1_14                    4.91%    passed     74.46%
  21  GCA.002329495.1.Bacteria.Firmicutes.B_DCTH01000012.1_7               3.62%    passed     53.91%
  22  GCA.001751085.1.Bacteria.Desulfobacterota_MAXP01000309.1_3           3.36%    passed     97.93%
  23  GCF.900099895.1.Bacteria.Firmicutes_NZ_FNDY01000005.1_96             3.88%    passed     73.43%
  24  GCA.001587715.1.Archaea.Methanobacteriota.B_LNGC01000003.1_4         8.01%    failed      0.00%
  25  GCF.900099895.1.Bacteria.Firmicutes_NZ_FNDY01000011.1_26             2.84%    passed     97.86%
  26  GCF.001049895.1.Bacteria.Firmicutes_NZ_CVPE01000004.1_57             4.39%    failed      0.02%
  27  GCF.003443735.1.Bacteria.Actinobacteriota_NZ_CP031969.1_4770        11.37%    failed      0.40%
  28  GCA.002376045.1.Bacteria.Firmicutes.A_DFNM01000062.1_9               3.10%    failed      0.04%
  29  GCA.003527405.1.Bacteria.Atribacterota_DPXH01000195.1_4              6.46%    failed      0.00%
  30  GCF.001614315.2.Bacteria.Proteobacteria_NZ_LVEG02000005.1_360        6.72%    failed      0.26%
  31  GCF.003612015.1.Bacteria.Proteobacteria_NZ_RARB01000001.1_425       19.90%    passed     27.15%
  32  GCA.002899795.1.Bacteria.Desulfobacterota_PPDG01000057.1_14          4.91%    passed     10.65%
  33  GCF.001591405.1.Bacteria.Actinobacteria_NZ_BCUV01000007.1_1362       4.13%    failed      0.01%
  34  GCA.002730875.1.Bacteria.Spirochaetota_PCBI01000003.1_117            8.01%    passed     93.11%
  35  GCF.000264455.2.Bacteria.Proteobacteria_NC_017956.1_1679            20.16%    failed      1.28%
  36  GCF.001561915.1.Bacteria.Firmicutes_NZ_LSKU01000001.1_1646           4.39%    passed     13.35%
  37  GCF.001942305.1.Bacteria.Actinobacteriota_NZ_MKKE01000014.1_26       6.98%    failed      0.00%
  38  GCA.002399285.1.Bacteria.Firmicutes.A_DHDI01000026.1_39              4.91%    passed     13.89%
  39  GCF.001953175.1.Bacteria.Chloroflexota_NZ_CP018258.1_1369            6.20%    passed     97.73%
  40  GCA.003244105.1.Bacteria.Eremiobacterota_QHBK01000003.1_296         11.89%    passed     13.23%
  41  GCF.000620765.1.Bacteria.Desulfobacterota.I_NZ_JIAK01000006.1_170    3.10%    passed     57.73%
  42  GCF.001029505.1.Bacteria.Actinobacteriota_NZ_LEKH01000015.1_53       1.03%    passed     14.12%
  43  GCA.001513145.1.Bacteria.Firmicutes.G_LFSP01000015.1_20              2.33%    passed     99.81%
  44  GCA.001513545.1.Bacteria.Firmicutes.B_LFTQ01000061.1_15              5.43%    failed      0.06%
  45  GCF.001942305.1.Bacteria.Actinobacteriota_NZ_MKKE01000055.1_29       1.81%    passed     46.89%
  46  GCF.000969705.1.Bacteria.Actinobacteriota_NZ_KQ033901.1_3460         3.36%    failed      4.44%
  47  GCF.000233775.1.Bacteria.Synergistota_NC_016148.1_1816               4.91%    passed     79.18%
  48  GCA.002329525.1.Bacteria.Firmicutes.C_DCTI01000044.1_36              2.84%    passed     53.89%
  49  GCA.007244385.1.Bacteria.Desulfobacterota_SCVX01000096.1_17          3.88%    passed     56.38%
  50  GCF.001591405.1.Bacteria.Actinobacteria_NZ_BCUV01000002.1_32         2.33%    passed     62.64%
  51  GCA.000987045.1.Bacteria.Firmicutes.B_LAKY01000045.1_25              5.17%    passed      8.40%
  52  GCA.002347365.1.Bacteria.Actinobacteriota_DDWT01000014.1_28          3.62%    passed     37.84%
  53  GCF.000374645.1.Bacteria.Proteobacteria_NZ_KB894801.1_291            4.13%    passed     31.74%
  54  GCA.001898225.1.Bacteria.Chloroflexota_MKTJ01000036.1_227           15.25%    passed     85.11%
  55  GCF.001029505.1.Bacteria.Actinobacteriota_NZ_LEKH01000003.1_49      17.83%    failed      1.13%
  56  GCA.000353875.1.Bacteria.Atribacterota_APKF01000045.1_4             16.80%    failed      2.24%
  57  GCF.000384115.1.Bacteria.Actinobacteriota_NZ_KB913029.1_1520         3.36%    failed      0.44%
  58  GCF.003612015.1.Bacteria.Proteobacteria_NZ_RARB01000001.1_1035       3.36%    passed     81.27%
  59  GCA.002352365.1.Bacteria.Chloroflexota_DEIJ01000049.1_3              4.13%    passed     78.86%
  60  GCF.000620305.1.Bacteria.Firmicutes.B_NZ_KK211104.1_121              4.13%    failed      3.79%
  61  GCA.002404055.1.Bacteria.Chloroflexota_DHIZ01000271.1_3             19.64%    passed     68.30%
  62  GCA.001464275.1.Bacteria.Actinobacteriota_LNFL01000046.1_1          12.40%    failed      1.66%
  63  GCF.000970205.1.Archaea.Halobacteriota_NZ_CP009512.1_1055            4.91%    passed      8.43%
  64  GCA.002366755.1.Bacteria.Chloroflexota_DFBV01000279.1_8              3.10%    passed     88.03%
  65  GCF.004348535.1.Bacteria.Actinobacteriota_NZ_SMJX01000052.1_11       6.46%    failed      1.45%
  66  GCF.002902625.1.Bacteria.Firmicutes_NZ_PPRG01000002.1_54            17.31%    failed      0.05%
  67  GCF.002215035.1.Bacteria.Cyanobacteria_NZ_NKFP01000004.1_1080       17.31%    failed      0.06%
  68  GCF.900100785.1.Bacteria.Firmicutes.B_NZ_FNCP01000024.1_82           5.17%    passed     56.29%
  69  GCA.002413185.1.Bacteria.Actinobacteriota_DHWM01000087.1_5           6.46%    passed     38.54%
  70  GCF.003258945.1.Bacteria.Proteobacteria_NZ_QLIX01000003.1_91        17.05%    failed      0.00%
  71  GCF.000620305.1.Bacteria.Firmicutes.B_NZ_KK211101.1_416              5.68%    failed      0.62%
  72  GCF.000942395.1.Bacteria.Firmicutes_NZ_LN812102.1_744                2.58%    passed     13.94%
  73  GCF.002902625.1.Bacteria.Firmicutes_NZ_PPRG01000063.1_1              3.88%    failed      1.05%
  74  GCA.001767695.1.Bacteria.Actinobacteriota_MELR01000013.1_14          5.94%    failed      4.09%
  75  GCF.003443735.1.Bacteria.Actinobacteriota_NZ_CP031969.1_1774         3.62%    passed     12.17%
  76  GCF.900104115.1.Bacteria.Firmicutes.A_NZ_FNJM01000001.1_917          2.58%    failed      0.00%
  77  GCF.001614315.2.Bacteria.Proteobacteria_NZ_LVEG02000001.1_525        3.62%    passed     99.63%
  78  GCF.003097315.1.Bacteria.Proteobacteria_NZ_QDDL01000001.1_630        4.65%    passed     97.31%
  79  GCF.900104115.1.Bacteria.Firmicutes.A_NZ_FNJM01000001.1_827          2.58%    failed      0.00%
  80  GCF.000758165.1.Bacteria.Spirochaetota_NZ_JNUP01000071.1_43         16.80%    passed     34.30%
  81  GCF.000018105.1.Bacteria.Cyanobacteria_NC_009925.1_587              17.57%    failed      0.03%
  82  GCF.000233775.1.Bacteria.Synergistota_NC_016148.1_492               11.11%    passed     56.19%
  83  GCF.000213255.1.Bacteria.Firmicutes.A_NC_015520.1_2189               3.88%    passed     17.36%
  84  GCA.002747435.1.Bacteria.Proteobacteria_PDPH01000024.1_30           19.12%    failed      2.97%
  85  GCA.000987045.1.Bacteria.Firmicutes.B_LAKY01000071.1_74              2.33%    passed     88.60%
  86  GCA.003243965.1.Bacteria.Chloroflexota_QHBO01000007.1_44             3.36%    failed      1.63%
  87  GCA.002159155.1.Bacteria.Firmicutes.G_LZRQ01000068.1_3              11.63%    passed     18.40%
  88  GCF.003047285.1.Bacteria.Actinobacteriota_NZ_PZYX01000001.1_122     17.83%    passed     45.79%
  89  GCF.000315795.1.Bacteria.Proteobacteria_NZ_ANHY01000006.1_62         7.49%    passed     15.06%
  90  GCA.002897695.1.Bacteria.BMS3Abin14_BDTG01000027.1_56                7.24%    passed     90.83%
****  TOTAL                                                                7.67%  34 sequences failed composition chi2 test (p-value<5%; df=19)
Checking for duplicate sequences: done in 0.00116039 secs using 890.9% CPU


Create initial parsimony tree by phylogenetic likelihood library (PLL)... 0.041 seconds
Perform fast likelihood tree search using LG+I+G model...
Estimate model parameters (epsilon = 5.000)
Perform nearest neighbor interchange...
Optimizing NNI: done in 0.798927 secs using 992.7% CPU
Estimate model parameters (epsilon = 1.000)
1. Initial log-likelihood: -46796.706
Optimal log-likelihood: -46796.032
Proportion of invariable sites: 0.065
Gamma shape alpha: 0.910
Parameters optimization took 1 rounds (0.168 sec)
Time for fast ML tree search: 1.697 seconds

NOTE: ModelFinder requires 56 MB RAM!
ModelFinder will test up to 749 protein models (sample size: 387) ...
 No. Model         -LnL         df  AIC          AICc         BIC
  1  LG            50822.050    177 101998.099   102299.592   102698.740
  2  LG+I          50035.160    178 100426.320   100732.685   101130.919
  3  LG+G4         46880.789    178 94117.578    94423.944    94822.178
  4  LG+I+G4       46795.995    179 93949.991    94261.295    94658.549
  5  LG+R2         47625.548    179 95609.097    95920.401    96317.655
  6  LG+R3         46975.275    181 94312.551    94633.936    95029.026
  7  LG+R4         46801.292    183 93968.585    94300.329    94692.977
  8  LG+R5         46704.471    185 93778.942    94121.330    94511.250
  9  LG+R6         46692.478    187 93758.956    94112.283    94499.182
 10  LG+R7         46674.517    189 93727.035    94091.603    94475.177
 11  LG+R8         46674.543    191 93731.086    94107.209    94487.145
 14  LG+F          50809.077    196 102010.154   102416.596   102786.005
 15  LG+F+I        50063.547    197 100521.093   100933.855   101300.903
 16  LG+F+G4       46845.400    197 94084.800    94497.562    94864.610
 17  LG+F+I+G4     46767.416    198 93930.832    94350.002    94714.600
 18  LG+F+R2       47557.464    198 95510.927    95930.097    96294.695
 19  LG+F+R3       46937.534    200 94275.067    94707.325    95066.752
 20  LG+F+R4       46769.211    202 93942.422    94388.139    94742.024
 21  LG+F+R5       46676.202    204 93760.404    94219.965    94567.923
 22  LG+F+R6       46659.576    206 93731.153    94204.953    94546.588
 23  LG+F+R7       46644.958    208 93705.916    94194.365    94529.268
 24  LG+F+R8       46644.983    210 93709.967    94213.489    94541.236
 27  WAG           50480.112    177 101314.224   101615.717   102014.866
 28  WAG+I         49664.021    178 99684.041    99990.407    100388.641
 29  WAG+G4        47079.681    178 94515.362    94821.727    95219.962
 30  WAG+I+G4      47020.422    179 94398.844    94710.149    95107.402
 31  WAG+R2        47776.529    179 95911.059    96222.363    96619.617
 32  WAG+R3        47161.243    181 94684.487    95005.872    95400.961
 33  WAG+R4        47021.066    183 94408.133    94739.877    95132.525
 34  WAG+R5        46924.068    185 94218.136    94560.524    94950.445
 35  WAG+R6        46898.891    187 94171.781    94525.108    94912.007
 36  WAG+R7        46896.841    189 94171.683    94536.251    94919.825
 40  WAG+F         50525.784    196 101443.568   101850.010   102219.419
 41  WAG+F+I       49764.015    197 99922.030    100334.792   100701.840
 42  WAG+F+G4      47070.920    197 94535.841    94948.603    95315.650
 43  WAG+F+I+G4    46981.584    198 94359.167    94778.337    95142.935
 44  WAG+F+R2      47734.764    198 95865.529    96284.699    96649.297
 45  WAG+F+R3      47119.973    200 94639.946    95072.204    95431.631
 46  WAG+F+R4      46981.073    202 94366.146    94811.864    95165.748
 47  WAG+F+R5      46885.968    204 94179.936    94639.497    94987.455
 48  WAG+F+R6      46860.448    206 94132.896    94606.696    94948.332
 49  WAG+F+R7      46856.933    208 94129.866    94618.316    94953.219
 53  JTT           51214.279    177 102782.559   103084.051   103483.200
 54  JTT+I         50348.683    178 101053.366   101359.731   101757.965
 55  JTT+G4        47473.320    178 95302.640    95609.006    96007.240
 56  JTT+I+G4      47417.758    179 95193.515    95504.819    95902.073
 57  JTT+R2        48252.953    179 96863.906    97175.211    97572.464
 58  JTT+R3        47580.016    181 95522.032    95843.418    96238.507
 59  JTT+R4        47430.841    183 95227.683    95559.427    95952.075
 60  JTT+R5        47314.384    185 94998.767    95341.156    95731.076
 61  JTT+R6        47291.807    187 94957.614    95310.941    95697.840
 62  JTT+R7        47289.190    189 94956.380    95320.949    95704.523
 66  JTT+F         51329.047    196 103050.095   103456.537   103825.946
 67  JTT+F+I       50507.532    197 101409.063   101821.825   102188.873
 68  JTT+F+G4      47504.296    197 95402.591    95815.353    96182.401
 69  JTT+F+I+G4    47452.464    198 95300.927    95720.098    96084.695
 70  JTT+F+R2      48264.659    198 96925.319    97344.489    97709.087
 71  JTT+F+R3      47609.706    200 95619.412    96051.670    96411.097
 72  JTT+F+R4      47468.422    202 95340.843    95786.561    96140.445
 73  JTT+F+R5      47355.131    204 95118.262    95577.822    95925.780
 74  JTT+F+R6      47333.823    206 95079.647    95553.447    95895.082
 75  JTT+F+R7      47326.950    208 95069.900    95558.350    95893.253
 76  JTT+F+R8      47325.404    210 95070.808    95574.330    95902.077
WARNING: Normalizing state frequencies so that sum of them equals to 1
 79  Q.pfam        50756.489    177 101866.977   102168.470   102567.618
WARNING: Normalizing state frequencies so that sum of them equals to 1
 80  Q.pfam+I      50000.521    178 100357.042   100663.408   101061.642
WARNING: Normalizing state frequencies so that sum of them equals to 1
 81  Q.pfam+G4     46830.357    178 94016.713    94323.079    94721.313
WARNING: Normalizing state frequencies so that sum of them equals to 1
 82  Q.pfam+I+G4   46746.877    179 93851.754    94163.059    94560.312
WARNING: Normalizing state frequencies so that sum of them equals to 1
 83  Q.pfam+R2     47546.217    179 95450.434    95761.739    96158.992
WARNING: Normalizing state frequencies so that sum of them equals to 1
 84  Q.pfam+R3     46906.369    181 94174.738    94496.124    94891.213
WARNING: Normalizing state frequencies so that sum of them equals to 1
 85  Q.pfam+R4     46743.015    183 93852.030    94183.773    94576.421
WARNING: Normalizing state frequencies so that sum of them equals to 1
 86  Q.pfam+R5     46649.631    185 93669.263    94011.651    94401.571
WARNING: Normalizing state frequencies so that sum of them equals to 1
 87  Q.pfam+R6     46624.722    187 93623.443    93976.770    94363.669
WARNING: Normalizing state frequencies so that sum of them equals to 1
 88  Q.pfam+R7     46614.373    189 93606.745    93971.314    94354.887
WARNING: Normalizing state frequencies so that sum of them equals to 1
 89  Q.pfam+R8     46614.341    191 93610.681    93986.805    94366.741
WARNING: Normalizing state frequencies so that sum of them equals to 1
 92  Q.pfam+F      50917.457    196 102226.915   102633.357   103002.766
WARNING: Normalizing state frequencies so that sum of them equals to 1
 93  Q.pfam+F+I    50209.753    197 100813.507   101226.269   101593.316
WARNING: Normalizing state frequencies so that sum of them equals to 1
 94  Q.pfam+F+G4   46877.963    197 94149.925    94562.687    94929.735
WARNING: Normalizing state frequencies so that sum of them equals to 1
 95  Q.pfam+F+I+G4 46820.735    198 94037.469    94456.639    94821.237
WARNING: Normalizing state frequencies so that sum of them equals to 1
 96  Q.pfam+F+R2   47580.522    198 95557.043    95976.213    96340.811
WARNING: Normalizing state frequencies so that sum of them equals to 1
 97  Q.pfam+F+R3   46972.002    200 94344.003    94776.261    95135.688
WARNING: Normalizing state frequencies so that sum of them equals to 1
 98  Q.pfam+F+R4   46813.360    202 94030.720    94476.437    94830.321
WARNING: Normalizing state frequencies so that sum of them equals to 1
 99  Q.pfam+F+R5   46723.325    204 93854.649    94314.210    94662.168
WARNING: Normalizing state frequencies so that sum of them equals to 1
100  Q.pfam+F+R6   46698.603    206 93809.206    94283.006    94624.642
WARNING: Normalizing state frequencies so that sum of them equals to 1
101  Q.pfam+F+R7   46688.061    208 93792.123    94280.572    94615.475
WARNING: Normalizing state frequencies so that sum of them equals to 1
102  Q.pfam+F+R8   46688.155    210 93796.310    94299.833    94627.579
WARNING: Normalizing state frequencies so that sum of them equals to 1
105  Q.bird        53149.666    177 106653.331   106954.824   107353.972
WARNING: Normalizing state frequencies so that sum of them equals to 1
106  Q.bird+I      52221.780    178 104799.559   105105.925   105504.159
WARNING: Normalizing state frequencies so that sum of them equals to 1
107  Q.bird+G4     48437.503    178 97231.005    97537.371    97935.605
WARNING: Normalizing state frequencies so that sum of them equals to 1
108  Q.bird+I+G4   48342.004    179 97042.008    97353.312    97750.566
WARNING: Normalizing state frequencies so that sum of them equals to 1
109  Q.bird+R2     49311.926    179 98981.852    99293.156    99690.410
WARNING: Normalizing state frequencies so that sum of them equals to 1
110  Q.bird+R3     48570.894    181 97503.787    97825.173    98220.262
WARNING: Normalizing state frequencies so that sum of them equals to 1
111  Q.bird+R4     48373.979    183 97113.959    97445.703    97838.350
WARNING: Normalizing state frequencies so that sum of them equals to 1
112  Q.bird+R5     48256.907    185 96883.814    97226.202    97616.123
WARNING: Normalizing state frequencies so that sum of them equals to 1
113  Q.bird+R6     48229.508    187 96833.017    97186.343    97573.242
WARNING: Normalizing state frequencies so that sum of them equals to 1
114  Q.bird+R7     48215.017    189 96808.035    97172.603    97556.177
WARNING: Normalizing state frequencies so that sum of them equals to 1
115  Q.bird+R8     48212.344    191 96806.687    97182.810    97562.746
WARNING: Normalizing state frequencies so that sum of them equals to 1
118  Q.bird+F      53511.002    196 107414.004   107820.447   108189.856
WARNING: Normalizing state frequencies so that sum of them equals to 1
119  Q.bird+F+I    52654.393    197 105702.787   106115.549   106482.597
WARNING: Normalizing state frequencies so that sum of them equals to 1
120  Q.bird+F+G4   48494.381    197 97382.762    97795.524    98162.572
WARNING: Normalizing state frequencies so that sum of them equals to 1
121  Q.bird+F+I+G4 48425.405    198 97246.809    97665.979    98030.577
WARNING: Normalizing state frequencies so that sum of them equals to 1
122  Q.bird+F+R2   49327.717    198 99051.434    99470.604    99835.202
WARNING: Normalizing state frequencies so that sum of them equals to 1
123  Q.bird+F+R3   48630.330    200 97660.660    98092.918    98452.345
WARNING: Normalizing state frequencies so that sum of them equals to 1
124  Q.bird+F+R4   48446.899    202 97297.798    97743.516    98097.400
WARNING: Normalizing state frequencies so that sum of them equals to 1
125  Q.bird+F+R5   48337.857    204 97083.714    97543.275    97891.233
WARNING: Normalizing state frequencies so that sum of them equals to 1
126  Q.bird+F+R6   48292.771    206 96997.542    97471.342    97812.978
WARNING: Normalizing state frequencies so that sum of them equals to 1
127  Q.bird+F+R7   48283.226    208 96982.452    97470.902    97805.804
WARNING: Normalizing state frequencies so that sum of them equals to 1
128  Q.bird+F+R8   48278.509    210 96977.018    97480.540    97808.287
WARNING: Normalizing state frequencies so that sum of them equals to 1
131  Q.mammal      52538.983    177 105431.966   105733.459   106132.607
WARNING: Normalizing state frequencies so that sum of them equals to 1
132  Q.mammal+I    51650.087    178 103656.174   103962.539   104360.773
WARNING: Normalizing state frequencies so that sum of them equals to 1
133  Q.mammal+G4   48094.862    178 96545.725    96852.090    97250.324
WARNING: Normalizing state frequencies so that sum of them equals to 1
134  Q.mammal+I+G4 48024.095    179 96406.189    96717.494    97114.747
WARNING: Normalizing state frequencies so that sum of them equals to 1
135  Q.mammal+R2   48942.511    179 98243.022    98554.326    98951.580
WARNING: Normalizing state frequencies so that sum of them equals to 1
136  Q.mammal+R3   48227.880    181 96817.760    97139.146    97534.235
WARNING: Normalizing state frequencies so that sum of them equals to 1
137  Q.mammal+R4   48051.226    183 96468.453    96800.197    97192.844
WARNING: Normalizing state frequencies so that sum of them equals to 1
138  Q.mammal+R5   47940.532    185 96251.065    96593.453    96983.373
WARNING: Normalizing state frequencies so that sum of them equals to 1
139  Q.mammal+R6   47907.614    187 96189.228    96542.554    96929.453
WARNING: Normalizing state frequencies so that sum of them equals to 1
140  Q.mammal+R7   47894.874    189 96167.748    96532.317    96915.890
WARNING: Normalizing state frequencies so that sum of them equals to 1
141  Q.mammal+R8   47894.819    191 96171.638    96547.761    96927.697
WARNING: Normalizing state frequencies so that sum of them equals to 1
144  Q.mammal+F    52845.739    196 106083.478   106489.920   106859.329
WARNING: Normalizing state frequencies so that sum of them equals to 1
145  Q.mammal+F+I  52028.727    197 104451.453   104864.215   105231.263
WARNING: Normalizing state frequencies so that sum of them equals to 1
146  Q.mammal+F+G4 48157.732    197 96709.464    97122.226    97489.274
WARNING: Normalizing state frequencies so that sum of them equals to 1
147  Q.mammal+F+I+G4 48101.007    198 96598.013    97017.184    97381.782
WARNING: Normalizing state frequencies so that sum of them equals to 1
148  Q.mammal+F+R2 48966.429    198 98328.857    98748.027    99112.625
WARNING: Normalizing state frequencies so that sum of them equals to 1
149  Q.mammal+F+R3 48281.296    200 96962.591    97394.849    97754.276
WARNING: Normalizing state frequencies so that sum of them equals to 1
150  Q.mammal+F+R4 48127.883    202 96659.766    97105.484    97459.368
WARNING: Normalizing state frequencies so that sum of them equals to 1
151  Q.mammal+F+R5 48017.223    204 96442.446    96902.006    97249.964
WARNING: Normalizing state frequencies so that sum of them equals to 1
152  Q.mammal+F+R6 47967.334    206 96346.669    96820.469    97162.104
WARNING: Normalizing state frequencies so that sum of them equals to 1
153  Q.mammal+F+R7 47963.837    208 96343.674    96832.123    97167.026
157  Q.insect      51566.771    177 103487.542   103789.034   104188.183
158  Q.insect+I    50725.894    178 101807.788   102114.153   102512.388
159  Q.insect+G4   47403.333    178 95162.666    95469.031    95867.266
160  Q.insect+I+G4 47333.070    179 95024.141    95335.445    95732.699
161  Q.insect+R2   48207.609    179 96773.219    97084.523    97481.777
162  Q.insect+R3   47515.018    181 95392.036    95713.422    96108.511
163  Q.insect+R4   47350.531    183 95067.062    95398.806    95791.454
164  Q.insect+R5   47236.558    185 94843.116    95185.504    95575.424
165  Q.insect+R6   47214.966    187 94803.932    95157.258    95544.157
166  Q.insect+R7   47204.851    189 94787.703    95152.271    95535.845
167  Q.insect+R8   47203.868    191 94789.736    95165.859    95545.795
170  Q.insect+F    51428.136    196 103248.271   103654.714   104024.123
171  Q.insect+F+I  50628.917    197 101651.835   102064.597   102431.645
172  Q.insect+F+G4 47288.775    197 94971.549    95384.311    95751.359
173  Q.insect+F+I+G4 47209.304    198 94814.608    95233.779    95598.377
174  Q.insect+F+R2 48068.219    198 96532.439    96951.609    97316.207
175  Q.insect+F+R3 47392.986    200 95185.973    95618.231    95977.658
176  Q.insect+F+R4 47227.550    202 94859.100    95304.817    95658.702
177  Q.insect+F+R5 47126.322    204 94660.644    95120.205    95468.163
178  Q.insect+F+R6 47104.699    206 94621.399    95095.199    95436.834
179  Q.insect+F+R7 47089.859    208 94595.718    95084.167    95419.070
180  Q.insect+F+R8 47089.733    210 94599.465    95102.988    95430.735
WARNING: Normalizing state frequencies so that sum of them equals to 1
183  Q.plant       52220.122    177 104794.244   105095.736   105494.885
WARNING: Normalizing state frequencies so that sum of them equals to 1
184  Q.plant+I     51332.379    178 103020.758   103327.123   103725.358
WARNING: Normalizing state frequencies so that sum of them equals to 1
185  Q.plant+G4    47594.863    178 95545.727    95852.092    96250.326
WARNING: Normalizing state frequencies so that sum of them equals to 1
186  Q.plant+I+G4  47508.491    179 95374.982    95686.287    96083.540
WARNING: Normalizing state frequencies so that sum of them equals to 1
187  Q.plant+R2    48445.505    179 97249.010    97560.314    97957.568
WARNING: Normalizing state frequencies so that sum of them equals to 1
188  Q.plant+R3    47738.169    181 95838.338    96159.723    96554.813
WARNING: Normalizing state frequencies so that sum of them equals to 1
189  Q.plant+R4    47529.838    183 95425.677    95757.421    96150.069
WARNING: Normalizing state frequencies so that sum of them equals to 1
190  Q.plant+R5    47429.713    185 95229.425    95571.813    95961.734
WARNING: Normalizing state frequencies so that sum of them equals to 1
191  Q.plant+R6    47397.559    187 95169.119    95522.445    95909.344
WARNING: Normalizing state frequencies so that sum of them equals to 1
192  Q.plant+R7    47384.499    189 95146.998    95511.567    95895.140
WARNING: Normalizing state frequencies so that sum of them equals to 1
193  Q.plant+R8    47381.093    191 95144.186    95520.309    95900.245
WARNING: Normalizing state frequencies so that sum of them equals to 1
196  Q.plant+F     52227.648    196 104847.296   105253.738   105623.147
WARNING: Normalizing state frequencies so that sum of them equals to 1
197  Q.plant+F+I   51383.669    197 103161.338   103574.100   103941.148
WARNING: Normalizing state frequencies so that sum of them equals to 1
198  Q.plant+F+G4  47582.180    197 95558.360    95971.121    96338.169
WARNING: Normalizing state frequencies so that sum of them equals to 1
199  Q.plant+F+I+G4 47504.981    198 95405.962    95825.133    96189.731
WARNING: Normalizing state frequencies so that sum of them equals to 1
200  Q.plant+F+R2  48419.235    198 97234.470    97653.640    98018.238
WARNING: Normalizing state frequencies so that sum of them equals to 1
201  Q.plant+F+R3  47733.738    200 95867.475    96299.733    96659.160
WARNING: Normalizing state frequencies so that sum of them equals to 1
202  Q.plant+F+R4  47532.377    202 95468.755    95914.472    96268.356
WARNING: Normalizing state frequencies so that sum of them equals to 1
203  Q.plant+F+R5  47434.195    204 95276.391    95735.951    96083.909
WARNING: Normalizing state frequencies so that sum of them equals to 1
204  Q.plant+F+R6  47401.165    206 95214.331    95688.131    96029.766
WARNING: Normalizing state frequencies so that sum of them equals to 1
205  Q.plant+F+R7  47387.087    208 95190.174    95678.624    96013.527
WARNING: Normalizing state frequencies so that sum of them equals to 1
206  Q.plant+F+R8  47384.846    210 95189.693    95693.215    96020.962
WARNING: Normalizing state frequencies so that sum of them equals to 1
209  Q.yeast       51458.813    177 103271.625   103573.118   103972.267
WARNING: Normalizing state frequencies so that sum of them equals to 1
210  Q.yeast+I     50642.233    178 101640.466   101946.831   102345.065
WARNING: Normalizing state frequencies so that sum of them equals to 1
211  Q.yeast+G4    47357.766    178 95071.533    95377.898    95776.132
WARNING: Normalizing state frequencies so that sum of them equals to 1
212  Q.yeast+I+G4  47290.034    179 94938.067    95249.372    95646.625
WARNING: Normalizing state frequencies so that sum of them equals to 1
213  Q.yeast+R2    48143.124    179 96644.247    96955.551    97352.805
WARNING: Normalizing state frequencies so that sum of them equals to 1
214  Q.yeast+R3    47473.140    181 95308.279    95629.665    96024.754
WARNING: Normalizing state frequencies so that sum of them equals to 1
215  Q.yeast+R4    47299.348    183 94964.696    95296.439    95689.087
WARNING: Normalizing state frequencies so that sum of them equals to 1
216  Q.yeast+R5    47191.005    185 94752.010    95094.398    95484.319
WARNING: Normalizing state frequencies so that sum of them equals to 1
217  Q.yeast+R6    47168.207    187 94710.413    95063.740    95450.639
WARNING: Normalizing state frequencies so that sum of them equals to 1
218  Q.yeast+R7    47156.123    189 94690.246    95054.815    95438.388
WARNING: Normalizing state frequencies so that sum of them equals to 1
219  Q.yeast+R8    47154.932    191 94691.864    95067.987    95447.923
WARNING: Normalizing state frequencies so that sum of them equals to 1
222  Q.yeast+F     51166.271    196 102724.542   103130.984   103500.393
WARNING: Normalizing state frequencies so that sum of them equals to 1
223  Q.yeast+F+I   50396.803    197 101187.605   101600.367   101967.415
WARNING: Normalizing state frequencies so that sum of them equals to 1
224  Q.yeast+F+G4  47058.061    197 94510.122    94922.884    95289.932
WARNING: Normalizing state frequencies so that sum of them equals to 1
225  Q.yeast+F+I+G4 46990.043    198 94376.087    94795.257    95159.855
WARNING: Normalizing state frequencies so that sum of them equals to 1
226  Q.yeast+F+R2  47819.207    198 96034.414    96453.584    96818.182
WARNING: Normalizing state frequencies so that sum of them equals to 1
227  Q.yeast+F+R3  47171.818    200 94743.636    95175.894    95535.321
WARNING: Normalizing state frequencies so that sum of them equals to 1
228  Q.yeast+F+R4  47001.352    202 94406.703    94852.421    95206.305
WARNING: Normalizing state frequencies so that sum of them equals to 1
229  Q.yeast+F+R5  46907.210    204 94222.420    94681.980    95029.939
WARNING: Normalizing state frequencies so that sum of them equals to 1
230  Q.yeast+F+R6  46884.815    206 94181.631    94655.431    94997.066
WARNING: Normalizing state frequencies so that sum of them equals to 1
231  Q.yeast+F+R7  46866.622    208 94149.244    94637.694    94972.597
WARNING: Normalizing state frequencies so that sum of them equals to 1
232  Q.yeast+F+R8  46866.542    210 94153.085    94656.607    94984.354
235  JTTDCMut      51191.522    177 102737.045   103038.537   103437.686
236  JTTDCMut+I    50326.673    178 101009.346   101315.711   101713.946
237  JTTDCMut+G4   47472.027    178 95300.054    95606.419    96004.653
238  JTTDCMut+I+G4 47413.044    179 95184.088    95495.392    95892.646
239  JTTDCMut+R2   48246.458    179 96850.915    97162.219    97559.473
240  JTTDCMut+R3   47577.251    181 95516.502    95837.887    96232.977
241  JTTDCMut+R4   47426.245    183 95218.489    95550.233    95942.881
242  JTTDCMut+R5   47312.422    185 94994.844    95337.232    95727.152
243  JTTDCMut+R6   47289.524    187 94953.049    95306.375    95693.274
244  JTTDCMut+R7   47286.758    189 94951.517    95316.085    95699.659
248  JTTDCMut+F    51309.681    196 103011.362   103417.805   103787.214
249  JTTDCMut+F+I  50489.341    197 101372.681   101785.443   102152.491
250  JTTDCMut+F+G4 47498.188    197 95390.377    95803.139    96170.187
251  JTTDCMut+F+I+G4 47444.836    198 95285.672    95704.842    96069.440
252  JTTDCMut+F+R2 48256.057    198 96908.113    97327.284    97691.881
253  JTTDCMut+F+R3 47603.476    200 95606.953    96039.211    96398.638
254  JTTDCMut+F+R4 47461.477    202 95326.955    95772.672    96126.556
255  JTTDCMut+F+R5 47349.727    204 95107.455    95567.015    95914.973
256  JTTDCMut+F+R6 47327.839    206 95067.678    95541.478    95883.113
257  JTTDCMut+F+R7 47320.652    208 95057.304    95545.753    95880.656
258  JTTDCMut+F+R8 47319.116    210 95058.232    95561.755    95889.502
261  DCMut         51498.960    177 103351.920   103653.413   104052.561
262  DCMut+I       50582.663    178 101521.325   101827.691   102225.925
263  DCMut+G4      47791.711    178 95939.422    96245.788    96644.022
264  DCMut+I+G4    47721.840    179 95801.681    96112.985    96510.239
265  DCMut+R2      48573.372    179 97504.744    97816.049    98213.302
266  DCMut+R3      47900.945    181 96163.889    96485.275    96880.364
267  DCMut+R4      47725.622    183 95817.244    96148.988    96541.636
268  DCMut+R5      47647.521    185 95665.042    96007.430    96397.350
269  DCMut+R6      47621.895    187 95617.791    95971.117    96358.016
270  DCMut+R7      47603.816    189 95585.632    95950.200    96333.774
271  DCMut+R8      47603.531    191 95589.063    95965.186    96345.122
274  DCMut+F       51512.928    196 103417.855   103824.297   104193.706
275  DCMut+F+I     50673.037    197 101740.075   102152.836   102519.884
276  DCMut+F+G4    47657.904    197 95709.808    96122.570    96489.618
277  DCMut+F+I+G4  47590.083    198 95576.165    95995.336    96359.933
278  DCMut+F+R2    48444.467    198 97284.933    97704.103    98068.701
279  DCMut+F+R3    47783.853    200 95967.706    96399.964    96759.391
280  DCMut+F+R4    47613.137    202 95630.273    96075.991    96429.875
281  DCMut+F+R5    47520.023    204 95448.045    95907.606    96255.564
282  DCMut+F+R6    47499.007    206 95410.014    95883.814    96225.450
283  DCMut+F+R7    47477.975    208 95371.951    95860.400    96195.303
284  DCMut+F+R8    47478.023    210 95376.046    95879.568    96207.315
287  VT            50592.553    177 101539.107   101840.600   102239.748
288  VT+I          49808.699    178 99973.399    100279.764   100677.998
289  VT+G4         47229.513    178 94815.026    95121.391    95519.626
290  VT+I+G4       47194.695    179 94747.391    95058.695    95455.949
291  VT+R2         47911.085    179 96180.170    96491.474    96888.728
292  VT+R3         47305.242    181 94972.484    95293.869    95688.959
293  VT+R4         47181.964    183 94729.928    95061.672    95454.320
294  VT+R5         47085.941    185 94541.881    94884.269    95274.190
295  VT+R6         47061.146    187 94496.291    94849.618    95236.517
296  VT+R7         47060.012    189 94498.025    94862.593    95246.167
300  VT+F          50584.329    196 101560.659   101967.101   102336.510
301  VT+F+I        49833.845    197 100061.690   100474.452   100841.500
302  VT+F+G4       47262.299    197 94918.599    95331.361    95698.408
303  VT+F+I+G4     47165.011    198 94726.022    95145.193    95509.790
304  VT+F+R2       47872.922    198 96141.844    96561.014    96925.612
305  VT+F+R3       47270.081    200 94940.163    95372.421    95731.848
306  VT+F+R4       47154.312    202 94712.624    95158.341    95512.225
307  VT+F+R5       47058.649    204 94525.298    94984.859    95332.817
308  VT+F+R6       47034.743    206 94481.486    94955.286    95296.922
309  VT+F+R7       47032.097    208 94480.194    94968.643    95303.546
313  PMB           50884.854    177 102123.708   102425.201   102824.349
314  PMB+I         50163.941    178 100683.883   100990.248   101388.482
315  PMB+G4        47496.087    178 95348.175    95654.540    96052.775
316  PMB+I+G4      47459.783    179 95277.567    95588.871    95986.125
317  PMB+R2        48173.173    179 96704.345    97015.650    97412.903
318  PMB+R3        47570.832    181 95503.664    95825.049    96220.138
319  PMB+R4        47456.204    183 95278.408    95610.152    96002.800
320  PMB+R5        47363.420    185 95096.839    95439.227    95829.148
321  PMB+R6        47339.056    187 95052.112    95405.438    95792.337
322  PMB+R7        47335.296    189 95048.592    95413.160    95796.734
326  PMB+F         50859.058    196 102110.117   102516.559   102885.968
327  PMB+F+I       50146.362    197 100686.723   101099.485   101466.533
328  PMB+F+G4      47442.281    197 95278.562    95691.324    96058.372
329  PMB+F+I+G4    47417.658    198 95231.316    95650.486    96015.084
330  PMB+F+R2      48112.989    198 96621.978    97041.148    97405.746
331  PMB+F+R3      47517.083    200 95434.167    95866.425    96225.851
332  PMB+F+R4      47402.003    202 95208.006    95653.723    96007.607
333  PMB+F+R5      47309.270    204 95026.540    95486.101    95834.059
334  PMB+F+R6      47284.804    206 94981.608    95455.408    95797.043
335  PMB+F+R7      47280.659    208 94977.318    95465.767    95800.670
339  Blosum62      50800.170    177 101954.340   102255.833   102654.981
340  Blosum62+I    50073.108    178 100502.217   100808.582   101206.816
341  Blosum62+G4   47492.568    178 95341.136    95647.502    96045.736
342  Blosum62+I+G4 47400.065    179 95158.130    95469.435    95866.688
343  Blosum62+R2   48093.796    179 96545.593    96856.897    97254.151
344  Blosum62+R3   47492.969    181 95347.938    95669.323    96064.412
345  Blosum62+R4   47377.025    183 95120.050    95451.794    95844.442
346  Blosum62+R5   47288.321    185 94946.642    95289.030    95678.950
347  Blosum62+R6   47262.219    187 94898.439    95251.765    95638.664
348  Blosum62+R7   47257.788    189 94893.576    95258.145    95641.718
352  Blosum62+F    50730.908    196 101853.817   102260.259   102629.668
353  Blosum62+F+I  50014.625    197 100423.251   100836.013   101203.060
354  Blosum62+F+G4 47408.255    197 95210.510    95623.272    95990.320
355  Blosum62+F+I+G4 47318.764    198 95033.528    95452.698    95817.296
356  Blosum62+F+R2 48009.664    198 96415.328    96834.498    97199.096
357  Blosum62+F+R3 47410.743    200 95221.487    95653.745    96013.171
358  Blosum62+F+R4 47297.618    202 94999.236    95444.953    95798.838
359  Blosum62+F+R5 47207.855    204 94823.710    95283.270    95631.229
360  Blosum62+F+R6 47182.729    206 94777.458    95251.258    95592.894
361  Blosum62+F+R7 47177.849    208 94771.698    95260.147    95595.050
365  Dayhoff       51499.950    177 103353.900   103655.393   104054.541
366  Dayhoff+I     50582.852    178 101521.705   101828.070   102226.304
367  Dayhoff+G4    47788.485    178 95932.970    96239.335    96637.570
368  Dayhoff+I+G4  47718.633    179 95795.265    96106.569    96503.823
369  Dayhoff+R2    48571.480    179 97500.959    97812.264    98209.517
370  Dayhoff+R3    47898.499    181 96158.998    96480.383    96875.473
371  Dayhoff+R4    47722.276    183 95810.552    96142.296    96534.944
372  Dayhoff+R5    47644.455    185 95658.909    96001.297    96391.218
373  Dayhoff+R6    47619.106    187 95612.212    95965.539    96352.438
374  Dayhoff+R7    47600.639    189 95579.278    95943.847    96327.421
375  Dayhoff+R8    47600.357    191 95582.715    95958.838    96338.774
378  Dayhoff+F     51516.337    196 103424.673   103831.115   104200.524
379  Dayhoff+F+I   50675.811    197 101745.622   102158.384   102525.431
380  Dayhoff+F+G4  47655.803    197 95705.606    96118.367    96485.415
381  Dayhoff+F+I+G4 47588.031    198 95572.061    95991.231    96355.829
382  Dayhoff+F+R2  48443.271    198 97282.542    97701.712    98066.310
383  Dayhoff+F+R3  47782.628    200 95965.257    96397.515    96756.942
384  Dayhoff+F+R4  47611.122    202 95626.243    96071.961    96425.845
385  Dayhoff+F+R5  47518.145    204 95444.290    95903.851    96251.809
386  Dayhoff+F+R6  47497.273    206 95406.546    95880.346    96221.982
387  Dayhoff+F+R7  47476.094    208 95368.187    95856.636    96191.539
388  Dayhoff+F+R8  47476.137    210 95372.275    95875.797    96203.544
391  mtREV         56177.434    177 112708.867   113010.360   113409.509
392  mtREV+I       55501.143    178 111358.286   111664.651   112062.885
393  mtREV+G4      50564.188    178 101484.376   101790.741   102188.975
394  mtREV+I+G4    50523.387    179 101404.774   101716.078   102113.332
395  mtREV+R2      51482.516    179 103323.032   103634.336   104031.590
396  mtREV+R3      50742.874    181 101847.747   102169.133   102564.222
397  mtREV+R4      50541.678    183 101449.356   101781.100   102173.748
398  mtREV+R5      50446.055    185 101262.110   101604.498   101994.418
399  mtREV+R6      50378.082    187 101130.164   101483.491   101870.390
400  mtREV+R7      50351.485    189 101080.970   101445.539   101829.112
401  mtREV+R8      50341.278    191 101064.555   101440.678   101820.614
402  mtREV+R9      50338.485    193 101062.969   101450.969   101826.945
404  mtREV+F       52955.117    196 106302.234   106708.677   107078.086
405  mtREV+F+I     52193.856    197 104781.713   105194.474   105561.522
406  mtREV+F+G4    48189.060    197 96772.120    97184.881    97551.929
407  mtREV+F+I+G4  48133.459    198 96662.918    97082.088    97446.686
408  mtREV+F+R2    49031.108    198 98458.217    98877.387    99241.985
409  mtREV+F+R3    48355.339    200 97110.679    97542.937    97902.364
410  mtREV+F+R4    48164.081    202 96732.162    97177.879    97531.764
411  mtREV+F+R5    48075.732    204 96559.464    97019.025    97366.983
412  mtREV+F+R6    48013.213    206 96438.426    96912.226    97253.861
413  mtREV+F+R7    47998.968    208 96413.937    96902.386    97237.289
414  mtREV+F+R8    47997.534    210 96415.069    96918.591    97246.338
417  mtART         58929.166    177 118212.332   118513.824   118912.973
418  mtART+I       58262.425    178 116880.851   117187.216   117585.450
419  mtART+G4      51242.904    178 102841.808   103148.173   103546.407
420  mtART+I+G4    51221.776    179 102801.552   103112.857   103510.110
421  mtART+R2      52267.692    179 104893.384   105204.688   105601.942
422  mtART+R3      51529.366    181 103420.732   103742.117   104137.207
423  mtART+R4      51221.155    183 102808.309   103140.053   103532.701
424  mtART+R5      51071.914    185 102513.829   102856.217   103246.137
425  mtART+R6      51014.059    187 102402.119   102755.445   103142.344
426  mtART+R7      50959.163    189 102296.326   102660.895   103044.469
427  mtART+R8      50935.325    191 102252.651   102628.774   103008.710
428  mtART+R9      50932.759    193 102251.519   102639.519   103015.495
430  mtART+F       55019.401    196 110430.802   110837.244   111206.653
431  mtART+F+I     54242.725    197 108879.450   109292.212   109659.259
432  mtART+F+G4    48741.196    197 97876.391    98289.153    98656.201
433  mtART+F+I+G4  48709.247    198 97814.495    98233.665    98598.263
434  mtART+F+R2    49784.452    198 99964.904    100384.074   100748.672
435  mtART+F+R3    49005.653    200 98411.306    98843.564    99202.991
436  mtART+F+R4    48732.213    202 97868.426    98314.144    98668.028
437  mtART+F+R5    48647.199    204 97702.398    98161.959    98509.917
438  mtART+F+R6    48566.804    206 97545.607    98019.407    98361.043
439  mtART+F+R7    48525.238    208 97466.476    97954.925    98289.828
440  mtART+F+R8    48514.413    210 97448.827    97952.349    98280.096
441  mtART+F+R9    48508.992    212 97441.984    97961.019    98281.170
443  mtZOA         56351.846    177 113057.692   113359.184   113758.333
444  mtZOA+I       55704.693    178 111765.386   112071.752   112469.986
445  mtZOA+G4      49749.071    178 99854.142    100160.507   100558.742
446  mtZOA+I+G4    49721.763    179 99801.526    100112.830   100510.084
447  mtZOA+R2      50698.228    179 101754.456   102065.760   102463.014
448  mtZOA+R3      49971.821    181 100305.643   100627.028   101022.117
449  mtZOA+R4      49716.189    183 99798.379    100130.122   100522.770
450  mtZOA+R5      49609.149    185 99588.299    99930.687    100320.608
451  mtZOA+R6      49553.681    187 99481.362    99834.688    100221.587
452  mtZOA+R7      49525.310    189 99428.619    99793.188    100176.762
453  mtZOA+R8      49510.079    191 99402.158    99778.281    100158.217
454  mtZOA+R9      49506.341    193 99398.682    99786.682    100162.658
456  mtZOA+F       53551.016    196 107494.032   107900.474   108269.883
457  mtZOA+F+I     52790.315    197 105974.631   106387.393   106754.440
458  mtZOA+F+G4    48137.557    197 96669.114    97081.876    97448.924
459  mtZOA+F+I+G4  48094.376    198 96584.752    97003.923    97368.520
460  mtZOA+F+R2    49099.601    198 98595.202    99014.372    99378.970
461  mtZOA+F+R3    48371.486    200 97142.972    97575.230    97934.657
462  mtZOA+F+R4    48122.455    202 96648.911    97094.628    97448.512
463  mtZOA+F+R5    48041.539    204 96491.077    96950.638    97298.596
464  mtZOA+F+R6    47989.043    206 96390.085    96863.885    97205.521
465  mtZOA+F+R7    47961.631    208 96339.262    96827.711    97162.614
466  mtZOA+F+R8    47950.381    210 96320.763    96824.286    97152.032
467  mtZOA+F+R9    47950.102    212 96324.204    96843.238    97163.390
469  mtMet         56639.365    177 113632.729   113934.222   114333.370
470  mtMet+I       55992.652    178 112341.305   112647.670   113045.904
471  mtMet+G4      50811.736    178 101979.473   102285.838   102684.073
472  mtMet+I+G4    50763.644    179 101885.288   102196.593   102593.846
473  mtMet+R2      51714.926    179 103787.853   104099.157   104496.411
474  mtMet+R3      50979.008    181 102320.017   102641.402   103036.491
475  mtMet+R4      50760.707    183 101887.415   102219.159   102611.807
476  mtMet+R5      50654.129    185 101678.258   102020.646   102410.567
477  mtMet+R6      50612.255    187 101598.510   101951.836   102338.735
478  mtMet+R7      50597.582    189 101573.165   101937.733   102321.307
479  mtMet+R8      50587.933    191 101557.867   101933.990   102313.926
480  mtMet+R9      50581.740    193 101549.481   101937.481   102313.457
481  mtMet+R10     50581.706    195 101553.413   101953.622   102325.305
482  mtMet+F       53349.310    196 107090.620   107497.062   107866.471
483  mtMet+F+I     52587.826    197 105569.652   105982.414   106349.461
484  mtMet+F+G4    48255.580    197 96905.159    97317.921    97684.969
485  mtMet+F+I+G4  48201.828    198 96799.656    97218.826    97583.424
486  mtMet+F+R2    49168.174    198 98732.348    99151.519    99516.116
487  mtMet+F+R3    48455.818    200 97311.636    97743.894    98103.321
488  mtMet+F+R4    48231.245    202 96866.489    97312.207    97666.091
489  mtMet+F+R5    48135.870    204 96679.741    97139.301    97487.259
490  mtMet+F+R6    48106.687    206 96625.374    97099.174    97440.809
491  mtMet+F+R7    48089.213    208 96594.426    97082.876    97417.779
492  mtMet+F+R8    48080.100    210 96580.200    97083.722    97411.469
493  mtMet+F+R9    48075.931    212 96575.862    97094.896    97415.048
495  mtVer         57346.414    177 115046.827   115348.320   115747.468
496  mtVer+I       56655.387    178 113666.773   113973.139   114371.373
497  mtVer+G4      50934.257    178 102224.514   102530.880   102929.114
498  mtVer+I+G4    50894.096    179 102146.192   102457.496   102854.750
499  mtVer+R2      51928.349    179 104214.697   104526.001   104923.255
500  mtVer+R3      51152.365    181 102666.729   102988.115   103383.204
501  mtVer+R4      50894.757    183 102155.515   102487.259   102879.907
502  mtVer+R5      50782.060    185 101934.120   102276.508   102666.429
503  mtVer+R6      50730.891    187 101835.781   102189.108   102576.007
504  mtVer+R7      50712.817    189 101803.634   102168.202   102551.776
505  mtVer+R8      50703.660    191 101789.319   102165.442   102545.379
506  mtVer+R9      50701.351    193 101788.703   102176.703   102552.679
508  mtVer+F       54231.040    196 108854.081   109260.523   109629.932
509  mtVer+F+I     53367.974    197 107129.948   107542.710   107909.758
510  mtVer+F+G4    48788.105    197 97970.211    98382.973    98750.021
511  mtVer+F+I+G4  48731.953    198 97859.905    98279.075    98643.673
512  mtVer+F+R2    49790.293    198 99976.585    100395.756   100760.354
513  mtVer+F+R3    49014.895    200 98429.789    98862.047    99221.474
514  mtVer+F+R4    48769.148    202 97942.296    98388.014    98741.898
515  mtVer+F+R5    48670.993    204 97749.985    98209.546    98557.504
516  mtVer+F+R6    48631.380    206 97674.761    98148.561    98490.196
517  mtVer+F+R7    48609.873    208 97635.747    98124.196    98459.099
518  mtVer+F+R8    48609.307    210 97638.613    98142.136    98469.882
521  mtInv         56344.539    177 113043.078   113344.571   113743.720
522  mtInv+I       55687.270    178 111730.539   112036.905   112435.139
523  mtInv+G4      51081.568    178 102519.136   102825.502   103223.736
524  mtInv+I+G4    51041.450    179 102440.899   102752.204   103149.457
525  mtInv+R2      51931.282    179 104220.564   104531.869   104929.122
526  mtInv+R3      51223.744    181 102809.488   103130.873   103525.963
527  mtInv+R4      51034.332    183 102434.663   102766.407   103159.055
528  mtInv+R5      50927.760    185 102225.519   102567.907   102957.828
529  mtInv+R6      50886.405    187 102146.810   102500.136   102887.035
530  mtInv+R7      50874.666    189 102127.333   102491.901   102875.475
531  mtInv+R8      50868.209    191 102118.417   102494.540   102874.476
532  mtInv+R9      50862.686    193 102111.371   102499.371   102875.347
534  mtInv+F       52423.806    196 105239.612   105646.054   106015.463
535  mtInv+F+I     51658.793    197 103711.586   104124.348   104491.396
536  mtInv+F+G4    47862.576    197 96119.151    96531.913    96898.961
537  mtInv+F+I+G4  47796.753    198 95989.505    96408.675    96773.273
538  mtInv+F+R2    48718.439    198 97832.878    98252.048    98616.646
539  mtInv+F+R3    48030.570    200 96461.141    96893.399    97252.826
540  mtInv+F+R4    47833.884    202 96071.769    96517.486    96871.371
541  mtInv+F+R5    47736.590    204 95881.180    96340.741    96688.699
542  mtInv+F+R6    47708.486    206 95828.972    96302.772    96644.407
543  mtInv+F+R7    47695.142    208 95806.284    96294.734    96629.637
544  mtInv+F+R8    47686.489    210 95792.978    96296.501    96624.248
545  mtInv+F+R9    47686.314    212 95796.627    96315.662    96635.813
547  mtMAM         59366.925    177 119087.850   119389.343   119788.491
548  mtMAM+I       58657.245    178 117670.490   117976.855   118375.089
549  mtMAM+G4      51481.738    178 103319.475   103625.840   104024.075
550  mtMAM+I+G4    51457.075    179 103272.151   103583.455   103980.709
551  mtMAM+R2      52551.943    179 105461.885   105773.190   106170.444
552  mtMAM+R3      51726.821    181 103815.641   104137.026   104532.116
553  mtMAM+R4      51417.179    183 103200.358   103532.102   103924.750
554  mtMAM+R5      51296.073    185 102962.146   103304.534   103694.454
555  mtMAM+R6      51225.306    187 102824.611   103177.938   103564.837
556  mtMAM+R7      51184.650    189 102747.300   103111.868   103495.442
557  mtMAM+R8      51165.688    191 102713.376   103089.499   103469.435
558  mtMAM+R9      51159.496    193 102704.991   103092.991   103468.967
559  mtMAM+R10     51159.455    195 102708.909   103109.119   103480.802
560  mtMAM+F       55489.183    196 111370.365   111776.807   112146.217
561  mtMAM+F+I     54661.162    197 109716.325   110129.087   110496.135
562  mtMAM+F+G4    49161.243    197 98716.485    99129.247    99496.295
563  mtMAM+F+I+G4  49127.271    198 98650.543    99069.713    99434.311
564  mtMAM+F+R2    50241.621    198 100879.242   101298.412   101663.010
565  mtMAM+F+R3    49414.733    200 99229.467    99661.725    100021.152
566  mtMAM+F+R4    49142.436    202 98688.871    99134.589    99488.473
567  mtMAM+F+R5    49039.382    204 98486.763    98946.324    99294.282
568  mtMAM+F+R6    48973.517    206 98359.034    98832.834    99174.469
569  mtMAM+F+R7    48939.360    208 98294.719    98783.169    99118.072
570  mtMAM+F+R8    48929.422    210 98278.845    98782.368    99110.114
571  mtMAM+F+R9    48927.132    212 98278.263    98797.298    99117.449
WARNING: Normalizing state frequencies so that sum of them equals to 1
573  FLAVI         54861.630    177 110077.261   110378.754   110777.902
WARNING: Normalizing state frequencies so that sum of them equals to 1
574  FLAVI+I       53909.757    178 108175.515   108481.880   108880.114
WARNING: Normalizing state frequencies so that sum of them equals to 1
575  FLAVI+G4      49310.601    178 98977.202    99283.567    99681.801
WARNING: Normalizing state frequencies so that sum of them equals to 1
576  FLAVI+I+G4    49249.864    179 98857.728    99169.033    99566.287
WARNING: Normalizing state frequencies so that sum of them equals to 1
577  FLAVI+R2      50312.063    179 100982.125   101293.430   101690.683
WARNING: Normalizing state frequencies so that sum of them equals to 1
578  FLAVI+R3      49491.252    181 99344.504    99665.889    100060.979
WARNING: Normalizing state frequencies so that sum of them equals to 1
579  FLAVI+R4      49297.141    183 98960.282    99292.026    99684.674
WARNING: Normalizing state frequencies so that sum of them equals to 1
580  FLAVI+R5      49170.874    185 98711.749    99054.137    99444.057
WARNING: Normalizing state frequencies so that sum of them equals to 1
581  FLAVI+R6      49108.801    187 98591.602    98944.928    99331.827
WARNING: Normalizing state frequencies so that sum of them equals to 1
582  FLAVI+R7      49087.695    189 98553.390    98917.959    99301.532
WARNING: Normalizing state frequencies so that sum of them equals to 1
583  FLAVI+R8      49085.736    191 98553.472    98929.595    99309.531
WARNING: Normalizing state frequencies so that sum of them equals to 1
586  FLAVI+F       54593.561    196 109579.123   109985.565   110354.974
WARNING: Normalizing state frequencies so that sum of them equals to 1
587  FLAVI+F+I     53628.425    197 107650.851   108063.612   108430.660
WARNING: Normalizing state frequencies so that sum of them equals to 1
588  FLAVI+F+G4    49205.521    197 98805.043    99217.805    99584.853
WARNING: Normalizing state frequencies so that sum of them equals to 1
589  FLAVI+F+I+G4  49126.389    198 98648.778    99067.948    99432.546
WARNING: Normalizing state frequencies so that sum of them equals to 1
590  FLAVI+F+R2    50185.364    198 100766.728   101185.898   101550.496
WARNING: Normalizing state frequencies so that sum of them equals to 1
591  FLAVI+F+R3    49382.197    200 99164.394    99596.653    99956.079
WARNING: Normalizing state frequencies so that sum of them equals to 1
592  FLAVI+F+R4    49179.777    202 98763.553    99209.270    99563.155
WARNING: Normalizing state frequencies so that sum of them equals to 1
593  FLAVI+F+R5    49063.326    204 98534.652    98994.213    99342.171
WARNING: Normalizing state frequencies so that sum of them equals to 1
594  FLAVI+F+R6    49001.777    206 98415.554    98889.354    99230.989
WARNING: Normalizing state frequencies so that sum of them equals to 1
595  FLAVI+F+R7    48984.862    208 98385.724    98874.173    99209.076
WARNING: Normalizing state frequencies so that sum of them equals to 1
596  FLAVI+F+R8    48981.717    210 98383.434    98886.957    99214.704
599  HIVb          52817.245    177 105988.491   106289.984   106689.132
600  HIVb+I        51789.433    178 103934.865   104241.231   104639.465
601  HIVb+G4       48341.784    178 97039.568    97345.934    97744.168
602  HIVb+I+G4     48226.852    179 96811.704    97123.009    97520.263
603  HIVb+R2       49164.611    179 98687.222    98998.527    99395.780
604  HIVb+R3       48462.981    181 97287.962    97609.347    98004.436
605  HIVb+R4       48253.412    183 96872.825    97204.569    97597.217
606  HIVb+R5       48135.590    185 96641.180    96983.568    97373.489
607  HIVb+R6       48115.753    187 96605.505    96958.832    97345.731
608  HIVb+R7       48096.343    189 96570.686    96935.254    97318.828
609  HIVb+R8       48095.929    191 96573.857    96949.980    97329.916
612  HIVb+F        52884.441    196 106160.883   106567.325   106936.734
613  HIVb+F+I      51900.064    197 104194.128   104606.890   104973.938
614  HIVb+F+G4     48304.913    197 97003.825    97416.587    97783.635
615  HIVb+F+I+G4   48202.311    198 96800.621    97219.791    97584.389
616  HIVb+F+R2     49117.225    198 98630.451    99049.621    99414.219
617  HIVb+F+R3     48434.795    200 97269.590    97701.848    98061.275
618  HIVb+F+R4     48231.716    202 96867.432    97313.149    97667.034
619  HIVb+F+R5     48116.141    204 96640.282    97099.842    97447.800
620  HIVb+F+R6     48086.320    206 96584.641    97058.441    97400.076
621  HIVb+F+R7     48071.814    208 96559.629    97048.078    97382.981
622  HIVb+F+R8     48071.338    210 96562.675    97066.198    97393.945
625  HIVw          54695.805    177 109745.611   110047.103   110446.252
626  HIVw+I        53616.007    178 107588.015   107894.380   108292.614
627  HIVw+G4       50484.475    178 101324.950   101631.315   102029.549
628  HIVw+I+G4     50386.217    179 101130.434   101441.738   101838.992
629  HIVw+R2       51339.311    179 103036.623   103347.927   103745.181
630  HIVw+R3       50679.753    181 101721.505   102042.891   102437.980
631  HIVw+R4       50447.657    183 101261.315   101593.059   101985.707
632  HIVw+R5       50310.629    185 100991.259   101333.647   101723.567
633  HIVw+R6       50280.806    187 100935.611   101288.938   101675.837
634  HIVw+R7       50271.115    189 100920.231   101284.799   101668.373
635  HIVw+R8       50270.668    191 100923.336   101299.459   101679.395
638  HIVw+F        54049.997    196 108491.995   108898.437   109267.846
639  HIVw+F+I      52990.481    197 106374.963   106787.724   107154.772
640  HIVw+F+G4     49546.033    197 99486.066    99898.827    100265.875
641  HIVw+F+I+G4   49434.166    198 99264.333    99683.503    100048.101
642  HIVw+F+R2     50420.589    198 101237.178   101656.349   102020.946
643  HIVw+F+R3     49685.495    200 99770.990    100203.248   100562.675
644  HIVw+F+R4     49504.088    202 99412.175    99857.893    100211.777
645  HIVw+F+R5     49341.718    204 99091.436    99550.996    99898.954
646  HIVw+F+R6     49319.352    206 99050.704    99524.504    99866.140
647  HIVw+F+R7     49311.486    208 99038.971    99527.420    99862.323
648  HIVw+F+R8     49311.183    210 99042.366    99545.888    99873.635
651  FLU           52583.531    177 105521.061   105822.554   106221.702
652  FLU+I         51697.279    178 103750.557   104056.922   104455.157
653  FLU+G4        48281.026    178 96918.052    97224.417    97622.651
654  FLU+I+G4      48187.039    179 96732.077    97043.382    97440.635
655  FLU+R2        49063.694    179 98485.387    98796.692    99193.945
656  FLU+R3        48409.281    181 97180.561    97501.946    97897.036
657  FLU+R4        48219.259    183 96804.518    97136.262    97528.910
658  FLU+R5        48102.598    185 96575.197    96917.585    97307.505
659  FLU+R6        48073.547    187 96521.095    96874.422    97261.320
660  FLU+R7        48063.886    189 96505.773    96870.341    97253.915
661  FLU+R8        48060.991    191 96503.982    96880.105    97260.041
664  FLU+F         52515.565    196 105423.130   105829.572   106198.981
665  FLU+F+I       51679.874    197 103753.749   104166.510   104533.558
666  FLU+F+G4      47902.818    197 96199.636    96612.398    96979.446
667  FLU+F+I+G4    47822.981    198 96041.961    96461.131    96825.729
668  FLU+F+R2      48685.554    198 97767.109    98186.279    98550.877
669  FLU+F+R3      48033.012    200 96466.024    96898.282    97257.709
670  FLU+F+R4      47842.005    202 96088.009    96533.726    96887.611
671  FLU+F+R5      47741.439    204 95890.878    96350.439    96698.397
672  FLU+F+R6      47692.641    206 95797.282    96271.082    96612.717
673  FLU+F+R7      47688.169    208 95792.339    96280.788    96615.691
677  rtREV         51319.382    177 102992.764   103294.257   103693.405
678  rtREV+I       50545.476    178 101446.952   101753.317   102151.552
679  rtREV+G4      47489.519    178 95335.038    95641.404    96039.638
680  rtREV+I+G4    47401.864    179 95161.729    95473.033    95870.287
681  rtREV+R2      48206.388    179 96770.776    97082.081    97479.334
682  rtREV+R3      47576.536    181 95515.072    95836.457    96231.547
683  rtREV+R4      47403.617    183 95173.233    95504.977    95897.625
684  rtREV+R5      47307.441    185 94984.883    95327.271    95717.191
685  rtREV+R6      47284.843    187 94943.686    95297.012    95683.911
686  rtREV+R7      47280.211    189 94938.422    95302.990    95686.564
690  rtREV+F       51011.307    196 102414.614   102821.056   103190.465
691  rtREV+F+I     50277.227    197 100948.455   101361.217   101728.264
692  rtREV+F+G4    47102.013    197 94598.026    95010.788    95377.835
693  rtREV+F+I+G4  47024.318    198 94444.636    94863.806    95228.404
694  rtREV+F+R2    47784.670    198 95965.339    96384.509    96749.107
695  rtREV+F+R3    47184.803    200 94769.606    95201.864    95561.291
696  rtREV+F+R4    47020.815    202 94445.629    94891.347    95245.231
697  rtREV+F+R5    46928.435    204 94264.871    94724.431    95072.389
698  rtREV+F+R6    46909.749    206 94231.499    94705.299    95046.934
699  rtREV+F+R7    46901.509    208 94219.018    94707.467    95042.370
700  rtREV+F+R8    46901.649    210 94223.298    94726.821    95054.568
703  cpREV         50988.851    177 102331.701   102633.194   103032.342
704  cpREV+I       50171.414    178 100698.828   101005.193   101403.428
705  cpREV+G4      47449.610    178 95255.221    95561.586    95959.820
706  cpREV+I+G4    47349.471    179 95056.941    95368.245    95765.499
707  cpREV+R2      48198.013    179 96754.026    97065.330    97462.584
708  cpREV+R3      47547.398    181 95456.796    95778.182    96173.271
709  cpREV+R4      47376.497    183 95118.994    95450.738    95843.386
710  cpREV+R5      47270.272    185 94910.544    95252.932    95642.852
711  cpREV+R6      47254.161    187 94882.321    95235.648    95622.547
712  cpREV+R7      47241.438    189 94860.877    95225.445    95609.019
713  cpREV+R8      47238.979    191 94859.958    95236.081    95616.017
716  cpREV+F       50851.122    196 102094.245   102500.687   102870.096
717  cpREV+F+I     50031.727    197 100457.453   100870.215   101237.263
718  cpREV+F+G4    47310.040    197 95014.081    95426.843    95793.890
719  cpREV+F+I+G4  47216.356    198 94828.712    95247.882    95612.480
720  cpREV+F+R2    48059.350    198 96514.700    96933.871    97298.468
721  cpREV+F+R3    47415.603    200 95231.206    95663.464    96022.891
722  cpREV+F+R4    47252.694    202 94909.387    95355.105    95708.989
723  cpREV+F+R5    47143.223    204 94694.446    95154.006    95501.964
724  cpREV+F+R6    47127.094    206 94666.188    95139.988    95481.623
725  cpREV+F+R7    47115.666    208 94647.332    95135.782    95470.685
726  cpREV+F+R8    47110.057    210 94640.114    95143.637    95471.383
Model C10 is alias for POISSON+G+FMIX{C10pi1:1:0.1191344178,C10pi2:1:0.0874372456,C10pi3:1:0.1037105070,C10pi4:1:0.0922584809,C10pi5:1:0.1070492801,C10pi6:1:0.1329945166,C10pi7:1:0.0538028458,C10pi8:1:0.0691986212,C10pi9:1:0.1319937434,C10pi10:1:0.1024203429}
729  C10           47008.781    178 94373.561    94679.926    95078.161
Model C20 is alias for POISSON+G+FMIX{C20pi1:1:0.0559910600,C20pi2:1:0.0514824870,C20pi3:1:0.0812922124,C20pi4:1:0.0721976867,C20pi5:1:0.0556718858,C20pi6:1:0.0331003080,C20pi7:1:0.0589501763,C20pi8:1:0.0263756889,C20pi9:1:0.0307584220,C20pi10:1:0.0376701125,C20pi11:1:0.0303058290,C20pi12:1:0.0808775576,C20pi13:1:0.0263349134,C20pi14:1:0.0579101455,C20pi15:1:0.0371248064,C20pi16:1:0.0586867766,C20pi17:1:0.0561479138,C20pi18:1:0.0349810886,C20pi19:1:0.0544937394,C20pi20:1:0.0596471901}
730  C20           46532.370    178 93420.741    93727.106    94125.340
Model C30 is alias for POISSON+G+FMIX{C30pi1:1:0.0095783264,C30pi2:1:0.0248476365,C30pi3:1:0.0636309366,C30pi4:1:0.0537939225,C30pi5:1:0.0295885587,C30pi6:1:0.0117587936,C30pi7:1:0.0132013428,C30pi8:1:0.0236868805,C30pi9:1:0.0261687659,C30pi10:1:0.0239821974,C30pi11:1:0.0257100906,C30pi12:1:0.0465072425,C30pi13:1:0.0546794546,C30pi14:1:0.0536085131,C30pi15:1:0.0270622670,C30pi16:1:0.0403913593,C30pi17:1:0.0474212700,C30pi18:1:0.0458816478,C30pi19:1:0.0214036510,C30pi20:1:0.0290385981,C30pi21:1:0.0123391793,C30pi22:1:0.0569350229,C30pi23:1:0.0419687568,C30pi24:1:0.0339027062,C30pi25:1:0.0388777376,C30pi26:1:0.0196343766,C30pi27:1:0.0233086174,C30pi28:1:0.0622722654,C30pi29:1:0.0184803385,C30pi30:1:0.0203395454}
731  C30           46375.110    178 93106.221    93412.586    93810.821
Model C40 is alias for POISSON+G+FMIX{C40pi1:1:0.0223853788,C40pi2:1:0.0338891820,C40pi3:1:0.0577169375,C40pi4:1:0.0252416233,C40pi5:1:0.0108607921,C40pi6:1:0.0462373793,C40pi7:1:0.0102293175,C40pi8:1:0.0147523625,C40pi9:1:0.0143161352,C40pi10:1:0.0182302541,C40pi11:1:0.0204025079,C40pi12:1:0.0425505156,C40pi13:1:0.0248627269,C40pi14:1:0.0105892988,C40pi15:1:0.0188238725,C40pi16:1:0.0086663445,C40pi17:1:0.0148496147,C40pi18:1:0.0343037402,C40pi19:1:0.0225335203,C40pi20:1:0.0174068578,C40pi21:1:0.0112207827,C40pi22:1:0.0443532245,C40pi23:1:0.0392573370,C40pi24:1:0.0196756555,C40pi25:1:0.0287690328,C40pi26:1:0.0114441177,C40pi27:1:0.0112338740,C40pi28:1:0.0582694099,C40pi29:1:0.0444272279,C40pi30:1:0.0112010942,C40pi31:1:0.0145176111,C40pi32:1:0.0114629026,C40pi33:1:0.0239628061,C40pi34:1:0.0266266492,C40pi35:1:0.0481201159,C40pi36:1:0.0371147423,C40pi37:1:0.0160476688,C40pi38:1:0.0237249267,C40pi39:1:0.0235226203,C40pi40:1:0.0261998398}
732  C40           46280.083    178 92916.165    93222.531    93620.765
Model C50 is alias for POISSON+G+FMIX{C50pi1:1:0.0164297003,C50pi2:1:0.0273175755,C50pi3:1:0.0460247610,C50pi4:1:0.0084864734,C50pi5:1:0.0125389252,C50pi6:1:0.0343549036,C50pi7:1:0.0130241102,C50pi8:1:0.0094755681,C50pi9:1:0.0190040551,C50pi10:1:0.0151902354,C50pi11:1:0.0320534760,C50pi12:1:0.0210059850,C50pi13:1:0.0237408547,C50pi14:1:0.0239841203,C50pi15:1:0.0213748021,C50pi16:1:0.0210717705,C50pi17:1:0.0050241805,C50pi18:1:0.0166262276,C50pi19:1:0.0143945956,C50pi20:1:0.0104391130,C50pi21:1:0.0107628277,C50pi22:1:0.0148818171,C50pi23:1:0.0321480239,C50pi24:1:0.0145477978,C50pi25:1:0.0332355807,C50pi26:1:0.0143190281,C50pi27:1:0.0234478734,C50pi28:1:0.0183044983,C50pi29:1:0.0403269452,C50pi30:1:0.0135629530,C50pi31:1:0.0091880799,C50pi32:1:0.0158270022,C50pi33:1:0.0121019379,C50pi34:1:0.0353560982,C50pi35:1:0.0404495617,C50pi36:1:0.0104569232,C50pi37:1:0.0146187792,C50pi38:1:0.0093984095,C50pi39:1:0.0146773809,C50pi40:1:0.0201635562,C50pi41:1:0.0255640273,C50pi42:1:0.0039486842,C50pi43:1:0.0393652608,C50pi44:1:0.0056415419,C50pi45:1:0.0382833580,C50pi46:1:0.0039735086,C50pi47:1:0.0140269355,C50pi48:1:0.0476703673,C50pi49:1:0.0204062788,C50pi50:1:0.0117835304}
733  C50           46213.999    178 92783.997    93090.363    93488.597
Model C60 is alias for POISSON+G+FMIX{C60pi1:1:0.0169698865,C60pi2:1:0.0211683374,C60pi3:1:0.0276589079,C60pi4:1:0.0065675964,C60pi5:1:0.0141221416,C60pi6:1:0.0068774834,C60pi7:1:0.0146909701,C60pi8:1:0.0067225777,C60pi9:1:0.0018396660,C60pi10:1:0.0102547197,C60pi11:1:0.0230896163,C60pi12:1:0.0057941033,C60pi13:1:0.0125394534,C60pi14:1:0.0204526478,C60pi15:1:0.0070629602,C60pi16:1:0.0117982741,C60pi17:1:0.0068334668,C60pi18:1:0.0433775839,C60pi19:1:0.0318278731,C60pi20:1:0.0222546108,C60pi21:1:0.0102264969,C60pi22:1:0.0150545891,C60pi23:1:0.0134159878,C60pi24:1:0.0148552065,C60pi25:1:0.0239111516,C60pi26:1:0.0128776278,C60pi27:1:0.0222318842,C60pi28:1:0.0247444742,C60pi29:1:0.0214274810,C60pi30:1:0.0115001882,C60pi31:1:0.0076017389,C60pi32:1:0.0130258568,C60pi33:1:0.0093701965,C60pi34:1:0.0467194264,C60pi35:1:0.0441940314,C60pi36:1:0.0322263154,C60pi37:1:0.0402999891,C60pi38:1:0.0150234227,C60pi39:1:0.0104589903,C60pi40:1:0.0214742395,C60pi41:1:0.0154957836,C60pi42:1:0.0101789953,C60pi43:1:0.0227980379,C60pi44:1:0.0123204539,C60pi45:1:0.0066777583,C60pi46:1:0.0004150083,C60pi47:1:0.0344385130,C60pi48:1:0.0113663379,C60pi49:1:0.0127143049,C60pi50:1:0.0124323741,C60pi51:1:0.0262124415,C60pi52:1:0.0064994957,C60pi53:1:0.0103203293,C60pi54:1:0.0142463512,C60pi55:1:0.0215600067,C60pi56:1:0.0199150700,C60pi57:1:0.0038964200,C60pi58:1:0.0113448855,C60pi59:1:0.0128595846,C60pi60:1:0.0117656776}
WARNING: Your input class weight 0.000415008 is very small and may cause numerical issues
734  C60           46212.470    178 92780.940    93087.306    93485.540
Model EX2 is alias for MIX{BurEX2:0.672020808818762,ExpEX2:1.6413466609931}
WARNING: Normalizing state frequencies so that sum of them equals to 1
735  EX2           48155.277    178 96666.554    96972.920    97371.154
Model EX3 is alias for MIX{BurEX3:0.427672756793791,IntEX3:0.837595938019774,HExEX3:1.51863631431518}
WARNING: Normalizing state frequencies so that sum of them equals to 1
WARNING: Normalizing state frequencies so that sum of them equals to 1
736  EX3           47610.027    179 95578.054    95889.359    96286.612
Model EHO is alias for MIX{ExtEHO:0.720274356,HelEHO:0.976798797,OthEHO:0.783109376}
WARNING: Normalizing state frequencies so that sum of them equals to 1
WARNING: Normalizing state frequencies so that sum of them equals to 1
WARNING: Normalizing state frequencies so that sum of them equals to 1
737  EHO           49830.246    179 100018.491   100329.796   100727.049
Model UL2 is alias for MIX{M1_UL2:0.581348617,M2_UL2:1.465482789}
WARNING: Normalizing state frequencies so that sum of them equals to 1
738  UL2           48173.779    178 96703.557    97009.923    97408.157
Model UL3 is alias for MIX{Q1_UL3:0.484340397,Q2_UL3:0.492780514,Q3_UL3:1.15597274}
WARNING: Normalizing state frequencies so that sum of them equals to 1
WARNING: Normalizing state frequencies so that sum of them equals to 1
739  UL3           50025.224    179 100408.447   100719.751   101117.005
Model EX_EHO is alias for MIX{BUR_EXT:0.761816796788931,BUR_HEL:0.744425646802117,BUR_OTH:0.532457759429489,EXP_EXT:1.5639387472863,EXP_HEL:2.06403411829438,EXP_OTH:1.43336795177594}
WARNING: Normalizing state frequencies so that sum of them equals to 1
WARNING: Normalizing state frequencies so that sum of them equals to 1
WARNING: Normalizing state frequencies so that sum of them equals to 1
740  EX_EHO        47455.424    182 95274.847    95601.377    95995.281
Model LG4M is alias for MIX{LG4M1,LG4M2,LG4M3,LG4M4}*G4
741  LG4M          46689.736    178 93735.472    94041.837    94440.071
Model LG4X is alias for MIX{LG4X1,LG4X2,LG4X3,LG4X4}*R4
742  LG4X          46677.167    183 93720.334    94052.078    94444.726
Model CF4 is alias for POISSON+FMIX{Fclass1,Fclass2,Fclass3,Fclass4}+F+G
WARNING: Normalizing State frequencies so that sum of them equals to 1
WARNING: Normalizing State frequencies so that sum of them equals to 1
WARNING: Normalizing State frequencies so that sum of them equals to 1
WARNING: Normalizing State frequencies so that sum of them equals to 1
743  CF4           49084.372    201 98570.744    99009.685    99366.388
Model LG+C10 is alias for LG+POISSON+G+FMIX{C10pi1:1:0.1191344178,C10pi2:1:0.0874372456,C10pi3:1:0.1037105070,C10pi4:1:0.0922584809,C10pi5:1:0.1070492801,C10pi6:1:0.1329945166,C10pi7:1:0.0538028458,C10pi8:1:0.0691986212,C10pi9:1:0.1319937434,C10pi10:1:0.1024203429}
744  LG+C10        46714.617    178 93785.235    94091.600    94489.834
Model LG+C20 is alias for LG+POISSON+G+FMIX{C20pi1:1:0.0559910600,C20pi2:1:0.0514824870,C20pi3:1:0.0812922124,C20pi4:1:0.0721976867,C20pi5:1:0.0556718858,C20pi6:1:0.0331003080,C20pi7:1:0.0589501763,C20pi8:1:0.0263756889,C20pi9:1:0.0307584220,C20pi10:1:0.0376701125,C20pi11:1:0.0303058290,C20pi12:1:0.0808775576,C20pi13:1:0.0263349134,C20pi14:1:0.0579101455,C20pi15:1:0.0371248064,C20pi16:1:0.0586867766,C20pi17:1:0.0561479138,C20pi18:1:0.0349810886,C20pi19:1:0.0544937394,C20pi20:1:0.0596471901}
745  LG+C20        46383.938    178 93123.875    93430.241    93828.475
Model LG+C30 is alias for LG+POISSON+G+FMIX{C30pi1:1:0.0095783264,C30pi2:1:0.0248476365,C30pi3:1:0.0636309366,C30pi4:1:0.0537939225,C30pi5:1:0.0295885587,C30pi6:1:0.0117587936,C30pi7:1:0.0132013428,C30pi8:1:0.0236868805,C30pi9:1:0.0261687659,C30pi10:1:0.0239821974,C30pi11:1:0.0257100906,C30pi12:1:0.0465072425,C30pi13:1:0.0546794546,C30pi14:1:0.0536085131,C30pi15:1:0.0270622670,C30pi16:1:0.0403913593,C30pi17:1:0.0474212700,C30pi18:1:0.0458816478,C30pi19:1:0.0214036510,C30pi20:1:0.0290385981,C30pi21:1:0.0123391793,C30pi22:1:0.0569350229,C30pi23:1:0.0419687568,C30pi24:1:0.0339027062,C30pi25:1:0.0388777376,C30pi26:1:0.0196343766,C30pi27:1:0.0233086174,C30pi28:1:0.0622722654,C30pi29:1:0.0184803385,C30pi30:1:0.0203395454}
746  LG+C30        46199.875    178 92755.750    93062.116    93460.350
Model LG+C40 is alias for LG+POISSON+G+FMIX{C40pi1:1:0.0223853788,C40pi2:1:0.0338891820,C40pi3:1:0.0577169375,C40pi4:1:0.0252416233,C40pi5:1:0.0108607921,C40pi6:1:0.0462373793,C40pi7:1:0.0102293175,C40pi8:1:0.0147523625,C40pi9:1:0.0143161352,C40pi10:1:0.0182302541,C40pi11:1:0.0204025079,C40pi12:1:0.0425505156,C40pi13:1:0.0248627269,C40pi14:1:0.0105892988,C40pi15:1:0.0188238725,C40pi16:1:0.0086663445,C40pi17:1:0.0148496147,C40pi18:1:0.0343037402,C40pi19:1:0.0225335203,C40pi20:1:0.0174068578,C40pi21:1:0.0112207827,C40pi22:1:0.0443532245,C40pi23:1:0.0392573370,C40pi24:1:0.0196756555,C40pi25:1:0.0287690328,C40pi26:1:0.0114441177,C40pi27:1:0.0112338740,C40pi28:1:0.0582694099,C40pi29:1:0.0444272279,C40pi30:1:0.0112010942,C40pi31:1:0.0145176111,C40pi32:1:0.0114629026,C40pi33:1:0.0239628061,C40pi34:1:0.0266266492,C40pi35:1:0.0481201159,C40pi36:1:0.0371147423,C40pi37:1:0.0160476688,C40pi38:1:0.0237249267,C40pi39:1:0.0235226203,C40pi40:1:0.0261998398}
747  LG+C40        46099.900    178 92555.800    92862.165    93260.399
Model LG+C50 is alias for LG+POISSON+G+FMIX{C50pi1:1:0.0164297003,C50pi2:1:0.0273175755,C50pi3:1:0.0460247610,C50pi4:1:0.0084864734,C50pi5:1:0.0125389252,C50pi6:1:0.0343549036,C50pi7:1:0.0130241102,C50pi8:1:0.0094755681,C50pi9:1:0.0190040551,C50pi10:1:0.0151902354,C50pi11:1:0.0320534760,C50pi12:1:0.0210059850,C50pi13:1:0.0237408547,C50pi14:1:0.0239841203,C50pi15:1:0.0213748021,C50pi16:1:0.0210717705,C50pi17:1:0.0050241805,C50pi18:1:0.0166262276,C50pi19:1:0.0143945956,C50pi20:1:0.0104391130,C50pi21:1:0.0107628277,C50pi22:1:0.0148818171,C50pi23:1:0.0321480239,C50pi24:1:0.0145477978,C50pi25:1:0.0332355807,C50pi26:1:0.0143190281,C50pi27:1:0.0234478734,C50pi28:1:0.0183044983,C50pi29:1:0.0403269452,C50pi30:1:0.0135629530,C50pi31:1:0.0091880799,C50pi32:1:0.0158270022,C50pi33:1:0.0121019379,C50pi34:1:0.0353560982,C50pi35:1:0.0404495617,C50pi36:1:0.0104569232,C50pi37:1:0.0146187792,C50pi38:1:0.0093984095,C50pi39:1:0.0146773809,C50pi40:1:0.0201635562,C50pi41:1:0.0255640273,C50pi42:1:0.0039486842,C50pi43:1:0.0393652608,C50pi44:1:0.0056415419,C50pi45:1:0.0382833580,C50pi46:1:0.0039735086,C50pi47:1:0.0140269355,C50pi48:1:0.0476703673,C50pi49:1:0.0204062788,C50pi50:1:0.0117835304}
748  LG+C50        46033.577    178 92423.154    92729.519    93127.753
Model LG+C60 is alias for LG+POISSON+G+FMIX{C60pi1:1:0.0169698865,C60pi2:1:0.0211683374,C60pi3:1:0.0276589079,C60pi4:1:0.0065675964,C60pi5:1:0.0141221416,C60pi6:1:0.0068774834,C60pi7:1:0.0146909701,C60pi8:1:0.0067225777,C60pi9:1:0.0018396660,C60pi10:1:0.0102547197,C60pi11:1:0.0230896163,C60pi12:1:0.0057941033,C60pi13:1:0.0125394534,C60pi14:1:0.0204526478,C60pi15:1:0.0070629602,C60pi16:1:0.0117982741,C60pi17:1:0.0068334668,C60pi18:1:0.0433775839,C60pi19:1:0.0318278731,C60pi20:1:0.0222546108,C60pi21:1:0.0102264969,C60pi22:1:0.0150545891,C60pi23:1:0.0134159878,C60pi24:1:0.0148552065,C60pi25:1:0.0239111516,C60pi26:1:0.0128776278,C60pi27:1:0.0222318842,C60pi28:1:0.0247444742,C60pi29:1:0.0214274810,C60pi30:1:0.0115001882,C60pi31:1:0.0076017389,C60pi32:1:0.0130258568,C60pi33:1:0.0093701965,C60pi34:1:0.0467194264,C60pi35:1:0.0441940314,C60pi36:1:0.0322263154,C60pi37:1:0.0402999891,C60pi38:1:0.0150234227,C60pi39:1:0.0104589903,C60pi40:1:0.0214742395,C60pi41:1:0.0154957836,C60pi42:1:0.0101789953,C60pi43:1:0.0227980379,C60pi44:1:0.0123204539,C60pi45:1:0.0066777583,C60pi46:1:0.0004150083,C60pi47:1:0.0344385130,C60pi48:1:0.0113663379,C60pi49:1:0.0127143049,C60pi50:1:0.0124323741,C60pi51:1:0.0262124415,C60pi52:1:0.0064994957,C60pi53:1:0.0103203293,C60pi54:1:0.0142463512,C60pi55:1:0.0215600067,C60pi56:1:0.0199150700,C60pi57:1:0.0038964200,C60pi58:1:0.0113448855,C60pi59:1:0.0128595846,C60pi60:1:0.0117656776}
WARNING: Your input class weight 0.000415008 is very small and may cause numerical issues
749  LG+C60        46036.404    178 92428.807    92735.173    93133.407
Akaike Information Criterion:           LG+C50
Corrected Akaike Information Criterion: LG+C50
Bayesian Information Criterion:         LG+C50
Best-fit model: LG+C50 chosen according to BIC

All model information printed to iqtree_gene_trees/COG1125.model.gz
CPU time for ModelFinder: 14055.457 seconds (3h:54m:15s)
Wall-clock time for ModelFinder: 1414.706 seconds (0h:23m:34s)
Generating 1000 samples for ultrafast bootstrap (seed: 475705)...
Model LG+C50 is alias for LG+POISSON+G+FMIX{C50pi1:1:0.0164297003,C50pi2:1:0.0273175755,C50pi3:1:0.0460247610,C50pi4:1:0.0084864734,C50pi5:1:0.0125389252,C50pi6:1:0.0343549036,C50pi7:1:0.0130241102,C50pi8:1:0.0094755681,C50pi9:1:0.0190040551,C50pi10:1:0.0151902354,C50pi11:1:0.0320534760,C50pi12:1:0.0210059850,C50pi13:1:0.0237408547,C50pi14:1:0.0239841203,C50pi15:1:0.0213748021,C50pi16:1:0.0210717705,C50pi17:1:0.0050241805,C50pi18:1:0.0166262276,C50pi19:1:0.0143945956,C50pi20:1:0.0104391130,C50pi21:1:0.0107628277,C50pi22:1:0.0148818171,C50pi23:1:0.0321480239,C50pi24:1:0.0145477978,C50pi25:1:0.0332355807,C50pi26:1:0.0143190281,C50pi27:1:0.0234478734,C50pi28:1:0.0183044983,C50pi29:1:0.0403269452,C50pi30:1:0.0135629530,C50pi31:1:0.0091880799,C50pi32:1:0.0158270022,C50pi33:1:0.0121019379,C50pi34:1:0.0353560982,C50pi35:1:0.0404495617,C50pi36:1:0.0104569232,C50pi37:1:0.0146187792,C50pi38:1:0.0093984095,C50pi39:1:0.0146773809,C50pi40:1:0.0201635562,C50pi41:1:0.0255640273,C50pi42:1:0.0039486842,C50pi43:1:0.0393652608,C50pi44:1:0.0056415419,C50pi45:1:0.0382833580,C50pi46:1:0.0039735086,C50pi47:1:0.0140269355,C50pi48:1:0.0476703673,C50pi49:1:0.0204062788,C50pi50:1:0.0117835304}

NOTE: 1103 MB RAM (1 GB) is required!
Estimate model parameters (epsilon = 0.100)
1. Initial log-likelihood: -46033.577
Optimal log-likelihood: -46033.552
Mixture weights: 0.016 0.027 0.046 0.008 0.013 0.034 0.013 0.009 0.019 0.015 0.032 0.021 0.024 0.024 0.021 0.021 0.005 0.017 0.014 0.010 0.011 0.015 0.032 0.015 0.033 0.014 0.023 0.018 0.040 0.014 0.009 0.016 0.012 0.035 0.040 0.010 0.015 0.009 0.015 0.020 0.026 0.004 0.039 0.006 0.038 0.004 0.014 0.048 0.020 0.012
Gamma shape alpha: 0.718
Parameters optimization took 1 rounds (4.415 sec)
Wrote distance file to... 
Computing ML distances based on estimated model parameters...
Calculating distance matrix: done in 0.267591 secs using 980.1% CPU
Computing ML distances took 0.268140 sec (of wall-clock time) 2.625892 sec (of CPU time)
Setting up auxiliary I and S matrices: done in 0.00222261 secs using 435% CPU
Constructing RapidNJ tree: done in 0.100302 secs using 276.1% CPU
Computing RapidNJ tree took 0.102686 sec (of wall-clock time) 0.287254 sec (of CPU time)
Log-likelihood of RapidNJ tree: -46117.695
--------------------------------------------------------------------
|             INITIALIZING CANDIDATE TREE SET                      |
--------------------------------------------------------------------
Generating 98 parsimony trees... 4.513 second
Computing log-likelihood of 98 initial trees ... 159.867 seconds
Current best score: -46033.552

Do NNI search on 20 best initial trees
Optimizing NNI: done in 30.3576 secs using 992.9% CPU
Estimate model parameters (epsilon = 0.100)
BETTER TREE FOUND at iteration 1: -45986.893
Optimizing NNI: done in 33.0422 secs using 992.5% CPU
Optimizing NNI: done in 31.7599 secs using 990.7% CPU
Estimate model parameters (epsilon = 0.100)
BETTER TREE FOUND at iteration 3: -45979.368
Optimizing NNI: done in 57.0805 secs using 990.4% CPU
Estimate model parameters (epsilon = 0.100)
BETTER TREE FOUND at iteration 4: -45968.287
Optimizing NNI: done in 33.5039 secs using 990.7% CPU
Optimizing NNI: done in 32.7948 secs using 990.9% CPU
Optimizing NNI: done in 41.6024 secs using 990.1% CPU
Optimizing NNI: done in 45.4532 secs using 990.6% CPU
Estimate model parameters (epsilon = 0.100)
BETTER TREE FOUND at iteration 8: -45956.527
Optimizing NNI: done in 40.154 secs using 989.3% CPU
Optimizing NNI: done in 47.759 secs using 988.8% CPU
Iteration 10 / LogL: -45979.984 / Time: 0h:10m:5s
Optimizing NNI: done in 35.6062 secs using 989.7% CPU
Optimizing NNI: done in 49.4033 secs using 991.6% CPU
Optimizing NNI: done in 31.8344 secs using 992.3% CPU
Optimizing NNI: done in 41.7377 secs using 991.7% CPU
Optimizing NNI: done in 43.4887 secs using 991.9% CPU
Estimate model parameters (epsilon = 0.100)
BETTER TREE FOUND at iteration 15: -45945.776
Optimizing NNI: done in 39.0566 secs using 989.3% CPU
Optimizing NNI: done in 37.0047 secs using 990.6% CPU
Optimizing NNI: done in 46.3708 secs using 989.9% CPU
Optimizing NNI: done in 56.0796 secs using 992.1% CPU
Optimizing NNI: done in 58.3702 secs using 992.8% CPU
Iteration 20 / LogL: -45970.830 / Time: 0h:17m:37s
Finish initializing candidate tree set (20)
Current best tree score: -45945.776 / CPU time: 1038.052
Number of iterations: 20
--------------------------------------------------------------------
|               OPTIMIZING CANDIDATE TREE SET                      |
--------------------------------------------------------------------
Optimizing NNI: done in 42.9854 secs using 990.1% CPU
Optimizing NNI: done in 45.9515 secs using 990.4% CPU
Optimizing NNI: done in 44.8758 secs using 990.5% CPU
Optimizing NNI: done in 31.5658 secs using 990.2% CPU
Optimizing NNI: done in 27.5592 secs using 989.3% CPU
Estimate model parameters (epsilon = 0.100)
BETTER TREE FOUND at iteration 25: -45944.050
Optimizing NNI: done in 27.0948 secs using 990.8% CPU
Optimizing NNI: done in 37.7703 secs using 989.5% CPU
Estimate model parameters (epsilon = 0.100)
BETTER TREE FOUND at iteration 27: -45940.998
Optimizing NNI: done in 36.1371 secs using 990.3% CPU
Optimizing NNI: done in 24.9969 secs using 991.2% CPU
Estimate model parameters (epsilon = 0.100)
BETTER TREE FOUND at iteration 29: -45937.991
Optimizing NNI: done in 31.3766 secs using 990.2% CPU
Iteration 30 / LogL: -45943.171 / Time: 0h:23m:46s (1h:21m:11s left)
Optimizing NNI: done in 39.5065 secs using 991.3% CPU
Optimizing NNI: done in 32.2029 secs using 991.4% CPU
Optimizing NNI: done in 26.8237 secs using 990.5% CPU
Optimizing NNI: done in 33.7615 secs using 991.4% CPU
Optimizing NNI: done in 45.2575 secs using 990.4% CPU
Optimizing NNI: done in 41.7038 secs using 991.4% CPU
Optimizing NNI: done in 40.5473 secs using 988.8% CPU
Estimate model parameters (epsilon = 0.100)
BETTER TREE FOUND at iteration 37: -45937.954
Optimizing NNI: done in 40.6496 secs using 990.7% CPU
Optimizing NNI: done in 39.1434 secs using 989.8% CPU
Optimizing NNI: done in 29.7555 secs using 990.6% CPU
Iteration 40 / LogL: -45939.897 / Time: 0h:30m:3s (1h:14m:45s left)
Optimizing NNI: done in 36.2548 secs using 991% CPU
Optimizing NNI: done in 31.1441 secs using 991.2% CPU
Optimizing NNI: done in 28.3187 secs using 991.1% CPU
Optimizing NNI: done in 30.7041 secs using 991.9% CPU
Optimizing NNI: done in 33.0463 secs using 991.1% CPU
Optimizing NNI: done in 34.1999 secs using 989.5% CPU
Estimate model parameters (epsilon = 0.100)
BETTER TREE FOUND at iteration 46: -45934.881
Optimizing NNI: done in 37.649 secs using 989.4% CPU
Optimizing NNI: done in 30.2502 secs using 987.7% CPU
Optimizing NNI: done in 32.9356 secs using 987.8% CPU
Optimizing NNI: done in 29.6184 secs using 989.7% CPU
Iteration 50 / LogL: -45941.059 / Time: 0h:35m:35s (1h:9m:42s left)
Log-likelihood cutoff on original alignment: -46002.470
UFBoot trees printed to iqtree_gene_trees/COG1125.ufboot
Optimizing NNI: done in 33.8423 secs using 989.5% CPU
Optimizing NNI: done in 32.356 secs using 991.8% CPU
Optimizing NNI: done in 31.4596 secs using 990.8% CPU
Optimizing NNI: done in 47.607 secs using 990.6% CPU
Optimizing NNI: done in 31.6652 secs using 991.3% CPU
Optimizing NNI: done in 40.68 secs using 990% CPU
Optimizing NNI: done in 32.6541 secs using 987.4% CPU
Optimizing NNI: done in 36.1827 secs using 986.2% CPU
Optimizing NNI: done in 33.2171 secs using 988.7% CPU
Optimizing NNI: done in 35.2386 secs using 988.4% CPU
Iteration 60 / LogL: -45939.796 / Time: 0h:41m:34s (1h:0m:35s left)
Optimizing NNI: done in 26.5697 secs using 988.7% CPU
Optimizing NNI: done in 32.4768 secs using 988.5% CPU
Optimizing NNI: done in 35.5481 secs using 989.7% CPU
Optimizing NNI: done in 31.7268 secs using 987.8% CPU
Optimizing NNI: done in 42.2682 secs using 989.1% CPU
Optimizing NNI: done in 50.7741 secs using 988.1% CPU
Optimizing NNI: done in 36.1883 secs using 990% CPU
Optimizing NNI: done in 49.1743 secs using 990.7% CPU
Optimizing NNI: done in 32.2526 secs using 989.7% CPU
Optimizing NNI: done in 33.5136 secs using 987.5% CPU
Iteration 70 / LogL: -45948.074 / Time: 0h:47m:48s (0h:52m:38s left)
Optimizing NNI: done in 35.7172 secs using 988.8% CPU
Optimizing NNI: done in 36.4626 secs using 990.9% CPU
Optimizing NNI: done in 33.8806 secs using 991.7% CPU
Optimizing NNI: done in 32.5013 secs using 991.1% CPU
Optimizing NNI: done in 30.3913 secs using 991.9% CPU
Optimizing NNI: done in 28.7383 secs using 989.7% CPU
Optimizing NNI: done in 31.086 secs using 991% CPU
Optimizing NNI: done in 29.2459 secs using 990.3% CPU
Optimizing NNI: done in 32.1385 secs using 990% CPU
Optimizing NNI: done in 28.4648 secs using 989.9% CPU
Iteration 80 / LogL: -45944.509 / Time: 0h:53m:9s (0h:44m:24s left)
Optimizing NNI: done in 34.4058 secs using 990.9% CPU
Optimizing NNI: done in 27.7478 secs using 990.8% CPU
Optimizing NNI: done in 30.0135 secs using 990.4% CPU
Optimizing NNI: done in 34.8757 secs using 991% CPU
Optimizing NNI: done in 30.6051 secs using 990.3% CPU
Optimizing NNI: done in 32.0903 secs using 989% CPU
Optimizing NNI: done in 27.1092 secs using 991.8% CPU
Optimizing NNI: done in 30.2048 secs using 992.1% CPU
Optimizing NNI: done in 30.7463 secs using 990.3% CPU
Optimizing NNI: done in 44.801 secs using 989.5% CPU
Iteration 90 / LogL: -45935.744 / Time: 0h:58m:35s (0h:36m:52s left)
Optimizing NNI: done in 33.6667 secs using 989.9% CPU
Estimate model parameters (epsilon = 0.100)
BETTER TREE FOUND at iteration 91: -45934.815
Optimizing NNI: done in 35.5389 secs using 987.9% CPU
Estimate model parameters (epsilon = 0.100)
UPDATE BEST LOG-LIKELIHOOD: -45934.734
Optimizing NNI: done in 37.922 secs using 990.3% CPU
Optimizing NNI: done in 36.2131 secs using 991.4% CPU
Optimizing NNI: done in 37.2739 secs using 990.9% CPU
Optimizing NNI: done in 39.1373 secs using 993.2% CPU
Optimizing NNI: done in 31.2024 secs using 991.4% CPU
Optimizing NNI: done in 35.2925 secs using 990.2% CPU
Optimizing NNI: done in 31.8246 secs using 991.9% CPU
Optimizing NNI: done in 35.8583 secs using 993.1% CPU
Iteration 100 / LogL: -45935.902 / Time: 1h:4m:40s (0h:59m:26s left)
Log-likelihood cutoff on original alignment: -46002.470
NOTE: Bootstrap correlation coefficient of split occurrence frequencies: 0.997
UFBoot trees printed to iqtree_gene_trees/COG1125.ufboot
Optimizing NNI: done in 28.8013 secs using 989.6% CPU
Optimizing NNI: done in 56.6413 secs using 991.6% CPU
Optimizing NNI: done in 33.3096 secs using 989.1% CPU
Optimizing NNI: done in 28.1468 secs using 991.1% CPU
Optimizing NNI: done in 33.6242 secs using 991.6% CPU
Optimizing NNI: done in 36.5526 secs using 990% CPU
Optimizing NNI: done in 32.8493 secs using 989.8% CPU
Optimizing NNI: done in 32.8543 secs using 989.9% CPU
Optimizing NNI: done in 34.1553 secs using 989.8% CPU
Optimizing NNI: done in 40.353 secs using 990.6% CPU
Iteration 110 / LogL: -45935.522 / Time: 1h:10m:42s (0h:58m:22s left)
Optimizing NNI: done in 36.9363 secs using 990.4% CPU
Optimizing NNI: done in 33.68 secs using 990.4% CPU
Optimizing NNI: done in 36.0584 secs using 990.8% CPU
Optimizing NNI: done in 32.5686 secs using 991% CPU
Optimizing NNI: done in 30.9608 secs using 990.9% CPU
Optimizing NNI: done in 39.3632 secs using 990.6% CPU
Optimizing NNI: done in 26.4938 secs using 989.4% CPU
Optimizing NNI: done in 26.5617 secs using 991.8% CPU
Optimizing NNI: done in 38.5886 secs using 991.7% CPU
Optimizing NNI: done in 32.3031 secs using 991.4% CPU
Iteration 120 / LogL: -45935.544 / Time: 1h:16m:19s (0h:51m:18s left)
Optimizing NNI: done in 34.1149 secs using 990.9% CPU
Optimizing NNI: done in 26.8931 secs using 990.7% CPU
Optimizing NNI: done in 30.1565 secs using 991% CPU
Optimizing NNI: done in 34.5412 secs using 990.8% CPU
Optimizing NNI: done in 35.4489 secs using 989.6% CPU
Optimizing NNI: done in 27.3046 secs using 992.4% CPU
Optimizing NNI: done in 34.5772 secs using 992% CPU
Optimizing NNI: done in 45.6746 secs using 993.4% CPU
Optimizing NNI: done in 39.9812 secs using 992.8% CPU
Optimizing NNI: done in 31.8032 secs using 993.9% CPU
Iteration 130 / LogL: -45937.349 / Time: 1h:22m:2s (0h:44m:31s left)
Optimizing NNI: done in 30.2205 secs using 991.8% CPU
Optimizing NNI: done in 26.5788 secs using 992.4% CPU
Optimizing NNI: done in 24.4425 secs using 992.6% CPU
Optimizing NNI: done in 24.878 secs using 992.7% CPU
Optimizing NNI: done in 36.3036 secs using 993.6% CPU
Optimizing NNI: done in 39.5065 secs using 992.7% CPU
Optimizing NNI: done in 32.7479 secs using 992.3% CPU
Optimizing NNI: done in 32.1053 secs using 993% CPU
Optimizing NNI: done in 40.6397 secs using 993.5% CPU
Optimizing NNI: done in 29.1007 secs using 992.1% CPU
Iteration 140 / LogL: -45942.601 / Time: 1h:27m:22s (0h:37m:43s left)
Optimizing NNI: done in 33.0026 secs using 989.7% CPU
Optimizing NNI: done in 44.0224 secs using 989.5% CPU
Optimizing NNI: done in 29.4792 secs using 990.4% CPU
Optimizing NNI: done in 49.092 secs using 989.7% CPU
Optimizing NNI: done in 36.2931 secs using 989.6% CPU
Optimizing NNI: done in 32.6483 secs using 989.7% CPU
Optimizing NNI: done in 30.1044 secs using 990% CPU
Optimizing NNI: done in 39.6139 secs using 990.9% CPU
Optimizing NNI: done in 36.2007 secs using 989.6% CPU
Optimizing NNI: done in 35.9254 secs using 989.2% CPU
Iteration 150 / LogL: -45936.898 / Time: 1h:33m:32s (0h:31m:23s left)
Log-likelihood cutoff on original alignment: -46002.470
UFBoot trees printed to iqtree_gene_trees/COG1125.ufboot
Optimizing NNI: done in 34.3314 secs using 990.3% CPU
Optimizing NNI: done in 44.1274 secs using 990.4% CPU
Optimizing NNI: done in 27.1532 secs using 991.1% CPU
Optimizing NNI: done in 34.1102 secs using 991% CPU
Optimizing NNI: done in 25.2927 secs using 990.9% CPU
Optimizing NNI: done in 29.4681 secs using 989.8% CPU
Optimizing NNI: done in 45.2394 secs using 989.2% CPU
Optimizing NNI: done in 31.8343 secs using 988.8% CPU
Optimizing NNI: done in 29.6038 secs using 991.2% CPU
Optimizing NNI: done in 26.3576 secs using 989.8% CPU
Iteration 160 / LogL: -45935.896 / Time: 1h:39m:4s (0h:24m:55s left)
Optimizing NNI: done in 26.5067 secs using 990.2% CPU
Optimizing NNI: done in 32.6266 secs using 987.5% CPU
Optimizing NNI: done in 29.9293 secs using 989.6% CPU
Optimizing NNI: done in 32.6957 secs using 989.8% CPU
Optimizing NNI: done in 32.0876 secs using 989.7% CPU
Optimizing NNI: done in 34.9983 secs using 987.5% CPU
Optimizing NNI: done in 36.6791 secs using 987.5% CPU
Optimizing NNI: done in 35.8307 secs using 988.3% CPU
Optimizing NNI: done in 40.4379 secs using 990% CPU
Optimizing NNI: done in 34.3672 secs using 990.1% CPU
Iteration 170 / LogL: -45934.855 / Time: 1h:44m:43s (0h:18m:35s left)
Optimizing NNI: done in 31.0821 secs using 988.9% CPU
Optimizing NNI: done in 35.4006 secs using 991.1% CPU
Optimizing NNI: done in 28.8191 secs using 986.7% CPU
Optimizing NNI: done in 26.3269 secs using 990.1% CPU
Optimizing NNI: done in 31.3927 secs using 990.8% CPU
Optimizing NNI: done in 29.2023 secs using 991.9% CPU
Optimizing NNI: done in 39.6065 secs using 991.1% CPU
Optimizing NNI: done in 24.9275 secs using 988.7% CPU
Optimizing NNI: done in 28.6459 secs using 990% CPU
Optimizing NNI: done in 32.853 secs using 990.7% CPU
Iteration 180 / LogL: -45942.244 / Time: 1h:49m:55s (0h:12m:16s left)
Optimizing NNI: done in 38.387 secs using 990.8% CPU
Optimizing NNI: done in 33.2285 secs using 990.1% CPU
Optimizing NNI: done in 34.009 secs using 990.5% CPU
Optimizing NNI: done in 31.6746 secs using 992% CPU
Optimizing NNI: done in 29.8267 secs using 990.3% CPU
Optimizing NNI: done in 35.851 secs using 990.5% CPU
Optimizing NNI: done in 30.7874 secs using 990.5% CPU
Optimizing NNI: done in 35.6503 secs using 992.5% CPU
Optimizing NNI: done in 35.6137 secs using 990.3% CPU
Optimizing NNI: done in 33.0102 secs using 990.9% CPU
Iteration 190 / LogL: -45937.372 / Time: 1h:55m:36s (0h:6m:7s left)
Optimizing NNI: done in 35.4387 secs using 989.4% CPU
Optimizing NNI: done in 41.533 secs using 991.2% CPU
TREE SEARCH COMPLETED AFTER 192 ITERATIONS / Time: 1h:56m:54s

--------------------------------------------------------------------
|                    FINALIZING TREE SEARCH                        |
--------------------------------------------------------------------
Performs final model parameters optimization
Estimate model parameters (epsilon = 0.010)
1. Initial log-likelihood: -45934.734
Optimal log-likelihood: -45934.733
Mixture weights: 0.016 0.027 0.046 0.008 0.013 0.034 0.013 0.009 0.019 0.015 0.032 0.021 0.024 0.024 0.021 0.021 0.005 0.017 0.014 0.010 0.011 0.015 0.032 0.015 0.033 0.014 0.023 0.018 0.040 0.014 0.009 0.016 0.012 0.035 0.040 0.010 0.015 0.009 0.015 0.020 0.026 0.004 0.039 0.006 0.038 0.004 0.014 0.048 0.020 0.012
Gamma shape alpha: 0.761
Parameters optimization took 1 rounds (4.207 sec)
BEST SCORE FOUND : -45934.733
Creating bootstrap support values...
Split supports printed to NEXUS file iqtree_gene_trees/COG1125.splits.nex
Total tree length: 77.989

Total number of iterations: 192
CPU time used for tree search: 69024.897 sec (19h:10m:24s)
Wall-clock time used for tree search: 6995.236 sec (1h:56m:35s)
Total CPU time used: 69250.773 sec (19h:14m:10s)
Total wall-clock time used: 7019.203 sec (1h:56m:59s)
UFBoot trees printed to iqtree_gene_trees/COG1125.ufboot

Computing bootstrap consensus tree...
Reading input file iqtree_gene_trees/COG1125.splits.nex...
90 taxa and 802 splits.
Consensus tree written to iqtree_gene_trees/COG1125.contree
Reading input trees file iqtree_gene_trees/COG1125.contree
Log-likelihood of consensus tree: -45934.733

Analysis results written to: 
  IQ-TREE report:                iqtree_gene_trees/COG1125.iqtree
  Maximum-likelihood tree:       iqtree_gene_trees/COG1125.treefile
  Likelihood distances:          iqtree_gene_trees/COG1125.mldist

Ultrafast bootstrap approximation results written to:
  Split support values:          iqtree_gene_trees/COG1125.splits.nex
  Consensus tree:                iqtree_gene_trees/COG1125.contree
  UFBoot trees:                  iqtree_gene_trees/COG1125.ufboot
  Screen log file:               iqtree_gene_trees/COG1125.log

ALISIM COMMAND
--------------
Currently, we only support exporting AliSim commands from common models of DNA, Protein, Binary, and Morphological data. To simulate data from other models (mixture, lie-markov, etc), please refer to the User Manual of AliSim. Thanks!

Date and Time: Fri Apr  7 17:45:59 2023
