IQ-TREE multicore version 2.2.0.3 COVID-edition for Linux 64-bit built May 11 2022
Developed by Bui Quang Minh, James Barbetti, Nguyen Lam Tung,
Olga Chernomor, Heiko Schmidt, Dominik Schrempf, Michael Woodhams, Ly Trong Nhan.

Host:    deming (AVX512, FMA3, 1511 GB RAM)
Command: iqtree -s gene_alignments/trimmed_COG1567.afa -m MFP -bb 1000 -wbtl -ntmax 10 -nt AUTO -T 10 --prefix /researchdrive/zhongj2/tree-reconciliation/iqtree_gene_trees/COG1567 -madd C10,C20,C30,C40,C50,C60,EX2,EX3,EHO,UL2,UL3,EX_EHO,LG4M,LG4X,CF4 -mrate E,I,G,I+G,R
Seed:    742601 (Using SPRNG - Scalable Parallel Random Number Generator)
Time:    Sun Apr  2 01:50:10 2023
Kernel:  AVX+FMA - 10 threads (128 CPU cores detected)

Reading alignment file gene_alignments/trimmed_COG1567.afa ... Fasta format detected
Reading fasta file: done in 0.00267997 secs using 17.46% CPU
Alignment most likely contains protein sequences
Constructing alignment: done in 0.00238592 secs using 408.3% CPU
Alignment has 46 sequences with 386 columns, 385 distinct patterns
363 parsimony-informative, 18 singleton sites, 5 constant sites
                                                                  Gap/Ambiguity  Composition  p-value
Analyzing sequences: done in 5.4881e-05 secs using 89.28% CPU
   1  GCF.000233775.1.Bacteria.Synergistota_NC_016148.1_241              22.02%    passed     10.38%
   2  GCA.002011835.1.Bacteria.Desulfobacterota_MTPE01000006.1_2         19.95%    failed      0.00%
   3  GCA.003194435.1.Archaea.Halobacteriota_PQXC01000008.1_2            13.99%    failed      1.01%
   4  GCF.000421485.1.Bacteria.Aquificota_NZ_ATXC01000001.1_556          19.17%    failed      0.01%
   5  GCA.007244385.1.Bacteria.Desulfobacterota_SCVX01000028.1_9         16.32%    passed     29.14%
   6  GCA.002010915.1.Bacteria.Desulfobacterota_MTPG01000074.1_120       15.28%    passed     47.21%
   7  GCF.000316115.1.Bacteria.Cyanobacteria_NZ_JH993797.1_2162          13.47%    passed     91.15%
   8  GCA.002898555.1.Bacteria.Armatimonadota_BEHR01000015.1_43          10.62%    failed      2.26%
   9  GCA.001587715.1.Archaea.Methanobacteriota.B_LNGC01000132.1_5       63.21%    passed      5.88%
  10  GCF.002607855.1.Bacteria.Firmicutes.B_NZ_AWQQ01000030.1_5          17.36%    passed     72.37%
  11  GCA.002412545.1.Bacteria.Elusimicrobiota_DHVG01000026.1_119        18.39%    failed      0.22%
  12  GCF.900142995.1.Bacteria.Firmicutes.A_NZ_FRCR01000018.1_6          21.24%    failed      0.01%
  13  GCF.001535965.1.Bacteria.Bacteroidota_NZ_CZVI01000006.1_74         19.17%    failed      0.00%
  14  GCF.000949635.1.Bacteria.Planctomycetota_NZ_BAFN01000001.1_547     10.88%    failed      0.00%
  15  GCA.001896555.1.Bacteria.Desulfobacterota_MPOS01000012.1_60        16.84%    passed     98.61%
  16  GCF.001311905.1.Bacteria.Firmicutes_WP_172673466.1                 44.04%    passed     52.94%
  17  GCA.002436065.1.Bacteria.Chloroflexota_DIXP01000075.1_20           11.40%    failed      0.00%
  18  GCF.000526155.1.Bacteria.Desulfobacterota_NZ_JAFN01000001.1_3332   18.13%    failed      0.00%
  19  GCF.900111575.1.Bacteria.Firmicutes.D_NZ_FOIF01000018.1_24         14.51%    failed      0.00%
  20  GCA.003542955.1.Bacteria.Armatimonadota_DPJP01000356.1_5           21.24%    failed      0.14%
  21  GCA.900066305.1.Bacteria.Firmicutes.A_SCG93924.1                   21.24%    failed      0.00%
  22  GCF.001311905.1.Bacteria.Firmicutes_WP_172673467.1                 77.72%    failed      1.64%
  23  GCA.001513125.1.Bacteria.DTU030_LFSN01000049.1_3                   27.72%    passed      9.30%
  24  GCA.003444595.1.Bacteria.Firmicutes.D_DLUO01000006.1_2             66.58%    passed     71.99%
  25  GCF.000421485.1.Bacteria.Aquificota_NZ_ATXC01000002.1_162          17.62%    failed      0.45%
  26  GCF.000024725.1.Bacteria.Proteobacteria_NC_013960.1_2808           17.36%    failed      0.01%
  27  GCF.000025525.1.Archaea.Methanobacteriota.A_NC_013887.1_595        12.18%    failed      0.00%
  28  GCA.002780065.1.Bacteria.UBA8481_PEWQ01000157.1_5                  19.43%    failed      0.02%
  29  GCA.002452555.1.Bacteria.Marinisomatota_DKER01000146.1_1           14.77%    passed     42.15%
  30  GCF.001886815.1.Bacteria.Calditrichota_NZ_CP018099.1_2553          14.51%    failed      0.15%
  31  GCA.002352935.1.Bacteria.Firmicutes.B_DDHO01000037.1_3             13.99%    passed     16.02%
  32  GCF.001306175.1.Bacteria.Chloroflexota_NZ_LGKN01000003.1_506        7.51%    failed      0.04%
  33  GCF.900187885.1.Bacteria.Chloroflexota_NZ_FYEK01000027.1_304       12.69%    failed      0.00%
  34  GCF.000148385.1.Archaea.Thermoproteota_NC_014537.1_1160            21.50%    failed      0.12%
  35  GCF.000212395.1.Bacteria.Thermodesulfobiota_NC_015499.1_1736       20.98%    failed      0.00%
  36  Fischerella.muscicola.CCMEE5323_WP_016870168.1                     14.51%    passed     82.31%
  37  GCF.000177635.2.Bacteria.Chrysiogenota_NC_014836.1_1053            18.91%    failed      0.87%
  38  GCF.900187885.1.Bacteria.Chloroflexota_NZ_FYEK01000075.1_14        10.36%    failed      0.00%
  39  GCA.002450905.1.Bacteria.Spirochaetota_DKAT01000063.1_10           19.95%    failed      0.00%
  40  GCA.002159075.1.Bacteria.Firmicutes_LZRT01000110.1_4               20.73%    passed     39.54%
  41  GCF.000195295.1.Bacteria.Desulfobacterota_NC_015388.1_1728         15.54%    passed      5.88%
  42  GCA.003152325.1.Bacteria.Acidobacteriota_PLZX01000088.1_2          16.58%    failed      0.00%
  43  GCA.001872725.1.Bacteria.Proteobacteria_MNWR01000061.1_6           20.98%    failed      0.00%
  44  GCA.002366725.1.Bacteria.WOR.3_DFBT01000102.1_25                   12.69%    failed      0.00%
  45  GCA.002878375.1.Bacteria.Dictyoglomota_NIRF01000005.1_97           18.13%    failed      0.00%
  46  GCA.003130875.1.Bacteria.Chloroflexota_QEXY01000129.1_4             8.29%    failed      0.01%
WARNING: 3 sequences contain more than 50% gaps/ambiguity
****  TOTAL                                                              20.65%  31 sequences failed composition chi2 test (p-value<5%; df=19)
Checking for duplicate sequences: done in 0.000869684 secs using 99.35% CPU


Create initial parsimony tree by phylogenetic likelihood library (PLL)... 0.027 seconds
Perform fast likelihood tree search using LG+I+G model...
Estimate model parameters (epsilon = 5.000)
Perform nearest neighbor interchange...
Optimizing NNI: done in 0.689086 secs using 1002% CPU
Estimate model parameters (epsilon = 1.000)
1. Initial log-likelihood: -30966.113
Optimal log-likelihood: -30966.074
Proportion of invariable sites: 0.011
Gamma shape alpha: 1.388
Parameters optimization took 1 rounds (0.055 sec)
Time for fast ML tree search: 1.042 seconds

NOTE: ModelFinder requires 30 MB RAM!
ModelFinder will test up to 743 protein models (sample size: 386) ...
 No. Model         -LnL         df  AIC          AICc         BIC
  1  LG            32021.300    89  64220.599    64274.721    64572.669
  2  LG+I          31902.191    90  63984.382    64039.907    64340.407
  3  LG+G4         30984.178    90  62148.357    62203.882    62504.382
  4  LG+I+G4       30966.084    91  62114.169    62171.121    62474.150
  5  LG+R2         31147.847    91  62477.695    62534.647    62837.676
  6  LG+R3         30992.459    93  62170.918    62230.794    62538.811
  7  LG+R4         30938.426    95  62066.853    62129.749    62442.657
  8  LG+R5         30930.674    97  62055.348    62121.361    62439.064
  9  LG+R6         30929.209    99  62056.417    62125.648    62448.045
 14  LG+F          31869.391    108 63954.782    64039.778    64382.012
 15  LG+F+I        31755.525    109 63729.050    63815.934    64160.236
 16  LG+F+G4       30900.730    109 62019.461    62106.345    62450.647
 17  LG+F+I+G4     30882.770    110 61985.540    62074.340    62420.682
 18  LG+F+R2       31048.906    110 62317.812    62406.612    62752.954
 19  LG+F+R3       30897.682    112 62019.364    62112.082    62462.417
 20  LG+F+R4       30855.894    114 61939.788    62036.540    62390.753
 21  LG+F+R5       30846.631    116 61925.262    62026.169    62384.139
 22  LG+F+R6       30846.182    118 61928.365    62033.548    62395.154
 27  WAG           31878.521    89  63935.043    63989.165    64287.112
 28  WAG+I         31778.980    90  63737.960    63793.485    64093.985
 29  WAG+G4        31112.907    90  62405.814    62461.339    62761.839
 30  WAG+I+G4      31096.442    91  62374.883    62431.836    62734.865
 31  WAG+R2        31214.288    91  62610.577    62667.529    62970.558
 32  WAG+R3        31100.502    93  62387.004    62446.880    62754.897
 33  WAG+R4        31061.214    95  62312.428    62375.325    62688.233
 34  WAG+R5        31058.596    97  62311.192    62377.205    62694.908
 40  WAG+F         31714.170    108 63644.340    63729.337    64071.571
 41  WAG+F+I       31615.862    109 63449.725    63536.609    63880.911
 42  WAG+F+G4      30976.477    109 62170.954    62257.839    62602.141
 43  WAG+F+I+G4    30959.386    110 62138.772    62227.572    62573.914
 44  WAG+F+R2      31062.709    110 62345.417    62434.217    62780.560
 45  WAG+F+R3      30959.531    112 62143.062    62235.780    62586.116
 46  WAG+F+R4      30924.321    114 62076.643    62173.395    62527.608
 47  WAG+F+R5      30922.469    116 62076.938    62177.845    62535.815
 53  JTT           32294.552    89  64767.103    64821.225    65119.173
 54  JTT+I         32170.443    90  64520.887    64576.412    64876.912
 55  JTT+G4        31330.647    90  62841.293    62896.819    63197.319
 56  JTT+I+G4      31313.786    91  62809.571    62866.524    63169.553
 57  JTT+R2        31457.621    91  63097.241    63154.194    63457.222
 58  JTT+R3        31315.420    93  62816.841    62876.717    63184.733
 59  JTT+R4        31270.101    95  62730.203    62793.099    63106.007
 60  JTT+R5        31267.030    97  62728.060    62794.074    63111.776
 66  JTT+F         32161.067    108 64538.135    64623.131    64965.365
 67  JTT+F+I       32039.925    109 64297.851    64384.735    64729.037
 68  JTT+F+G4      31234.316    109 62686.631    62773.515    63117.818
 69  JTT+F+I+G4    31217.336    110 62654.671    62743.471    63089.813
 70  JTT+F+R2      31353.538    110 62927.076    63015.876    63362.219
 71  JTT+F+R3      31214.225    112 62652.450    62745.168    63095.504
 72  JTT+F+R4      31175.266    114 62578.532    62675.285    63029.498
 73  JTT+F+R5      31171.351    116 62574.701    62675.608    63033.578
WARNING: Normalizing state frequencies so that sum of them equals to 1
 79  Q.pfam        31947.879    89  64073.758    64127.880    64425.828
WARNING: Normalizing state frequencies so that sum of them equals to 1
 80  Q.pfam+I      31818.258    90  63816.517    63872.042    64172.542
WARNING: Normalizing state frequencies so that sum of them equals to 1
 81  Q.pfam+G4     30964.752    90  62109.504    62165.029    62465.529
WARNING: Normalizing state frequencies so that sum of them equals to 1
 82  Q.pfam+I+G4   30941.789    91  62065.577    62122.530    62425.559
WARNING: Normalizing state frequencies so that sum of them equals to 1
 83  Q.pfam+R2     31111.339    91  62404.677    62461.629    62764.658
WARNING: Normalizing state frequencies so that sum of them equals to 1
 84  Q.pfam+R3     30968.823    93  62123.646    62183.522    62491.538
WARNING: Normalizing state frequencies so that sum of them equals to 1
 85  Q.pfam+R4     30918.003    95  62026.006    62088.902    62401.810
WARNING: Normalizing state frequencies so that sum of them equals to 1
 86  Q.pfam+R5     30911.930    97  62017.860    62083.874    62401.576
WARNING: Normalizing state frequencies so that sum of them equals to 1
 87  Q.pfam+R6     30911.089    99  62020.178    62089.408    62411.805
WARNING: Normalizing state frequencies so that sum of them equals to 1
 92  Q.pfam+F      31814.637    108 63845.275    63930.271    64272.505
WARNING: Normalizing state frequencies so that sum of them equals to 1
 93  Q.pfam+F+I    31692.550    109 63603.100    63689.984    64034.286
WARNING: Normalizing state frequencies so that sum of them equals to 1
 94  Q.pfam+F+G4   30891.049    109 62000.098    62086.982    62431.284
WARNING: Normalizing state frequencies so that sum of them equals to 1
 95  Q.pfam+F+I+G4 30867.993    110 61955.986    62044.786    62391.128
WARNING: Normalizing state frequencies so that sum of them equals to 1
 96  Q.pfam+F+R2   31020.726    110 62261.452    62350.252    62696.594
WARNING: Normalizing state frequencies so that sum of them equals to 1
 97  Q.pfam+F+R3   30886.944    112 61997.888    62090.606    62440.942
WARNING: Normalizing state frequencies so that sum of them equals to 1
 98  Q.pfam+F+R4   30846.114    114 61920.228    62016.980    62371.193
WARNING: Normalizing state frequencies so that sum of them equals to 1
 99  Q.pfam+F+R5   30838.194    116 61908.388    62009.295    62367.265
WARNING: Normalizing state frequencies so that sum of them equals to 1
100  Q.pfam+F+R6   30838.023    118 61912.046    62017.230    62378.835
WARNING: Normalizing state frequencies so that sum of them equals to 1
105  Q.bird        33078.542    89  66335.083    66389.205    66687.153
WARNING: Normalizing state frequencies so that sum of them equals to 1
106  Q.bird+I      32892.295    90  65964.590    66020.115    66320.615
WARNING: Normalizing state frequencies so that sum of them equals to 1
107  Q.bird+G4     31814.189    90  63808.378    63863.904    64164.403
WARNING: Normalizing state frequencies so that sum of them equals to 1
108  Q.bird+I+G4   31790.443    91  63762.886    63819.839    64122.868
WARNING: Normalizing state frequencies so that sum of them equals to 1
109  Q.bird+R2     32022.151    91  64226.301    64283.253    64586.282
WARNING: Normalizing state frequencies so that sum of them equals to 1
110  Q.bird+R3     31819.890    93  63825.780    63885.657    64193.673
WARNING: Normalizing state frequencies so that sum of them equals to 1
111  Q.bird+R4     31758.848    95  63707.697    63770.594    64083.502
WARNING: Normalizing state frequencies so that sum of them equals to 1
112  Q.bird+R5     31749.294    97  63692.588    63758.602    64076.304
WARNING: Normalizing state frequencies so that sum of them equals to 1
WARNING: Log-likelihood -31750.3 of Q.bird+R6 worse than Q.bird+R5 -31749.3
113  Q.bird+R6     31750.334    99  63698.668    63767.899    64090.296
WARNING: Normalizing state frequencies so that sum of them equals to 1
118  Q.bird+F      32861.210    108 65938.419    66023.416    66365.650
WARNING: Normalizing state frequencies so that sum of them equals to 1
119  Q.bird+F+I    32685.321    109 65588.641    65675.526    66019.828
WARNING: Normalizing state frequencies so that sum of them equals to 1
120  Q.bird+F+G4   31628.954    109 63475.908    63562.792    63907.094
WARNING: Normalizing state frequencies so that sum of them equals to 1
121  Q.bird+F+I+G4 31602.469    110 63424.938    63513.738    63860.080
WARNING: Normalizing state frequencies so that sum of them equals to 1
122  Q.bird+F+R2   31815.030    110 63850.060    63938.860    64285.202
WARNING: Normalizing state frequencies so that sum of them equals to 1
123  Q.bird+F+R3   31628.064    112 63480.128    63572.846    63923.182
WARNING: Normalizing state frequencies so that sum of them equals to 1
124  Q.bird+F+R4   31571.162    114 63370.323    63467.076    63821.289
WARNING: Normalizing state frequencies so that sum of them equals to 1
125  Q.bird+F+R5   31560.206    116 63352.413    63453.320    63811.290
WARNING: Normalizing state frequencies so that sum of them equals to 1
126  Q.bird+F+R6   31560.222    118 63356.444    63461.628    63823.233
WARNING: Normalizing state frequencies so that sum of them equals to 1
131  Q.mammal      32853.049    89  65884.098    65938.219    66236.167
WARNING: Normalizing state frequencies so that sum of them equals to 1
132  Q.mammal+I    32673.838    90  65527.676    65583.202    65883.702
WARNING: Normalizing state frequencies so that sum of them equals to 1
133  Q.mammal+G4   31671.335    90  63522.671    63578.196    63878.696
WARNING: Normalizing state frequencies so that sum of them equals to 1
134  Q.mammal+I+G4 31646.147    91  63474.294    63531.247    63834.275
WARNING: Normalizing state frequencies so that sum of them equals to 1
135  Q.mammal+R2   31872.532    91  63927.065    63984.017    64287.046
WARNING: Normalizing state frequencies so that sum of them equals to 1
136  Q.mammal+R3   31681.034    93  63548.068    63607.945    63915.961
WARNING: Normalizing state frequencies so that sum of them equals to 1
137  Q.mammal+R4   31621.629    95  63433.259    63496.155    63809.063
WARNING: Normalizing state frequencies so that sum of them equals to 1
138  Q.mammal+R5   31613.856    97  63421.712    63487.726    63805.428
WARNING: Normalizing state frequencies so that sum of them equals to 1
139  Q.mammal+R6   31613.572    99  63425.143    63494.374    63816.771
WARNING: Normalizing state frequencies so that sum of them equals to 1
144  Q.mammal+F    32610.301    108 65436.602    65521.599    65863.833
WARNING: Normalizing state frequencies so that sum of them equals to 1
145  Q.mammal+F+I  32443.765    109 65105.531    65192.415    65536.717
WARNING: Normalizing state frequencies so that sum of them equals to 1
146  Q.mammal+F+G4 31466.312    109 63150.624    63237.508    63581.811
WARNING: Normalizing state frequencies so that sum of them equals to 1
147  Q.mammal+F+I+G4 31438.613    110 63097.226    63186.026    63532.368
WARNING: Normalizing state frequencies so that sum of them equals to 1
148  Q.mammal+F+R2 31643.622    110 63507.243    63596.043    63942.385
WARNING: Normalizing state frequencies so that sum of them equals to 1
149  Q.mammal+F+R3 31461.410    112 63146.821    63239.539    63589.875
WARNING: Normalizing state frequencies so that sum of them equals to 1
150  Q.mammal+F+R4 31414.345    114 63056.690    63153.443    63507.656
WARNING: Normalizing state frequencies so that sum of them equals to 1
151  Q.mammal+F+R5 31404.733    116 63041.465    63142.372    63500.343
WARNING: Normalizing state frequencies so that sum of them equals to 1
152  Q.mammal+F+R6 31404.931    118 63045.862    63151.046    63512.651
157  Q.insect      32452.024    89  65082.047    65136.169    65434.117
158  Q.insect+I    32292.841    90  64765.682    64821.208    65121.708
159  Q.insect+G4   31305.597    90  62791.194    62846.719    63147.219
160  Q.insect+I+G4 31286.949    91  62755.899    62812.851    63115.880
161  Q.insect+R2   31492.276    91  63166.553    63223.505    63526.534
162  Q.insect+R3   31300.197    93  62786.394    62846.271    63154.287
163  Q.insect+R4   31253.209    95  62696.418    62759.315    63072.223
164  Q.insect+R5   31246.460    97  62686.919    62752.933    63070.636
165  Q.insect+R6   31246.366    99  62690.733    62759.963    63082.360
170  Q.insect+F    32185.870    108 64587.741    64672.737    65014.971
171  Q.insect+F+I  32040.608    109 64299.216    64386.100    64730.402
172  Q.insect+F+G4 31090.401    109 62398.801    62485.685    62829.987
173  Q.insect+F+I+G4 31073.828    110 62367.657    62456.457    62802.799
174  Q.insect+F+R2 31267.726    110 62755.452    62844.252    63190.594
175  Q.insect+F+R3 31080.535    112 62385.070    62477.788    62828.124
176  Q.insect+F+R4 31042.527    114 62313.055    62409.807    62764.020
177  Q.insect+F+R5 31032.009    116 62296.019    62396.926    62754.896
178  Q.insect+F+R6 31032.007    118 62300.014    62405.197    62766.802
WARNING: Normalizing state frequencies so that sum of them equals to 1
183  Q.plant       32612.582    89  65403.164    65457.286    65755.234
WARNING: Normalizing state frequencies so that sum of them equals to 1
184  Q.plant+I     32463.077    90  65106.155    65161.680    65462.180
WARNING: Normalizing state frequencies so that sum of them equals to 1
185  Q.plant+G4    31410.629    90  63001.259    63056.784    63357.284
WARNING: Normalizing state frequencies so that sum of them equals to 1
186  Q.plant+I+G4  31390.196    91  62962.391    63019.344    63322.372
WARNING: Normalizing state frequencies so that sum of them equals to 1
187  Q.plant+R2    31606.668    91  63395.336    63452.289    63755.318
WARNING: Normalizing state frequencies so that sum of them equals to 1
188  Q.plant+R3    31408.886    93  63003.771    63063.648    63371.664
WARNING: Normalizing state frequencies so that sum of them equals to 1
189  Q.plant+R4    31363.526    95  62917.052    62979.949    63292.857
WARNING: Normalizing state frequencies so that sum of them equals to 1
190  Q.plant+R5    31349.923    97  62893.847    62959.861    63277.563
WARNING: Normalizing state frequencies so that sum of them equals to 1
191  Q.plant+R6    31350.065    99  62898.129    62967.360    63289.757
WARNING: Normalizing state frequencies so that sum of them equals to 1
196  Q.plant+F     32442.214    108 65100.428    65185.425    65527.659
WARNING: Normalizing state frequencies so that sum of them equals to 1
197  Q.plant+F+I   32306.280    109 64830.561    64917.445    65261.747
WARNING: Normalizing state frequencies so that sum of them equals to 1
198  Q.plant+F+G4  31283.185    109 62784.371    62871.255    63215.557
WARNING: Normalizing state frequencies so that sum of them equals to 1
199  Q.plant+F+I+G4 31266.018    110 62752.037    62840.837    63187.179
WARNING: Normalizing state frequencies so that sum of them equals to 1
200  Q.plant+F+R2  31472.934    110 63165.868    63254.668    63601.010
WARNING: Normalizing state frequencies so that sum of them equals to 1
201  Q.plant+F+R3  31283.433    112 62790.866    62883.583    63233.919
WARNING: Normalizing state frequencies so that sum of them equals to 1
202  Q.plant+F+R4  31239.710    114 62707.419    62804.172    63158.385
WARNING: Normalizing state frequencies so that sum of them equals to 1
203  Q.plant+F+R5  31225.044    116 62682.088    62782.995    63140.965
WARNING: Normalizing state frequencies so that sum of them equals to 1
204  Q.plant+F+R6  31225.050    118 62686.100    62791.283    63152.889
WARNING: Normalizing state frequencies so that sum of them equals to 1
209  Q.yeast       32420.549    89  65019.097    65073.219    65371.167
WARNING: Normalizing state frequencies so that sum of them equals to 1
210  Q.yeast+I     32268.235    90  64716.469    64771.995    65072.495
WARNING: Normalizing state frequencies so that sum of them equals to 1
211  Q.yeast+G4    31299.586    90  62779.172    62834.698    63135.198
WARNING: Normalizing state frequencies so that sum of them equals to 1
212  Q.yeast+I+G4  31279.815    91  62741.631    62798.583    63101.612
WARNING: Normalizing state frequencies so that sum of them equals to 1
213  Q.yeast+R2    31475.245    91  63132.489    63189.442    63492.471
WARNING: Normalizing state frequencies so that sum of them equals to 1
214  Q.yeast+R3    31304.981    93  62795.963    62855.839    63163.856
WARNING: Normalizing state frequencies so that sum of them equals to 1
215  Q.yeast+R4    31246.946    95  62683.893    62746.789    63059.697
WARNING: Normalizing state frequencies so that sum of them equals to 1
216  Q.yeast+R5    31238.651    97  62671.301    62737.315    63055.018
WARNING: Normalizing state frequencies so that sum of them equals to 1
217  Q.yeast+R6    31238.452    99  62674.904    62744.135    63066.532
WARNING: Normalizing state frequencies so that sum of them equals to 1
222  Q.yeast+F     32060.401    108 64336.802    64421.798    64764.032
WARNING: Normalizing state frequencies so that sum of them equals to 1
223  Q.yeast+F+I   31923.948    109 64065.896    64152.780    64497.083
WARNING: Normalizing state frequencies so that sum of them equals to 1
224  Q.yeast+F+G4  31012.922    109 62243.845    62330.729    62675.031
WARNING: Normalizing state frequencies so that sum of them equals to 1
225  Q.yeast+F+I+G4 30993.448    110 62206.897    62295.697    62642.039
WARNING: Normalizing state frequencies so that sum of them equals to 1
226  Q.yeast+F+R2  31170.912    110 62561.823    62650.623    62996.965
WARNING: Normalizing state frequencies so that sum of them equals to 1
227  Q.yeast+F+R3  31006.442    112 62236.884    62329.602    62679.938
WARNING: Normalizing state frequencies so that sum of them equals to 1
228  Q.yeast+F+R4  30965.433    114 62158.865    62255.618    62609.831
WARNING: Normalizing state frequencies so that sum of them equals to 1
229  Q.yeast+F+R5  30952.837    116 62137.674    62238.581    62596.551
WARNING: Normalizing state frequencies so that sum of them equals to 1
230  Q.yeast+F+R6  30952.806    118 62141.613    62246.796    62608.402
235  JTTDCMut      32285.396    89  64748.793    64802.914    65100.862
236  JTTDCMut+I    32165.055    90  64510.110    64565.635    64866.135
237  JTTDCMut+G4   31331.357    90  62842.715    62898.240    63198.740
238  JTTDCMut+I+G4 31315.029    91  62812.057    62869.010    63172.039
239  JTTDCMut+R2   31455.726    91  63093.453    63150.405    63453.434
240  JTTDCMut+R3   31315.929    93  62817.858    62877.734    63185.751
241  JTTDCMut+R4   31271.342    95  62732.684    62795.580    63108.488
242  JTTDCMut+R5   31268.039    97  62730.078    62796.092    63113.795
248  JTTDCMut+F    32152.647    108 64521.294    64606.290    64948.524
249  JTTDCMut+F+I  32034.579    109 64287.157    64374.041    64718.344
250  JTTDCMut+F+G4 31232.847    109 62683.694    62770.578    63114.880
251  JTTDCMut+F+I+G4 31216.319    110 62652.638    62741.438    63087.780
252  JTTDCMut+F+R2 31349.504    110 62919.008    63007.808    63354.150
253  JTTDCMut+F+R3 31212.388    112 62648.776    62741.494    63091.830
254  JTTDCMut+F+R4 31174.280    114 62576.560    62673.313    63027.526
255  JTTDCMut+F+R5 31170.197    116 62572.393    62673.300    63031.270
261  DCMut         32538.196    89  65254.393    65308.514    65606.462
262  DCMut+I       32411.456    90  65002.912    65058.437    65358.937
263  DCMut+G4      31584.901    90  63349.802    63405.327    63705.827
264  DCMut+I+G4    31569.518    91  63321.036    63377.988    63681.017
265  DCMut+R2      31724.558    91  63631.115    63688.068    63991.097
266  DCMut+R3      31571.444    93  63328.888    63388.765    63696.781
267  DCMut+R4      31528.786    95  63247.573    63310.469    63623.377
268  DCMut+R5      31523.760    97  63241.520    63307.534    63625.236
274  DCMut+F       32175.434    108 64566.868    64651.864    64994.098
275  DCMut+F+I     32052.288    109 64322.576    64409.461    64753.763
276  DCMut+F+G4    31263.514    109 62745.029    62831.913    63176.215
277  DCMut+F+I+G4  31247.948    110 62715.897    62804.697    63151.039
278  DCMut+F+R2    31380.140    110 62980.280    63069.080    63415.422
279  DCMut+F+R3    31241.837    112 62707.674    62800.392    63150.728
280  DCMut+F+R4    31207.448    114 62642.897    62739.649    63093.862
281  DCMut+F+R5    31204.047    116 62640.094    62741.001    63098.971
287  VT            31817.498    89  63812.996    63867.118    64165.066
288  VT+I          31713.476    90  63606.953    63662.478    63962.978
289  VT+G4         31075.783    90  62331.565    62387.090    62687.590
290  VT+I+G4       31057.515    91  62297.031    62353.983    62657.012
291  VT+R2         31164.002    91  62510.004    62566.956    62869.985
292  VT+R3         31058.469    93  62302.937    62362.814    62670.830
293  VT+R4         31019.880    95  62229.761    62292.657    62605.565
294  VT+R5         31019.555    97  62233.110    62299.124    62616.826
300  VT+F          31695.235    108 63606.470    63691.466    64033.700
301  VT+F+I        31595.240    109 63408.479    63495.363    63839.666
302  VT+F+G4       30995.938    109 62209.875    62296.759    62641.062
303  VT+F+I+G4     30977.264    110 62174.528    62263.328    62609.670
304  VT+F+R2       31069.407    110 62358.815    62447.615    62793.957
305  VT+F+R3       30968.957    112 62161.913    62254.631    62604.967
306  VT+F+R4       30938.275    114 62104.549    62201.302    62555.515
307  VT+F+R5       30937.693    116 62107.386    62208.293    62566.263
313  PMB           31776.791    89  63731.582    63785.703    64083.651
314  PMB+I         31677.189    90  63534.378    63589.903    63890.403
315  PMB+G4        31109.370    90  62398.739    62454.265    62754.765
316  PMB+I+G4      31086.692    91  62355.384    62412.336    62715.365
317  PMB+R2        31179.988    91  62541.977    62598.929    62901.958
318  PMB+R3        31082.183    93  62350.366    62410.242    62718.259
319  PMB+R4        31055.470    95  62300.940    62363.836    62676.744
320  PMB+R5        31052.556    97  62299.113    62365.126    62682.829
326  PMB+F         31730.136    108 63676.271    63761.268    64103.502
327  PMB+F+I       31631.415    109 63480.830    63567.714    63912.016
328  PMB+F+G4      31073.923    109 62365.846    62452.730    62797.032
329  PMB+F+I+G4    31051.781    110 62323.562    62412.362    62758.705
330  PMB+F+R2      31144.182    110 62508.364    62597.164    62943.506
331  PMB+F+R3      31048.337    112 62320.674    62413.392    62763.728
332  PMB+F+R4      31020.894    114 62269.789    62366.541    62720.754
333  PMB+F+R5      31018.097    116 62268.193    62369.100    62727.070
339  Blosum62      31852.388    89  63882.776    63936.898    64234.846
340  Blosum62+I    31750.704    90  63681.409    63736.934    64037.434
341  Blosum62+G4   31147.893    90  62475.786    62531.311    62831.811
342  Blosum62+I+G4 31127.160    91  62436.319    62493.272    62796.301
343  Blosum62+R2   31227.104    91  62636.208    62693.160    62996.189
344  Blosum62+R3   31129.263    93  62444.526    62504.402    62812.419
345  Blosum62+R4   31093.921    95  62377.843    62440.739    62753.647
346  Blosum62+R5   31093.140    97  62380.280    62446.294    62763.996
352  Blosum62+F    31766.553    108 63749.107    63834.103    64176.337
353  Blosum62+F+I  31666.420    109 63550.839    63637.723    63982.026
354  Blosum62+F+G4 31078.615    109 62375.231    62462.115    62806.417
355  Blosum62+F+I+G4 31058.487    110 62336.973    62425.773    62772.116
356  Blosum62+F+R2 31156.966    110 62533.932    62622.732    62969.074
357  Blosum62+F+R3 31056.775    112 62337.549    62430.267    62780.603
358  Blosum62+F+R4 31024.451    114 62276.903    62373.655    62727.868
359  Blosum62+F+R5 31023.837    116 62279.674    62380.581    62738.551
365  Dayhoff       32541.886    89  65261.772    65315.894    65613.842
366  Dayhoff+I     32414.998    90  65009.995    65065.521    65366.021
367  Dayhoff+G4    31585.851    90  63351.702    63407.228    63707.728
368  Dayhoff+I+G4  31570.496    91  63322.993    63379.945    63682.974
369  Dayhoff+R2    31726.011    91  63634.021    63690.974    63994.003
370  Dayhoff+R3    31572.448    93  63330.895    63390.772    63698.788
371  Dayhoff+R4    31529.730    95  63249.460    63312.356    63625.264
372  Dayhoff+R5    31524.593    97  63243.186    63309.200    63626.902
378  Dayhoff+F     32177.779    108 64571.558    64656.554    64998.788
379  Dayhoff+F+I   32054.508    109 64327.016    64413.900    64758.203
380  Dayhoff+F+G4  31263.526    109 62745.053    62831.937    63176.239
381  Dayhoff+F+I+G4 31247.991    110 62715.982    62804.782    63151.124
382  Dayhoff+F+R2  31380.462    110 62980.924    63069.724    63416.067
383  Dayhoff+F+R3  31241.878    112 62707.755    62800.473    63150.809
384  Dayhoff+F+R4  31207.417    114 62642.834    62739.587    63093.799
385  Dayhoff+F+R5  31203.922    116 62639.844    62740.751    63098.722
391  mtREV         34202.514    89  68583.027    68637.149    68935.097
392  mtREV+I       34064.874    90  68309.748    68365.274    68665.773
393  mtREV+G4      32859.073    90  65898.147    65953.672    66254.172
394  mtREV+I+G4    32832.088    91  65846.175    65903.127    66206.156
395  mtREV+R2      33042.017    91  66266.034    66322.987    66626.016
396  mtREV+R3      32858.140    93  65902.279    65962.156    66270.172
397  mtREV+R4      32810.268    95  65810.536    65873.433    66186.341
398  mtREV+R5      32796.226    97  65786.451    65852.465    66170.167
399  mtREV+R6      32793.340    99  65784.679    65853.910    66176.307
404  mtREV+F       32550.417    108 65316.834    65401.831    65744.065
405  mtREV+F+I     32428.637    109 65075.274    65162.158    65506.460
406  mtREV+F+G4    31494.232    109 63206.465    63293.349    63637.651
407  mtREV+F+I+G4  31476.297    110 63172.595    63261.395    63607.737
408  mtREV+F+R2    31660.065    110 63540.130    63628.930    63975.272
409  mtREV+F+R3    31499.230    112 63222.460    63315.178    63665.514
410  mtREV+F+R4    31454.209    114 63136.418    63233.171    63587.383
411  mtREV+F+R5    31443.865    116 63119.729    63220.636    63578.606
412  mtREV+F+R6    31437.406    118 63110.812    63215.995    63577.601
413  mtREV+F+R7    31437.423    120 63114.846    63224.431    63589.547
417  mtART         34834.378    89  69846.756    69900.878    70198.826
418  mtART+I       34670.151    90  69520.302    69575.828    69876.327
419  mtART+G4      33100.349    90  66380.698    66436.223    66736.723
420  mtART+I+G4    33072.877    91  66327.754    66384.707    66687.736
421  mtART+R2      33303.864    91  66789.728    66846.680    67149.709
422  mtART+R3      33110.468    93  66406.936    66466.812    66774.829
423  mtART+R4      33049.913    95  66289.827    66352.723    66665.631
424  mtART+R5      33033.548    97  66261.096    66327.109    66644.812
425  mtART+R6      33027.547    99  66253.093    66322.324    66644.721
426  mtART+R7      33024.057    101 66250.114    66322.664    66649.654
430  mtART+F       33127.836    108 66471.673    66556.669    66898.903
431  mtART+F+I     32964.438    109 66146.876    66233.760    66578.063
432  mtART+F+G4    31647.516    109 63513.032    63599.916    63944.218
433  mtART+F+I+G4  31624.338    110 63468.676    63557.476    63903.818
434  mtART+F+R2    31899.928    110 64019.856    64108.656    64454.998
435  mtART+F+R3    31674.972    112 63573.944    63666.662    64016.998
436  mtART+F+R4    31613.398    114 63454.796    63551.548    63905.761
437  mtART+F+R5    31592.877    116 63417.753    63518.660    63876.630
438  mtART+F+R6    31584.516    118 63405.033    63510.216    63871.821
439  mtART+F+R7    31584.003    120 63408.007    63517.591    63882.707
443  mtZOA         33952.302    89  68082.604    68136.725    68434.673
444  mtZOA+I       33776.131    90  67732.262    67787.787    68088.287
445  mtZOA+G4      32355.276    90  64890.551    64946.077    65246.577
446  mtZOA+I+G4    32328.214    91  64838.429    64895.381    65198.410
447  mtZOA+R2      32530.273    91  65242.546    65299.499    65602.527
448  mtZOA+R3      32342.904    93  64871.809    64931.686    65239.702
449  mtZOA+R4      32299.059    95  64788.118    64851.015    65163.923
450  mtZOA+R5      32286.385    97  64766.771    64832.784    65150.487
451  mtZOA+R6      32276.400    99  64750.801    64820.031    65142.428
452  mtZOA+R7      32272.318    101 64746.637    64819.186    65146.176
456  mtZOA+F       32722.885    108 65661.769    65746.766    66089.000
457  mtZOA+F+I     32573.426    109 65364.853    65451.737    65796.039
458  mtZOA+F+G4    31387.571    109 62993.141    63080.025    63424.328
459  mtZOA+F+I+G4  31364.102    110 62948.204    63037.004    63383.346
460  mtZOA+F+R2    31608.762    110 63437.523    63526.323    63872.665
461  mtZOA+F+R3    31402.615    112 63029.231    63121.949    63472.285
462  mtZOA+F+R4    31350.845    114 62929.691    63026.444    63380.656
463  mtZOA+F+R5    31323.617    116 62879.234    62980.141    63338.111
464  mtZOA+F+R6    31322.590    118 62881.180    62986.363    63347.969
469  mtMet         34380.489    89  68938.978    68993.100    69291.047
470  mtMet+I       34225.925    90  68631.851    68687.376    68987.876
471  mtMet+G4      32920.419    90  66020.838    66076.363    66376.863
472  mtMet+I+G4    32897.413    91  65976.825    66033.777    66336.806
473  mtMet+R2      33083.834    91  66349.667    66406.620    66709.649
474  mtMet+R3      32903.124    93  65992.248    66052.125    66360.141
475  mtMet+R4      32870.186    95  65930.372    65993.269    66306.177
476  mtMet+R5      32859.192    97  65912.384    65978.398    66296.100
477  mtMet+R6      32852.199    99  65902.398    65971.629    66294.026
478  mtMet+R7      32851.115    101 65904.231    65976.780    66303.770
482  mtMet+F       32641.001    108 65498.002    65582.998    65925.232
483  mtMet+F+I     32496.682    109 65211.364    65298.248    65642.550
484  mtMet+F+G4    31443.976    109 63105.952    63192.836    63537.138
485  mtMet+F+I+G4  31422.272    110 63064.545    63153.345    63499.687
486  mtMet+F+R2    31624.689    110 63469.378    63558.178    63904.520
487  mtMet+F+R3    31449.993    112 63123.987    63216.705    63567.041
488  mtMet+F+R4    31398.000    114 63024.001    63120.753    63474.966
489  mtMet+F+R5    31383.655    116 62999.310    63100.217    63458.187
490  mtMet+F+R6    31382.249    118 63000.498    63105.682    63467.287
495  mtVer         34683.231    89  69544.461    69598.583    69896.531
496  mtVer+I       34515.520    90  69211.040    69266.565    69567.065
497  mtVer+G4      33098.099    90  66376.198    66431.724    66732.224
498  mtVer+I+G4    33074.336    91  66330.673    66387.625    66690.654
499  mtVer+R2      33308.158    91  66798.317    66855.269    67158.298
500  mtVer+R3      33077.490    93  66340.981    66400.857    66708.873
501  mtVer+R4      33048.238    95  66286.476    66349.373    66662.281
502  mtVer+R5      33031.263    97  66256.525    66322.539    66640.241
503  mtVer+R6      33029.946    99  66257.893    66327.124    66649.521
508  mtVer+F       33096.555    108 66409.110    66494.106    66836.340
509  mtVer+F+I     32945.879    109 66109.758    66196.643    66540.945
510  mtVer+F+G4    31796.713    109 63811.425    63898.310    64242.612
511  mtVer+F+I+G4  31779.696    110 63779.392    63868.192    64214.534
512  mtVer+F+R2    32007.188    110 64234.375    64323.175    64669.517
513  mtVer+F+R3    31812.751    112 63849.503    63942.221    64292.556
514  mtVer+F+R4    31755.507    114 63739.014    63835.767    64189.980
515  mtVer+F+R5    31741.150    116 63714.300    63815.207    64173.177
516  mtVer+F+R6    31740.173    118 63716.347    63821.530    64183.135
521  mtInv         34507.585    89  69193.169    69247.291    69545.239
522  mtInv+I       34363.287    90  68906.575    68962.100    69262.600
523  mtInv+G4      33176.299    90  66532.598    66588.124    66888.624
524  mtInv+I+G4    33153.737    91  66489.475    66546.427    66849.456
525  mtInv+R2      33317.707    91  66817.415    66874.367    67177.396
526  mtInv+R3      33160.129    93  66506.258    66566.135    66874.151
527  mtInv+R4      33128.247    95  66446.494    66509.390    66822.298
528  mtInv+R5      33114.260    97  66422.520    66488.534    66806.236
529  mtInv+R6      33108.775    99  66415.549    66484.780    66807.177
534  mtInv+F       32399.167    108 65014.335    65099.331    65441.565
535  mtInv+F+I     32264.756    109 64747.512    64834.396    65178.699
536  mtInv+F+G4    31282.714    109 62783.428    62870.312    63214.614
537  mtInv+F+I+G4  31263.071    110 62746.142    62834.942    63181.284
538  mtInv+F+R2    31458.638    110 63137.276    63226.076    63572.418
539  mtInv+F+R3    31285.536    112 62795.073    62887.791    63238.126
540  mtInv+F+R4    31234.295    114 62696.590    62793.342    63147.555
541  mtInv+F+R5    31221.508    116 62675.016    62775.923    63133.893
542  mtInv+F+R6    31221.075    118 62678.149    62783.333    63144.938
547  mtMAM         35176.799    89  70531.598    70585.720    70883.668
548  mtMAM+I       35020.689    90  70221.379    70276.904    70577.404
549  mtMAM+G4      33313.404    90  66806.809    66862.334    67162.834
550  mtMAM+I+G4    33286.570    91  66755.141    66812.093    67115.122
551  mtMAM+R2      33579.374    91  67340.748    67397.701    67700.729
552  mtMAM+R3      33339.864    93  66865.728    66925.604    67233.620
553  mtMAM+R4      33268.801    95  66727.603    66790.500    67103.408
554  mtMAM+R5      33247.255    97  66688.510    66754.524    67072.226
555  mtMAM+R6      33245.979    99  66689.958    66759.189    67081.586
560  mtMAM+F       33459.044    108 67134.087    67219.084    67561.318
561  mtMAM+F+I     33306.197    109 66830.394    66917.278    67261.581
562  mtMAM+F+G4    32019.506    109 64257.012    64343.897    64688.199
563  mtMAM+F+I+G4  31995.799    110 64211.598    64300.398    64646.740
564  mtMAM+F+R2    32273.440    110 64766.879    64855.679    65202.021
565  mtMAM+F+R3    32047.143    112 64318.287    64411.005    64761.341
566  mtMAM+F+R4    31984.564    114 64197.127    64293.880    64648.093
567  mtMAM+F+R5    31967.364    116 64166.729    64267.636    64625.606
568  mtMAM+F+R6    31959.316    118 64154.632    64259.816    64621.421
569  mtMAM+F+R7    31957.634    120 64155.267    64264.852    64629.968
WARNING: Normalizing state frequencies so that sum of them equals to 1
573  FLAVI         33680.516    89  67539.032    67593.154    67891.101
WARNING: Normalizing state frequencies so that sum of them equals to 1
574  FLAVI+I       33539.128    90  67258.257    67313.782    67614.282
WARNING: Normalizing state frequencies so that sum of them equals to 1
575  FLAVI+G4      32340.534    90  64861.069    64916.594    65217.094
WARNING: Normalizing state frequencies so that sum of them equals to 1
576  FLAVI+I+G4    32321.930    91  64825.861    64882.813    65185.842
WARNING: Normalizing state frequencies so that sum of them equals to 1
577  FLAVI+R2      32553.730    91  65289.461    65346.413    65649.442
WARNING: Normalizing state frequencies so that sum of them equals to 1
578  FLAVI+R3      32355.752    93  64897.504    64957.381    65265.397
WARNING: Normalizing state frequencies so that sum of them equals to 1
579  FLAVI+R4      32308.828    95  64807.655    64870.552    65183.460
WARNING: Normalizing state frequencies so that sum of them equals to 1
580  FLAVI+R5      32288.078    97  64770.156    64836.170    65153.872
WARNING: Normalizing state frequencies so that sum of them equals to 1
581  FLAVI+R6      32288.584    99  64775.168    64844.399    65166.796
WARNING: Normalizing state frequencies so that sum of them equals to 1
586  FLAVI+F       33565.129    108 67346.258    67431.255    67773.489
WARNING: Normalizing state frequencies so that sum of them equals to 1
587  FLAVI+F+I     33429.657    109 67077.313    67164.197    67508.499
WARNING: Normalizing state frequencies so that sum of them equals to 1
588  FLAVI+F+G4    32223.680    109 64665.360    64752.244    65096.546
WARNING: Normalizing state frequencies so that sum of them equals to 1
589  FLAVI+F+I+G4  32209.215    110 64638.429    64727.229    65073.571
WARNING: Normalizing state frequencies so that sum of them equals to 1
590  FLAVI+F+R2    32459.997    110 65139.994    65228.794    65575.136
WARNING: Normalizing state frequencies so that sum of them equals to 1
591  FLAVI+F+R3    32253.645    112 64731.290    64824.008    65174.344
WARNING: Normalizing state frequencies so that sum of them equals to 1
592  FLAVI+F+R4    32197.435    114 64622.870    64719.623    65073.835
WARNING: Normalizing state frequencies so that sum of them equals to 1
593  FLAVI+F+R5    32176.171    116 64584.343    64685.250    65043.220
WARNING: Normalizing state frequencies so that sum of them equals to 1
594  FLAVI+F+R6    32176.178    118 64588.356    64693.540    65055.145
599  HIVb          32864.453    89  65906.906    65961.027    66258.975
600  HIVb+I        32729.250    90  65638.501    65694.026    65994.526
601  HIVb+G4       31692.504    90  63565.008    63620.533    63921.033
602  HIVb+I+G4     31672.086    91  63526.173    63583.125    63886.154
603  HIVb+R2       31889.596    91  63961.192    64018.145    64321.174
604  HIVb+R3       31676.934    93  63539.869    63599.746    63907.762
605  HIVb+R4       31643.793    95  63477.585    63540.482    63853.390
606  HIVb+R5       31624.612    97  63443.225    63509.238    63826.941
607  HIVb+R6       31623.897    99  63445.795    63515.025    63837.423
612  HIVb+F        32782.645    108 65781.290    65866.287    66208.521
613  HIVb+F+I      32650.208    109 65518.416    65605.300    65949.602
614  HIVb+F+G4     31621.532    109 63461.065    63547.949    63892.251
615  HIVb+F+I+G4   31602.527    110 63425.053    63513.853    63860.195
616  HIVb+F+R2     31821.908    110 63863.815    63952.615    64298.958
617  HIVb+F+R3     31617.869    112 63459.737    63552.455    63902.791
618  HIVb+F+R4     31579.836    114 63387.671    63484.424    63838.637
619  HIVb+F+R5     31561.973    116 63355.946    63456.853    63814.823
620  HIVb+F+R6     31561.261    118 63358.522    63463.706    63825.311
625  HIVw          34388.199    89  68954.397    69008.519    69306.467
626  HIVw+I        34236.022    90  68652.044    68707.570    69008.070
627  HIVw+G4       33093.106    90  66366.213    66421.738    66722.238
628  HIVw+I+G4     33076.822    91  66335.645    66392.597    66695.626
629  HIVw+R2       33338.063    91  66858.126    66915.078    67218.107
630  HIVw+R3       33086.896    93  66359.793    66419.670    66727.686
631  HIVw+R4       33033.888    95  66257.777    66320.673    66633.581
632  HIVw+R5       33025.417    97  66244.834    66310.848    66628.551
633  HIVw+R6       33021.501    99  66241.002    66310.232    66632.630
638  HIVw+F        33748.309    108 67712.617    67797.614    68139.848
639  HIVw+F+I      33575.964    109 67369.927    67456.811    67801.113
640  HIVw+F+G4     32461.476    109 65140.951    65227.835    65572.137
641  HIVw+F+I+G4   32442.873    110 65105.746    65194.546    65540.888
642  HIVw+F+R2     32704.187    110 65628.375    65717.175    66063.517
643  HIVw+F+R3     32465.741    112 65155.483    65248.201    65598.537
644  HIVw+F+R4     32409.295    114 65046.590    65143.343    65497.556
645  HIVw+F+R5     32401.974    116 65035.947    65136.854    65494.824
646  HIVw+F+R6     32395.823    118 65027.646    65132.830    65494.435
647  HIVw+F+R7     32394.492    120 65028.983    65138.568    65503.684
651  FLU           32777.777    89  65733.553    65787.675    66085.623
652  FLU+I         32634.274    90  65448.548    65504.073    65804.573
653  FLU+G4        31721.872    90  63623.744    63679.269    63979.769
654  FLU+I+G4      31699.012    91  63580.023    63636.976    63940.005
655  FLU+R2        31885.721    91  63953.442    64010.394    64313.423
656  FLU+R3        31714.254    93  63614.507    63674.384    63982.400
657  FLU+R4        31668.491    95  63526.983    63589.879    63902.787
658  FLU+R5        31658.657    97  63511.314    63577.328    63895.030
659  FLU+R6        31654.566    99  63507.131    63576.362    63898.759
664  FLU+F         32518.247    108 65252.494    65337.490    65679.724
665  FLU+F+I       32370.049    109 64958.098    65044.982    65389.284
666  FLU+F+G4      31465.428    109 63148.856    63235.740    63580.042
667  FLU+F+I+G4    31441.185    110 63102.370    63191.170    63537.512
668  FLU+F+R2      31620.617    110 63461.233    63550.033    63896.376
669  FLU+F+R3      31462.649    112 63149.297    63242.015    63592.351
670  FLU+F+R4      31415.512    114 63059.025    63155.777    63509.990
671  FLU+F+R5      31405.185    116 63042.370    63143.277    63501.247
672  FLU+F+R6      31402.047    118 63040.094    63145.277    63506.883
677  rtREV         32177.265    89  64532.531    64586.652    64884.600
678  rtREV+I       32064.239    90  64308.478    64364.003    64664.503
679  rtREV+G4      31199.096    90  62578.193    62633.718    62934.218
680  rtREV+I+G4    31180.779    91  62543.558    62600.510    62903.539
681  rtREV+R2      31353.326    91  62888.652    62945.604    63248.633
682  rtREV+R3      31208.007    93  62602.014    62661.890    62969.907
683  rtREV+R4      31151.700    95  62493.400    62556.297    62869.205
684  rtREV+R5      31145.321    97  62484.643    62550.657    62868.359
685  rtREV+R6      31143.467    99  62484.935    62554.166    62876.563
690  rtREV+F       31890.812    108 63997.624    64082.620    64424.854
691  rtREV+F+I     31775.796    109 63769.591    63856.475    64200.777
692  rtREV+F+G4    30953.991    109 62125.983    62212.867    62557.169
693  rtREV+F+I+G4  30935.724    110 62091.449    62180.249    62526.591
694  rtREV+F+R2    31093.015    110 62406.029    62494.829    62841.171
695  rtREV+F+R3    30950.873    112 62125.746    62218.464    62568.800
696  rtREV+F+R4    30906.006    114 62040.013    62136.766    62490.978
697  rtREV+F+R5    30900.184    116 62032.369    62133.276    62491.246
703  cpREV         32056.070    89  64290.139    64344.261    64642.209
704  cpREV+I       31986.144    90  64152.288    64207.813    64508.313
705  cpREV+G4      31248.239    90  62676.478    62732.003    63032.503
706  cpREV+I+G4    31240.780    91  62663.560    62720.512    63023.541
707  cpREV+R2      31369.751    91  62921.502    62978.454    63281.483
708  cpREV+R3      31241.775    93  62669.549    62729.426    63037.442
709  cpREV+R4      31200.652    95  62591.304    62654.200    62967.108
710  cpREV+R5      31195.257    97  62584.514    62650.528    62968.231
716  cpREV+F       31956.170    108 64128.340    64213.336    64555.570
717  cpREV+F+I     31888.872    109 63995.743    64082.627    64426.930
718  cpREV+F+G4    31159.305    109 62536.611    62623.495    62967.797
719  cpREV+F+I+G4  31153.461    110 62526.921    62615.721    62962.063
720  cpREV+F+R2    31285.038    110 62790.075    62878.875    63225.217
721  cpREV+F+R3    31150.151    112 62524.303    62617.021    62967.356
722  cpREV+F+R4    31112.281    114 62452.561    62549.314    62903.527
723  cpREV+F+R5    31108.220    116 62448.440    62549.347    62907.317
Model C10 is alias for POISSON+G+FMIX{C10pi1:1:0.1191344178,C10pi2:1:0.0874372456,C10pi3:1:0.1037105070,C10pi4:1:0.0922584809,C10pi5:1:0.1070492801,C10pi6:1:0.1329945166,C10pi7:1:0.0538028458,C10pi8:1:0.0691986212,C10pi9:1:0.1319937434,C10pi10:1:0.1024203429}
729  C10           31860.811    90  63901.623    63957.148    64257.648
Model C20 is alias for POISSON+G+FMIX{C20pi1:1:0.0559910600,C20pi2:1:0.0514824870,C20pi3:1:0.0812922124,C20pi4:1:0.0721976867,C20pi5:1:0.0556718858,C20pi6:1:0.0331003080,C20pi7:1:0.0589501763,C20pi8:1:0.0263756889,C20pi9:1:0.0307584220,C20pi10:1:0.0376701125,C20pi11:1:0.0303058290,C20pi12:1:0.0808775576,C20pi13:1:0.0263349134,C20pi14:1:0.0579101455,C20pi15:1:0.0371248064,C20pi16:1:0.0586867766,C20pi17:1:0.0561479138,C20pi18:1:0.0349810886,C20pi19:1:0.0544937394,C20pi20:1:0.0596471901}
730  C20           31610.233    90  63400.465    63455.991    63756.491
Model C30 is alias for POISSON+G+FMIX{C30pi1:1:0.0095783264,C30pi2:1:0.0248476365,C30pi3:1:0.0636309366,C30pi4:1:0.0537939225,C30pi5:1:0.0295885587,C30pi6:1:0.0117587936,C30pi7:1:0.0132013428,C30pi8:1:0.0236868805,C30pi9:1:0.0261687659,C30pi10:1:0.0239821974,C30pi11:1:0.0257100906,C30pi12:1:0.0465072425,C30pi13:1:0.0546794546,C30pi14:1:0.0536085131,C30pi15:1:0.0270622670,C30pi16:1:0.0403913593,C30pi17:1:0.0474212700,C30pi18:1:0.0458816478,C30pi19:1:0.0214036510,C30pi20:1:0.0290385981,C30pi21:1:0.0123391793,C30pi22:1:0.0569350229,C30pi23:1:0.0419687568,C30pi24:1:0.0339027062,C30pi25:1:0.0388777376,C30pi26:1:0.0196343766,C30pi27:1:0.0233086174,C30pi28:1:0.0622722654,C30pi29:1:0.0184803385,C30pi30:1:0.0203395454}
731  C30           31487.431    90  63154.863    63210.388    63510.888
Model C40 is alias for POISSON+G+FMIX{C40pi1:1:0.0223853788,C40pi2:1:0.0338891820,C40pi3:1:0.0577169375,C40pi4:1:0.0252416233,C40pi5:1:0.0108607921,C40pi6:1:0.0462373793,C40pi7:1:0.0102293175,C40pi8:1:0.0147523625,C40pi9:1:0.0143161352,C40pi10:1:0.0182302541,C40pi11:1:0.0204025079,C40pi12:1:0.0425505156,C40pi13:1:0.0248627269,C40pi14:1:0.0105892988,C40pi15:1:0.0188238725,C40pi16:1:0.0086663445,C40pi17:1:0.0148496147,C40pi18:1:0.0343037402,C40pi19:1:0.0225335203,C40pi20:1:0.0174068578,C40pi21:1:0.0112207827,C40pi22:1:0.0443532245,C40pi23:1:0.0392573370,C40pi24:1:0.0196756555,C40pi25:1:0.0287690328,C40pi26:1:0.0114441177,C40pi27:1:0.0112338740,C40pi28:1:0.0582694099,C40pi29:1:0.0444272279,C40pi30:1:0.0112010942,C40pi31:1:0.0145176111,C40pi32:1:0.0114629026,C40pi33:1:0.0239628061,C40pi34:1:0.0266266492,C40pi35:1:0.0481201159,C40pi36:1:0.0371147423,C40pi37:1:0.0160476688,C40pi38:1:0.0237249267,C40pi39:1:0.0235226203,C40pi40:1:0.0261998398}
732  C40           31479.872    90  63139.744    63195.269    63495.769
Model C50 is alias for POISSON+G+FMIX{C50pi1:1:0.0164297003,C50pi2:1:0.0273175755,C50pi3:1:0.0460247610,C50pi4:1:0.0084864734,C50pi5:1:0.0125389252,C50pi6:1:0.0343549036,C50pi7:1:0.0130241102,C50pi8:1:0.0094755681,C50pi9:1:0.0190040551,C50pi10:1:0.0151902354,C50pi11:1:0.0320534760,C50pi12:1:0.0210059850,C50pi13:1:0.0237408547,C50pi14:1:0.0239841203,C50pi15:1:0.0213748021,C50pi16:1:0.0210717705,C50pi17:1:0.0050241805,C50pi18:1:0.0166262276,C50pi19:1:0.0143945956,C50pi20:1:0.0104391130,C50pi21:1:0.0107628277,C50pi22:1:0.0148818171,C50pi23:1:0.0321480239,C50pi24:1:0.0145477978,C50pi25:1:0.0332355807,C50pi26:1:0.0143190281,C50pi27:1:0.0234478734,C50pi28:1:0.0183044983,C50pi29:1:0.0403269452,C50pi30:1:0.0135629530,C50pi31:1:0.0091880799,C50pi32:1:0.0158270022,C50pi33:1:0.0121019379,C50pi34:1:0.0353560982,C50pi35:1:0.0404495617,C50pi36:1:0.0104569232,C50pi37:1:0.0146187792,C50pi38:1:0.0093984095,C50pi39:1:0.0146773809,C50pi40:1:0.0201635562,C50pi41:1:0.0255640273,C50pi42:1:0.0039486842,C50pi43:1:0.0393652608,C50pi44:1:0.0056415419,C50pi45:1:0.0382833580,C50pi46:1:0.0039735086,C50pi47:1:0.0140269355,C50pi48:1:0.0476703673,C50pi49:1:0.0204062788,C50pi50:1:0.0117835304}
733  C50           31440.200    90  63060.400    63115.925    63416.425
Model C60 is alias for POISSON+G+FMIX{C60pi1:1:0.0169698865,C60pi2:1:0.0211683374,C60pi3:1:0.0276589079,C60pi4:1:0.0065675964,C60pi5:1:0.0141221416,C60pi6:1:0.0068774834,C60pi7:1:0.0146909701,C60pi8:1:0.0067225777,C60pi9:1:0.0018396660,C60pi10:1:0.0102547197,C60pi11:1:0.0230896163,C60pi12:1:0.0057941033,C60pi13:1:0.0125394534,C60pi14:1:0.0204526478,C60pi15:1:0.0070629602,C60pi16:1:0.0117982741,C60pi17:1:0.0068334668,C60pi18:1:0.0433775839,C60pi19:1:0.0318278731,C60pi20:1:0.0222546108,C60pi21:1:0.0102264969,C60pi22:1:0.0150545891,C60pi23:1:0.0134159878,C60pi24:1:0.0148552065,C60pi25:1:0.0239111516,C60pi26:1:0.0128776278,C60pi27:1:0.0222318842,C60pi28:1:0.0247444742,C60pi29:1:0.0214274810,C60pi30:1:0.0115001882,C60pi31:1:0.0076017389,C60pi32:1:0.0130258568,C60pi33:1:0.0093701965,C60pi34:1:0.0467194264,C60pi35:1:0.0441940314,C60pi36:1:0.0322263154,C60pi37:1:0.0402999891,C60pi38:1:0.0150234227,C60pi39:1:0.0104589903,C60pi40:1:0.0214742395,C60pi41:1:0.0154957836,C60pi42:1:0.0101789953,C60pi43:1:0.0227980379,C60pi44:1:0.0123204539,C60pi45:1:0.0066777583,C60pi46:1:0.0004150083,C60pi47:1:0.0344385130,C60pi48:1:0.0113663379,C60pi49:1:0.0127143049,C60pi50:1:0.0124323741,C60pi51:1:0.0262124415,C60pi52:1:0.0064994957,C60pi53:1:0.0103203293,C60pi54:1:0.0142463512,C60pi55:1:0.0215600067,C60pi56:1:0.0199150700,C60pi57:1:0.0038964200,C60pi58:1:0.0113448855,C60pi59:1:0.0128595846,C60pi60:1:0.0117656776}
WARNING: Your input class weight 0.000415008 is very small and may cause numerical issues
734  C60           31452.710    90  63085.420    63140.946    63441.446
Model EX2 is alias for MIX{BurEX2:0.672020808818762,ExpEX2:1.6413466609931}
WARNING: Normalizing state frequencies so that sum of them equals to 1
735  EX2           31396.153    90  62972.305    63027.831    63328.330
Model EX3 is alias for MIX{BurEX3:0.427672756793791,IntEX3:0.837595938019774,HExEX3:1.51863631431518}
WARNING: Normalizing state frequencies so that sum of them equals to 1
WARNING: Normalizing state frequencies so that sum of them equals to 1
736  EX3           31312.969    91  62807.938    62864.890    63167.919
Model EHO is alias for MIX{ExtEHO:0.720274356,HelEHO:0.976798797,OthEHO:0.783109376}
WARNING: Normalizing state frequencies so that sum of them equals to 1
WARNING: Normalizing state frequencies so that sum of them equals to 1
WARNING: Normalizing state frequencies so that sum of them equals to 1
737  EHO           31860.925    91  63903.851    63960.803    64263.832
Model UL2 is alias for MIX{M1_UL2:0.581348617,M2_UL2:1.465482789}
WARNING: Normalizing state frequencies so that sum of them equals to 1
738  UL2           31627.358    90  63434.715    63490.241    63790.741
Model UL3 is alias for MIX{Q1_UL3:0.484340397,Q2_UL3:0.492780514,Q3_UL3:1.15597274}
WARNING: Normalizing state frequencies so that sum of them equals to 1
WARNING: Normalizing state frequencies so that sum of them equals to 1
739  UL3           31953.793    91  64089.586    64146.538    64449.567
Model EX_EHO is alias for MIX{BUR_EXT:0.761816796788931,BUR_HEL:0.744425646802117,BUR_OTH:0.532457759429489,EXP_EXT:1.5639387472863,EXP_HEL:2.06403411829438,EXP_OTH:1.43336795177594}
WARNING: Normalizing state frequencies so that sum of them equals to 1
WARNING: Normalizing state frequencies so that sum of them equals to 1
WARNING: Normalizing state frequencies so that sum of them equals to 1
740  EX_EHO        31143.106    94  62474.212    62535.587    62846.061
Model LG4M is alias for MIX{LG4M1,LG4M2,LG4M3,LG4M4}*G4
741  LG4M          31225.145    90  62630.290    62685.815    62986.315
Model LG4X is alias for MIX{LG4X1,LG4X2,LG4X3,LG4X4}*R4
742  LG4X          31119.317    95  62428.634    62491.531    62804.439
Model CF4 is alias for POISSON+FMIX{Fclass1,Fclass2,Fclass3,Fclass4}+F+G
WARNING: Normalizing State frequencies so that sum of them equals to 1
WARNING: Normalizing State frequencies so that sum of them equals to 1
WARNING: Normalizing State frequencies so that sum of them equals to 1
WARNING: Normalizing State frequencies so that sum of them equals to 1
743  CF4           32057.483    113 64340.965    64435.686    64787.975
Akaike Information Criterion:           Q.pfam+F+R5
Corrected Akaike Information Criterion: Q.pfam+F+R5
Bayesian Information Criterion:         Q.pfam+F+R5
Best-fit model: Q.pfam+F+R5 chosen according to BIC

All model information printed to /researchdrive/zhongj2/tree-reconciliation/iqtree_gene_trees/COG1567.model.gz
CPU time for ModelFinder: 2551.421 seconds (0h:42m:31s)
Wall-clock time for ModelFinder: 259.494 seconds (0h:4m:19s)
Generating 1000 samples for ultrafast bootstrap (seed: 742601)...
WARNING: Normalizing state frequencies so that sum of them equals to 1

NOTE: 16 MB RAM (0 GB) is required!
Estimate model parameters (epsilon = 0.100)
1. Initial log-likelihood: -30838.194
Optimal log-likelihood: -30838.190
Site proportion and rates:  (0.074,0.093) (0.150,0.336) (0.214,0.633) (0.385,1.133) (0.177,2.098)
Parameters optimization took 1 rounds (0.145 sec)
Wrote distance file to... 
Computing ML distances based on estimated model parameters...
Calculating distance matrix: done in 0.0585579 secs using 1026% CPU
Computing ML distances took 0.058701 sec (of wall-clock time) 0.600689 sec (of CPU time)
Setting up auxiliary I and S matrices: done in 0.00387166 secs using 404.1% CPU
Constructing RapidNJ tree: done in 0.0756027 secs using 317.8% CPU
Computing RapidNJ tree took 0.079671 sec (of wall-clock time) 0.257383 sec (of CPU time)
Log-likelihood of RapidNJ tree: -30884.735
--------------------------------------------------------------------
|             INITIALIZING CANDIDATE TREE SET                      |
--------------------------------------------------------------------
Generating 98 parsimony trees... 1.627 second
Computing log-likelihood of 98 initial trees ... 1.561 seconds
Current best score: -30838.190

Do NNI search on 20 best initial trees
Optimizing NNI: done in 0.206058 secs using 983% CPU
Estimate model parameters (epsilon = 0.100)
BETTER TREE FOUND at iteration 1: -30834.010
Optimizing NNI: done in 0.361283 secs using 996.8% CPU
Optimizing NNI: done in 0.523487 secs using 997.8% CPU
Estimate model parameters (epsilon = 0.100)
BETTER TREE FOUND at iteration 3: -30829.144
Optimizing NNI: done in 0.385679 secs using 1005% CPU
Optimizing NNI: done in 0.465511 secs using 1005% CPU
Estimate model parameters (epsilon = 0.100)
BETTER TREE FOUND at iteration 5: -30823.980
Optimizing NNI: done in 0.56362 secs using 998.4% CPU
Optimizing NNI: done in 0.591976 secs using 1000% CPU
Optimizing NNI: done in 0.646476 secs using 995.3% CPU
Optimizing NNI: done in 0.557704 secs using 1003% CPU
Optimizing NNI: done in 0.512494 secs using 997.5% CPU
Iteration 10 / LogL: -30843.629 / Time: 0h:0m:9s
Optimizing NNI: done in 0.577328 secs using 995.8% CPU
Optimizing NNI: done in 0.421727 secs using 1005% CPU
Optimizing NNI: done in 0.563241 secs using 999% CPU
Optimizing NNI: done in 0.475207 secs using 999.8% CPU
Optimizing NNI: done in 0.48258 secs using 995.2% CPU
Optimizing NNI: done in 0.531174 secs using 1001% CPU
Optimizing NNI: done in 0.61703 secs using 997.8% CPU
Optimizing NNI: done in 0.483258 secs using 1001% CPU
Optimizing NNI: done in 0.600277 secs using 998.9% CPU
Optimizing NNI: done in 0.393039 secs using 997.6% CPU
Iteration 20 / LogL: -30845.898 / Time: 0h:0m:14s
Finish initializing candidate tree set (20)
Current best tree score: -30823.980 / CPU time: 14.319
Number of iterations: 20
--------------------------------------------------------------------
|               OPTIMIZING CANDIDATE TREE SET                      |
--------------------------------------------------------------------
Optimizing NNI: done in 0.347716 secs using 998.6% CPU
Optimizing NNI: done in 0.221782 secs using 991.1% CPU
Optimizing NNI: done in 0.248492 secs using 1008% CPU
Optimizing NNI: done in 0.261732 secs using 1002% CPU
Optimizing NNI: done in 0.266071 secs using 991.5% CPU
Estimate model parameters (epsilon = 0.100)
BETTER TREE FOUND at iteration 25: -30821.787
Optimizing NNI: done in 0.312812 secs using 1003% CPU
Optimizing NNI: done in 0.366774 secs using 989.9% CPU
Optimizing NNI: done in 0.45667 secs using 1003% CPU
Optimizing NNI: done in 0.331975 secs using 995.1% CPU
Optimizing NNI: done in 0.42333 secs using 998.7% CPU
Iteration 30 / LogL: -30823.981 / Time: 0h:0m:18s (0h:0m:59s left)
Optimizing NNI: done in 0.492132 secs using 998.7% CPU
Optimizing NNI: done in 0.412064 secs using 998.1% CPU
Optimizing NNI: done in 0.39481 secs using 996.5% CPU
Optimizing NNI: done in 0.420054 secs using 998% CPU
Optimizing NNI: done in 0.372433 secs using 998.9% CPU
Optimizing NNI: done in 0.545501 secs using 996% CPU
Optimizing NNI: done in 0.685176 secs using 1002% CPU
Optimizing NNI: done in 0.358993 secs using 998% CPU
Optimizing NNI: done in 0.680193 secs using 998% CPU
Optimizing NNI: done in 0.573392 secs using 997.8% CPU
Iteration 40 / LogL: -30823.321 / Time: 0h:0m:23s (0h:0m:50s left)
Optimizing NNI: done in 0.602873 secs using 978.2% CPU
Estimate model parameters (epsilon = 0.100)
BETTER TREE FOUND at iteration 41: -30821.356
Optimizing NNI: done in 0.438478 secs using 991.2% CPU
Optimizing NNI: done in 0.520292 secs using 998.1% CPU
Estimate model parameters (epsilon = 0.100)
BETTER TREE FOUND at iteration 43: -30820.110
Optimizing NNI: done in 0.41408 secs using 993.5% CPU
Optimizing NNI: done in 0.717252 secs using 998.4% CPU
Optimizing NNI: done in 0.460447 secs using 1002% CPU
Optimizing NNI: done in 0.457458 secs using 995.4% CPU
Optimizing NNI: done in 0.411361 secs using 999.5% CPU
Optimizing NNI: done in 0.49821 secs using 1002% CPU
Optimizing NNI: done in 0.355792 secs using 999.4% CPU
Iteration 50 / LogL: -30821.292 / Time: 0h:0m:29s (0h:0m:55s left)
Log-likelihood cutoff on original alignment: -30872.471
UFBoot trees printed to /researchdrive/zhongj2/tree-reconciliation/iqtree_gene_trees/COG1567.ufboot
Optimizing NNI: done in 0.563765 secs using 999.7% CPU
Optimizing NNI: done in 0.59098 secs using 1000% CPU
Optimizing NNI: done in 0.402794 secs using 992.7% CPU
Optimizing NNI: done in 0.436829 secs using 998.3% CPU
Optimizing NNI: done in 0.544581 secs using 996.8% CPU
Optimizing NNI: done in 0.476058 secs using 997.7% CPU
Optimizing NNI: done in 0.493605 secs using 994.6% CPU
Optimizing NNI: done in 0.567147 secs using 1001% CPU
Optimizing NNI: done in 0.339501 secs using 998.4% CPU
Optimizing NNI: done in 0.450812 secs using 1001% CPU
Iteration 60 / LogL: -30820.812 / Time: 0h:0m:34s (0h:0m:48s left)
Optimizing NNI: done in 0.354741 secs using 1001% CPU
Optimizing NNI: done in 0.371343 secs using 998.1% CPU
Optimizing NNI: done in 0.45976 secs using 997% CPU
Optimizing NNI: done in 0.354739 secs using 998.6% CPU
Optimizing NNI: done in 0.508454 secs using 996.8% CPU
Estimate model parameters (epsilon = 0.100)
BETTER TREE FOUND at iteration 65: -30819.570
Optimizing NNI: done in 0.359822 secs using 1000% CPU
Optimizing NNI: done in 0.516853 secs using 997% CPU
Optimizing NNI: done in 0.47297 secs using 1004% CPU
Optimizing NNI: done in 0.598268 secs using 1001% CPU
Optimizing NNI: done in 0.371449 secs using 997% CPU
Iteration 70 / LogL: -30820.896 / Time: 0h:0m:39s (0h:0m:53s left)
Optimizing NNI: done in 0.457817 secs using 1003% CPU
Optimizing NNI: done in 0.434231 secs using 1003% CPU
Optimizing NNI: done in 0.397385 secs using 1004% CPU
Optimizing NNI: done in 0.389695 secs using 1004% CPU
Optimizing NNI: done in 0.420902 secs using 996.1% CPU
Optimizing NNI: done in 0.354358 secs using 991.7% CPU
Optimizing NNI: done in 0.455016 secs using 1000% CPU
Optimizing NNI: done in 0.26038 secs using 994.1% CPU
Optimizing NNI: done in 0.329522 secs using 992.2% CPU
Optimizing NNI: done in 0.446626 secs using 1001% CPU
Iteration 80 / LogL: -30821.471 / Time: 0h:0m:43s (0h:0m:46s left)
Optimizing NNI: done in 0.336494 secs using 1005% CPU
Optimizing NNI: done in 0.429049 secs using 996.9% CPU
Optimizing NNI: done in 0.461739 secs using 993.2% CPU
Optimizing NNI: done in 0.425531 secs using 996.7% CPU
Optimizing NNI: done in 0.461643 secs using 1003% CPU
Optimizing NNI: done in 0.423199 secs using 1001% CPU
Optimizing NNI: done in 0.38383 secs using 994.9% CPU
Optimizing NNI: done in 0.307325 secs using 990.2% CPU
Optimizing NNI: done in 0.439441 secs using 990.2% CPU
Optimizing NNI: done in 0.313171 secs using 992.8% CPU
Iteration 90 / LogL: -30819.596 / Time: 0h:0m:47s (0h:0m:39s left)
Optimizing NNI: done in 0.317156 secs using 1006% CPU
Optimizing NNI: done in 0.332329 secs using 997.9% CPU
Optimizing NNI: done in 0.28367 secs using 997.5% CPU
Optimizing NNI: done in 0.289992 secs using 1002% CPU
Optimizing NNI: done in 0.286832 secs using 1002% CPU
Optimizing NNI: done in 0.414164 secs using 1003% CPU
Optimizing NNI: done in 0.416017 secs using 1000% CPU
Optimizing NNI: done in 0.339309 secs using 1001% CPU
Optimizing NNI: done in 0.268404 secs using 997.2% CPU
Optimizing NNI: done in 0.261766 secs using 1001% CPU
Iteration 100 / LogL: -30820.921 / Time: 0h:0m:50s (0h:0m:33s left)
Log-likelihood cutoff on original alignment: -30867.772
NOTE: Bootstrap correlation coefficient of split occurrence frequencies: 0.993
UFBoot trees printed to /researchdrive/zhongj2/tree-reconciliation/iqtree_gene_trees/COG1567.ufboot
Optimizing NNI: done in 0.294959 secs using 1002% CPU
Optimizing NNI: done in 0.297199 secs using 992.3% CPU
Optimizing NNI: done in 0.276571 secs using 996.6% CPU
Optimizing NNI: done in 0.236021 secs using 990.8% CPU
Optimizing NNI: done in 0.245288 secs using 993.7% CPU
Optimizing NNI: done in 0.306882 secs using 991.5% CPU
Optimizing NNI: done in 0.245714 secs using 992% CPU
Optimizing NNI: done in 0.232472 secs using 1008% CPU
Optimizing NNI: done in 0.264577 secs using 998% CPU
Optimizing NNI: done in 0.279409 secs using 989% CPU
Iteration 110 / LogL: -30820.853 / Time: 0h:0m:53s (0h:0m:44s left)
Optimizing NNI: done in 0.302326 secs using 989.1% CPU
Optimizing NNI: done in 0.334242 secs using 991.5% CPU
Optimizing NNI: done in 0.309659 secs using 991.3% CPU
Optimizing NNI: done in 0.289758 secs using 991.8% CPU
Optimizing NNI: done in 0.279163 secs using 1001% CPU
Optimizing NNI: done in 0.31651 secs using 993.8% CPU
Optimizing NNI: done in 0.330224 secs using 1005% CPU
Optimizing NNI: done in 0.355014 secs using 1001% CPU
Optimizing NNI: done in 0.289657 secs using 1002% CPU
Optimizing NNI: done in 0.270357 secs using 997.1% CPU
Iteration 120 / LogL: -30819.634 / Time: 0h:0m:56s (0h:0m:38s left)
Optimizing NNI: done in 0.225315 secs using 993% CPU
Optimizing NNI: done in 0.441295 secs using 997.3% CPU
Optimizing NNI: done in 0.280054 secs using 995% CPU
Optimizing NNI: done in 0.262178 secs using 991% CPU
Optimizing NNI: done in 0.305171 secs using 995.2% CPU
Optimizing NNI: done in 0.286552 secs using 999.9% CPU
Optimizing NNI: done in 0.22043 secs using 990.8% CPU
Optimizing NNI: done in 0.190465 secs using 986.2% CPU
Optimizing NNI: done in 0.273437 secs using 995.3% CPU
Optimizing NNI: done in 0.238342 secs using 1002% CPU
Iteration 130 / LogL: -30824.153 / Time: 0h:0m:59s (0h:0m:32s left)
Optimizing NNI: done in 0.234865 secs using 999.7% CPU
Optimizing NNI: done in 0.303526 secs using 998.1% CPU
Optimizing NNI: done in 0.294624 secs using 1003% CPU
Optimizing NNI: done in 0.221577 secs using 993.6% CPU
Optimizing NNI: done in 0.317875 secs using 993.4% CPU
Optimizing NNI: done in 0.316978 secs using 994.7% CPU
Optimizing NNI: done in 0.434281 secs using 1004% CPU
Optimizing NNI: done in 0.398724 secs using 1001% CPU
Optimizing NNI: done in 0.398083 secs using 995.3% CPU
Optimizing NNI: done in 0.291125 secs using 990.3% CPU
Iteration 140 / LogL: -30819.651 / Time: 0h:1m:2s (0h:0m:27s left)
Optimizing NNI: done in 0.435589 secs using 998.1% CPU
Optimizing NNI: done in 0.591542 secs using 1000% CPU
Optimizing NNI: done in 0.450167 secs using 995.6% CPU
Optimizing NNI: done in 0.457284 secs using 995.7% CPU
Optimizing NNI: done in 0.366594 secs using 1002% CPU
Optimizing NNI: done in 0.387804 secs using 988.1% CPU
Optimizing NNI: done in 0.527693 secs using 998.1% CPU
Optimizing NNI: done in 0.448995 secs using 1004% CPU
Optimizing NNI: done in 0.509192 secs using 997.1% CPU
Optimizing NNI: done in 0.36575 secs using 994.6% CPU
Iteration 150 / LogL: -30823.186 / Time: 0h:1m:7s (0h:0m:22s left)
Log-likelihood cutoff on original alignment: -30861.682
UFBoot trees printed to /researchdrive/zhongj2/tree-reconciliation/iqtree_gene_trees/COG1567.ufboot
Optimizing NNI: done in 0.47512 secs using 1000% CPU
Optimizing NNI: done in 0.595464 secs using 1000% CPU
Optimizing NNI: done in 0.650474 secs using 999.6% CPU
Optimizing NNI: done in 0.632889 secs using 998.7% CPU
Optimizing NNI: done in 0.443373 secs using 1000% CPU
Optimizing NNI: done in 0.505758 secs using 999.9% CPU
Optimizing NNI: done in 0.380658 secs using 995.3% CPU
Optimizing NNI: done in 0.508759 secs using 996.3% CPU
Optimizing NNI: done in 0.510337 secs using 994.3% CPU
Optimizing NNI: done in 0.574856 secs using 999.6% CPU
Iteration 160 / LogL: -30822.422 / Time: 0h:1m:13s (0h:0m:18s left)
Optimizing NNI: done in 0.427669 secs using 999.8% CPU
Optimizing NNI: done in 0.341864 secs using 1005% CPU
Optimizing NNI: done in 0.416228 secs using 998.5% CPU
Optimizing NNI: done in 0.378085 secs using 1002% CPU
Optimizing NNI: done in 0.65697 secs using 996.2% CPU
Optimizing NNI: done in 0.475732 secs using 999.6% CPU
TREE SEARCH COMPLETED AFTER 166 ITERATIONS / Time: 0h:1m:16s

--------------------------------------------------------------------
|                    FINALIZING TREE SEARCH                        |
--------------------------------------------------------------------
Performs final model parameters optimization
Estimate model parameters (epsilon = 0.010)
1. Initial log-likelihood: -30819.570
Optimal log-likelihood: -30819.563
Site proportion and rates:  (0.075,0.097) (0.158,0.340) (0.245,0.677) (0.408,1.240) (0.113,2.361)
Parameters optimization took 1 rounds (0.217 sec)
BEST SCORE FOUND : -30819.563
Creating bootstrap support values...
Split supports printed to NEXUS file /researchdrive/zhongj2/tree-reconciliation/iqtree_gene_trees/COG1567.splits.nex
Total tree length: 58.595

Total number of iterations: 166
CPU time used for tree search: 730.331 sec (0h:12m:10s)
Wall-clock time used for tree search: 76.059 sec (0h:1m:16s)
Total CPU time used: 736.166 sec (0h:12m:16s)
Total wall-clock time used: 76.980 sec (0h:1m:16s)
UFBoot trees printed to /researchdrive/zhongj2/tree-reconciliation/iqtree_gene_trees/COG1567.ufboot

Computing bootstrap consensus tree...
Reading input file /researchdrive/zhongj2/tree-reconciliation/iqtree_gene_trees/COG1567.splits.nex...
46 taxa and 487 splits.
Consensus tree written to /researchdrive/zhongj2/tree-reconciliation/iqtree_gene_trees/COG1567.contree
Reading input trees file /researchdrive/zhongj2/tree-reconciliation/iqtree_gene_trees/COG1567.contree
Log-likelihood of consensus tree: -30823.333

Analysis results written to: 
  IQ-TREE report:                /researchdrive/zhongj2/tree-reconciliation/iqtree_gene_trees/COG1567.iqtree
  Maximum-likelihood tree:       /researchdrive/zhongj2/tree-reconciliation/iqtree_gene_trees/COG1567.treefile
  Likelihood distances:          /researchdrive/zhongj2/tree-reconciliation/iqtree_gene_trees/COG1567.mldist

Ultrafast bootstrap approximation results written to:
  Split support values:          /researchdrive/zhongj2/tree-reconciliation/iqtree_gene_trees/COG1567.splits.nex
  Consensus tree:                /researchdrive/zhongj2/tree-reconciliation/iqtree_gene_trees/COG1567.contree
  UFBoot trees:                  /researchdrive/zhongj2/tree-reconciliation/iqtree_gene_trees/COG1567.ufboot
  Screen log file:               /researchdrive/zhongj2/tree-reconciliation/iqtree_gene_trees/COG1567.log

ALISIM COMMAND
--------------
--alisim simulated_MSA -t /researchdrive/zhongj2/tree-reconciliation/iqtree_gene_trees/COG1567.treefile -m "Q.pfam+F+R5{0.0752854,0.0971079,0.158226,0.34019,0.245298,0.676927,0.408447,1.24036,0.112743,2.36105}" --length 386

Date and Time: Sun Apr  2 01:55:47 2023
