IQ-TREE multicore version 2.2.0.3 COVID-edition for Linux 64-bit built Aug  2 2022
Developed by Bui Quang Minh, James Barbetti, Nguyen Lam Tung,
Olga Chernomor, Heiko Schmidt, Dominik Schrempf, Michael Woodhams, Ly Trong Nhan.

Host:    baross.its.carleton.edu (AVX2, FMA3, 755 GB RAM)
Command: iqtree -s gene_alignments/trimv2_COG2453.afa -m MFP -bb 1000 -wbtl -ntmax 10 -nt AUTO -T 10 --prefix iqtree_gene_trees/COG2453 -madd C10,C20,C30,C40,C50,C60,EX2,EX3,EHO,UL2,UL3,EX_EHO,LG4M,LG4X,CF4,LG+C10,LG+C20,LG+C30,LG+C40,LG+C50,LG+C60 -mrate E,I,G,I+G,R
Seed:    928874 (Using SPRNG - Scalable Parallel Random Number Generator)
Time:    Sat Apr  8 10:41:23 2023
Kernel:  AVX+FMA - 10 threads (96 CPU cores detected)

Reading alignment file gene_alignments/trimv2_COG2453.afa ... Fasta format detected
Reading fasta file: done in 0.000935419 secs using 95.47% CPU
Alignment most likely contains protein sequences
Constructing alignment: done in 0.00203284 secs using 811% CPU
Alignment has 38 sequences with 282 columns, 282 distinct patterns
264 parsimony-informative, 14 singleton sites, 4 constant sites
                                                             Gap/Ambiguity  Composition  p-value
Analyzing sequences: done in 7.3825e-05 secs using 829% CPU
   1  GCA.000315625.1.Eukaryota.Cryptophyceae_EKX36845.1            13.48%    passed     65.06%
   2  GCA.000189635.1.Eukaryota.Ciliophora_EAS05064.1                6.03%    passed     12.13%
   3  GCA.000189635.1.Eukaryota.Ciliophora_EAS06737.3                5.32%    failed      0.09%
   4  GCA.000002865.1.Eukaryota.Choanoflagellata_EDQ88713.1         18.44%    passed     61.02%
   5  GCA.000315625.1.Eukaryota.Cryptophyceae_EKX41010.1             5.67%    passed     99.18%
   6  GCA.000189635.1.Eukaryota.Ciliophora_EAR89845.2               19.50%    failed      1.29%
   7  GCA.000315625.1.Eukaryota.Cryptophyceae_EKX43441.1            10.64%    passed     96.55%
   8  GCA.000189635.1.Eukaryota.Ciliophora_EAS03325.2                6.38%    passed      9.72%
   9  GCA.000188695.1.Eukaryota.Choanoflagellata_EGD78114.1          5.67%    passed     36.79%
  10  GCA.000315625.1.Eukaryota.Cryptophyceae_EKX46344.1            13.83%    passed     85.17%
  11  GCA.000188695.1.Eukaryota.Choanoflagellata_EGD73172.1         17.73%    passed      7.19%
  12  GCA.000315625.1.Eukaryota.Cryptophyceae_EKX47250.1             6.74%    passed     91.79%
  13  GCA.000315625.1.Eukaryota.Cryptophyceae_EKX38588.1             8.87%    passed     94.68%
  14  GCA.000315625.1.Eukaryota.Cryptophyceae_EKX55481.1            10.28%    passed     53.90%
  15  GCA.015473125.1.Eukaryota.Viridiplantae_GHP05841.1             4.96%    passed     23.37%
  16  GCA.000209225.1.Eukaryota.Cnidaria_EDO38043.1                  8.51%    passed     85.52%
  17  GCA.000315625.1.Eukaryota.Cryptophyceae_EKX45387.1            17.38%    passed     82.79%
  18  GCF.000091205.1.Eukaryota.Rhodophyta_XP_005536272.1            6.38%    failed      0.19%
  19  GCF.000024725.1.Bacteria.Proteobacteria_NC_013960.1_2801      18.44%    passed      6.74%
  20  GCA.000315625.1.Eukaryota.Cryptophyceae_EKX53735.1            12.06%    passed     82.29%
  21  GCA.000002865.1.Eukaryota.Choanoflagellata_EDQ87103.1          5.32%    passed     37.78%
  22  GCA.000188695.1.Eukaryota.Choanoflagellata_EGD77993.1         12.77%    passed     77.60%
  23  GCA.000189635.1.Eukaryota.Ciliophora_EAS06732.1                6.03%    passed     60.17%
  24  GCA.000189635.1.Eukaryota.Ciliophora_EAR86424.2                8.87%    passed     56.49%
  25  GCA.000004985.1.Eukaryota.Heterolobosea_EFC48918.1            15.96%    failed      0.46%
  26  GCA.000315625.1.Eukaryota.Cryptophyceae_EKX37179.1            17.38%    passed     73.64%
  27  GCA.000315625.1.Eukaryota.Cryptophyceae_EKX46328.1             8.51%    passed     61.85%
  28  GCA.000002865.1.Eukaryota.Choanoflagellata_EDQ84897.1         18.09%    passed     83.43%
  29  GCA.000209225.1.Eukaryota.Cnidaria_EDO38271.1                 12.77%    passed     54.59%
  30  GCA.000315625.1.Eukaryota.Cryptophyceae_EKX43399.1            11.70%    passed     84.08%
  31  GCA.000315625.1.Eukaryota.Cryptophyceae_EKX31889.1            17.73%    passed     43.58%
  32  GCA.001819495.1.Bacteria.Patescibacteria_MHMW01000007.1_5     13.83%    passed      5.82%
  33  GCA.003242895.1.Bacteria.Margulisbacteria_QKMY01000061.1_34   19.15%    failed      3.74%
  34  GCA.000004985.1.Eukaryota.Heterolobosea_EFC48512.1            17.38%    passed     99.96%
  35  GCA.000315625.1.Eukaryota.Cryptophyceae_EKX43467.1            17.73%    passed     72.65%
  36  GCA.000315625.1.Eukaryota.Cryptophyceae_EKX31483.1             5.67%    passed     73.82%
  37  GCF.000165345.1.Eukaryota.Apicocomplexa_XP_626722.1           19.15%    passed     26.65%
  38  GCA.000002435.2.Eukaryota.Fornicata_KAE8303490.1               6.03%    passed     90.15%
****  TOTAL                                                         11.85%  5 sequences failed composition chi2 test (p-value<5%; df=19)
Checking for duplicate sequences: done in 0.000610006 secs using 873.8% CPU


Create initial parsimony tree by phylogenetic likelihood library (PLL)... 0.030 seconds
Perform fast likelihood tree search using LG+I+G model...
Estimate model parameters (epsilon = 5.000)
Perform nearest neighbor interchange...
Optimizing NNI: done in 0.495428 secs using 993.9% CPU
Estimate model parameters (epsilon = 1.000)
1. Initial log-likelihood: -18877.708
Optimal log-likelihood: -18877.588
Proportion of invariable sites: 0.010
Gamma shape alpha: 1.256
Parameters optimization took 1 rounds (0.063 sec)
Time for fast ML tree search: 0.834 seconds

NOTE: ModelFinder requires 19 MB RAM!
ModelFinder will test up to 749 protein models (sample size: 282) ...
 No. Model         -LnL         df  AIC          AICc         BIC
  1  LG            19636.644    73  39419.288    39471.230    39685.147
  2  LG+I          19582.791    74  39313.583    39367.206    39583.084
  3  LG+G4         18887.128    74  37922.255    37975.879    38191.756
  4  LG+I+G4       18877.574    75  37905.148    37960.488    38178.291
  5  LG+R2         19014.947    75  38179.893    38235.233    38453.036
  6  LG+R3         18902.676    77  37959.351    38018.234    38239.778
  7  LG+R4         18883.834    79  37925.668    37988.242    38213.378
  8  LG+R5         18862.966    81  37887.932    37954.352    38182.927
  9  LG+R6         18858.008    83  37882.015    37952.439    38184.293
 14  LG+F          19597.368    92  39378.737    39469.277    39713.792
 15  LG+F+I        19546.709    93  39279.419    39372.419    39618.116
 16  LG+F+G4       18872.844    93  37931.687    38024.687    38270.385
 17  LG+F+I+G4     18864.270    94  37916.541    38012.049    38258.880
 18  LG+F+R2       19003.991    94  38195.982    38291.490    38538.321
 19  LG+F+R3       18888.448    96  37968.896    38069.567    38318.519
 20  LG+F+R4       18868.851    98  37933.703    38039.735    38290.610
 21  LG+F+R5       18853.505    100 37907.010    38018.612    38271.201
 22  LG+F+R6       18846.944    102 37897.889    38015.274    38269.363
 23  LG+F+R7       18846.930    104 37901.859    38025.249    38280.618
 27  WAG           19566.783    73  39279.566    39331.508    39545.425
 28  WAG+I         19527.980    74  39203.961    39257.584    39473.462
 29  WAG+G4        18997.089    74  38142.179    38195.802    38411.680
 30  WAG+I+G4      18990.027    75  38130.054    38185.394    38403.197
 31  WAG+R2        19087.068    75  38324.136    38379.476    38597.279
 32  WAG+R3        19004.760    77  38163.519    38222.402    38443.946
 33  WAG+R4        18991.365    79  38140.730    38203.304    38428.441
 34  WAG+R5        18972.523    81  38107.046    38173.466    38402.040
 35  WAG+R6        18970.079    83  38106.158    38176.582    38408.436
 40  WAG+F         19467.648    92  39119.296    39209.835    39454.351
 41  WAG+F+I       19432.097    93  39050.195    39143.195    39388.892
 42  WAG+F+G4      18904.355    93  37994.710    38087.710    38333.407
 43  WAG+F+I+G4    18898.386    94  37984.772    38080.280    38327.112
 44  WAG+F+R2      18998.234    94  38184.467    38279.975    38526.807
 45  WAG+F+R3      18912.840    96  38017.679    38118.350    38367.302
 46  WAG+F+R4      18897.978    98  37991.956    38097.989    38348.863
 47  WAG+F+R5      18885.665    100 37971.329    38082.932    38335.520
 48  WAG+F+R6      18880.139    102 37964.277    38081.663    38335.752
 53  JTT           19870.867    73  39887.734    39939.677    40153.593
 54  JTT+I         19819.726    74  39787.451    39841.074    40056.952
 55  JTT+G4        19149.410    74  38446.820    38500.444    38716.322
 56  JTT+I+G4      19140.318    75  38430.636    38485.976    38703.779
 57  JTT+R2        19251.157    75  38652.313    38707.653    38925.456
 58  JTT+R3        19164.830    77  38483.659    38542.542    38764.086
 59  JTT+R4        19145.405    79  38448.811    38511.385    38736.521
 60  JTT+R5        19128.015    81  38418.030    38484.450    38713.024
 61  JTT+R6        19120.435    83  38406.869    38477.293    38709.147
 62  JTT+R7        19120.225    85  38410.449    38485.041    38720.011
 66  JTT+F         19802.958    92  39789.916    39880.456    40124.972
 67  JTT+F+I       19753.230    93  39692.460    39785.460    40031.158
 68  JTT+F+G4      19106.607    93  38399.213    38492.213    38737.911
 69  JTT+F+I+G4    19097.562    94  38383.123    38478.631    38725.462
 70  JTT+F+R2      19209.943    94  38607.885    38703.393    38950.224
 71  JTT+F+R3      19120.647    96  38433.294    38533.965    38782.918
 72  JTT+F+R4      19103.316    98  38402.632    38508.665    38759.539
 73  JTT+F+R5      19086.716    100 38373.431    38485.033    38737.622
 74  JTT+F+R6      19079.919    102 38363.838    38481.224    38735.313
 75  JTT+F+R7      19077.273    104 38362.545    38485.935    38741.304
WARNING: Normalizing state frequencies so that sum of them equals to 1
 79  Q.pfam        19665.710    73  39477.419    39529.362    39743.279
WARNING: Normalizing state frequencies so that sum of them equals to 1
 80  Q.pfam+I      19608.499    74  39364.998    39418.621    39634.499
WARNING: Normalizing state frequencies so that sum of them equals to 1
 81  Q.pfam+G4     18924.031    74  37996.062    38049.685    38265.563
WARNING: Normalizing state frequencies so that sum of them equals to 1
 82  Q.pfam+I+G4   18913.158    75  37976.316    38031.656    38249.459
WARNING: Normalizing state frequencies so that sum of them equals to 1
 83  Q.pfam+R2     19044.358    75  38238.716    38294.056    38511.859
WARNING: Normalizing state frequencies so that sum of them equals to 1
 84  Q.pfam+R3     18937.813    77  38029.626    38088.509    38310.053
WARNING: Normalizing state frequencies so that sum of them equals to 1
 85  Q.pfam+R4     18921.727    79  38001.454    38064.029    38289.165
WARNING: Normalizing state frequencies so that sum of them equals to 1
 86  Q.pfam+R5     18897.444    81  37956.888    38023.308    38251.883
WARNING: Normalizing state frequencies so that sum of them equals to 1
 87  Q.pfam+R6     18893.944    83  37953.888    38024.313    38256.167
WARNING: Normalizing state frequencies so that sum of them equals to 1
 92  Q.pfam+F      19613.830    92  39411.659    39502.199    39746.715
WARNING: Normalizing state frequencies so that sum of them equals to 1
 93  Q.pfam+F+I    19559.893    93  39305.787    39398.787    39644.484
WARNING: Normalizing state frequencies so that sum of them equals to 1
 94  Q.pfam+F+G4   18884.618    93  37955.236    38048.236    38293.934
WARNING: Normalizing state frequencies so that sum of them equals to 1
 95  Q.pfam+F+I+G4 18874.733    94  37937.467    38032.975    38279.806
WARNING: Normalizing state frequencies so that sum of them equals to 1
 96  Q.pfam+F+R2   19010.868    94  38209.736    38305.244    38552.075
WARNING: Normalizing state frequencies so that sum of them equals to 1
 97  Q.pfam+F+R3   18897.943    96  37987.886    38088.556    38337.509
WARNING: Normalizing state frequencies so that sum of them equals to 1
 98  Q.pfam+F+R4   18882.163    98  37960.326    38066.358    38317.232
WARNING: Normalizing state frequencies so that sum of them equals to 1
 99  Q.pfam+F+R5   18865.382    100 37930.763    38042.366    38294.954
WARNING: Normalizing state frequencies so that sum of them equals to 1
100  Q.pfam+F+R6   18857.982    102 37919.965    38037.350    38291.439
WARNING: Normalizing state frequencies so that sum of them equals to 1
101  Q.pfam+F+R7   18854.793    104 37917.587    38040.977    38296.345
WARNING: Normalizing state frequencies so that sum of them equals to 1
105  Q.bird        20505.256    73  41156.513    41208.455    41422.372
WARNING: Normalizing state frequencies so that sum of them equals to 1
106  Q.bird+I      20427.759    74  41003.519    41057.142    41273.020
WARNING: Normalizing state frequencies so that sum of them equals to 1
107  Q.bird+G4     19492.817    74  39133.633    39187.257    39403.134
WARNING: Normalizing state frequencies so that sum of them equals to 1
108  Q.bird+I+G4   19477.515    75  39105.030    39160.370    39378.173
WARNING: Normalizing state frequencies so that sum of them equals to 1
109  Q.bird+R2     19654.640    75  39459.280    39514.619    39732.423
WARNING: Normalizing state frequencies so that sum of them equals to 1
110  Q.bird+R3     19511.662    77  39177.323    39236.206    39457.750
WARNING: Normalizing state frequencies so that sum of them equals to 1
111  Q.bird+R4     19489.872    79  39137.744    39200.318    39425.454
WARNING: Normalizing state frequencies so that sum of them equals to 1
112  Q.bird+R5     19459.387    81  39080.773    39147.193    39375.768
WARNING: Normalizing state frequencies so that sum of them equals to 1
113  Q.bird+R6     19454.724    83  39075.448    39145.872    39377.726
WARNING: Normalizing state frequencies so that sum of them equals to 1
118  Q.bird+F      20434.362    92  41052.723    41143.263    41387.779
WARNING: Normalizing state frequencies so that sum of them equals to 1
119  Q.bird+F+I    20357.940    93  40901.881    40994.881    41240.578
WARNING: Normalizing state frequencies so that sum of them equals to 1
120  Q.bird+F+G4   19457.266    93  39100.531    39193.531    39439.229
WARNING: Normalizing state frequencies so that sum of them equals to 1
121  Q.bird+F+I+G4 19441.696    94  39071.393    39166.901    39413.732
WARNING: Normalizing state frequencies so that sum of them equals to 1
122  Q.bird+F+R2   19616.450    94  39420.900    39516.408    39763.239
WARNING: Normalizing state frequencies so that sum of them equals to 1
123  Q.bird+F+R3   19475.011    96  39142.022    39242.692    39491.645
WARNING: Normalizing state frequencies so that sum of them equals to 1
124  Q.bird+F+R4   19455.543    98  39107.086    39213.119    39463.993
WARNING: Normalizing state frequencies so that sum of them equals to 1
125  Q.bird+F+R5   19427.320    100 39054.639    39166.242    39418.830
WARNING: Normalizing state frequencies so that sum of them equals to 1
126  Q.bird+F+R6   19420.450    102 39044.900    39162.286    39416.375
WARNING: Normalizing state frequencies so that sum of them equals to 1
127  Q.bird+F+R7   19420.399    104 39048.798    39172.188    39427.556
WARNING: Normalizing state frequencies so that sum of them equals to 1
131  Q.mammal      20336.453    73  40818.907    40870.849    41084.766
WARNING: Normalizing state frequencies so that sum of them equals to 1
132  Q.mammal+I    20266.617    74  40681.234    40734.858    40950.736
WARNING: Normalizing state frequencies so that sum of them equals to 1
133  Q.mammal+G4   19388.007    74  38924.014    38977.637    39193.515
WARNING: Normalizing state frequencies so that sum of them equals to 1
134  Q.mammal+I+G4 19374.970    75  38899.939    38955.279    39173.082
WARNING: Normalizing state frequencies so that sum of them equals to 1
135  Q.mammal+R2   19542.390    75  39234.780    39290.120    39507.923
WARNING: Normalizing state frequencies so that sum of them equals to 1
136  Q.mammal+R3   19404.837    77  38963.674    39022.556    39244.101
WARNING: Normalizing state frequencies so that sum of them equals to 1
137  Q.mammal+R4   19385.888    79  38929.777    38992.351    39217.488
WARNING: Normalizing state frequencies so that sum of them equals to 1
138  Q.mammal+R5   19361.167    81  38884.334    38950.754    39179.328
WARNING: Normalizing state frequencies so that sum of them equals to 1
139  Q.mammal+R6   19356.275    83  38878.549    38948.974    39180.828
WARNING: Normalizing state frequencies so that sum of them equals to 1
144  Q.mammal+F    20249.644    92  40683.288    40773.828    41018.344
WARNING: Normalizing state frequencies so that sum of them equals to 1
145  Q.mammal+F+I  20181.125    93  40548.249    40641.249    40886.946
WARNING: Normalizing state frequencies so that sum of them equals to 1
146  Q.mammal+F+G4 19334.137    93  38854.274    38947.274    39192.971
WARNING: Normalizing state frequencies so that sum of them equals to 1
147  Q.mammal+F+I+G4 19321.019    94  38830.038    38925.546    39172.378
WARNING: Normalizing state frequencies so that sum of them equals to 1
148  Q.mammal+F+R2 19484.930    94  39157.861    39253.369    39500.200
WARNING: Normalizing state frequencies so that sum of them equals to 1
149  Q.mammal+F+R3 19351.019    96  38894.037    38994.708    39243.660
WARNING: Normalizing state frequencies so that sum of them equals to 1
150  Q.mammal+F+R4 19332.710    98  38861.420    38967.453    39218.327
WARNING: Normalizing state frequencies so that sum of them equals to 1
151  Q.mammal+F+R5 19310.429    100 38820.857    38932.460    39185.048
WARNING: Normalizing state frequencies so that sum of them equals to 1
152  Q.mammal+F+R6 19304.211    102 38812.421    38929.806    39183.896
WARNING: Normalizing state frequencies so that sum of them equals to 1
153  Q.mammal+F+R7 19304.279    104 38816.559    38939.949    39195.317
157  Q.insect      19894.682    73  39935.363    39987.306    40201.223
158  Q.insect+I    19830.126    74  39808.253    39861.876    40077.754
159  Q.insect+G4   19023.176    74  38194.352    38247.975    38463.853
160  Q.insect+I+G4 19011.895    75  38173.790    38229.130    38446.933
161  Q.insect+R2   19154.394    75  38458.787    38514.127    38731.930
162  Q.insect+R3   19039.467    77  38232.935    38291.817    38513.362
163  Q.insect+R4   19021.397    79  38200.794    38263.368    38488.505
164  Q.insect+R5   19001.508    81  38165.016    38231.436    38460.010
165  Q.insect+R6   18995.452    83  38156.904    38227.328    38459.182
166  Q.insect+R7   18995.106    85  38160.212    38234.804    38469.775
170  Q.insect+F    19841.975    92  39867.951    39958.490    40203.006
171  Q.insect+F+I  19783.169    93  39752.338    39845.338    40091.035
172  Q.insect+F+G4 19017.280    93  38220.559    38313.559    38559.256
173  Q.insect+F+I+G4 19007.442    94  38202.884    38298.392    38545.223
174  Q.insect+F+R2 19150.654    94  38489.307    38584.816    38831.647
175  Q.insect+F+R3 19035.195    96  38262.391    38363.061    38612.014
176  Q.insect+F+R4 19015.364    98  38226.728    38332.761    38583.635
177  Q.insect+F+R5 18999.095    100 38198.191    38309.793    38562.381
178  Q.insect+F+R6 18994.249    102 38192.498    38309.883    38563.972
WARNING: Normalizing state frequencies so that sum of them equals to 1
183  Q.plant       20175.535    73  40497.070    40549.012    40762.929
WARNING: Normalizing state frequencies so that sum of them equals to 1
184  Q.plant+I     20098.046    74  40344.093    40397.716    40613.594
WARNING: Normalizing state frequencies so that sum of them equals to 1
185  Q.plant+G4    19222.576    74  38593.151    38646.775    38862.652
WARNING: Normalizing state frequencies so that sum of them equals to 1
186  Q.plant+I+G4  19207.003    75  38564.006    38619.346    38837.149
WARNING: Normalizing state frequencies so that sum of them equals to 1
187  Q.plant+R2    19374.200    75  38898.399    38953.739    39171.542
WARNING: Normalizing state frequencies so that sum of them equals to 1
188  Q.plant+R3    19242.277    77  38638.555    38697.437    38918.982
WARNING: Normalizing state frequencies so that sum of them equals to 1
189  Q.plant+R4    19220.480    79  38598.959    38661.534    38886.670
WARNING: Normalizing state frequencies so that sum of them equals to 1
190  Q.plant+R5    19194.366    81  38550.733    38617.153    38845.727
WARNING: Normalizing state frequencies so that sum of them equals to 1
191  Q.plant+R6    19187.810    83  38541.619    38612.044    38843.898
WARNING: Normalizing state frequencies so that sum of them equals to 1
192  Q.plant+R7    19187.570    85  38545.141    38619.733    38854.703
WARNING: Normalizing state frequencies so that sum of them equals to 1
196  Q.plant+F     20105.269    92  40394.538    40485.077    40729.593
WARNING: Normalizing state frequencies so that sum of them equals to 1
197  Q.plant+F+I   20031.405    93  40248.811    40341.811    40587.508
WARNING: Normalizing state frequencies so that sum of them equals to 1
198  Q.plant+F+G4  19191.751    93  38569.502    38662.502    38908.199
WARNING: Normalizing state frequencies so that sum of them equals to 1
199  Q.plant+F+I+G4 19176.787    94  38541.574    38637.082    38883.913
WARNING: Normalizing state frequencies so that sum of them equals to 1
200  Q.plant+F+R2  19347.056    94  38882.113    38977.621    39224.452
WARNING: Normalizing state frequencies so that sum of them equals to 1
201  Q.plant+F+R3  19214.917    96  38621.834    38722.504    38971.457
WARNING: Normalizing state frequencies so that sum of them equals to 1
202  Q.plant+F+R4  19188.743    98  38573.487    38679.520    38930.394
WARNING: Normalizing state frequencies so that sum of them equals to 1
203  Q.plant+F+R5  19163.463    100 38526.926    38638.528    38891.117
WARNING: Normalizing state frequencies so that sum of them equals to 1
204  Q.plant+F+R6  19163.221    102 38530.442    38647.827    38901.916
WARNING: Normalizing state frequencies so that sum of them equals to 1
209  Q.yeast       19900.149    73  39946.298    39998.241    40212.158
WARNING: Normalizing state frequencies so that sum of them equals to 1
210  Q.yeast+I     19826.439    74  39800.879    39854.502    40070.380
WARNING: Normalizing state frequencies so that sum of them equals to 1
211  Q.yeast+G4    19042.811    74  38233.623    38287.246    38503.124
WARNING: Normalizing state frequencies so that sum of them equals to 1
212  Q.yeast+I+G4  19028.863    75  38207.726    38263.065    38480.869
WARNING: Normalizing state frequencies so that sum of them equals to 1
213  Q.yeast+R2    19166.072    75  38482.145    38537.485    38755.288
WARNING: Normalizing state frequencies so that sum of them equals to 1
214  Q.yeast+R3    19063.794    77  38281.588    38340.470    38562.014
WARNING: Normalizing state frequencies so that sum of them equals to 1
215  Q.yeast+R4    19038.853    79  38235.706    38298.281    38523.417
WARNING: Normalizing state frequencies so that sum of them equals to 1
216  Q.yeast+R5    19016.319    81  38194.638    38261.058    38489.633
WARNING: Normalizing state frequencies so that sum of them equals to 1
217  Q.yeast+R6    19007.513    83  38181.026    38251.450    38483.304
WARNING: Normalizing state frequencies so that sum of them equals to 1
218  Q.yeast+R7    19006.935    85  38183.871    38258.463    38493.433
WARNING: Normalizing state frequencies so that sum of them equals to 1
222  Q.yeast+F     19759.296    92  39702.593    39793.133    40037.648
WARNING: Normalizing state frequencies so that sum of them equals to 1
223  Q.yeast+F+I   19693.186    93  39572.371    39665.371    39911.069
WARNING: Normalizing state frequencies so that sum of them equals to 1
224  Q.yeast+F+G4  18953.716    93  38093.431    38186.431    38432.129
WARNING: Normalizing state frequencies so that sum of them equals to 1
225  Q.yeast+F+I+G4 18941.084    94  38070.168    38165.676    38412.507
WARNING: Normalizing state frequencies so that sum of them equals to 1
226  Q.yeast+F+R2  19082.645    94  38353.290    38448.798    38695.630
WARNING: Normalizing state frequencies so that sum of them equals to 1
227  Q.yeast+F+R3  18972.569    96  38137.138    38237.808    38486.761
WARNING: Normalizing state frequencies so that sum of them equals to 1
228  Q.yeast+F+R4  18951.362    98  38098.725    38204.758    38455.632
WARNING: Normalizing state frequencies so that sum of them equals to 1
229  Q.yeast+F+R5  18931.888    100 38063.775    38175.378    38427.966
WARNING: Normalizing state frequencies so that sum of them equals to 1
230  Q.yeast+F+R6  18925.148    102 38054.297    38171.682    38425.771
WARNING: Normalizing state frequencies so that sum of them equals to 1
231  Q.yeast+F+R7  18925.089    104 38058.177    38181.567    38436.935
235  JTTDCMut      19866.658    73  39879.317    39931.259    40145.176
236  JTTDCMut+I    19816.639    74  39781.279    39834.902    40050.780
237  JTTDCMut+G4   19150.418    74  38448.837    38502.460    38718.338
238  JTTDCMut+I+G4 19141.572    75  38433.145    38488.484    38706.288
239  JTTDCMut+R2   19252.137    75  38654.274    38709.614    38927.417
240  JTTDCMut+R3   19165.524    77  38485.048    38543.930    38765.475
241  JTTDCMut+R4   19146.383    79  38450.766    38513.340    38738.477
242  JTTDCMut+R5   19129.049    81  38420.097    38486.517    38715.092
243  JTTDCMut+R6   19121.445    83  38408.890    38479.314    38711.169
244  JTTDCMut+R7   19121.191    85  38412.382    38486.974    38721.944
248  JTTDCMut+F    19798.386    92  39780.771    39871.311    40115.827
249  JTTDCMut+F+I  19749.959    93  39685.917    39778.917    40024.615
250  JTTDCMut+F+G4 19105.983    93  38397.967    38490.967    38736.664
251  JTTDCMut+F+I+G4 19097.256    94  38382.511    38478.019    38724.850
252  JTTDCMut+F+R2 19209.559    94  38607.119    38702.627    38949.458
253  JTTDCMut+F+R3 19119.639    96  38431.277    38531.948    38780.900
254  JTTDCMut+F+R4 19102.736    98  38401.471    38507.504    38758.378
255  JTTDCMut+F+R5 19086.065    100 38372.129    38483.732    38736.320
256  JTTDCMut+F+R6 19079.723    102 38363.445    38480.830    38734.920
257  JTTDCMut+F+R7 19079.280    104 38366.559    38489.949    38745.318
261  DCMut         19993.637    73  40133.273    40185.216    40399.132
262  DCMut+I       19956.797    74  40061.594    40115.217    40331.095
263  DCMut+G4      19269.965    74  38687.931    38741.554    38957.432
264  DCMut+I+G4    19263.867    75  38677.734    38733.074    38950.877
265  DCMut+R2      19360.155    75  38870.309    38925.649    39143.452
266  DCMut+R3      19283.245    77  38720.490    38779.372    39000.917
267  DCMut+R4      19261.660    79  38681.319    38743.894    38969.030
268  DCMut+R5      19242.829    81  38647.658    38714.078    38942.653
269  DCMut+R6      19239.813    83  38645.625    38716.050    38947.904
274  DCMut+F       19829.242    92  39842.484    39933.024    40177.540
275  DCMut+F+I     19797.660    93  39781.320    39874.320    40120.018
276  DCMut+F+G4    19125.057    93  38436.114    38529.114    38774.811
277  DCMut+F+I+G4  19120.273    94  38428.546    38524.054    38770.885
278  DCMut+F+R2    19214.818    94  38617.636    38713.144    38959.975
279  DCMut+F+R3    19137.446    96  38466.893    38567.563    38816.516
280  DCMut+F+R4    19120.448    98  38436.896    38542.928    38793.803
281  DCMut+F+R5    19103.607    100 38407.214    38518.816    38771.405
282  DCMut+F+R6    19101.055    102 38406.110    38523.495    38777.584
287  VT            19545.250    73  39236.499    39288.442    39502.359
288  VT+I          19500.455    74  39148.911    39202.534    39418.412
289  VT+G4         18970.331    74  38088.662    38142.285    38358.163
290  VT+I+G4       18961.662    75  38073.323    38128.663    38346.466
291  VT+R2         19060.636    75  38271.271    38326.611    38544.415
292  VT+R3         18978.177    77  38110.354    38169.236    38390.780
293  VT+R4         18967.189    79  38092.378    38154.952    38380.089
294  VT+R5         18947.919    81  38057.837    38124.257    38352.832
295  VT+R6         18946.038    83  38058.075    38128.500    38360.354
300  VT+F          19481.206    92  39146.411    39236.951    39481.467
301  VT+F+I        19438.313    93  39062.625    39155.625    39401.323
302  VT+F+G4       18928.549    93  38043.097    38136.097    38381.794
303  VT+F+I+G4     18920.399    94  38028.798    38124.306    38371.138
304  VT+F+R2       19019.534    94  38227.067    38322.575    38569.406
305  VT+F+R3       18935.388    96  38062.777    38163.447    38412.400
306  VT+F+R4       18924.916    98  38045.832    38151.865    38402.739
307  VT+F+R5       18910.786    100 38021.573    38133.175    38385.763
308  VT+F+R6       18905.417    102 38014.834    38132.219    38386.308
313  PMB           19530.033    73  39206.065    39258.008    39471.925
314  PMB+I         19495.843    74  39139.686    39193.309    39409.187
315  PMB+G4        18989.190    74  38126.379    38180.002    38395.880
316  PMB+I+G4      18984.014    75  38118.027    38173.367    38391.170
317  PMB+R2        19073.577    75  38297.154    38352.493    38570.297
318  PMB+R3        18993.805    77  38141.609    38200.492    38422.036
319  PMB+R4        18987.326    79  38132.652    38195.226    38420.363
320  PMB+R5        18983.482    81  38128.964    38195.384    38423.958
326  PMB+F         19485.545    92  39155.090    39245.629    39490.145
327  PMB+F+I       19451.387    93  39088.775    39181.775    39427.472
328  PMB+F+G4      18952.464    93  38090.928    38183.928    38429.625
329  PMB+F+I+G4    18947.182    94  38082.365    38177.873    38424.704
330  PMB+F+R2      19039.361    94  38266.722    38362.230    38609.061
331  PMB+F+R3      18957.804    96  38107.608    38208.279    38457.232
332  PMB+F+R4      18949.985    98  38095.971    38202.003    38452.877
333  PMB+F+R5      18943.240    100 38086.479    38198.081    38450.670
334  PMB+F+R6      18938.749    102 38081.499    38198.884    38452.973
339  Blosum62      19497.365    73  39140.731    39192.673    39406.590
340  Blosum62+I    19460.058    74  39068.116    39121.739    39337.617
341  Blosum62+G4   18953.895    74  38055.789    38109.412    38325.290
342  Blosum62+I+G4 18947.829    75  38045.659    38100.998    38318.802
343  Blosum62+R2   19042.206    75  38234.412    38289.752    38507.555
344  Blosum62+R3   18959.287    77  38072.574    38131.456    38353.000
345  Blosum62+R4   18949.931    79  38057.862    38120.436    38345.572
346  Blosum62+R5   18943.128    81  38048.256    38114.676    38343.250
347  Blosum62+R6   18938.539    83  38043.078    38113.502    38345.356
352  Blosum62+F    19457.984    92  39099.968    39190.508    39435.024
353  Blosum62+F+I  19421.394    93  39028.788    39121.788    39367.485
354  Blosum62+F+G4 18927.503    93  38041.005    38134.005    38379.703
355  Blosum62+F+I+G4 18921.523    94  38031.047    38126.555    38373.386
356  Blosum62+F+R2 19017.910    94  38223.820    38319.328    38566.159
357  Blosum62+F+R3 18932.994    96  38057.988    38158.658    38407.611
358  Blosum62+F+R4 18924.694    98  38045.389    38151.421    38402.296
359  Blosum62+F+R5 18916.135    100 38032.270    38143.873    38396.461
360  Blosum62+F+R6 18912.152    102 38028.305    38145.690    38399.779
365  Dayhoff       19995.395    73  40136.791    40188.733    40402.650
366  Dayhoff+I     19958.493    74  40064.986    40118.609    40334.487
367  Dayhoff+G4    19270.172    74  38688.343    38741.966    38957.844
368  Dayhoff+I+G4  19264.081    75  38678.161    38733.501    38951.304
369  Dayhoff+R2    19360.595    75  38871.189    38926.529    39144.333
370  Dayhoff+R3    19283.455    77  38720.909    38779.792    39001.336
371  Dayhoff+R4    19261.792    79  38681.585    38744.159    38969.295
372  Dayhoff+R5    19242.889    81  38647.778    38714.198    38942.772
373  Dayhoff+R6    19239.847    83  38645.695    38716.119    38947.973
378  Dayhoff+F     19830.665    92  39845.330    39935.869    40180.385
379  Dayhoff+F+I   19799.028    93  39784.057    39877.057    40122.754
380  Dayhoff+F+G4  19125.147    93  38436.293    38529.293    38774.990
381  Dayhoff+F+I+G4 19120.365    94  38428.731    38524.239    38771.070
382  Dayhoff+F+R2  19215.065    94  38618.131    38713.639    38960.470
383  Dayhoff+F+R3  19137.548    96  38467.095    38567.765    38816.718
384  Dayhoff+F+R4  19120.540    98  38437.079    38543.112    38793.986
385  Dayhoff+F+R5  19103.576    100 38407.151    38518.753    38771.342
386  Dayhoff+F+R6  19100.997    102 38405.994    38523.379    38777.468
391  mtREV         21056.012    73  42258.025    42309.967    42523.884
392  mtREV+I       21024.345    74  42196.689    42250.313    42466.191
393  mtREV+G4      20094.175    74  40336.349    40389.972    40605.850
394  mtREV+I+G4    20091.540    75  40333.080    40388.419    40606.223
395  mtREV+R2      20242.078    75  40634.157    40689.497    40907.300
396  mtREV+R3      20105.720    77  40365.440    40424.322    40645.866
397  mtREV+R4      20087.004    79  40332.008    40394.583    40619.719
398  mtREV+R5      20065.050    81  40292.100    40358.520    40587.094
399  mtREV+R6      20061.525    83  40289.051    40359.475    40591.329
404  mtREV+F       20079.505    92  40343.011    40433.550    40678.066
405  mtREV+F+I     20048.074    93  40282.148    40375.148    40620.846
406  mtREV+F+G4    19255.864    93  38697.727    38790.727    39036.425
407  mtREV+F+I+G4  19253.109    94  38694.218    38789.726    39036.557
408  mtREV+F+R2    19418.941    94  39025.882    39121.390    39368.222
409  mtREV+F+R3    19277.578    96  38747.157    38847.827    39096.780
410  mtREV+F+R4    19248.759    98  38693.518    38799.550    39050.425
411  mtREV+F+R5    19236.063    100 38672.125    38783.727    39036.316
412  mtREV+F+R6    19233.030    102 38670.060    38787.445    39041.534
417  mtART         21590.049    73  43326.099    43378.041    43591.958
418  mtART+I       21509.604    74  43167.208    43220.831    43436.709
419  mtART+G4      20221.842    74  40591.684    40645.307    40861.185
420  mtART+I+G4    20213.077    75  40576.153    40631.493    40849.296
421  mtART+R2      20427.880    75  41005.760    41061.100    41278.903
422  mtART+R3      20261.246    77  40676.492    40735.375    40956.919
423  mtART+R4      20213.849    79  40585.697    40648.272    40873.408
424  mtART+R5      20185.913    81  40533.825    40600.245    40828.819
425  mtART+R6      20184.803    83  40535.605    40606.029    40837.883
430  mtART+F       20507.724    92  41199.447    41289.987    41534.503
431  mtART+F+I     20446.333    93  41078.666    41171.666    41417.363
432  mtART+F+G4    19335.801    93  38857.601    38950.601    39196.299
433  mtART+F+I+G4  19329.367    94  38846.734    38942.242    39189.073
434  mtART+F+R2    19551.869    94  39291.738    39387.246    39634.077
435  mtART+F+R3    19378.330    96  38948.660    39049.330    39298.283
436  mtART+F+R4    19306.769    98  38809.539    38915.572    39166.446
437  mtART+F+R5    19305.711    100 38811.421    38923.024    39175.612
443  mtZOA         21062.234    73  42270.468    42322.410    42536.327
444  mtZOA+I       20984.698    74  42117.396    42171.019    42386.897
445  mtZOA+G4      19854.437    74  39856.875    39910.498    40126.376
446  mtZOA+I+G4    19845.374    75  39840.748    39896.088    40113.891
447  mtZOA+R2      20023.201    75  40196.401    40251.741    40469.544
448  mtZOA+R3      19884.432    77  39922.863    39981.746    40203.290
449  mtZOA+R4      19843.505    79  39845.010    39907.584    40132.721
450  mtZOA+R5      19832.676    81  39827.352    39893.772    40122.346
451  mtZOA+R6      19822.515    83  39811.030    39881.454    40113.308
452  mtZOA+R7      19820.511    85  39811.023    39885.614    40120.585
456  mtZOA+F       20216.970    92  40617.940    40708.480    40952.996
457  mtZOA+F+I     20153.720    93  40493.440    40586.440    40832.137
458  mtZOA+F+G4    19194.147    93  38574.295    38667.295    38912.992
459  mtZOA+F+I+G4  19185.073    94  38558.146    38653.654    38900.485
460  mtZOA+F+R2    19376.433    94  38940.867    39036.375    39283.206
461  mtZOA+F+R3    19222.552    96  38637.105    38737.775    38986.728
462  mtZOA+F+R4    19171.639    98  38539.278    38645.311    38896.185
463  mtZOA+F+R5    19161.086    100 38522.172    38633.774    38886.363
464  mtZOA+F+R6    19158.087    102 38520.173    38637.559    38891.648
469  mtMet         21232.580    73  42611.160    42663.102    42877.019
470  mtMet+I       21174.476    74  42496.951    42550.574    42766.452
471  mtMet+G4      20114.467    74  40376.934    40430.557    40646.435
472  mtMet+I+G4    20108.108    75  40366.215    40421.555    40639.358
473  mtMet+R2      20273.988    75  40697.975    40753.315    40971.118
474  mtMet+R3      20142.446    77  40438.892    40497.774    40719.319
475  mtMet+R4      20106.758    79  40371.516    40434.090    40659.226
476  mtMet+R5      20094.152    81  40350.303    40416.723    40645.298
477  mtMet+R6      20089.997    83  40345.995    40416.419    40648.273
482  mtMet+F       20248.964    92  40681.927    40772.467    41016.983
483  mtMet+F+I     20193.243    93  40572.486    40665.486    40911.183
484  mtMet+F+G4    19287.803    93  38761.605    38854.605    39100.303
485  mtMet+F+I+G4  19279.245    94  38746.491    38841.999    39088.830
486  mtMet+F+R2    19457.430    94  39102.859    39198.367    39445.199
487  mtMet+F+R3    19311.381    96  38814.761    38915.431    39164.384
488  mtMet+F+R4    19278.804    98  38753.607    38859.640    39110.514
489  mtMet+F+R5    19260.690    100 38721.381    38832.983    39085.572
490  mtMet+F+R6    19259.308    102 38722.616    38840.002    39094.091
495  mtVer         21599.205    73  43344.409    43396.352    43610.269
496  mtVer+I       21542.064    74  43232.129    43285.752    43501.630
497  mtVer+G4      20349.034    74  40846.068    40899.691    41115.569
498  mtVer+I+G4    20344.472    75  40838.945    40894.284    41112.088
499  mtVer+R2      20528.438    75  41206.877    41262.217    41480.020
500  mtVer+R3      20372.573    77  40899.145    40958.028    41179.572
501  mtVer+R4      20340.917    79  40839.834    40902.408    41127.545
502  mtVer+R5      20317.281    81  40796.561    40862.981    41091.556
503  mtVer+R6      20309.386    83  40784.773    40855.197    41087.051
504  mtVer+R7      20309.459    85  40788.918    40863.510    41098.480
508  mtVer+F       20659.840    92  41503.680    41594.220    41838.736
509  mtVer+F+I     20596.102    93  41378.204    41471.204    41716.901
510  mtVer+F+G4    19578.495    93  39342.991    39435.991    39681.688
511  mtVer+F+I+G4  19569.324    94  39326.647    39422.155    39668.987
512  mtVer+F+R2    19773.865    94  39735.731    39831.239    40078.070
513  mtVer+F+R3    19605.625    96  39403.250    39503.920    39752.873
514  mtVer+F+R4    19566.268    98  39328.537    39434.569    39685.443
515  mtVer+F+R5    19541.229    100 39282.457    39394.060    39646.648
516  mtVer+F+R6    19530.149    102 39264.298    39381.683    39635.772
517  mtVer+F+R7    19529.940    104 39267.880    39391.269    39646.638
521  mtInv         21198.420    73  42542.840    42594.782    42808.699
522  mtInv+I       21140.980    74  42429.959    42483.583    42699.461
523  mtInv+G4      20193.032    74  40534.064    40587.687    40803.565
524  mtInv+I+G4    20184.942    75  40519.884    40575.223    40793.027
525  mtInv+R2      20331.661    75  40813.323    40868.663    41086.466
526  mtInv+R3      20214.772    77  40583.544    40642.427    40863.971
527  mtInv+R4      20185.645    79  40529.289    40591.864    40817.000
528  mtInv+R5      20175.891    81  40513.782    40580.202    40808.776
529  mtInv+R6      20173.189    83  40512.378    40582.802    40814.656
534  mtInv+F       20003.062    92  40190.125    40280.664    40525.180
535  mtInv+F+I     19948.308    93  40082.616    40175.616    40421.313
536  mtInv+F+G4    19144.307    93  38474.614    38567.614    38813.311
537  mtInv+F+I+G4  19134.064    94  38456.128    38551.636    38798.467
538  mtInv+F+R2    19290.041    94  38768.082    38863.590    39110.422
539  mtInv+F+R3    19161.971    96  38515.942    38616.612    38865.565
540  mtInv+F+R4    19131.761    98  38459.522    38565.554    38816.429
541  mtInv+F+R5    19120.038    100 38440.075    38551.677    38804.266
542  mtInv+F+R6    19116.772    102 38437.543    38554.929    38809.018
547  mtMAM         21889.150    73  43924.301    43976.243    44190.160
548  mtMAM+I       21840.632    74  43829.263    43882.886    44098.764
549  mtMAM+G4      20434.854    74  41017.708    41071.331    41287.209
550  mtMAM+I+G4    20433.372    75  41016.745    41072.085    41289.888
551  mtMAM+R2      20661.598    75  41473.196    41528.536    41746.339
552  mtMAM+R3      20470.558    77  41095.116    41153.999    41375.543
553  mtMAM+R4      20423.641    79  41005.282    41067.856    41292.993
554  mtMAM+R5      20407.474    81  40976.949    41043.369    41271.943
555  mtMAM+R6      20392.301    83  40950.603    41021.027    41252.881
556  mtMAM+R7      20392.304    85  40954.608    41029.200    41264.170
560  mtMAM+F       20829.438    92  41842.877    41933.416    42177.932
561  mtMAM+F+I     20783.481    93  41752.961    41845.961    42091.659
562  mtMAM+F+G4    19646.199    93  39478.399    39571.399    39817.096
563  mtMAM+F+I+G4  19642.931    94  39473.861    39569.369    39816.200
564  mtMAM+F+R2    19864.772    94  39917.544    40013.052    40259.884
565  mtMAM+F+R3    19674.530    96  39541.059    39641.729    39890.682
566  mtMAM+F+R4    19627.234    98  39450.467    39556.500    39807.374
567  mtMAM+F+R5    19618.651    100 39437.301    39548.903    39801.492
568  mtMAM+F+R6    19613.816    102 39431.632    39549.018    39803.107
WARNING: Normalizing state frequencies so that sum of them equals to 1
573  FLAVI         20975.737    73  42097.474    42149.416    42363.333
WARNING: Normalizing state frequencies so that sum of them equals to 1
574  FLAVI+I       20921.230    74  41990.460    42044.083    42259.961
WARNING: Normalizing state frequencies so that sum of them equals to 1
575  FLAVI+G4      19881.945    74  39911.889    39965.513    40181.391
WARNING: Normalizing state frequencies so that sum of them equals to 1
576  FLAVI+I+G4    19870.941    75  39891.882    39947.221    40165.025
WARNING: Normalizing state frequencies so that sum of them equals to 1
577  FLAVI+R2      20046.044    75  40242.087    40297.427    40515.230
WARNING: Normalizing state frequencies so that sum of them equals to 1
578  FLAVI+R3      19906.679    77  39967.357    40026.239    40247.784
WARNING: Normalizing state frequencies so that sum of them equals to 1
579  FLAVI+R4      19876.718    79  39911.436    39974.010    40199.146
WARNING: Normalizing state frequencies so that sum of them equals to 1
580  FLAVI+R5      19853.928    81  39869.856    39936.276    40164.851
WARNING: Normalizing state frequencies so that sum of them equals to 1
581  FLAVI+R6      19848.648    83  39863.296    39933.720    40165.574
WARNING: Normalizing state frequencies so that sum of them equals to 1
586  FLAVI+F       20792.430    92  41768.860    41859.400    42103.915
WARNING: Normalizing state frequencies so that sum of them equals to 1
587  FLAVI+F+I     20736.978    93  41659.955    41752.955    41998.652
WARNING: Normalizing state frequencies so that sum of them equals to 1
588  FLAVI+F+G4    19725.918    93  39637.835    39730.835    39976.532
WARNING: Normalizing state frequencies so that sum of them equals to 1
589  FLAVI+F+I+G4  19714.895    94  39617.790    39713.298    39960.130
WARNING: Normalizing state frequencies so that sum of them equals to 1
590  FLAVI+F+R2    19902.964    94  39993.929    40089.437    40336.268
WARNING: Normalizing state frequencies so that sum of them equals to 1
591  FLAVI+F+R3    19757.547    96  39707.094    39807.764    40056.717
WARNING: Normalizing state frequencies so that sum of them equals to 1
592  FLAVI+F+R4    19719.810    98  39635.620    39741.653    39992.527
WARNING: Normalizing state frequencies so that sum of them equals to 1
593  FLAVI+F+R5    19697.359    100 39594.719    39706.321    39958.910
WARNING: Normalizing state frequencies so that sum of them equals to 1
594  FLAVI+F+R6    19687.032    102 39578.063    39695.449    39949.538
WARNING: Normalizing state frequencies so that sum of them equals to 1
595  FLAVI+F+R7    19686.970    104 39581.940    39705.329    39960.698
599  HIVb          20341.437    73  40828.874    40880.817    41094.734
600  HIVb+I        20279.408    74  40706.815    40760.439    40976.316
601  HIVb+G4       19461.386    74  39070.772    39124.395    39340.273
602  HIVb+I+G4     19448.549    75  39047.098    39102.438    39320.241
603  HIVb+R2       19597.726    75  39345.452    39400.791    39618.595
604  HIVb+R3       19485.176    77  39124.352    39183.234    39404.779
605  HIVb+R4       19455.987    79  39069.974    39132.548    39357.684
606  HIVb+R5       19429.049    81  39020.097    39086.517    39315.092
607  HIVb+R6       19423.224    83  39012.449    39082.873    39314.727
608  HIVb+R7       19423.287    85  39016.573    39091.165    39326.135
612  HIVb+F        20314.469    92  40812.938    40903.478    41147.994
613  HIVb+F+I      20246.732    93  40679.465    40772.465    41018.162
614  HIVb+F+G4     19425.179    93  39036.358    39129.358    39375.055
615  HIVb+F+I+G4   19410.913    94  39009.827    39105.335    39352.166
616  HIVb+F+R2     19570.086    94  39328.173    39423.681    39670.512
617  HIVb+F+R3     19448.908    96  39089.817    39190.487    39439.440
618  HIVb+F+R4     19420.287    98  39036.574    39142.607    39393.481
619  HIVb+F+R5     19401.331    100 39002.662    39114.264    39366.853
620  HIVb+F+R6     19397.270    102 38998.540    39115.925    39370.014
625  HIVw          21166.893    73  42479.785    42531.727    42745.644
626  HIVw+I        21104.015    74  42356.030    42409.653    42625.531
627  HIVw+G4       20274.568    74  40697.135    40750.759    40966.637
628  HIVw+I+G4     20262.301    75  40674.602    40729.942    40947.745
629  HIVw+R2       20428.083    75  41006.166    41061.506    41279.309
630  HIVw+R3       20310.371    77  40774.743    40833.625    41055.170
631  HIVw+R4       20250.306    79  40658.611    40721.186    40946.322
632  HIVw+R5       20234.663    81  40631.327    40697.747    40926.321
633  HIVw+R6       20230.462    83  40626.925    40697.349    40929.203
638  HIVw+F        20767.814    92  41719.628    41810.167    42054.683
639  HIVw+F+I      20703.504    93  41593.008    41686.008    41931.705
640  HIVw+F+G4     19914.113    93  40014.225    40107.225    40352.923
641  HIVw+F+I+G4   19899.537    94  39987.074    40082.582    40329.413
642  HIVw+F+R2     20048.937    94  40285.873    40381.381    40628.212
643  HIVw+F+R3     19945.286    96  40082.571    40183.242    40432.195
644  HIVw+F+R4     19892.623    98  39981.247    40087.280    40338.154
645  HIVw+F+R5     19874.142    100 39948.285    40059.887    40312.475
646  HIVw+F+R6     19871.434    102 39946.868    40064.254    40318.343
651  FLU           20298.981    73  40743.962    40795.905    41009.822
652  FLU+I         20253.752    74  40655.504    40709.127    40925.005
653  FLU+G4        19463.078    74  39074.156    39127.779    39343.657
654  FLU+I+G4      19454.069    75  39058.138    39113.478    39331.281
655  FLU+R2        19600.705    75  39351.411    39406.751    39624.554
656  FLU+R3        19490.490    77  39134.980    39193.863    39415.407
657  FLU+R4        19453.104    79  39064.207    39126.781    39351.918
658  FLU+R5        19436.800    81  39035.599    39102.019    39330.594
659  FLU+R6        19432.448    83  39030.895    39101.320    39333.174
664  FLU+F         20138.223    92  40460.447    40550.987    40795.502
665  FLU+F+I       20094.060    93  40374.119    40467.119    40712.817
666  FLU+F+G4      19311.462    93  38808.924    38901.924    39147.622
667  FLU+F+I+G4    19302.060    94  38792.120    38887.628    39134.459
668  FLU+F+R2      19446.108    94  39080.216    39175.724    39422.555
669  FLU+F+R3      19338.958    96  38869.915    38970.586    39219.539
670  FLU+F+R4      19300.248    98  38796.495    38902.528    39153.402
671  FLU+F+R5      19284.942    100 38769.884    38881.487    39134.075
672  FLU+F+R6      19284.835    102 38773.670    38891.056    39145.145
677  rtREV         19708.392    73  39562.783    39614.726    39828.643
678  rtREV+I       19650.105    74  39448.209    39501.832    39717.710
679  rtREV+G4      19002.359    74  38152.719    38206.342    38422.220
680  rtREV+I+G4    18990.928    75  38131.855    38187.195    38404.998
681  rtREV+R2      19122.125    75  38394.250    38449.590    38667.393
682  rtREV+R3      19015.172    77  38184.344    38243.226    38464.771
683  rtREV+R4      18999.295    79  38156.590    38219.164    38444.301
684  rtREV+R5      18978.788    81  38119.577    38185.997    38414.571
685  rtREV+R6      18973.818    83  38113.635    38184.059    38415.913
690  rtREV+F       19618.218    92  39420.436    39510.975    39755.491
691  rtREV+F+I     19563.579    93  39313.157    39406.157    39651.855
692  rtREV+F+G4    18909.671    93  38005.342    38098.342    38344.040
693  rtREV+F+I+G4  18899.570    94  37987.139    38082.647    38329.478
694  rtREV+F+R2    19035.095    94  38258.189    38353.698    38600.529
695  rtREV+F+R3    18922.297    96  38036.593    38137.264    38386.216
696  rtREV+F+R4    18906.817    98  38009.633    38115.666    38366.540
697  rtREV+F+R5    18890.164    100 37980.328    38091.930    38344.519
698  rtREV+F+R6    18884.231    102 37972.463    38089.848    38343.937
699  rtREV+F+R7    18881.737    104 37971.474    38094.864    38350.233
703  cpREV         19674.670    73  39495.340    39547.283    39761.200
704  cpREV+I       19621.899    74  39391.798    39445.421    39661.299
705  cpREV+G4      19093.399    74  38334.797    38388.421    38604.299
706  cpREV+I+G4    19080.894    75  38311.788    38367.128    38584.931
707  cpREV+R2      19188.622    75  38527.243    38582.583    38800.386
708  cpREV+R3      19107.054    77  38368.108    38426.991    38648.535
709  cpREV+R4      19079.153    79  38316.307    38378.881    38604.017
710  cpREV+R5      19066.518    81  38295.037    38361.457    38590.031
711  cpREV+R6      19066.426    83  38298.852    38369.277    38601.131
716  cpREV+F       19604.198    92  39392.397    39482.937    39727.452
717  cpREV+F+I     19551.063    93  39288.125    39381.125    39626.822
718  cpREV+F+G4    19023.271    93  38232.543    38325.543    38571.240
719  cpREV+F+I+G4  19011.116    94  38210.232    38305.740    38552.571
720  cpREV+F+R2    19125.686    94  38439.373    38534.881    38781.712
721  cpREV+F+R3    19036.357    96  38264.713    38365.383    38614.336
722  cpREV+F+R4    19007.809    98  38211.618    38317.651    38568.525
723  cpREV+F+R5    18994.629    100 38189.259    38300.861    38553.450
724  cpREV+F+R6    18993.875    102 38191.751    38309.136    38563.225
Model C10 is alias for POISSON+G+FMIX{C10pi1:1:0.1191344178,C10pi2:1:0.0874372456,C10pi3:1:0.1037105070,C10pi4:1:0.0922584809,C10pi5:1:0.1070492801,C10pi6:1:0.1329945166,C10pi7:1:0.0538028458,C10pi8:1:0.0691986212,C10pi9:1:0.1319937434,C10pi10:1:0.1024203429}
729  C10           19434.839    74  39017.677    39071.300    39287.178
Model C20 is alias for POISSON+G+FMIX{C20pi1:1:0.0559910600,C20pi2:1:0.0514824870,C20pi3:1:0.0812922124,C20pi4:1:0.0721976867,C20pi5:1:0.0556718858,C20pi6:1:0.0331003080,C20pi7:1:0.0589501763,C20pi8:1:0.0263756889,C20pi9:1:0.0307584220,C20pi10:1:0.0376701125,C20pi11:1:0.0303058290,C20pi12:1:0.0808775576,C20pi13:1:0.0263349134,C20pi14:1:0.0579101455,C20pi15:1:0.0371248064,C20pi16:1:0.0586867766,C20pi17:1:0.0561479138,C20pi18:1:0.0349810886,C20pi19:1:0.0544937394,C20pi20:1:0.0596471901}
730  C20           19333.163    74  38814.326    38867.949    39083.827
Model C30 is alias for POISSON+G+FMIX{C30pi1:1:0.0095783264,C30pi2:1:0.0248476365,C30pi3:1:0.0636309366,C30pi4:1:0.0537939225,C30pi5:1:0.0295885587,C30pi6:1:0.0117587936,C30pi7:1:0.0132013428,C30pi8:1:0.0236868805,C30pi9:1:0.0261687659,C30pi10:1:0.0239821974,C30pi11:1:0.0257100906,C30pi12:1:0.0465072425,C30pi13:1:0.0546794546,C30pi14:1:0.0536085131,C30pi15:1:0.0270622670,C30pi16:1:0.0403913593,C30pi17:1:0.0474212700,C30pi18:1:0.0458816478,C30pi19:1:0.0214036510,C30pi20:1:0.0290385981,C30pi21:1:0.0123391793,C30pi22:1:0.0569350229,C30pi23:1:0.0419687568,C30pi24:1:0.0339027062,C30pi25:1:0.0388777376,C30pi26:1:0.0196343766,C30pi27:1:0.0233086174,C30pi28:1:0.0622722654,C30pi29:1:0.0184803385,C30pi30:1:0.0203395454}
731  C30           19275.263    74  38698.525    38752.149    38968.027
Model C40 is alias for POISSON+G+FMIX{C40pi1:1:0.0223853788,C40pi2:1:0.0338891820,C40pi3:1:0.0577169375,C40pi4:1:0.0252416233,C40pi5:1:0.0108607921,C40pi6:1:0.0462373793,C40pi7:1:0.0102293175,C40pi8:1:0.0147523625,C40pi9:1:0.0143161352,C40pi10:1:0.0182302541,C40pi11:1:0.0204025079,C40pi12:1:0.0425505156,C40pi13:1:0.0248627269,C40pi14:1:0.0105892988,C40pi15:1:0.0188238725,C40pi16:1:0.0086663445,C40pi17:1:0.0148496147,C40pi18:1:0.0343037402,C40pi19:1:0.0225335203,C40pi20:1:0.0174068578,C40pi21:1:0.0112207827,C40pi22:1:0.0443532245,C40pi23:1:0.0392573370,C40pi24:1:0.0196756555,C40pi25:1:0.0287690328,C40pi26:1:0.0114441177,C40pi27:1:0.0112338740,C40pi28:1:0.0582694099,C40pi29:1:0.0444272279,C40pi30:1:0.0112010942,C40pi31:1:0.0145176111,C40pi32:1:0.0114629026,C40pi33:1:0.0239628061,C40pi34:1:0.0266266492,C40pi35:1:0.0481201159,C40pi36:1:0.0371147423,C40pi37:1:0.0160476688,C40pi38:1:0.0237249267,C40pi39:1:0.0235226203,C40pi40:1:0.0261998398}
732  C40           19257.962    74  38663.924    38717.547    38933.425
Model C50 is alias for POISSON+G+FMIX{C50pi1:1:0.0164297003,C50pi2:1:0.0273175755,C50pi3:1:0.0460247610,C50pi4:1:0.0084864734,C50pi5:1:0.0125389252,C50pi6:1:0.0343549036,C50pi7:1:0.0130241102,C50pi8:1:0.0094755681,C50pi9:1:0.0190040551,C50pi10:1:0.0151902354,C50pi11:1:0.0320534760,C50pi12:1:0.0210059850,C50pi13:1:0.0237408547,C50pi14:1:0.0239841203,C50pi15:1:0.0213748021,C50pi16:1:0.0210717705,C50pi17:1:0.0050241805,C50pi18:1:0.0166262276,C50pi19:1:0.0143945956,C50pi20:1:0.0104391130,C50pi21:1:0.0107628277,C50pi22:1:0.0148818171,C50pi23:1:0.0321480239,C50pi24:1:0.0145477978,C50pi25:1:0.0332355807,C50pi26:1:0.0143190281,C50pi27:1:0.0234478734,C50pi28:1:0.0183044983,C50pi29:1:0.0403269452,C50pi30:1:0.0135629530,C50pi31:1:0.0091880799,C50pi32:1:0.0158270022,C50pi33:1:0.0121019379,C50pi34:1:0.0353560982,C50pi35:1:0.0404495617,C50pi36:1:0.0104569232,C50pi37:1:0.0146187792,C50pi38:1:0.0093984095,C50pi39:1:0.0146773809,C50pi40:1:0.0201635562,C50pi41:1:0.0255640273,C50pi42:1:0.0039486842,C50pi43:1:0.0393652608,C50pi44:1:0.0056415419,C50pi45:1:0.0382833580,C50pi46:1:0.0039735086,C50pi47:1:0.0140269355,C50pi48:1:0.0476703673,C50pi49:1:0.0204062788,C50pi50:1:0.0117835304}
733  C50           19250.365    74  38648.730    38702.354    38918.232
Model C60 is alias for POISSON+G+FMIX{C60pi1:1:0.0169698865,C60pi2:1:0.0211683374,C60pi3:1:0.0276589079,C60pi4:1:0.0065675964,C60pi5:1:0.0141221416,C60pi6:1:0.0068774834,C60pi7:1:0.0146909701,C60pi8:1:0.0067225777,C60pi9:1:0.0018396660,C60pi10:1:0.0102547197,C60pi11:1:0.0230896163,C60pi12:1:0.0057941033,C60pi13:1:0.0125394534,C60pi14:1:0.0204526478,C60pi15:1:0.0070629602,C60pi16:1:0.0117982741,C60pi17:1:0.0068334668,C60pi18:1:0.0433775839,C60pi19:1:0.0318278731,C60pi20:1:0.0222546108,C60pi21:1:0.0102264969,C60pi22:1:0.0150545891,C60pi23:1:0.0134159878,C60pi24:1:0.0148552065,C60pi25:1:0.0239111516,C60pi26:1:0.0128776278,C60pi27:1:0.0222318842,C60pi28:1:0.0247444742,C60pi29:1:0.0214274810,C60pi30:1:0.0115001882,C60pi31:1:0.0076017389,C60pi32:1:0.0130258568,C60pi33:1:0.0093701965,C60pi34:1:0.0467194264,C60pi35:1:0.0441940314,C60pi36:1:0.0322263154,C60pi37:1:0.0402999891,C60pi38:1:0.0150234227,C60pi39:1:0.0104589903,C60pi40:1:0.0214742395,C60pi41:1:0.0154957836,C60pi42:1:0.0101789953,C60pi43:1:0.0227980379,C60pi44:1:0.0123204539,C60pi45:1:0.0066777583,C60pi46:1:0.0004150083,C60pi47:1:0.0344385130,C60pi48:1:0.0113663379,C60pi49:1:0.0127143049,C60pi50:1:0.0124323741,C60pi51:1:0.0262124415,C60pi52:1:0.0064994957,C60pi53:1:0.0103203293,C60pi54:1:0.0142463512,C60pi55:1:0.0215600067,C60pi56:1:0.0199150700,C60pi57:1:0.0038964200,C60pi58:1:0.0113448855,C60pi59:1:0.0128595846,C60pi60:1:0.0117656776}
WARNING: Your input class weight 0.000415008 is very small and may cause numerical issues
734  C60           19251.247    74  38650.495    38704.118    38919.996
Model EX2 is alias for MIX{BurEX2:0.672020808818762,ExpEX2:1.6413466609931}
WARNING: Normalizing state frequencies so that sum of them equals to 1
735  EX2           19162.572    74  38473.145    38526.768    38742.646
Model EX3 is alias for MIX{BurEX3:0.427672756793791,IntEX3:0.837595938019774,HExEX3:1.51863631431518}
WARNING: Normalizing state frequencies so that sum of them equals to 1
WARNING: Normalizing state frequencies so that sum of them equals to 1
736  EX3           19104.077    75  38358.154    38413.494    38631.297
Model EHO is alias for MIX{ExtEHO:0.720274356,HelEHO:0.976798797,OthEHO:0.783109376}
WARNING: Normalizing state frequencies so that sum of them equals to 1
WARNING: Normalizing state frequencies so that sum of them equals to 1
WARNING: Normalizing state frequencies so that sum of them equals to 1
737  EHO           19540.667    75  39231.334    39286.673    39504.477
Model UL2 is alias for MIX{M1_UL2:0.581348617,M2_UL2:1.465482789}
WARNING: Normalizing state frequencies so that sum of them equals to 1
738  UL2           19277.797    74  38703.594    38757.217    38973.095
Model UL3 is alias for MIX{Q1_UL3:0.484340397,Q2_UL3:0.492780514,Q3_UL3:1.15597274}
WARNING: Normalizing state frequencies so that sum of them equals to 1
WARNING: Normalizing state frequencies so that sum of them equals to 1
739  UL3           19706.321    75  39562.642    39617.982    39835.785
Model EX_EHO is alias for MIX{BUR_EXT:0.761816796788931,BUR_HEL:0.744425646802117,BUR_OTH:0.532457759429489,EXP_EXT:1.5639387472863,EXP_HEL:2.06403411829438,EXP_OTH:1.43336795177594}
WARNING: Normalizing state frequencies so that sum of them equals to 1
WARNING: Normalizing state frequencies so that sum of them equals to 1
WARNING: Normalizing state frequencies so that sum of them equals to 1
740  EX_EHO        19002.246    78  38160.492    38221.201    38444.560
Model LG4M is alias for MIX{LG4M1,LG4M2,LG4M3,LG4M4}*G4
741  LG4M          18924.472    74  37996.944    38050.567    38266.445
Model LG4X is alias for MIX{LG4X1,LG4X2,LG4X3,LG4X4}*R4
742  LG4X          18943.492    79  38044.983    38107.557    38332.694
Model CF4 is alias for POISSON+FMIX{Fclass1,Fclass2,Fclass3,Fclass4}+F+G
WARNING: Normalizing State frequencies so that sum of them equals to 1
WARNING: Normalizing State frequencies so that sum of them equals to 1
WARNING: Normalizing State frequencies so that sum of them equals to 1
WARNING: Normalizing State frequencies so that sum of them equals to 1
743  CF4           19609.336    97  39412.673    39515.999    39765.938
Model LG+C10 is alias for LG+POISSON+G+FMIX{C10pi1:1:0.1191344178,C10pi2:1:0.0874372456,C10pi3:1:0.1037105070,C10pi4:1:0.0922584809,C10pi5:1:0.1070492801,C10pi6:1:0.1329945166,C10pi7:1:0.0538028458,C10pi8:1:0.0691986212,C10pi9:1:0.1319937434,C10pi10:1:0.1024203429}
744  LG+C10        19274.081    74  38696.163    38749.786    38965.664
Model LG+C20 is alias for LG+POISSON+G+FMIX{C20pi1:1:0.0559910600,C20pi2:1:0.0514824870,C20pi3:1:0.0812922124,C20pi4:1:0.0721976867,C20pi5:1:0.0556718858,C20pi6:1:0.0331003080,C20pi7:1:0.0589501763,C20pi8:1:0.0263756889,C20pi9:1:0.0307584220,C20pi10:1:0.0376701125,C20pi11:1:0.0303058290,C20pi12:1:0.0808775576,C20pi13:1:0.0263349134,C20pi14:1:0.0579101455,C20pi15:1:0.0371248064,C20pi16:1:0.0586867766,C20pi17:1:0.0561479138,C20pi18:1:0.0349810886,C20pi19:1:0.0544937394,C20pi20:1:0.0596471901}
745  LG+C20        19191.587    74  38531.174    38584.797    38800.675
Model LG+C30 is alias for LG+POISSON+G+FMIX{C30pi1:1:0.0095783264,C30pi2:1:0.0248476365,C30pi3:1:0.0636309366,C30pi4:1:0.0537939225,C30pi5:1:0.0295885587,C30pi6:1:0.0117587936,C30pi7:1:0.0132013428,C30pi8:1:0.0236868805,C30pi9:1:0.0261687659,C30pi10:1:0.0239821974,C30pi11:1:0.0257100906,C30pi12:1:0.0465072425,C30pi13:1:0.0546794546,C30pi14:1:0.0536085131,C30pi15:1:0.0270622670,C30pi16:1:0.0403913593,C30pi17:1:0.0474212700,C30pi18:1:0.0458816478,C30pi19:1:0.0214036510,C30pi20:1:0.0290385981,C30pi21:1:0.0123391793,C30pi22:1:0.0569350229,C30pi23:1:0.0419687568,C30pi24:1:0.0339027062,C30pi25:1:0.0388777376,C30pi26:1:0.0196343766,C30pi27:1:0.0233086174,C30pi28:1:0.0622722654,C30pi29:1:0.0184803385,C30pi30:1:0.0203395454}
746  LG+C30        19157.335    74  38462.670    38516.293    38732.171
Model LG+C40 is alias for LG+POISSON+G+FMIX{C40pi1:1:0.0223853788,C40pi2:1:0.0338891820,C40pi3:1:0.0577169375,C40pi4:1:0.0252416233,C40pi5:1:0.0108607921,C40pi6:1:0.0462373793,C40pi7:1:0.0102293175,C40pi8:1:0.0147523625,C40pi9:1:0.0143161352,C40pi10:1:0.0182302541,C40pi11:1:0.0204025079,C40pi12:1:0.0425505156,C40pi13:1:0.0248627269,C40pi14:1:0.0105892988,C40pi15:1:0.0188238725,C40pi16:1:0.0086663445,C40pi17:1:0.0148496147,C40pi18:1:0.0343037402,C40pi19:1:0.0225335203,C40pi20:1:0.0174068578,C40pi21:1:0.0112207827,C40pi22:1:0.0443532245,C40pi23:1:0.0392573370,C40pi24:1:0.0196756555,C40pi25:1:0.0287690328,C40pi26:1:0.0114441177,C40pi27:1:0.0112338740,C40pi28:1:0.0582694099,C40pi29:1:0.0444272279,C40pi30:1:0.0112010942,C40pi31:1:0.0145176111,C40pi32:1:0.0114629026,C40pi33:1:0.0239628061,C40pi34:1:0.0266266492,C40pi35:1:0.0481201159,C40pi36:1:0.0371147423,C40pi37:1:0.0160476688,C40pi38:1:0.0237249267,C40pi39:1:0.0235226203,C40pi40:1:0.0261998398}
747  LG+C40        19131.359    74  38410.718    38464.341    38680.219
Model LG+C50 is alias for LG+POISSON+G+FMIX{C50pi1:1:0.0164297003,C50pi2:1:0.0273175755,C50pi3:1:0.0460247610,C50pi4:1:0.0084864734,C50pi5:1:0.0125389252,C50pi6:1:0.0343549036,C50pi7:1:0.0130241102,C50pi8:1:0.0094755681,C50pi9:1:0.0190040551,C50pi10:1:0.0151902354,C50pi11:1:0.0320534760,C50pi12:1:0.0210059850,C50pi13:1:0.0237408547,C50pi14:1:0.0239841203,C50pi15:1:0.0213748021,C50pi16:1:0.0210717705,C50pi17:1:0.0050241805,C50pi18:1:0.0166262276,C50pi19:1:0.0143945956,C50pi20:1:0.0104391130,C50pi21:1:0.0107628277,C50pi22:1:0.0148818171,C50pi23:1:0.0321480239,C50pi24:1:0.0145477978,C50pi25:1:0.0332355807,C50pi26:1:0.0143190281,C50pi27:1:0.0234478734,C50pi28:1:0.0183044983,C50pi29:1:0.0403269452,C50pi30:1:0.0135629530,C50pi31:1:0.0091880799,C50pi32:1:0.0158270022,C50pi33:1:0.0121019379,C50pi34:1:0.0353560982,C50pi35:1:0.0404495617,C50pi36:1:0.0104569232,C50pi37:1:0.0146187792,C50pi38:1:0.0093984095,C50pi39:1:0.0146773809,C50pi40:1:0.0201635562,C50pi41:1:0.0255640273,C50pi42:1:0.0039486842,C50pi43:1:0.0393652608,C50pi44:1:0.0056415419,C50pi45:1:0.0382833580,C50pi46:1:0.0039735086,C50pi47:1:0.0140269355,C50pi48:1:0.0476703673,C50pi49:1:0.0204062788,C50pi50:1:0.0117835304}
748  LG+C50        19133.690    74  38415.381    38469.004    38684.882
Model LG+C60 is alias for LG+POISSON+G+FMIX{C60pi1:1:0.0169698865,C60pi2:1:0.0211683374,C60pi3:1:0.0276589079,C60pi4:1:0.0065675964,C60pi5:1:0.0141221416,C60pi6:1:0.0068774834,C60pi7:1:0.0146909701,C60pi8:1:0.0067225777,C60pi9:1:0.0018396660,C60pi10:1:0.0102547197,C60pi11:1:0.0230896163,C60pi12:1:0.0057941033,C60pi13:1:0.0125394534,C60pi14:1:0.0204526478,C60pi15:1:0.0070629602,C60pi16:1:0.0117982741,C60pi17:1:0.0068334668,C60pi18:1:0.0433775839,C60pi19:1:0.0318278731,C60pi20:1:0.0222546108,C60pi21:1:0.0102264969,C60pi22:1:0.0150545891,C60pi23:1:0.0134159878,C60pi24:1:0.0148552065,C60pi25:1:0.0239111516,C60pi26:1:0.0128776278,C60pi27:1:0.0222318842,C60pi28:1:0.0247444742,C60pi29:1:0.0214274810,C60pi30:1:0.0115001882,C60pi31:1:0.0076017389,C60pi32:1:0.0130258568,C60pi33:1:0.0093701965,C60pi34:1:0.0467194264,C60pi35:1:0.0441940314,C60pi36:1:0.0322263154,C60pi37:1:0.0402999891,C60pi38:1:0.0150234227,C60pi39:1:0.0104589903,C60pi40:1:0.0214742395,C60pi41:1:0.0154957836,C60pi42:1:0.0101789953,C60pi43:1:0.0227980379,C60pi44:1:0.0123204539,C60pi45:1:0.0066777583,C60pi46:1:0.0004150083,C60pi47:1:0.0344385130,C60pi48:1:0.0113663379,C60pi49:1:0.0127143049,C60pi50:1:0.0124323741,C60pi51:1:0.0262124415,C60pi52:1:0.0064994957,C60pi53:1:0.0103203293,C60pi54:1:0.0142463512,C60pi55:1:0.0215600067,C60pi56:1:0.0199150700,C60pi57:1:0.0038964200,C60pi58:1:0.0113448855,C60pi59:1:0.0128595846,C60pi60:1:0.0117656776}
WARNING: Your input class weight 0.000415008 is very small and may cause numerical issues
749  LG+C60        19123.093    74  38394.187    38447.810    38663.688
Akaike Information Criterion:           LG+R6
Corrected Akaike Information Criterion: LG+R6
Bayesian Information Criterion:         LG+I+G4
Best-fit model: LG+I+G4 chosen according to BIC

All model information printed to iqtree_gene_trees/COG2453.model.gz
CPU time for ModelFinder: 5883.908 seconds (1h:38m:3s)
Wall-clock time for ModelFinder: 597.259 seconds (0h:9m:57s)
Generating 1000 samples for ultrafast bootstrap (seed: 928874)...

NOTE: 8 MB RAM (0 GB) is required!
Estimate model parameters (epsilon = 0.100)
Thoroughly optimizing +I+G parameters from 10 start values...
Init pinv, alpha: 0.000, 1.252 / Estimate: 0.010, 1.239 / LogL: -18877.560
Init pinv, alpha: 0.002, 1.252 / Estimate: 0.010, 1.247 / LogL: -18877.565
Init pinv, alpha: 0.003, 1.252 / Estimate: 0.010, 1.247 / LogL: -18877.564
Init pinv, alpha: 0.005, 1.252 / Estimate: 0.010, 1.248 / LogL: -18877.564
Init pinv, alpha: 0.006, 1.252 / Estimate: 0.010, 1.246 / LogL: -18877.562
Init pinv, alpha: 0.008, 1.252 / Estimate: 0.010, 1.247 / LogL: -18877.565
Init pinv, alpha: 0.009, 1.252 / Estimate: 0.010, 1.247 / LogL: -18877.563
Init pinv, alpha: 0.011, 1.252 / Estimate: 0.010, 1.246 / LogL: -18877.562
Init pinv, alpha: 0.013, 1.252 / Estimate: 0.010, 1.246 / LogL: -18877.561
Init pinv, alpha: 0.014, 1.252 / Estimate: 0.010, 1.244 / LogL: -18877.560
Optimal pinv,alpha: 0.010, 1.244 / LogL: -18877.560

Parameters optimization took 0.958 sec
Wrote distance file to... 
Computing ML distances based on estimated model parameters...
Calculating distance matrix: done in 0.0546912 secs using 974.2% CPU
Computing ML distances took 0.055329 sec (of wall-clock time) 0.538455 sec (of CPU time)
WARNING: Some pairwise ML distances are too long (saturated)
Setting up auxiliary I and S matrices: done in 0.0023475 secs using 280.4% CPU
Constructing RapidNJ tree: done in 0.075839 secs using 201.1% CPU
Computing RapidNJ tree took 0.078622 sec (of wall-clock time) 0.160815 sec (of CPU time)
Log-likelihood of RapidNJ tree: -18897.769
--------------------------------------------------------------------
|             INITIALIZING CANDIDATE TREE SET                      |
--------------------------------------------------------------------
Generating 98 parsimony trees... 1.296 second
Computing log-likelihood of 98 initial trees ... 1.922 seconds
Current best score: -18877.560

Do NNI search on 20 best initial trees
Optimizing NNI: done in 0.110637 secs using 990.2% CPU
Estimate model parameters (epsilon = 0.100)
BETTER TREE FOUND at iteration 1: -18877.347
Optimizing NNI: done in 0.413009 secs using 996.8% CPU
Estimate model parameters (epsilon = 0.100)
BETTER TREE FOUND at iteration 2: -18861.200
Optimizing NNI: done in 0.442354 secs using 995.6% CPU
Optimizing NNI: done in 0.515778 secs using 995.3% CPU
Optimizing NNI: done in 0.433022 secs using 994.9% CPU
Optimizing NNI: done in 0.554572 secs using 995.4% CPU
Optimizing NNI: done in 0.387787 secs using 996.3% CPU
Optimizing NNI: done in 0.441498 secs using 995.9% CPU
Optimizing NNI: done in 0.434608 secs using 995.3% CPU
Optimizing NNI: done in 0.449081 secs using 996.6% CPU
Iteration 10 / LogL: -18865.648 / Time: 0h:0m:8s
Optimizing NNI: done in 0.373337 secs using 996.8% CPU
Optimizing NNI: done in 0.441751 secs using 997% CPU
Optimizing NNI: done in 0.325129 secs using 996.6% CPU
Optimizing NNI: done in 0.511138 secs using 994.3% CPU
Optimizing NNI: done in 0.544369 secs using 996.1% CPU
Optimizing NNI: done in 0.569066 secs using 995.9% CPU
Optimizing NNI: done in 0.455262 secs using 991% CPU
Optimizing NNI: done in 0.472308 secs using 996.3% CPU
Optimizing NNI: done in 0.411804 secs using 993.5% CPU
Optimizing NNI: done in 0.465943 secs using 997.1% CPU
Iteration 20 / LogL: -18885.565 / Time: 0h:0m:13s
Finish initializing candidate tree set (20)
Current best tree score: -18861.200 / CPU time: 12.214
Number of iterations: 20
--------------------------------------------------------------------
|               OPTIMIZING CANDIDATE TREE SET                      |
--------------------------------------------------------------------
Optimizing NNI: done in 0.384433 secs using 996.3% CPU
Estimate model parameters (epsilon = 0.100)
BETTER TREE FOUND at iteration 21: -18860.439
Optimizing NNI: done in 0.354221 secs using 994.8% CPU
Optimizing NNI: done in 0.519158 secs using 996.3% CPU
Optimizing NNI: done in 0.459983 secs using 992.9% CPU
Estimate model parameters (epsilon = 0.100)
BETTER TREE FOUND at iteration 24: -18856.134
Optimizing NNI: done in 0.425627 secs using 995.7% CPU
Optimizing NNI: done in 0.402556 secs using 992.3% CPU
Optimizing NNI: done in 0.38223 secs using 996% CPU
Optimizing NNI: done in 0.410771 secs using 996.8% CPU
Optimizing NNI: done in 0.437478 secs using 995.8% CPU
Optimizing NNI: done in 0.397481 secs using 994.4% CPU
Iteration 30 / LogL: -18860.431 / Time: 0h:0m:17s (0h:0m:58s left)
Optimizing NNI: done in 0.532749 secs using 995.2% CPU
Optimizing NNI: done in 0.345099 secs using 994.7% CPU
Optimizing NNI: done in 0.475822 secs using 995.6% CPU
Optimizing NNI: done in 0.356578 secs using 994.6% CPU
Optimizing NNI: done in 0.496642 secs using 995.3% CPU
Optimizing NNI: done in 0.405817 secs using 994.8% CPU
Optimizing NNI: done in 0.332392 secs using 996.3% CPU
Optimizing NNI: done in 0.429256 secs using 995.7% CPU
Optimizing NNI: done in 0.395897 secs using 995.4% CPU
Optimizing NNI: done in 0.322939 secs using 995.4% CPU
Iteration 40 / LogL: -18858.087 / Time: 0h:0m:22s (0h:0m:47s left)
Optimizing NNI: done in 0.371285 secs using 995.5% CPU
Optimizing NNI: done in 0.379358 secs using 996.2% CPU
Optimizing NNI: done in 0.304604 secs using 996.4% CPU
Optimizing NNI: done in 0.249177 secs using 995.2% CPU
Optimizing NNI: done in 0.316065 secs using 996.4% CPU
Optimizing NNI: done in 0.488429 secs using 994.8% CPU
Optimizing NNI: done in 0.294304 secs using 996.7% CPU
Optimizing NNI: done in 0.48187 secs using 994.7% CPU
Optimizing NNI: done in 0.509237 secs using 996.1% CPU
Optimizing NNI: done in 0.396198 secs using 995.1% CPU
Iteration 50 / LogL: -18856.406 / Time: 0h:0m:26s (0h:0m:39s left)
Log-likelihood cutoff on original alignment: -18900.470
UFBoot trees printed to iqtree_gene_trees/COG2453.ufboot
Optimizing NNI: done in 0.40447 secs using 995.6% CPU
Optimizing NNI: done in 0.357457 secs using 994% CPU
Optimizing NNI: done in 0.297016 secs using 997.3% CPU
Optimizing NNI: done in 0.487953 secs using 996.4% CPU
Optimizing NNI: done in 0.3864 secs using 993.7% CPU
Optimizing NNI: done in 0.380078 secs using 993.7% CPU
Optimizing NNI: done in 0.379978 secs using 995.5% CPU
Optimizing NNI: done in 0.41288 secs using 994.1% CPU
Optimizing NNI: done in 0.247074 secs using 994.7% CPU
Optimizing NNI: done in 0.517921 secs using 994.1% CPU
Iteration 60 / LogL: -18856.417 / Time: 0h:0m:30s (0h:0m:33s left)
Optimizing NNI: done in 0.402691 secs using 995.5% CPU
Optimizing NNI: done in 0.257949 secs using 995.4% CPU
Optimizing NNI: done in 0.273693 secs using 994.6% CPU
Optimizing NNI: done in 0.303209 secs using 998.3% CPU
Optimizing NNI: done in 0.265573 secs using 994% CPU
Optimizing NNI: done in 0.420718 secs using 995.2% CPU
Optimizing NNI: done in 0.328963 secs using 992.7% CPU
Optimizing NNI: done in 0.315904 secs using 994.7% CPU
Optimizing NNI: done in 0.293554 secs using 994.8% CPU
Optimizing NNI: done in 0.348357 secs using 995.1% CPU
Iteration 70 / LogL: -18861.902 / Time: 0h:0m:33s (0h:0m:26s left)
Optimizing NNI: done in 0.34539 secs using 997% CPU
Optimizing NNI: done in 0.246499 secs using 996.3% CPU
Optimizing NNI: done in 0.354468 secs using 995.7% CPU
Optimizing NNI: done in 0.45276 secs using 997% CPU
Optimizing NNI: done in 0.330559 secs using 992% CPU
Optimizing NNI: done in 0.396442 secs using 994.6% CPU
Optimizing NNI: done in 0.555855 secs using 994.7% CPU
Optimizing NNI: done in 0.389479 secs using 996.1% CPU
Optimizing NNI: done in 0.301858 secs using 988.5% CPU
Optimizing NNI: done in 0.54369 secs using 994.5% CPU
Iteration 80 / LogL: -18857.220 / Time: 0h:0m:38s (0h:0m:21s left)
Optimizing NNI: done in 0.28643 secs using 994.7% CPU
Optimizing NNI: done in 0.425642 secs using 995.5% CPU
Optimizing NNI: done in 0.374862 secs using 991.6% CPU
Optimizing NNI: done in 0.343126 secs using 996.8% CPU
Optimizing NNI: done in 0.319364 secs using 996.8% CPU
Optimizing NNI: done in 0.293722 secs using 996.9% CPU
Optimizing NNI: done in 0.321219 secs using 995% CPU
Optimizing NNI: done in 0.297156 secs using 985.1% CPU
Optimizing NNI: done in 0.291937 secs using 996.1% CPU
Optimizing NNI: done in 0.229272 secs using 996.5% CPU
Iteration 90 / LogL: -18856.233 / Time: 0h:0m:41s (0h:0m:15s left)
Optimizing NNI: done in 0.320371 secs using 997.4% CPU
Optimizing NNI: done in 0.391837 secs using 995.6% CPU
Optimizing NNI: done in 0.363158 secs using 995.5% CPU
Optimizing NNI: done in 0.364476 secs using 996.4% CPU
Optimizing NNI: done in 0.331784 secs using 990% CPU
Optimizing NNI: done in 0.49881 secs using 994.7% CPU
Optimizing NNI: done in 0.282708 secs using 994.8% CPU
Optimizing NNI: done in 0.392596 secs using 994.9% CPU
Optimizing NNI: done in 0.309712 secs using 993.9% CPU
Optimizing NNI: done in 0.458194 secs using 996.2% CPU
Iteration 100 / LogL: -18856.154 / Time: 0h:0m:45s (0h:0m:10s left)
Log-likelihood cutoff on original alignment: -18900.470
NOTE: Bootstrap correlation coefficient of split occurrence frequencies: 0.999
UFBoot trees printed to iqtree_gene_trees/COG2453.ufboot
Optimizing NNI: done in 0.328616 secs using 993.9% CPU
Optimizing NNI: done in 0.311616 secs using 995.5% CPU
Optimizing NNI: done in 0.356064 secs using 996.4% CPU
Optimizing NNI: done in 0.575566 secs using 995.2% CPU
Optimizing NNI: done in 0.30083 secs using 994.8% CPU
Optimizing NNI: done in 0.305412 secs using 996.1% CPU
Optimizing NNI: done in 0.355464 secs using 994.4% CPU
Optimizing NNI: done in 0.338481 secs using 996.1% CPU
Optimizing NNI: done in 0.220348 secs using 996% CPU
Optimizing NNI: done in 0.359004 secs using 993.5% CPU
Iteration 110 / LogL: -18856.164 / Time: 0h:0m:49s (0h:0m:40s left)
Optimizing NNI: done in 0.264508 secs using 994.5% CPU
Optimizing NNI: done in 0.404874 secs using 996.6% CPU
Optimizing NNI: done in 0.323022 secs using 996.9% CPU
Optimizing NNI: done in 0.353545 secs using 994.9% CPU
Optimizing NNI: done in 0.306026 secs using 995.4% CPU
Optimizing NNI: done in 0.481092 secs using 995.5% CPU
Optimizing NNI: done in 0.326612 secs using 996.9% CPU
Optimizing NNI: done in 0.431244 secs using 996.5% CPU
Optimizing NNI: done in 0.346561 secs using 994.2% CPU
Optimizing NNI: done in 0.390323 secs using 995.6% CPU
Iteration 120 / LogL: -18856.503 / Time: 0h:0m:53s (0h:0m:35s left)
Optimizing NNI: done in 0.329158 secs using 993.7% CPU
Optimizing NNI: done in 0.366151 secs using 993.8% CPU
Optimizing NNI: done in 0.37407 secs using 995.7% CPU
Optimizing NNI: done in 0.371015 secs using 995.2% CPU
Optimizing NNI: done in 0.277371 secs using 998.3% CPU
TREE SEARCH COMPLETED AFTER 125 ITERATIONS / Time: 0h:0m:54s

--------------------------------------------------------------------
|                    FINALIZING TREE SEARCH                        |
--------------------------------------------------------------------
Performs final model parameters optimization
Estimate model parameters (epsilon = 0.010)
1. Initial log-likelihood: -18856.134
Optimal log-likelihood: -18856.134
Proportion of invariable sites: 0.010
Gamma shape alpha: 1.236
Parameters optimization took 1 rounds (0.038 sec)
BEST SCORE FOUND : -18856.134
Creating bootstrap support values...
Split supports printed to NEXUS file iqtree_gene_trees/COG2453.splits.nex
Total tree length: 56.439

Total number of iterations: 125
CPU time used for tree search: 503.584 sec (0h:8m:23s)
Wall-clock time used for tree search: 53.662 sec (0h:0m:53s)
Total CPU time used: 515.858 sec (0h:8m:35s)
Total wall-clock time used: 55.214 sec (0h:0m:55s)
UFBoot trees printed to iqtree_gene_trees/COG2453.ufboot

Computing bootstrap consensus tree...
Reading input file iqtree_gene_trees/COG2453.splits.nex...
38 taxa and 336 splits.
Consensus tree written to iqtree_gene_trees/COG2453.contree
Reading input trees file iqtree_gene_trees/COG2453.contree
Log-likelihood of consensus tree: -18856.134

Analysis results written to: 
  IQ-TREE report:                iqtree_gene_trees/COG2453.iqtree
  Maximum-likelihood tree:       iqtree_gene_trees/COG2453.treefile
  Likelihood distances:          iqtree_gene_trees/COG2453.mldist

Ultrafast bootstrap approximation results written to:
  Split support values:          iqtree_gene_trees/COG2453.splits.nex
  Consensus tree:                iqtree_gene_trees/COG2453.contree
  UFBoot trees:                  iqtree_gene_trees/COG2453.ufboot
  Screen log file:               iqtree_gene_trees/COG2453.log

ALISIM COMMAND
--------------
--alisim simulated_MSA -t iqtree_gene_trees/COG2453.treefile -m "LG+I{0.0102177}+G4{1.23612}" --length 282

Date and Time: Sat Apr  8 10:52:16 2023
