IQ-TREE multicore version 2.2.0.3 COVID-edition for Linux 64-bit built Aug  2 2022
Developed by Bui Quang Minh, James Barbetti, Nguyen Lam Tung,
Olga Chernomor, Heiko Schmidt, Dominik Schrempf, Michael Woodhams, Ly Trong Nhan.

Host:    baross.its.carleton.edu (AVX2, FMA3, 755 GB RAM)
Command: iqtree -s gene_alignments/trimv2_COG2836.afa -m MFP -bb 1000 -wbtl -ntmax 10 -nt AUTO -T 10 --prefix iqtree_gene_trees/COG2836 -madd C10,C20,C30,C40,C50,C60,EX2,EX3,EHO,UL2,UL3,EX_EHO,LG4M,LG4X,CF4,LG+C10,LG+C20,LG+C30,LG+C40,LG+C50,LG+C60 -mrate E,I,G,I+G,R
Seed:    396301 (Using SPRNG - Scalable Parallel Random Number Generator)
Time:    Fri Apr  7 21:13:24 2023
Kernel:  AVX+FMA - 10 threads (96 CPU cores detected)

Reading alignment file gene_alignments/trimv2_COG2836.afa ... Fasta format detected
Reading fasta file: done in 0.0010707 secs using 84.99% CPU
Alignment most likely contains protein sequences
Constructing alignment: done in 0.00191513 secs using 861.4% CPU
Alignment has 125 sequences with 271 columns, 271 distinct patterns
266 parsimony-informative, 1 singleton sites, 4 constant sites
                                                                Gap/Ambiguity  Composition  p-value
Analyzing sequences: done in 9.17702e-05 secs using 867.4% CPU
   1  GCF.001399755.1.Bacteria.Proteobacteria_NZ_LJCP01000014.1_64     14.39%    passed     14.25%
   2  GCF.002215035.1.Bacteria.Cyanobacteria_NZ_NKFP01000006.1_822      4.43%    passed     13.17%
   3  GCF.000374645.1.Bacteria.Proteobacteria_NZ_KB894801.1_175        12.55%    failed      1.54%
   4  GCA.002862435.1.Bacteria.Proteobacteria_PKDC01000054.1_15        14.76%    passed     29.85%
   5  GCA.001798605.1.Bacteria.Myxococcota_MGST01000182.1_7            18.08%    passed     42.05%
   6  GCA.002747255.1.Bacteria.Acidobacteriota_PDUC01000053.1_24       19.93%    failed      4.64%
   7  GCF.900489485.1.Bacteria.Bacteroidota_WP_111815662.1             13.28%    failed      0.00%
   8  GCA.003137095.1.Bacteria.Proteobacteria_PLET01000053.1_16        13.28%    failed      0.40%
   9  GCA.002868855.1.Bacteria.Proteobacteria_PKUM01000133.1_4          9.59%    passed     12.74%
  10  GCA.002747435.1.Bacteria.Proteobacteria_PDPH01000019.1_20        12.18%    passed     71.68%
  11  GCA.002731275.1.Bacteria.Myxococcota_PCBK01000035.1_14            9.96%    passed     39.79%
  12  GCF.001641825.1.Bacteria.Proteobacteria_NZ_LRFH01000014.1_337    14.76%    passed     30.49%
  13  GCA.002789955.1.Bacteria.Myxococcota_PFUG01000563.1_21           19.56%    passed     85.29%
  14  GCA.002338605.1.Bacteria.Proteobacteria_DDIP01000370.1_3         13.28%    passed     77.44%
  15  GCA.003229375.1.Bacteria.Nitrospinota_QIDP01000075.1_10          18.45%    failed      0.16%
  16  Fischerella.muscicola.CCMEE5323_WP_016869349.1                    5.17%    passed     22.63%
  17  GCA.001664505.1.Bacteria.Acidobacteriota_CP011806.1_4285         12.18%    failed      1.31%
  18  GCF.003258945.1.Bacteria.Proteobacteria_NZ_QLIX01000003.1_216    13.65%    failed      0.00%
  19  GCA.002436065.1.Bacteria.Chloroflexota_DIXP01000016.1_55         14.02%    passed     11.17%
  20  GCF.001399675.1.Bacteria.Firmicutes_NZ_LJCO01000085.1_10         11.44%    passed     80.31%
  21  GCF.001613805.1.Bacteria.Proteobacteria_NZ_LPVY01000005.1_102    11.81%    passed     37.18%
  22  GCA.002429065.1.Bacteria.Verrucomicrobiota_DIYN01000032.1_41     16.24%    passed     43.32%
  23  GCF.000021985.1.Bacteria.Proteobacteria_NC_011901.1_674          16.61%    passed     74.19%
  24  GCF.001697225.1.Bacteria.Proteobacteria_NZ_CP014671.1_634         9.96%    failed      0.00%
  25  GCF.000177635.2.Bacteria.Chrysiogenota_NC_014836.1_1241          16.24%    passed     59.75%
  26  GCA.003105265.1.Bacteria.Zixibacteria_PQAP01000040.1_6           14.76%    passed     93.16%
  27  GCA.000830255.1.Bacteria.Campylobacterota_JQIT01000003.1_137     11.07%    failed      1.08%
  28  GCA.002402105.1.Bacteria.UBP17_NVVD01000001.1_345                15.50%    failed      0.00%
  29  GCA.002420425.1.Bacteria.Proteobacteria_DIIC01000043.1_19        12.55%    passed     81.15%
  30  GCF.000020025.1.Bacteria.Cyanobacteria_NC_010628.1_4359           4.43%    failed      0.25%
  31  GCF.003838225.1.Bacteria.Cyanobacteria_WP_124147176.1             3.69%    failed      3.31%
  32  GCA.002085445.1.Bacteria.Proteobacteria_NBMI01000028.1_77         7.75%    passed     52.64%
  33  GCF.000315795.1.Bacteria.Proteobacteria_NZ_ANHY01000004.1_150    12.92%    passed     84.82%
  34  GCA.003508595.1.Bacteria.Planctomycetota_DNUF01000147.1_36       11.81%    passed     39.15%
  35  GCA.001775255.1.Bacteria.Desulfobacterota.D_MFCJ01000140.1_6     14.02%    failed      0.06%
  36  GCF.000487995.1.Bacteria.Deferribacterota_NZ_KI530588.1_152      19.56%    failed      0.00%
  37  GCA.002899795.1.Bacteria.Desulfobacterota_PPDG01000153.1_12      18.08%    passed     11.01%
  38  GCF.000264455.2.Bacteria.Proteobacteria_NC_017956.1_2308         13.65%    failed      0.21%
  39  GCF.000384115.1.Bacteria.Actinobacteriota_NZ_KB913029.1_196       8.12%    failed      0.13%
  40  GCA.001819875.1.Bacteria.Patescibacteria_MHNR01000028.1_44       14.39%    failed      0.04%
  41  GCA.002483345.1.Bacteria.Bacteroidota_DLHS01000018.1_167         15.87%    passed     93.45%
  42  GCA.001817115.1.Bacteria.Patescibacteria_MHHS01000007.1_17       14.39%    failed      0.00%
  43  GCF.002148795.1.Bacteria.Proteobacteria_NZ_MPOB01000003.1_226    12.92%    passed     41.85%
  44  GCA.002841945.1.Bacteria.Myxococcota_PHBI01000056.1_1            12.18%    passed     93.45%
  45  GCF.002114285.1.Archaea.Halobacteriota_NZ_NEDJ01000060.1_2       17.34%    failed      0.03%
  46  GCA.001735895.1.Bacteria.Proteobacteria_DS021198.1_142            8.49%    passed     27.57%
  47  GCF.001399755.1.Bacteria.Proteobacteria_NZ_LJCP01000007.1_170    12.92%    passed     22.02%
  48  GCA.002432655.1.Bacteria.Proteobacteria_DJFZ01000018.1_69        15.50%    passed     44.86%
  49  GCF.000473895.1.Bacteria.Cyanobacteria_NZ_ASSJ01000055.1_97       4.43%    passed     13.78%
  50  GCA.001698445.1.Bacteria.Cyanobacteria_MBRF01000032.1_175         4.43%    passed      7.69%
  51  GCA.002840095.1.Bacteria.Proteobacteria_PGZL01000008.1_55        15.87%    passed     50.65%
  52  GCA.002347365.1.Bacteria.Actinobacteriota_DDWT01000033.1_66       9.23%    passed     61.26%
  53  GCF.900167455.1.Bacteria.Proteobacteria_NZ_FUWJ01000004.1_15     14.02%    passed     31.07%
  54  GCF.001720165.1.Bacteria.Proteobacteria_NZ_MCRI01000001.1_123     9.23%    passed     62.81%
  55  GCF.000284615.1.Bacteria.Proteobacteria_NC_017067.1_1429         15.50%    passed     37.06%
  56  GCA.002011735.1.Bacteria.Nitrospirota_MTOQ01000040.1_14          19.19%    failed      0.32%
  57  GCA.002455375.1.Bacteria.Bacteroidota_DKKR01000071.1_22          12.92%    failed      0.00%
  58  GCA.002340345.1.Bacteria.Proteobacteria_DDLW01000088.1_1         12.18%    passed     74.79%
  59  GCF.001051235.1.Bacteria.Proteobacteria_NZ_CBTJ020000042.1_126   15.50%    failed      2.48%
  60  GCA.002727195.1.Bacteria.Latescibacterota_PBWH01000012.1_36      19.93%    passed     10.44%
  61  GCF.002251945.1.Bacteria.Cyanobacteria_NZ_NDHW01000098.1_2        8.86%    passed     63.70%
  62  GCA.001447805.1.Bacteria.Proteobacteria_CP013099.1_1503          11.07%    passed     93.15%
  63  GCA.001772665.1.Bacteria.Patescibacteria_MEVH01000018.1_2        14.39%    failed      0.00%
  64  GCF.000353285.1.Bacteria.Cyanobacteria_NZ_KB731324.1_3950         7.01%    passed     53.53%
  65  GCA.003023725.1.Bacteria.Firmicutes.E_PXYT01000004.1_50          12.18%    passed     61.52%
  66  GCF.000018105.1.Bacteria.Cyanobacteria_NC_009925.1_1831          20.30%    passed     66.96%
  67  GCF.002020875.1.Bacteria.Proteobacteria_WP_078482392.1           14.39%    passed     74.55%
  68  GCA.002790835.1.Bacteria.Krumholzibacteriota_PFVX01000022.1_14    9.23%    passed     96.48%
  69  GCA.002840095.1.Bacteria.Proteobacteria_PGZL01000008.1_308       18.45%    passed     73.04%
  70  GCA.002699025.1.Bacteria.Myxococcota_PABA01000041.1_17           18.45%    failed      0.00%
  71  GCA.002731375.1.Bacteria.Proteobacteria_PCBT01000048.1_66         6.64%    passed     93.49%
  72  GCF.002020875.1.Bacteria.Proteobacteria_WP_078482104.1           13.65%    passed     60.08%
  73  GCF.002114285.1.Archaea.Halobacteriota_NZ_NEDJ01000046.1_17       8.49%    failed      0.03%
  74  Richelia.intracellularis.HH01_WP_044304308.1                      5.54%    failed      0.34%
  75  GCA.003136555.1.Bacteria.Planctomycetota_PLEW01000233.1_18       11.44%    failed      0.24%
  76  GCF.001431315.1.Bacteria.Proteobacteria_NZ_LKHV01000002.1_70     14.02%    passed     10.07%
  77  GCF.900116225.1.Bacteria.Bacteroidota_NZ_FOZZ01000011.1_10       16.61%    failed      0.03%
  78  GCA.002746645.1.Bacteria.Proteobacteria_PDPU01000026.1_42        10.33%    passed     74.53%
  79  GCF.001306175.1.Bacteria.Chloroflexota_NZ_LGKN01000005.1_131     12.92%    passed      8.75%
  80  GCF.000239355.1.Bacteria.Proteobacteria_WP_006986556.1           19.56%    passed     68.99%
  81  GCA.003235715.1.Bacteria.Nitrospirota_QJVM01000236.1_42          16.61%    passed     88.04%
  82  GCF.000264455.2.Bacteria.Proteobacteria_NC_017956.1_3369         14.02%    failed      0.00%
  83  GCF.003052605.1.Bacteria.Proteobacteria_NZ_QASO01000024.1_32     16.24%    passed     12.64%
  84  GCA.002321895.1.Bacteria.Bdellovibrionota_DCMZ01000008.1_126     16.24%    failed      3.55%
  85  GCA.002451085.1.Bacteria.Proteobacteria_DKBE01000098.1_7          9.96%    passed     56.64%
  86  GCA.002298155.1.Bacteria.Acidobacteriota_DBME01000068.1_9        14.76%    passed      8.68%
  87  GCA.002730875.1.Bacteria.Spirochaetota_PCBI01000019.1_457        14.39%    failed      4.30%
  88  GCF.000178255.1.Bacteria.Firmicutes_WP_006784828.1               15.13%    failed      0.00%
  89  GCF.002109495.1.Bacteria.Proteobacteria_NZ_LVJN01000020.1_1220   15.13%    failed      1.76%
  90  GCA.003171235.1.Bacteria.Planctomycetota_PMYM01000199.1_3        11.81%    failed      3.62%
  91  GCA.001820055.1.Bacteria.Patescibacteria_MHOK01000020.1_36       14.39%    failed      0.00%
  92  GCF.000024725.1.Bacteria.Proteobacteria_NC_013960.1_2546         14.02%    passed     56.59%
  93  GCA.002405475.1.Bacteria.Proteobacteria_DHLX01000006.1_4         10.33%    passed     40.82%
  94  GCA.000961655.1.Bacteria.Desulfobacterota_LADR01000038.1_76      18.82%    passed     91.75%
  95  GCA.002787615.1.Bacteria.Proteobacteria_PCXJ01000039.1_22        12.92%    failed      0.04%
  96  GCF.000317045.1.Bacteria.Cyanobacteria_NC_019703.1_3228           4.80%    passed      6.25%
  97  GCF.000264455.2.Bacteria.Proteobacteria_NC_017958.1_940          12.55%    failed      0.00%
  98  GCF.002114285.1.Archaea.Halobacteriota_NZ_NEDJ01000028.1_22       8.49%    failed      2.07%
  99  GCA.003155415.1.Bacteria.Proteobacteria_PMCP01000070.1_3         15.50%    failed      0.65%
 100  GCF.001870225.1.Bacteria.Cyanobacteria_NZ_CP017675.1_2469        12.18%    failed      0.03%
 101  GCA.007244385.1.Bacteria.Desulfobacterota_SCVX01000062.1_39      18.82%    passed     63.90%
 102  GCA.002382525.1.Bacteria.Verrucomicrobiota_DFYA01000322.1_2      16.24%    passed     13.21%
 103  GCA.000830255.1.Bacteria.Campylobacterota_JQIT01000003.1_89      12.18%    failed      0.52%
 104  GCF.002109495.1.Bacteria.Proteobacteria_NZ_LVJN01000021.1_242    11.81%    passed     68.08%
 105  GCF.900112605.1.Bacteria.Proteobacteria_NZ_FOMJ01000005.1_142    13.65%    failed      1.18%
 106  GCA.002338715.1.Bacteria.Planctomycetota_DDIR01000049.1_87       14.02%    passed     30.31%
 107  GCF.001399675.1.Bacteria.Firmicutes_NZ_LJCO01000096.1_212        12.92%    passed     24.79%
 108  GCF.001280305.1.Bacteria.Bacteroidota_NZ_CP012623.1_3154         13.65%    passed     30.10%
 109  GCA.001873295.1.Bacteria.CG2.30.70.394_MNYW01000122.1_15         15.87%    passed      6.47%
 110  GCF.002251795.1.Bacteria.Proteobacteria_NZ_NOXU01000028.1_27     14.02%    passed     60.84%
 111  GCF.001611275.1.Bacteria.Desulfobacterota_NZ_CP015080.1_2320     16.97%    passed     70.99%
 112  GCF.006980715.1.Bacteria.Proteobacteria_NZ_SBHN01000028.1_44     14.02%    passed     20.12%
 113  GCA.002389045.1.Bacteria.Proteobacteria_DGNS01000009.1_327       11.07%    passed      5.33%
 114  GCA.002786175.1.Bacteria.Chlamydiota_PEQL01000007.1_63           16.97%    failed      0.27%
 115  GCF.003097315.1.Bacteria.Proteobacteria_NZ_QDDL01000015.1_42     15.50%    passed      8.72%
 116  GCA.002840095.1.Bacteria.Proteobacteria_PGZL01000014.1_6         19.19%    passed     49.08%
 117  GCA.002747355.1.Bacteria.Myxococcota_PDPC01000108.1_7            17.34%    failed      1.00%
 118  Nostoc.sp.PCC7120_WP_010998842.1                                  4.43%    failed      2.67%
 119  GCA.003158365.1.Bacteria.Bacteroidota_PMIW01000053.1_2           13.28%    failed      0.00%
 120  GCF.000384115.1.Bacteria.Actinobacteriota_NZ_KB913029.1_464       8.12%    failed      0.18%
 121  GCF.000021985.1.Bacteria.Proteobacteria_NC_011901.1_2919         14.76%    passed      5.93%
 122  GCF.001614315.2.Bacteria.Proteobacteria_NZ_LVEG02000014.1_83     12.55%    passed     24.35%
 123  Richelia.intracellularis.HM01_WP_044258212.1                      5.54%    failed      0.43%
 124  GCA.001735895.1.Bacteria.Proteobacteria_DS021199.1_197           15.13%    passed     78.06%
 125  GCA.001769385.1.Bacteria.Bacteroidota_MEPB01000052.1_57          15.13%    failed      0.00%
****  TOTAL                                                            13.16%  49 sequences failed composition chi2 test (p-value<5%; df=19)
Checking for duplicate sequences: done in 0.00126015 secs using 924% CPU


Create initial parsimony tree by phylogenetic likelihood library (PLL)... 0.099 seconds
Perform fast likelihood tree search using LG+I+G model...
Estimate model parameters (epsilon = 5.000)
Perform nearest neighbor interchange...
Optimizing NNI: done in 2.24253 secs using 995% CPU
Estimate model parameters (epsilon = 1.000)
1. Initial log-likelihood: -53659.514
Optimal log-likelihood: -53659.207
Proportion of invariable sites: 0.015
Gamma shape alpha: 1.127
Parameters optimization took 1 rounds (0.174 sec)
Time for fast ML tree search: 3.486 seconds

NOTE: ModelFinder requires 57 MB RAM!
ModelFinder will test up to 749 protein models (sample size: 271) ...
 No. Model         -LnL         df  AIC          AICc         BIC
  1  LG            55973.080    247 112440.160   117766.768   113329.883
  2  LG+I          55685.266    248 111866.533   117480.351   112759.858
  3  LG+G4         53701.429    248 107898.858   113512.676   108792.183
  4  LG+I+G4       53659.197    249 107816.394   113744.965   108713.321
  5  LG+R2         54301.719    249 109101.437   115030.009   109998.365
  6  LG+R3         53813.220    251 108128.440   114786.545   109032.572
  7  LG+R4         53643.982    253 107793.965   115354.200   108705.301
  8  LG+R5         53616.598    255 107743.195   116447.195   108661.736
  9  LG+R6         53548.678    257 107611.356   117812.280   108537.101
 10  LG+R7         53542.817    259 107603.633   119847.269   108536.582
 11  LG+R8         53533.714    261 107589.427   122785.427   108529.580
 12  LG+R9         53533.909    263 107593.818   127431.533   108541.176
 14  LG+F          54915.443    266 110362.887   145873.887   111321.050
 15  LG+F+I        54575.251    267 109684.502   157388.502   110646.268
 16  LG+F+G4       52365.336    267 105264.672   152968.672   106226.438
 17  LG+F+I+G4     52316.337    268 105168.674   177260.674   106134.042
 18  LG+F+R2       52990.420    268 106516.839   178608.839   107482.207
 19  LG+F+R3       52470.910    270 105481.820   251821.820   106454.392
 20  LG+F+R4       52295.175    272 105134.350   253646.350   106114.127
 21  LG+F+R5       52210.665    274 104969.330   255669.330   105956.310
 22  LG+F+R6       52188.309    276 104928.619   257832.619   105922.804
 23  LG+F+R7       52182.484    278 104920.969   260044.969   105922.358
 24  LG+F+R8       52177.164    280 104914.327   262274.327   105922.921
 27  WAG           55666.686    247 111827.371   117153.980   112717.094
 28  WAG+I         55427.011    248 111350.022   116963.840   112243.347
 29  WAG+G4        53808.374    248 108112.748   113726.566   109006.074
 30  WAG+I+G4      53766.638    249 108031.276   113959.847   108928.203
 31  WAG+R2        54297.534    249 109093.069   115021.640   109989.996
 32  WAG+R3        53902.320    251 108306.640   114964.745   109210.772
 33  WAG+R4        53743.590    253 107993.179   115553.414   108904.515
 34  WAG+R5        53681.589    255 107873.178   116577.178   108791.718
 35  WAG+R6        53657.587    257 107829.174   118030.097   108754.919
 36  WAG+R7        53656.460    259 107830.921   120074.557   108763.869
 40  WAG+F         54376.777    266 109285.555   144796.555   110243.718
 41  WAG+F+I       54095.432    267 108724.863   156428.863   109686.629
 42  WAG+F+G4      52423.185    267 105380.370   153084.370   106342.136
 43  WAG+F+I+G4    52366.042    268 105268.085   177360.085   106233.453
 44  WAG+F+R2      52916.228    268 106368.456   178460.456   107333.824
 45  WAG+F+R3      52471.282    270 105482.563   251822.563   106455.135
 46  WAG+F+R4      52337.126    272 105218.251   253730.251   106198.027
 47  WAG+F+R5      52256.174    274 105060.348   255760.348   106047.328
 48  WAG+F+R6      52245.758    276 105043.516   257947.516   106037.701
 49  WAG+F+R7      52241.954    278 105039.908   260163.908   106041.297
 53  JTT           56007.337    247 112508.674   117835.283   113398.397
 54  JTT+I         55751.111    248 111998.221   117612.039   112891.547
 55  JTT+G4        53923.745    248 108343.489   113957.307   109236.814
 56  JTT+I+G4      53879.739    249 108257.478   114186.049   109154.406
 57  JTT+R2        54455.956    249 109409.913   115338.484   110306.840
 58  JTT+R3        54008.987    251 108519.973   115178.078   109424.105
 59  JTT+R4        53854.280    253 108214.560   115774.795   109125.896
 60  JTT+R5        53792.032    255 108094.064   116798.064   109012.604
 61  JTT+R6        53758.497    257 108030.995   118231.918   108956.739
 62  JTT+R7        53756.629    259 108031.258   120274.894   108964.206
 66  JTT+F         54945.528    266 110423.056   145934.056   111381.219
 67  JTT+F+I       54655.130    267 109844.261   157548.261   110806.026
 68  JTT+F+G4      52741.852    267 106017.704   153721.704   106979.470
 69  JTT+F+I+G4    52693.294    268 105922.589   178014.589   106887.956
 70  JTT+F+R2      53318.355    268 107172.711   179264.711   108138.079
 71  JTT+F+R3      52834.577    270 106209.154   252549.154   107181.726
 72  JTT+F+R4      52675.054    272 105894.109   254406.109   106873.885
 73  JTT+F+R5      52602.250    274 105752.501   256452.501   106739.481
 74  JTT+F+R6      52587.428    276 105726.856   258630.856   106721.041
 75  JTT+F+R7      52580.991    278 105717.982   260841.982   106719.371
 76  JTT+F+R8      52572.147    280 105704.293   263064.293   106712.886
WARNING: Log-likelihood -52573.9 of JTT+F+R9 worse than JTT+F+R8 -52572.1
 77  JTT+F+R9      52573.906    282 105711.813   265323.813   106727.610
WARNING: Normalizing state frequencies so that sum of them equals to 1
 79  Q.pfam        55746.164    247 111986.328   117312.937   112876.051
WARNING: Normalizing state frequencies so that sum of them equals to 1
 80  Q.pfam+I      55422.162    248 111340.324   116954.142   112233.650
WARNING: Normalizing state frequencies so that sum of them equals to 1
 81  Q.pfam+G4     53426.416    248 107348.831   112962.649   108242.157
WARNING: Normalizing state frequencies so that sum of them equals to 1
 82  Q.pfam+I+G4   53377.778    249 107253.557   113182.128   108150.484
WARNING: Normalizing state frequencies so that sum of them equals to 1
 83  Q.pfam+R2     54038.284    249 108574.568   114503.139   109471.495
WARNING: Normalizing state frequencies so that sum of them equals to 1
 84  Q.pfam+R3     53522.437    251 107546.875   114204.980   108451.007
WARNING: Normalizing state frequencies so that sum of them equals to 1
 85  Q.pfam+R4     53350.328    253 107206.657   114766.892   108117.993
WARNING: Normalizing state frequencies so that sum of them equals to 1
 86  Q.pfam+R5     53268.181    255 107046.362   115750.362   107964.903
WARNING: Normalizing state frequencies so that sum of them equals to 1
 87  Q.pfam+R6     53246.204    257 107006.407   117207.330   107932.152
WARNING: Normalizing state frequencies so that sum of them equals to 1
 88  Q.pfam+R7     53243.546    259 107005.092   119248.728   107938.041
WARNING: Normalizing state frequencies so that sum of them equals to 1
 92  Q.pfam+F      54965.595    266 110463.190   145974.190   111421.353
WARNING: Normalizing state frequencies so that sum of them equals to 1
 93  Q.pfam+F+I    54598.983    267 109731.965   157435.965   110693.731
WARNING: Normalizing state frequencies so that sum of them equals to 1
 94  Q.pfam+F+G4   52408.082    267 105350.164   153054.164   106311.930
WARNING: Normalizing state frequencies so that sum of them equals to 1
 95  Q.pfam+F+I+G4 52349.684    268 105235.368   177327.368   106200.736
WARNING: Normalizing state frequencies so that sum of them equals to 1
 96  Q.pfam+F+R2   53046.765    268 106629.531   178721.531   107594.899
WARNING: Normalizing state frequencies so that sum of them equals to 1
 97  Q.pfam+F+R3   52509.549    270 105559.098   251899.098   106531.670
WARNING: Normalizing state frequencies so that sum of them equals to 1
 98  Q.pfam+F+R4   52328.175    272 105200.349   253712.349   106180.126
WARNING: Normalizing state frequencies so that sum of them equals to 1
 99  Q.pfam+F+R5   52236.325    274 105020.649   255720.649   106007.630
WARNING: Normalizing state frequencies so that sum of them equals to 1
100  Q.pfam+F+R6   52220.286    276 104992.572   257896.572   105986.757
WARNING: Normalizing state frequencies so that sum of them equals to 1
101  Q.pfam+F+R7   52212.994    278 104981.988   260105.988   105983.377
WARNING: Normalizing state frequencies so that sum of them equals to 1
102  Q.pfam+F+R8   52209.927    280 104979.854   262339.854   105988.447
WARNING: Normalizing state frequencies so that sum of them equals to 1
105  Q.bird        57191.284    247 114876.568   120203.177   115766.292
WARNING: Normalizing state frequencies so that sum of them equals to 1
106  Q.bird+I      56844.560    248 114185.120   119798.938   115078.446
WARNING: Normalizing state frequencies so that sum of them equals to 1
107  Q.bird+G4     54499.313    248 109494.625   115108.443   110387.950
WARNING: Normalizing state frequencies so that sum of them equals to 1
108  Q.bird+I+G4   54450.630    249 109399.259   115327.831   110296.187
WARNING: Normalizing state frequencies so that sum of them equals to 1
109  Q.bird+R2     55187.941    249 110873.881   116802.453   111770.809
WARNING: Normalizing state frequencies so that sum of them equals to 1
110  Q.bird+R3     54599.792    251 109701.584   116359.689   110605.715
WARNING: Normalizing state frequencies so that sum of them equals to 1
111  Q.bird+R4     54431.588    253 109369.175   116929.410   110280.511
WARNING: Normalizing state frequencies so that sum of them equals to 1
112  Q.bird+R5     54345.713    255 109201.425   117905.425   110119.966
WARNING: Normalizing state frequencies so that sum of them equals to 1
113  Q.bird+R6     54308.230    257 109130.461   119331.384   110056.205
WARNING: Normalizing state frequencies so that sum of them equals to 1
114  Q.bird+R7     54306.406    259 109130.812   121374.448   110063.760
WARNING: Normalizing state frequencies so that sum of them equals to 1
118  Q.bird+F      56265.230    266 113062.460   148573.460   114020.623
WARNING: Normalizing state frequencies so that sum of them equals to 1
119  Q.bird+F+I    55897.863    267 112329.725   160033.725   113291.491
WARNING: Normalizing state frequencies so that sum of them equals to 1
120  Q.bird+F+G4   53434.417    267 107402.833   155106.833   108364.599
WARNING: Normalizing state frequencies so that sum of them equals to 1
121  Q.bird+F+I+G4 53381.428    268 107298.856   179390.856   108264.224
WARNING: Normalizing state frequencies so that sum of them equals to 1
122  Q.bird+F+R2   54182.802    268 108901.604   180993.604   109866.972
WARNING: Normalizing state frequencies so that sum of them equals to 1
123  Q.bird+F+R3   53584.515    270 107709.029   254049.029   108681.601
WARNING: Normalizing state frequencies so that sum of them equals to 1
124  Q.bird+F+R4   53381.305    272 107306.611   255818.611   108286.387
WARNING: Normalizing state frequencies so that sum of them equals to 1
125  Q.bird+F+R5   53284.497    274 107116.994   257816.994   108103.975
WARNING: Normalizing state frequencies so that sum of them equals to 1
126  Q.bird+F+R6   53264.182    276 107080.365   259984.365   108074.550
WARNING: Normalizing state frequencies so that sum of them equals to 1
127  Q.bird+F+R7   53255.429    278 107066.858   262190.858   108068.247
WARNING: Normalizing state frequencies so that sum of them equals to 1
128  Q.bird+F+R8   53244.828    280 107049.655   264409.655   108058.248
WARNING: Normalizing state frequencies so that sum of them equals to 1
129  Q.bird+F+R9   53244.823    282 107053.646   266665.646   108069.444
WARNING: Normalizing state frequencies so that sum of them equals to 1
131  Q.mammal      56942.037    247 114378.073   119704.682   115267.797
WARNING: Normalizing state frequencies so that sum of them equals to 1
132  Q.mammal+I    56602.077    248 113700.153   119313.972   114593.479
WARNING: Normalizing state frequencies so that sum of them equals to 1
133  Q.mammal+G4   54330.897    248 109157.793   114771.611   110051.119
WARNING: Normalizing state frequencies so that sum of them equals to 1
134  Q.mammal+I+G4 54279.585    249 109057.171   114985.742   109954.099
WARNING: Normalizing state frequencies so that sum of them equals to 1
135  Q.mammal+R2   54993.788    249 110485.577   116414.148   111382.504
WARNING: Normalizing state frequencies so that sum of them equals to 1
136  Q.mammal+R3   54412.636    251 109327.273   115985.378   110231.405
WARNING: Normalizing state frequencies so that sum of them equals to 1
137  Q.mammal+R4   54259.279    253 109024.557   116584.793   109935.893
WARNING: Normalizing state frequencies so that sum of them equals to 1
138  Q.mammal+R5   54171.605    255 108853.209   117557.209   109771.749
WARNING: Normalizing state frequencies so that sum of them equals to 1
139  Q.mammal+R6   54134.315    257 108782.630   118983.553   109708.374
WARNING: Normalizing state frequencies so that sum of them equals to 1
140  Q.mammal+R7   54131.167    259 108780.333   121023.969   109713.282
WARNING: Normalizing state frequencies so that sum of them equals to 1
144  Q.mammal+F    55894.026    266 112320.053   147831.053   113278.217
WARNING: Normalizing state frequencies so that sum of them equals to 1
145  Q.mammal+F+I  55534.809    267 111603.619   159307.619   112565.385
WARNING: Normalizing state frequencies so that sum of them equals to 1
146  Q.mammal+F+G4 53198.930    267 106931.861   154635.861   107893.626
WARNING: Normalizing state frequencies so that sum of them equals to 1
147  Q.mammal+F+I+G4 53146.002    268 106828.003   178920.003   107793.371
WARNING: Normalizing state frequencies so that sum of them equals to 1
148  Q.mammal+F+R2 53901.602    268 108339.204   180431.204   109304.572
WARNING: Normalizing state frequencies so that sum of them equals to 1
149  Q.mammal+F+R3 53321.275    270 107182.549   253522.549   108155.121
WARNING: Normalizing state frequencies so that sum of them equals to 1
150  Q.mammal+F+R4 53138.736    272 106821.472   255333.472   107801.248
WARNING: Normalizing state frequencies so that sum of them equals to 1
151  Q.mammal+F+R5 53040.677    274 106629.355   257329.355   107616.335
WARNING: Normalizing state frequencies so that sum of them equals to 1
152  Q.mammal+F+R6 53022.495    276 106596.989   259500.989   107591.174
WARNING: Normalizing state frequencies so that sum of them equals to 1
153  Q.mammal+F+R7 53013.490    278 106582.981   261706.981   107584.370
WARNING: Normalizing state frequencies so that sum of them equals to 1
154  Q.mammal+F+R8 53009.861    280 106579.722   263939.722   107588.315
157  Q.insect      56951.578    247 114397.156   119723.765   115286.880
158  Q.insect+I    56627.547    248 113751.094   119364.912   114644.419
159  Q.insect+G4   54385.793    248 109267.585   114881.403   110160.911
160  Q.insect+I+G4 54334.992    249 109167.984   115096.556   110064.912
161  Q.insect+R2   55009.322    249 110516.644   116445.215   111413.571
162  Q.insect+R3   54470.896    251 109443.792   116101.897   110347.923
163  Q.insect+R4   54310.871    253 109127.743   116687.978   110039.079
164  Q.insect+R5   54227.743    255 108965.487   117669.487   109884.027
165  Q.insect+R6   54193.283    257 108900.566   119101.489   109826.310
166  Q.insect+R7   54190.643    259 108899.285   121142.922   109832.234
170  Q.insect+F    55542.062    266 111616.124   147127.124   112574.288
171  Q.insect+F+I  55176.827    267 110887.653   158591.653   111849.419
172  Q.insect+F+G4 52720.094    267 105974.188   153678.188   106935.954
173  Q.insect+F+I+G4 52671.994    268 105879.988   177971.988   106845.356
174  Q.insect+F+R2 53396.235    268 107328.470   179420.470   108293.838
175  Q.insect+F+R3 52853.393    270 106246.787   252586.787   107219.359
176  Q.insect+F+R4 52657.449    272 105858.899   254370.899   106838.675
177  Q.insect+F+R5 52576.341    274 105700.681   256400.681   106687.662
178  Q.insect+F+R6 52553.308    276 105658.616   258562.616   106652.801
179  Q.insect+F+R7 52544.570    278 105645.140   260769.140   106646.529
180  Q.insect+F+R8 52538.611    280 105637.221   262997.221   106645.815
181  Q.insect+F+R9 52532.160    282 105628.321   265240.321   106644.118
182  Q.insect+F+R10 52528.726    284 105625.452   267505.452   106648.454
WARNING: Normalizing state frequencies so that sum of them equals to 1
183  Q.plant       56700.361    247 113894.722   119221.331   114784.445
WARNING: Normalizing state frequencies so that sum of them equals to 1
184  Q.plant+I     56340.807    248 113177.613   118791.431   114070.939
WARNING: Normalizing state frequencies so that sum of them equals to 1
185  Q.plant+G4    54024.911    248 108545.823   114159.641   109439.148
WARNING: Normalizing state frequencies so that sum of them equals to 1
186  Q.plant+I+G4  53974.113    249 108446.225   114374.797   109343.153
WARNING: Normalizing state frequencies so that sum of them equals to 1
187  Q.plant+R2    54719.505    249 109937.010   115865.581   110833.937
WARNING: Normalizing state frequencies so that sum of them equals to 1
188  Q.plant+R3    54133.042    251 108768.085   115426.190   109672.216
WARNING: Normalizing state frequencies so that sum of them equals to 1
189  Q.plant+R4    53950.606    253 108407.212   115967.447   109318.548
WARNING: Normalizing state frequencies so that sum of them equals to 1
190  Q.plant+R5    53854.242    255 108218.483   116922.483   109137.024
WARNING: Normalizing state frequencies so that sum of them equals to 1
191  Q.plant+R6    53812.598    257 108139.196   118340.119   109064.940
WARNING: Normalizing state frequencies so that sum of them equals to 1
192  Q.plant+R7    53808.645    259 108135.291   120378.927   109068.240
WARNING: Normalizing state frequencies so that sum of them equals to 1
196  Q.plant+F     55706.411    266 111944.823   147455.823   112902.986
WARNING: Normalizing state frequencies so that sum of them equals to 1
197  Q.plant+F+I   55321.059    267 111176.117   158880.117   112137.883
WARNING: Normalizing state frequencies so that sum of them equals to 1
198  Q.plant+F+G4  52849.561    267 106233.123   153937.123   107194.889
WARNING: Normalizing state frequencies so that sum of them equals to 1
199  Q.plant+F+I+G4 52803.189    268 106142.378   178234.378   107107.746
WARNING: Normalizing state frequencies so that sum of them equals to 1
200  Q.plant+F+R2  53577.322    268 107690.644   179782.644   108656.012
WARNING: Normalizing state frequencies so that sum of them equals to 1
201  Q.plant+F+R3  53002.902    270 106545.804   252885.804   107518.376
WARNING: Normalizing state frequencies so that sum of them equals to 1
202  Q.plant+F+R4  52781.366    272 106106.733   254618.733   107086.509
WARNING: Normalizing state frequencies so that sum of them equals to 1
203  Q.plant+F+R5  52687.057    274 105922.113   256622.113   106909.094
WARNING: Normalizing state frequencies so that sum of them equals to 1
204  Q.plant+F+R6  52667.690    276 105887.381   258791.381   106881.565
WARNING: Normalizing state frequencies so that sum of them equals to 1
205  Q.plant+F+R7  52647.619    278 105851.238   260975.238   106852.627
WARNING: Normalizing state frequencies so that sum of them equals to 1
206  Q.plant+F+R8  52640.516    280 105841.033   263201.033   106849.626
WARNING: Normalizing state frequencies so that sum of them equals to 1
207  Q.plant+F+R9  52640.420    282 105844.840   265456.840   106860.638
WARNING: Normalizing state frequencies so that sum of them equals to 1
209  Q.yeast       57191.478    247 114876.956   120203.565   115766.679
WARNING: Normalizing state frequencies so that sum of them equals to 1
210  Q.yeast+I     56849.721    248 114195.441   119809.259   115088.767
WARNING: Normalizing state frequencies so that sum of them equals to 1
211  Q.yeast+G4    54573.739    248 109643.479   115257.297   110536.804
WARNING: Normalizing state frequencies so that sum of them equals to 1
212  Q.yeast+I+G4  54527.486    249 109552.972   115481.543   110449.900
WARNING: Normalizing state frequencies so that sum of them equals to 1
213  Q.yeast+R2    55219.555    249 110937.110   116865.682   111834.038
WARNING: Normalizing state frequencies so that sum of them equals to 1
214  Q.yeast+R3    54696.469    251 109894.938   116553.044   110799.070
WARNING: Normalizing state frequencies so that sum of them equals to 1
215  Q.yeast+R4    54497.296    253 109500.592   117060.828   110411.928
WARNING: Normalizing state frequencies so that sum of them equals to 1
216  Q.yeast+R5    54432.415    255 109374.831   118078.831   110293.371
WARNING: Normalizing state frequencies so that sum of them equals to 1
217  Q.yeast+R6    54391.126    257 109296.252   119497.175   110221.996
WARNING: Normalizing state frequencies so that sum of them equals to 1
218  Q.yeast+R7    54380.916    259 109279.831   121523.468   110212.780
WARNING: Normalizing state frequencies so that sum of them equals to 1
219  Q.yeast+R8    54365.669    261 109253.339   124449.339   110193.492
WARNING: Normalizing state frequencies so that sum of them equals to 1
WARNING: Log-likelihood -54367.3 of Q.yeast+R9 worse than Q.yeast+R8 -54365.7
220  Q.yeast+R9    54367.330    263 109260.661   129098.375   110208.018
WARNING: Normalizing state frequencies so that sum of them equals to 1
222  Q.yeast+F     55526.872    266 111585.743   147096.743   112543.907
WARNING: Normalizing state frequencies so that sum of them equals to 1
223  Q.yeast+F+I   55129.496    267 110792.991   158496.991   111754.757
WARNING: Normalizing state frequencies so that sum of them equals to 1
224  Q.yeast+F+G4  52639.343    267 105812.686   153516.686   106774.452
WARNING: Normalizing state frequencies so that sum of them equals to 1
225  Q.yeast+F+I+G4 52587.869    268 105711.738   177803.738   106677.106
WARNING: Normalizing state frequencies so that sum of them equals to 1
226  Q.yeast+F+R2  53329.132    268 107194.265   179286.265   108159.632
WARNING: Normalizing state frequencies so that sum of them equals to 1
227  Q.yeast+F+R3  52793.516    270 106127.032   252467.032   107099.604
WARNING: Normalizing state frequencies so that sum of them equals to 1
228  Q.yeast+F+R4  52566.070    272 105676.140   254188.140   106655.917
WARNING: Normalizing state frequencies so that sum of them equals to 1
229  Q.yeast+F+R5  52492.499    274 105532.998   256232.998   106519.979
WARNING: Normalizing state frequencies so that sum of them equals to 1
230  Q.yeast+F+R6  52468.106    276 105488.212   258392.212   106482.397
WARNING: Normalizing state frequencies so that sum of them equals to 1
231  Q.yeast+F+R7  52457.144    278 105470.288   260594.288   106471.677
WARNING: Normalizing state frequencies so that sum of them equals to 1
232  Q.yeast+F+R8  52442.927    280 105445.855   262805.855   106454.448
WARNING: Normalizing state frequencies so that sum of them equals to 1
WARNING: Log-likelihood -52443.9 of Q.yeast+F+R9 worse than Q.yeast+F+R8 -52442.9
233  Q.yeast+F+R9  52443.940    282 105451.881   265063.881   106467.678
235  JTTDCMut      55988.533    247 112471.067   117797.676   113360.790
236  JTTDCMut+I    55737.585    248 111971.170   117584.989   112864.496
237  JTTDCMut+G4   53940.056    248 108376.112   113989.930   109269.437
238  JTTDCMut+I+G4 53897.159    249 108292.318   114220.890   109189.246
239  JTTDCMut+R2   54465.208    249 109428.415   115356.987   110325.343
240  JTTDCMut+R3   54027.675    251 108557.350   115215.455   109461.482
241  JTTDCMut+R4   53872.000    253 108250.000   115810.235   109161.336
242  JTTDCMut+R5   53810.031    255 108130.063   116834.063   109048.603
243  JTTDCMut+R6   53776.038    257 108066.076   118266.999   108991.821
244  JTTDCMut+R7   53774.411    259 108066.822   120310.458   108999.771
248  JTTDCMut+F    54918.759    266 110369.517   145880.517   111327.681
249  JTTDCMut+F+I  54632.578    267 109799.157   157503.157   110760.923
250  JTTDCMut+F+G4 52739.764    267 106013.528   153717.528   106975.294
251  JTTDCMut+F+I+G4 52692.050    268 105920.099   178012.099   106885.467
252  JTTDCMut+F+R2 53310.861    268 107157.723   179249.723   108123.090
253  JTTDCMut+F+R3 52834.332    270 106208.664   252548.664   107181.237
254  JTTDCMut+F+R4 52673.869    272 105891.738   254403.738   106871.515
255  JTTDCMut+F+R5 52601.900    274 105751.800   256451.800   106738.781
256  JTTDCMut+F+R6 52587.245    276 105726.489   258630.489   106720.674
257  JTTDCMut+F+R7 52580.806    278 105717.613   260841.613   106719.002
258  JTTDCMut+F+R8 52572.128    280 105704.257   263064.257   106712.850
WARNING: Log-likelihood -52573.9 of JTTDCMut+F+R9 worse than JTTDCMut+F+R8 -52572.1
259  JTTDCMut+F+R9 52573.930    282 105711.860   265323.860   106727.658
261  DCMut         56516.809    247 113527.618   118854.226   114417.341
262  DCMut+I       56264.914    248 113025.828   118639.646   113919.153
263  DCMut+G4      54292.132    248 109080.263   114694.082   109973.589
264  DCMut+I+G4    54250.080    249 108998.159   114926.730   109895.087
265  DCMut+R2      54829.880    249 110157.760   116086.332   111054.688
266  DCMut+R3      54395.592    251 109293.184   115951.289   110197.316
267  DCMut+R4      54237.007    253 108980.014   116540.249   109891.350
268  DCMut+R5      54184.582    255 108879.165   117583.165   109797.705
269  DCMut+R6      54144.741    257 108803.483   119004.406   109729.227
270  DCMut+R7      54135.015    259 108788.030   121031.666   109720.979
271  DCMut+R8      54125.763    261 108773.527   123969.527   109713.680
WARNING: Log-likelihood -54130 of DCMut+R9 worse than DCMut+R8 -54125.8
272  DCMut+R9      54129.962    263 108785.924   128623.638   109733.281
274  DCMut+F       55026.145    266 110584.289   146095.289   111542.453
275  DCMut+F+I     54741.272    267 110016.544   157720.544   110978.310
276  DCMut+F+G4    52740.423    267 106014.846   153718.846   106976.611
277  DCMut+F+I+G4  52698.210    268 105932.420   178024.420   106897.788
278  DCMut+F+R2    53273.476    268 107082.951   179174.951   108048.319
279  DCMut+F+R3    52845.478    270 106230.956   252570.956   107203.528
280  DCMut+F+R4    52679.654    272 105903.308   254415.308   106883.084
281  DCMut+F+R5    52624.094    274 105796.188   256496.188   106783.168
282  DCMut+F+R6    52595.513    276 105743.026   258647.026   106737.211
283  DCMut+F+R7    52589.203    278 105734.406   260858.406   106735.795
284  DCMut+F+R8    52574.932    280 105709.864   263069.864   106718.457
285  DCMut+F+R9    52573.813    282 105711.627   265323.627   106727.424
287  VT            55593.432    247 111680.864   117007.473   112570.587
288  VT+I          55345.641    248 111187.281   116801.100   112080.607
289  VT+G4         53751.234    248 107998.469   113612.287   108891.794
290  VT+I+G4       53706.607    249 107911.213   113839.784   108808.141
291  VT+R2         54227.278    249 108952.555   114881.127   109849.483
292  VT+R3         53820.620    251 108143.241   114801.346   109047.372
293  VT+R4         53672.462    253 107850.924   115411.160   108762.260
294  VT+R5         53611.220    255 107732.440   116436.440   108650.980
295  VT+R6         53593.867    257 107701.734   117902.657   108627.479
296  VT+R7         53593.943    259 107705.887   119949.523   108638.836
300  VT+F          54405.345    266 109342.690   144853.690   110300.854
301  VT+F+I        54127.607    267 108789.214   156493.214   109750.980
302  VT+F+G4       52452.545    267 105439.090   153143.090   106400.855
303  VT+F+I+G4     52404.260    268 105344.519   177436.519   106309.887
304  VT+F+R2       52953.901    268 106443.802   178535.802   107409.170
305  VT+F+R3       52496.573    270 105533.147   251873.147   106505.719
306  VT+F+R4       52370.679    272 105285.357   253797.357   106265.134
307  VT+F+R5       52298.421    274 105144.842   255844.842   106131.822
308  VT+F+R6       52292.407    276 105136.814   258040.814   106130.999
309  VT+F+R7       52290.908    278 105137.816   260261.816   106139.205
313  PMB           55236.676    247 110967.352   116293.960   111857.075
314  PMB+I         55005.696    248 110507.392   116121.211   111400.718
315  PMB+G4        53523.503    248 107543.007   113156.825   108436.332
316  PMB+I+G4      53479.432    249 107456.863   113385.435   108353.791
317  PMB+R2        53980.370    249 108458.740   114387.312   109355.668
318  PMB+R3        53572.243    251 107646.486   114304.591   108550.617
319  PMB+R4        53454.216    253 107414.432   114974.667   108325.768
320  PMB+R5        53386.858    255 107283.717   115987.717   108202.257
321  PMB+R6        53371.344    257 107256.688   117457.611   108182.433
322  PMB+R7        53370.405    259 107258.809   119502.446   108191.758
326  PMB+F         54393.597    266 109319.193   144830.193   110277.357
327  PMB+F+I       54131.758    267 108797.516   156501.516   109759.281
328  PMB+F+G4      52484.460    267 105502.920   153206.920   106464.686
329  PMB+F+I+G4    52437.549    268 105411.099   177503.099   106376.466
330  PMB+F+R2      52988.417    268 106512.834   178604.834   107478.202
331  PMB+F+R3      52536.462    270 105612.925   251952.925   106585.497
332  PMB+F+R4      52413.043    272 105370.085   253882.085   106349.862
333  PMB+F+R5      52342.266    274 105232.531   255932.531   106219.512
334  PMB+F+R6      52331.927    276 105215.854   258119.854   106210.039
335  PMB+F+R7      52326.358    278 105208.717   260332.717   106210.106
339  Blosum62      55599.132    247 111692.264   117018.873   112581.988
340  Blosum62+I    55360.128    248 111216.256   116830.074   112109.581
341  Blosum62+G4   53796.018    248 108088.036   113701.855   108981.362
342  Blosum62+I+G4 53752.172    249 108002.345   113930.916   108899.272
343  Blosum62+R2   54285.614    249 109069.229   114997.800   109966.156
344  Blosum62+R3   53858.749    251 108219.497   114877.602   109123.629
345  Blosum62+R4   53727.757    253 107961.513   115521.749   108872.849
346  Blosum62+R5   53666.388    255 107842.776   116546.776   108761.316
347  Blosum62+R6   53645.900    257 107805.799   118006.722   108731.544
348  Blosum62+R7   53643.660    259 107805.320   120048.956   108738.268
352  Blosum62+F    54553.987    266 109639.973   145150.973   110598.137
353  Blosum62+F+I  54278.073    267 109090.146   156794.146   110051.912
354  Blosum62+F+G4 52551.019    267 105636.037   153340.037   106597.803
355  Blosum62+F+I+G4 52502.399    268 105540.797   177632.797   106506.165
356  Blosum62+F+R2 53077.014    268 106690.028   178782.028   107655.396
357  Blosum62+F+R3 52605.058    270 105750.116   252090.116   106722.688
358  Blosum62+F+R4 52478.781    272 105501.563   254013.563   106481.339
359  Blosum62+F+R5 52406.403    274 105360.806   256060.806   106347.786
360  Blosum62+F+R6 52395.272    276 105342.543   258246.543   106336.728
361  Blosum62+F+R7 52393.635    278 105343.270   260467.270   106344.659
365  Dayhoff       56522.451    247 113538.901   118865.510   114428.625
366  Dayhoff+I     56270.211    248 113036.421   118650.240   113929.747
367  Dayhoff+G4    54292.553    248 109081.105   114694.923   109974.431
368  Dayhoff+I+G4  54250.554    249 108999.107   114927.679   109896.035
369  Dayhoff+R2    54831.405    249 110160.810   116089.382   111057.738
370  Dayhoff+R3    54396.579    251 109295.158   115953.263   110199.290
371  Dayhoff+R4    54237.586    253 108981.172   116541.407   109892.508
372  Dayhoff+R5    54185.256    255 108880.513   117584.513   109799.053
373  Dayhoff+R6    54145.136    257 108804.271   119005.194   109730.016
374  Dayhoff+R7    54135.267    259 108788.535   121032.171   109721.484
375  Dayhoff+R8    54126.014    261 108774.027   123970.027   109714.180
WARNING: Log-likelihood -54130.3 of Dayhoff+R9 worse than Dayhoff+R8 -54126
376  Dayhoff+R9    54130.266    263 108786.532   128624.247   109733.889
378  Dayhoff+F     55029.745    266 110591.490   146102.490   111549.654
379  Dayhoff+F+I   54744.375    267 110022.750   157726.750   110984.516
380  Dayhoff+F+G4  52739.677    267 106013.355   153717.355   106975.120
381  Dayhoff+F+I+G4 52697.581    268 105931.162   178023.162   106896.530
382  Dayhoff+F+R2  53273.333    268 107082.665   179174.665   108048.033
383  Dayhoff+F+R3  52845.229    270 106230.457   252570.457   107203.029
384  Dayhoff+F+R4  52679.044    272 105902.089   254414.089   106881.865
385  Dayhoff+F+R5  52623.628    274 105795.256   256495.256   106782.236
386  Dayhoff+F+R6  52594.812    276 105741.623   258645.623   106735.808
387  Dayhoff+F+R7  52588.520    278 105733.039   260857.039   106734.428
388  Dayhoff+F+R8  52574.109    280 105708.219   263068.219   106716.812
389  Dayhoff+F+R9  52572.963    282 105709.926   265321.926   106725.724
391  mtREV         57764.342    247 116022.684   121349.292   116912.407
392  mtREV+I       57409.203    248 115314.405   120928.224   116207.731
393  mtREV+G4      54662.097    248 109820.193   115434.012   110713.519
394  mtREV+I+G4    54626.462    249 109750.923   115679.495   110647.851
395  mtREV+R2      55538.112    249 111574.224   117502.796   112471.152
396  mtREV+R3      54924.061    251 110350.123   117008.228   111254.255
397  mtREV+R4      54625.039    253 109756.079   117316.314   110667.415
398  mtREV+R5      54528.096    255 109566.192   118270.192   110484.732
399  mtREV+R6      54503.279    257 109520.558   119721.481   110446.303
400  mtREV+R7      54477.869    259 109473.738   121717.374   110406.687
401  mtREV+R8      54474.756    261 109471.513   124667.513   110411.666
404  mtREV+F       55827.832    266 112187.664   147698.664   113145.827
405  mtREV+F+I     55469.205    267 111472.411   159176.411   112434.176
406  mtREV+F+G4    52908.604    267 106351.208   154055.208   107312.974
407  mtREV+F+I+G4  52867.430    268 106270.860   178362.860   107236.228
408  mtREV+F+R2    53656.813    268 107849.626   179941.626   108814.994
409  mtREV+F+R3    53118.793    270 106777.586   253117.586   107750.158
