IQ-TREE multicore version 2.2.0.3 COVID-edition for Linux 64-bit built Aug  2 2022
Developed by Bui Quang Minh, James Barbetti, Nguyen Lam Tung,
Olga Chernomor, Heiko Schmidt, Dominik Schrempf, Michael Woodhams, Ly Trong Nhan.

Host:    baross.its.carleton.edu (AVX2, FMA3, 755 GB RAM)
Command: iqtree -s gene_alignments/trimv2_COG2924.afa -m MFP -bb 1000 -wbtl -ntmax 10 -nt AUTO -T 10 --prefix iqtree_gene_trees/COG2924 -madd C10,C20,C30,C40,C50,C60,EX2,EX3,EHO,UL2,UL3,EX_EHO,LG4M,LG4X,CF4,LG+C10,LG+C20,LG+C30,LG+C40,LG+C50,LG+C60 -mrate E,I,G,I+G,R
Seed:    98730 (Using SPRNG - Scalable Parallel Random Number Generator)
Time:    Fri Apr  7 17:51:59 2023
Kernel:  AVX+FMA - 10 threads (96 CPU cores detected)

Reading alignment file gene_alignments/trimv2_COG2924.afa ... Fasta format detected
Reading fasta file: done in 0.000815032 secs using 63.68% CPU
Alignment most likely contains protein sequences
Constructing alignment: done in 0.000776637 secs using 988% CPU
Alignment has 109 sequences with 94 columns, 94 distinct patterns
89 parsimony-informative, 4 singleton sites, 1 constant sites
                                                               Gap/Ambiguity  Composition  p-value
Analyzing sequences: done in 6.74229e-05 secs using 809.8% CPU
   1  GCF.001697225.1.Bacteria.Proteobacteria_NZ_CP014671.1_1701       5.32%    passed     99.83%
   2  GCA.002841945.1.Bacteria.Myxococcota_PHBI01000115.1_22           1.06%    passed     43.32%
   3  GCA.002255365.1.Bacteria.Proteobacteria_NCBI01000048.1_11        3.19%    passed     88.92%
   4  GCA.002699025.1.Bacteria.Myxococcota_PABA01000086.1_15           1.06%    passed     96.51%
   5  GCA.003158365.1.Bacteria.Bacteroidota_PMIW01000228.1_5           4.26%    passed     59.80%
   6  GCA.002699105.1.Bacteria.Bacteroidota_PABJ01000205.1_5           3.19%    passed     41.22%
   7  GCA.002707205.1.Bacteria.Proteobacteria_PAMH01000009.1_47        6.38%    passed     97.82%
   8  GCA.002429595.1.Bacteria.Proteobacteria_DJAM01000069.1_1         6.38%    passed     97.31%
   9  GCA.002405475.1.Bacteria.Proteobacteria_DHLX01000034.1_16        4.26%    passed     98.06%
  10  GCA.002746645.1.Bacteria.Proteobacteria_PDPU01000004.1_35        3.19%    passed     99.78%
  11  GCA.003140235.1.Bacteria.Acidobacteriota_PLJN01000124.1_10      17.02%    passed     86.55%
  12  GCA.002404295.1.Bacteria.Proteobacteria_DHJK01000038.1_1         5.32%    passed     97.86%
  13  GCA.003170275.1.Bacteria.Myxococcota_PNAM01000081.1_50           3.19%    passed     98.38%
  14  GCA.001750645.1.Bacteria.Proteobacteria_MEIF01000228.1_32        2.13%    passed     98.29%
  15  GCA.001510295.1.Archaea.Thermoproteota_LFEZ01000015.1_18        13.83%    passed     26.33%
  16  GCA.002796245.1.Bacteria.Proteobacteria_PCWT01000008.1_9         4.26%    passed     99.31%
  17  GCF.001399755.1.Bacteria.Proteobacteria_NZ_LJCP01000008.1_89     2.13%    passed     89.22%
  18  GCA.002732805.1.Bacteria.Proteobacteria_NVSS01000067.1_7        14.89%    passed     98.12%
  19  GCA.002868855.1.Bacteria.Proteobacteria_PKUM01000178.1_4         5.32%    passed     98.60%
  20  GCA.003137095.1.Bacteria.Proteobacteria_PLET01000115.1_12        6.38%    passed     99.97%
  21  GCF.001431315.1.Bacteria.Proteobacteria_NZ_LKHV01000005.1_25     4.26%    passed     73.00%
  22  GCA.002338605.1.Bacteria.Proteobacteria_DDIP01000186.1_10        4.26%    passed     99.95%
  23  GCF.000300295.4.Bacteria.Proteobacteria_WP_017376990.1           4.26%    passed     87.90%
  24  GCF.000025005.1.Bacteria.Chloroflexota_NC_013525.1_1169          4.26%    passed     98.22%
  25  GCF.900111015.1.Bacteria.Proteobacteria_NZ_FOFS01000007.1_99     2.13%    passed     99.13%
  26  GCF.002020875.1.Bacteria.Proteobacteria_WP_078484808.1           4.26%    passed     98.42%
  27  GCA.002712885.1.Bacteria.Acidobacteriota_PAUN01000013.1_25       1.06%    passed     99.50%
  28  GCA.001768075.1.Bacteria.Myxococcota_MEMX01000045.1_49           2.13%    passed     89.32%
  29  GCA.002840095.1.Bacteria.Proteobacteria_PGZL01000006.1_114       4.26%    passed     88.48%
  30  GCF.900066015.1.Bacteria.Chloroflexota_NZ_LN890655.1_833         3.19%    passed     84.73%
  31  GCA.002007405.1.Bacteria.Proteobacteria_JYIN01000002.1_68        6.38%    passed     22.16%
  32  GCA.002347925.1.Bacteria.Chloroflexota_DDYL01000130.1_47        17.02%    passed     41.06%
  33  GCA.002338715.1.Bacteria.Planctomycetota_DDIR01000016.1_11      17.02%    passed     60.50%
  34  GCF.000737335.2.Bacteria.Proteobacteria_NZ_JMCC02000054.1_39     2.13%    passed     99.61%
  35  GCF.000374645.1.Bacteria.Proteobacteria_NZ_KB894800.1_374        5.32%    passed     99.53%
  36  GCA.002631715.1.Bacteria.Proteobacteria_MRSX01000002.1_169       7.45%    passed     95.86%
  37  GCA.001735895.1.Bacteria.Proteobacteria_DS021198.1_1357          2.13%    passed     99.46%
  38  GCA.002348465.1.Bacteria.Gemmatimonadota_DEBI01000094.1_7        2.13%    passed     19.95%
  39  GCA.003155415.1.Bacteria.Proteobacteria_PMCP01000169.1_2         6.38%    passed     96.12%
  40  GCF.003967555.1.Bacteria.Chloroflexota_NZ_BIFS01000001.1_305     2.13%    passed     98.88%
  41  GCA.003509045.1.Bacteria.Planctomycetota_DODI01000002.1_7       18.09%    passed     33.14%
  42  GCA.003228965.1.Bacteria.Proteobacteria_QIGP01000040.1_9         4.26%    passed     99.91%
  43  GCA.003223995.1.Bacteria.Acidobacteriota_QHYA01000051.1_3        5.32%    passed     96.78%
  44  GCF.000284615.1.Bacteria.Proteobacteria_NC_017067.1_2956         4.26%    passed     75.28%
  45  GCF.002940605.1.Bacteria.Proteobacteria_WP_128420306.1           2.13%    passed     97.20%
  46  GCA.001873295.1.Bacteria.CG2.30.70.394_MNYW01000092.1_26        18.09%    failed      2.18%
  47  GCA.002292925.1.Bacteria.Chloroflexota_DBCF01000228.1_13         1.06%    passed     61.70%
  48  GCA.002404095.1.Bacteria.Planctomycetota_DHJA01000007.1_5       18.09%    passed     87.62%
  49  GCA.002451085.1.Bacteria.Proteobacteria_DKBE01000011.1_9         2.13%    passed     87.43%
  50  GCA.002722435.1.Bacteria.Proteobacteria_PBLX01000008.1_23        8.51%    passed     23.97%
  51  GCA.002686915.1.Bacteria.ARS69_NYYY01000002.1_9                  5.32%    passed     80.08%
  52  GCA.001567115.1.Bacteria.OLB16_LMZT01000019.1_6                  4.26%    passed     42.55%
  53  GCA.002311745.1.Bacteria.Planctomycetota_DBZL01000024.1_11      18.09%    passed     67.19%
  54  GCA.002007425.1.Bacteria.Proteobacteria_MUGK01000053.1_14        5.32%    passed     99.99%
  55  GCA.003230085.1.Bacteria.Proteobacteria_QIGV01000231.1_6         3.19%    passed     98.65%
  56  GCA.002688175.1.Bacteria.Proteobacteria_NZCC01000016.1_18        6.38%    passed     99.85%
  57  GCA.002440805.1.Bacteria.Chloroflexota_DJVD01000263.1_5          2.13%    passed     87.31%
  58  GCA.002728355.1.Bacteria.Proteobacteria_PBXG01000001.1_60        6.38%    passed     94.80%
  59  GCA.002683115.1.Bacteria.Proteobacteria_NYSP01000033.1_14       10.64%    passed     41.04%
  60  GCA.002863065.1.Bacteria.Myxococcota_PKDL01000442.1_5            3.19%    passed     97.10%
  61  GCA.002469885.1.Bacteria.Proteobacteria_DKOI01000020.1_4         2.13%    passed     91.43%
  62  GCA.001464965.1.Bacteria.Proteobacteria_LNEJ01000045.1_129       4.26%    passed     99.99%
  63  GCA.003133645.1.Bacteria.Acidobacteriota_PKYI01000187.1_4       14.89%    passed     10.11%
  64  GCA.002170535.1.Bacteria.Proteobacteria_NHDW01000001.1_33        5.32%    passed     69.96%
  65  GCF.000815225.1.Bacteria.Proteobacteria_NZ_CP010427.1_1426      17.02%    passed     33.76%
  66  GCA.002726535.1.Bacteria.Myxococcota_PBTG01000006.1_3            1.06%    passed     44.56%
  67  GCF.001051235.1.Bacteria.Proteobacteria_NZ_CBTJ020000042.1_18    4.26%    passed     99.16%
  68  GCA.002389045.1.Bacteria.Proteobacteria_DGNS01000006.1_106       4.26%    passed     99.23%
  69  GCF.900112605.1.Bacteria.Proteobacteria_NZ_FOMJ01000004.1_30     4.26%    passed     95.00%
  70  GCA.001767075.1.Bacteria.Acidobacteriota_MEKX01000139.1_33       2.13%    passed     94.41%
  71  GCA.003140235.1.Bacteria.Acidobacteriota_PLJN01000133.1_41       4.26%    passed     69.48%
  72  GCA.002292285.1.Bacteria.Proteobacteria_DBBP01000014.1_3         4.26%    passed     99.84%
  73  GCA.002420425.1.Bacteria.Proteobacteria_DIIC01000017.1_64        8.51%    passed     84.97%
  74  GCF.000021985.1.Bacteria.Proteobacteria_NC_011901.1_2940         4.26%    passed     92.57%
  75  GCA.002862435.1.Bacteria.Proteobacteria_PKDC01000032.1_1         2.13%    passed     99.85%
  76  GCA.002352565.1.Bacteria.Proteobacteria_DEIQ01000043.1_18       10.64%    passed     97.37%
  77  GCF.001306175.1.Bacteria.Chloroflexota_NZ_LGKN01000003.1_594     2.13%    passed     68.21%
  78  GCA.002085445.1.Bacteria.Proteobacteria_NBMI01000054.1_12        5.32%    passed     98.10%
  79  GCA.002704825.1.Bacteria.Planctomycetota_PAIY01000014.1_8        6.38%    passed     78.85%
  80  GCA.001664505.1.Bacteria.Acidobacteriota_CP011806.1_226         12.77%    passed      6.74%
  81  GCA.002747435.1.Bacteria.Proteobacteria_PDPH01000047.1_72        6.38%    passed     97.55%
  82  GCA.001801745.1.Bacteria.Proteobacteria_MGYM01000062.1_15       17.02%    passed     99.48%
  83  GCA.002343185.1.Bacteria.Bdellovibrionota.C_DDRT01000009.1_9     3.19%    passed     43.83%
  84  GCA.002420425.1.Bacteria.Proteobacteria_DIIC01000044.1_87        2.13%    passed     70.65%
  85  GCF.000024725.1.Bacteria.Proteobacteria_NC_013960.1_912          4.26%    passed     97.99%
  86  GCF.003097315.1.Bacteria.Proteobacteria_NZ_QDDL01000015.1_11     4.26%    passed     96.06%
  87  GCF.000427095.1.Bacteria.Armatimonadota_NC_021487.1_31          17.02%    passed     66.77%
  88  GCA.001803875.1.Bacteria.Nitrospirota_MHEO01000026.1_14         15.96%    passed     40.43%
  89  GCA.002500605.1.Bacteria.Nitrospinota_DLRR01000010.1_5           3.19%    passed     98.94%
  90  GCA.002404055.1.Bacteria.Chloroflexota_DHIZ01000326.1_7          3.19%    passed     97.77%
  91  GCA.002400775.1.Bacteria.Proteobacteria_NVRF01000018.1_20        5.32%    passed     94.39%
  92  GCA.003152325.1.Bacteria.Acidobacteriota_PLZX01000052.1_9        1.06%    passed     99.32%
  93  GCA.001750625.1.Bacteria.Proteobacteria_MEIE01000073.1_5         3.19%    passed     99.07%
  94  GCA.002721815.1.Bacteria.Myxococcota_PBLQ01000014.1_48           4.26%    passed     99.12%
  95  GCA.003224665.1.Bacteria.Acidobacteriota_QHZM01000198.1_12       1.06%    passed     88.94%
  96  GCA.002386945.1.Bacteria.Proteobacteria_DGKH01000041.1_20        4.26%    passed     93.64%
  97  GCF.002020875.1.Bacteria.Proteobacteria_WP_078483642.1           2.13%    passed     96.60%
  98  GCA.003223975.1.Bacteria.Acidobacteriota_QHXS01000029.1_9        1.06%    passed     46.70%
  99  GCF.003052605.1.Bacteria.Proteobacteria_NZ_QASO01000014.1_4      4.26%    passed     99.87%
 100  GCA.001798075.1.Bacteria.UBA10199_MGRG01000005.1_208            18.09%    passed     79.76%
 101  GCF.001641825.1.Bacteria.Proteobacteria_NZ_LRFH01000014.1_377    3.19%    passed     99.61%
 102  GCA.001447805.1.Bacteria.Proteobacteria_CP013099.1_19            4.26%    passed     88.91%
 103  GCA.002255365.1.Bacteria.Proteobacteria_NCBI01000010.1_61        2.13%    passed     94.57%
 104  GCA.003230795.1.Bacteria.Bdellovibrionota.C_QIGM01000435.1_4     1.06%    passed     85.78%
 105  GCF.001720165.1.Bacteria.Proteobacteria_NZ_MCRI01000010.1_47     6.38%    passed     94.27%
 106  GCA.002432655.1.Bacteria.Proteobacteria_DJFZ01000044.1_30        4.26%    passed     99.78%
 107  GCF.001614315.2.Bacteria.Proteobacteria_NZ_LVEG02000001.1_252    2.13%    passed     99.69%
 108  GCF.003612015.1.Bacteria.Proteobacteria_NZ_RARB01000003.1_221    4.26%    passed     98.89%
 109  GCA.002364485.1.Bacteria.Planctomycetota_DEYK01000030.1_8       10.64%    passed     15.84%
****  TOTAL                                                            5.89%  1 sequences failed composition chi2 test (p-value<5%; df=19)
Checking for duplicate sequences: done in 0.00123082 secs using 992.3% CPU


Create initial parsimony tree by phylogenetic likelihood library (PLL)... 0.029 seconds
WARNING: Number of threads seems too high for short alignments. Use -T AUTO to determine best number of threads.
Perform fast likelihood tree search using LG+I+G model...
Estimate model parameters (epsilon = 5.000)
Perform nearest neighbor interchange...
Optimizing NNI: done in 0.79293 secs using 990.8% CPU
Estimate model parameters (epsilon = 1.000)
1. Initial log-likelihood: -13742.122
Optimal log-likelihood: -13741.491
Proportion of invariable sites: 0.011
Gamma shape alpha: 1.111
Parameters optimization took 1 rounds (0.103 sec)
Time for fast ML tree search: 1.161 seconds

NOTE: ModelFinder requires 19 MB RAM!
ModelFinder will test up to 749 protein models (sample size: 94) ...
 No. Model         -LnL         df  AIC          AICc         BIC
WARNING: Number of threads seems too high for short alignments. Use -T AUTO to determine best number of threads.
  1  LG            14364.249    215 29158.499    122038.499   29705.307
WARNING: Number of threads seems too high for short alignments. Use -T AUTO to determine best number of threads.
  2  LG+I          14312.084    216 29056.168    122800.168   29605.520
WARNING: Number of threads seems too high for short alignments. Use -T AUTO to determine best number of threads.
  3  LG+G4         13747.736    216 27927.472    121671.472   28476.824
WARNING: Number of threads seems too high for short alignments. Use -T AUTO to determine best number of threads.
  4  LG+I+G4       13741.481    217 27916.962    122528.962   28468.857
WARNING: Number of threads seems too high for short alignments. Use -T AUTO to determine best number of threads.
  5  LG+R2         13855.898    217 28145.797    122757.797   28697.692
WARNING: Number of threads seems too high for short alignments. Use -T AUTO to determine best number of threads.
  6  LG+R3         13782.042    219 28002.084    124362.084   28559.066
WARNING: Number of threads seems too high for short alignments. Use -T AUTO to determine best number of threads.
  7  LG+R4         13726.170    221 27894.341    126018.341   28456.409
WARNING: Number of threads seems too high for short alignments. Use -T AUTO to determine best number of threads.
  8  LG+R5         13722.215    223 27890.429    127794.429   28457.584
WARNING: Number of threads seems too high for short alignments. Use -T AUTO to determine best number of threads.
 14  LG+F          14333.201    234 29134.402    139114.402   29729.533
WARNING: Number of threads seems too high for short alignments. Use -T AUTO to determine best number of threads.
 15  LG+F+I        14285.663    235 29041.326    139961.326   29639.000
WARNING: Number of threads seems too high for short alignments. Use -T AUTO to determine best number of threads.
 16  LG+F+G4       13753.736    235 27977.471    138897.471   28575.145
WARNING: Number of threads seems too high for short alignments. Use -T AUTO to determine best number of threads.
 17  LG+F+I+G4     13748.392    236 27968.783    139832.783   28569.001
WARNING: Number of threads seems too high for short alignments. Use -T AUTO to determine best number of threads.
 18  LG+F+R2       13852.515    236 28177.030    140041.030   28777.247
WARNING: Number of threads seems too high for short alignments. Use -T AUTO to determine best number of threads.
 19  LG+F+R3       13785.123    238 28046.247    141810.247   28651.551
WARNING: Number of threads seems too high for short alignments. Use -T AUTO to determine best number of threads.
 20  LG+F+R4       13733.643    240 27947.285    143627.285   28557.676
WARNING: Number of threads seems too high for short alignments. Use -T AUTO to determine best number of threads.
 21  LG+F+R5       13730.522    242 27945.043    145557.043   28560.520
WARNING: Number of threads seems too high for short alignments. Use -T AUTO to determine best number of threads.
 27  WAG           14224.617    215 28879.234    121759.234   29426.042
WARNING: Number of threads seems too high for short alignments. Use -T AUTO to determine best number of threads.
 28  WAG+I         14165.871    216 28763.742    122507.742   29313.094
WARNING: Number of threads seems too high for short alignments. Use -T AUTO to determine best number of threads.
 29  WAG+G4        13774.348    216 27980.695    121724.695   28530.047
WARNING: Number of threads seems too high for short alignments. Use -T AUTO to determine best number of threads.
 30  WAG+I+G4      13765.030    217 27964.060    122576.060   28515.955
WARNING: Number of threads seems too high for short alignments. Use -T AUTO to determine best number of threads.
 31  WAG+R2        13862.928    217 28159.857    122771.857   28711.752
WARNING: Number of threads seems too high for short alignments. Use -T AUTO to determine best number of threads.
 32  WAG+R3        13786.032    219 28010.063    124370.063   28567.045
WARNING: Number of threads seems too high for short alignments. Use -T AUTO to determine best number of threads.
 33  WAG+R4        13753.674    221 27949.348    126073.348   28511.416
WARNING: Number of threads seems too high for short alignments. Use -T AUTO to determine best number of threads.
 34  WAG+R5        13745.865    223 27937.730    127841.730   28504.885
WARNING: Number of threads seems too high for short alignments. Use -T AUTO to determine best number of threads.
