IQ-TREE multicore version 2.2.0.3 COVID-edition for Linux 64-bit built Aug  2 2022
Developed by Bui Quang Minh, James Barbetti, Nguyen Lam Tung,
Olga Chernomor, Heiko Schmidt, Dominik Schrempf, Michael Woodhams, Ly Trong Nhan.

Host:    baross.its.carleton.edu (AVX2, FMA3, 755 GB RAM)
Command: iqtree -s gene_alignments/trimv2_COG3263.afa --nmax 3000 -m MFP -bb 1000 -wbtl -ntmax 10 -nt AUTO -T 10 --prefix iqtree_gene_trees/COG3263 -madd C10,C20,C30,C40,C50,C60,EX2,EX3,EHO,UL2,UL3,EX_EHO,LG4M,LG4X,CF4,LG+C10,LG+C20,LG+C30,LG+C40,LG+C50,LG+C60 -mrate E,I,G,I+G,R
Seed:    609610 (Using SPRNG - Scalable Parallel Random Number Generator)
Time:    Sun Apr  9 15:01:11 2023
Kernel:  AVX+FMA - 10 threads (96 CPU cores detected)

Reading alignment file gene_alignments/trimv2_COG3263.afa ... Fasta format detected
Reading fasta file: done in 0.00189275 secs using 89.24% CPU
Alignment most likely contains protein sequences
Constructing alignment: done in 0.00421488 secs using 700.9% CPU
Alignment has 85 sequences with 590 columns, 586 distinct patterns
555 parsimony-informative, 17 singleton sites, 18 constant sites
                                                                 Gap/Ambiguity  Composition  p-value
Analyzing sequences: done in 0.000103526 secs using 925.4% CPU
   1  GCF.000092845.1.Bacteria.Spirochaetota_NC_014150.1_613            11.02%    failed      0.00%
   2  GCF.000737335.2.Bacteria.Proteobacteria_NZ_JMCC02000078.1_16      19.32%    failed      0.22%
   3  GCF.000239355.1.Bacteria.Proteobacteria_WP_006986202.1             3.05%    passed     16.07%
   4  GCF.900104115.1.Bacteria.Firmicutes.A_NZ_FNJM01000009.1_43        19.15%    failed      0.00%
   5  GCA.003455335.1.Bacteria.Fibrobacterota_HAO98629.1                17.63%    passed     82.65%
   6  GCA.002763895.1.Bacteria.Bacteroidota_NSLH01000015.1_29           17.12%    failed      0.00%
   7  GCF.004348535.1.Bacteria.Actinobacteriota_NZ_SMJX01000072.1_15    16.27%    failed      4.29%
   8  GCA.002426645.1.Bacteria.Firmicutes.G_DIRN01000072.1_28           19.15%    failed      0.00%
   9  GCF.000425045.1.Bacteria.Firmicutes.C_NZ_AULA01000001.1_103       10.51%    passed     39.97%
  10  GCF.003047285.1.Bacteria.Actinobacteriota_NZ_PZYX01000014.1_27    15.25%    failed      0.05%
  11  GCA.002402635.1.Bacteria.Deferribacterota_DHGE01000128.1_11       18.14%    failed      0.00%
  12  GCF.003173035.1.Bacteria.Proteobacteria_NZ_QGLE01000010.1_54       3.39%    failed      0.85%
  13  GCA.000961655.1.Bacteria.Desulfobacterota_LADR01000008.1_109       6.27%    passed     62.97%
  14  GCF.001942305.1.Bacteria.Actinobacteriota_NZ_MKKE01000044.1_30    17.97%    failed      1.71%
  15  GCF.001908175.1.Bacteria.Firmicutes_NZ_MOEL01000015.1_140         16.44%    passed     26.07%
  16  GCF.000384115.1.Bacteria.Actinobacteriota_NZ_KB913029.1_4700      16.10%    failed      0.00%
  17  GCA.002050235.1.Bacteria.Desulfobacterota.B_MWST01000005.1_37     16.95%    passed      8.53%
  18  GCF.001641825.1.Bacteria.Proteobacteria_NZ_LRFH01000004.1_6        3.39%    passed     25.61%
  19  GCF.900142265.1.Bacteria.Firmicutes.A_NZ_FRAH01000021.1_36        11.02%    failed      0.02%
  20  GCF.001618145.1.Bacteria.Firmicutes_NZ_LQNF01000010.1_96          17.80%    failed      0.00%
  21  GCF.001618145.1.Bacteria.Firmicutes_NZ_LQNF01000050.1_19          17.63%    failed      0.00%
  22  GCA.003451585.1.Bacteria.Omnitrophota_DMEU01000022.1_26           16.95%    passed     49.96%
  23  GCA.000739515.1.Bacteria.Moduliflexota_DF820461.1_226             19.32%    passed     16.74%
  24  GCF.006980715.1.Bacteria.Proteobacteria_NZ_SBHN01000029.1_6        3.39%    passed     67.48%
  25  GCA.002721365.1.Bacteria.Proteobacteria_PBKC01000058.1_16          9.66%    failed      0.12%
  26  GCF.900111015.1.Bacteria.Proteobacteria_NZ_FOFS01000007.1_187      3.39%    passed      5.95%
  27  GCF.900172325.1.Bacteria.Proteobacteria_NZ_FWFR01000001.1_1233     3.39%    passed     76.48%
  28  GCA.002796975.1.Bacteria.Proteobacteria_PEKV01000017.1_49          2.88%    failed      1.39%
  29  GCF.000315795.1.Bacteria.Proteobacteria_NZ_ANHY01000008.1_2        3.39%    passed     19.19%
  30  GCF.003612015.1.Bacteria.Proteobacteria_NZ_RARB01000002.1_596      3.56%    passed     59.40%
  31  GCF.001049895.1.Bacteria.Firmicutes_NZ_CVPE01000005.1_484         18.47%    failed      1.01%
  32  GCF.006980715.1.Bacteria.Proteobacteria_NZ_SBHN01000005.1_97       4.07%    passed     31.38%
  33  GCA.002478485.1.Bacteria.Firmicutes.A_DLOL01000065.1_8            10.51%    passed     10.32%
  34  GCF.000021985.1.Bacteria.Proteobacteria_NC_011901.1_581            3.90%    passed     15.93%
  35  GCA.003019535.1.Archaea.Thermoproteota_NEXG01000003.1_76          14.75%    failed      3.84%
  36  GCA.002441095.1.Bacteria.UBA6262_DJVG01000010.1_31                16.95%    failed      0.11%
  37  GCF.000015025.1.Bacteria.Actinobacteriota_NC_008578.1_168         16.78%    failed      0.00%
  38  GCA.001896555.1.Bacteria.Desulfobacterota_MPOS01000012.1_45       17.29%    passed     59.46%
  39  GCF.003443735.1.Bacteria.Actinobacteriota_NZ_CP031969.1_4633      14.92%    failed      0.82%
  40  GCF.900112605.1.Bacteria.Proteobacteria_NZ_FOMJ01000006.1_35       4.41%    failed      0.02%
  41  GCF.000949635.1.Bacteria.Planctomycetota_NZ_BAFN01000001.1_3555   17.80%    failed      0.00%
  42  GCF.000264455.2.Bacteria.Proteobacteria_NC_017956.1_2352           3.56%    passed     18.02%
  43  GCF.003047285.1.Bacteria.Actinobacteriota_NZ_PZYX01000005.1_176   15.42%    failed      0.08%
  44  GCA.002483345.1.Bacteria.Bacteroidota_DLHS01000012.1_45           17.46%    passed     21.01%
  45  GCF.000177635.2.Bacteria.Chrysiogenota_NC_014836.1_1151           15.93%    passed     58.34%
  46  GCF.003052605.1.Bacteria.Proteobacteria_NZ_QASO01000040.1_25       3.05%    passed     38.21%
  47  GCF.000969705.1.Bacteria.Actinobacteriota_NZ_KQ033901.1_148       11.36%    failed      0.00%
  48  GCF.002148795.1.Bacteria.Proteobacteria_NZ_MPOB01000003.1_270      3.22%    passed     38.42%
  49  GCA.002347645.1.Bacteria.Actinobacteriota_DDYF01000060.1_166      12.54%    failed      0.01%
  50  GCA.002702065.1.Bacteria.Chloroflexota_NZXX01000001.1_83          17.12%    passed     80.19%
  51  GCF.002251795.1.Bacteria.Proteobacteria_NZ_NOXU01000024.1_245      3.39%    failed      2.54%
  52  GCF.001742305.1.Bacteria.Firmicutes_NZ_MJAT01000001.1_237         17.12%    failed      4.56%
  53  GCF.000178255.1.Bacteria.Firmicutes_WP_006785398.1                19.15%    failed      0.00%
  54  GCA.006969625.1.Bacteria.Proteobacteria_CP030885.1_2183            2.88%    failed      0.02%
  55  GCF.001613805.1.Bacteria.Proteobacteria_NZ_LPVY01000008.1_75       3.39%    passed     43.81%
  56  GCA.002418835.1.Bacteria.Spirochaetota_DIEX01000003.1_34          18.14%    failed      0.00%
  57  GCA.003242895.1.Bacteria.Margulisbacteria_QKMY01000045.1_252      18.31%    failed      4.24%
  58  GCA.001769805.1.Bacteria.Bdellovibrionota_MEPO01000003.1_136      16.10%    passed     28.19%
  59  GCA.002410925.1.Bacteria.UBP13_DHPR01000013.1_69                  16.44%    failed      1.32%
  60  GCF.000487995.1.Bacteria.Deferribacterota_NZ_KI530584.1_359       10.85%    failed      0.00%
  61  GCA.002327255.1.Bacteria.KSB1_DCUM01000151.1_2                    16.95%    passed     96.21%
  62  GCF.000384115.1.Bacteria.Actinobacteriota_NZ_KB913029.1_593       15.42%    failed      2.02%
  63  GCF.004522215.1.Bacteria.Firmicutes_NZ_SDLR01000014.1_74          16.78%    passed     13.64%
  64  GCF.000284615.1.Bacteria.Proteobacteria_NC_017067.1_107            3.90%    passed     28.58%
  65  GCA.003130875.1.Bacteria.Chloroflexota_QEXY01000182.1_22          14.07%    passed     84.13%
  66  GCF.001399755.1.Bacteria.Proteobacteria_NZ_LJCP01000005.1_176      3.73%    failed      0.61%
  67  GCA.002352565.1.Bacteria.Proteobacteria_DEIQ01000058.1_4          17.29%    passed     72.71%
  68  GCF.000374645.1.Bacteria.Proteobacteria_NZ_KB894800.1_303          3.90%    failed      0.00%
  69  GCF.900489485.1.Bacteria.Bacteroidota_WP_111814054.1              16.78%    failed      0.00%
  70  GCA.001045525.1.Bacteria.Fibrobacterota_LDWW01000005.1_9          16.95%    failed      1.22%
  71  GCA.001800605.1.Bacteria.Elusimicrobiota_MGVS01000084.1_14        17.29%    failed      0.00%
  72  GCA.001464215.1.Bacteria.Proteobacteria_LNEZ01000058.1_41          3.05%    passed     56.40%
  73  GCF.001591405.1.Bacteria.Actinobacteria_NZ_BCUV01000007.1_378     15.59%    failed      0.00%
  74  GCF.004522215.1.Bacteria.Firmicutes_NZ_SDLR01000003.1_133         16.78%    failed      2.41%
  75  GCA.002702065.1.Bacteria.Chloroflexota_NZXX01000009.1_510         20.17%    passed     12.86%
  76  GCF.900106035.1.Bacteria.Actinobacteriota_NZ_FNUC01000004.1_832   14.92%    failed      0.08%
  77  GCF.000160475.1.Bacteria.Fusobacteriota_NZ_GG665894.1_7           11.36%    failed      0.00%
  78  GCF.000266885.1.Bacteria.Spirochaetota_NC_018020.1_1289           16.78%    passed     94.34%
  79  GCF.000737335.2.Bacteria.Proteobacteria_NZ_JMCC02000002.1_90       6.27%    failed      2.51%
  80  GCA.002783265.1.Bacteria.Patescibacteria_PFFG01000004.1_54        19.15%    failed      2.33%
  81  GCA.002480495.1.Bacteria.Proteobacteria_DLCG01000009.1_94          3.22%    passed     43.60%
  82  GCF.001720165.1.Bacteria.Proteobacteria_NZ_MCRI01000004.1_97       4.07%    passed     16.59%
  83  GCA.002366995.1.Bacteria.UBA3054_DFCM01000125.1_12                17.29%    failed      0.00%
  84  GCA.001898225.1.Bacteria.Chloroflexota_MKTJ01000013.1_69          13.73%    failed      0.98%
  85  GCF.001614315.2.Bacteria.Proteobacteria_NZ_LVEG02000007.1_60       3.39%    failed      0.01%
****  TOTAL                                                             12.16%  49 sequences failed composition chi2 test (p-value<5%; df=19)
Checking for duplicate sequences: done in 0.00130253 secs using 952.6% CPU


Create initial parsimony tree by phylogenetic likelihood library (PLL)... 0.046 seconds
Perform fast likelihood tree search using LG+I+G model...
Estimate model parameters (epsilon = 5.000)
Perform nearest neighbor interchange...
Optimizing NNI: done in 1.27311 secs using 992.3% CPU
Estimate model parameters (epsilon = 1.000)
1. Initial log-likelihood: -71475.951
Optimal log-likelihood: -71475.776
Proportion of invariable sites: 0.011
Gamma shape alpha: 1.080
Parameters optimization took 1 rounds (0.159 sec)
Time for fast ML tree search: 2.192 seconds

NOTE: ModelFinder requires 82 MB RAM!
ModelFinder will test up to 749 protein models (sample size: 590) ...
 No. Model         -LnL         df  AIC          AICc         BIC
  1  LG            75184.566    167 150703.131   150836.098   151434.612
  2  LG+I          74954.738    168 150245.477   150380.356   150981.338
  3  LG+G4         71501.079    168 143338.157   143473.036   144074.018
  4  LG+I+G4       71475.806    169 143289.612   143426.422   144029.853
  5  LG+R2         72320.109    169 144978.218   145115.027   145718.459
  6  LG+R3         71663.094    171 143668.188   143808.915   144417.189
  7  LG+R4         71456.199    173 143258.398   143403.120   144016.160
  8  LG+R5         71397.756    175 143145.512   143294.304   143912.033
  9  LG+R6         71368.588    177 143091.175   143244.117   143866.457
 10  LG+R7         71355.697    179 143069.394   143226.565   143853.436
 11  LG+R8         71343.926    181 143049.853   143211.333   143842.655
 12  LG+R9         71343.533    183 143053.067   143218.939   143854.629
 14  LG+F          75113.370    186 150598.740   150771.356   151413.443
 15  LG+F+I        74902.674    187 150179.349   150354.254   150998.431
 16  LG+F+G4       70986.120    187 142346.241   142521.146   143165.324
 17  LG+F+I+G4     70968.356    188 142312.712   142489.929   143136.175
 18  LG+F+R2       71879.253    188 144134.506   144311.723   144957.970
 19  LG+F+R3       71162.462    190 142704.924   142886.829   143537.147
 20  LG+F+R4       70959.123    192 142302.247   142488.927   143143.230
 21  LG+F+R5       70882.353    194 142152.707   142344.251   143002.450
 22  LG+F+R6       70850.793    196 142093.585   142290.084   142952.090
 23  LG+F+R7       70836.688    198 142069.376   142270.920   142936.640
 24  LG+F+R8       70831.641    200 142063.282   142269.966   142939.307
 27  WAG           75110.761    167 150555.521   150688.488   151287.002
 28  WAG+I         74877.181    168 150090.362   150225.241   150826.223
 29  WAG+G4        72006.564    168 144349.127   144484.006   145084.988
 30  WAG+I+G4      71976.287    169 144290.575   144427.384   145030.815
 31  WAG+R2        72645.987    169 145629.974   145766.784   146370.215
 32  WAG+R3        72093.945    171 144529.889   144670.616   145278.890
 33  WAG+R4        71932.495    173 144210.990   144355.712   144968.752
 34  WAG+R5        71887.382    175 144124.765   144273.557   144891.286
 35  WAG+R6        71861.813    177 144077.626   144230.568   144852.908
 36  WAG+R7        71853.078    179 144064.156   144221.326   144848.198
 37  WAG+R8        71846.243    181 144054.487   144215.967   144847.289
 38  WAG+R9        71846.284    183 144058.569   144224.440   144860.131
 40  WAG+F         74653.603    186 149679.206   149851.822   150493.909
 41  WAG+F+I       74440.071    187 149254.141   149429.047   150073.224
 42  WAG+F+G4      71304.124    187 142982.248   143157.153   143801.331
 43  WAG+F+I+G4    71280.036    188 142936.072   143113.289   143759.535
 44  WAG+F+R2      72013.827    188 144403.654   144580.871   145227.117
 45  WAG+F+R3      71412.025    190 143204.050   143385.955   144036.273
 46  WAG+F+R4      71259.704    192 142903.408   143090.088   143744.392
 47  WAG+F+R5      71206.632    194 142801.263   142992.807   143651.007
 48  WAG+F+R6      71184.010    196 142760.019   142956.518   143618.523
 49  WAG+F+R7      71168.686    198 142733.373   142934.918   143600.637
 50  WAG+F+R8      71166.297    200 142732.594   142939.278   143608.618
 53  JTT           75824.043    167 151982.087   152115.054   152713.567
 54  JTT+I         75582.433    168 151500.866   151635.745   152236.727
 55  JTT+G4        72300.017    168 144936.035   145070.914   145671.895
 56  JTT+I+G4      72275.191    169 144888.382   145025.191   145628.622
 57  JTT+R2        73027.263    169 146392.525   146529.335   147132.766
 58  JTT+R3        72468.259    171 145278.518   145419.245   146027.519
 59  JTT+R4        72226.645    173 144799.291   144944.012   145557.052
 60  JTT+R5        72178.715    175 144707.431   144856.223   145473.952
 61  JTT+R6        72158.185    177 144670.370   144823.311   145445.651
 62  JTT+R7        72140.920    179 144639.841   144797.012   145423.883
 63  JTT+R8        72134.429    181 144630.857   144792.338   145423.659
 64  JTT+R9        72134.441    183 144634.881   144800.753   145436.444
 66  JTT+F         75710.022    186 151792.043   151964.659   152606.746
 67  JTT+F+I       75490.130    187 151354.260   151529.165   152173.342
 68  JTT+F+G4      71852.758    187 144079.516   144254.422   144898.599
 69  JTT+F+I+G4    71834.876    188 144045.752   144222.969   144869.215
 70  JTT+F+R2      72685.266    188 145746.532   145923.749   146569.995
 71  JTT+F+R3      72031.705    190 144443.409   144625.314   145275.632
 72  JTT+F+R4      71812.302    192 144008.603   144195.283   144849.587
 73  JTT+F+R5      71752.020    194 143892.041   144083.585   144741.784
 74  JTT+F+R6      71729.235    196 143850.469   144046.968   144708.973
 75  JTT+F+R7      71714.275    198 143824.551   144026.095   144691.815
 76  JTT+F+R8      71707.944    200 143815.888   144022.572   144691.913
WARNING: Normalizing state frequencies so that sum of them equals to 1
 79  Q.pfam        74903.150    167 150140.300   150273.267   150871.780
WARNING: Normalizing state frequencies so that sum of them equals to 1
 80  Q.pfam+I      74672.618    168 149681.237   149816.116   150417.097
WARNING: Normalizing state frequencies so that sum of them equals to 1
 81  Q.pfam+G4     71324.531    168 142985.062   143119.941   143720.923
WARNING: Normalizing state frequencies so that sum of them equals to 1
 82  Q.pfam+I+G4   71298.743    169 142935.487   143072.296   143675.728
WARNING: Normalizing state frequencies so that sum of them equals to 1
 83  Q.pfam+R2     72121.233    169 144580.466   144717.275   145320.706
WARNING: Normalizing state frequencies so that sum of them equals to 1
 84  Q.pfam+R3     71474.344    171 143290.687   143431.415   144039.688
WARNING: Normalizing state frequencies so that sum of them equals to 1
 85  Q.pfam+R4     71279.153    173 142904.307   143049.028   143662.068
WARNING: Normalizing state frequencies so that sum of them equals to 1
 86  Q.pfam+R5     71218.189    175 142786.378   142935.170   143552.899
WARNING: Normalizing state frequencies so that sum of them equals to 1
 87  Q.pfam+R6     71191.124    177 142736.247   142889.189   143511.529
WARNING: Normalizing state frequencies so that sum of them equals to 1
 88  Q.pfam+R7     71171.741    179 142701.481   142858.652   143485.523
WARNING: Normalizing state frequencies so that sum of them equals to 1
 89  Q.pfam+R8     71166.151    181 142694.301   142855.782   143487.104
WARNING: Normalizing state frequencies so that sum of them equals to 1
 92  Q.pfam+F      75123.861    186 150619.722   150792.338   151434.425
WARNING: Normalizing state frequencies so that sum of them equals to 1
 93  Q.pfam+F+I    74911.768    187 150197.537   150372.442   151016.620
WARNING: Normalizing state frequencies so that sum of them equals to 1
 94  Q.pfam+F+G4   71044.044    187 142462.087   142636.993   143281.170
WARNING: Normalizing state frequencies so that sum of them equals to 1
 95  Q.pfam+F+I+G4 71022.997    188 142421.994   142599.211   143245.457
WARNING: Normalizing state frequencies so that sum of them equals to 1
 96  Q.pfam+F+R2   71928.789    188 144233.579   144410.796   145057.042
WARNING: Normalizing state frequencies so that sum of them equals to 1
 97  Q.pfam+F+R3   71206.290    190 142792.581   142974.486   143624.804
WARNING: Normalizing state frequencies so that sum of them equals to 1
 98  Q.pfam+F+R4   71019.596    192 142423.192   142609.872   143264.175
WARNING: Normalizing state frequencies so that sum of them equals to 1
 99  Q.pfam+F+R5   70934.409    194 142256.817   142448.361   143106.561
WARNING: Normalizing state frequencies so that sum of them equals to 1
100  Q.pfam+F+R6   70899.975    196 142191.951   142388.450   143050.455
WARNING: Normalizing state frequencies so that sum of them equals to 1
101  Q.pfam+F+R7   70886.178    198 142168.356   142369.901   143035.621
WARNING: Normalizing state frequencies so that sum of them equals to 1
102  Q.pfam+F+R8   70883.051    200 142166.101   142372.785   143042.126
WARNING: Normalizing state frequencies so that sum of them equals to 1
105  Q.bird        77581.901    167 155497.803   155630.769   156229.283
WARNING: Normalizing state frequencies so that sum of them equals to 1
106  Q.bird+I      77298.717    168 154933.435   155068.314   155669.296
WARNING: Normalizing state frequencies so that sum of them equals to 1
107  Q.bird+G4     73263.638    168 146863.276   146998.155   147599.137
WARNING: Normalizing state frequencies so that sum of them equals to 1
108  Q.bird+I+G4   73235.268    169 146808.537   146945.346   147548.777
WARNING: Normalizing state frequencies so that sum of them equals to 1
109  Q.bird+R2     74225.906    169 148789.811   148926.621   149530.052
WARNING: Normalizing state frequencies so that sum of them equals to 1
110  Q.bird+R3     73490.974    171 147323.948   147464.675   148072.949
WARNING: Normalizing state frequencies so that sum of them equals to 1
111  Q.bird+R4     73210.568    173 146767.136   146911.857   147524.897
WARNING: Normalizing state frequencies so that sum of them equals to 1
112  Q.bird+R5     73126.109    175 146602.218   146751.010   147368.739
WARNING: Normalizing state frequencies so that sum of them equals to 1
113  Q.bird+R6     73106.413    177 146566.825   146719.767   147342.107
WARNING: Normalizing state frequencies so that sum of them equals to 1
114  Q.bird+R7     73082.297    179 146522.595   146679.765   147306.637
WARNING: Normalizing state frequencies so that sum of them equals to 1
115  Q.bird+R8     73070.478    181 146502.955   146664.436   147295.757
WARNING: Normalizing state frequencies so that sum of them equals to 1
116  Q.bird+R9     73070.334    183 146506.668   146672.540   147308.231
WARNING: Normalizing state frequencies so that sum of them equals to 1
118  Q.bird+F      78003.672    186 156379.344   156551.960   157194.047
WARNING: Normalizing state frequencies so that sum of them equals to 1
119  Q.bird+F+I    77742.150    187 155858.299   156033.205   156677.382
WARNING: Normalizing state frequencies so that sum of them equals to 1
120  Q.bird+F+G4   72954.243    187 146282.486   146457.391   147101.569
WARNING: Normalizing state frequencies so that sum of them equals to 1
121  Q.bird+F+I+G4 72934.083    188 146244.165   146421.382   147067.628
WARNING: Normalizing state frequencies so that sum of them equals to 1
122  Q.bird+F+R2   74096.679    188 148569.357   148746.574   149392.820
WARNING: Normalizing state frequencies so that sum of them equals to 1
123  Q.bird+F+R3   73192.409    190 146764.818   146946.722   147597.041
WARNING: Normalizing state frequencies so that sum of them equals to 1
124  Q.bird+F+R4   72928.837    192 146241.675   146428.355   147082.658
WARNING: Normalizing state frequencies so that sum of them equals to 1
125  Q.bird+F+R5   72814.871    194 146017.742   146209.286   146867.486
WARNING: Normalizing state frequencies so that sum of them equals to 1
126  Q.bird+F+R6   72793.932    196 145979.865   146176.364   146838.369
WARNING: Normalizing state frequencies so that sum of them equals to 1
127  Q.bird+F+R7   72769.039    198 145934.079   146135.623   146801.343
WARNING: Normalizing state frequencies so that sum of them equals to 1
128  Q.bird+F+R8   72761.278    200 145922.557   146129.241   146798.581
WARNING: Normalizing state frequencies so that sum of them equals to 1
129  Q.bird+F+R9   72760.167    202 145924.334   146136.252   146809.119
WARNING: Normalizing state frequencies so that sum of them equals to 1
131  Q.mammal      76973.193    167 154280.386   154413.353   155011.866
WARNING: Normalizing state frequencies so that sum of them equals to 1
132  Q.mammal+I    76700.032    168 153736.065   153870.944   154471.925
WARNING: Normalizing state frequencies so that sum of them equals to 1
133  Q.mammal+G4   72954.645    168 146245.289   146380.168   146981.150
WARNING: Normalizing state frequencies so that sum of them equals to 1
134  Q.mammal+I+G4 72926.208    169 146190.416   146327.225   146930.656
WARNING: Normalizing state frequencies so that sum of them equals to 1
135  Q.mammal+R2   73851.383    169 148040.765   148177.575   148781.006
WARNING: Normalizing state frequencies so that sum of them equals to 1
136  Q.mammal+R3   73153.524    171 146649.049   146789.776   147398.050
WARNING: Normalizing state frequencies so that sum of them equals to 1
137  Q.mammal+R4   72901.254    173 146148.507   146293.228   146906.268
WARNING: Normalizing state frequencies so that sum of them equals to 1
138  Q.mammal+R5   72823.361    175 145996.722   146145.515   146763.244
WARNING: Normalizing state frequencies so that sum of them equals to 1
139  Q.mammal+R6   72805.587    177 145965.173   146118.115   146740.455
WARNING: Normalizing state frequencies so that sum of them equals to 1
140  Q.mammal+R7   72780.290    179 145918.579   146075.750   146702.621
WARNING: Normalizing state frequencies so that sum of them equals to 1
141  Q.mammal+R8   72773.182    181 145908.365   146069.845   146701.167
WARNING: Normalizing state frequencies so that sum of them equals to 1
142  Q.mammal+R9   72773.152    183 145912.305   146078.176   146713.867
WARNING: Normalizing state frequencies so that sum of them equals to 1
144  Q.mammal+F    77187.473    186 154746.946   154919.562   155561.649
WARNING: Normalizing state frequencies so that sum of them equals to 1
145  Q.mammal+F+I  76934.684    187 154243.368   154418.273   155062.451
WARNING: Normalizing state frequencies so that sum of them equals to 1
146  Q.mammal+F+G4 72566.901    187 145507.802   145682.707   146326.885
WARNING: Normalizing state frequencies so that sum of them equals to 1
147  Q.mammal+F+I+G4 72546.445    188 145468.890   145646.107   146292.353
WARNING: Normalizing state frequencies so that sum of them equals to 1
148  Q.mammal+F+R2 73619.243    188 147614.486   147791.703   148437.949
WARNING: Normalizing state frequencies so that sum of them equals to 1
149  Q.mammal+F+R3 72777.019    190 145934.038   146115.943   146766.261
WARNING: Normalizing state frequencies so that sum of them equals to 1
150  Q.mammal+F+R4 72540.557    192 145465.114   145651.794   146306.098
WARNING: Normalizing state frequencies so that sum of them equals to 1
151  Q.mammal+F+R5 72435.835    194 145259.669   145451.214   146109.413
WARNING: Normalizing state frequencies so that sum of them equals to 1
152  Q.mammal+F+R6 72416.746    196 145225.491   145421.990   146083.995
WARNING: Normalizing state frequencies so that sum of them equals to 1
153  Q.mammal+F+R7 72395.341    198 145186.682   145388.227   146053.947
WARNING: Normalizing state frequencies so that sum of them equals to 1
154  Q.mammal+F+R8 72390.232    200 145180.465   145387.149   146056.489
157  Q.insect      76061.520    167 152457.039   152590.006   153188.520
158  Q.insect+I    75803.437    168 151942.875   152077.754   152678.735
159  Q.insect+G4   72185.842    168 144707.684   144842.563   145443.544
160  Q.insect+I+G4 72159.342    169 144656.685   144793.494   145396.925
161  Q.insect+R2   73025.204    169 146388.408   146525.218   147128.649
162  Q.insect+R3   72369.983    171 145081.966   145222.693   145830.967
163  Q.insect+R4   72136.107    173 144618.214   144762.936   145375.976
164  Q.insect+R5   72066.636    175 144483.272   144632.064   145249.794
165  Q.insect+R6   72037.064    177 144428.128   144581.070   145203.410
166  Q.insect+R7   72016.551    179 144391.102   144548.273   145175.144
167  Q.insect+R8   72009.874    181 144381.749   144543.229   145174.551
168  Q.insect+R9   72009.658    183 144385.316   144551.188   145186.879
170  Q.insect+F    75706.477    186 151784.954   151957.570   152599.657
171  Q.insect+F+I  75473.422    187 151320.843   151495.749   152139.926
172  Q.insect+F+G4 71441.818    187 143257.635   143432.541   144076.718
173  Q.insect+F+I+G4 71424.855    188 143225.709   143402.926   144049.172
174  Q.insect+F+R2 72364.894    188 145105.789   145283.006   145929.252
175  Q.insect+F+R3 71654.573    190 143689.145   143871.050   144521.368
176  Q.insect+F+R4 71410.946    192 143205.892   143392.573   144046.876
177  Q.insect+F+R5 71324.832    194 143037.664   143229.208   143887.407
178  Q.insect+F+R6 71297.545    196 142987.089   143183.588   143845.593
179  Q.insect+F+R7 71279.007    198 142954.014   143155.559   143821.278
180  Q.insect+F+R8 71274.957    200 142949.913   143156.597   143825.938
WARNING: Normalizing state frequencies so that sum of them equals to 1
183  Q.plant       76276.479    167 152886.958   153019.924   153618.438
WARNING: Normalizing state frequencies so that sum of them equals to 1
184  Q.plant+I     76021.357    168 152378.714   152513.593   153114.575
WARNING: Normalizing state frequencies so that sum of them equals to 1
185  Q.plant+G4    72011.651    168 144359.303   144494.182   145095.163
WARNING: Normalizing state frequencies so that sum of them equals to 1
186  Q.plant+I+G4  71986.092    169 144310.184   144446.994   145050.425
WARNING: Normalizing state frequencies so that sum of them equals to 1
187  Q.plant+R2    72988.359    169 146314.718   146451.528   147054.959
WARNING: Normalizing state frequencies so that sum of them equals to 1
188  Q.plant+R3    72236.122    171 144814.244   144954.972   145563.245
WARNING: Normalizing state frequencies so that sum of them equals to 1
189  Q.plant+R4    71975.664    173 144297.328   144442.049   145055.089
WARNING: Normalizing state frequencies so that sum of them equals to 1
190  Q.plant+R5    71891.471    175 144132.942   144281.735   144899.464
WARNING: Normalizing state frequencies so that sum of them equals to 1
191  Q.plant+R6    71862.397    177 144078.794   144231.736   144854.076
WARNING: Normalizing state frequencies so that sum of them equals to 1
192  Q.plant+R7    71839.367    179 144036.733   144193.904   144820.775
WARNING: Normalizing state frequencies so that sum of them equals to 1
193  Q.plant+R8    71830.981    181 144023.963   144185.443   144816.765
WARNING: Normalizing state frequencies so that sum of them equals to 1
194  Q.plant+R9    71826.626    183 144019.252   144185.124   144820.815
WARNING: Normalizing state frequencies so that sum of them equals to 1
196  Q.plant+F     76481.172    186 153334.345   153506.960   154149.047
WARNING: Normalizing state frequencies so that sum of them equals to 1
197  Q.plant+F+I   76252.430    187 152878.860   153053.765   153697.943
WARNING: Normalizing state frequencies so that sum of them equals to 1
198  Q.plant+F+G4  71698.675    187 143771.350   143946.255   144590.432
WARNING: Normalizing state frequencies so that sum of them equals to 1
199  Q.plant+F+I+G4 71680.586    188 143737.172   143914.389   144560.635
WARNING: Normalizing state frequencies so that sum of them equals to 1
200  Q.plant+F+R2  72759.528    188 145895.056   146072.273   146718.519
WARNING: Normalizing state frequencies so that sum of them equals to 1
201  Q.plant+F+R3  71939.133    190 144258.267   144440.171   145090.490
WARNING: Normalizing state frequencies so that sum of them equals to 1
202  Q.plant+F+R4  71677.758    192 143739.516   143926.196   144580.500
WARNING: Normalizing state frequencies so that sum of them equals to 1
203  Q.plant+F+R5  71585.888    194 143559.775   143751.320   144409.519
WARNING: Normalizing state frequencies so that sum of them equals to 1
204  Q.plant+F+R6  71540.480    196 143472.959   143669.458   144331.463
WARNING: Normalizing state frequencies so that sum of them equals to 1
205  Q.plant+F+R7  71522.757    198 143441.514   143643.059   144308.778
WARNING: Normalizing state frequencies so that sum of them equals to 1
206  Q.plant+F+R8  71519.195    200 143438.390   143645.074   144314.414
WARNING: Normalizing state frequencies so that sum of them equals to 1
209  Q.yeast       76089.850    167 152513.700   152646.667   153245.181
WARNING: Normalizing state frequencies so that sum of them equals to 1
210  Q.yeast+I     75834.001    168 152004.001   152138.880   152739.862
WARNING: Normalizing state frequencies so that sum of them equals to 1
211  Q.yeast+G4    72175.257    168 144686.513   144821.392   145422.374
WARNING: Normalizing state frequencies so that sum of them equals to 1
212  Q.yeast+I+G4  72150.349    169 144638.698   144775.507   145378.938
WARNING: Normalizing state frequencies so that sum of them equals to 1
213  Q.yeast+R2    73010.659    169 146359.319   146496.128   147099.560
WARNING: Normalizing state frequencies so that sum of them equals to 1
214  Q.yeast+R3    72376.675    171 145095.350   145236.077   145844.351
WARNING: Normalizing state frequencies so that sum of them equals to 1
215  Q.yeast+R4    72123.250    173 144592.500   144737.221   145350.261
WARNING: Normalizing state frequencies so that sum of them equals to 1
216  Q.yeast+R5    72042.807    175 144435.614   144584.407   145202.136
WARNING: Normalizing state frequencies so that sum of them equals to 1
217  Q.yeast+R6    72012.860    177 144379.720   144532.662   145155.001
WARNING: Normalizing state frequencies so that sum of them equals to 1
218  Q.yeast+R7    71994.036    179 144346.072   144503.243   145130.114
WARNING: Normalizing state frequencies so that sum of them equals to 1
219  Q.yeast+R8    71985.644    181 144333.288   144494.768   145126.090
WARNING: Normalizing state frequencies so that sum of them equals to 1
220  Q.yeast+R9    71985.651    183 144337.302   144503.174   145138.864
WARNING: Normalizing state frequencies so that sum of them equals to 1
222  Q.yeast+F     75515.233    186 151402.465   151575.081   152217.168
WARNING: Normalizing state frequencies so that sum of them equals to 1
223  Q.yeast+F+I   75288.079    187 150950.157   151125.063   151769.240
WARNING: Normalizing state frequencies so that sum of them equals to 1
224  Q.yeast+F+G4  71213.107    187 142800.215   142975.120   143619.298
WARNING: Normalizing state frequencies so that sum of them equals to 1
225  Q.yeast+F+I+G4 71196.848    188 142769.696   142946.913   143593.160
WARNING: Normalizing state frequencies so that sum of them equals to 1
226  Q.yeast+F+R2  72129.389    188 144634.779   144811.996   145458.242
WARNING: Normalizing state frequencies so that sum of them equals to 1
227  Q.yeast+F+R3  71429.419    190 143238.839   143420.744   144071.062
WARNING: Normalizing state frequencies so that sum of them equals to 1
228  Q.yeast+F+R4  71181.093    192 142746.186   142932.866   143587.170
WARNING: Normalizing state frequencies so that sum of them equals to 1
229  Q.yeast+F+R5  71101.296    194 142590.593   142782.137   143440.337
WARNING: Normalizing state frequencies so that sum of them equals to 1
230  Q.yeast+F+R6  71064.981    196 142521.962   142718.461   143380.466
WARNING: Normalizing state frequencies so that sum of them equals to 1
231  Q.yeast+F+R7  71050.290    198 142496.580   142698.125   143363.845
WARNING: Normalizing state frequencies so that sum of them equals to 1
232  Q.yeast+F+R8  71043.041    200 142486.081   142692.765   143362.106
WARNING: Normalizing state frequencies so that sum of them equals to 1
233  Q.yeast+F+R9  71042.877    202 142489.753   142701.671   143374.538
235  JTTDCMut      75815.631    167 151965.262   152098.229   152696.743
236  JTTDCMut+I    75576.385    168 151488.770   151623.649   152224.631
237  JTTDCMut+G4   72315.151    168 144966.301   145101.180   145702.162
238  JTTDCMut+I+G4 72290.396    169 144918.792   145055.602   145659.033
239  JTTDCMut+R2   73037.814    169 146413.627   146550.437   147153.868
240  JTTDCMut+R3   72480.350    171 145302.701   145443.428   146051.702
241  JTTDCMut+R4   72242.289    173 144830.578   144975.299   145588.339
242  JTTDCMut+R5   72193.909    175 144737.818   144886.611   145504.340
243  JTTDCMut+R6   72173.681    177 144701.362   144854.304   145476.644
244  JTTDCMut+R7   72156.635    179 144671.269   144828.440   145455.311
245  JTTDCMut+R8   72149.900    181 144661.799   144823.280   145454.602
246  JTTDCMut+R9   72149.911    183 144665.822   144831.694   145467.385
248  JTTDCMut+F    75688.654    186 151749.307   151921.923   152564.010
249  JTTDCMut+F+I  75471.514    187 151317.028   151491.933   152136.111
250  JTTDCMut+F+G4 71849.189    187 144072.377   144247.283   144891.460
251  JTTDCMut+F+I+G4 71831.462    188 144038.925   144216.141   144862.388
252  JTTDCMut+F+R2 72677.874    188 145731.747   145908.964   146555.210
253  JTTDCMut+F+R3 72026.161    190 144432.323   144614.228   145264.546
254  JTTDCMut+F+R4 71808.901    192 144001.802   144188.483   144842.786
255  JTTDCMut+F+R5 71748.595    194 143885.189   144076.733   144734.933
256  JTTDCMut+F+R6 71725.713    196 143843.425   144039.924   144701.929
257  JTTDCMut+F+R7 71710.756    198 143817.512   144019.057   144684.776
258  JTTDCMut+F+R8 71704.639    200 143809.277   144015.961   144685.302
261  DCMut         76569.274    167 153472.548   153605.515   154204.029
262  DCMut+I       76295.473    168 152926.945   153061.824   153662.806
263  DCMut+G4      72918.416    168 146172.833   146307.712   146908.694
264  DCMut+I+G4    72887.928    169 146113.856   146250.665   146854.096
265  DCMut+R2      73671.410    169 147680.820   147817.630   148421.061
266  DCMut+R3      73103.048    171 146548.096   146688.823   147297.097
267  DCMut+R4      72836.848    173 146019.697   146164.418   146777.458
268  DCMut+R5      72761.491    175 145872.982   146021.774   146639.504
269  DCMut+R6      72729.035    177 145812.071   145965.012   146587.352
270  DCMut+R7      72719.296    179 145796.592   145953.762   146580.634
271  DCMut+R8      72708.039    181 145778.078   145939.559   146570.880
272  DCMut+R9      72708.120    183 145782.240   145948.112   146583.802
274  DCMut+F       75849.117    186 152070.235   152242.850   152884.937
275  DCMut+F+I     75603.418    187 151580.835   151755.741   152399.918
276  DCMut+F+G4    71965.971    187 144305.941   144480.847   145125.024
277  DCMut+F+I+G4  71943.090    188 144262.180   144439.397   145085.643
278  DCMut+F+R2    72778.571    188 145933.141   146110.358   146756.604
279  DCMut+F+R3    72173.530    190 144727.059   144908.964   145559.283
280  DCMut+F+R4    71917.779    192 144219.559   144406.239   145060.542
281  DCMut+F+R5    71839.424    194 144066.848   144258.392   144916.592
282  DCMut+F+R6    71811.762    196 144015.524   144212.023   144874.028
283  DCMut+F+R7    71798.359    198 143992.717   144194.262   144859.981
284  DCMut+F+R8    71789.113    200 143978.226   144184.910   144854.251
285  DCMut+F+R9    71789.071    202 143982.142   144194.059   144866.926
287  VT            75017.104    167 150368.208   150501.175   151099.689
288  VT+I          74796.186    168 149928.372   150063.251   150664.233
289  VT+G4         72013.934    168 144363.868   144498.746   145099.728
290  VT+I+G4       71986.025    169 144310.049   144446.859   145050.290
291  VT+R2         72627.929    169 145593.858   145730.668   146334.099
292  VT+R3         72092.860    171 144527.721   144668.448   145276.722
293  VT+R4         71934.391    173 144214.782   144359.504   144972.544
294  VT+R5         71898.186    175 144146.373   144295.165   144912.894
295  VT+R6         71877.409    177 144108.817   144261.759   144884.099
296  VT+R7         71862.485    179 144082.970   144240.140   144867.012
297  VT+R8         71860.995    181 144083.990   144245.471   144876.793
300  VT+F          74709.558    186 149791.116   149963.732   150605.819
301  VT+F+I        74508.651    187 149391.303   149566.208   150210.386
302  VT+F+G4       71466.064    187 143306.129   143481.034   144125.212
303  VT+F+I+G4     71445.018    188 143266.037   143443.254   144089.500
304  VT+F+R2       72152.929    188 144681.857   144859.074   145505.320
305  VT+F+R3       71570.246    190 143520.493   143702.397   144352.716
306  VT+F+R4       71416.228    192 143216.457   143403.137   144057.440
307  VT+F+R5       71374.918    194 143137.836   143329.380   143987.579
308  VT+F+R6       71354.787    196 143101.574   143298.073   143960.078
309  VT+F+R7       71338.635    198 143073.270   143274.814   143940.534
310  VT+F+R8       71338.330    200 143076.661   143283.345   143952.685
313  PMB           75021.201    167 150376.402   150509.369   151107.882
314  PMB+I         74814.564    168 149965.128   150100.007   150700.989
315  PMB+G4        72095.077    168 144526.155   144661.034   145262.016
316  PMB+I+G4      72067.841    169 144473.683   144610.492   145213.923
317  PMB+R2        72720.449    169 145778.897   145915.707   146519.138
318  PMB+R3        72153.667    171 144649.334   144790.061   145398.335
319  PMB+R4        72026.252    173 144398.504   144543.225   145156.265
320  PMB+R5        71992.970    175 144335.941   144484.733   145102.462
321  PMB+R6        71971.589    177 144297.178   144450.119   145072.459
322  PMB+R7        71957.759    179 144273.518   144430.689   145057.560
323  PMB+R8        71951.935    181 144265.871   144427.351   145058.673
326  PMB+F         74964.763    186 150301.526   150474.142   151116.229
327  PMB+F+I       74766.997    187 149907.995   150082.900   150727.078
328  PMB+F+G4      71756.251    187 143886.503   144061.408   144705.586
329  PMB+F+I+G4    71734.313    188 143844.626   144021.843   144668.089
330  PMB+F+R2      72451.868    188 145279.737   145456.954   146103.200
331  PMB+F+R3      71848.074    190 144076.148   144258.053   144908.371
332  PMB+F+R4      71710.861    192 143805.722   143992.402   144646.705
333  PMB+F+R5      71661.429    194 143710.857   143902.402   144560.601
334  PMB+F+R6      71644.158    196 143680.316   143876.815   144538.820
335  PMB+F+R7      71627.720    198 143651.439   143852.984   144518.703
336  PMB+F+R8      71627.794    200 143655.588   143862.272   144531.613
339  Blosum62      75136.316    167 150606.632   150739.598   151338.112
340  Blosum62+I    74923.759    168 150183.518   150318.396   150919.378
341  Blosum62+G4   72152.160    168 144640.321   144775.200   145376.181
342  Blosum62+I+G4 72124.639    169 144587.279   144724.088   145327.519
343  Blosum62+R2   72786.906    169 145911.812   146048.622   146652.053
344  Blosum62+R3   72235.675    171 144813.351   144954.078   145562.352
345  Blosum62+R4   72088.342    173 144522.684   144667.405   145280.446
346  Blosum62+R5   72052.096    175 144454.192   144602.984   145220.714
347  Blosum62+R6   72030.104    177 144414.207   144567.149   145189.489
348  Blosum62+R7   72018.774    179 144395.549   144552.719   145179.591
349  Blosum62+R8   72014.020    181 144390.040   144551.520   145182.842
352  Blosum62+F    74913.242    186 150198.484   150371.100   151013.187
353  Blosum62+F+I  74708.012    187 149790.024   149964.930   150609.107
354  Blosum62+F+G4 71685.405    187 143744.809   143919.715   144563.892
355  Blosum62+F+I+G4 71662.516    188 143701.032   143878.249   144524.495
356  Blosum62+F+R2 72378.378    188 145132.756   145309.973   145956.219
357  Blosum62+F+R3 71792.067    190 143964.134   144146.039   144796.357
358  Blosum62+F+R4 71638.535    192 143661.070   143847.750   144502.054
359  Blosum62+F+R5 71592.806    194 143573.611   143765.156   144423.355
360  Blosum62+F+R6 71575.767    196 143543.535   143740.034   144402.039
361  Blosum62+F+R7 71558.384    198 143512.769   143714.313   144380.033
362  Blosum62+F+R8 71558.209    200 143516.418   143723.102   144392.443
365  Dayhoff       76573.467    167 153480.934   153613.901   154212.415
366  Dayhoff+I     76299.243    168 152934.487   153069.366   153670.347
367  Dayhoff+G4    72915.053    168 146166.107   146300.986   146901.967
368  Dayhoff+I+G4  72884.572    169 146107.143   146243.953   146847.384
369  Dayhoff+R2    73669.784    169 147677.568   147814.377   148417.808
370  Dayhoff+R3    73100.242    171 146542.483   146683.211   147291.484
371  Dayhoff+R4    72833.743    173 146013.487   146158.208   146771.248
372  Dayhoff+R5    72758.110    175 145866.220   146015.012   146632.741
373  Dayhoff+R6    72725.608    177 145805.215   145958.157   146580.497
374  Dayhoff+R7    72715.738    179 145789.476   145946.647   146573.518
375  Dayhoff+R8    72704.485    181 145770.970   145932.451   146563.772
376  Dayhoff+R9    72704.564    183 145775.129   145941.001   146576.691
378  Dayhoff+F     75852.285    186 152076.569   152249.185   152891.272
379  Dayhoff+F+I   75606.223    187 151586.447   151761.352   152405.530
380  Dayhoff+F+G4  71962.115    187 144298.230   144473.135   145117.313
381  Dayhoff+F+I+G4 71939.260    188 144254.520   144431.737   145077.984
382  Dayhoff+F+R2  72776.167    188 145928.333   146105.550   146751.797
383  Dayhoff+F+R3  72170.262    190 144720.524   144902.429   145552.748
384  Dayhoff+F+R4  71914.064    192 144212.128   144398.808   145053.111
385  Dayhoff+F+R5  71835.609    194 144059.218   144250.762   144908.961
386  Dayhoff+F+R6  71807.851    196 144007.702   144204.201   144866.206
387  Dayhoff+F+R7  71794.584    198 143985.169   144186.713   144852.433
388  Dayhoff+F+R8  71785.159    200 143970.318   144177.002   144846.343
389  Dayhoff+F+R9  71785.116    202 143974.232   144186.149   144859.017
391  mtREV         79943.644    167 160221.288   160354.255   160952.769
392  mtREV+I       79770.423    168 159876.846   160011.725   160612.707
393  mtREV+G4      74700.480    168 149736.960   149871.838   150472.820
394  mtREV+I+G4    74684.483    169 149706.965   149843.775   150447.206
395  mtREV+R2      75872.014    169 152082.029   152218.838   152822.270
396  mtREV+R3      74976.219    171 150294.439   150435.166   151043.440
397  mtREV+R4      74683.329    173 149712.657   149857.378   150470.418
398  mtREV+R5      74564.347    175 149478.695   149627.487   150245.216
399  mtREV+R6      74486.462    177 149326.923   149479.865   150102.205
400  mtREV+R7      74468.833    179 149295.666   149452.837   150079.708
401  mtREV+R8      74464.425    181 149290.850   149452.330   150083.652
404  mtREV+F       77138.675    186 154649.350   154821.965   155464.052
405  mtREV+F+I     76939.099    187 154252.197   154427.103   155071.280
406  mtREV+F+G4    72127.304    187 144628.607   144803.512   145447.690
407  mtREV+F+I+G4  72108.957    188 144593.914   144771.131   145417.377
408  mtREV+F+R2    73165.385    188 146706.770   146883.987   147530.234
409  mtREV+F+R3    72353.332    190 145086.665   145268.569   145918.888
410  mtREV+F+R4    72102.058    192 144588.117   144774.797   145429.100
411  mtREV+F+R5    71998.905    194 144385.809   144577.353   145235.553
412  mtREV+F+R6    71935.942    196 144263.885   144460.384   145122.389
413  mtREV+F+R7    71914.777    198 144225.554   144427.099   145092.818
414  mtREV+F+R8    71908.931    200 144217.862   144424.545   145093.886
417  mtART         82441.866    167 165217.732   165350.699   165949.212
418  mtART+I       82237.520    168 164811.040   164945.919   165546.901
419  mtART+G4      75119.457    168 150574.914   150709.793   151310.775
420  mtART+I+G4    75106.112    169 150550.223   150687.033   151290.464
421  mtART+R2      76586.049    169 153510.097   153646.907   154250.338
422  mtART+R3      75457.897    171 151257.793   151398.520   152006.794
423  mtART+R4      75086.720    173 150519.441   150664.162   151277.202
424  mtART+R5      74989.991    175 150329.982   150478.774   151096.503
425  mtART+R6      74879.481    177 150112.962   150265.904   150888.244
426  mtART+R7      74862.111    179 150082.223   150239.394   150866.265
427  mtART+R8      74842.604    181 150047.208   150208.688   150840.010
WARNING: Log-likelihood -74847.3 of mtART+R9 worse than mtART+R8 -74842.6
428  mtART+R9      74847.274    183 150060.547   150226.419   150862.110
430  mtART+F       79738.361    186 159848.722   160021.337   160663.425
431  mtART+F+I     79494.819    187 159363.638   159538.543   160182.721
432  mtART+F+G4    72770.142    187 145914.285   146089.190   146733.368
433  mtART+F+I+G4  72746.664    188 145869.328   146046.545   146692.791
434  mtART+F+R2    74136.261    188 148648.523   148825.740   149471.986
435  mtART+F+R3    73074.044    190 146528.087   146709.992   147360.311
436  mtART+F+R4    72741.188    192 145866.376   146053.057   146707.360
437  mtART+F+R5    72602.736    194 145593.471   145785.016   146443.215
438  mtART+F+R6    72523.467    196 145438.933   145635.432   146297.437
439  mtART+F+R7    72502.057    198 145400.114   145601.659   146267.379
440  mtART+F+R8    72487.713    200 145375.426   145582.110   146251.451
WARNING: Log-likelihood -72490 of mtART+F+R9 worse than mtART+F+R8 -72487.7
441  mtART+F+R9    72490.015    202 145384.030   145595.947   146268.815
443  mtZOA         79478.414    167 159290.829   159423.796   160022.309
444  mtZOA+I       79274.204    168 158884.408   159019.287   159620.269
445  mtZOA+G4      73158.349    168 146652.698   146787.577   147388.559
446  mtZOA+I+G4    73145.207    169 146628.414   146765.224   147368.655
447  mtZOA+R2      74461.426    169 149260.851   149397.661   150001.092
448  mtZOA+R3      73479.739    171 147301.478   147442.205   148050.479
449  mtZOA+R4      73135.578    173 146617.156   146761.877   147374.917
450  mtZOA+R5      73014.707    175 146379.414   146528.206   147145.935
451  mtZOA+R6      72952.240    177 146258.480   146411.422   147033.762
452  mtZOA+R7      72932.414    179 146222.828   146379.999   147006.870
453  mtZOA+R8      72918.642    181 146199.283   146360.764   146992.085
454  mtZOA+R9      72916.505    183 146199.010   146364.882   147000.572
456  mtZOA+F       77985.368    186 156342.736   156515.352   157157.439
457  mtZOA+F+I     77751.061    187 155876.121   156051.027   156695.204
458  mtZOA+F+G4    71931.561    187 144237.122   144412.028   145056.205
459  mtZOA+F+I+G4  71910.113    188 144196.226   144373.443   145019.689
460  mtZOA+F+R2    73189.426    188 146754.851   146932.068   147578.314
461  mtZOA+F+R3    72233.663    190 144847.325   145029.230   145679.548
462  mtZOA+F+R4    71912.142    192 144208.285   144394.965   145049.268
463  mtZOA+F+R5    71765.876    194 143919.751   144111.295   144769.495
464  mtZOA+F+R6    71706.064    196 143804.127   144000.626   144662.631
465  mtZOA+F+R7    71679.588    198 143755.176   143956.720   144622.440
466  mtZOA+F+R8    71668.475    200 143736.949   143943.633   144612.974
WARNING: Log-likelihood -71671.1 of mtZOA+F+R9 worse than mtZOA+F+R8 -71668.5
467  mtZOA+F+R9    71671.095    202 143746.190   143958.107   144630.975
469  mtMet         80503.154    167 161340.308   161473.274   162071.788
470  mtMet+I       80310.820    168 160957.640   161092.519   161693.501
471  mtMet+G4      74931.399    168 150198.799   150333.677   150934.659
472  mtMet+I+G4    74917.355    169 150172.709   150309.519   150912.950
473  mtMet+R2      76162.727    169 152663.453   152800.263   153403.694
474  mtMet+R3      75263.871    171 150869.741   151010.469   151618.742
475  mtMet+R4      74910.098    173 150166.195   150310.916   150923.957
476  mtMet+R5      74791.360    175 149932.720   150081.512   150699.241
477  mtMet+R6      74753.480    177 149860.960   150013.902   150636.242
478  mtMet+R7      74732.967    179 149823.935   149981.105   150607.976
479  mtMet+R8      74727.279    181 149816.557   149978.038   150609.360
482  mtMet+F       77694.957    186 155761.915   155934.530   156576.618
483  mtMet+F+I     77466.286    187 155306.573   155481.478   156125.655
484  mtMet+F+G4    72166.941    187 144707.882   144882.787   145526.965
485  mtMet+F+I+G4  72147.968    188 144671.936   144849.153   145495.399
486  mtMet+F+R2    73342.742    188 147061.484   147238.700   147884.947
487  mtMet+F+R3    72462.700    190 145305.400   145487.304   146137.623
488  mtMet+F+R4    72140.782    192 144665.563   144852.243   145506.547
489  mtMet+F+R5    72009.154    194 144406.309   144597.853   145256.053
490  mtMet+F+R6    71968.686    196 144329.372   144525.871   145187.876
491  mtMet+F+R7    71946.195    198 144288.389   144489.934   145155.654
492  mtMet+F+R8    71937.610    200 144275.219   144481.903   145151.244
493  mtMet+F+R9    71936.855    202 144277.709   144489.626   145162.494
495  mtVer         81460.591    167 163255.182   163388.149   163986.663
496  mtVer+I       81251.690    168 162839.381   162974.260   163575.241
497  mtVer+G4      75305.868    168 150947.735   151082.614   151683.596
498  mtVer+I+G4    75292.341    169 150922.681   151059.491   151662.922
499  mtVer+R2      76606.592    169 153551.183   153687.993   154291.424
500  mtVer+R3      75673.440    171 151688.881   151829.608   152437.882
501  mtVer+R4      75278.170    173 150902.340   151047.061   151660.101
502  mtVer+R5      75145.615    175 150641.230   150790.022   151407.752
503  mtVer+R6      75092.831    177 150539.662   150692.604   151314.944
504  mtVer+R7      75070.844    179 150499.687   150656.858   151283.729
505  mtVer+R8      75061.506    181 150485.011   150646.491   151277.813
506  mtVer+R9      75061.264    183 150488.528   150654.400   151290.090
508  mtVer+F       78577.293    186 157526.586   157699.201   158341.289
509  mtVer+F+I     78324.313    187 157022.625   157197.531   157841.708
510  mtVer+F+G4    72840.248    187 146054.497   146229.402   146873.580
511  mtVer+F+I+G4  72818.288    188 146012.576   146189.793   146836.039
512  mtVer+F+R2    74066.283    188 148508.566   148685.783   149332.029
513  mtVer+F+R3    73175.889    190 146731.778   146913.683   147564.001
514  mtVer+F+R4    72815.473    192 146014.946   146201.626   146855.929
515  mtVer+F+R5    72677.696    194 145743.391   145934.936   146593.135
516  mtVer+F+R6    72629.561    196 145651.122   145847.621   146509.626
517  mtVer+F+R7    72607.794    198 145611.589   145813.133   146478.853
518  mtVer+F+R8    72595.947    200 145591.894   145798.577   146467.918
519  mtVer+F+R9    72591.607    202 145587.215   145799.132   146471.999
521  mtInv         80286.670    167 160907.341   161040.308   161638.821
522  mtInv+I       80092.418    168 160520.836   160655.715   161256.696
523  mtInv+G4      75306.867    168 150949.734   151084.613   151685.595
524  mtInv+I+G4    75291.045    169 150920.091   151056.900   151660.331
525  mtInv+R2      76453.740    169 153245.481   153382.290   153985.721
526  mtInv+R3      75627.239    171 151596.479   151737.206   152345.480
527  mtInv+R4      75285.726    173 150917.451   151062.172   151675.213
528  mtInv+R5      75192.899    175 150735.798   150884.590   151502.319
529  mtInv+R6      75161.356    177 150676.712   150829.654   151451.994
530  mtInv+R7      75143.355    179 150644.710   150801.881   151428.752
531  mtInv+R8      75143.194    181 150648.388   150809.868   151441.190
534  mtInv+F       76659.377    186 153690.754   153863.369   154505.457
535  mtInv+F+I     76434.407    187 153242.815   153417.720   154061.897
536  mtInv+F+G4    71694.855    187 143763.711   143938.616   144582.794
537  mtInv+F+I+G4  71680.184    188 143736.369   143913.586   144559.832
538  mtInv+F+R2    72798.434    188 145972.867   146150.084   146796.330
539  mtInv+F+R3    71972.190    190 144324.379   144506.284   145156.603
540  mtInv+F+R4    71671.530    192 143727.060   143913.740   144568.043
541  mtInv+F+R5    71557.379    194 143502.757   143694.301   144352.501
542  mtInv+F+R6    71522.094    196 143436.189   143632.687   144294.693
543  mtInv+F+R7    71504.422    198 143404.845   143606.390   144272.109
544  mtInv+F+R8    71498.899    200 143397.798   143604.482   144273.822
547  mtMAM         83449.986    167 167233.973   167366.940   167965.453
548  mtMAM+I       83264.782    168 166865.565   167000.443   167601.425
549  mtMAM+G4      75999.386    168 152334.772   152469.651   153070.633
550  mtMAM+I+G4    75983.648    169 152305.295   152442.105   153045.536
551  mtMAM+R2      77522.890    169 155383.780   155520.589   156124.021
552  mtMAM+R3      76393.494    171 153128.988   153269.715   153877.989
553  mtMAM+R4      75964.447    173 152274.893   152419.615   153032.655
554  mtMAM+R5      75822.080    175 151994.161   152142.953   152760.682
555  mtMAM+R6      75706.639    177 151767.278   151920.219   152542.559
556  mtMAM+R7      75669.933    179 151697.866   151855.036   152481.907
557  mtMAM+R8      75660.225    181 151682.449   151843.930   152475.252
WARNING: Log-likelihood -75664.9 of mtMAM+R9 worse than mtMAM+R8 -75660.2
558  mtMAM+R9      75664.872    183 151695.743   151861.615   152497.306
560  mtMAM+F       80247.970    186 160867.940   161040.555   161682.643
561  mtMAM+F+I     80014.049    187 160402.098   160577.004   161221.181
562  mtMAM+F+G4    73434.815    187 147243.630   147418.536   148062.713
563  mtMAM+F+I+G4  73410.978    188 147197.956   147375.173   148021.419
564  mtMAM+F+R2    74850.573    188 150077.146   150254.363   150900.609
565  mtMAM+F+R3    73786.938    190 147953.876   148135.781   148786.099
566  mtMAM+F+R4    73409.821    192 147203.643   147390.323   148044.626
567  mtMAM+F+R5    73249.171    194 146886.343   147077.887   147736.086
568  mtMAM+F+R6    73165.917    196 146723.834   146920.332   147582.338
569  mtMAM+F+R7    73141.924    198 146679.849   146881.394   147547.113
570  mtMAM+F+R8    73124.869    200 146649.738   146856.422   147525.762
571  mtMAM+F+R9    73125.335    202 146654.671   146866.588   147539.455
WARNING: Normalizing state frequencies so that sum of them equals to 1
573  FLAVI         79645.305    167 159624.610   159757.577   160356.091
WARNING: Normalizing state frequencies so that sum of them equals to 1
574  FLAVI+I       79396.110    168 159128.219   159263.098   159864.080
WARNING: Normalizing state frequencies so that sum of them equals to 1
575  FLAVI+G4      74525.447    168 149386.894   149521.772   150122.754
WARNING: Normalizing state frequencies so that sum of them equals to 1
576  FLAVI+I+G4    74502.348    169 149342.695   149479.505   150082.936
WARNING: Normalizing state frequencies so that sum of them equals to 1
577  FLAVI+R2      75671.423    169 151680.846   151817.655   152421.087
WARNING: Normalizing state frequencies so that sum of them equals to 1
578  FLAVI+R3      74805.063    171 149952.126   150092.853   150701.127
WARNING: Normalizing state frequencies so that sum of them equals to 1
579  FLAVI+R4      74502.030    173 149350.061   149494.782   150107.822
WARNING: Normalizing state frequencies so that sum of them equals to 1
580  FLAVI+R5      74386.473    175 149122.946   149271.738   149889.468
WARNING: Normalizing state frequencies so that sum of them equals to 1
581  FLAVI+R6      74338.769    177 149031.538   149184.480   149806.820
WARNING: Normalizing state frequencies so that sum of them equals to 1
582  FLAVI+R7      74321.695    179 149001.389   149158.560   149785.431
WARNING: Normalizing state frequencies so that sum of them equals to 1
583  FLAVI+R8      74308.687    181 148979.373   149140.853   149772.175
WARNING: Normalizing state frequencies so that sum of them equals to 1
584  FLAVI+R9      74304.585    183 148975.170   149141.042   149776.732
WARNING: Normalizing state frequencies so that sum of them equals to 1
586  FLAVI+F       79807.358    186 159986.715   160159.331   160801.418
WARNING: Normalizing state frequencies so that sum of them equals to 1
587  FLAVI+F+I     79584.736    187 159543.472   159718.377   160362.555
WARNING: Normalizing state frequencies so that sum of them equals to 1
588  FLAVI+F+G4    74269.902    187 148913.804   149088.709   149732.887
WARNING: Normalizing state frequencies so that sum of them equals to 1
589  FLAVI+F+I+G4  74248.905    188 148873.810   149051.027   149697.273
WARNING: Normalizing state frequencies so that sum of them equals to 1
590  FLAVI+F+R2    75504.063    188 151384.126   151561.343   152207.589
WARNING: Normalizing state frequencies so that sum of them equals to 1
591  FLAVI+F+R3    74568.650    190 149517.299   149699.204   150349.523
WARNING: Normalizing state frequencies so that sum of them equals to 1
592  FLAVI+F+R4    74256.588    192 148897.175   149083.855   149738.159
WARNING: Normalizing state frequencies so that sum of them equals to 1
593  FLAVI+F+R5    74134.106    194 148656.213   148847.757   149505.957
WARNING: Normalizing state frequencies so that sum of them equals to 1
594  FLAVI+F+R6    74076.115    196 148544.229   148740.728   149402.733
WARNING: Normalizing state frequencies so that sum of them equals to 1
595  FLAVI+F+R7    74060.815    198 148517.630   148719.175   149384.895
WARNING: Normalizing state frequencies so that sum of them equals to 1
596  FLAVI+F+R8    74048.720    200 148497.440   148704.124   149373.465
WARNING: Normalizing state frequencies so that sum of them equals to 1
597  FLAVI+F+R9    74044.924    202 148493.847   148705.764   149378.632
599  HIVb          78092.595    167 156519.189   156652.156   157250.670
600  HIVb+I        77815.230    168 155966.461   156101.340   156702.321
601  HIVb+G4       73863.752    168 148063.504   148198.383   148799.365
602  HIVb+I+G4     73834.316    169 148006.632   148143.442   148746.873
603  HIVb+R2       74826.892    169 149991.784   150128.593   150732.025
604  HIVb+R3       74094.982    171 148531.965   148672.692   149280.966
605  HIVb+R4       73803.782    173 147953.565   148098.286   148711.326
606  HIVb+R5       73730.849    175 147811.699   147960.491   148578.220
607  HIVb+R6       73699.478    177 147752.956   147905.897   148528.237
608  HIVb+R7       73673.078    179 147704.155   147861.326   148488.197
609  HIVb+R8       73665.862    181 147693.723   147855.204   148486.526
610  HIVb+R9       73662.020    183 147690.040   147855.912   148491.602
612  HIVb+F        77832.704    186 156037.408   156210.024   156852.111
613  HIVb+F+I      77589.448    187 155552.896   155727.802   156371.979
614  HIVb+F+G4     73174.196    187 146722.393   146897.298   147541.476
615  HIVb+F+I+G4   73150.687    188 146677.374   146854.591   147500.837
616  HIVb+F+R2     74231.201    188 148838.402   149015.619   149661.865
617  HIVb+F+R3     73382.020    190 147144.040   147325.945   147976.264
618  HIVb+F+R4     73140.689    192 146665.377   146852.057   147506.361
619  HIVb+F+R5     73038.387    194 146464.773   146656.317   147314.517
620  HIVb+F+R6     73006.392    196 146404.783   146601.282   147263.287
621  HIVb+F+R7     72987.667    198 146371.334   146572.879   147238.599
622  HIVb+F+R8     72976.202    200 146352.404   146559.088   147228.428
623  HIVb+F+R9     72971.649    202 146347.299   146559.216   147232.084
625  HIVw          81181.277    167 162696.555   162829.522   163428.035
626  HIVw+I        80842.388    168 162020.777   162155.656   162756.637
627  HIVw+G4       77009.165    168 154354.330   154489.208   155090.190
628  HIVw+I+G4     76970.695    169 154279.391   154416.200   155019.631
629  HIVw+R2       77961.053    169 156260.107   156396.916   157000.348
630  HIVw+R3       77259.470    171 154860.940   155001.668   155609.941
631  HIVw+R4       76945.955    173 154237.909   154382.630   154995.671
632  HIVw+R5       76862.959    175 154075.918   154224.711   154842.440
633  HIVw+R6       76824.832    177 154003.664   154156.606   154778.946
634  HIVw+R7       76800.642    179 153959.285   154116.455   154743.327
635  HIVw+R8       76783.584    181 153929.169   154090.649   154721.971
636  HIVw+R9       76781.965    183 153929.929   154095.801   154731.491
638  HIVw+F        79507.032    186 159386.064   159558.680   160200.767
639  HIVw+F+I      79211.148    187 158796.297   158971.202   159615.380
640  HIVw+F+G4     74951.956    187 150277.912   150452.818   151096.995
641  HIVw+F+I+G4   74920.803    188 150217.605   150394.822   151041.068
642  HIVw+F+R2     75979.372    188 152334.744   152511.961   153158.207
643  HIVw+F+R3     75187.937    190 150755.873   150937.778   151588.096
644  HIVw+F+R4     74911.160    192 150206.320   150393.000   151047.304
645  HIVw+F+R5     74813.874    194 150015.748   150207.292   150865.491
646  HIVw+F+R6     74776.020    196 149944.040   150140.539   150802.544
647  HIVw+F+R7     74762.799    198 149921.599   150123.143   150788.863
648  HIVw+F+R8     74751.359    200 149902.718   150109.402   150778.743
WARNING: Log-likelihood -74755.5 of HIVw+F+R9 worse than HIVw+F+R8 -74751.4
649  HIVw+F+R9     74755.538    202 149915.076   150126.994   150799.861
651  FLU           77726.803    167 155787.606   155920.572   156519.086
652  FLU+I         77426.874    168 155189.748   155324.627   155925.608
653  FLU+G4        73643.533    168 147623.066   147757.945   148358.927
654  FLU+I+G4      73609.914    169 147557.827   147694.637   148298.068
655  FLU+R2        74521.181    169 149380.363   149517.172   150120.604
656  FLU+R3        73848.563    171 148039.126   148179.853   148788.127
657  FLU+R4        73598.239    173 147542.478   147687.199   148300.239
658  FLU+R5        73529.620    175 147409.240   147558.033   148175.762
659  FLU+R6        73498.228    177 147350.456   147503.398   148125.738
660  FLU+R7        73473.859    179 147305.719   147462.890   148089.761
661  FLU+R8        73468.103    181 147298.206   147459.687   148091.008
664  FLU+F         76888.666    186 154149.331   154321.946   154964.034
665  FLU+F+I       76615.082    187 153604.164   153779.069   154423.247
666  FLU+F+G4      72428.083    187 145230.165   145405.071   146049.248
667  FLU+F+I+G4    72388.181    188 145152.362   145329.579   145975.825
668  FLU+F+R2      73386.796    188 147149.593   147326.810   147973.056
669  FLU+F+R3      72582.190    190 145544.380   145726.284   146376.603
670  FLU+F+R4      72404.962    192 145193.925   145380.605   146034.908
671  FLU+F+R5      72300.465    194 144988.930   145180.474   145838.673
672  FLU+F+R6      72269.872    196 144931.745   145128.244   145790.249
673  FLU+F+R7      72250.018    198 144896.035   145097.580   145763.299
674  FLU+F+R8      72238.418    200 144876.837   145083.520   145752.861
675  FLU+F+R9      72237.634    202 144879.268   145091.185   145764.052
677  rtREV         76237.969    167 152809.938   152942.905   153541.419
678  rtREV+I       76006.228    168 152348.456   152483.335   153084.317
679  rtREV+G4      72620.471    168 145576.942   145711.821   146312.803
680  rtREV+I+G4    72595.942    169 145529.885   145666.694   146270.126
681  rtREV+R2      73425.455    169 147188.911   147325.720   147929.151
682  rtREV+R3      72787.913    171 145917.826   146058.553   146666.826
683  rtREV+R4      72575.601    173 145497.203   145641.924   146254.964
684  rtREV+R5      72502.523    175 145355.047   145503.839   146121.568
685  rtREV+R6      72467.986    177 145289.971   145442.913   146065.253
686  rtREV+R7      72455.680    179 145269.360   145426.531   146053.402
687  rtREV+R8      72451.024    181 145264.047   145425.528   146056.850
690  rtREV+F       75346.519    186 151065.038   151237.654   151879.741
691  rtREV+F+I     75132.226    187 150638.451   150813.357   151457.534
692  rtREV+F+G4    71337.891    187 143049.782   143224.688   143868.865
693  rtREV+F+I+G4  71320.030    188 143016.060   143193.277   143839.523
694  rtREV+F+R2    72202.726    188 144781.452   144958.668   145604.915
695  rtREV+F+R3    71505.176    190 143390.352   143572.257   144222.576
696  rtREV+F+R4    71306.163    192 142996.325   143183.005   143837.309
697  rtREV+F+R5    71224.717    194 142837.435   143028.979   143687.179
698  rtREV+F+R6    71198.162    196 142788.325   142984.824   143646.829
699  rtREV+F+R7    71183.236    198 142762.472   142964.016   143629.736
700  rtREV+F+R8    71175.628    200 142751.255   142957.939   143627.280
701  rtREV+F+R9    71174.399    202 142752.799   142964.716   143637.583
703  cpREV         75434.862    167 151203.724   151336.691   151935.204
704  cpREV+I       75226.521    168 150789.043   150923.921   151524.903
705  cpREV+G4      72110.538    168 144557.077   144691.956   145292.937
706  cpREV+I+G4    72087.696    169 144513.392   144650.201   145253.633
707  cpREV+R2      72855.700    169 146049.401   146186.211   146789.642
708  cpREV+R3      72240.330    171 144822.660   144963.387   145571.661
709  cpREV+R4      72057.306    173 144460.612   144605.334   145218.374
710  cpREV+R5      71982.088    175 144314.176   144462.968   145080.698
711  cpREV+R6      71956.949    177 144267.898   144420.840   145043.180
712  cpREV+R7      71944.550    179 144247.100   144404.271   145031.142
713  cpREV+R8      71935.714    181 144233.429   144394.909   145026.231
714  cpREV+R9      71935.735    183 144237.470   144403.342   145039.032
716  cpREV+F       75058.542    186 150489.085   150661.700   151303.787
717  cpREV+F+I     74876.757    187 150127.514   150302.419   150946.597
718  cpREV+F+G4    71538.307    187 143450.615   143625.520   144269.697
719  cpREV+F+I+G4  71523.816    188 143423.633   143600.850   144247.096
720  cpREV+F+R2    72306.479    188 144988.957   145166.174   145812.420
721  cpREV+F+R3    71678.772    190 143737.545   143919.450   144569.768
722  cpREV+F+R4    71497.600    192 143379.200   143565.880   144220.184
723  cpREV+F+R5    71422.616    194 143233.232   143424.777   144082.976
724  cpREV+F+R6    71401.527    196 143195.054   143391.553   144053.558
725  cpREV+F+R7    71385.728    198 143167.457   143369.001   144034.721
726  cpREV+F+R8    71377.763    200 143155.527   143362.211   144031.551
727  cpREV+F+R9    71377.252    202 143158.504   143370.421   144043.289
Model C10 is alias for POISSON+G+FMIX{C10pi1:1:0.1191344178,C10pi2:1:0.0874372456,C10pi3:1:0.1037105070,C10pi4:1:0.0922584809,C10pi5:1:0.1070492801,C10pi6:1:0.1329945166,C10pi7:1:0.0538028458,C10pi8:1:0.0691986212,C10pi9:1:0.1319937434,C10pi10:1:0.1024203429}
729  C10           72499.598    168 145335.196   145470.074   146071.056
Model C20 is alias for POISSON+G+FMIX{C20pi1:1:0.0559910600,C20pi2:1:0.0514824870,C20pi3:1:0.0812922124,C20pi4:1:0.0721976867,C20pi5:1:0.0556718858,C20pi6:1:0.0331003080,C20pi7:1:0.0589501763,C20pi8:1:0.0263756889,C20pi9:1:0.0307584220,C20pi10:1:0.0376701125,C20pi11:1:0.0303058290,C20pi12:1:0.0808775576,C20pi13:1:0.0263349134,C20pi14:1:0.0579101455,C20pi15:1:0.0371248064,C20pi16:1:0.0586867766,C20pi17:1:0.0561479138,C20pi18:1:0.0349810886,C20pi19:1:0.0544937394,C20pi20:1:0.0596471901}
730  C20           71912.468    168 144160.936   144295.815   144896.797
Model C30 is alias for POISSON+G+FMIX{C30pi1:1:0.0095783264,C30pi2:1:0.0248476365,C30pi3:1:0.0636309366,C30pi4:1:0.0537939225,C30pi5:1:0.0295885587,C30pi6:1:0.0117587936,C30pi7:1:0.0132013428,C30pi8:1:0.0236868805,C30pi9:1:0.0261687659,C30pi10:1:0.0239821974,C30pi11:1:0.0257100906,C30pi12:1:0.0465072425,C30pi13:1:0.0546794546,C30pi14:1:0.0536085131,C30pi15:1:0.0270622670,C30pi16:1:0.0403913593,C30pi17:1:0.0474212700,C30pi18:1:0.0458816478,C30pi19:1:0.0214036510,C30pi20:1:0.0290385981,C30pi21:1:0.0123391793,C30pi22:1:0.0569350229,C30pi23:1:0.0419687568,C30pi24:1:0.0339027062,C30pi25:1:0.0388777376,C30pi26:1:0.0196343766,C30pi27:1:0.0233086174,C30pi28:1:0.0622722654,C30pi29:1:0.0184803385,C30pi30:1:0.0203395454}
731  C30           71429.893    168 143195.785   143330.664   143931.646
Model C40 is alias for POISSON+G+FMIX{C40pi1:1:0.0223853788,C40pi2:1:0.0338891820,C40pi3:1:0.0577169375,C40pi4:1:0.0252416233,C40pi5:1:0.0108607921,C40pi6:1:0.0462373793,C40pi7:1:0.0102293175,C40pi8:1:0.0147523625,C40pi9:1:0.0143161352,C40pi10:1:0.0182302541,C40pi11:1:0.0204025079,C40pi12:1:0.0425505156,C40pi13:1:0.0248627269,C40pi14:1:0.0105892988,C40pi15:1:0.0188238725,C40pi16:1:0.0086663445,C40pi17:1:0.0148496147,C40pi18:1:0.0343037402,C40pi19:1:0.0225335203,C40pi20:1:0.0174068578,C40pi21:1:0.0112207827,C40pi22:1:0.0443532245,C40pi23:1:0.0392573370,C40pi24:1:0.0196756555,C40pi25:1:0.0287690328,C40pi26:1:0.0114441177,C40pi27:1:0.0112338740,C40pi28:1:0.0582694099,C40pi29:1:0.0444272279,C40pi30:1:0.0112010942,C40pi31:1:0.0145176111,C40pi32:1:0.0114629026,C40pi33:1:0.0239628061,C40pi34:1:0.0266266492,C40pi35:1:0.0481201159,C40pi36:1:0.0371147423,C40pi37:1:0.0160476688,C40pi38:1:0.0237249267,C40pi39:1:0.0235226203,C40pi40:1:0.0261998398}
732  C40           71363.922    168 143063.844   143198.723   143799.705
Model C50 is alias for POISSON+G+FMIX{C50pi1:1:0.0164297003,C50pi2:1:0.0273175755,C50pi3:1:0.0460247610,C50pi4:1:0.0084864734,C50pi5:1:0.0125389252,C50pi6:1:0.0343549036,C50pi7:1:0.0130241102,C50pi8:1:0.0094755681,C50pi9:1:0.0190040551,C50pi10:1:0.0151902354,C50pi11:1:0.0320534760,C50pi12:1:0.0210059850,C50pi13:1:0.0237408547,C50pi14:1:0.0239841203,C50pi15:1:0.0213748021,C50pi16:1:0.0210717705,C50pi17:1:0.0050241805,C50pi18:1:0.0166262276,C50pi19:1:0.0143945956,C50pi20:1:0.0104391130,C50pi21:1:0.0107628277,C50pi22:1:0.0148818171,C50pi23:1:0.0321480239,C50pi24:1:0.0145477978,C50pi25:1:0.0332355807,C50pi26:1:0.0143190281,C50pi27:1:0.0234478734,C50pi28:1:0.0183044983,C50pi29:1:0.0403269452,C50pi30:1:0.0135629530,C50pi31:1:0.0091880799,C50pi32:1:0.0158270022,C50pi33:1:0.0121019379,C50pi34:1:0.0353560982,C50pi35:1:0.0404495617,C50pi36:1:0.0104569232,C50pi37:1:0.0146187792,C50pi38:1:0.0093984095,C50pi39:1:0.0146773809,C50pi40:1:0.0201635562,C50pi41:1:0.0255640273,C50pi42:1:0.0039486842,C50pi43:1:0.0393652608,C50pi44:1:0.0056415419,C50pi45:1:0.0382833580,C50pi46:1:0.0039735086,C50pi47:1:0.0140269355,C50pi48:1:0.0476703673,C50pi49:1:0.0204062788,C50pi50:1:0.0117835304}
733  C50           71186.190    168 142708.380   142843.259   143444.241
Model C60 is alias for POISSON+G+FMIX{C60pi1:1:0.0169698865,C60pi2:1:0.0211683374,C60pi3:1:0.0276589079,C60pi4:1:0.0065675964,C60pi5:1:0.0141221416,C60pi6:1:0.0068774834,C60pi7:1:0.0146909701,C60pi8:1:0.0067225777,C60pi9:1:0.0018396660,C60pi10:1:0.0102547197,C60pi11:1:0.0230896163,C60pi12:1:0.0057941033,C60pi13:1:0.0125394534,C60pi14:1:0.0204526478,C60pi15:1:0.0070629602,C60pi16:1:0.0117982741,C60pi17:1:0.0068334668,C60pi18:1:0.0433775839,C60pi19:1:0.0318278731,C60pi20:1:0.0222546108,C60pi21:1:0.0102264969,C60pi22:1:0.0150545891,C60pi23:1:0.0134159878,C60pi24:1:0.0148552065,C60pi25:1:0.0239111516,C60pi26:1:0.0128776278,C60pi27:1:0.0222318842,C60pi28:1:0.0247444742,C60pi29:1:0.0214274810,C60pi30:1:0.0115001882,C60pi31:1:0.0076017389,C60pi32:1:0.0130258568,C60pi33:1:0.0093701965,C60pi34:1:0.0467194264,C60pi35:1:0.0441940314,C60pi36:1:0.0322263154,C60pi37:1:0.0402999891,C60pi38:1:0.0150234227,C60pi39:1:0.0104589903,C60pi40:1:0.0214742395,C60pi41:1:0.0154957836,C60pi42:1:0.0101789953,C60pi43:1:0.0227980379,C60pi44:1:0.0123204539,C60pi45:1:0.0066777583,C60pi46:1:0.0004150083,C60pi47:1:0.0344385130,C60pi48:1:0.0113663379,C60pi49:1:0.0127143049,C60pi50:1:0.0124323741,C60pi51:1:0.0262124415,C60pi52:1:0.0064994957,C60pi53:1:0.0103203293,C60pi54:1:0.0142463512,C60pi55:1:0.0215600067,C60pi56:1:0.0199150700,C60pi57:1:0.0038964200,C60pi58:1:0.0113448855,C60pi59:1:0.0128595846,C60pi60:1:0.0117656776}
WARNING: Your input class weight 0.000415008 is very small and may cause numerical issues
734  C60           71320.559    168 142977.119   143111.998   143712.979
Model EX2 is alias for MIX{BurEX2:0.672020808818762,ExpEX2:1.6413466609931}
WARNING: Normalizing state frequencies so that sum of them equals to 1
735  EX2           73008.669    168 146353.338   146488.217   147089.199
Model EX3 is alias for MIX{BurEX3:0.427672756793791,IntEX3:0.837595938019774,HExEX3:1.51863631431518}
WARNING: Normalizing state frequencies so that sum of them equals to 1
WARNING: Normalizing state frequencies so that sum of them equals to 1
736  EX3           72588.656    169 145515.311   145652.121   146255.552
Model EHO is alias for MIX{ExtEHO:0.720274356,HelEHO:0.976798797,OthEHO:0.783109376}
WARNING: Normalizing state frequencies so that sum of them equals to 1
WARNING: Normalizing state frequencies so that sum of them equals to 1
WARNING: Normalizing state frequencies so that sum of them equals to 1
737  EHO           74526.617    169 149391.235   149528.044   150131.476
Model UL2 is alias for MIX{M1_UL2:0.581348617,M2_UL2:1.465482789}
WARNING: Normalizing state frequencies so that sum of them equals to 1
738  UL2           73313.523    168 146963.046   147097.925   147698.907
Model UL3 is alias for MIX{Q1_UL3:0.484340397,Q2_UL3:0.492780514,Q3_UL3:1.15597274}
WARNING: Normalizing state frequencies so that sum of them equals to 1
WARNING: Normalizing state frequencies so that sum of them equals to 1
739  UL3           74451.527    169 149241.054   149377.863   149981.294
Model EX_EHO is alias for MIX{BUR_EXT:0.761816796788931,BUR_HEL:0.744425646802117,BUR_OTH:0.532457759429489,EXP_EXT:1.5639387472863,EXP_HEL:2.06403411829438,EXP_OTH:1.43336795177594}
WARNING: Normalizing state frequencies so that sum of them equals to 1
WARNING: Normalizing state frequencies so that sum of them equals to 1
WARNING: Normalizing state frequencies so that sum of them equals to 1
740  EX_EHO        72261.357    172 144866.714   145009.428   145620.095
Model LG4M is alias for MIX{LG4M1,LG4M2,LG4M3,LG4M4}*G4
741  LG4M          71494.990    168 143325.981   143460.860   144061.841
Model LG4X is alias for MIX{LG4X1,LG4X2,LG4X3,LG4X4}*R4
742  LG4X          71609.036    173 143564.072   143708.793   144321.833
Model CF4 is alias for POISSON+FMIX{Fclass1,Fclass2,Fclass3,Fclass4}+F+G
WARNING: Normalizing State frequencies so that sum of them equals to 1
WARNING: Normalizing State frequencies so that sum of them equals to 1
WARNING: Normalizing State frequencies so that sum of them equals to 1
WARNING: Normalizing State frequencies so that sum of them equals to 1
743  CF4           74327.474    191 149036.949   149221.230   149873.552
Model LG+C10 is alias for LG+POISSON+G+FMIX{C10pi1:1:0.1191344178,C10pi2:1:0.0874372456,C10pi3:1:0.1037105070,C10pi4:1:0.0922584809,C10pi5:1:0.1070492801,C10pi6:1:0.1329945166,C10pi7:1:0.0538028458,C10pi8:1:0.0691986212,C10pi9:1:0.1319937434,C10pi10:1:0.1024203429}
744  LG+C10        72006.053    168 144348.106   144482.984   145083.966
Model LG+C20 is alias for LG+POISSON+G+FMIX{C20pi1:1:0.0559910600,C20pi2:1:0.0514824870,C20pi3:1:0.0812922124,C20pi4:1:0.0721976867,C20pi5:1:0.0556718858,C20pi6:1:0.0331003080,C20pi7:1:0.0589501763,C20pi8:1:0.0263756889,C20pi9:1:0.0307584220,C20pi10:1:0.0376701125,C20pi11:1:0.0303058290,C20pi12:1:0.0808775576,C20pi13:1:0.0263349134,C20pi14:1:0.0579101455,C20pi15:1:0.0371248064,C20pi16:1:0.0586867766,C20pi17:1:0.0561479138,C20pi18:1:0.0349810886,C20pi19:1:0.0544937394,C20pi20:1:0.0596471901}
745  LG+C20        71450.942    168 143237.884   143372.763   143973.745
Model LG+C30 is alias for LG+POISSON+G+FMIX{C30pi1:1:0.0095783264,C30pi2:1:0.0248476365,C30pi3:1:0.0636309366,C30pi4:1:0.0537939225,C30pi5:1:0.0295885587,C30pi6:1:0.0117587936,C30pi7:1:0.0132013428,C30pi8:1:0.0236868805,C30pi9:1:0.0261687659,C30pi10:1:0.0239821974,C30pi11:1:0.0257100906,C30pi12:1:0.0465072425,C30pi13:1:0.0546794546,C30pi14:1:0.0536085131,C30pi15:1:0.0270622670,C30pi16:1:0.0403913593,C30pi17:1:0.0474212700,C30pi18:1:0.0458816478,C30pi19:1:0.0214036510,C30pi20:1:0.0290385981,C30pi21:1:0.0123391793,C30pi22:1:0.0569350229,C30pi23:1:0.0419687568,C30pi24:1:0.0339027062,C30pi25:1:0.0388777376,C30pi26:1:0.0196343766,C30pi27:1:0.0233086174,C30pi28:1:0.0622722654,C30pi29:1:0.0184803385,C30pi30:1:0.0203395454}
746  LG+C30        70894.740    168 142125.479   142260.358   142861.340
Model LG+C40 is alias for LG+POISSON+G+FMIX{C40pi1:1:0.0223853788,C40pi2:1:0.0338891820,C40pi3:1:0.0577169375,C40pi4:1:0.0252416233,C40pi5:1:0.0108607921,C40pi6:1:0.0462373793,C40pi7:1:0.0102293175,C40pi8:1:0.0147523625,C40pi9:1:0.0143161352,C40pi10:1:0.0182302541,C40pi11:1:0.0204025079,C40pi12:1:0.0425505156,C40pi13:1:0.0248627269,C40pi14:1:0.0105892988,C40pi15:1:0.0188238725,C40pi16:1:0.0086663445,C40pi17:1:0.0148496147,C40pi18:1:0.0343037402,C40pi19:1:0.0225335203,C40pi20:1:0.0174068578,C40pi21:1:0.0112207827,C40pi22:1:0.0443532245,C40pi23:1:0.0392573370,C40pi24:1:0.0196756555,C40pi25:1:0.0287690328,C40pi26:1:0.0114441177,C40pi27:1:0.0112338740,C40pi28:1:0.0582694099,C40pi29:1:0.0444272279,C40pi30:1:0.0112010942,C40pi31:1:0.0145176111,C40pi32:1:0.0114629026,C40pi33:1:0.0239628061,C40pi34:1:0.0266266492,C40pi35:1:0.0481201159,C40pi36:1:0.0371147423,C40pi37:1:0.0160476688,C40pi38:1:0.0237249267,C40pi39:1:0.0235226203,C40pi40:1:0.0261998398}
747  LG+C40        70824.302    168 141984.604   142119.483   142720.465
Model LG+C50 is alias for LG+POISSON+G+FMIX{C50pi1:1:0.0164297003,C50pi2:1:0.0273175755,C50pi3:1:0.0460247610,C50pi4:1:0.0084864734,C50pi5:1:0.0125389252,C50pi6:1:0.0343549036,C50pi7:1:0.0130241102,C50pi8:1:0.0094755681,C50pi9:1:0.0190040551,C50pi10:1:0.0151902354,C50pi11:1:0.0320534760,C50pi12:1:0.0210059850,C50pi13:1:0.0237408547,C50pi14:1:0.0239841203,C50pi15:1:0.0213748021,C50pi16:1:0.0210717705,C50pi17:1:0.0050241805,C50pi18:1:0.0166262276,C50pi19:1:0.0143945956,C50pi20:1:0.0104391130,C50pi21:1:0.0107628277,C50pi22:1:0.0148818171,C50pi23:1:0.0321480239,C50pi24:1:0.0145477978,C50pi25:1:0.0332355807,C50pi26:1:0.0143190281,C50pi27:1:0.0234478734,C50pi28:1:0.0183044983,C50pi29:1:0.0403269452,C50pi30:1:0.0135629530,C50pi31:1:0.0091880799,C50pi32:1:0.0158270022,C50pi33:1:0.0121019379,C50pi34:1:0.0353560982,C50pi35:1:0.0404495617,C50pi36:1:0.0104569232,C50pi37:1:0.0146187792,C50pi38:1:0.0093984095,C50pi39:1:0.0146773809,C50pi40:1:0.0201635562,C50pi41:1:0.0255640273,C50pi42:1:0.0039486842,C50pi43:1:0.0393652608,C50pi44:1:0.0056415419,C50pi45:1:0.0382833580,C50pi46:1:0.0039735086,C50pi47:1:0.0140269355,C50pi48:1:0.0476703673,C50pi49:1:0.0204062788,C50pi50:1:0.0117835304}
748  LG+C50        70713.841    168 141763.682   141898.561   142499.543
Model LG+C60 is alias for LG+POISSON+G+FMIX{C60pi1:1:0.0169698865,C60pi2:1:0.0211683374,C60pi3:1:0.0276589079,C60pi4:1:0.0065675964,C60pi5:1:0.0141221416,C60pi6:1:0.0068774834,C60pi7:1:0.0146909701,C60pi8:1:0.0067225777,C60pi9:1:0.0018396660,C60pi10:1:0.0102547197,C60pi11:1:0.0230896163,C60pi12:1:0.0057941033,C60pi13:1:0.0125394534,C60pi14:1:0.0204526478,C60pi15:1:0.0070629602,C60pi16:1:0.0117982741,C60pi17:1:0.0068334668,C60pi18:1:0.0433775839,C60pi19:1:0.0318278731,C60pi20:1:0.0222546108,C60pi21:1:0.0102264969,C60pi22:1:0.0150545891,C60pi23:1:0.0134159878,C60pi24:1:0.0148552065,C60pi25:1:0.0239111516,C60pi26:1:0.0128776278,C60pi27:1:0.0222318842,C60pi28:1:0.0247444742,C60pi29:1:0.0214274810,C60pi30:1:0.0115001882,C60pi31:1:0.0076017389,C60pi32:1:0.0130258568,C60pi33:1:0.0093701965,C60pi34:1:0.0467194264,C60pi35:1:0.0441940314,C60pi36:1:0.0322263154,C60pi37:1:0.0402999891,C60pi38:1:0.0150234227,C60pi39:1:0.0104589903,C60pi40:1:0.0214742395,C60pi41:1:0.0154957836,C60pi42:1:0.0101789953,C60pi43:1:0.0227980379,C60pi44:1:0.0123204539,C60pi45:1:0.0066777583,C60pi46:1:0.0004150083,C60pi47:1:0.0344385130,C60pi48:1:0.0113663379,C60pi49:1:0.0127143049,C60pi50:1:0.0124323741,C60pi51:1:0.0262124415,C60pi52:1:0.0064994957,C60pi53:1:0.0103203293,C60pi54:1:0.0142463512,C60pi55:1:0.0215600067,C60pi56:1:0.0199150700,C60pi57:1:0.0038964200,C60pi58:1:0.0113448855,C60pi59:1:0.0128595846,C60pi60:1:0.0117656776}
WARNING: Your input class weight 0.000415008 is very small and may cause numerical issues
749  LG+C60        70874.292    168 142084.583   142219.462   142820.444
Akaike Information Criterion:           LG+C50
Corrected Akaike Information Criterion: LG+C50
Bayesian Information Criterion:         LG+C50
Best-fit model: LG+C50 chosen according to BIC

All model information printed to iqtree_gene_trees/COG3263.model.gz
CPU time for ModelFinder: 34287.517 seconds (9h:31m:27s)
Wall-clock time for ModelFinder: 3476.833 seconds (0h:57m:56s)
Generating 1000 samples for ultrafast bootstrap (seed: 609610)...
Model LG+C50 is alias for LG+POISSON+G+FMIX{C50pi1:1:0.0164297003,C50pi2:1:0.0273175755,C50pi3:1:0.0460247610,C50pi4:1:0.0084864734,C50pi5:1:0.0125389252,C50pi6:1:0.0343549036,C50pi7:1:0.0130241102,C50pi8:1:0.0094755681,C50pi9:1:0.0190040551,C50pi10:1:0.0151902354,C50pi11:1:0.0320534760,C50pi12:1:0.0210059850,C50pi13:1:0.0237408547,C50pi14:1:0.0239841203,C50pi15:1:0.0213748021,C50pi16:1:0.0210717705,C50pi17:1:0.0050241805,C50pi18:1:0.0166262276,C50pi19:1:0.0143945956,C50pi20:1:0.0104391130,C50pi21:1:0.0107628277,C50pi22:1:0.0148818171,C50pi23:1:0.0321480239,C50pi24:1:0.0145477978,C50pi25:1:0.0332355807,C50pi26:1:0.0143190281,C50pi27:1:0.0234478734,C50pi28:1:0.0183044983,C50pi29:1:0.0403269452,C50pi30:1:0.0135629530,C50pi31:1:0.0091880799,C50pi32:1:0.0158270022,C50pi33:1:0.0121019379,C50pi34:1:0.0353560982,C50pi35:1:0.0404495617,C50pi36:1:0.0104569232,C50pi37:1:0.0146187792,C50pi38:1:0.0093984095,C50pi39:1:0.0146773809,C50pi40:1:0.0201635562,C50pi41:1:0.0255640273,C50pi42:1:0.0039486842,C50pi43:1:0.0393652608,C50pi44:1:0.0056415419,C50pi45:1:0.0382833580,C50pi46:1:0.0039735086,C50pi47:1:0.0140269355,C50pi48:1:0.0476703673,C50pi49:1:0.0204062788,C50pi50:1:0.0117835304}

NOTE: 1599 MB RAM (1 GB) is required!
Estimate model parameters (epsilon = 0.100)
1. Initial log-likelihood: -70713.841
Optimal log-likelihood: -70713.826
Mixture weights: 0.016 0.027 0.046 0.008 0.013 0.034 0.013 0.009 0.019 0.015 0.032 0.021 0.024 0.024 0.021 0.021 0.005 0.017 0.014 0.010 0.011 0.015 0.032 0.015 0.033 0.014 0.023 0.018 0.040 0.014 0.009 0.016 0.012 0.035 0.040 0.010 0.015 0.009 0.015 0.020 0.026 0.004 0.039 0.006 0.038 0.004 0.014 0.048 0.020 0.012
Gamma shape alpha: 0.858
Parameters optimization took 1 rounds (9.102 sec)
Wrote distance file to... 
Computing ML distances based on estimated model parameters...
Calculating distance matrix: done in 0.28452 secs using 964.6% CPU
Computing ML distances took 0.285327 sec (of wall-clock time) 2.751860 sec (of CPU time)
WARNING: Some pairwise ML distances are too long (saturated)
Setting up auxiliary I and S matrices: done in 0.00414217 secs using 547.7% CPU
Constructing RapidNJ tree: done in 0.298436 secs using 354.7% CPU
Computing RapidNJ tree took 0.303046 sec (of wall-clock time) 1.081833 sec (of CPU time)
Log-likelihood of RapidNJ tree: -70797.995
--------------------------------------------------------------------
|             INITIALIZING CANDIDATE TREE SET                      |
--------------------------------------------------------------------
Generating 98 parsimony trees... 5.860 second
Computing log-likelihood of 98 initial trees ... 320.988 seconds
Current best score: -70713.826

Do NNI search on 20 best initial trees
Optimizing NNI: done in 47.8491 secs using 981.6% CPU
Estimate model parameters (epsilon = 0.100)
BETTER TREE FOUND at iteration 1: -70680.872
Optimizing NNI: done in 70.5737 secs using 981.6% CPU
Estimate model parameters (epsilon = 0.100)
BETTER TREE FOUND at iteration 2: -70651.359
Optimizing NNI: done in 86.0397 secs using 979.5% CPU
Estimate model parameters (epsilon = 0.100)
BETTER TREE FOUND at iteration 3: -70640.835
Optimizing NNI: done in 78.3086 secs using 978.6% CPU
Estimate model parameters (epsilon = 0.100)
BETTER TREE FOUND at iteration 4: -70632.033
Optimizing NNI: done in 69.3679 secs using 981.7% CPU
Optimizing NNI: done in 83.5289 secs using 980.3% CPU
Estimate model parameters (epsilon = 0.100)
BETTER TREE FOUND at iteration 6: -70619.194
Optimizing NNI: done in 91.5772 secs using 975.1% CPU
Optimizing NNI: done in 81.9741 secs using 975% CPU
Optimizing NNI: done in 71.2654 secs using 980.6% CPU
Optimizing NNI: done in 78.8963 secs using 983.2% CPU
Iteration 10 / LogL: -70631.949 / Time: 0h:21m:20s
Optimizing NNI: done in 77.6564 secs using 985.2% CPU
Optimizing NNI: done in 62.3 secs using 987.6% CPU
Optimizing NNI: done in 66.2742 secs using 984.6% CPU
Optimizing NNI: done in 64.3028 secs using 984% CPU
Optimizing NNI: done in 65.0871 secs using 985.4% CPU
Optimizing NNI: done in 61.2745 secs using 985.4% CPU
Optimizing NNI: done in 106.648 secs using 985.2% CPU
Optimizing NNI: done in 63.714 secs using 984.2% CPU
Optimizing NNI: done in 80.8998 secs using 985.3% CPU
Optimizing NNI: done in 43.8879 secs using 986.8% CPU
Iteration 20 / LogL: -70751.051 / Time: 0h:32m:56s
Finish initializing candidate tree set (20)
Current best tree score: -70619.194 / CPU time: 1885.530
Number of iterations: 20
--------------------------------------------------------------------
|               OPTIMIZING CANDIDATE TREE SET                      |
--------------------------------------------------------------------
Optimizing NNI: done in 53.1016 secs using 986.7% CPU
Optimizing NNI: done in 57.6668 secs using 986.2% CPU
Optimizing NNI: done in 56.0054 secs using 984.2% CPU
Optimizing NNI: done in 82.0742 secs using 985.6% CPU
Optimizing NNI: done in 52.1101 secs using 987.5% CPU
Optimizing NNI: done in 48.4376 secs using 986% CPU
Optimizing NNI: done in 59.4831 secs using 985.7% CPU
Optimizing NNI: done in 49.9719 secs using 987.7% CPU
Optimizing NNI: done in 49.4846 secs using 986.3% CPU
Optimizing NNI: done in 47.5502 secs using 987.8% CPU
Iteration 30 / LogL: -70619.585 / Time: 0h:42m:17s (1h:50m:50s left)
Optimizing NNI: done in 39.1229 secs using 988.1% CPU
Optimizing NNI: done in 49.5766 secs using 988.1% CPU
Optimizing NNI: done in 49.4785 secs using 986.8% CPU
Optimizing NNI: done in 55.0106 secs using 987.7% CPU
Optimizing NNI: done in 54.9033 secs using 986.4% CPU
Optimizing NNI: done in 56.7772 secs using 987.1% CPU
Optimizing NNI: done in 44.4019 secs using 984.4% CPU
Optimizing NNI: done in 43.2611 secs using 987.7% CPU
Optimizing NNI: done in 48.6185 secs using 988.4% CPU
Estimate model parameters (epsilon = 0.100)
BETTER TREE FOUND at iteration 39: -70618.706
Optimizing NNI: done in 53.168 secs using 986.8% CPU
Iteration 40 / LogL: -70619.622 / Time: 0h:50m:43s (2h:8m:46s left)
Optimizing NNI: done in 60.555 secs using 987.7% CPU
Optimizing NNI: done in 38.768 secs using 987.7% CPU
Optimizing NNI: done in 48.7322 secs using 986.3% CPU
Optimizing NNI: done in 42.2741 secs using 987.5% CPU
Optimizing NNI: done in 51.7481 secs using 987.9% CPU
Optimizing NNI: done in 60.7267 secs using 986.4% CPU
Optimizing NNI: done in 35.4935 secs using 988% CPU
Optimizing NNI: done in 66.775 secs using 985.5% CPU
Optimizing NNI: done in 44.8323 secs using 986% CPU
Optimizing NNI: done in 37.1013 secs using 985.2% CPU
Iteration 50 / LogL: -70621.446 / Time: 0h:58m:55s (1h:47m:1s left)
Log-likelihood cutoff on original alignment: -70705.025
UFBoot trees printed to iqtree_gene_trees/COG3263.ufboot
Optimizing NNI: done in 46.024 secs using 986.3% CPU
Optimizing NNI: done in 47.079 secs using 986.5% CPU
Optimizing NNI: done in 45.4733 secs using 987.3% CPU
Optimizing NNI: done in 57.9805 secs using 986.9% CPU
Optimizing NNI: done in 49.7939 secs using 986.7% CPU
Optimizing NNI: done in 42.4458 secs using 986.4% CPU
Optimizing NNI: done in 50.3013 secs using 987.1% CPU
Optimizing NNI: done in 40.4518 secs using 982.5% CPU
Optimizing NNI: done in 43.548 secs using 987.6% CPU
Optimizing NNI: done in 45.2752 secs using 985.2% CPU
Iteration 60 / LogL: -70618.927 / Time: 1h:6m:50s (1h:29m:29s left)
Optimizing NNI: done in 34.1765 secs using 987% CPU
Optimizing NNI: done in 41.3111 secs using 987.9% CPU
Optimizing NNI: done in 51.43 secs using 988.3% CPU
Optimizing NNI: done in 44.29 secs using 986% CPU
Optimizing NNI: done in 35.5133 secs using 988.4% CPU
Optimizing NNI: done in 49.2737 secs using 985.3% CPU
Optimizing NNI: done in 45.4318 secs using 987.1% CPU
Optimizing NNI: done in 52.7905 secs using 985.3% CPU
Optimizing NNI: done in 39.702 secs using 986.7% CPU
Optimizing NNI: done in 43.092 secs using 987.1% CPU
Iteration 70 / LogL: -70622.783 / Time: 1h:14m:11s (1h:14m:11s left)
Optimizing NNI: done in 42.9607 secs using 983.5% CPU
Optimizing NNI: done in 48.0271 secs using 985.6% CPU
Optimizing NNI: done in 40.9885 secs using 989.5% CPU
Optimizing NNI: done in 44.5069 secs using 988.4% CPU
Optimizing NNI: done in 46.8791 secs using 988% CPU
Optimizing NNI: done in 40.2016 secs using 987.6% CPU
Optimizing NNI: done in 43.8046 secs using 988% CPU
Optimizing NNI: done in 39.9435 secs using 987% CPU
Optimizing NNI: done in 45.2709 secs using 987.1% CPU
Optimizing NNI: done in 49.1363 secs using 987.5% CPU
Iteration 80 / LogL: -70623.428 / Time: 1h:21m:38s (1h:0m:58s left)
Optimizing NNI: done in 46.4082 secs using 988.7% CPU
Optimizing NNI: done in 68.1283 secs using 987.9% CPU
Optimizing NNI: done in 39.9596 secs using 987.9% CPU
Optimizing NNI: done in 37.769 secs using 986% CPU
Optimizing NNI: done in 46.9248 secs using 986% CPU
Optimizing NNI: done in 51.7893 secs using 987.7% CPU
Estimate model parameters (epsilon = 0.100)
BETTER TREE FOUND at iteration 86: -70618.096
Optimizing NNI: done in 40.4588 secs using 989% CPU
Optimizing NNI: done in 40.1921 secs using 986.8% CPU
Optimizing NNI: done in 39.2252 secs using 988.3% CPU
Optimizing NNI: done in 49.3402 secs using 986.2% CPU
Iteration 90 / LogL: -70630.928 / Time: 1h:29m:29s (1h:36m:32s left)
Optimizing NNI: done in 42.7288 secs using 987.3% CPU
Optimizing NNI: done in 48.8685 secs using 988.2% CPU
Optimizing NNI: done in 47.1336 secs using 987.1% CPU
Optimizing NNI: done in 51.7703 secs using 987.4% CPU
Optimizing NNI: done in 63.4228 secs using 986.7% CPU
Optimizing NNI: done in 37.2761 secs using 985.5% CPU
Optimizing NNI: done in 47.752 secs using 985.4% CPU
Optimizing NNI: done in 44.2493 secs using 987% CPU
Optimizing NNI: done in 51.442 secs using 986.3% CPU
Optimizing NNI: done in 49.306 secs using 987% CPU
Iteration 100 / LogL: -70619.498 / Time: 1h:37m:38s (1h:24m:49s left)
Log-likelihood cutoff on original alignment: -70705.025
NOTE: Bootstrap correlation coefficient of split occurrence frequencies: 0.997
UFBoot trees printed to iqtree_gene_trees/COG3263.ufboot
Optimizing NNI: done in 46.181 secs using 987.6% CPU
Optimizing NNI: done in 41.1433 secs using 989.4% CPU
Optimizing NNI: done in 52.3558 secs using 987.6% CPU
Optimizing NNI: done in 41.213 secs using 985.9% CPU
Optimizing NNI: done in 66.7881 secs using 987.8% CPU
Optimizing NNI: done in 40.1496 secs using 987.5% CPU
Optimizing NNI: done in 43.7926 secs using 986.7% CPU
Optimizing NNI: done in 53.5539 secs using 987.1% CPU
Optimizing NNI: done in 50.1981 secs using 986.4% CPU
Optimizing NNI: done in 39.7233 secs using 987.5% CPU
Iteration 110 / LogL: -70620.163 / Time: 1h:45m:39s (1h:27m:14s left)
Optimizing NNI: done in 47.1111 secs using 987.7% CPU
Optimizing NNI: done in 45.7934 secs using 988.1% CPU
Optimizing NNI: done in 44.1702 secs using 988% CPU
Optimizing NNI: done in 42.4734 secs using 987.4% CPU
Estimate model parameters (epsilon = 0.100)
UPDATE BEST LOG-LIKELIHOOD: -70617.731
Optimizing NNI: done in 58.6767 secs using 986.7% CPU
Optimizing NNI: done in 40.9594 secs using 986.5% CPU
Optimizing NNI: done in 49.7091 secs using 987.8% CPU
Optimizing NNI: done in 47.1766 secs using 987.1% CPU
Optimizing NNI: done in 38.2519 secs using 987.6% CPU
Optimizing NNI: done in 44.4837 secs using 987.8% CPU
Iteration 120 / LogL: -70628.059 / Time: 1h:53m:35s (1h:16m:21s left)
Optimizing NNI: done in 54.9085 secs using 988.1% CPU
Optimizing NNI: done in 48.7232 secs using 987.3% CPU
Optimizing NNI: done in 43.8434 secs using 986.6% CPU
Optimizing NNI: done in 43.967 secs using 987.5% CPU
Optimizing NNI: done in 46.678 secs using 987.1% CPU
Optimizing NNI: done in 47.1248 secs using 987.5% CPU
Optimizing NNI: done in 42.1454 secs using 987.3% CPU
Optimizing NNI: done in 43.2174 secs using 986.7% CPU
Optimizing NNI: done in 41.0959 secs using 981.9% CPU
Optimizing NNI: done in 57.4656 secs using 987.5% CPU
Iteration 130 / LogL: -70621.871 / Time: 2h:1m:29s (1h:5m:55s left)
Optimizing NNI: done in 44.4869 secs using 986.3% CPU
Optimizing NNI: done in 47.6724 secs using 987.6% CPU
Optimizing NNI: done in 51.9235 secs using 987.2% CPU
Optimizing NNI: done in 50.2594 secs using 986.3% CPU
Optimizing NNI: done in 48.2655 secs using 986.6% CPU
Optimizing NNI: done in 41.3101 secs using 986.7% CPU
Optimizing NNI: done in 40.5897 secs using 988.2% CPU
Optimizing NNI: done in 46.206 secs using 988.3% CPU
Optimizing NNI: done in 37.573 secs using 987.4% CPU
Optimizing NNI: done in 38.88 secs using 987.4% CPU
Iteration 140 / LogL: -70624.560 / Time: 2h:9m:1s (0h:55m:41s left)
Optimizing NNI: done in 33.1469 secs using 986.3% CPU
Optimizing NNI: done in 41.3224 secs using 984.9% CPU
Optimizing NNI: done in 46.0569 secs using 985.6% CPU
Optimizing NNI: done in 38.723 secs using 987.1% CPU
Optimizing NNI: done in 37.8112 secs using 983.2% CPU
Optimizing NNI: done in 38.1809 secs using 986% CPU
Optimizing NNI: done in 48.917 secs using 987.5% CPU
Optimizing NNI: done in 51.6689 secs using 987.5% CPU
Optimizing NNI: done in 51.1284 secs using 987.1% CPU
Optimizing NNI: done in 52.7303 secs using 988.3% CPU
Iteration 150 / LogL: -70637.503 / Time: 2h:16m:25s (0h:45m:46s left)
Log-likelihood cutoff on original alignment: -70705.025
UFBoot trees printed to iqtree_gene_trees/COG3263.ufboot
Optimizing NNI: done in 42.9486 secs using 987.3% CPU
Optimizing NNI: done in 40.0485 secs using 987.5% CPU
Optimizing NNI: done in 56.1638 secs using 985.6% CPU
Optimizing NNI: done in 51.6626 secs using 986.3% CPU
Optimizing NNI: done in 46.0112 secs using 986.1% CPU
Optimizing NNI: done in 50.4658 secs using 987.5% CPU
Optimizing NNI: done in 50.4069 secs using 985% CPU
Optimizing NNI: done in 48.8389 secs using 987.7% CPU
Optimizing NNI: done in 37.7209 secs using 986.9% CPU
Optimizing NNI: done in 42.9397 secs using 987.7% CPU
Iteration 160 / LogL: -70619.312 / Time: 2h:24m:18s (0h:36m:18s left)
Optimizing NNI: done in 44.3082 secs using 987.3% CPU
Optimizing NNI: done in 39.3894 secs using 988.3% CPU
Optimizing NNI: done in 62.4541 secs using 978.8% CPU
Optimizing NNI: done in 48.2524 secs using 978.4% CPU
Optimizing NNI: done in 64.6108 secs using 972.7% CPU
Optimizing NNI: done in 46.0132 secs using 965.7% CPU
