IQ-TREE multicore version 2.2.0.3 COVID-edition for Linux 64-bit built Aug  2 2022
Developed by Bui Quang Minh, James Barbetti, Nguyen Lam Tung,
Olga Chernomor, Heiko Schmidt, Dominik Schrempf, Michael Woodhams, Ly Trong Nhan.

Host:    baross.its.carleton.edu (AVX2, FMA3, 755 GB RAM)
Command: iqtree -s gene_alignments/trimv2_COG3703.afa --nmax 3000 -m MFP -bb 1000 -wbtl -ntmax 10 -nt AUTO -T 10 --prefix iqtree_gene_trees/COG3703 -madd C10,C20,C30,C40,C50,C60,EX2,EX3,EHO,UL2,UL3,EX_EHO,LG4M,LG4X,CF4,LG+C10,LG+C20,LG+C30,LG+C40,LG+C50,LG+C60 -mrate E,I,G,I+G,R
Seed:    169478 (Using SPRNG - Scalable Parallel Random Number Generator)
Time:    Sat Apr  8 23:10:10 2023
Kernel:  AVX+FMA - 10 threads (96 CPU cores detected)

Reading alignment file gene_alignments/trimv2_COG3703.afa ... Fasta format detected
Reading fasta file: done in 0.00065166 secs using 58.16% CPU
Alignment most likely contains protein sequences
Constructing alignment: done in 0.00203745 secs using 948.4% CPU
Alignment has 38 sequences with 248 columns, 247 distinct patterns
214 parsimony-informative, 19 singleton sites, 15 constant sites
                                                                Gap/Ambiguity  Composition  p-value
Analyzing sequences: done in 8.62151e-05 secs using 687.8% CPU
   1  GCA.002717185.1.Bacteria.Proteobacteria_PBDC01000058.1_6         20.16%    passed     85.48%
   2  GCA.002159075.1.Bacteria.Firmicutes_LZRT01000080.1_25            18.95%    passed     10.41%
   3  GCF.003612015.1.Bacteria.Proteobacteria_NZ_RARB01000001.1_804     9.27%    failed      3.09%
   4  GCF.900172325.1.Bacteria.Proteobacteria_NZ_FWFR01000001.1_803    19.76%    passed     36.84%
   5  GCF.001614315.2.Bacteria.Proteobacteria_NZ_LVEG02000007.1_135    10.08%    passed     54.00%
   6  GCA.006969625.1.Bacteria.Proteobacteria_CP030885.1_896           16.94%    passed     19.23%
   7  GCA.002348365.1.Bacteria.Proteobacteria_DEBC01000016.1_9          8.47%    passed     99.95%
   8  GCF.900102465.1.Bacteria.Proteobacteria_NZ_FNBW01000006.1_278    18.95%    failed      4.47%
   9  GCA.000004985.1.Eukaryota.Heterolobosea_EFC48729.1               11.69%    failed      0.00%
  10  GCA.000209225.1.Eukaryota.Cnidaria_EDO40292.1                    16.94%    failed      0.14%
  11  GCA.002049455.2.Eukaryota.Rhodophyta_OSX75457.1                  13.31%    failed      0.00%
  12  GCA.002717185.1.Bacteria.Proteobacteria_PBDC01000026.1_93         6.85%    passed     33.99%
  13  GCA.002722885.1.Bacteria.Proteobacteria_PBNE01000006.1_157        7.26%    passed     93.64%
  14  GCA.001750625.1.Bacteria.Proteobacteria_MEIE01000045.1_10        15.32%    failed      0.00%
  15  GCA.002709155.1.Bacteria.Proteobacteria_PAQA01000010.1_13        16.53%    failed      0.00%
  16  GCA.002340345.1.Bacteria.Proteobacteria_DDLW01000176.1_13        12.90%    passed     98.19%
  17  GCF.000315795.1.Bacteria.Proteobacteria_NZ_ANHY01000004.1_320     8.06%    passed     83.75%
  18  GCF.003173035.1.Bacteria.Proteobacteria_NZ_QGLE01000001.1_251    10.89%    passed     65.14%
  19  GCF.002798435.1.Bacteria.Proteobacteria_WP_109795759.1           10.89%    passed     63.59%
  20  GCA.003280605.1.Bacteria.Proteobacteria_QCEM01000007.1_71         7.26%    passed     62.27%
  21  GCF.000020025.1.Bacteria.Cyanobacteria_NC_010628.1_3917           6.85%    passed      9.59%
  22  GCF.000264455.2.Bacteria.Proteobacteria_NC_017956.1_1268          6.85%    passed     41.46%
  23  GCA.002723345.1.Bacteria.Proteobacteria_PBNV01000004.1_34        10.89%    passed     26.48%
  24  GCA.002796975.1.Bacteria.Proteobacteria_PEKV01000006.1_63        15.73%    passed     53.35%
  25  GCA.000189635.1.Eukaryota.Ciliophora_EAS04610.2                   7.66%    failed      0.00%
  26  GCA.002049455.2.Eukaryota.Rhodophyta_OSX73705.1                  16.13%    passed      9.96%
  27  GCA.000188695.1.Eukaryota.Choanoflagellata_EGD76619.1            15.73%    passed     17.78%
  28  GCF.900102465.1.Bacteria.Proteobacteria_NZ_FNBW01000006.1_147     7.66%    passed     97.74%
  29  GCA.002340345.1.Bacteria.Proteobacteria_DDLW01000081.1_2          6.85%    passed     94.63%
  30  GCF.002148795.1.Bacteria.Proteobacteria_NZ_MPOB01000004.1_323     7.66%    passed     77.24%
  31  GCA.002348365.1.Bacteria.Proteobacteria_DEBC01000102.1_60         6.85%    passed     62.88%
  32  GCF.900172325.1.Bacteria.Proteobacteria_NZ_FWFR01000001.1_1326   11.69%    passed     29.80%
  33  GCF.900167455.1.Bacteria.Proteobacteria_NZ_FUWJ01000005.1_181     5.65%    passed     73.91%
  34  GCF.000315795.1.Bacteria.Proteobacteria_NZ_ANHY01000013.1_125    19.35%    passed     59.07%
  35  GCA.002457765.1.Bacteria.Proteobacteria_NTKW01000017.1_11        10.48%    passed     99.22%
  36  GCF.002148795.1.Bacteria.Proteobacteria_NZ_MPOB01000002.1_209    12.90%    passed     53.69%
  37  GCA.002898275.1.Bacteria.Proteobacteria_BEIQ01000001.1_552        7.66%    failed      4.39%
  38  GCF.001614315.2.Bacteria.Proteobacteria_NZ_LVEG02000005.1_111    16.53%    passed     96.69%
****  TOTAL                                                            11.94%  9 sequences failed composition chi2 test (p-value<5%; df=19)
Checking for duplicate sequences: done in 0.000584448 secs using 973.4% CPU


Create initial parsimony tree by phylogenetic likelihood library (PLL)... 0.010 seconds
Perform fast likelihood tree search using LG+I+G model...
Estimate model parameters (epsilon = 5.000)
Perform nearest neighbor interchange...
Optimizing NNI: done in 0.781916 secs using 995.7% CPU
Estimate model parameters (epsilon = 1.000)
1. Initial log-likelihood: -16142.388
Optimal log-likelihood: -16141.756
Proportion of invariable sites: 0.027
Gamma shape alpha: 1.226
Parameters optimization took 1 rounds (0.065 sec)
Time for fast ML tree search: 1.053 seconds

NOTE: ModelFinder requires 16 MB RAM!
ModelFinder will test up to 749 protein models (sample size: 248) ...
 No. Model         -LnL         df  AIC          AICc         BIC
  1  LG            16984.219    73  34114.437    34176.529    34370.918
  2  LG+I          16833.079    74  33814.158    33878.319    34074.151
  3  LG+G4         16150.769    74  32449.539    32513.701    32709.532
  4  LG+I+G4       16141.289    75  32432.578    32498.857    32696.085
  5  LG+R2         16284.798    75  32719.595    32785.875    32983.103
  6  LG+R3         16165.278    77  32484.556    32555.214    32755.090
  7  LG+R4         16121.220    79  32400.440    32475.678    32678.001
  8  LG+R5         16117.418    81  32396.835    32476.859    32681.423
 14  LG+F          16785.967    92  33755.935    33866.335    34079.170
 15  LG+F+I        16634.430    93  33454.861    33568.393    33781.609
 16  LG+F+G4       15985.415    93  32156.831    32270.363    32483.580
 17  LG+F+I+G4     15970.622    94  32129.243    32245.975    32459.505
 18  LG+F+R2       16104.413    94  32396.826    32513.558    32727.089
 19  LG+F+R3       15997.697    96  32187.394    32310.732    32524.683
 20  LG+F+R4       15956.683    98  32109.366    32239.594    32453.682
WARNING: Log-likelihood -15957.7 of LG+F+R5 worse than LG+F+R4 -15956.7
 21  LG+F+R5       15957.739    100 32115.477    32252.892    32466.820
 27  WAG           16826.702    73  33799.403    33861.495    34055.883
 28  WAG+I         16686.962    74  33521.924    33586.086    33781.918
 29  WAG+G4        16185.891    74  32519.782    32583.944    32779.776
 30  WAG+I+G4      16170.728    75  32491.455    32557.734    32754.962
 31  WAG+R2        16277.716    75  32705.432    32771.711    32968.939
 32  WAG+R3        16183.966    77  32521.932    32592.590    32792.466
 33  WAG+R4        16153.586    79  32465.172    32540.410    32742.733
 34  WAG+R5        16150.546    81  32463.092    32543.116    32747.680
 40  WAG+F         16622.139    92  33428.279    33538.679    33751.514
 41  WAG+F+I       16483.437    93  33152.874    33266.406    33479.622
 42  WAG+F+G4      15999.663    93  32185.326    32298.858    32512.074
 43  WAG+F+I+G4    15983.259    94  32154.519    32271.251    32484.781
 44  WAG+F+R2      16082.551    94  32353.102    32469.834    32683.364
 45  WAG+F+R3      15996.458    96  32184.916    32308.254    32522.205
 46  WAG+F+R4      15968.632    98  32133.263    32263.492    32477.579
WARNING: Log-likelihood -15970.7 of WAG+F+R5 worse than WAG+F+R4 -15968.6
 47  WAG+F+R5      15970.728    100 32141.456    32278.871    32492.799
 53  JTT           17045.563    73  34237.125    34299.217    34493.606
 54  JTT+I         16908.819    74  33965.639    34029.800    34225.632
 55  JTT+G4        16305.668    74  32759.337    32823.498    33019.330
 56  JTT+I+G4      16294.867    75  32739.734    32806.013    33003.241
 57  JTT+R2        16413.769    75  32977.537    33043.816    33241.044
 58  JTT+R3        16309.298    77  32772.595    32843.254    33043.129
 59  JTT+R4        16274.571    79  32707.142    32782.380    32984.702
 60  JTT+R5        16271.638    81  32705.276    32785.300    32989.864
 66  JTT+F         16903.416    92  33990.831    34101.231    34314.067
 67  JTT+F+I       16763.811    93  33713.623    33827.155    34040.372
 68  JTT+F+G4      16170.672    93  32527.345    32640.877    32854.094
 69  JTT+F+I+G4    16159.807    94  32507.613    32624.345    32837.875
 70  JTT+F+R2      16267.678    94  32723.357    32840.089    33053.619
 71  JTT+F+R3      16173.350    96  32538.700    32662.038    32875.989
 72  JTT+F+R4      16138.927    98  32473.853    32604.082    32818.170
WARNING: Log-likelihood -16142.4 of JTT+F+R5 worse than JTT+F+R4 -16138.9
 73  JTT+F+R5      16142.386    100 32484.772    32622.187    32836.115
WARNING: Normalizing state frequencies so that sum of them equals to 1
 79  Q.pfam        16920.044    73  33986.088    34048.180    34242.569
WARNING: Normalizing state frequencies so that sum of them equals to 1
 80  Q.pfam+I      16771.434    74  33690.869    33755.031    33950.862
WARNING: Normalizing state frequencies so that sum of them equals to 1
 81  Q.pfam+G4     16107.504    74  32363.007    32427.169    32623.001
WARNING: Normalizing state frequencies so that sum of them equals to 1
 82  Q.pfam+I+G4   16096.368    75  32342.736    32409.015    32606.243
WARNING: Normalizing state frequencies so that sum of them equals to 1
 83  Q.pfam+R2     16235.476    75  32620.951    32687.230    32884.458
WARNING: Normalizing state frequencies so that sum of them equals to 1
 84  Q.pfam+R3     16117.382    77  32388.764    32459.423    32659.298
WARNING: Normalizing state frequencies so that sum of them equals to 1
 85  Q.pfam+R4     16077.173    79  32312.345    32387.583    32589.906
WARNING: Normalizing state frequencies so that sum of them equals to 1
 86  Q.pfam+R5     16076.234    81  32314.467    32394.491    32599.055
WARNING: Normalizing state frequencies so that sum of them equals to 1
 92  Q.pfam+F      16764.576    92  33713.152    33823.552    34036.387
WARNING: Normalizing state frequencies so that sum of them equals to 1
 93  Q.pfam+F+I    16618.895    93  33423.791    33537.323    33750.539
WARNING: Normalizing state frequencies so that sum of them equals to 1
 94  Q.pfam+F+G4   15978.166    93  32142.332    32255.865    32469.081
WARNING: Normalizing state frequencies so that sum of them equals to 1
 95  Q.pfam+F+I+G4 15964.382    94  32116.764    32233.496    32447.026
WARNING: Normalizing state frequencies so that sum of them equals to 1
 96  Q.pfam+F+R2   16095.778    94  32379.556    32496.288    32709.818
WARNING: Normalizing state frequencies so that sum of them equals to 1
 97  Q.pfam+F+R3   15986.046    96  32164.092    32287.429    32501.381
WARNING: Normalizing state frequencies so that sum of them equals to 1
 98  Q.pfam+F+R4   15948.209    98  32092.417    32222.646    32436.733
WARNING: Normalizing state frequencies so that sum of them equals to 1
WARNING: Log-likelihood -15949.8 of Q.pfam+F+R5 worse than Q.pfam+F+R4 -15948.2
 99  Q.pfam+F+R5   15949.793    100 32099.586    32237.000    32450.928
WARNING: Normalizing state frequencies so that sum of them equals to 1
105  Q.bird        17617.474    73  35380.947    35443.039    35637.428
WARNING: Normalizing state frequencies so that sum of them equals to 1
106  Q.bird+I      17463.895    74  35075.789    35139.951    35335.783
WARNING: Normalizing state frequencies so that sum of them equals to 1
107  Q.bird+G4     16605.938    74  33359.876    33424.038    33619.870
WARNING: Normalizing state frequencies so that sum of them equals to 1
108  Q.bird+I+G4   16598.650    75  33347.300    33413.579    33610.807
WARNING: Normalizing state frequencies so that sum of them equals to 1
109  Q.bird+R2     16778.871    75  33707.742    33774.021    33971.249
WARNING: Normalizing state frequencies so that sum of them equals to 1
110  Q.bird+R3     16635.857    77  33425.713    33496.372    33696.247
WARNING: Normalizing state frequencies so that sum of them equals to 1
111  Q.bird+R4     16581.599    79  33321.197    33396.435    33598.758
WARNING: Normalizing state frequencies so that sum of them equals to 1
112  Q.bird+R5     16573.766    81  33309.531    33389.556    33594.119
WARNING: Normalizing state frequencies so that sum of them equals to 1
113  Q.bird+R6     16573.267    83  33312.534    33397.559    33604.149
WARNING: Normalizing state frequencies so that sum of them equals to 1
118  Q.bird+F      17517.035    92  35218.070    35328.470    35541.306
WARNING: Normalizing state frequencies so that sum of them equals to 1
119  Q.bird+F+I    17357.060    93  34900.121    35013.653    35226.870
WARNING: Normalizing state frequencies so that sum of them equals to 1
120  Q.bird+F+G4   16484.758    93  33155.515    33269.048    33482.264
WARNING: Normalizing state frequencies so that sum of them equals to 1
121  Q.bird+F+I+G4 16478.196    94  33144.391    33261.123    33474.653
WARNING: Normalizing state frequencies so that sum of them equals to 1
122  Q.bird+F+R2   16635.732    94  33459.464    33576.196    33789.726
WARNING: Normalizing state frequencies so that sum of them equals to 1
123  Q.bird+F+R3   16505.464    96  33202.928    33326.266    33540.217
WARNING: Normalizing state frequencies so that sum of them equals to 1
124  Q.bird+F+R4   16458.037    98  33112.075    33242.303    33456.391
WARNING: Normalizing state frequencies so that sum of them equals to 1
125  Q.bird+F+R5   16457.476    100 33114.951    33252.366    33466.294
WARNING: Normalizing state frequencies so that sum of them equals to 1
131  Q.mammal      17469.011    73  35084.022    35146.114    35340.502
WARNING: Normalizing state frequencies so that sum of them equals to 1
132  Q.mammal+I    17315.491    74  34778.982    34843.144    35038.976
WARNING: Normalizing state frequencies so that sum of them equals to 1
133  Q.mammal+G4   16504.612    74  33157.224    33221.386    33417.218
WARNING: Normalizing state frequencies so that sum of them equals to 1
134  Q.mammal+I+G4 16498.293    75  33146.587    33212.866    33410.094
WARNING: Normalizing state frequencies so that sum of them equals to 1
135  Q.mammal+R2   16672.543    75  33495.086    33561.365    33758.593
WARNING: Normalizing state frequencies so that sum of them equals to 1
136  Q.mammal+R3   16528.262    77  33210.524    33281.182    33481.058
WARNING: Normalizing state frequencies so that sum of them equals to 1
137  Q.mammal+R4   16478.376    79  33114.752    33189.990    33392.313
WARNING: Normalizing state frequencies so that sum of them equals to 1
138  Q.mammal+R5   16472.366    81  33106.731    33186.755    33391.319
WARNING: Normalizing state frequencies so that sum of them equals to 1
139  Q.mammal+R6   16471.829    83  33109.657    33194.681    33401.272
WARNING: Normalizing state frequencies so that sum of them equals to 1
144  Q.mammal+F    17351.832    92  34887.665    34998.065    35210.900
WARNING: Normalizing state frequencies so that sum of them equals to 1
145  Q.mammal+F+I  17193.576    93  34573.151    34686.684    34899.900
WARNING: Normalizing state frequencies so that sum of them equals to 1
146  Q.mammal+F+G4 16377.038    93  32940.075    33053.608    33266.824
WARNING: Normalizing state frequencies so that sum of them equals to 1
147  Q.mammal+F+I+G4 16370.638    94  32929.276    33046.009    33259.539
WARNING: Normalizing state frequencies so that sum of them equals to 1
148  Q.mammal+F+R2 16524.121    94  33236.242    33352.974    33566.505
WARNING: Normalizing state frequencies so that sum of them equals to 1
149  Q.mammal+F+R3 16393.861    96  32979.723    33103.060    33317.012
WARNING: Normalizing state frequencies so that sum of them equals to 1
150  Q.mammal+F+R4 16348.582    98  32893.163    33023.391    33237.479
WARNING: Normalizing state frequencies so that sum of them equals to 1
WARNING: Log-likelihood -16350.1 of Q.mammal+F+R5 worse than Q.mammal+F+R4 -16348.6
151  Q.mammal+F+R5 16350.133    100 32900.266    33037.681    33251.609
157  Q.insect      17299.197    73  34744.395    34806.487    35000.875
158  Q.insect+I    17143.821    74  34435.642    34499.804    34695.636
159  Q.insect+G4   16397.998    74  32943.995    33008.157    33203.989
160  Q.insect+I+G4 16389.765    75  32929.530    32995.809    33193.037
161  Q.insect+R2   16538.550    75  33227.099    33293.378    33490.606
162  Q.insect+R3   16414.095    77  32982.191    33052.849    33252.725
163  Q.insect+R4   16367.332    79  32892.664    32967.902    33170.225
164  Q.insect+R5   16365.201    81  32892.402    32972.426    33176.990
170  Q.insect+F    16977.697    92  34139.394    34249.794    34462.629
171  Q.insect+F+I  16816.765    93  33819.530    33933.062    34146.279
172  Q.insect+F+G4 16089.286    93  32364.572    32478.105    32691.321
173  Q.insect+F+I+G4 16077.574    94  32343.148    32459.880    32673.410
174  Q.insect+F+R2 16218.436    94  32624.872    32741.604    32955.135
175  Q.insect+F+R3 16103.400    96  32398.800    32522.137    32736.089
176  Q.insect+F+R4 16058.604    98  32313.207    32443.436    32657.523
177  Q.insect+F+R5 16057.252    100 32314.503    32451.918    32665.846
WARNING: Normalizing state frequencies so that sum of them equals to 1
183  Q.plant       17414.272    73  34974.545    35036.637    35231.025
WARNING: Normalizing state frequencies so that sum of them equals to 1
184  Q.plant+I     17258.704    74  34665.409    34729.570    34925.402
WARNING: Normalizing state frequencies so that sum of them equals to 1
185  Q.plant+G4    16420.157    74  32988.314    33052.476    33248.308
WARNING: Normalizing state frequencies so that sum of them equals to 1
186  Q.plant+I+G4  16412.122    75  32974.245    33040.524    33237.752
WARNING: Normalizing state frequencies so that sum of them equals to 1
187  Q.plant+R2    16582.386    75  33314.771    33381.050    33578.278
WARNING: Normalizing state frequencies so that sum of them equals to 1
188  Q.plant+R3    16434.245    77  33022.490    33093.148    33293.024
WARNING: Normalizing state frequencies so that sum of them equals to 1
189  Q.plant+R4    16390.579    79  32939.157    33014.395    33216.718
WARNING: Normalizing state frequencies so that sum of them equals to 1
190  Q.plant+R5    16387.917    81  32937.834    33017.858    33222.421
WARNING: Normalizing state frequencies so that sum of them equals to 1
196  Q.plant+F     17181.312    92  34546.624    34657.024    34869.860
WARNING: Normalizing state frequencies so that sum of them equals to 1
197  Q.plant+F+I   17021.197    93  34228.394    34341.927    34555.143
WARNING: Normalizing state frequencies so that sum of them equals to 1
198  Q.plant+F+G4  16213.857    93  32613.713    32727.246    32940.462
WARNING: Normalizing state frequencies so that sum of them equals to 1
199  Q.plant+F+I+G4 16203.903    94  32595.806    32712.538    32926.068
WARNING: Normalizing state frequencies so that sum of them equals to 1
200  Q.plant+F+R2  16362.098    94  32912.195    33028.927    33242.457
WARNING: Normalizing state frequencies so that sum of them equals to 1
201  Q.plant+F+R3  16228.829    96  32649.659    32772.996    32986.948
WARNING: Normalizing state frequencies so that sum of them equals to 1
202  Q.plant+F+R4  16183.851    98  32563.701    32693.929    32908.017
WARNING: Normalizing state frequencies so that sum of them equals to 1
203  Q.plant+F+R5  16184.773    100 32569.545    32706.960    32920.888
WARNING: Normalizing state frequencies so that sum of them equals to 1
209  Q.yeast       17359.265    73  34864.529    34926.621    35121.009
WARNING: Normalizing state frequencies so that sum of them equals to 1
210  Q.yeast+I     17211.731    74  34571.461    34635.623    34831.455
WARNING: Normalizing state frequencies so that sum of them equals to 1
211  Q.yeast+G4    16472.542    74  33093.083    33157.245    33353.077
WARNING: Normalizing state frequencies so that sum of them equals to 1
212  Q.yeast+I+G4  16460.200    75  33070.401    33136.680    33333.908
WARNING: Normalizing state frequencies so that sum of them equals to 1
213  Q.yeast+R2    16611.529    75  33373.057    33439.336    33636.565
WARNING: Normalizing state frequencies so that sum of them equals to 1
214  Q.yeast+R3    16483.555    77  33121.110    33191.769    33391.644
WARNING: Normalizing state frequencies so that sum of them equals to 1
215  Q.yeast+R4    16439.853    79  33037.706    33112.944    33315.267
WARNING: Normalizing state frequencies so that sum of them equals to 1
216  Q.yeast+R5    16437.162    81  33036.324    33116.348    33320.912
WARNING: Normalizing state frequencies so that sum of them equals to 1
222  Q.yeast+F     16912.451    92  34008.902    34119.302    34332.137
WARNING: Normalizing state frequencies so that sum of them equals to 1
223  Q.yeast+F+I   16758.509    93  33703.019    33816.551    34029.768
WARNING: Normalizing state frequencies so that sum of them equals to 1
224  Q.yeast+F+G4  16038.982    93  32263.965    32377.497    32590.713
WARNING: Normalizing state frequencies so that sum of them equals to 1
225  Q.yeast+F+I+G4 16023.439    94  32234.878    32351.610    32565.140
WARNING: Normalizing state frequencies so that sum of them equals to 1
226  Q.yeast+F+R2  16167.371    94  32522.743    32639.475    32853.005
WARNING: Normalizing state frequencies so that sum of them equals to 1
227  Q.yeast+F+R3  16047.634    96  32287.268    32410.606    32624.558
WARNING: Normalizing state frequencies so that sum of them equals to 1
228  Q.yeast+F+R4  16005.952    98  32207.904    32338.132    32552.220
WARNING: Normalizing state frequencies so that sum of them equals to 1
229  Q.yeast+F+R5  16006.046    100 32212.092    32349.507    32563.435
235  JTTDCMut      17043.303    73  34232.605    34294.697    34489.086
236  JTTDCMut+I    16907.061    74  33962.123    34026.284    34222.116
237  JTTDCMut+G4   16311.103    74  32770.205    32834.367    33030.199
238  JTTDCMut+I+G4 16300.114    75  32750.227    32816.506    33013.735
239  JTTDCMut+R2   16419.554    75  32989.108    33055.387    33252.615
240  JTTDCMut+R3   16314.553    77  32783.107    32853.766    33053.641
241  JTTDCMut+R4   16280.594    79  32719.189    32794.427    32996.749
242  JTTDCMut+R5   16277.771    81  32717.543    32797.567    33002.130
248  JTTDCMut+F    16894.463    92  33972.926    34083.326    34296.161
249  JTTDCMut+F+I  16755.190    93  33696.380    33809.912    34023.129
250  JTTDCMut+F+G4 16168.433    93  32522.866    32636.398    32849.615
251  JTTDCMut+F+I+G4 16157.257    94  32502.514    32619.246    32832.776
252  JTTDCMut+F+R2 16265.553    94  32719.107    32835.839    33049.369
253  JTTDCMut+F+R3 16170.666    96  32533.332    32656.670    32870.621
254  JTTDCMut+F+R4 16137.303    98  32470.605    32600.833    32814.921
WARNING: Log-likelihood -16138.4 of JTTDCMut+F+R5 worse than JTTDCMut+F+R4 -16137.3
255  JTTDCMut+F+R5 16138.422    100 32476.843    32614.258    32828.186
261  DCMut         17152.646    73  34451.293    34513.385    34707.773
262  DCMut+I       17000.691    74  34149.382    34213.544    34409.376
263  DCMut+G4      16429.908    74  33007.815    33071.977    33267.809
264  DCMut+I+G4    16413.510    75  32977.020    33043.299    33240.527
265  DCMut+R2      16526.097    75  33202.193    33268.472    33465.700
266  DCMut+R3      16437.766    77  33029.533    33100.191    33300.067
267  DCMut+R4      16398.518    79  32955.037    33030.275    33232.598
268  DCMut+R5      16393.899    81  32949.799    33029.823    33234.386
274  DCMut+F       16900.330    92  33984.661    34095.061    34307.896
275  DCMut+F+I     16754.089    93  33694.177    33807.710    34020.926
276  DCMut+F+G4    16176.495    93  32538.990    32652.522    32865.739
277  DCMut+F+I+G4  16159.186    94  32506.372    32623.105    32836.635
278  DCMut+F+R2    16265.412    94  32718.824    32835.556    33049.087
279  DCMut+F+R3    16182.399    96  32556.798    32680.136    32894.087
280  DCMut+F+R4    16146.292    98  32488.584    32618.812    32832.900
WARNING: Log-likelihood -16150.4 of DCMut+F+R5 worse than DCMut+F+R4 -16146.3
281  DCMut+F+R5    16150.447    100 32500.895    32638.310    32852.238
287  VT            16837.608    73  33821.216    33883.308    34077.696
288  VT+I          16708.854    74  33565.709    33629.871    33825.702
289  VT+G4         16202.924    74  32553.847    32618.009    32813.841
290  VT+I+G4       16191.354    75  32532.709    32598.988    32796.216
291  VT+R2         16294.222    75  32738.445    32804.724    33001.952
292  VT+R3         16199.813    77  32553.627    32624.285    32824.161
293  VT+R4         16170.519    79  32499.038    32574.276    32776.598
WARNING: Log-likelihood -16173.5 of VT+R5 worse than VT+R4 -16170.5
294  VT+R5         16173.465    81  32508.929    32588.953    32793.517
300  VT+F          16658.866    92  33501.732    33612.132    33824.968
301  VT+F+I        16529.365    93  33244.730    33358.263    33571.479
302  VT+F+G4       16044.648    93  32275.296    32388.828    32602.045
303  VT+F+I+G4     16031.466    94  32250.932    32367.664    32581.195
304  VT+F+R2       16126.462    94  32440.925    32557.657    32771.187
305  VT+F+R3       16040.445    96  32272.889    32396.227    32610.178
306  VT+F+R4       16011.704    98  32219.408    32349.636    32563.724
WARNING: Log-likelihood -16014.9 of VT+F+R5 worse than VT+F+R4 -16011.7
307  VT+F+R5       16014.903    100 32229.807    32367.221    32581.149
313  PMB           16880.711    73  33907.423    33969.515    34163.903
314  PMB+I         16748.405    74  33644.810    33708.972    33904.804
315  PMB+G4        16234.966    74  32617.931    32682.093    32877.925
316  PMB+I+G4      16222.655    75  32595.310    32661.589    32858.817
317  PMB+R2        16335.515    75  32821.030    32887.309    33084.537
318  PMB+R3        16226.437    77  32606.873    32677.532    32877.407
319  PMB+R4        16203.515    79  32565.031    32640.269    32842.591
320  PMB+R5        16202.080    81  32566.159    32646.184    32850.747
326  PMB+F         16712.978    92  33609.957    33720.357    33933.192
327  PMB+F+I       16580.670    93  33347.341    33460.873    33674.090
328  PMB+F+G4      16088.544    93  32363.087    32476.620    32689.836
329  PMB+F+I+G4    16074.859    94  32337.718    32454.450    32667.980
330  PMB+F+R2      16181.442    94  32550.884    32667.616    32881.146
331  PMB+F+R3      16082.905    96  32357.810    32481.148    32695.099
332  PMB+F+R4      16058.856    98  32313.713    32443.941    32658.029
333  PMB+F+R5      16059.823    100 32319.646    32457.061    32670.989
339  Blosum62      16907.536    73  33961.072    34023.164    34217.552
340  Blosum62+I    16761.377    74  33670.753    33734.915    33930.747
341  Blosum62+G4   16244.431    74  32636.862    32701.024    32896.855
342  Blosum62+I+G4 16230.924    75  32611.849    32678.128    32875.356
343  Blosum62+R2   16349.365    75  32848.729    32915.008    33112.236
344  Blosum62+R3   16242.051    77  32638.103    32708.761    32908.637
345  Blosum62+R4   16211.785    79  32581.571    32656.809    32859.132
346  Blosum62+R5   16211.321    81  32584.643    32664.667    32869.231
352  Blosum62+F    16713.242    92  33610.483    33720.883    33933.719
353  Blosum62+F+I  16567.549    93  33321.097    33434.630    33647.846
354  Blosum62+F+G4 16075.891    93  32337.781    32451.314    32664.530
355  Blosum62+F+I+G4 16060.460    94  32308.919    32425.651    32639.181
356  Blosum62+F+R2 16172.629    94  32533.258    32649.991    32863.521
357  Blosum62+F+R3 16075.982    96  32343.965    32467.302    32681.254
358  Blosum62+F+R4 16044.244    98  32284.489    32414.717    32628.805
WARNING: Log-likelihood -16045.3 of Blosum62+F+R5 worse than Blosum62+F+R4 -16044.2
359  Blosum62+F+R5 16045.253    100 32290.506    32427.921    32641.849
365  Dayhoff       17153.726    73  34453.452    34515.544    34709.932
366  Dayhoff+I     17001.566    74  34151.132    34215.294    34411.126
367  Dayhoff+G4    16430.104    74  33008.208    33072.370    33268.202
368  Dayhoff+I+G4  16413.692    75  32977.384    33043.663    33240.891
369  Dayhoff+R2    16526.182    75  33202.363    33268.642    33465.870
370  Dayhoff+R3    16438.118    77  33030.236    33100.895    33300.770
371  Dayhoff+R4    16398.713    79  32955.425    33030.663    33232.986
372  Dayhoff+R5    16393.988    81  32949.976    33030.000    33234.563
378  Dayhoff+F     16901.110    92  33986.220    34096.620    34309.456
379  Dayhoff+F+I   16754.678    93  33695.355    33808.888    34022.104
380  Dayhoff+F+G4  16176.458    93  32538.915    32652.448    32865.664
381  Dayhoff+F+I+G4 16159.080    94  32506.160    32622.892    32836.422
382  Dayhoff+F+R2  16265.261    94  32718.523    32835.255    33048.785
383  Dayhoff+F+R3  16182.425    96  32556.850    32680.188    32894.139
384  Dayhoff+F+R4  16146.259    98  32488.518    32618.747    32832.834
WARNING: Log-likelihood -16150.4 of Dayhoff+F+R5 worse than Dayhoff+F+R4 -16146.3
385  Dayhoff+F+R5  16150.363    100 32500.726    32638.141    32852.069
391  mtREV         18608.315    73  37362.631    37424.723    37619.111
392  mtREV+I       18416.518    74  36981.036    37045.198    37241.030
393  mtREV+G4      17298.909    74  34745.819    34809.981    35005.812
394  mtREV+I+G4    17275.789    75  34701.577    34767.856    34965.084
395  mtREV+R2      17438.482    75  35026.964    35093.243    35290.471
396  mtREV+R3      17296.609    77  34747.217    34817.876    35017.751
397  mtREV+R4      17266.419    79  34690.837    34766.075    34968.398
398  mtREV+R5      17260.057    81  34682.114    34762.138    34966.701
399  mtREV+R6      17256.397    83  34678.795    34763.819    34970.409
404  mtREV+F       17306.335    92  34796.671    34907.071    35119.906
405  mtREV+F+I     17132.635    93  34451.271    34564.803    34778.020
406  mtREV+F+G4    16295.339    93  32776.678    32890.211    33103.427
407  mtREV+F+I+G4  16277.002    94  32742.004    32858.736    33072.266
408  mtREV+F+R2    16432.569    94  33053.138    33169.870    33383.401
409  mtREV+F+R3    16315.994    96  32823.988    32947.326    33161.278
410  mtREV+F+R4    16274.705    98  32745.409    32875.637    33089.725
411  mtREV+F+R5    16271.031    100 32742.062    32879.477    33093.405
417  mtART         19699.236    73  39544.471    39606.563    39800.952
418  mtART+I       19442.246    74  39032.492    39096.654    39292.486
419  mtART+G4      17661.305    74  35470.610    35534.772    35730.604
420  mtART+I+G4    17643.388    75  35436.776    35503.055    35700.283
421  mtART+R2      17898.607    75  35947.214    36013.493    36210.722
422  mtART+R3      17707.199    77  35568.397    35639.056    35838.931
423  mtART+R4      17635.374    79  35428.747    35503.985    35706.308
424  mtART+R5      17610.599    81  35383.198    35463.222    35667.786
425  mtART+R6      17605.832    83  35377.665    35462.689    35669.279
430  mtART+F       18151.854    92  36487.709    36598.109    36810.944
431  mtART+F+I     17920.969    93  36027.939    36141.471    36354.687
432  mtART+F+G4    16509.597    93  33205.194    33318.726    33531.943
433  mtART+F+I+G4  16480.161    94  33148.323    33265.055    33478.585
434  mtART+F+R2    16730.317    94  33648.634    33765.366    33978.896
435  mtART+F+R3    16609.276    96  33410.552    33533.890    33747.841
436  mtART+F+R4    16495.235    98  33186.470    33316.699    33530.786
437  mtART+F+R5    16464.708    100 33129.415    33266.830    33480.758
438  mtART+F+R6    16458.291    102 33120.581    33265.492    33478.951
439  mtART+F+R7    16455.055    104 33118.110    33270.837    33483.506
443  mtZOA         18819.383    73  37784.765    37846.857    38041.245
444  mtZOA+I       18599.280    74  37346.560    37410.722    37606.554
445  mtZOA+G4      17103.479    74  34354.958    34419.120    34614.952
446  mtZOA+I+G4    17084.025    75  34318.049    34384.328    34581.556
447  mtZOA+R2      17276.851    75  34703.702    34769.981    34967.209
448  mtZOA+R3      17103.273    77  34360.545    34431.204    34631.079
449  mtZOA+R4      17074.935    79  34307.869    34383.107    34585.430
450  mtZOA+R5      17056.821    81  34275.642    34355.666    34560.229
451  mtZOA+R6      17052.698    83  34271.395    34356.420    34563.010
456  mtZOA+F       17692.346    92  35568.692    35679.092    35891.927
457  mtZOA+F+I     17496.189    93  35178.377    35291.910    35505.126
458  mtZOA+F+G4    16320.121    93  32826.242    32939.774    33152.990
459  mtZOA+F+I+G4  16292.240    94  32772.479    32889.211    33102.741
460  mtZOA+F+R2    16500.861    94  33189.723    33306.455    33519.985
461  mtZOA+F+R3    16373.953    96  32939.907    33063.245    33277.196
462  mtZOA+F+R4    16309.095    98  32814.191    32944.419    33158.507
463  mtZOA+F+R5    16302.646    100 32805.292    32942.706    33156.634
464  mtZOA+F+R6    16294.412    102 32792.824    32937.734    33151.193
465  mtZOA+F+R7    16289.723    104 32787.446    32940.174    33152.843
469  mtMet         19009.256    73  38164.512    38226.604    38420.993
470  mtMet+I       18828.407    74  37804.814    37868.976    38064.808
471  mtMet+G4      17583.295    74  35314.590    35378.752    35574.584
472  mtMet+I+G4    17566.155    75  35282.310    35348.589    35545.817
473  mtMet+R2      17738.402    75  35626.805    35693.084    35890.312
474  mtMet+R3      17584.993    77  35323.986    35394.644    35594.520
475  mtMet+R4      17559.269    79  35276.537    35351.776    35554.098
476  mtMet+R5      17545.181    81  35252.363    35332.387    35536.951
477  mtMet+R6      17544.159    83  35254.317    35339.341    35545.932
482  mtMet+F       17543.190    92  35270.381    35380.781    35593.616
483  mtMet+F+I     17363.533    93  34913.066    35026.599    35239.815
484  mtMet+F+G4    16380.062    93  32946.124    33059.656    33272.873
485  mtMet+F+I+G4  16357.199    94  32902.398    33019.130    33232.660
486  mtMet+F+R2    16529.321    94  33246.642    33363.374    33576.904
487  mtMet+F+R3    16400.070    96  32992.140    33115.477    33329.429
488  mtMet+F+R4    16358.087    98  32912.173    33042.401    33256.489
489  mtMet+F+R5    16355.862    100 32911.723    33049.138    33263.066
495  mtVer         18983.116    73  38112.233    38174.325    38368.713
496  mtVer+I       18776.973    74  37701.946    37766.108    37961.939
497  mtVer+G4      17498.566    74  35145.132    35209.294    35405.125
498  mtVer+I+G4    17479.491    75  35108.982    35175.261    35372.489
499  mtVer+R2      17642.612    75  35435.224    35501.504    35698.732
500  mtVer+R3      17496.509    77  35147.018    35217.676    35417.552
501  mtVer+R4      17469.353    79  35096.707    35171.945    35374.268
502  mtVer+R5      17455.788    81  35073.576    35153.600    35358.164
503  mtVer+R6      17454.062    83  35074.123    35159.147    35365.738
508  mtVer+F       17783.400    92  35750.800    35861.200    36074.036
509  mtVer+F+I     17583.042    93  35352.085    35465.617    35678.834
510  mtVer+F+G4    16555.355    93  33296.709    33410.242    33623.458
511  mtVer+F+I+G4  16533.243    94  33254.486    33371.218    33584.749
512  mtVer+F+R2    16716.793    94  33621.585    33738.317    33951.848
513  mtVer+F+R3    16590.978    96  33373.956    33497.293    33711.245
514  mtVer+F+R4    16536.745    98  33269.490    33399.718    33613.806
515  mtVer+F+R5    16535.599    100 33271.199    33408.614    33622.542
521  mtInv         19084.766    73  38315.531    38377.623    38572.011
522  mtInv+I       18914.965    74  37977.930    38042.091    38237.923
523  mtInv+G4      17797.811    74  35743.623    35807.785    36003.616
524  mtInv+I+G4    17780.609    75  35711.218    35777.497    35974.725
525  mtInv+R2      17950.276    75  36050.552    36116.831    36314.059
526  mtInv+R3      17800.269    77  35754.538    35825.197    36025.072
527  mtInv+R4      17770.767    79  35699.534    35774.772    35977.094
528  mtInv+R5      17759.902    81  35681.803    35761.827    35966.391
529  mtInv+R6      17758.742    83  35683.484    35768.509    35975.099
534  mtInv+F       17331.760    92  34847.520    34957.920    35170.755
535  mtInv+F+I     17160.097    93  34506.193    34619.726    34832.942
536  mtInv+F+G4    16262.096    93  32710.191    32823.724    33036.940
537  mtInv+F+I+G4  16236.273    94  32660.547    32777.279    32990.809
538  mtInv+F+R2    16403.747    94  32995.494    33112.226    33325.757
539  mtInv+F+R3    16275.059    96  32742.118    32865.456    33079.407
540  mtInv+F+R4    16234.680    98  32665.361    32795.589    33009.677
541  mtInv+F+R5    16234.050    100 32668.099    32805.514    33019.442
547  mtMAM         19393.120    73  38932.239    38994.331    39188.720
548  mtMAM+I       19136.838    74  38421.677    38485.839    38681.671
549  mtMAM+G4      17562.511    74  35273.022    35337.184    35533.016
550  mtMAM+I+G4    17541.637    75  35233.273    35299.552    35496.780
551  mtMAM+R2      17757.323    75  35664.645    35730.924    35928.152
552  mtMAM+R3      17664.370    77  35482.740    35553.399    35753.274
553  mtMAM+R4      17529.821    79  35217.643    35292.881    35495.204
554  mtMAM+R5      17524.861    81  35211.723    35291.747    35496.311
560  mtMAM+F       18035.639    92  36255.277    36365.677    36578.513
561  mtMAM+F+I     17804.261    93  35794.522    35908.055    36121.271
562  mtMAM+F+G4    16619.980    93  33425.961    33539.493    33752.710
563  mtMAM+F+I+G4  16594.842    94  33377.684    33494.416    33707.946
564  mtMAM+F+R2    16801.449    94  33790.898    33907.630    34121.160
565  mtMAM+F+R3    16679.431    96  33550.863    33674.200    33888.152
566  mtMAM+F+R4    16590.761    98  33377.523    33507.751    33721.839
WARNING: Log-likelihood -16598 of mtMAM+F+R5 worse than mtMAM+F+R4 -16590.8
567  mtMAM+F+R5    16598.039    100 33396.077    33533.492    33747.420
WARNING: Normalizing state frequencies so that sum of them equals to 1
573  FLAVI         18176.308    73  36498.616    36560.708    36755.096
WARNING: Normalizing state frequencies so that sum of them equals to 1
574  FLAVI+I       18006.448    74  36160.896    36225.058    36420.890
WARNING: Normalizing state frequencies so that sum of them equals to 1
575  FLAVI+G4      17042.037    74  34232.074    34296.236    34492.068
WARNING: Normalizing state frequencies so that sum of them equals to 1
576  FLAVI+I+G4    17041.018    75  34232.037    34298.316    34495.544
WARNING: Normalizing state frequencies so that sum of them equals to 1
577  FLAVI+R2      17194.167    75  34538.333    34604.613    34801.841
WARNING: Normalizing state frequencies so that sum of them equals to 1
578  FLAVI+R3      17051.920    77  34257.840    34328.498    34528.374
WARNING: Normalizing state frequencies so that sum of them equals to 1
579  FLAVI+R4      17006.984    79  34171.969    34247.207    34449.530
WARNING: Normalizing state frequencies so that sum of them equals to 1
580  FLAVI+R5      16998.400    81  34158.800    34238.824    34443.388
WARNING: Normalizing state frequencies so that sum of them equals to 1
581  FLAVI+R6      16998.103    83  34162.206    34247.231    34453.821
WARNING: Normalizing state frequencies so that sum of them equals to 1
586  FLAVI+F       17816.913    92  35817.825    35928.225    36141.061
WARNING: Normalizing state frequencies so that sum of them equals to 1
587  FLAVI+F+I     17638.654    93  35463.309    35576.841    35790.057
WARNING: Normalizing state frequencies so that sum of them equals to 1
588  FLAVI+F+G4    16741.211    93  33668.422    33781.955    33995.171
WARNING: Normalizing state frequencies so that sum of them equals to 1
589  FLAVI+F+I+G4  16729.323    94  33646.646    33763.378    33976.909
WARNING: Normalizing state frequencies so that sum of them equals to 1
590  FLAVI+F+R2    16884.858    94  33957.715    34074.447    34287.978
WARNING: Normalizing state frequencies so that sum of them equals to 1
591  FLAVI+F+R3    16760.566    96  33713.133    33836.471    34050.422
WARNING: Normalizing state frequencies so that sum of them equals to 1
592  FLAVI+F+R4    16705.874    98  33607.749    33737.977    33952.065
WARNING: Normalizing state frequencies so that sum of them equals to 1
593  FLAVI+F+R5    16700.463    100 33600.926    33738.340    33952.268
599  HIVb          17553.113    73  35252.226    35314.318    35508.707
600  HIVb+I        17397.938    74  34943.876    35008.038    35203.870
601  HIVb+G4       16613.515    74  33375.031    33439.192    33635.024
602  HIVb+I+G4     16604.458    75  33358.915    33425.194    33622.422
603  HIVb+R2       16772.354    75  33694.708    33760.987    33958.215
604  HIVb+R3       16623.756    77  33401.512    33472.171    33672.046
605  HIVb+R4       16589.360    79  33336.720    33411.958    33614.281
606  HIVb+R5       16577.282    81  33316.565    33396.589    33601.153
607  HIVb+R6       16573.759    83  33313.519    33398.543    33605.133
612  HIVb+F        17410.149    92  35004.298    35114.698    35327.534
613  HIVb+F+I      17249.596    93  34685.191    34798.724    35011.940
614  HIVb+F+G4     16443.504    93  33073.007    33186.540    33399.756
615  HIVb+F+I+G4   16435.010    94  33058.019    33174.751    33388.281
616  HIVb+F+R2     16603.636    94  33395.271    33512.003    33725.534
617  HIVb+F+R3     16456.800    96  33105.599    33228.937    33442.889
618  HIVb+F+R4     16420.082    98  33036.164    33166.392    33380.480
619  HIVb+F+R5     16417.455    100 33034.910    33172.325    33386.253
625  HIVw          18498.613    73  37143.227    37205.319    37399.707
626  HIVw+I        18337.227    74  36822.455    36886.616    37082.448
627  HIVw+G4       17572.351    74  35292.702    35356.864    35552.696
628  HIVw+I+G4     17562.060    75  35274.120    35340.399    35537.627
629  HIVw+R2       17745.942    75  35641.884    35708.163    35905.391
630  HIVw+R3       17605.917    77  35365.833    35436.492    35636.367
631  HIVw+R4       17540.692    79  35239.383    35314.622    35516.944
632  HIVw+R5       17527.498    81  35216.996    35297.020    35501.584
633  HIVw+R6       17527.406    83  35220.812    35305.837    35512.427
638  HIVw+F        17899.179    92  35982.359    36092.759    36305.594
639  HIVw+F+I      17715.160    93  35616.321    35729.853    35943.070
640  HIVw+F+G4     16933.651    93  34053.301    34166.834    34380.050
641  HIVw+F+I+G4   16924.496    94  34036.993    34153.725    34367.255
642  HIVw+F+R2     17090.718    94  34369.436    34486.168    34699.698
643  HIVw+F+R3     16963.009    96  34118.017    34241.355    34455.307
644  HIVw+F+R4     16899.003    98  33994.006    34124.234    34338.322
645  HIVw+F+R5     16891.905    100 33983.809    34121.224    34335.152
646  HIVw+F+R6     16889.046    102 33982.091    34127.002    34340.461
651  FLU           17678.047    73  35502.095    35564.187    35758.575
652  FLU+I         17522.293    74  35192.586    35256.747    35452.579
653  FLU+G4        16822.662    74  33793.323    33857.485    34053.317
654  FLU+I+G4      16807.726    75  33765.451    33831.730    34028.958
655  FLU+R2        16958.532    75  34067.064    34133.343    34330.571
656  FLU+R3        16830.573    77  33815.147    33885.805    34085.681
657  FLU+R4        16788.193    79  33734.387    33809.625    34011.947
658  FLU+R5        16778.176    81  33718.352    33798.376    34002.940
659  FLU+R6        16778.187    83  33722.375    33807.399    34013.989
664  FLU+F         17239.052    92  34662.104    34772.504    34985.340
665  FLU+F+I       17068.709    93  34323.419    34436.951    34650.168
666  FLU+F+G4      16375.298    93  32936.596    33050.128    33263.345
667  FLU+F+I+G4    16360.125    94  32908.249    33024.981    33238.511
668  FLU+F+R2      16507.061    94  33202.122    33318.854    33532.384
669  FLU+F+R3      16390.386    96  32972.772    33096.110    33310.061
670  FLU+F+R4      16347.887    98  32891.773    33022.001    33236.089
671  FLU+F+R5      16345.226    100 32890.452    33027.867    33241.795
677  rtREV         17167.866    73  34481.732    34543.824    34738.212
678  rtREV+I       17007.408    74  34162.816    34226.978    34422.810
679  rtREV+G4      16363.056    74  32874.112    32938.274    33134.106
680  rtREV+I+G4    16350.402    75  32850.804    32917.084    33114.312
681  rtREV+R2      16492.896    75  33135.792    33202.071    33399.299
682  rtREV+R3      16376.581    77  32907.163    32977.822    33177.697
683  rtREV+R4      16330.569    79  32819.138    32894.376    33096.699
684  rtREV+R5      16329.672    81  32821.345    32901.369    33105.933
690  rtREV+F       16863.720    92  33911.439    34021.839    34234.674
691  rtREV+F+I     16698.746    93  33583.493    33697.025    33910.242
692  rtREV+F+G4    16043.100    93  32272.199    32385.732    32598.948
693  rtREV+F+I+G4  16026.549    94  32241.098    32357.830    32571.360
694  rtREV+F+R2    16172.009    94  32532.017    32648.749    32862.280
695  rtREV+F+R3    16055.531    96  32303.063    32426.400    32640.352
696  rtREV+F+R4    16013.737    98  32223.474    32353.702    32567.790
WARNING: Log-likelihood -16016.1 of rtREV+F+R5 worse than rtREV+F+R4 -16013.7
697  rtREV+F+R5    16016.101    100 32232.201    32369.616    32583.544
703  cpREV         17078.924    73  34303.847    34365.939    34560.327
704  cpREV+I       16939.767    74  34027.535    34091.697    34287.529
705  cpREV+G4      16349.388    74  32846.776    32910.937    33106.769
706  cpREV+I+G4    16335.101    75  32820.203    32886.482    33083.710
707  cpREV+R2      16454.754    75  33059.507    33125.786    33323.014
708  cpREV+R3      16353.574    77  32861.148    32931.807    33131.682
709  cpREV+R4      16319.322    79  32796.643    32871.881    33074.204
710  cpREV+R5      16320.121    81  32802.242    32882.266    33086.830
716  cpREV+F       16774.297    92  33732.593    33842.993    34055.829
717  cpREV+F+I     16637.131    93  33460.262    33573.795    33787.011
718  cpREV+F+G4    16080.837    93  32347.673    32461.206    32674.422
719  cpREV+F+I+G4  16065.816    94  32319.631    32436.363    32649.894
720  cpREV+F+R2    16185.855    94  32559.710    32676.442    32889.973
721  cpREV+F+R3    16091.894    96  32375.788    32499.125    32713.077
722  cpREV+F+R4    16059.007    98  32314.014    32444.242    32658.330
723  cpREV+F+R5    16057.792    100 32315.583    32452.998    32666.926
Model C10 is alias for POISSON+G+FMIX{C10pi1:1:0.1191344178,C10pi2:1:0.0874372456,C10pi3:1:0.1037105070,C10pi4:1:0.0922584809,C10pi5:1:0.1070492801,C10pi6:1:0.1329945166,C10pi7:1:0.0538028458,C10pi8:1:0.0691986212,C10pi9:1:0.1319937434,C10pi10:1:0.1024203429}
729  C10           16281.342    74  32710.685    32774.847    32970.678
Model C20 is alias for POISSON+G+FMIX{C20pi1:1:0.0559910600,C20pi2:1:0.0514824870,C20pi3:1:0.0812922124,C20pi4:1:0.0721976867,C20pi5:1:0.0556718858,C20pi6:1:0.0331003080,C20pi7:1:0.0589501763,C20pi8:1:0.0263756889,C20pi9:1:0.0307584220,C20pi10:1:0.0376701125,C20pi11:1:0.0303058290,C20pi12:1:0.0808775576,C20pi13:1:0.0263349134,C20pi14:1:0.0579101455,C20pi15:1:0.0371248064,C20pi16:1:0.0586867766,C20pi17:1:0.0561479138,C20pi18:1:0.0349810886,C20pi19:1:0.0544937394,C20pi20:1:0.0596471901}
730  C20           16145.596    74  32439.192    32503.354    32699.186
Model C30 is alias for POISSON+G+FMIX{C30pi1:1:0.0095783264,C30pi2:1:0.0248476365,C30pi3:1:0.0636309366,C30pi4:1:0.0537939225,C30pi5:1:0.0295885587,C30pi6:1:0.0117587936,C30pi7:1:0.0132013428,C30pi8:1:0.0236868805,C30pi9:1:0.0261687659,C30pi10:1:0.0239821974,C30pi11:1:0.0257100906,C30pi12:1:0.0465072425,C30pi13:1:0.0546794546,C30pi14:1:0.0536085131,C30pi15:1:0.0270622670,C30pi16:1:0.0403913593,C30pi17:1:0.0474212700,C30pi18:1:0.0458816478,C30pi19:1:0.0214036510,C30pi20:1:0.0290385981,C30pi21:1:0.0123391793,C30pi22:1:0.0569350229,C30pi23:1:0.0419687568,C30pi24:1:0.0339027062,C30pi25:1:0.0388777376,C30pi26:1:0.0196343766,C30pi27:1:0.0233086174,C30pi28:1:0.0622722654,C30pi29:1:0.0184803385,C30pi30:1:0.0203395454}
731  C30           16083.792    74  32315.584    32379.746    32575.577
Model C40 is alias for POISSON+G+FMIX{C40pi1:1:0.0223853788,C40pi2:1:0.0338891820,C40pi3:1:0.0577169375,C40pi4:1:0.0252416233,C40pi5:1:0.0108607921,C40pi6:1:0.0462373793,C40pi7:1:0.0102293175,C40pi8:1:0.0147523625,C40pi9:1:0.0143161352,C40pi10:1:0.0182302541,C40pi11:1:0.0204025079,C40pi12:1:0.0425505156,C40pi13:1:0.0248627269,C40pi14:1:0.0105892988,C40pi15:1:0.0188238725,C40pi16:1:0.0086663445,C40pi17:1:0.0148496147,C40pi18:1:0.0343037402,C40pi19:1:0.0225335203,C40pi20:1:0.0174068578,C40pi21:1:0.0112207827,C40pi22:1:0.0443532245,C40pi23:1:0.0392573370,C40pi24:1:0.0196756555,C40pi25:1:0.0287690328,C40pi26:1:0.0114441177,C40pi27:1:0.0112338740,C40pi28:1:0.0582694099,C40pi29:1:0.0444272279,C40pi30:1:0.0112010942,C40pi31:1:0.0145176111,C40pi32:1:0.0114629026,C40pi33:1:0.0239628061,C40pi34:1:0.0266266492,C40pi35:1:0.0481201159,C40pi36:1:0.0371147423,C40pi37:1:0.0160476688,C40pi38:1:0.0237249267,C40pi39:1:0.0235226203,C40pi40:1:0.0261998398}
732  C40           16077.336    74  32302.673    32366.834    32562.666
Model C50 is alias for POISSON+G+FMIX{C50pi1:1:0.0164297003,C50pi2:1:0.0273175755,C50pi3:1:0.0460247610,C50pi4:1:0.0084864734,C50pi5:1:0.0125389252,C50pi6:1:0.0343549036,C50pi7:1:0.0130241102,C50pi8:1:0.0094755681,C50pi9:1:0.0190040551,C50pi10:1:0.0151902354,C50pi11:1:0.0320534760,C50pi12:1:0.0210059850,C50pi13:1:0.0237408547,C50pi14:1:0.0239841203,C50pi15:1:0.0213748021,C50pi16:1:0.0210717705,C50pi17:1:0.0050241805,C50pi18:1:0.0166262276,C50pi19:1:0.0143945956,C50pi20:1:0.0104391130,C50pi21:1:0.0107628277,C50pi22:1:0.0148818171,C50pi23:1:0.0321480239,C50pi24:1:0.0145477978,C50pi25:1:0.0332355807,C50pi26:1:0.0143190281,C50pi27:1:0.0234478734,C50pi28:1:0.0183044983,C50pi29:1:0.0403269452,C50pi30:1:0.0135629530,C50pi31:1:0.0091880799,C50pi32:1:0.0158270022,C50pi33:1:0.0121019379,C50pi34:1:0.0353560982,C50pi35:1:0.0404495617,C50pi36:1:0.0104569232,C50pi37:1:0.0146187792,C50pi38:1:0.0093984095,C50pi39:1:0.0146773809,C50pi40:1:0.0201635562,C50pi41:1:0.0255640273,C50pi42:1:0.0039486842,C50pi43:1:0.0393652608,C50pi44:1:0.0056415419,C50pi45:1:0.0382833580,C50pi46:1:0.0039735086,C50pi47:1:0.0140269355,C50pi48:1:0.0476703673,C50pi49:1:0.0204062788,C50pi50:1:0.0117835304}
733  C50           16051.477    74  32250.953    32315.115    32510.947
Model C60 is alias for POISSON+G+FMIX{C60pi1:1:0.0169698865,C60pi2:1:0.0211683374,C60pi3:1:0.0276589079,C60pi4:1:0.0065675964,C60pi5:1:0.0141221416,C60pi6:1:0.0068774834,C60pi7:1:0.0146909701,C60pi8:1:0.0067225777,C60pi9:1:0.0018396660,C60pi10:1:0.0102547197,C60pi11:1:0.0230896163,C60pi12:1:0.0057941033,C60pi13:1:0.0125394534,C60pi14:1:0.0204526478,C60pi15:1:0.0070629602,C60pi16:1:0.0117982741,C60pi17:1:0.0068334668,C60pi18:1:0.0433775839,C60pi19:1:0.0318278731,C60pi20:1:0.0222546108,C60pi21:1:0.0102264969,C60pi22:1:0.0150545891,C60pi23:1:0.0134159878,C60pi24:1:0.0148552065,C60pi25:1:0.0239111516,C60pi26:1:0.0128776278,C60pi27:1:0.0222318842,C60pi28:1:0.0247444742,C60pi29:1:0.0214274810,C60pi30:1:0.0115001882,C60pi31:1:0.0076017389,C60pi32:1:0.0130258568,C60pi33:1:0.0093701965,C60pi34:1:0.0467194264,C60pi35:1:0.0441940314,C60pi36:1:0.0322263154,C60pi37:1:0.0402999891,C60pi38:1:0.0150234227,C60pi39:1:0.0104589903,C60pi40:1:0.0214742395,C60pi41:1:0.0154957836,C60pi42:1:0.0101789953,C60pi43:1:0.0227980379,C60pi44:1:0.0123204539,C60pi45:1:0.0066777583,C60pi46:1:0.0004150083,C60pi47:1:0.0344385130,C60pi48:1:0.0113663379,C60pi49:1:0.0127143049,C60pi50:1:0.0124323741,C60pi51:1:0.0262124415,C60pi52:1:0.0064994957,C60pi53:1:0.0103203293,C60pi54:1:0.0142463512,C60pi55:1:0.0215600067,C60pi56:1:0.0199150700,C60pi57:1:0.0038964200,C60pi58:1:0.0113448855,C60pi59:1:0.0128595846,C60pi60:1:0.0117656776}
WARNING: Your input class weight 0.000415008 is very small and may cause numerical issues
734  C60           16045.164    74  32238.327    32302.489    32498.321
Model EX2 is alias for MIX{BurEX2:0.672020808818762,ExpEX2:1.6413466609931}
WARNING: Normalizing state frequencies so that sum of them equals to 1
735  EX2           16334.190    74  32816.381    32880.542    33076.374
Model EX3 is alias for MIX{BurEX3:0.427672756793791,IntEX3:0.837595938019774,HExEX3:1.51863631431518}
WARNING: Normalizing state frequencies so that sum of them equals to 1
WARNING: Normalizing state frequencies so that sum of them equals to 1
736  EX3           16241.547    75  32633.094    32699.373    32896.601
Model EHO is alias for MIX{ExtEHO:0.720274356,HelEHO:0.976798797,OthEHO:0.783109376}
WARNING: Normalizing state frequencies so that sum of them equals to 1
WARNING: Normalizing state frequencies so that sum of them equals to 1
WARNING: Normalizing state frequencies so that sum of them equals to 1
737  EHO           16732.652    75  33615.303    33681.582    33878.810
Model UL2 is alias for MIX{M1_UL2:0.581348617,M2_UL2:1.465482789}
WARNING: Normalizing state frequencies so that sum of them equals to 1
738  UL2           16391.818    74  32931.636    32995.798    33191.630
Model UL3 is alias for MIX{Q1_UL3:0.484340397,Q2_UL3:0.492780514,Q3_UL3:1.15597274}
WARNING: Normalizing state frequencies so that sum of them equals to 1
WARNING: Normalizing state frequencies so that sum of them equals to 1
739  UL3           16830.274    75  33810.548    33876.827    34074.055
Model EX_EHO is alias for MIX{BUR_EXT:0.761816796788931,BUR_HEL:0.744425646802117,BUR_OTH:0.532457759429489,EXP_EXT:1.5639387472863,EXP_HEL:2.06403411829438,EXP_OTH:1.43336795177594}
WARNING: Normalizing state frequencies so that sum of them equals to 1
WARNING: Normalizing state frequencies so that sum of them equals to 1
WARNING: Normalizing state frequencies so that sum of them equals to 1
740  EX_EHO        16162.641    78  32481.282    32554.205    32755.329
Model LG4M is alias for MIX{LG4M1,LG4M2,LG4M3,LG4M4}*G4
741  LG4M          16020.235    74  32188.471    32252.632    32448.464
Model LG4X is alias for MIX{LG4X1,LG4X2,LG4X3,LG4X4}*R4
742  LG4X          16024.147    79  32206.295    32281.533    32483.856
Model CF4 is alias for POISSON+FMIX{Fclass1,Fclass2,Fclass3,Fclass4}+F+G
WARNING: Normalizing State frequencies so that sum of them equals to 1
WARNING: Normalizing State frequencies so that sum of them equals to 1
WARNING: Normalizing State frequencies so that sum of them equals to 1
WARNING: Normalizing State frequencies so that sum of them equals to 1
743  CF4           16517.205    97  33228.410    33355.156    33569.212
Model LG+C10 is alias for LG+POISSON+G+FMIX{C10pi1:1:0.1191344178,C10pi2:1:0.0874372456,C10pi3:1:0.1037105070,C10pi4:1:0.0922584809,C10pi5:1:0.1070492801,C10pi6:1:0.1329945166,C10pi7:1:0.0538028458,C10pi8:1:0.0691986212,C10pi9:1:0.1319937434,C10pi10:1:0.1024203429}
744  LG+C10        16355.373    74  32858.747    32922.908    33118.740
Model LG+C20 is alias for LG+POISSON+G+FMIX{C20pi1:1:0.0559910600,C20pi2:1:0.0514824870,C20pi3:1:0.0812922124,C20pi4:1:0.0721976867,C20pi5:1:0.0556718858,C20pi6:1:0.0331003080,C20pi7:1:0.0589501763,C20pi8:1:0.0263756889,C20pi9:1:0.0307584220,C20pi10:1:0.0376701125,C20pi11:1:0.0303058290,C20pi12:1:0.0808775576,C20pi13:1:0.0263349134,C20pi14:1:0.0579101455,C20pi15:1:0.0371248064,C20pi16:1:0.0586867766,C20pi17:1:0.0561479138,C20pi18:1:0.0349810886,C20pi19:1:0.0544937394,C20pi20:1:0.0596471901}
745  LG+C20        16206.901    74  32561.801    32625.963    32821.795
Model LG+C30 is alias for LG+POISSON+G+FMIX{C30pi1:1:0.0095783264,C30pi2:1:0.0248476365,C30pi3:1:0.0636309366,C30pi4:1:0.0537939225,C30pi5:1:0.0295885587,C30pi6:1:0.0117587936,C30pi7:1:0.0132013428,C30pi8:1:0.0236868805,C30pi9:1:0.0261687659,C30pi10:1:0.0239821974,C30pi11:1:0.0257100906,C30pi12:1:0.0465072425,C30pi13:1:0.0546794546,C30pi14:1:0.0536085131,C30pi15:1:0.0270622670,C30pi16:1:0.0403913593,C30pi17:1:0.0474212700,C30pi18:1:0.0458816478,C30pi19:1:0.0214036510,C30pi20:1:0.0290385981,C30pi21:1:0.0123391793,C30pi22:1:0.0569350229,C30pi23:1:0.0419687568,C30pi24:1:0.0339027062,C30pi25:1:0.0388777376,C30pi26:1:0.0196343766,C30pi27:1:0.0233086174,C30pi28:1:0.0622722654,C30pi29:1:0.0184803385,C30pi30:1:0.0203395454}
746  LG+C30        16143.034    74  32434.067    32498.229    32694.061
Model LG+C40 is alias for LG+POISSON+G+FMIX{C40pi1:1:0.0223853788,C40pi2:1:0.0338891820,C40pi3:1:0.0577169375,C40pi4:1:0.0252416233,C40pi5:1:0.0108607921,C40pi6:1:0.0462373793,C40pi7:1:0.0102293175,C40pi8:1:0.0147523625,C40pi9:1:0.0143161352,C40pi10:1:0.0182302541,C40pi11:1:0.0204025079,C40pi12:1:0.0425505156,C40pi13:1:0.0248627269,C40pi14:1:0.0105892988,C40pi15:1:0.0188238725,C40pi16:1:0.0086663445,C40pi17:1:0.0148496147,C40pi18:1:0.0343037402,C40pi19:1:0.0225335203,C40pi20:1:0.0174068578,C40pi21:1:0.0112207827,C40pi22:1:0.0443532245,C40pi23:1:0.0392573370,C40pi24:1:0.0196756555,C40pi25:1:0.0287690328,C40pi26:1:0.0114441177,C40pi27:1:0.0112338740,C40pi28:1:0.0582694099,C40pi29:1:0.0444272279,C40pi30:1:0.0112010942,C40pi31:1:0.0145176111,C40pi32:1:0.0114629026,C40pi33:1:0.0239628061,C40pi34:1:0.0266266492,C40pi35:1:0.0481201159,C40pi36:1:0.0371147423,C40pi37:1:0.0160476688,C40pi38:1:0.0237249267,C40pi39:1:0.0235226203,C40pi40:1:0.0261998398}
747  LG+C40        16137.445    74  32422.890    32487.051    32682.883
Model LG+C50 is alias for LG+POISSON+G+FMIX{C50pi1:1:0.0164297003,C50pi2:1:0.0273175755,C50pi3:1:0.0460247610,C50pi4:1:0.0084864734,C50pi5:1:0.0125389252,C50pi6:1:0.0343549036,C50pi7:1:0.0130241102,C50pi8:1:0.0094755681,C50pi9:1:0.0190040551,C50pi10:1:0.0151902354,C50pi11:1:0.0320534760,C50pi12:1:0.0210059850,C50pi13:1:0.0237408547,C50pi14:1:0.0239841203,C50pi15:1:0.0213748021,C50pi16:1:0.0210717705,C50pi17:1:0.0050241805,C50pi18:1:0.0166262276,C50pi19:1:0.0143945956,C50pi20:1:0.0104391130,C50pi21:1:0.0107628277,C50pi22:1:0.0148818171,C50pi23:1:0.0321480239,C50pi24:1:0.0145477978,C50pi25:1:0.0332355807,C50pi26:1:0.0143190281,C50pi27:1:0.0234478734,C50pi28:1:0.0183044983,C50pi29:1:0.0403269452,C50pi30:1:0.0135629530,C50pi31:1:0.0091880799,C50pi32:1:0.0158270022,C50pi33:1:0.0121019379,C50pi34:1:0.0353560982,C50pi35:1:0.0404495617,C50pi36:1:0.0104569232,C50pi37:1:0.0146187792,C50pi38:1:0.0093984095,C50pi39:1:0.0146773809,C50pi40:1:0.0201635562,C50pi41:1:0.0255640273,C50pi42:1:0.0039486842,C50pi43:1:0.0393652608,C50pi44:1:0.0056415419,C50pi45:1:0.0382833580,C50pi46:1:0.0039735086,C50pi47:1:0.0140269355,C50pi48:1:0.0476703673,C50pi49:1:0.0204062788,C50pi50:1:0.0117835304}
748  LG+C50        16117.322    74  32382.643    32446.805    32642.637
Model LG+C60 is alias for LG+POISSON+G+FMIX{C60pi1:1:0.0169698865,C60pi2:1:0.0211683374,C60pi3:1:0.0276589079,C60pi4:1:0.0065675964,C60pi5:1:0.0141221416,C60pi6:1:0.0068774834,C60pi7:1:0.0146909701,C60pi8:1:0.0067225777,C60pi9:1:0.0018396660,C60pi10:1:0.0102547197,C60pi11:1:0.0230896163,C60pi12:1:0.0057941033,C60pi13:1:0.0125394534,C60pi14:1:0.0204526478,C60pi15:1:0.0070629602,C60pi16:1:0.0117982741,C60pi17:1:0.0068334668,C60pi18:1:0.0433775839,C60pi19:1:0.0318278731,C60pi20:1:0.0222546108,C60pi21:1:0.0102264969,C60pi22:1:0.0150545891,C60pi23:1:0.0134159878,C60pi24:1:0.0148552065,C60pi25:1:0.0239111516,C60pi26:1:0.0128776278,C60pi27:1:0.0222318842,C60pi28:1:0.0247444742,C60pi29:1:0.0214274810,C60pi30:1:0.0115001882,C60pi31:1:0.0076017389,C60pi32:1:0.0130258568,C60pi33:1:0.0093701965,C60pi34:1:0.0467194264,C60pi35:1:0.0441940314,C60pi36:1:0.0322263154,C60pi37:1:0.0402999891,C60pi38:1:0.0150234227,C60pi39:1:0.0104589903,C60pi40:1:0.0214742395,C60pi41:1:0.0154957836,C60pi42:1:0.0101789953,C60pi43:1:0.0227980379,C60pi44:1:0.0123204539,C60pi45:1:0.0066777583,C60pi46:1:0.0004150083,C60pi47:1:0.0344385130,C60pi48:1:0.0113663379,C60pi49:1:0.0127143049,C60pi50:1:0.0124323741,C60pi51:1:0.0262124415,C60pi52:1:0.0064994957,C60pi53:1:0.0103203293,C60pi54:1:0.0142463512,C60pi55:1:0.0215600067,C60pi56:1:0.0199150700,C60pi57:1:0.0038964200,C60pi58:1:0.0113448855,C60pi59:1:0.0128595846,C60pi60:1:0.0117656776}
WARNING: Your input class weight 0.000415008 is very small and may cause numerical issues
749  LG+C60        16094.157    74  32336.315    32400.477    32596.309
Akaike Information Criterion:           Q.pfam+F+R4
Corrected Akaike Information Criterion: Q.pfam+F+R4
Bayesian Information Criterion:         Q.pfam+F+R4
Best-fit model: Q.pfam+F+R4 chosen according to BIC

All model information printed to iqtree_gene_trees/COG3703.model.gz
CPU time for ModelFinder: 4219.795 seconds (1h:10m:19s)
Wall-clock time for ModelFinder: 428.975 seconds (0h:7m:8s)
Generating 1000 samples for ultrafast bootstrap (seed: 169478)...
WARNING: Normalizing state frequencies so that sum of them equals to 1

NOTE: 7 MB RAM (0 GB) is required!
Estimate model parameters (epsilon = 0.100)
1. Initial log-likelihood: -15948.209
Optimal log-likelihood: -15948.209
Site proportion and rates:  (0.086,0.032) (0.202,0.253) (0.296,0.719) (0.415,1.764)
Parameters optimization took 1 rounds (0.060 sec)
Wrote distance file to... 
Computing ML distances based on estimated model parameters...
Calculating distance matrix: done in 0.0434098 secs using 996.7% CPU
Computing ML distances took 0.043851 sec (of wall-clock time) 0.436243 sec (of CPU time)
Setting up auxiliary I and S matrices: done in 0.00138648 secs
Constructing RapidNJ tree: done in 0.0565254 secs using 220.8% CPU
Computing RapidNJ tree took 0.058345 sec (of wall-clock time) 0.131154 sec (of CPU time)
Log-likelihood of RapidNJ tree: -16002.617
--------------------------------------------------------------------
|             INITIALIZING CANDIDATE TREE SET                      |
--------------------------------------------------------------------
Generating 98 parsimony trees... 0.896 second
Computing log-likelihood of 98 initial trees ... 2.227 seconds
Current best score: -15948.209

Do NNI search on 20 best initial trees
Optimizing NNI: done in 0.164028 secs using 987% CPU
Estimate model parameters (epsilon = 0.100)
BETTER TREE FOUND at iteration 1: -15947.427
Optimizing NNI: done in 0.38351 secs using 990.4% CPU
Optimizing NNI: done in 0.563642 secs using 994.6% CPU
Optimizing NNI: done in 0.47337 secs using 993.6% CPU
Estimate model parameters (epsilon = 0.100)
BETTER TREE FOUND at iteration 4: -15943.054
Optimizing NNI: done in 0.42554 secs using 996.7% CPU
Estimate model parameters (epsilon = 0.100)
BETTER TREE FOUND at iteration 5: -15938.794
Optimizing NNI: done in 0.481484 secs using 992.6% CPU
Optimizing NNI: done in 0.413997 secs using 992.2% CPU
Optimizing NNI: done in 0.516729 secs using 994.8% CPU
Optimizing NNI: done in 0.438166 secs using 994.7% CPU
Optimizing NNI: done in 0.434998 secs using 996.8% CPU
Iteration 10 / LogL: -15980.059 / Time: 0h:0m:8s
Optimizing NNI: done in 0.669469 secs using 993% CPU
Optimizing NNI: done in 0.499263 secs using 996% CPU
Optimizing NNI: done in 0.801193 secs using 995.7% CPU
Optimizing NNI: done in 0.647489 secs using 993.9% CPU
Optimizing NNI: done in 0.620767 secs using 994.3% CPU
Optimizing NNI: done in 0.460333 secs using 993.6% CPU
Optimizing NNI: done in 0.500269 secs using 995.4% CPU
Optimizing NNI: done in 0.719371 secs using 994.8% CPU
Optimizing NNI: done in 0.471915 secs using 994.8% CPU
Optimizing NNI: done in 0.565876 secs using 995.5% CPU
Iteration 20 / LogL: -15966.109 / Time: 0h:0m:14s
Finish initializing candidate tree set (20)
Current best tree score: -15938.794 / CPU time: 14.213
Number of iterations: 20
--------------------------------------------------------------------
|               OPTIMIZING CANDIDATE TREE SET                      |
--------------------------------------------------------------------
Optimizing NNI: done in 0.366118 secs using 991.4% CPU
Estimate model parameters (epsilon = 0.100)
BETTER TREE FOUND at iteration 21: -15936.187
Optimizing NNI: done in 0.425263 secs using 992.5% CPU
Estimate model parameters (epsilon = 0.100)
BETTER TREE FOUND at iteration 22: -15935.892
Optimizing NNI: done in 0.469502 secs using 997.6% CPU
Optimizing NNI: done in 0.453636 secs using 994.1% CPU
Estimate model parameters (epsilon = 0.100)
BETTER TREE FOUND at iteration 24: -15935.363
Optimizing NNI: done in 0.505759 secs using 995.4% CPU
Estimate model parameters (epsilon = 0.100)
BETTER TREE FOUND at iteration 25: -15935.115
Optimizing NNI: done in 0.523233 secs using 991.6% CPU
Optimizing NNI: done in 0.592966 secs using 995.9% CPU
Estimate model parameters (epsilon = 0.100)
BETTER TREE FOUND at iteration 27: -15934.415
Optimizing NNI: done in 0.466266 secs using 994.1% CPU
Optimizing NNI: done in 0.378241 secs using 996.1% CPU
Optimizing NNI: done in 0.446789 secs using 992.7% CPU
Estimate model parameters (epsilon = 0.100)
BETTER TREE FOUND at iteration 30: -15933.433
Iteration 30 / LogL: -15933.433 / Time: 0h:0m:20s (0h:1m:10s left)
Optimizing NNI: done in 0.346935 secs using 994.9% CPU
Optimizing NNI: done in 0.40047 secs using 992% CPU
Optimizing NNI: done in 0.345247 secs using 996.6% CPU
Optimizing NNI: done in 0.386681 secs using 996.2% CPU
Optimizing NNI: done in 0.389185 secs using 993.7% CPU
Optimizing NNI: done in 0.469159 secs using 997.4% CPU
Optimizing NNI: done in 0.375111 secs using 994.9% CPU
Optimizing NNI: done in 0.443371 secs using 991.2% CPU
Optimizing NNI: done in 0.492261 secs using 995.2% CPU
Optimizing NNI: done in 0.304611 secs using 994.5% CPU
Estimate model parameters (epsilon = 0.100)
BETTER TREE FOUND at iteration 40: -15932.934
Iteration 40 / LogL: -15932.934 / Time: 0h:0m:24s (0h:1m:3s left)
Optimizing NNI: done in 0.434443 secs using 995.9% CPU
Optimizing NNI: done in 0.361133 secs using 996.6% CPU
Optimizing NNI: done in 0.285652 secs using 995.1% CPU
Optimizing NNI: done in 0.513427 secs using 990.4% CPU
Optimizing NNI: done in 0.626288 secs using 995% CPU
Optimizing NNI: done in 0.375379 secs using 997% CPU
Optimizing NNI: done in 0.511629 secs using 996.2% CPU
Optimizing NNI: done in 0.385409 secs using 993.7% CPU
Optimizing NNI: done in 0.541425 secs using 996.4% CPU
Optimizing NNI: done in 0.356048 secs using 996.6% CPU
Iteration 50 / LogL: -15933.987 / Time: 0h:0m:29s (0h:0m:53s left)
Log-likelihood cutoff on original alignment: -15989.866
UFBoot trees printed to iqtree_gene_trees/COG3703.ufboot
Optimizing NNI: done in 0.356555 secs using 996.9% CPU
Optimizing NNI: done in 0.457144 secs using 998% CPU
Optimizing NNI: done in 0.441491 secs using 993.3% CPU
Optimizing NNI: done in 0.456087 secs using 996.1% CPU
Optimizing NNI: done in 0.369168 secs using 994.6% CPU
Optimizing NNI: done in 0.330952 secs using 995.2% CPU
Optimizing NNI: done in 0.401022 secs using 996.6% CPU
Optimizing NNI: done in 0.402139 secs using 996.6% CPU
Optimizing NNI: done in 0.403555 secs using 996.7% CPU
Optimizing NNI: done in 0.355468 secs using 996.2% CPU
Estimate model parameters (epsilon = 0.100)
BETTER TREE FOUND at iteration 60: -15932.054
Iteration 60 / LogL: -15932.054 / Time: 0h:0m:33s (0h:0m:57s left)
Optimizing NNI: done in 0.37396 secs using 997.5% CPU
Optimizing NNI: done in 0.452655 secs using 992.9% CPU
Optimizing NNI: done in 0.38684 secs using 996.3% CPU
Optimizing NNI: done in 0.337933 secs using 996.4% CPU
Optimizing NNI: done in 0.474456 secs using 996.8% CPU
Optimizing NNI: done in 0.414518 secs using 995.9% CPU
Optimizing NNI: done in 0.393185 secs using 993.3% CPU
Optimizing NNI: done in 0.374493 secs using 994.3% CPU
Optimizing NNI: done in 0.420159 secs using 995.1% CPU
Estimate model parameters (epsilon = 0.100)
BETTER TREE FOUND at iteration 69: -15928.172
Optimizing NNI: done in 0.33294 secs using 995.8% CPU
Iteration 70 / LogL: -15933.060 / Time: 0h:0m:38s (0h:0m:54s left)
Optimizing NNI: done in 0.482287 secs using 995.3% CPU
Optimizing NNI: done in 0.356139 secs using 995.6% CPU
Optimizing NNI: done in 0.349236 secs using 995.3% CPU
Optimizing NNI: done in 0.399851 secs using 995.5% CPU
Optimizing NNI: done in 0.422334 secs using 995.4% CPU
Optimizing NNI: done in 0.341384 secs using 995.7% CPU
Estimate model parameters (epsilon = 0.100)
BETTER TREE FOUND at iteration 76: -15927.808
Optimizing NNI: done in 0.295284 secs using 993.3% CPU
Optimizing NNI: done in 0.453847 secs using 995.8% CPU
Optimizing NNI: done in 0.253573 secs using 995% CPU
Optimizing NNI: done in 0.348977 secs using 995.8% CPU
Iteration 80 / LogL: -15928.978 / Time: 0h:0m:42s (0h:0m:51s left)
Optimizing NNI: done in 0.384804 secs using 995.1% CPU
Estimate model parameters (epsilon = 0.100)
BETTER TREE FOUND at iteration 81: -15926.011
Optimizing NNI: done in 0.310301 secs using 997.5% CPU
Optimizing NNI: done in 0.338929 secs using 995.9% CPU
Optimizing NNI: done in 0.363909 secs using 994.4% CPU
Optimizing NNI: done in 0.376962 secs using 995.9% CPU
Optimizing NNI: done in 0.444097 secs using 989.9% CPU
Optimizing NNI: done in 0.402615 secs using 996.2% CPU
Optimizing NNI: done in 0.398673 secs using 994.7% CPU
Optimizing NNI: done in 0.351129 secs using 996.8% CPU
Optimizing NNI: done in 0.434377 secs using 995.5% CPU
Iteration 90 / LogL: -15931.968 / Time: 0h:0m:46s (0h:0m:47s left)
Optimizing NNI: done in 0.327551 secs using 996.3% CPU
Optimizing NNI: done in 0.438434 secs using 994.8% CPU
Optimizing NNI: done in 0.313214 secs using 996.2% CPU
Optimizing NNI: done in 0.464601 secs using 998% CPU
Optimizing NNI: done in 0.486636 secs using 993.2% CPU
Optimizing NNI: done in 0.326797 secs using 995.8% CPU
Optimizing NNI: done in 0.438725 secs using 995.2% CPU
Optimizing NNI: done in 0.429002 secs using 993.5% CPU
Optimizing NNI: done in 0.546839 secs using 990.3% CPU
Optimizing NNI: done in 0.405762 secs using 995% CPU
Iteration 100 / LogL: -15926.019 / Time: 0h:0m:50s (0h:0m:41s left)
Log-likelihood cutoff on original alignment: -15989.866
NOTE: Bootstrap correlation coefficient of split occurrence frequencies: 0.970
NOTE: UFBoot does not converge, continue at least 100 more iterations
UFBoot trees printed to iqtree_gene_trees/COG3703.ufboot
Optimizing NNI: done in 0.36899 secs using 990.8% CPU
Optimizing NNI: done in 0.449019 secs using 995.2% CPU
Optimizing NNI: done in 0.286272 secs using 994.1% CPU
Optimizing NNI: done in 0.374274 secs using 993.9% CPU
Optimizing NNI: done in 0.320603 secs using 994.6% CPU
Optimizing NNI: done in 0.279111 secs using 986.2% CPU
Optimizing NNI: done in 0.331313 secs using 995.8% CPU
Optimizing NNI: done in 0.347226 secs using 996.2% CPU
Optimizing NNI: done in 0.261585 secs using 998.1% CPU
Optimizing NNI: done in 0.26223 secs using 997.4% CPU
Iteration 110 / LogL: -15926.163 / Time: 0h:0m:54s (0h:0m:45s left)
Optimizing NNI: done in 0.300849 secs using 992.1% CPU
Optimizing NNI: done in 0.384674 secs using 994.4% CPU
Optimizing NNI: done in 0.342274 secs using 995.7% CPU
Optimizing NNI: done in 0.376844 secs using 996.7% CPU
Optimizing NNI: done in 0.400164 secs using 994.1% CPU
Optimizing NNI: done in 0.346265 secs using 996.2% CPU
Optimizing NNI: done in 0.374341 secs using 996.2% CPU
Optimizing NNI: done in 0.374938 secs using 991.6% CPU
Optimizing NNI: done in 0.291407 secs using 995.9% CPU
Optimizing NNI: done in 0.433075 secs using 997.9% CPU
Iteration 120 / LogL: -15934.808 / Time: 0h:0m:58s (0h:0m:39s left)
Optimizing NNI: done in 0.31812 secs using 996.7% CPU
Optimizing NNI: done in 0.272049 secs using 997.1% CPU
Optimizing NNI: done in 0.323395 secs using 995.3% CPU
Optimizing NNI: done in 0.270234 secs using 996.8% CPU
Optimizing NNI: done in 0.351704 secs using 994.4% CPU
Optimizing NNI: done in 0.314714 secs using 994.9% CPU
Optimizing NNI: done in 0.590126 secs using 997.4% CPU
Optimizing NNI: done in 0.401008 secs using 996.2% CPU
Optimizing NNI: done in 0.415578 secs using 995.1% CPU
Optimizing NNI: done in 0.398305 secs using 995.8% CPU
Iteration 130 / LogL: -15926.728 / Time: 0h:1m:2s (0h:0m:33s left)
Optimizing NNI: done in 0.472293 secs using 996.2% CPU
Optimizing NNI: done in 0.294176 secs using 996.1% CPU
Optimizing NNI: done in 0.298965 secs using 997.1% CPU
Optimizing NNI: done in 0.332839 secs using 995.1% CPU
Optimizing NNI: done in 0.627438 secs using 995.4% CPU
Optimizing NNI: done in 0.476232 secs using 994.8% CPU
Optimizing NNI: done in 0.359251 secs using 996.3% CPU
Optimizing NNI: done in 0.387297 secs using 992.3% CPU
Optimizing NNI: done in 0.398794 secs using 996.6% CPU
Optimizing NNI: done in 0.406982 secs using 995% CPU
Iteration 140 / LogL: -15926.034 / Time: 0h:1m:6s (0h:0m:28s left)
Optimizing NNI: done in 0.31381 secs using 987.2% CPU
Optimizing NNI: done in 0.500531 secs using 996.2% CPU
Optimizing NNI: done in 0.321764 secs using 996.4% CPU
Optimizing NNI: done in 0.428263 secs using 993.9% CPU
Optimizing NNI: done in 0.312208 secs using 997.1% CPU
Optimizing NNI: done in 0.322009 secs using 994% CPU
Optimizing NNI: done in 0.419092 secs using 994% CPU
Optimizing NNI: done in 0.493714 secs using 995.9% CPU
Optimizing NNI: done in 0.284063 secs using 995.1% CPU
Optimizing NNI: done in 0.409415 secs using 994.5% CPU
Iteration 150 / LogL: -15926.181 / Time: 0h:1m:10s (0h:0m:23s left)
Log-likelihood cutoff on original alignment: -15989.866
UFBoot trees printed to iqtree_gene_trees/COG3703.ufboot
Optimizing NNI: done in 0.358327 secs using 993.6% CPU
Optimizing NNI: done in 0.350114 secs using 995.4% CPU
Optimizing NNI: done in 0.45005 secs using 995.7% CPU
Optimizing NNI: done in 0.38461 secs using 996.2% CPU
Optimizing NNI: done in 0.324659 secs using 996.3% CPU
Optimizing NNI: done in 0.235874 secs using 994% CPU
Optimizing NNI: done in 0.361295 secs using 996.3% CPU
Optimizing NNI: done in 0.343898 secs using 996.4% CPU
Optimizing NNI: done in 0.335797 secs using 995.4% CPU
Optimizing NNI: done in 0.356162 secs using 992.9% CPU
Iteration 160 / LogL: -15926.590 / Time: 0h:1m:14s (0h:0m:18s left)
Optimizing NNI: done in 0.248628 secs using 996.5% CPU
Optimizing NNI: done in 0.328151 secs using 994.4% CPU
Optimizing NNI: done in 0.434406 secs using 995.1% CPU
Optimizing NNI: done in 0.271599 secs using 994.2% CPU
Optimizing NNI: done in 0.320638 secs using 994.1% CPU
Optimizing NNI: done in 0.2821 secs using 997.3% CPU
Optimizing NNI: done in 0.291396 secs using 995.4% CPU
Optimizing NNI: done in 0.369523 secs using 995.9% CPU
Optimizing NNI: done in 0.51369 secs using 996% CPU
Optimizing NNI: done in 0.305785 secs using 985.5% CPU
Iteration 170 / LogL: -15926.052 / Time: 0h:1m:18s (0h:0m:13s left)
Optimizing NNI: done in 0.453213 secs using 995.5% CPU
Optimizing NNI: done in 0.3535 secs using 995.1% CPU
Optimizing NNI: done in 0.373522 secs using 996.1% CPU
Optimizing NNI: done in 0.380811 secs using 995.5% CPU
Optimizing NNI: done in 0.501481 secs using 990.9% CPU
Optimizing NNI: done in 0.573721 secs using 995.4% CPU
Optimizing NNI: done in 0.424935 secs using 995.3% CPU
Optimizing NNI: done in 0.340748 secs using 994.2% CPU
Optimizing NNI: done in 0.46949 secs using 995% CPU
Optimizing NNI: done in 0.347071 secs using 996.6% CPU
Iteration 180 / LogL: -15927.939 / Time: 0h:1m:23s (0h:0m:9s left)
Optimizing NNI: done in 0.457661 secs using 994.5% CPU
Optimizing NNI: done in 0.432973 secs using 994.9% CPU
Optimizing NNI: done in 0.352424 secs using 994% CPU
Optimizing NNI: done in 0.382877 secs using 994% CPU
Optimizing NNI: done in 0.440882 secs using 995.3% CPU
Optimizing NNI: done in 0.346673 secs using 995.1% CPU
Optimizing NNI: done in 0.372977 secs using 991.5% CPU
Optimizing NNI: done in 0.41422 secs using 993.7% CPU
Optimizing NNI: done in 0.375257 secs using 994.9% CPU
Optimizing NNI: done in 0.340284 secs using 995.1% CPU
Iteration 190 / LogL: -15930.445 / Time: 0h:1m:27s (0h:0m:4s left)
Optimizing NNI: done in 0.305371 secs using 995.7% CPU
Optimizing NNI: done in 0.427365 secs using 995.4% CPU
Optimizing NNI: done in 0.403689 secs using 997.4% CPU
Optimizing NNI: done in 0.433926 secs using 991.4% CPU
Optimizing NNI: done in 0.386077 secs using 996.3% CPU
Optimizing NNI: done in 0.279928 secs using 994.2% CPU
Optimizing NNI: done in 0.290635 secs using 993.6% CPU
Optimizing NNI: done in 0.450423 secs using 994.8% CPU
Optimizing NNI: done in 0.450679 secs using 996.8% CPU
Optimizing NNI: done in 0.366245 secs using 994.8% CPU
Iteration 200 / LogL: -15927.006 / Time: 0h:1m:31s (0h:0m:0s left)
Log-likelihood cutoff on original alignment: -15989.866
NOTE: Bootstrap correlation coefficient of split occurrence frequencies: 0.992
UFBoot trees printed to iqtree_gene_trees/COG3703.ufboot
TREE SEARCH COMPLETED AFTER 200 ITERATIONS / Time: 0h:1m:31s

--------------------------------------------------------------------
|                    FINALIZING TREE SEARCH                        |
--------------------------------------------------------------------
Performs final model parameters optimization
Estimate model parameters (epsilon = 0.010)
1. Initial log-likelihood: -15926.011
Optimal log-likelihood: -15926.010
Site proportion and rates:  (0.088,0.035) (0.201,0.266) (0.292,0.719) (0.418,1.754)
Parameters optimization took 1 rounds (0.121 sec)
BEST SCORE FOUND : -15926.010
Creating bootstrap support values...
Split supports printed to NEXUS file iqtree_gene_trees/COG3703.splits.nex
Total tree length: 39.262

Total number of iterations: 200
CPU time used for tree search: 857.574 sec (0h:14m:17s)
Wall-clock time used for tree search: 91.332 sec (0h:1m:31s)
Total CPU time used: 862.192 sec (0h:14m:22s)
Total wall-clock time used: 92.091 sec (0h:1m:32s)
UFBoot trees printed to iqtree_gene_trees/COG3703.ufboot

Computing bootstrap consensus tree...
Reading input file iqtree_gene_trees/COG3703.splits.nex...
38 taxa and 685 splits.
Consensus tree written to iqtree_gene_trees/COG3703.contree
Reading input trees file iqtree_gene_trees/COG3703.contree
Log-likelihood of consensus tree: -15927.169

Analysis results written to: 
  IQ-TREE report:                iqtree_gene_trees/COG3703.iqtree
  Maximum-likelihood tree:       iqtree_gene_trees/COG3703.treefile
  Likelihood distances:          iqtree_gene_trees/COG3703.mldist

Ultrafast bootstrap approximation results written to:
  Split support values:          iqtree_gene_trees/COG3703.splits.nex
  Consensus tree:                iqtree_gene_trees/COG3703.contree
  UFBoot trees:                  iqtree_gene_trees/COG3703.ufboot
  Screen log file:               iqtree_gene_trees/COG3703.log

ALISIM COMMAND
--------------
--alisim simulated_MSA -t iqtree_gene_trees/COG3703.treefile -m "Q.pfam+F+R4{0.0884394,0.0345283,0.201252,0.265825,0.291966,0.718688,0.418343,1.75362}" --length 248

Date and Time: Sat Apr  8 23:18:51 2023
