IQ-TREE multicore version 2.2.0.3 COVID-edition for Linux 64-bit built Aug  2 2022
Developed by Bui Quang Minh, James Barbetti, Nguyen Lam Tung,
Olga Chernomor, Heiko Schmidt, Dominik Schrempf, Michael Woodhams, Ly Trong Nhan.

Host:    baross.its.carleton.edu (AVX2, FMA3, 755 GB RAM)
Command: iqtree -s gene_alignments/trimv2_COG3626.afa -m MFP -bb 1000 -wbtl -ntmax 10 -nt AUTO -T 10 --prefix iqtree_gene_trees/COG3626 -madd C10,C20,C30,C40,C50,C60,EX2,EX3,EHO,UL2,UL3,EX_EHO,LG4M,LG4X,CF4,LG+C10,LG+C20,LG+C30,LG+C40,LG+C50,LG+C60 -mrate E,I,G,I+G,R
Seed:    386418 (Using SPRNG - Scalable Parallel Random Number Generator)
Time:    Sat Apr  8 02:42:13 2023
Kernel:  AVX+FMA - 10 threads (96 CPU cores detected)

Reading alignment file gene_alignments/trimv2_COG3626.afa ... Fasta format detected
Reading fasta file: done in 0.000912807 secs using 72.85% CPU
Alignment most likely contains protein sequences
Constructing alignment: done in 0.00237453 secs using 959% CPU
Alignment has 45 sequences with 388 columns, 361 distinct patterns
315 parsimony-informative, 27 singleton sites, 46 constant sites
                                                               Gap/Ambiguity  Composition  p-value
Analyzing sequences: done in 7.2934e-05 secs using 894% CPU
   1  GCA.000961655.1.Bacteria.Desulfobacterota_LADR01000024.1_298     5.41%    passed     87.96%
   2  GCF.900167455.1.Bacteria.Proteobacteria_NZ_FUWJ01000008.1_25     4.12%    passed     42.19%
   3  GCA.002436065.1.Bacteria.Chloroflexota_DIXP01000089.1_46         4.90%    passed     39.33%
   4  GCA.002840095.1.Bacteria.Proteobacteria_PGZL01000006.1_129       6.19%    passed     43.14%
   5  GCA.002796975.1.Bacteria.Proteobacteria_PEKV01000013.1_12        5.15%    passed     97.96%
   6  GCF.000264455.2.Bacteria.Proteobacteria_NC_017956.1_2117         2.84%    passed     50.18%
   7  GCA.003167015.1.Bacteria.Bacteroidota_PMUF01000137.1_1           3.87%    passed      9.79%
   8  GCA.002429065.1.Bacteria.Verrucomicrobiota_DIYN01000045.1_193    7.22%    passed     89.65%
   9  GCF.003612015.1.Bacteria.Proteobacteria_NZ_RARB01000002.1_322    7.73%    passed     86.20%
  10  GCA.003023725.1.Bacteria.Firmicutes.E_PXYT01000025.1_17          4.90%    passed     73.41%
  11  GCF.900172325.1.Bacteria.Proteobacteria_NZ_FWFR01000004.1_217    5.15%    passed     52.52%
  12  GCA.002347095.1.Bacteria.Desulfobacterota_DDWZ01000028.1_159     5.93%    passed     55.60%
  13  GCA.002238885.1.Bacteria.Proteobacteria_MPNF01000136.1_5         4.90%    passed     79.55%
  14  Nostoc.sp.PCC7120_WP_010996380.1                                 3.09%    passed     22.24%
  15  GCF.003258945.1.Bacteria.Proteobacteria_NZ_QLIX01000002.1_254    7.47%    passed     21.56%
  16  GCF.002148795.1.Bacteria.Proteobacteria_NZ_MPOB01000004.1_212    4.90%    passed     96.49%
  17  GCF.003052605.1.Bacteria.Proteobacteria_NZ_QASO01000107.1_13     7.73%    passed     90.21%
  18  GCF.003173035.1.Bacteria.Proteobacteria_NZ_QGLE01000007.1_163    6.96%    passed     25.93%
  19  GCF.001611275.1.Bacteria.Desulfobacterota_NZ_CP015080.1_3319     4.64%    passed     94.71%
  20  GCA.002307275.1.Bacteria.Firmicutes.A_DBTX01000081.1_42          9.02%    failed      1.03%
  21  GCA.003167475.1.Bacteria.Goldbacteria_PMTB01000098.1_42          7.47%    failed      0.39%
  22  GCA.002414805.1.Bacteria.Fibrobacterota_DIAU01000057.1_8         7.22%    passed     11.97%
  23  GCF.000316115.1.Bacteria.Cyanobacteria_NZ_JH993797.1_5631        2.58%    passed     48.61%
  24  GCA.003280605.1.Bacteria.Proteobacteria_QCEM01000079.1_1        16.75%    passed     91.42%
  25  GCF.002257705.1.Bacteria.Firmicutes.C_NZ_LSLK01000059.1_463      5.41%    passed     42.07%
  26  GCF.002798435.1.Bacteria.Proteobacteria_WP_109795444.1           5.41%    passed     70.66%
  27  GCF.001618145.1.Bacteria.Firmicutes_NZ_LQNF01000013.1_11         6.70%    failed      1.19%
  28  GCF.006980715.1.Bacteria.Proteobacteria_NZ_SBHN01000008.1_9      5.15%    passed     93.58%
  29  GCA.002292925.1.Bacteria.Chloroflexota_DBCF01000288.1_2          2.32%    passed      8.18%
  30  GCF.000315795.1.Bacteria.Proteobacteria_NZ_ANHY01000007.1_241    5.41%    passed     82.37%
  31  GCF.900142995.1.Bacteria.Firmicutes.A_NZ_FRCR01000013.1_24       6.96%    passed     22.07%
  32  GCF.000620305.1.Bacteria.Firmicutes.B_NZ_KK211100.1_854          6.70%    failed      0.05%
  33  GCA.000961765.1.Bacteria.Firmicutes.B_LADT01000026.1_78          6.44%    passed      7.29%
  34  GCF.900102465.1.Bacteria.Proteobacteria_NZ_FNBW01000001.1_146    4.90%    passed     98.39%
  35  GCA.002709155.1.Bacteria.Proteobacteria_PAQA01000027.1_20        4.38%    passed     31.17%
  36  GCA.002428295.1.Bacteria.Caldisericota_DIVS01000031.1_2          5.67%    failed      0.10%
  37  GCA.007244385.1.Bacteria.Desulfobacterota_SCVX01000030.1_135     5.41%    passed     96.12%
  38  GCA.002347925.1.Bacteria.Chloroflexota_DDYL01000180.1_32         0.52%    passed     36.15%
  39  GCA.006969625.1.Bacteria.Proteobacteria_CP030885.1_2284          4.12%    passed     53.37%
  40  GCF.000092905.1.Bacteria.Firmicutes_NC_014098.1_3102             5.93%    passed     84.79%
  41  GCF.900142265.1.Bacteria.Firmicutes.A_NZ_FRAH01000025.1_41       8.76%    passed     66.40%
  42  GCF.003838225.1.Bacteria.Cyanobacteria_WP_124146792.1            8.25%    passed      7.73%
  43  GCF.900079095.1.Bacteria.Tectomicrobia_NZ_FKIP01001237.1_3      11.34%    passed     97.95%
  44  GCF.000473895.1.Bacteria.Cyanobacteria_NZ_ASSJ01000004.1_16      2.58%    passed     23.20%
  45  GCF.001613805.1.Bacteria.Proteobacteria_NZ_LPVY01000023.1_23     2.84%    passed     95.15%
****  TOTAL                                                            5.81%  5 sequences failed composition chi2 test (p-value<5%; df=19)
Checking for duplicate sequences: done in 0.00059576 secs using 808.4% CPU


Create initial parsimony tree by phylogenetic likelihood library (PLL)... 0.021 seconds
Perform fast likelihood tree search using LG+I+G model...
Estimate model parameters (epsilon = 5.000)
Perform nearest neighbor interchange...
Optimizing NNI: done in 0.549716 secs using 995.6% CPU
Estimate model parameters (epsilon = 1.000)
1. Initial log-likelihood: -20684.237
Optimal log-likelihood: -20683.960
Proportion of invariable sites: 0.097
Gamma shape alpha: 0.847
Parameters optimization took 1 rounds (0.086 sec)
Time for fast ML tree search: 0.944 seconds

NOTE: ModelFinder requires 28 MB RAM!
ModelFinder will test up to 749 protein models (sample size: 388) ...
 No. Model         -LnL         df  AIC          AICc         BIC
  1  LG            22561.382    87  45296.763    45347.803    45641.371
  2  LG+I          22014.625    88  44205.250    44257.638    44553.819
  3  LG+G4         20705.425    88  41586.850    41639.238    41935.419
  4  LG+I+G4       20683.950    89  41545.901    41599.659    41898.430
  5  LG+R2         21087.238    89  42352.475    42406.234    42705.005
  6  LG+R3         20773.557    91  41729.115    41785.682    42089.566
  7  LG+R4         20698.225    93  41582.450    41641.919    41950.823
  8  LG+R5         20677.945    95  41545.891    41608.356    41922.186
  9  LG+R6         20670.170    97  41534.339    41599.898    41918.557
 10  LG+R7         20669.750    99  41537.499    41606.249    41929.639
 14  LG+F          22406.222    106 45024.444    45105.170    45444.311
 15  LG+F+I        21866.651    107 43947.302    44029.845    44371.130
 16  LG+F+G4       20610.889    107 41435.777    41518.320    41859.605
 17  LG+F+I+G4     20583.811    108 41383.622    41468.009    41811.411
 18  LG+F+R2       20973.860    108 42163.719    42248.106    42591.508
 19  LG+F+R3       20673.543    110 41567.086    41655.245    42002.797
 20  LG+F+R4       20601.401    112 41426.802    41518.845    41870.434
 21  LG+F+R5       20575.681    114 41379.362    41475.406    41830.916
 22  LG+F+R6       20568.386    116 41368.771    41468.933    41828.248
 23  LG+F+R7       20568.262    118 41372.524    41476.925    41839.923
 27  WAG           22374.337    87  44922.674    44973.714    45267.282
 28  WAG+I         21841.601    88  43859.203    43911.591    44207.771
 29  WAG+G4        20800.336    88  41776.671    41829.059    42125.240
 30  WAG+I+G4      20774.312    89  41726.623    41780.381    42079.152
 31  WAG+R2        21107.960    89  42393.919    42447.678    42746.449
 32  WAG+R3        20848.523    91  41879.047    41935.614    42239.498
 33  WAG+R4        20782.768    93  41751.536    41811.006    42119.910
 34  WAG+R5        20766.656    95  41723.312    41785.778    42099.608
 35  WAG+R6        20760.089    97  41714.177    41779.736    42098.395
 36  WAG+R7        20760.107    99  41718.215    41786.965    42110.354
 40  WAG+F         22305.678    106 44823.357    44904.083    45243.223
 41  WAG+F+I       21774.071    107 43762.143    43844.686    44185.970
 42  WAG+F+G4      20728.525    107 41671.050    41753.593    42094.877
 43  WAG+F+I+G4    20695.147    108 41606.295    41690.682    42034.083
 44  WAG+F+R2      21039.963    108 42295.927    42380.314    42723.716
 45  WAG+F+R3      20770.115    110 41760.230    41848.389    42195.941
 46  WAG+F+R4      20713.463    112 41650.926    41742.969    42094.558
 47  WAG+F+R5      20686.126    114 41600.251    41696.295    42051.806
 48  WAG+F+R6      20685.497    116 41602.993    41703.155    42062.470
 53  JTT           22732.529    87  45639.057    45690.097    45983.665
 54  JTT+I         22164.156    88  44504.313    44556.701    44852.881
 55  JTT+G4        20958.843    88  42093.687    42146.075    42442.255
 56  JTT+I+G4      20936.778    89  42051.557    42105.315    42404.086
 57  JTT+R2        21313.962    89  42805.923    42859.682    43158.453
 58  JTT+R3        21024.018    91  42230.036    42286.604    42590.488
 59  JTT+R4        20945.081    93  42076.162    42135.631    42444.535
 60  JTT+R5        20929.743    95  42049.486    42111.952    42425.782
 61  JTT+R6        20922.901    97  42039.803    42105.361    42424.020
 62  JTT+R7        20922.649    99  42043.299    42112.049    42435.438
 66  JTT+F         22679.370    106 45570.741    45651.467    45990.607
 67  JTT+F+I       22105.063    107 44424.126    44506.668    44847.953
 68  JTT+F+G4      20901.432    107 42016.865    42099.407    42440.692
 69  JTT+F+I+G4    20875.305    108 41966.609    42050.996    42394.398
 70  JTT+F+R2      21257.197    108 42730.394    42814.781    43158.182
 71  JTT+F+R3      20963.462    110 42146.924    42235.083    42582.635
 72  JTT+F+R4      20889.425    112 42002.851    42094.894    42446.483
 73  JTT+F+R5      20867.031    114 41962.061    42058.105    42413.616
 74  JTT+F+R6      20859.778    116 41951.557    42051.719    42411.033
 75  JTT+F+R7      20859.523    118 41955.046    42059.447    42422.445
WARNING: Normalizing state frequencies so that sum of them equals to 1
 79  Q.pfam        22483.893    87  45141.786    45192.826    45486.393
WARNING: Normalizing state frequencies so that sum of them equals to 1
 80  Q.pfam+I      21943.535    88  44063.069    44115.457    44411.638
WARNING: Normalizing state frequencies so that sum of them equals to 1
 81  Q.pfam+G4     20670.564    88  41517.128    41569.516    41865.696
WARNING: Normalizing state frequencies so that sum of them equals to 1
 82  Q.pfam+I+G4   20646.833    89  41471.666    41525.425    41824.196
WARNING: Normalizing state frequencies so that sum of them equals to 1
 83  Q.pfam+R2     21039.646    89  42257.293    42311.051    42609.822
WARNING: Normalizing state frequencies so that sum of them equals to 1
 84  Q.pfam+R3     20728.398    91  41638.796    41695.363    41999.247
WARNING: Normalizing state frequencies so that sum of them equals to 1
 85  Q.pfam+R4     20661.186    93  41508.372    41567.842    41876.746
WARNING: Normalizing state frequencies so that sum of them equals to 1
 86  Q.pfam+R5     20640.890    95  41471.780    41534.246    41848.075
WARNING: Normalizing state frequencies so that sum of them equals to 1
 87  Q.pfam+R6     20635.058    97  41464.115    41529.674    41848.333
WARNING: Normalizing state frequencies so that sum of them equals to 1
 92  Q.pfam+F      22396.091    106 45004.182    45084.908    45424.048
WARNING: Normalizing state frequencies so that sum of them equals to 1
 93  Q.pfam+F+I    21865.083    107 43944.166    44026.709    44367.994
WARNING: Normalizing state frequencies so that sum of them equals to 1
 94  Q.pfam+F+G4   20618.416    107 41450.832    41533.375    41874.659
WARNING: Normalizing state frequencies so that sum of them equals to 1
 95  Q.pfam+F+I+G4 20592.375    108 41400.750    41485.137    41828.539
WARNING: Normalizing state frequencies so that sum of them equals to 1
 96  Q.pfam+F+R2   20974.054    108 42164.109    42248.496    42591.897
WARNING: Normalizing state frequencies so that sum of them equals to 1
 97  Q.pfam+F+R3   20668.486    110 41556.972    41645.131    41992.682
WARNING: Normalizing state frequencies so that sum of them equals to 1
 98  Q.pfam+F+R4   20607.794    112 41439.588    41531.631    41883.220
WARNING: Normalizing state frequencies so that sum of them equals to 1
 99  Q.pfam+F+R5   20583.947    114 41395.893    41491.937    41847.448
WARNING: Normalizing state frequencies so that sum of them equals to 1
100  Q.pfam+F+R6   20576.310    116 41384.619    41484.782    41844.096
WARNING: Normalizing state frequencies so that sum of them equals to 1
101  Q.pfam+F+R7   20576.315    118 41388.629    41493.031    41856.028
WARNING: Normalizing state frequencies so that sum of them equals to 1
105  Q.bird        23678.082    87  47530.163    47581.203    47874.771
WARNING: Normalizing state frequencies so that sum of them equals to 1
106  Q.bird+I      23031.371    88  46238.742    46291.130    46587.311
WARNING: Normalizing state frequencies so that sum of them equals to 1
107  Q.bird+G4     21426.531    88  43029.062    43081.450    43377.631
WARNING: Normalizing state frequencies so that sum of them equals to 1
108  Q.bird+I+G4   21406.291    89  42990.583    43044.341    43343.112
WARNING: Normalizing state frequencies so that sum of them equals to 1
109  Q.bird+R2     21892.019    89  43962.037    44015.796    44314.567
WARNING: Normalizing state frequencies so that sum of them equals to 1
110  Q.bird+R3     21521.833    91  43225.666    43282.234    43586.118
WARNING: Normalizing state frequencies so that sum of them equals to 1
111  Q.bird+R4     21416.014    93  43018.029    43077.498    43386.402
WARNING: Normalizing state frequencies so that sum of them equals to 1
112  Q.bird+R5     21396.817    95  42983.634    43046.100    43359.929
WARNING: Normalizing state frequencies so that sum of them equals to 1
113  Q.bird+R6     21381.021    97  42956.042    43021.601    43340.260
WARNING: Normalizing state frequencies so that sum of them equals to 1
114  Q.bird+R7     21381.057    99  42960.114    43028.864    43352.254
WARNING: Normalizing state frequencies so that sum of them equals to 1
118  Q.bird+F      23632.375    106 47476.751    47557.477    47896.618
WARNING: Normalizing state frequencies so that sum of them equals to 1
119  Q.bird+F+I    22979.308    107 46172.616    46255.158    46596.443
WARNING: Normalizing state frequencies so that sum of them equals to 1
120  Q.bird+F+G4   21321.131    107 42856.263    42938.806    43280.091
WARNING: Normalizing state frequencies so that sum of them equals to 1
121  Q.bird+F+I+G4 21303.061    108 42822.122    42906.509    43249.910
WARNING: Normalizing state frequencies so that sum of them equals to 1
122  Q.bird+F+R2   21791.313    108 43798.625    43883.012    44226.414
WARNING: Normalizing state frequencies so that sum of them equals to 1
123  Q.bird+F+R3   21421.148    110 43062.296    43150.455    43498.007
WARNING: Normalizing state frequencies so that sum of them equals to 1
124  Q.bird+F+R4   21312.100    112 42848.200    42940.243    43291.832
WARNING: Normalizing state frequencies so that sum of them equals to 1
125  Q.bird+F+R5   21292.423    114 42812.847    42908.891    43264.401
WARNING: Normalizing state frequencies so that sum of them equals to 1
126  Q.bird+F+R6   21277.147    116 42786.294    42886.456    43245.770
WARNING: Normalizing state frequencies so that sum of them equals to 1
127  Q.bird+F+R7   21276.872    118 42789.744    42894.145    43257.142
WARNING: Normalizing state frequencies so that sum of them equals to 1
131  Q.mammal      23350.799    87  46875.598    46926.638    47220.206
WARNING: Normalizing state frequencies so that sum of them equals to 1
132  Q.mammal+I    22740.751    88  45657.502    45709.890    46006.071
WARNING: Normalizing state frequencies so that sum of them equals to 1
133  Q.mammal+G4   21271.814    88  42719.628    42772.016    43068.197
WARNING: Normalizing state frequencies so that sum of them equals to 1
134  Q.mammal+I+G4 21250.672    89  42679.344    42733.102    43031.873
WARNING: Normalizing state frequencies so that sum of them equals to 1
135  Q.mammal+R2   21702.342    89  43582.683    43636.442    43935.213
WARNING: Normalizing state frequencies so that sum of them equals to 1
136  Q.mammal+R3   21355.288    91  42892.577    42949.144    43253.028
WARNING: Normalizing state frequencies so that sum of them equals to 1
137  Q.mammal+R4   21259.662    93  42705.324    42764.794    43073.698
WARNING: Normalizing state frequencies so that sum of them equals to 1
138  Q.mammal+R5   21240.938    95  42671.875    42734.341    43048.171
WARNING: Normalizing state frequencies so that sum of them equals to 1
139  Q.mammal+R6   21230.139    97  42654.278    42719.836    43038.495
WARNING: Normalizing state frequencies so that sum of them equals to 1
140  Q.mammal+R7   21230.075    99  42658.150    42726.900    43050.290
WARNING: Normalizing state frequencies so that sum of them equals to 1
144  Q.mammal+F    23286.863    106 46785.725    46866.451    47205.592
WARNING: Normalizing state frequencies so that sum of them equals to 1
145  Q.mammal+F+I  22677.536    107 45569.072    45651.615    45992.899
WARNING: Normalizing state frequencies so that sum of them equals to 1
146  Q.mammal+F+G4 21171.999    107 42557.998    42640.541    42981.826
WARNING: Normalizing state frequencies so that sum of them equals to 1
147  Q.mammal+F+I+G4 21152.096    108 42520.192    42604.579    42947.980
WARNING: Normalizing state frequencies so that sum of them equals to 1
148  Q.mammal+F+R2 21604.036    108 43424.072    43508.459    43851.861
WARNING: Normalizing state frequencies so that sum of them equals to 1
149  Q.mammal+F+R3 21255.191    110 42730.382    42818.541    43166.092
WARNING: Normalizing state frequencies so that sum of them equals to 1
150  Q.mammal+F+R4 21161.829    112 42547.659    42639.703    42991.291
WARNING: Normalizing state frequencies so that sum of them equals to 1
151  Q.mammal+F+R5 21145.105    114 42518.209    42614.253    42969.764
WARNING: Normalizing state frequencies so that sum of them equals to 1
152  Q.mammal+F+R6 21131.285    116 42494.571    42594.733    42954.048
WARNING: Normalizing state frequencies so that sum of them equals to 1
153  Q.mammal+F+R7 21131.029    118 42498.059    42602.460    42965.457
157  Q.insect      22843.408    87  45860.816    45911.856    46205.423
158  Q.insect+I    22263.949    88  44703.899    44756.287    45052.467
159  Q.insect+G4   20911.107    88  41998.215    42050.603    42346.783
160  Q.insect+I+G4 20890.279    89  41958.558    42012.317    42311.088
161  Q.insect+R2   21311.582    89  42801.164    42854.922    43153.693
162  Q.insect+R3   20982.420    91  42146.839    42203.407    42507.291
163  Q.insect+R4   20902.723    93  41991.447    42050.916    42359.820
164  Q.insect+R5   20881.919    95  41953.838    42016.304    42330.133
165  Q.insect+R6   20877.901    97  41949.801    42015.360    42334.019
170  Q.insect+F    22601.364    106 45414.728    45495.454    45834.595
171  Q.insect+F+I  22027.712    107 44269.424    44351.967    44693.251
172  Q.insect+F+G4 20728.447    107 41670.894    41753.437    42094.721
173  Q.insect+F+I+G4 20704.870    108 41625.739    41710.126    42053.528
174  Q.insect+F+R2 21114.303    108 42444.605    42528.992    42872.394
175  Q.insect+F+R3 20799.649    110 41819.298    41907.457    42255.009
176  Q.insect+F+R4 20718.956    112 41661.913    41753.956    42105.545
177  Q.insect+F+R5 20694.855    114 41617.709    41713.753    42069.264
178  Q.insect+F+R6 20688.166    116 41608.332    41708.494    42067.809
179  Q.insect+F+R7 20688.098    118 41612.195    41716.597    42079.594
WARNING: Normalizing state frequencies so that sum of them equals to 1
183  Q.plant       23226.460    87  46626.920    46677.960    46971.528
WARNING: Normalizing state frequencies so that sum of them equals to 1
184  Q.plant+I     22613.552    88  45403.104    45455.492    45751.672
WARNING: Normalizing state frequencies so that sum of them equals to 1
185  Q.plant+G4    21060.931    88  42297.862    42350.250    42646.431
WARNING: Normalizing state frequencies so that sum of them equals to 1
186  Q.plant+I+G4  21039.730    89  42257.460    42311.218    42609.989
WARNING: Normalizing state frequencies so that sum of them equals to 1
187  Q.plant+R2    21511.086    89  43200.172    43253.931    43552.702
WARNING: Normalizing state frequencies so that sum of them equals to 1
188  Q.plant+R3    21145.829    91  42473.658    42530.225    42834.109
WARNING: Normalizing state frequencies so that sum of them equals to 1
189  Q.plant+R4    21053.777    93  42293.554    42353.023    42661.927
WARNING: Normalizing state frequencies so that sum of them equals to 1
190  Q.plant+R5    21030.713    95  42251.427    42313.893    42627.722
WARNING: Normalizing state frequencies so that sum of them equals to 1
191  Q.plant+R6    21020.979    97  42235.958    42301.517    42620.176
WARNING: Normalizing state frequencies so that sum of them equals to 1
192  Q.plant+R7    21020.672    99  42239.344    42308.094    42631.483
WARNING: Normalizing state frequencies so that sum of them equals to 1
196  Q.plant+F     23063.525    106 46339.050    46419.776    46758.917
WARNING: Normalizing state frequencies so that sum of them equals to 1
197  Q.plant+F+I   22443.148    107 45100.295    45182.838    45524.123
WARNING: Normalizing state frequencies so that sum of them equals to 1
198  Q.plant+F+G4  20941.164    107 42096.328    42178.870    42520.155
WARNING: Normalizing state frequencies so that sum of them equals to 1
199  Q.plant+F+I+G4 20914.539    108 42045.078    42129.466    42472.867
WARNING: Normalizing state frequencies so that sum of them equals to 1
200  Q.plant+F+R2  21380.814    108 42977.628    43062.015    43405.417
WARNING: Normalizing state frequencies so that sum of them equals to 1
201  Q.plant+F+R3  21020.150    110 42260.300    42348.459    42696.010
WARNING: Normalizing state frequencies so that sum of them equals to 1
202  Q.plant+F+R4  20934.101    112 42092.202    42184.246    42535.835
WARNING: Normalizing state frequencies so that sum of them equals to 1
203  Q.plant+F+R5  20904.766    114 42037.533    42133.577    42489.087
WARNING: Normalizing state frequencies so that sum of them equals to 1
204  Q.plant+F+R6  20893.806    116 42019.612    42119.774    42479.088
WARNING: Normalizing state frequencies so that sum of them equals to 1
205  Q.plant+F+R7  20893.525    118 42023.050    42127.451    42490.448
WARNING: Normalizing state frequencies so that sum of them equals to 1
209  Q.yeast       22832.698    87  45839.397    45890.437    46184.004
WARNING: Normalizing state frequencies so that sum of them equals to 1
210  Q.yeast+I     22252.446    88  44680.892    44733.280    45029.460
WARNING: Normalizing state frequencies so that sum of them equals to 1
211  Q.yeast+G4    20908.883    88  41993.767    42046.155    42342.335
WARNING: Normalizing state frequencies so that sum of them equals to 1
212  Q.yeast+I+G4  20885.566    89  41949.132    42002.891    42301.662
WARNING: Normalizing state frequencies so that sum of them equals to 1
213  Q.yeast+R2    21303.836    89  42785.671    42839.430    43138.201
WARNING: Normalizing state frequencies so that sum of them equals to 1
214  Q.yeast+R3    20977.775    91  42137.550    42194.118    42498.002
WARNING: Normalizing state frequencies so that sum of them equals to 1
215  Q.yeast+R4    20899.239    93  41984.478    42043.948    42352.852
WARNING: Normalizing state frequencies so that sum of them equals to 1
216  Q.yeast+R5    20877.595    95  41945.190    42007.656    42321.485
WARNING: Normalizing state frequencies so that sum of them equals to 1
217  Q.yeast+R6    20871.575    97  41937.151    42002.709    42321.368
WARNING: Normalizing state frequencies so that sum of them equals to 1
218  Q.yeast+R7    20871.553    99  41941.105    42009.855    42333.245
WARNING: Normalizing state frequencies so that sum of them equals to 1
222  Q.yeast+F     22492.221    106 45196.442    45277.168    45616.309
WARNING: Normalizing state frequencies so that sum of them equals to 1
223  Q.yeast+F+I   21925.040    107 44064.080    44146.623    44487.907
WARNING: Normalizing state frequencies so that sum of them equals to 1
224  Q.yeast+F+G4  20646.752    107 41507.504    41590.047    41931.332
WARNING: Normalizing state frequencies so that sum of them equals to 1
225  Q.yeast+F+I+G4 20618.713    108 41453.427    41537.814    41881.215
WARNING: Normalizing state frequencies so that sum of them equals to 1
226  Q.yeast+F+R2  21014.877    108 42245.753    42330.141    42673.542
WARNING: Normalizing state frequencies so that sum of them equals to 1
227  Q.yeast+F+R3  20711.042    110 41642.085    41730.244    42077.795
WARNING: Normalizing state frequencies so that sum of them equals to 1
228  Q.yeast+F+R4  20635.104    112 41494.209    41586.252    41937.841
WARNING: Normalizing state frequencies so that sum of them equals to 1
229  Q.yeast+F+R5  20607.406    114 41442.812    41538.856    41894.366
WARNING: Normalizing state frequencies so that sum of them equals to 1
230  Q.yeast+F+R6  20600.563    116 41433.126    41533.289    41892.603
WARNING: Normalizing state frequencies so that sum of them equals to 1
231  Q.yeast+F+R7  20600.493    118 41436.987    41541.388    41904.386
235  JTTDCMut      22721.317    87  45616.634    45667.674    45961.242
236  JTTDCMut+I    22155.251    88  44486.502    44538.890    44835.070
237  JTTDCMut+G4   20956.532    88  42089.064    42141.452    42437.632
238  JTTDCMut+I+G4 20934.260    89  42046.519    42100.278    42399.049
239  JTTDCMut+R2   21310.203    89  42798.405    42852.164    43150.935
240  JTTDCMut+R3   21020.913    91  42223.825    42280.393    42584.277
241  JTTDCMut+R4   20942.586    93  42071.172    42130.641    42439.545
242  JTTDCMut+R5   20927.278    95  42044.557    42107.023    42420.852
243  JTTDCMut+R6   20920.448    97  42034.896    42100.455    42419.113
244  JTTDCMut+R7   20920.170    99  42038.339    42107.089    42430.479
248  JTTDCMut+F    22665.926    106 45543.851    45624.577    45963.718
249  JTTDCMut+F+I  22094.982    107 44403.964    44486.507    44827.792
250  JTTDCMut+F+G4 20897.376    107 42008.752    42091.295    42432.580
251  JTTDCMut+F+I+G4 20870.810    108 41957.620    42042.007    42385.409
252  JTTDCMut+F+R2 21251.705    108 42719.410    42803.797    43147.199
253  JTTDCMut+F+R3 20958.176    110 42136.352    42224.511    42572.063
254  JTTDCMut+F+R4 20885.414    112 41994.829    42086.873    42438.462
255  JTTDCMut+F+R5 20862.529    114 41953.058    42049.102    42404.613
256  JTTDCMut+F+R6 20855.450    116 41942.900    42043.063    42402.377
257  JTTDCMut+F+R7 20855.222    118 41946.444    42050.846    42413.843
261  DCMut         22695.712    87  45565.424    45616.464    45910.031
262  DCMut+I       22137.903    88  44451.807    44504.195    44800.375
263  DCMut+G4      21022.961    88  42221.923    42274.311    42570.491
264  DCMut+I+G4    20992.090    89  42162.179    42215.938    42514.709
265  DCMut+R2      21338.092    89  42854.183    42907.942    43206.713
266  DCMut+R3      21082.598    91  42347.196    42403.763    42707.647
267  DCMut+R4      20999.858    93  42185.716    42245.185    42554.089
268  DCMut+R5      20980.701    95  42151.403    42213.869    42527.698
269  DCMut+R6      20980.204    97  42154.408    42219.967    42538.626
274  DCMut+F       22611.020    106 45434.039    45514.765    45853.906
275  DCMut+F+I     22055.179    107 44324.358    44406.901    44748.185
276  DCMut+F+G4    20890.219    107 41994.439    42076.981    42418.266
277  DCMut+F+I+G4  20856.271    108 41928.543    42012.930    42356.332
278  DCMut+F+R2    21231.505    108 42679.010    42763.397    43106.799
279  DCMut+F+R3    20939.900    110 42099.799    42187.958    42535.510
280  DCMut+F+R4    20876.340    112 41976.680    42068.724    42420.313
281  DCMut+F+R5    20845.494    114 41918.988    42015.032    42370.543
282  DCMut+F+R6    20839.603    116 41911.206    42011.369    42370.683
287  VT            22423.930    87  45021.860    45072.900    45366.467
288  VT+I          21893.275    88  43962.550    44014.938    44311.118
289  VT+G4         20863.804    88  41903.607    41955.995    42252.176
290  VT+I+G4       20838.617    89  41855.234    41908.992    42207.763
291  VT+R2         21168.337    89  42514.674    42568.433    42867.204
292  VT+R3         20908.464    91  41998.928    42055.496    42359.380
293  VT+R4         20847.016    93  41880.032    41939.501    42248.405
294  VT+R5         20832.057    95  41854.115    41916.580    42230.410
295  VT+R6         20831.831    97  41857.662    41923.221    42241.880
300  VT+F          22328.498    106 44868.996    44949.722    45288.862
301  VT+F+I        21798.747    107 43811.494    43894.036    44235.321
302  VT+F+G4       20786.869    107 41787.739    41870.282    42211.567
303  VT+F+I+G4     20757.623    108 41731.246    41815.633    42159.035
304  VT+F+R2       21084.320    108 42384.641    42469.028    42812.430
305  VT+F+R3       20826.794    110 41873.588    41961.747    42309.298
306  VT+F+R4       20770.056    112 41764.111    41856.155    42207.744
307  VT+F+R5       20749.740    114 41727.480    41823.524    42179.034
308  VT+F+R6       20749.060    116 41730.119    41830.281    42189.596
313  PMB           22543.065    87  45260.129    45311.169    45604.737
314  PMB+I         22051.904    88  44279.809    44332.197    44628.377
315  PMB+G4        21009.792    88  42195.584    42247.972    42544.152
316  PMB+I+G4      20985.314    89  42148.629    42202.387    42501.158
317  PMB+R2        21305.349    89  42788.697    42842.456    43141.227
318  PMB+R3        21047.458    91  42276.916    42333.483    42637.367
319  PMB+R4        20996.260    93  42178.520    42237.989    42546.893
320  PMB+R5        20979.304    95  42148.608    42211.074    42524.904
321  PMB+R6        20979.322    97  42152.644    42218.202    42536.861
326  PMB+F         22417.884    106 45047.768    45128.493    45467.634
327  PMB+F+I       21921.184    107 44056.368    44138.911    44480.196
328  PMB+F+G4      20896.929    107 42007.857    42090.400    42431.685
329  PMB+F+I+G4    20868.513    108 41953.026    42037.413    42380.815
330  PMB+F+R2      21194.195    108 42604.389    42688.776    43032.178
331  PMB+F+R3      20933.244    110 42086.488    42174.647    42522.198
332  PMB+F+R4      20883.437    112 41990.874    42082.917    42434.506
333  PMB+F+R5      20860.494    114 41948.988    42045.032    42400.543
334  PMB+F+R6      20860.264    116 41952.528    42052.690    42412.005
339  Blosum62      22534.208    87  45242.417    45293.457    45587.024
340  Blosum62+I    22032.121    88  44240.243    44292.630    44588.811
341  Blosum62+G4   20991.336    88  42158.671    42211.059    42507.240
342  Blosum62+I+G4 20965.942    89  42109.884    42163.643    42462.414
343  Blosum62+R2   21288.663    89  42755.326    42809.085    43107.856
344  Blosum62+R3   21035.723    91  42253.446    42310.013    42613.897
345  Blosum62+R4   20976.470    93  42138.940    42198.409    42507.314
346  Blosum62+R5   20959.786    95  42109.573    42172.039    42485.868
347  Blosum62+R6   20956.733    97  42107.466    42173.024    42491.683
352  Blosum62+F    22390.040    106 44992.080    45072.806    45411.946
353  Blosum62+F+I  21878.429    107 43970.857    44053.400    44394.685
354  Blosum62+F+G4 20856.748    107 41927.496    42010.039    42351.323
355  Blosum62+F+I+G4 20826.498    108 41868.995    41953.382    42296.784
356  Blosum62+F+R2 21154.852    108 42525.703    42610.090    42953.492
357  Blosum62+F+R3 20901.955    110 42023.910    42112.069    42459.621
358  Blosum62+F+R4 20840.499    112 41904.997    41997.041    42348.630
359  Blosum62+F+R5 20819.104    114 41866.209    41962.253    42317.764
360  Blosum62+F+R6 20816.204    116 41864.408    41964.571    42323.885
365  Dayhoff       22697.027    87  45568.054    45619.094    45912.661
366  Dayhoff+I     22139.113    88  44454.226    44506.614    44802.794
367  Dayhoff+G4    21022.350    88  42220.701    42273.088    42569.269
368  Dayhoff+I+G4  20991.498    89  42160.996    42214.755    42513.526
369  Dayhoff+R2    21337.870    89  42853.740    42907.499    43206.270
370  Dayhoff+R3    21082.176    91  42346.352    42402.919    42706.803
371  Dayhoff+R4    20999.280    93  42184.560    42244.030    42552.934
372  Dayhoff+R5    20980.082    95  42150.165    42212.630    42526.460
373  Dayhoff+R6    20979.569    97  42153.137    42218.696    42537.355
378  Dayhoff+F     22613.143    106 45438.285    45519.011    45858.152
379  Dayhoff+F+I   22057.067    107 44328.134    44410.677    44751.961
380  Dayhoff+F+G4  20889.988    107 41993.975    42076.518    42417.803
381  Dayhoff+F+I+G4 20855.970    108 41927.939    42012.326    42355.728
382  Dayhoff+F+R2  21231.727    108 42679.453    42763.840    43107.242
383  Dayhoff+F+R3  20939.779    110 42099.558    42187.717    42535.268
384  Dayhoff+F+R4  20876.197    112 41976.394    42068.437    42420.026
385  Dayhoff+F+R5  20845.166    114 41918.332    42014.376    42369.887
386  Dayhoff+F+R6  20839.257    116 41910.513    42010.676    42369.990
391  mtREV         24642.927    87  49459.854    49510.894    49804.461
392  mtREV+I       24140.270    88  48456.539    48508.927    48805.108
393  mtREV+G4      22165.201    88  44506.401    44558.789    44854.970
394  mtREV+I+G4    22153.310    89  44484.620    44538.379    44837.150
395  mtREV+R2      22632.099    89  45442.198    45495.956    45794.727
396  mtREV+R3      22288.804    91  44759.608    44816.175    45120.059
397  mtREV+R4      22152.833    93  44491.665    44551.135    44860.039
398  mtREV+R5      22132.505    95  44455.010    44517.476    44831.306
399  mtREV+R6      22130.393    97  44454.787    44520.345    44839.004
404  mtREV+F       23187.414    106 46586.827    46667.553    47006.694
405  mtREV+F+I     22652.100    107 45518.200    45600.743    45942.027
406  mtREV+F+G4    21096.913    107 42407.825    42490.368    42831.653
407  mtREV+F+I+G4  21080.257    108 42376.515    42460.902    42804.304
408  mtREV+F+R2    21538.763    108 43293.526    43377.913    43721.314
409  mtREV+F+R3    21206.158    110 42632.316    42720.475    43068.027
410  mtREV+F+R4    21091.897    112 42407.795    42499.838    42851.427
411  mtREV+F+R5    21061.390    114 42350.779    42446.823    42802.334
412  mtREV+F+R6    21054.368    116 42340.735    42440.898    42800.212
413  mtREV+F+R7    21045.023    118 42326.046    42430.447    42793.444
414  mtREV+F+R8    21044.507    120 42329.013    42437.777    42804.334
417  mtART         25675.744    87  51525.489    51576.529    51870.096
418  mtART+I       25153.519    88  50483.037    50535.425    50831.606
419  mtART+G4      22376.025    88  44928.051    44980.438    45276.619
420  mtART+I+G4    22373.269    89  44924.537    44978.296    45277.067
421  mtART+R2      22918.806    89  46015.613    46069.371    46368.142
422  mtART+R3      22544.710    91  45271.419    45327.987    45631.871
423  mtART+R4      22364.186    93  44914.372    44973.841    45282.745
424  mtART+R5      22332.310    95  44854.619    44917.085    45230.915
425  mtART+R6      22329.815    97  44853.630    44919.189    45237.848
430  mtART+F       23941.381    106 48094.763    48175.489    48514.629
431  mtART+F+I     23416.549    107 47047.098    47129.640    47470.925
432  mtART+F+G4    21203.773    107 42621.545    42704.088    43045.373
433  mtART+F+I+G4  21202.904    108 42621.809    42706.196    43049.598
434  mtART+F+R2    21755.329    108 43726.658    43811.045    44154.446
435  mtART+F+R3    21393.754    110 43007.508    43095.666    43443.218
436  mtART+F+R4    21192.956    112 42609.912    42701.956    43053.545
437  mtART+F+R5    21156.175    114 42540.350    42636.394    42991.904
438  mtART+F+R6    21147.017    116 42526.034    42626.196    42985.511
439  mtART+F+R7    21145.419    118 42526.837    42631.239    42994.236
443  mtZOA         24537.423    87  49248.847    49299.887    49593.454
444  mtZOA+I       24042.990    88  48261.981    48314.369    48610.549
445  mtZOA+G4      21740.518    88  43657.035    43709.423    44005.604
446  mtZOA+I+G4    21736.652    89  43651.303    43705.062    44003.833
447  mtZOA+R2      22235.929    89  44649.857    44703.616    45002.387
448  mtZOA+R3      21882.238    91  43946.477    44003.044    44306.928
449  mtZOA+R4      21731.971    93  43649.942    43709.411    44018.315
450  mtZOA+R5      21702.287    95  43594.574    43657.040    43970.869
451  mtZOA+R6      21702.303    97  43598.607    43664.166    43982.824
456  mtZOA+F       23314.283    106 46840.567    46921.293    47260.433
457  mtZOA+F+I     22787.173    107 45788.347    45870.889    46212.174
458  mtZOA+F+G4    20965.445    107 42144.891    42227.433    42568.718
459  mtZOA+F+I+G4  20962.003    108 42140.006    42224.393    42567.794
460  mtZOA+F+R2    21470.898    108 43157.796    43242.183    43585.584
461  mtZOA+F+R3    21107.289    110 42434.579    42522.738    42870.289
462  mtZOA+F+R4    20957.906    112 42139.812    42231.855    42583.444
463  mtZOA+F+R5    20925.102    114 42078.204    42174.248    42529.758
464  mtZOA+F+R6    20917.164    116 42066.328    42166.490    42525.804
465  mtZOA+F+R7    20909.941    118 42055.882    42160.283    42523.280
466  mtZOA+F+R8    20909.987    120 42059.975    42168.739    42535.295
469  mtMet         24908.054    87  49990.108    50041.148    50334.716
470  mtMet+I       24394.143    88  48964.287    49016.675    49312.855
471  mtMet+G4      22408.196    88  44992.393    45044.781    45340.961
472  mtMet+I+G4    22400.135    89  44978.270    45032.028    45330.799
473  mtMet+R2      22883.801    89  45945.601    45999.360    46298.131
474  mtMet+R3      22522.262    91  45226.524    45283.092    45586.976
475  mtMet+R4      22403.387    93  44992.774    45052.243    45361.148
476  mtMet+R5      22378.135    95  44946.271    45008.736    45322.566
477  mtMet+R6      22378.125    97  44950.250    45015.809    45334.467
482  mtMet+F       23372.514    106 46957.027    47037.753    47376.894
483  mtMet+F+I     22799.065    107 45812.129    45894.672    46235.957
484  mtMet+F+G4    21117.242    107 42448.483    42531.026    42872.311
485  mtMet+F+I+G4  21105.037    108 42426.074    42510.461    42853.863
486  mtMet+F+R2    21609.151    108 43434.301    43518.688    43862.090
487  mtMet+F+R3    21220.881    110 42661.763    42749.922    43097.473
488  mtMet+F+R4    21112.971    112 42449.942    42541.985    42893.574
489  mtMet+F+R5    21085.708    114 42399.416    42495.460    42850.971
490  mtMet+F+R6    21074.205    116 42380.410    42480.573    42839.887
491  mtMet+F+R7    21067.992    118 42371.983    42476.385    42839.382
492  mtMet+F+R8    21066.264    120 42372.528    42481.292    42847.849
495  mtVer         25157.137    87  50488.275    50539.315    50832.882
496  mtVer+I       24599.162    88  49374.325    49426.713    49722.893
497  mtVer+G4      22388.527    88  44953.053    45005.441    45301.622
498  mtVer+I+G4    22383.083    89  44944.167    44997.925    45296.696
499  mtVer+R2      22917.448    89  46012.896    46066.654    46365.425
500  mtVer+R3      22514.933    91  45211.866    45268.433    45572.317
501  mtVer+R4      22385.077    93  44956.154    45015.624    45324.528
502  mtVer+R5      22347.315    95  44884.630    44947.095    45260.925
503  mtVer+R6      22347.037    97  44888.073    44953.632    45272.291
508  mtVer+F       23812.268    106 47836.536    47917.262    48256.403
509  mtVer+F+I     23181.589    107 46577.177    46659.720    47001.005
510  mtVer+F+G4    21380.614    107 42975.228    43057.771    43399.056
511  mtVer+F+I+G4  21366.789    108 42949.578    43033.965    43377.367
512  mtVer+F+R2    21916.844    108 44049.689    44134.076    44477.477
513  mtVer+F+R3    21493.382    110 43206.763    43294.922    43642.474
514  mtVer+F+R4    21376.394    112 42976.788    43068.831    43420.420
515  mtVer+F+R5    21352.027    114 42932.054    43028.098    43383.609
516  mtVer+F+R6    21335.357    116 42902.715    43002.877    43362.191
517  mtVer+F+R7    21327.310    118 42890.619    42995.021    43358.018
518  mtVer+F+R8    21326.231    120 42892.462    43001.226    43367.782
521  mtInv         24853.796    87  49881.591    49932.631    50226.199
522  mtInv+I       24352.650    88  48881.300    48933.688    49229.869
523  mtInv+G4      22575.017    88  45326.035    45378.423    45674.603
524  mtInv+I+G4    22564.517    89  45307.033    45360.792    45659.563
525  mtInv+R2      23004.134    89  46186.268    46240.026    46538.798
526  mtInv+R3      22665.556    91  45513.111    45569.679    45873.563
527  mtInv+R4      22568.204    93  45322.408    45381.877    45690.781
528  mtInv+R5      22553.260    95  45296.519    45358.985    45672.815
529  mtInv+R6      22552.329    97  45298.659    45364.217    45682.876
534  mtInv+F       23016.370    106 46244.739    46325.465    46664.606
535  mtInv+F+I     22461.018    107 45136.036    45218.578    45559.863
536  mtInv+F+G4    20961.989    107 42137.979    42220.521    42561.806
537  mtInv+F+I+G4  20943.437    108 42102.874    42187.261    42530.663
538  mtInv+F+R2    21407.163    108 43030.326    43114.713    43458.114
539  mtInv+F+R3    21050.527    110 42321.055    42409.214    42756.765
540  mtInv+F+R4    20956.360    112 42136.719    42228.763    42580.352
541  mtInv+F+R5    20924.460    114 42076.920    42172.964    42528.475
542  mtInv+F+R6    20916.167    116 42064.334    42164.496    42523.811
543  mtInv+F+R7    20914.544    118 42065.087    42169.489    42532.486
547  mtMAM         26132.831    87  52439.663    52490.703    52784.270
548  mtMAM+I       25535.034    88  51246.067    51298.455    51594.636
549  mtMAM+G4      22630.636    88  45437.273    45489.661    45785.841
550  mtMAM+I+G4    22628.538    89  45435.075    45488.834    45787.605
551  mtMAM+R2      23269.655    89  46717.309    46771.068    47069.839
552  mtMAM+R3      22825.001    91  45832.003    45888.570    46192.454
553  mtMAM+R4      22620.870    93  45427.740    45487.209    45796.114
554  mtMAM+R5      22561.778    95  45313.556    45376.022    45689.851
555  mtMAM+R6      22555.601    97  45305.202    45370.760    45689.419
556  mtMAM+R7      22554.671    99  45307.342    45376.092    45699.482
560  mtMAM+F       24460.924    106 49133.848    49214.574    49553.715
561  mtMAM+F+I     23836.204    107 47886.407    47968.950    48310.235
562  mtMAM+F+G4    21580.734    107 43375.468    43458.011    43799.295
563  mtMAM+F+I+G4  21578.368    108 43372.736    43457.123    43800.524
564  mtMAM+F+R2    22195.411    108 44606.822    44691.209    45034.611
565  mtMAM+F+R3    21748.994    110 43717.989    43806.148    44153.699
566  mtMAM+F+R4    21573.751    112 43371.502    43463.546    43815.135
567  mtMAM+F+R5    21534.446    114 43296.891    43392.935    43748.446
568  mtMAM+F+R6    21515.958    116 43263.917    43364.079    43723.394
569  mtMAM+F+R7    21512.486    118 43260.971    43365.373    43728.370
WARNING: Normalizing state frequencies so that sum of them equals to 1
573  FLAVI         24648.412    87  49470.823    49521.863    49815.431
WARNING: Normalizing state frequencies so that sum of them equals to 1
574  FLAVI+I       23992.997    88  48161.995    48214.383    48510.563
WARNING: Normalizing state frequencies so that sum of them equals to 1
575  FLAVI+G4      22067.934    88  44311.868    44364.256    44660.437
WARNING: Normalizing state frequencies so that sum of them equals to 1
576  FLAVI+I+G4    22054.099    89  44286.198    44339.956    44638.727
WARNING: Normalizing state frequencies so that sum of them equals to 1
577  FLAVI+R2      22599.711    89  45377.423    45431.181    45729.952
WARNING: Normalizing state frequencies so that sum of them equals to 1
578  FLAVI+R3      22170.136    91  44522.272    44578.840    44882.724
WARNING: Normalizing state frequencies so that sum of them equals to 1
579  FLAVI+R4      22064.809    93  44315.619    44375.088    44683.992
WARNING: Normalizing state frequencies so that sum of them equals to 1
580  FLAVI+R5      22024.704    95  44239.408    44301.873    44615.703
WARNING: Normalizing state frequencies so that sum of them equals to 1
581  FLAVI+R6      22019.680    97  44233.360    44298.918    44617.577
WARNING: Normalizing state frequencies so that sum of them equals to 1
586  FLAVI+F       24342.659    106 48897.318    48978.044    49317.185
WARNING: Normalizing state frequencies so that sum of them equals to 1
587  FLAVI+F+I     23652.463    107 47518.926    47601.469    47942.754
WARNING: Normalizing state frequencies so that sum of them equals to 1
588  FLAVI+F+G4    21833.637    107 43881.274    43963.817    44305.101
WARNING: Normalizing state frequencies so that sum of them equals to 1
589  FLAVI+F+I+G4  21809.479    108 43834.959    43919.346    44262.748
WARNING: Normalizing state frequencies so that sum of them equals to 1
590  FLAVI+F+R2    22380.555    108 44977.110    45061.497    45404.898
WARNING: Normalizing state frequencies so that sum of them equals to 1
591  FLAVI+F+R3    21933.116    110 44086.232    44174.391    44521.943
WARNING: Normalizing state frequencies so that sum of them equals to 1
592  FLAVI+F+R4    21829.958    112 43883.915    43975.959    44327.548
WARNING: Normalizing state frequencies so that sum of them equals to 1
593  FLAVI+F+R5    21787.778    114 43803.557    43899.601    44255.111
WARNING: Normalizing state frequencies so that sum of them equals to 1
594  FLAVI+F+R6    21781.830    116 43795.659    43895.822    44255.136
599  HIVb          23857.926    87  47889.852    47940.892    48234.459
600  HIVb+I        23168.361    88  46512.722    46565.110    46861.290
601  HIVb+G4       21602.725    88  43381.450    43433.837    43730.018
602  HIVb+I+G4     21571.735    89  43321.470    43375.228    43674.000
603  HIVb+R2       22057.973    89  44293.946    44347.704    44646.475
604  HIVb+R3       21677.467    91  43536.934    43593.502    43897.386
605  HIVb+R4       21593.818    93  43373.636    43433.105    43742.009
606  HIVb+R5       21557.843    95  43305.686    43368.152    43681.981
607  HIVb+R6       21544.386    97  43282.773    43348.332    43666.990
608  HIVb+R7       21542.778    99  43283.555    43352.305    43675.695
612  HIVb+F        23666.337    106 47544.673    47625.399    47964.540
613  HIVb+F+I      22981.800    107 46177.601    46260.143    46601.428
614  HIVb+F+G4     21433.689    107 43081.378    43163.921    43505.206
615  HIVb+F+I+G4   21398.416    108 43012.832    43097.219    43440.620
616  HIVb+F+R2     21893.815    108 44003.629    44088.017    44431.418
617  HIVb+F+R3     21518.674    110 43257.348    43345.507    43693.059
618  HIVb+F+R4     21425.909    112 43075.817    43167.861    43519.450
619  HIVb+F+R5     21388.115    114 43004.229    43100.273    43455.784
620  HIVb+F+R6     21374.738    116 42981.476    43081.639    43440.953
621  HIVb+F+R7     21372.265    118 42980.529    43084.931    43447.928
625  HIVw          24906.109    87  49986.218    50037.258    50330.826
626  HIVw+I        24190.974    88  48557.948    48610.336    48906.516
627  HIVw+G4       22694.533    88  45565.066    45617.454    45913.634
628  HIVw+I+G4     22640.277    89  45458.554    45512.312    45811.083
629  HIVw+R2       23136.301    89  46450.603    46504.361    46803.132
630  HIVw+R3       22749.827    91  45681.653    45738.221    46042.105
631  HIVw+R4       22671.817    93  45529.634    45589.103    45898.007
632  HIVw+R5       22612.298    95  45414.597    45477.063    45790.893
633  HIVw+R6       22602.245    97  45398.489    45464.048    45782.707
634  HIVw+R7       22602.131    99  45402.263    45471.013    45794.402
638  HIVw+F        24334.422    106 48880.843    48961.569    49300.710
639  HIVw+F+I      23593.904    107 47401.809    47484.352    47825.636
640  HIVw+F+G4     22044.017    107 44302.033    44384.576    44725.861
641  HIVw+F+I+G4   22005.505    108 44227.010    44311.397    44654.799
642  HIVw+F+R2     22517.074    108 45250.148    45334.535    45677.936
643  HIVw+F+R3     22133.626    110 44487.252    44575.411    44922.963
644  HIVw+F+R4     22034.859    112 44293.718    44385.762    44737.351
645  HIVw+F+R5     21992.819    114 44213.637    44309.681    44665.192
646  HIVw+F+R6     21974.549    116 44181.098    44281.260    44640.575
647  HIVw+F+R7     21973.262    118 44182.523    44286.925    44649.922
651  FLU           23566.221    87  47306.442    47357.482    47651.049
652  FLU+I         22961.692    88  46099.385    46151.773    46447.953
653  FLU+G4        21538.515    88  43253.030    43305.418    43601.599
654  FLU+I+G4      21510.379    89  43198.758    43252.516    43551.287
655  FLU+R2        21936.706    89  44051.412    44105.171    44403.942
656  FLU+R3        21602.577    91  43387.153    43443.721    43747.605
657  FLU+R4        21528.304    93  43242.607    43302.077    43610.981
658  FLU+R5        21498.961    95  43187.922    43250.388    43564.218
659  FLU+R6        21483.704    97  43161.407    43226.966    43545.625
660  FLU+R7        21483.689    99  43165.379    43234.129    43557.518
664  FLU+F         23232.993    106 46677.985    46758.711    47097.852
665  FLU+F+I       22628.504    107 45471.007    45553.550    45894.835
666  FLU+F+G4      21170.143    107 42554.287    42636.830    42978.114
667  FLU+F+I+G4    21148.341    108 42512.683    42597.070    42940.471
668  FLU+F+R2      21599.130    108 43414.259    43498.646    43842.048
669  FLU+F+R3      21257.655    110 42735.310    42823.469    43171.021
670  FLU+F+R4      21160.567    112 42545.133    42637.177    42988.766
671  FLU+F+R5      21145.112    114 42518.223    42614.267    42969.778
672  FLU+F+R6      21134.348    116 42500.696    42600.859    42960.173
673  FLU+F+R7      21133.061    118 42502.122    42606.524    42969.521
677  rtREV         22765.134    87  45704.268    45755.308    46048.875
678  rtREV+I       22229.684    88  44635.367    44687.755    44983.936
679  rtREV+G4      20958.963    88  42093.926    42146.314    42442.494
680  rtREV+I+G4    20938.357    89  42054.714    42108.473    42407.244
681  rtREV+R2      21324.221    89  42826.443    42880.201    43178.972
682  rtREV+R3      21022.764    91  42227.528    42284.096    42587.980
683  rtREV+R4      20950.254    93  42086.509    42145.978    42454.882
684  rtREV+R5      20933.279    95  42056.558    42119.024    42432.853
685  rtREV+R6      20926.749    97  42047.498    42113.057    42431.716
686  rtREV+R7      20926.265    99  42050.530    42119.280    42442.670
690  rtREV+F       22483.385    106 45178.770    45259.496    45598.637
691  rtREV+F+I     21950.540    107 44115.079    44197.622    44538.907
692  rtREV+F+G4    20698.406    107 41610.812    41693.354    42034.639
693  rtREV+F+I+G4  20675.833    108 41567.665    41652.052    41995.454
694  rtREV+F+R2    21060.190    108 42336.380    42420.767    42764.169
695  rtREV+F+R3    20761.523    110 41743.046    41831.204    42178.756
696  rtREV+F+R4    20689.745    112 41603.490    41695.533    42047.122
697  rtREV+F+R5    20666.672    114 41561.344    41657.388    42012.899
698  rtREV+F+R6    20660.587    116 41553.175    41653.337    42012.652
699  rtREV+F+R7    20660.119    118 41556.238    41660.639    42023.637
703  cpREV         22694.046    87  45562.093    45613.133    45906.700
704  cpREV+I       22180.780    88  44537.561    44589.949    44886.129
705  cpREV+G4      21076.600    88  42329.200    42381.588    42677.769
706  cpREV+I+G4    21042.770    89  42263.541    42317.299    42616.070
707  cpREV+R2      21388.187    89  42954.374    43008.133    43306.904
708  cpREV+R3      21124.003    91  42430.005    42486.573    42790.457
709  cpREV+R4      21064.149    93  42314.298    42373.767    42682.671
710  cpREV+R5      21036.635    95  42263.271    42325.737    42639.566
711  cpREV+R6      21028.641    97  42251.282    42316.841    42635.499
712  cpREV+R7      21028.632    99  42255.263    42324.013    42647.403
716  cpREV+F       22445.423    106 45102.846    45183.572    45522.713
717  cpREV+F+I     21928.628    107 44071.256    44153.798    44495.083
718  cpREV+F+G4    20843.652    107 41901.304    41983.846    42325.131
719  cpREV+F+I+G4  20812.204    108 41840.408    41924.795    42268.197
720  cpREV+F+R2    21175.772    108 42567.543    42651.931    42995.332
721  cpREV+F+R3    20910.555    110 42041.109    42129.268    42476.820
722  cpREV+F+R4    20832.963    112 41889.926    41981.969    42333.558
723  cpREV+F+R5    20806.673    114 41841.347    41937.391    42292.901
724  cpREV+F+R6    20797.107    116 41826.213    41926.376    42285.690
725  cpREV+F+R7    20796.882    118 41829.764    41934.166    42297.163
Model C10 is alias for POISSON+G+FMIX{C10pi1:1:0.1191344178,C10pi2:1:0.0874372456,C10pi3:1:0.1037105070,C10pi4:1:0.0922584809,C10pi5:1:0.1070492801,C10pi6:1:0.1329945166,C10pi7:1:0.0538028458,C10pi8:1:0.0691986212,C10pi9:1:0.1319937434,C10pi10:1:0.1024203429}
729  C10           20822.732    88  41821.463    41873.851    42170.032
Model C20 is alias for POISSON+G+FMIX{C20pi1:1:0.0559910600,C20pi2:1:0.0514824870,C20pi3:1:0.0812922124,C20pi4:1:0.0721976867,C20pi5:1:0.0556718858,C20pi6:1:0.0331003080,C20pi7:1:0.0589501763,C20pi8:1:0.0263756889,C20pi9:1:0.0307584220,C20pi10:1:0.0376701125,C20pi11:1:0.0303058290,C20pi12:1:0.0808775576,C20pi13:1:0.0263349134,C20pi14:1:0.0579101455,C20pi15:1:0.0371248064,C20pi16:1:0.0586867766,C20pi17:1:0.0561479138,C20pi18:1:0.0349810886,C20pi19:1:0.0544937394,C20pi20:1:0.0596471901}
730  C20           20609.678    88  41395.356    41447.744    41743.924
Model C30 is alias for POISSON+G+FMIX{C30pi1:1:0.0095783264,C30pi2:1:0.0248476365,C30pi3:1:0.0636309366,C30pi4:1:0.0537939225,C30pi5:1:0.0295885587,C30pi6:1:0.0117587936,C30pi7:1:0.0132013428,C30pi8:1:0.0236868805,C30pi9:1:0.0261687659,C30pi10:1:0.0239821974,C30pi11:1:0.0257100906,C30pi12:1:0.0465072425,C30pi13:1:0.0546794546,C30pi14:1:0.0536085131,C30pi15:1:0.0270622670,C30pi16:1:0.0403913593,C30pi17:1:0.0474212700,C30pi18:1:0.0458816478,C30pi19:1:0.0214036510,C30pi20:1:0.0290385981,C30pi21:1:0.0123391793,C30pi22:1:0.0569350229,C30pi23:1:0.0419687568,C30pi24:1:0.0339027062,C30pi25:1:0.0388777376,C30pi26:1:0.0196343766,C30pi27:1:0.0233086174,C30pi28:1:0.0622722654,C30pi29:1:0.0184803385,C30pi30:1:0.0203395454}
731  C30           20592.066    88  41360.132    41412.520    41708.700
Model C40 is alias for POISSON+G+FMIX{C40pi1:1:0.0223853788,C40pi2:1:0.0338891820,C40pi3:1:0.0577169375,C40pi4:1:0.0252416233,C40pi5:1:0.0108607921,C40pi6:1:0.0462373793,C40pi7:1:0.0102293175,C40pi8:1:0.0147523625,C40pi9:1:0.0143161352,C40pi10:1:0.0182302541,C40pi11:1:0.0204025079,C40pi12:1:0.0425505156,C40pi13:1:0.0248627269,C40pi14:1:0.0105892988,C40pi15:1:0.0188238725,C40pi16:1:0.0086663445,C40pi17:1:0.0148496147,C40pi18:1:0.0343037402,C40pi19:1:0.0225335203,C40pi20:1:0.0174068578,C40pi21:1:0.0112207827,C40pi22:1:0.0443532245,C40pi23:1:0.0392573370,C40pi24:1:0.0196756555,C40pi25:1:0.0287690328,C40pi26:1:0.0114441177,C40pi27:1:0.0112338740,C40pi28:1:0.0582694099,C40pi29:1:0.0444272279,C40pi30:1:0.0112010942,C40pi31:1:0.0145176111,C40pi32:1:0.0114629026,C40pi33:1:0.0239628061,C40pi34:1:0.0266266492,C40pi35:1:0.0481201159,C40pi36:1:0.0371147423,C40pi37:1:0.0160476688,C40pi38:1:0.0237249267,C40pi39:1:0.0235226203,C40pi40:1:0.0261998398}
732  C40           20548.137    88  41272.274    41324.662    41620.842
Model C50 is alias for POISSON+G+FMIX{C50pi1:1:0.0164297003,C50pi2:1:0.0273175755,C50pi3:1:0.0460247610,C50pi4:1:0.0084864734,C50pi5:1:0.0125389252,C50pi6:1:0.0343549036,C50pi7:1:0.0130241102,C50pi8:1:0.0094755681,C50pi9:1:0.0190040551,C50pi10:1:0.0151902354,C50pi11:1:0.0320534760,C50pi12:1:0.0210059850,C50pi13:1:0.0237408547,C50pi14:1:0.0239841203,C50pi15:1:0.0213748021,C50pi16:1:0.0210717705,C50pi17:1:0.0050241805,C50pi18:1:0.0166262276,C50pi19:1:0.0143945956,C50pi20:1:0.0104391130,C50pi21:1:0.0107628277,C50pi22:1:0.0148818171,C50pi23:1:0.0321480239,C50pi24:1:0.0145477978,C50pi25:1:0.0332355807,C50pi26:1:0.0143190281,C50pi27:1:0.0234478734,C50pi28:1:0.0183044983,C50pi29:1:0.0403269452,C50pi30:1:0.0135629530,C50pi31:1:0.0091880799,C50pi32:1:0.0158270022,C50pi33:1:0.0121019379,C50pi34:1:0.0353560982,C50pi35:1:0.0404495617,C50pi36:1:0.0104569232,C50pi37:1:0.0146187792,C50pi38:1:0.0093984095,C50pi39:1:0.0146773809,C50pi40:1:0.0201635562,C50pi41:1:0.0255640273,C50pi42:1:0.0039486842,C50pi43:1:0.0393652608,C50pi44:1:0.0056415419,C50pi45:1:0.0382833580,C50pi46:1:0.0039735086,C50pi47:1:0.0140269355,C50pi48:1:0.0476703673,C50pi49:1:0.0204062788,C50pi50:1:0.0117835304}
733  C50           20509.915    88  41195.830    41248.218    41544.398
Model C60 is alias for POISSON+G+FMIX{C60pi1:1:0.0169698865,C60pi2:1:0.0211683374,C60pi3:1:0.0276589079,C60pi4:1:0.0065675964,C60pi5:1:0.0141221416,C60pi6:1:0.0068774834,C60pi7:1:0.0146909701,C60pi8:1:0.0067225777,C60pi9:1:0.0018396660,C60pi10:1:0.0102547197,C60pi11:1:0.0230896163,C60pi12:1:0.0057941033,C60pi13:1:0.0125394534,C60pi14:1:0.0204526478,C60pi15:1:0.0070629602,C60pi16:1:0.0117982741,C60pi17:1:0.0068334668,C60pi18:1:0.0433775839,C60pi19:1:0.0318278731,C60pi20:1:0.0222546108,C60pi21:1:0.0102264969,C60pi22:1:0.0150545891,C60pi23:1:0.0134159878,C60pi24:1:0.0148552065,C60pi25:1:0.0239111516,C60pi26:1:0.0128776278,C60pi27:1:0.0222318842,C60pi28:1:0.0247444742,C60pi29:1:0.0214274810,C60pi30:1:0.0115001882,C60pi31:1:0.0076017389,C60pi32:1:0.0130258568,C60pi33:1:0.0093701965,C60pi34:1:0.0467194264,C60pi35:1:0.0441940314,C60pi36:1:0.0322263154,C60pi37:1:0.0402999891,C60pi38:1:0.0150234227,C60pi39:1:0.0104589903,C60pi40:1:0.0214742395,C60pi41:1:0.0154957836,C60pi42:1:0.0101789953,C60pi43:1:0.0227980379,C60pi44:1:0.0123204539,C60pi45:1:0.0066777583,C60pi46:1:0.0004150083,C60pi47:1:0.0344385130,C60pi48:1:0.0113663379,C60pi49:1:0.0127143049,C60pi50:1:0.0124323741,C60pi51:1:0.0262124415,C60pi52:1:0.0064994957,C60pi53:1:0.0103203293,C60pi54:1:0.0142463512,C60pi55:1:0.0215600067,C60pi56:1:0.0199150700,C60pi57:1:0.0038964200,C60pi58:1:0.0113448855,C60pi59:1:0.0128595846,C60pi60:1:0.0117656776}
WARNING: Your input class weight 0.000415008 is very small and may cause numerical issues
734  C60           20509.173    88  41194.346    41246.734    41542.915
Model EX2 is alias for MIX{BurEX2:0.672020808818762,ExpEX2:1.6413466609931}
WARNING: Normalizing state frequencies so that sum of them equals to 1
735  EX2           21259.694    88  42695.388    42747.776    43043.956
Model EX3 is alias for MIX{BurEX3:0.427672756793791,IntEX3:0.837595938019774,HExEX3:1.51863631431518}
WARNING: Normalizing state frequencies so that sum of them equals to 1
WARNING: Normalizing state frequencies so that sum of them equals to 1
736  EX3           21003.216    89  42184.433    42238.191    42536.962
Model EHO is alias for MIX{ExtEHO:0.720274356,HelEHO:0.976798797,OthEHO:0.783109376}
WARNING: Normalizing state frequencies so that sum of them equals to 1
WARNING: Normalizing state frequencies so that sum of them equals to 1
WARNING: Normalizing state frequencies so that sum of them equals to 1
737  EHO           22140.034    89  44458.069    44511.827    44810.598
Model UL2 is alias for MIX{M1_UL2:0.581348617,M2_UL2:1.465482789}
WARNING: Normalizing state frequencies so that sum of them equals to 1
738  UL2           21227.288    88  42630.575    42682.963    42979.144
Model UL3 is alias for MIX{Q1_UL3:0.484340397,Q2_UL3:0.492780514,Q3_UL3:1.15597274}
WARNING: Normalizing state frequencies so that sum of them equals to 1
WARNING: Normalizing state frequencies so that sum of them equals to 1
739  UL3           22184.509    89  44547.018    44600.776    44899.547
Model EX_EHO is alias for MIX{BUR_EXT:0.761816796788931,BUR_HEL:0.744425646802117,BUR_OTH:0.532457759429489,EXP_EXT:1.5639387472863,EXP_HEL:2.06403411829438,EXP_OTH:1.43336795177594}
WARNING: Normalizing state frequencies so that sum of them equals to 1
WARNING: Normalizing state frequencies so that sum of them equals to 1
WARNING: Normalizing state frequencies so that sum of them equals to 1
740  EX_EHO        20988.368    92  42160.737    42218.744    42525.149
Model LG4M is alias for MIX{LG4M1,LG4M2,LG4M3,LG4M4}*G4
741  LG4M          20467.842    88  41111.684    41164.071    41460.252
Model LG4X is alias for MIX{LG4X1,LG4X2,LG4X3,LG4X4}*R4
742  LG4X          20443.799    93  41073.598    41133.067    41441.971
Model CF4 is alias for POISSON+FMIX{Fclass1,Fclass2,Fclass3,Fclass4}+F+G
WARNING: Normalizing State frequencies so that sum of them equals to 1
WARNING: Normalizing State frequencies so that sum of them equals to 1
WARNING: Normalizing State frequencies so that sum of them equals to 1
WARNING: Normalizing State frequencies so that sum of them equals to 1
743  CF4           21552.286    111 43326.571    43416.658    43766.243
Model LG+C10 is alias for LG+POISSON+G+FMIX{C10pi1:1:0.1191344178,C10pi2:1:0.0874372456,C10pi3:1:0.1037105070,C10pi4:1:0.0922584809,C10pi5:1:0.1070492801,C10pi6:1:0.1329945166,C10pi7:1:0.0538028458,C10pi8:1:0.0691986212,C10pi9:1:0.1319937434,C10pi10:1:0.1024203429}
744  LG+C10        20677.563    88  41531.127    41583.515    41879.695
Model LG+C20 is alias for LG+POISSON+G+FMIX{C20pi1:1:0.0559910600,C20pi2:1:0.0514824870,C20pi3:1:0.0812922124,C20pi4:1:0.0721976867,C20pi5:1:0.0556718858,C20pi6:1:0.0331003080,C20pi7:1:0.0589501763,C20pi8:1:0.0263756889,C20pi9:1:0.0307584220,C20pi10:1:0.0376701125,C20pi11:1:0.0303058290,C20pi12:1:0.0808775576,C20pi13:1:0.0263349134,C20pi14:1:0.0579101455,C20pi15:1:0.0371248064,C20pi16:1:0.0586867766,C20pi17:1:0.0561479138,C20pi18:1:0.0349810886,C20pi19:1:0.0544937394,C20pi20:1:0.0596471901}
745  LG+C20        20514.701    88  41205.402    41257.789    41553.970
Model LG+C30 is alias for LG+POISSON+G+FMIX{C30pi1:1:0.0095783264,C30pi2:1:0.0248476365,C30pi3:1:0.0636309366,C30pi4:1:0.0537939225,C30pi5:1:0.0295885587,C30pi6:1:0.0117587936,C30pi7:1:0.0132013428,C30pi8:1:0.0236868805,C30pi9:1:0.0261687659,C30pi10:1:0.0239821974,C30pi11:1:0.0257100906,C30pi12:1:0.0465072425,C30pi13:1:0.0546794546,C30pi14:1:0.0536085131,C30pi15:1:0.0270622670,C30pi16:1:0.0403913593,C30pi17:1:0.0474212700,C30pi18:1:0.0458816478,C30pi19:1:0.0214036510,C30pi20:1:0.0290385981,C30pi21:1:0.0123391793,C30pi22:1:0.0569350229,C30pi23:1:0.0419687568,C30pi24:1:0.0339027062,C30pi25:1:0.0388777376,C30pi26:1:0.0196343766,C30pi27:1:0.0233086174,C30pi28:1:0.0622722654,C30pi29:1:0.0184803385,C30pi30:1:0.0203395454}
746  LG+C30        20479.507    88  41135.014    41187.401    41483.582
Model LG+C40 is alias for LG+POISSON+G+FMIX{C40pi1:1:0.0223853788,C40pi2:1:0.0338891820,C40pi3:1:0.0577169375,C40pi4:1:0.0252416233,C40pi5:1:0.0108607921,C40pi6:1:0.0462373793,C40pi7:1:0.0102293175,C40pi8:1:0.0147523625,C40pi9:1:0.0143161352,C40pi10:1:0.0182302541,C40pi11:1:0.0204025079,C40pi12:1:0.0425505156,C40pi13:1:0.0248627269,C40pi14:1:0.0105892988,C40pi15:1:0.0188238725,C40pi16:1:0.0086663445,C40pi17:1:0.0148496147,C40pi18:1:0.0343037402,C40pi19:1:0.0225335203,C40pi20:1:0.0174068578,C40pi21:1:0.0112207827,C40pi22:1:0.0443532245,C40pi23:1:0.0392573370,C40pi24:1:0.0196756555,C40pi25:1:0.0287690328,C40pi26:1:0.0114441177,C40pi27:1:0.0112338740,C40pi28:1:0.0582694099,C40pi29:1:0.0444272279,C40pi30:1:0.0112010942,C40pi31:1:0.0145176111,C40pi32:1:0.0114629026,C40pi33:1:0.0239628061,C40pi34:1:0.0266266492,C40pi35:1:0.0481201159,C40pi36:1:0.0371147423,C40pi37:1:0.0160476688,C40pi38:1:0.0237249267,C40pi39:1:0.0235226203,C40pi40:1:0.0261998398}
747  LG+C40        20458.539    88  41093.079    41145.467    41441.647
Model LG+C50 is alias for LG+POISSON+G+FMIX{C50pi1:1:0.0164297003,C50pi2:1:0.0273175755,C50pi3:1:0.0460247610,C50pi4:1:0.0084864734,C50pi5:1:0.0125389252,C50pi6:1:0.0343549036,C50pi7:1:0.0130241102,C50pi8:1:0.0094755681,C50pi9:1:0.0190040551,C50pi10:1:0.0151902354,C50pi11:1:0.0320534760,C50pi12:1:0.0210059850,C50pi13:1:0.0237408547,C50pi14:1:0.0239841203,C50pi15:1:0.0213748021,C50pi16:1:0.0210717705,C50pi17:1:0.0050241805,C50pi18:1:0.0166262276,C50pi19:1:0.0143945956,C50pi20:1:0.0104391130,C50pi21:1:0.0107628277,C50pi22:1:0.0148818171,C50pi23:1:0.0321480239,C50pi24:1:0.0145477978,C50pi25:1:0.0332355807,C50pi26:1:0.0143190281,C50pi27:1:0.0234478734,C50pi28:1:0.0183044983,C50pi29:1:0.0403269452,C50pi30:1:0.0135629530,C50pi31:1:0.0091880799,C50pi32:1:0.0158270022,C50pi33:1:0.0121019379,C50pi34:1:0.0353560982,C50pi35:1:0.0404495617,C50pi36:1:0.0104569232,C50pi37:1:0.0146187792,C50pi38:1:0.0093984095,C50pi39:1:0.0146773809,C50pi40:1:0.0201635562,C50pi41:1:0.0255640273,C50pi42:1:0.0039486842,C50pi43:1:0.0393652608,C50pi44:1:0.0056415419,C50pi45:1:0.0382833580,C50pi46:1:0.0039735086,C50pi47:1:0.0140269355,C50pi48:1:0.0476703673,C50pi49:1:0.0204062788,C50pi50:1:0.0117835304}
748  LG+C50        20412.089    88  41000.179    41052.567    41348.747
Model LG+C60 is alias for LG+POISSON+G+FMIX{C60pi1:1:0.0169698865,C60pi2:1:0.0211683374,C60pi3:1:0.0276589079,C60pi4:1:0.0065675964,C60pi5:1:0.0141221416,C60pi6:1:0.0068774834,C60pi7:1:0.0146909701,C60pi8:1:0.0067225777,C60pi9:1:0.0018396660,C60pi10:1:0.0102547197,C60pi11:1:0.0230896163,C60pi12:1:0.0057941033,C60pi13:1:0.0125394534,C60pi14:1:0.0204526478,C60pi15:1:0.0070629602,C60pi16:1:0.0117982741,C60pi17:1:0.0068334668,C60pi18:1:0.0433775839,C60pi19:1:0.0318278731,C60pi20:1:0.0222546108,C60pi21:1:0.0102264969,C60pi22:1:0.0150545891,C60pi23:1:0.0134159878,C60pi24:1:0.0148552065,C60pi25:1:0.0239111516,C60pi26:1:0.0128776278,C60pi27:1:0.0222318842,C60pi28:1:0.0247444742,C60pi29:1:0.0214274810,C60pi30:1:0.0115001882,C60pi31:1:0.0076017389,C60pi32:1:0.0130258568,C60pi33:1:0.0093701965,C60pi34:1:0.0467194264,C60pi35:1:0.0441940314,C60pi36:1:0.0322263154,C60pi37:1:0.0402999891,C60pi38:1:0.0150234227,C60pi39:1:0.0104589903,C60pi40:1:0.0214742395,C60pi41:1:0.0154957836,C60pi42:1:0.0101789953,C60pi43:1:0.0227980379,C60pi44:1:0.0123204539,C60pi45:1:0.0066777583,C60pi46:1:0.0004150083,C60pi47:1:0.0344385130,C60pi48:1:0.0113663379,C60pi49:1:0.0127143049,C60pi50:1:0.0124323741,C60pi51:1:0.0262124415,C60pi52:1:0.0064994957,C60pi53:1:0.0103203293,C60pi54:1:0.0142463512,C60pi55:1:0.0215600067,C60pi56:1:0.0199150700,C60pi57:1:0.0038964200,C60pi58:1:0.0113448855,C60pi59:1:0.0128595846,C60pi60:1:0.0117656776}
WARNING: Your input class weight 0.000415008 is very small and may cause numerical issues
749  LG+C60        20427.792    88  41031.583    41083.971    41380.152
Akaike Information Criterion:           LG+C50
Corrected Akaike Information Criterion: LG+C50
Bayesian Information Criterion:         LG+C50
Best-fit model: LG+C50 chosen according to BIC

All model information printed to iqtree_gene_trees/COG3626.model.gz
CPU time for ModelFinder: 4311.313 seconds (1h:11m:51s)
Wall-clock time for ModelFinder: 433.983 seconds (0h:7m:13s)
Generating 1000 samples for ultrafast bootstrap (seed: 386418)...
Model LG+C50 is alias for LG+POISSON+G+FMIX{C50pi1:1:0.0164297003,C50pi2:1:0.0273175755,C50pi3:1:0.0460247610,C50pi4:1:0.0084864734,C50pi5:1:0.0125389252,C50pi6:1:0.0343549036,C50pi7:1:0.0130241102,C50pi8:1:0.0094755681,C50pi9:1:0.0190040551,C50pi10:1:0.0151902354,C50pi11:1:0.0320534760,C50pi12:1:0.0210059850,C50pi13:1:0.0237408547,C50pi14:1:0.0239841203,C50pi15:1:0.0213748021,C50pi16:1:0.0210717705,C50pi17:1:0.0050241805,C50pi18:1:0.0166262276,C50pi19:1:0.0143945956,C50pi20:1:0.0104391130,C50pi21:1:0.0107628277,C50pi22:1:0.0148818171,C50pi23:1:0.0321480239,C50pi24:1:0.0145477978,C50pi25:1:0.0332355807,C50pi26:1:0.0143190281,C50pi27:1:0.0234478734,C50pi28:1:0.0183044983,C50pi29:1:0.0403269452,C50pi30:1:0.0135629530,C50pi31:1:0.0091880799,C50pi32:1:0.0158270022,C50pi33:1:0.0121019379,C50pi34:1:0.0353560982,C50pi35:1:0.0404495617,C50pi36:1:0.0104569232,C50pi37:1:0.0146187792,C50pi38:1:0.0093984095,C50pi39:1:0.0146773809,C50pi40:1:0.0201635562,C50pi41:1:0.0255640273,C50pi42:1:0.0039486842,C50pi43:1:0.0393652608,C50pi44:1:0.0056415419,C50pi45:1:0.0382833580,C50pi46:1:0.0039735086,C50pi47:1:0.0140269355,C50pi48:1:0.0476703673,C50pi49:1:0.0204062788,C50pi50:1:0.0117835304}

NOTE: 536 MB RAM (0 GB) is required!
Estimate model parameters (epsilon = 0.100)
1. Initial log-likelihood: -20412.089
Optimal log-likelihood: -20412.086
Mixture weights: 0.016 0.027 0.046 0.008 0.013 0.034 0.013 0.009 0.019 0.015 0.032 0.021 0.024 0.024 0.021 0.021 0.005 0.017 0.014 0.010 0.011 0.015 0.032 0.015 0.033 0.014 0.023 0.018 0.040 0.014 0.009 0.016 0.012 0.035 0.040 0.010 0.015 0.009 0.015 0.020 0.026 0.004 0.039 0.006 0.038 0.004 0.014 0.048 0.020 0.012
Gamma shape alpha: 0.417
Parameters optimization took 1 rounds (1.871 sec)
Wrote distance file to... 
Computing ML distances based on estimated model parameters...
Calculating distance matrix: done in 0.0653311 secs using 991.4% CPU
Computing ML distances took 0.065533 sec (of wall-clock time) 0.649471 sec (of CPU time)
Setting up auxiliary I and S matrices: done in 0.00116168 secs using 441.9% CPU
Constructing RapidNJ tree: done in 0.0429914 secs using 263.7% CPU
Computing RapidNJ tree took 0.044398 sec (of wall-clock time) 0.118781 sec (of CPU time)
Log-likelihood of RapidNJ tree: -20478.167
--------------------------------------------------------------------
|             INITIALIZING CANDIDATE TREE SET                      |
--------------------------------------------------------------------
Generating 98 parsimony trees... 1.355 second
Computing log-likelihood of 98 initial trees ... 72.340 seconds
Current best score: -20412.086

Do NNI search on 20 best initial trees
Optimizing NNI: done in 9.5169 secs using 990.6% CPU
Estimate model parameters (epsilon = 0.100)
BETTER TREE FOUND at iteration 1: -20406.383
Optimizing NNI: done in 20.0134 secs using 995.6% CPU
Optimizing NNI: done in 19.2131 secs using 996.2% CPU
Estimate model parameters (epsilon = 0.100)
BETTER TREE FOUND at iteration 3: -20396.902
Optimizing NNI: done in 16.5737 secs using 995.7% CPU
Estimate model parameters (epsilon = 0.100)
BETTER TREE FOUND at iteration 4: -20393.014
Optimizing NNI: done in 21.192 secs using 995.8% CPU
Estimate model parameters (epsilon = 0.100)
BETTER TREE FOUND at iteration 5: -20389.426
Optimizing NNI: done in 13.2217 secs using 996.8% CPU
Optimizing NNI: done in 13.6023 secs using 995% CPU
Optimizing NNI: done in 12.3832 secs using 988.1% CPU
Optimizing NNI: done in 15.4667 secs using 989.7% CPU
Optimizing NNI: done in 15.5896 secs using 993.3% CPU
Iteration 10 / LogL: -20392.115 / Time: 0h:4m:14s
Optimizing NNI: done in 15.6128 secs using 992.9% CPU
Optimizing NNI: done in 18.6052 secs using 990.8% CPU
Optimizing NNI: done in 13.472 secs using 990.2% CPU
Optimizing NNI: done in 14.4592 secs using 987.7% CPU
Optimizing NNI: done in 16.6529 secs using 987.7% CPU
Optimizing NNI: done in 19.1994 secs using 992.5% CPU
Optimizing NNI: done in 16.0797 secs using 989.5% CPU
Optimizing NNI: done in 16.7388 secs using 992.3% CPU
Optimizing NNI: done in 17.6555 secs using 990.7% CPU
Estimate model parameters (epsilon = 0.100)
BETTER TREE FOUND at iteration 19: -20386.909
Optimizing NNI: done in 18.4103 secs using 989.2% CPU
Iteration 20 / LogL: -20390.359 / Time: 0h:7m:4s
Finish initializing candidate tree set (20)
Current best tree score: -20386.909 / CPU time: 414.509
Number of iterations: 20
--------------------------------------------------------------------
|               OPTIMIZING CANDIDATE TREE SET                      |
--------------------------------------------------------------------
Optimizing NNI: done in 18.7029 secs using 992.2% CPU
Optimizing NNI: done in 16.426 secs using 988.6% CPU
Optimizing NNI: done in 15.9125 secs using 989.9% CPU
Optimizing NNI: done in 20.7012 secs using 989.9% CPU
Optimizing NNI: done in 15.3439 secs using 993.6% CPU
Optimizing NNI: done in 16.9801 secs using 996.3% CPU
Optimizing NNI: done in 19.1749 secs using 997.4% CPU
Optimizing NNI: done in 15.5304 secs using 997.9% CPU
Optimizing NNI: done in 12.8962 secs using 994.2% CPU
Optimizing NNI: done in 13.3147 secs using 994.9% CPU
Iteration 30 / LogL: -20389.549 / Time: 0h:9m:51s (0h:30m:14s left)
Optimizing NNI: done in 14.2128 secs using 997.1% CPU
Optimizing NNI: done in 15.2133 secs using 997.7% CPU
Optimizing NNI: done in 17.6007 secs using 998% CPU
Optimizing NNI: done in 15.5931 secs using 991.7% CPU
Optimizing NNI: done in 15.3902 secs using 994.6% CPU
Optimizing NNI: done in 12.251 secs using 993.7% CPU
Estimate model parameters (epsilon = 0.100)
BETTER TREE FOUND at iteration 36: -20386.826
Optimizing NNI: done in 18.0927 secs using 994.6% CPU
Optimizing NNI: done in 16.3338 secs using 995.8% CPU
Optimizing NNI: done in 8.35666 secs using 995.6% CPU
Optimizing NNI: done in 16.7152 secs using 996.7% CPU
Iteration 40 / LogL: -20388.185 / Time: 0h:12m:24s (0h:30m:31s left)
Optimizing NNI: done in 15.8391 secs using 997.1% CPU
Optimizing NNI: done in 17.4686 secs using 997% CPU
Optimizing NNI: done in 13.6662 secs using 995.5% CPU
Optimizing NNI: done in 22.3977 secs using 995.3% CPU
Optimizing NNI: done in 14.5099 secs using 995.8% CPU
Optimizing NNI: done in 18.8729 secs using 997.3% CPU
Estimate model parameters (epsilon = 0.100)
BETTER TREE FOUND at iteration 46: -20386.535
Optimizing NNI: done in 14.2966 secs using 996.1% CPU
Optimizing NNI: done in 17.7805 secs using 995.1% CPU
Optimizing NNI: done in 18.3525 secs using 994.3% CPU
Optimizing NNI: done in 17.3187 secs using 993.9% CPU
Iteration 50 / LogL: -20387.170 / Time: 0h:15m:17s (0h:29m:58s left)
Log-likelihood cutoff on original alignment: -20430.848
UFBoot trees printed to iqtree_gene_trees/COG3626.ufboot
Optimizing NNI: done in 18.2977 secs using 996.2% CPU
Optimizing NNI: done in 12.9305 secs using 997% CPU
Optimizing NNI: done in 18.1358 secs using 996.6% CPU
Optimizing NNI: done in 17.1523 secs using 997.3% CPU
Optimizing NNI: done in 22.4687 secs using 991.2% CPU
Optimizing NNI: done in 17.81 secs using 993.4% CPU
Optimizing NNI: done in 14.0086 secs using 993.4% CPU
Optimizing NNI: done in 18.1473 secs using 996.9% CPU
Optimizing NNI: done in 18.7774 secs using 996.4% CPU
Optimizing NNI: done in 19.7367 secs using 996.1% CPU
Iteration 60 / LogL: -20387.087 / Time: 0h:18m:17s (0h:26m:39s left)
Optimizing NNI: done in 21.3461 secs using 997.1% CPU
Optimizing NNI: done in 19.3791 secs using 995.4% CPU
Optimizing NNI: done in 17.2594 secs using 994.6% CPU
Optimizing NNI: done in 15.5962 secs using 996.1% CPU
Optimizing NNI: done in 15.9036 secs using 993.7% CPU
Estimate model parameters (epsilon = 0.100)
BETTER TREE FOUND at iteration 65: -20386.488
Optimizing NNI: done in 15.2637 secs using 993.5% CPU
Optimizing NNI: done in 18.2932 secs using 991.9% CPU
Optimizing NNI: done in 19.1436 secs using 995% CPU
Optimizing NNI: done in 15.0111 secs using 996.5% CPU
Optimizing NNI: done in 16.622 secs using 994.1% CPU
Iteration 70 / LogL: -20387.082 / Time: 0h:21m:14s (0h:29m:15s left)
Optimizing NNI: done in 19.9304 secs using 996% CPU
Optimizing NNI: done in 12.7175 secs using 994.6% CPU
Optimizing NNI: done in 10.7225 secs using 997.6% CPU
Optimizing NNI: done in 18.086 secs using 981.8% CPU
Optimizing NNI: done in 16.7697 secs using 978.6% CPU
Optimizing NNI: done in 19.3414 secs using 992.6% CPU
Optimizing NNI: done in 17.8607 secs using 994.4% CPU
Optimizing NNI: done in 16.0618 secs using 996.9% CPU
Optimizing NNI: done in 13.8597 secs using 995.9% CPU
Optimizing NNI: done in 14.8676 secs using 996.4% CPU
Iteration 80 / LogL: -20388.798 / Time: 0h:23m:56s (0h:25m:45s left)
Optimizing NNI: done in 12.2786 secs using 996.4% CPU
Optimizing NNI: done in 17.0759 secs using 993.4% CPU
Optimizing NNI: done in 25.3892 secs using 989% CPU
Optimizing NNI: done in 14.8833 secs using 995.1% CPU
Optimizing NNI: done in 15.558 secs using 994.8% CPU
Optimizing NNI: done in 14.9495 secs using 991.6% CPU
Optimizing NNI: done in 13.8419 secs using 991.6% CPU
Optimizing NNI: done in 19.8505 secs using 989.5% CPU
Optimizing NNI: done in 14.3893 secs using 989.3% CPU
Optimizing NNI: done in 12.7504 secs using 987.5% CPU
Iteration 90 / LogL: -20386.498 / Time: 0h:26m:38s (0h:22m:27s left)
Optimizing NNI: done in 12.1588 secs using 989.4% CPU
Optimizing NNI: done in 17.8106 secs using 990% CPU
Optimizing NNI: done in 20.1857 secs using 987.9% CPU
Optimizing NNI: done in 20.5056 secs using 989.4% CPU
Optimizing NNI: done in 20.2156 secs using 987.7% CPU
Optimizing NNI: done in 19.2484 secs using 988.3% CPU
Optimizing NNI: done in 22.3974 secs using 988% CPU
Optimizing NNI: done in 15.7805 secs using 989.7% CPU
Optimizing NNI: done in 23.0668 secs using 990.3% CPU
Optimizing NNI: done in 17.2322 secs using 991.6% CPU
Iteration 100 / LogL: -20386.512 / Time: 0h:29m:49s (0h:19m:34s left)
Log-likelihood cutoff on original alignment: -20430.848
NOTE: Bootstrap correlation coefficient of split occurrence frequencies: 0.998
UFBoot trees printed to iqtree_gene_trees/COG3626.ufboot
Optimizing NNI: done in 16.2605 secs using 987% CPU
Optimizing NNI: done in 26.4098 secs using 989.1% CPU
Optimizing NNI: done in 14.7503 secs using 989.5% CPU
Optimizing NNI: done in 23.7789 secs using 990.9% CPU
Optimizing NNI: done in 14.5702 secs using 989% CPU
Optimizing NNI: done in 14.5336 secs using 990.2% CPU
Optimizing NNI: done in 18.926 secs using 988.6% CPU
Optimizing NNI: done in 21.5754 secs using 991.2% CPU
Optimizing NNI: done in 28.6505 secs using 989.2% CPU
Optimizing NNI: done in 15.239 secs using 988.4% CPU
Iteration 110 / LogL: -20386.834 / Time: 0h:33m:6s (0h:27m:19s left)
Optimizing NNI: done in 13.2579 secs using 987% CPU
Optimizing NNI: done in 18.9343 secs using 989.2% CPU
Optimizing NNI: done in 18.4385 secs using 987.7% CPU
Optimizing NNI: done in 12.5743 secs using 988.1% CPU
Optimizing NNI: done in 14.5628 secs using 989.9% CPU
Optimizing NNI: done in 18.585 secs using 989.7% CPU
Optimizing NNI: done in 27.7936 secs using 989.9% CPU
Optimizing NNI: done in 20.31 secs using 988.8% CPU
Optimizing NNI: done in 20.5753 secs using 988% CPU
Optimizing NNI: done in 19.2296 secs using 991.6% CPU
Iteration 120 / LogL: -20387.162 / Time: 0h:36m:12s (0h:24m:20s left)
Optimizing NNI: done in 19.6145 secs using 990.5% CPU
Optimizing NNI: done in 19.5642 secs using 988.7% CPU
Optimizing NNI: done in 15.2011 secs using 989.4% CPU
Optimizing NNI: done in 19.3605 secs using 990.5% CPU
Optimizing NNI: done in 19.3988 secs using 988.2% CPU
Optimizing NNI: done in 21.2997 secs using 990% CPU
Optimizing NNI: done in 22.521 secs using 989.7% CPU
Optimizing NNI: done in 17.5458 secs using 987% CPU
Optimizing NNI: done in 22.2845 secs using 989.7% CPU
Optimizing NNI: done in 22.1162 secs using 989.4% CPU
Iteration 130 / LogL: -20386.536 / Time: 0h:39m:32s (0h:21m:27s left)
Optimizing NNI: done in 22.8369 secs using 988.4% CPU
Optimizing NNI: done in 15.0357 secs using 989.2% CPU
Optimizing NNI: done in 19.8201 secs using 988.2% CPU
Optimizing NNI: done in 25.7134 secs using 989.4% CPU
Optimizing NNI: done in 14.7595 secs using 988.4% CPU
Optimizing NNI: done in 12.0624 secs using 991.4% CPU
Optimizing NNI: done in 17.1862 secs using 989.9% CPU
Optimizing NNI: done in 20.7493 secs using 986.8% CPU
Optimizing NNI: done in 15.4361 secs using 990.7% CPU
Optimizing NNI: done in 17.7325 secs using 991.6% CPU
Iteration 140 / LogL: -20387.559 / Time: 0h:42m:35s (0h:18m:23s left)
Optimizing NNI: done in 14.1798 secs using 989.8% CPU
Optimizing NNI: done in 21.5116 secs using 989.6% CPU
Optimizing NNI: done in 20.6441 secs using 988.6% CPU
Optimizing NNI: done in 17.7334 secs using 990.6% CPU
Optimizing NNI: done in 18.9986 secs using 989.6% CPU
Optimizing NNI: done in 20.0053 secs using 987.2% CPU
Optimizing NNI: done in 21.4414 secs using 990% CPU
Optimizing NNI: done in 16.7868 secs using 990.3% CPU
Optimizing NNI: done in 21.6341 secs using 988.1% CPU
Optimizing NNI: done in 12.9695 secs using 988.1% CPU
Iteration 150 / LogL: -20386.537 / Time: 0h:45m:43s (0h:15m:20s left)
Log-likelihood cutoff on original alignment: -20430.848
UFBoot trees printed to iqtree_gene_trees/COG3626.ufboot
Optimizing NNI: done in 22.0378 secs using 986.6% CPU
Optimizing NNI: done in 22.1757 secs using 989% CPU
Optimizing NNI: done in 15.093 secs using 991.2% CPU
Optimizing NNI: done in 16.9232 secs using 990.4% CPU
Optimizing NNI: done in 18.2154 secs using 987.6% CPU
Optimizing NNI: done in 16.9385 secs using 991% CPU
Optimizing NNI: done in 20.1355 secs using 988.6% CPU
Optimizing NNI: done in 24.5668 secs using 989.4% CPU
Optimizing NNI: done in 16.187 secs using 989.1% CPU
Optimizing NNI: done in 17.5641 secs using 987.7% CPU
Iteration 160 / LogL: -20387.907 / Time: 0h:48m:55s (0h:12m:18s left)
Optimizing NNI: done in 23.4975 secs using 990.7% CPU
Optimizing NNI: done in 14.1679 secs using 991.6% CPU
Optimizing NNI: done in 20.0941 secs using 988.6% CPU
Optimizing NNI: done in 16.0301 secs using 989.2% CPU
Optimizing NNI: done in 18.4674 secs using 989.4% CPU
Optimizing NNI: done in 13.4988 secs using 987.7% CPU
TREE SEARCH COMPLETED AFTER 166 ITERATIONS / Time: 0h:50m:41s

--------------------------------------------------------------------
|                    FINALIZING TREE SEARCH                        |
--------------------------------------------------------------------
Performs final model parameters optimization
Estimate model parameters (epsilon = 0.010)
1. Initial log-likelihood: -20386.488
Optimal log-likelihood: -20386.487
Mixture weights: 0.016 0.027 0.046 0.008 0.013 0.034 0.013 0.009 0.019 0.015 0.032 0.021 0.024 0.024 0.021 0.021 0.005 0.017 0.014 0.010 0.011 0.015 0.032 0.015 0.033 0.014 0.023 0.018 0.040 0.014 0.009 0.016 0.012 0.035 0.040 0.010 0.015 0.009 0.015 0.020 0.026 0.004 0.039 0.006 0.038 0.004 0.014 0.048 0.020 0.012
Gamma shape alpha: 0.419
Parameters optimization took 1 rounds (1.970 sec)
BEST SCORE FOUND : -20386.487
Creating bootstrap support values...
Split supports printed to NEXUS file iqtree_gene_trees/COG3626.splits.nex
Total tree length: 36.433

Total number of iterations: 166
CPU time used for tree search: 29964.724 sec (8h:19m:24s)
Wall-clock time used for tree search: 3031.759 sec (0h:50m:31s)
Total CPU time used: 30083.108 sec (8h:21m:23s)
Total wall-clock time used: 3044.194 sec (0h:50m:44s)
UFBoot trees printed to iqtree_gene_trees/COG3626.ufboot

Computing bootstrap consensus tree...
Reading input file iqtree_gene_trees/COG3626.splits.nex...
45 taxa and 476 splits.
Consensus tree written to iqtree_gene_trees/COG3626.contree
Reading input trees file iqtree_gene_trees/COG3626.contree
Log-likelihood of consensus tree: -20387.162

Analysis results written to: 
  IQ-TREE report:                iqtree_gene_trees/COG3626.iqtree
  Maximum-likelihood tree:       iqtree_gene_trees/COG3626.treefile
  Likelihood distances:          iqtree_gene_trees/COG3626.mldist

Ultrafast bootstrap approximation results written to:
  Split support values:          iqtree_gene_trees/COG3626.splits.nex
  Consensus tree:                iqtree_gene_trees/COG3626.contree
  UFBoot trees:                  iqtree_gene_trees/COG3626.ufboot
  Screen log file:               iqtree_gene_trees/COG3626.log

ALISIM COMMAND
--------------
Currently, we only support exporting AliSim commands from common models of DNA, Protein, Binary, and Morphological data. To simulate data from other models (mixture, lie-markov, etc), please refer to the User Manual of AliSim. Thanks!

Date and Time: Sat Apr  8 03:40:16 2023
