IQ-TREE multicore version 2.2.0.3 COVID-edition for Linux 64-bit built Aug  2 2022
Developed by Bui Quang Minh, James Barbetti, Nguyen Lam Tung,
Olga Chernomor, Heiko Schmidt, Dominik Schrempf, Michael Woodhams, Ly Trong Nhan.

Host:    baross.its.carleton.edu (AVX2, FMA3, 755 GB RAM)
Command: iqtree -s gene_alignments/trimv2_COG3781.afa --nmax 3000 -m MFP -bb 1000 -wbtl -ntmax 10 -nt AUTO -T 10 --prefix iqtree_gene_trees/COG3781 -madd C10,C20,C30,C40,C50,C60,EX2,EX3,EHO,UL2,UL3,EX_EHO,LG4M,LG4X,CF4,LG+C10,LG+C20,LG+C30,LG+C40,LG+C50,LG+C60 -mrate E,I,G,I+G,R
Seed:    592074 (Using SPRNG - Scalable Parallel Random Number Generator)
Time:    Sun Apr  9 01:11:46 2023
Kernel:  AVX+FMA - 10 threads (96 CPU cores detected)

Reading alignment file gene_alignments/trimv2_COG3781.afa ... Fasta format detected
Reading fasta file: done in 0.00125557 secs using 36.88% CPU
Alignment most likely contains protein sequences
Constructing alignment: done in 0.00226953 secs using 957.3% CPU
Alignment has 68 sequences with 327 columns, 327 distinct patterns
316 parsimony-informative, 11 singleton sites, 0 constant sites
                                                                 Gap/Ambiguity  Composition  p-value
Analyzing sequences: done in 6.0715e-05 secs using 764.2% CPU
   1  GCA.015473125.1.Eukaryota.Viridiplantae_GHP10819.1                11.31%    failed      3.47%
   2  GCF.000737335.2.Bacteria.Proteobacteria_NZ_JMCC02000046.1_43       3.36%    passed     30.63%
   3  GCA.002699025.1.Bacteria.Myxococcota_PABA01000064.1_9              4.28%    passed     16.89%
   4  GCA.002483345.1.Bacteria.Bacteroidota_DLHS01000015.1_226           5.81%    passed     51.83%
   5  GCA.002783405.1.Bacteria.Cyanobacteria_PFGG01000074.1_6            6.12%    passed     62.71%
   6  GCF.000192575.1.Bacteria.Proteobacteria_NZ_GL876927.1_13           9.79%    passed     21.74%
   7  GCA.000315625.1.Eukaryota.Cryptophyceae_EKX46235.1                 5.81%    passed     70.58%
   8  GCA.002404095.1.Bacteria.Planctomycetota_DHJA01000223.1_7         11.01%    passed     49.56%
   9  GCF.000353285.1.Bacteria.Cyanobacteria_NZ_KB731324.1_1450          5.81%    passed     94.49%
  10  GCA.002731275.1.Bacteria.Myxococcota_PCBK01000154.1_22             6.73%    passed     40.58%
  11  GCA.000315625.1.Eukaryota.Cryptophyceae_EKX41039.1                14.07%    passed     72.15%
  12  GCA.002763895.1.Bacteria.Bacteroidota_NSLH01000001.1_50            6.12%    passed     54.28%
  13  GCF.001870225.1.Bacteria.Cyanobacteria_NZ_CP017675.1_2700          4.59%    passed      5.62%
  14  GCF.000284615.1.Bacteria.Proteobacteria_NC_017067.1_2757           7.95%    failed      3.21%
  15  Nostoc.sp.PCC7120_WP_010997138.1                                   6.12%    passed     43.43%
  16  GCA.000315625.1.Eukaryota.Cryptophyceae_EKX42977.1                16.51%    failed      2.10%
  17  GCF.003612015.1.Bacteria.Proteobacteria_NZ_RARB01000007.1_55       7.34%    passed     37.30%
  18  GCA.002704825.1.Bacteria.Planctomycetota_PAIY01000222.1_4          9.48%    failed      0.75%
  19  GCF.002251945.1.Bacteria.Cyanobacteria_NZ_NDHW01000253.1_1         9.17%    passed     61.02%
  20  GCA.000188695.1.Eukaryota.Choanoflagellata_EGD83095.1              4.59%    passed     57.88%
  21  GCF.900116225.1.Bacteria.Bacteroidota_NZ_FOZZ01000001.1_145       11.62%    failed      0.01%
  22  GCA.001664505.1.Bacteria.Acidobacteriota_CP011806.1_2954           6.73%    passed     10.44%
  23  GCF.003838225.1.Bacteria.Cyanobacteria_WP_124144639.1              5.50%    failed      0.00%
  24  GCF.003838225.1.Bacteria.Cyanobacteria_WP_124146227.1              3.06%    passed     54.38%
  25  GCA.003451595.1.Bacteria.Chloroflexota_DMDA01000046.1_11           6.73%    passed     26.13%
  26  GCF.000316115.1.Bacteria.Cyanobacteria_NZ_JH993797.1_1388          7.03%    passed     51.31%
  27  GCF.001280305.1.Bacteria.Bacteroidota_NZ_CP012623.1_1171           6.73%    passed     56.99%
  28  GCF.001870225.1.Bacteria.Cyanobacteria_NZ_CP017675.1_1957          6.42%    passed     59.10%
  29  GCA.002049455.2.Eukaryota.Rhodophyta_OSX70168.1                    9.48%    failed      0.01%
  30  GCA.002702065.1.Bacteria.Chloroflexota_NZXX01000014.1_4            6.42%    passed     49.95%
  31  GCF.001280305.1.Bacteria.Bacteroidota_NZ_CP012623.1_3025           7.03%    passed     66.79%
  32  GCF.000317045.1.Bacteria.Cyanobacteria_NC_019703.1_1267            3.36%    passed     43.93%
  33  GCA.003170275.1.Bacteria.Myxococcota_PNAM01000057.1_11            11.01%    passed      9.53%
  34  GCA.000315625.1.Eukaryota.Cryptophyceae_EKX32722.1                17.13%    passed     58.02%
  35  GCF.000737335.2.Bacteria.Proteobacteria_NZ_JMCC02000144.1_5        5.81%    passed     75.10%
  36  GCA.015473125.1.Eukaryota.Viridiplantae_GHP11061.1                 8.87%    failed      0.19%
  37  GCA.001664505.1.Bacteria.Acidobacteriota_CP011806.1_2096           6.12%    passed     28.85%
  38  GCA.000315625.1.Eukaryota.Cryptophyceae_EKX39214.1                 9.79%    passed      7.33%
  39  GCF.000473895.1.Bacteria.Cyanobacteria_NZ_ASSJ01000079.1_99        3.98%    passed     48.45%
  40  GCF.000020025.1.Bacteria.Cyanobacteria_NC_010628.1_5347            6.42%    passed     13.17%
  41  GCF.001614315.2.Bacteria.Proteobacteria_NZ_LVEG02000001.1_157      7.34%    failed      0.13%
  42  GCF.003612015.1.Bacteria.Proteobacteria_NZ_RARB01000001.1_829      8.26%    failed      4.67%
  43  GCA.002342225.1.Bacteria.Bdellovibrionota_DDPO01000172.1_1         7.95%    passed     76.73%
  44  GCA.015473125.1.Eukaryota.Viridiplantae_GHP11905.1                10.09%    failed      0.54%
  45  GCA.000315625.1.Eukaryota.Cryptophyceae_EKX46754.1                 6.12%    passed     13.43%
  46  GCF.900116225.1.Bacteria.Bacteroidota_NZ_FOZZ01000001.1_37         9.48%    passed     66.13%
  47  GCF.000020025.1.Bacteria.Cyanobacteria_NC_010628.1_2780            9.48%    passed     13.24%
  48  GCA.002049455.2.Eukaryota.Rhodophyta_OSX68971.1                    5.20%    passed     18.01%
  49  GCA.001664505.1.Bacteria.Acidobacteriota_CP011806.1_230            5.81%    passed     17.47%
  50  GCF.003838225.1.Bacteria.Cyanobacteria_WP_124146255.1              8.56%    passed     32.84%
  51  GCA.002731275.1.Bacteria.Myxococcota_PCBK01000056.1_7              5.50%    passed     21.37%
  52  GCA.001698445.1.Bacteria.Cyanobacteria_MBRF01000030.1_9            3.98%    passed     85.38%
  53  GCA.003508595.1.Bacteria.Planctomycetota_DNUF01000216.1_76        10.40%    passed     49.17%
  54  GCF.000017845.1.Bacteria.Cyanobacteria_NC_010546.1_2353            5.20%    passed     42.23%
  55  GCF.001280305.1.Bacteria.Bacteroidota_NZ_CP012623.1_241            6.12%    passed     17.05%
  56  GCA.015473125.1.Eukaryota.Viridiplantae_GHP11277.1                12.23%    passed     13.17%
  57  GCA.000315625.1.Eukaryota.Cryptophyceae_EKX50160.1                10.70%    passed     89.73%
  58  GCA.002731275.1.Bacteria.Myxococcota_PCBK01000003.1_10             5.50%    passed     21.37%
  59  GCA.003167015.1.Bacteria.Bacteroidota_PMUF01000423.1_6             7.65%    passed     15.73%
  60  GCA.000188695.1.Eukaryota.Choanoflagellata_EGD81905.1              5.20%    passed     64.46%
  61  GCA.002726535.1.Bacteria.Myxococcota_PBTG01000072.1_7              7.34%    passed     79.67%
  62  GCA.002483345.1.Bacteria.Bacteroidota_DLHS01000002.1_33            9.17%    passed     42.05%
  63  GCA.001464165.1.Bacteria.Cyanobacteria_LNEX01000213.1_2            8.26%    passed     81.04%
  64  GCF.000013205.1.Bacteria.Cyanobacteria_NC_007775.1_1976            8.56%    passed     47.22%
  65  GCF.000192575.1.Bacteria.Proteobacteria_NZ_GL876926.1_338         10.09%    passed      8.87%
  66  GCF.000018105.1.Bacteria.Cyanobacteria_NC_009925.1_4699            5.50%    passed     22.68%
  67  GCF.002215035.1.Bacteria.Cyanobacteria_NZ_NKFP01000004.1_818       4.89%    passed     57.05%
  68  GCF.900129635.1.Bacteria.Planctomycetota_NZ_FSRB01000001.1_3539    7.65%    passed     66.81%
****  TOTAL                                                              7.61%  11 sequences failed composition chi2 test (p-value<5%; df=19)
NOTE: GCA.002731275.1.Bacteria.Myxococcota_PCBK01000003.1_10 is identical to GCA.002731275.1.Bacteria.Myxococcota_PCBK01000056.1_7 but kept for subsequent analysis
Checking for duplicate sequences: done in 0.000908062 secs using 909.8% CPU


Create initial parsimony tree by phylogenetic likelihood library (PLL)... 0.036 seconds
Perform fast likelihood tree search using LG+G model...
Estimate model parameters (epsilon = 5.000)
Perform nearest neighbor interchange...
Optimizing NNI: done in 0.71659 secs using 995.7% CPU
Estimate model parameters (epsilon = 1.000)
1. Initial log-likelihood: -37987.340
Optimal log-likelihood: -37987.241
Gamma shape alpha: 1.246
Parameters optimization took 1 rounds (0.109 sec)
Time for fast ML tree search: 1.221 seconds

NOTE: ModelFinder requires 37 MB RAM!
ModelFinder will test up to 749 protein models (sample size: 327) ...
 No. Model         -LnL         df  AIC          AICc         BIC
  1  LG            39330.035    133 78926.070    79110.753    79430.134
  2  LG+I          39330.030    134 78928.061    79116.498    79435.915
  3  LG+G4         37987.247    134 76242.494    76430.931    76750.348
  4  LG+I+G4       37987.244    135 76244.488    76436.740    76756.133
  5  LG+R2         38257.245    135 76784.491    76976.742    77296.135
  6  LG+R3         38035.295    137 76344.590    76544.653    76863.814
  7  LG+R4         37962.997    139 76203.994    76412.122    76730.798
  8  LG+R5         37937.842    141 76157.684    76374.138    76692.069
  9  LG+R6         37935.579    143 76157.158    76382.207    76699.122
 14  LG+F          39196.288    152 78696.576    78963.887    79272.650
 15  LG+F+I        39196.288    153 78698.575    78970.968    79278.439
 16  LG+F+G4       37815.735    153 75937.470    76209.863    76517.334
 17  LG+F+I+G4     37815.736    154 75939.471    76217.029    76523.125
 18  LG+F+R2       38061.348    154 76430.695    76708.253    77014.349
 19  LG+F+R3       37859.057    156 76030.114    76318.255    76621.348
 20  LG+F+R4       37791.233    158 75898.466    76197.537    76497.279
 21  LG+F+R5       37774.879    160 75869.757    76180.119    76476.151
 22  LG+F+R6       37772.102    162 75868.205    76190.229    76482.178
 27  WAG           39336.181    133 78938.362    79123.046    79442.427
 28  WAG+I         39336.181    134 78940.361    79128.799    79448.216
 29  WAG+G4        38198.024    134 76664.048    76852.486    77171.903
 30  WAG+I+G4      38198.061    135 76666.122    76858.374    77177.767
 31  WAG+R2        38426.839    135 77123.678    77315.929    77635.323
 32  WAG+R3        38201.877    137 76677.753    76877.817    77196.978
 33  WAG+R4        38162.020    139 76602.040    76810.169    77128.845
 34  WAG+R5        38128.912    141 76539.824    76756.278    77074.208
 35  WAG+R6        38126.190    143 76538.381    76763.430    77080.345
 40  WAG+F         39155.215    152 78614.431    78881.741    79190.505
 41  WAG+F+I       39155.215    153 78616.429    78888.822    79196.293
 42  WAG+F+G4      38012.027    153 76330.054    76602.448    76909.918
 43  WAG+F+I+G4    38012.040    154 76332.079    76609.637    76915.733
 44  WAG+F+R2      38223.749    154 76755.498    77033.056    77339.152
 45  WAG+F+R3      38019.516    156 76351.032    76639.173    76942.265
 46  WAG+F+R4      37981.406    158 76278.812    76577.884    76877.626
 47  WAG+F+R5      37958.070    160 76236.139    76546.501    76842.533
 48  WAG+F+R6      37955.269    162 76234.538    76556.563    76848.512
 53  JTT           39703.736    133 79673.472    79858.155    80177.536
 54  JTT+I         39703.735    134 79675.471    79863.908    80183.325
 55  JTT+G4        38393.431    134 77054.862    77243.300    77562.717
 56  JTT+I+G4      38393.431    135 77056.861    77249.113    77568.506
 57  JTT+R2        38670.143    135 77610.286    77802.537    78121.931
 58  JTT+R3        38418.726    137 77111.452    77311.516    77630.677
 59  JTT+R4        38361.102    139 77000.203    77208.332    77527.008
 60  JTT+R5        38338.755    141 76959.511    77175.965    77493.895
 61  JTT+R6        38334.740    143 76955.480    77180.530    77497.445
 66  JTT+F         39543.921    152 79391.842    79659.152    79967.916
 67  JTT+F+I       39543.920    153 79393.841    79666.234    79973.705
 68  JTT+F+G4      38223.590    153 76753.179    77025.572    77333.043
 69  JTT+F+I+G4    38223.595    154 76755.190    77032.748    77338.844
 70  JTT+F+R2      38477.820    154 77263.640    77541.198    77847.293
 71  JTT+F+R3      38246.267    156 76804.534    77092.675    77395.768
 72  JTT+F+R4      38195.507    158 76707.013    77006.085    77305.827
 73  JTT+F+R5      38175.897    160 76671.794    76982.156    77278.188
 74  JTT+F+R6      38173.223    162 76670.446    76992.471    77284.420
WARNING: Normalizing state frequencies so that sum of them equals to 1
 79  Q.pfam        39222.054    133 78710.107    78894.791    79214.172
WARNING: Normalizing state frequencies so that sum of them equals to 1
 80  Q.pfam+I      39222.053    134 78712.107    78900.544    79219.961
WARNING: Normalizing state frequencies so that sum of them equals to 1
 81  Q.pfam+G4     37908.360    134 76084.721    76273.158    76592.575
WARNING: Normalizing state frequencies so that sum of them equals to 1
 82  Q.pfam+I+G4   37908.384    135 76086.768    76279.019    76598.413
WARNING: Normalizing state frequencies so that sum of them equals to 1
 83  Q.pfam+R2     38161.514    135 76593.028    76785.279    77104.673
WARNING: Normalizing state frequencies so that sum of them equals to 1
 84  Q.pfam+R3     37941.547    137 76157.094    76357.158    76676.319
WARNING: Normalizing state frequencies so that sum of them equals to 1
 85  Q.pfam+R4     37882.980    139 76043.959    76252.087    76570.764
WARNING: Normalizing state frequencies so that sum of them equals to 1
 86  Q.pfam+R5     37860.185    141 76002.370    76218.824    76536.754
WARNING: Normalizing state frequencies so that sum of them equals to 1
 87  Q.pfam+R6     37857.231    143 76000.462    76225.511    76542.426
WARNING: Normalizing state frequencies so that sum of them equals to 1
 92  Q.pfam+F      39217.617    152 78739.235    79006.545    79315.309
WARNING: Normalizing state frequencies so that sum of them equals to 1
 93  Q.pfam+F+I    39217.617    153 78741.234    79013.627    79321.098
WARNING: Normalizing state frequencies so that sum of them equals to 1
 94  Q.pfam+F+G4   37829.868    153 75965.736    76238.129    76545.600
WARNING: Normalizing state frequencies so that sum of them equals to 1
 95  Q.pfam+F+I+G4 37829.862    154 75967.725    76245.283    76551.379
WARNING: Normalizing state frequencies so that sum of them equals to 1
 96  Q.pfam+F+R2   38072.965    154 76453.930    76731.488    77037.583
WARNING: Normalizing state frequencies so that sum of them equals to 1
 97  Q.pfam+F+R3   37864.163    156 76040.327    76328.468    76631.561
WARNING: Normalizing state frequencies so that sum of them equals to 1
 98  Q.pfam+F+R4   37807.199    158 75930.399    76229.470    76529.213
WARNING: Normalizing state frequencies so that sum of them equals to 1
 99  Q.pfam+F+R5   37789.714    160 75899.429    76209.790    76505.823
WARNING: Normalizing state frequencies so that sum of them equals to 1
100  Q.pfam+F+R6   37787.402    162 75898.803    76220.828    76512.777
WARNING: Normalizing state frequencies so that sum of them equals to 1
105  Q.bird        40697.052    133 81660.103    81844.787    82164.168
WARNING: Normalizing state frequencies so that sum of them equals to 1
106  Q.bird+I      40697.047    134 81662.095    81850.532    82169.949
WARNING: Normalizing state frequencies so that sum of them equals to 1
107  Q.bird+G4     38967.017    134 78202.034    78390.472    78709.889
WARNING: Normalizing state frequencies so that sum of them equals to 1
108  Q.bird+I+G4   38967.014    135 78204.029    78396.280    78715.674
WARNING: Normalizing state frequencies so that sum of them equals to 1
109  Q.bird+R2     39323.791    135 78917.583    79109.834    79429.227
WARNING: Normalizing state frequencies so that sum of them equals to 1
110  Q.bird+R3     39022.993    137 78319.987    78520.050    78839.212
WARNING: Normalizing state frequencies so that sum of them equals to 1
111  Q.bird+R4     38940.066    139 78158.131    78366.260    78684.936
WARNING: Normalizing state frequencies so that sum of them equals to 1
112  Q.bird+R5     38902.774    141 78087.549    78304.003    78621.933
WARNING: Normalizing state frequencies so that sum of them equals to 1
113  Q.bird+R6     38896.733    143 78079.465    78304.515    78621.430
WARNING: Normalizing state frequencies so that sum of them equals to 1
114  Q.bird+R7     38891.882    145 78073.765    78307.688    78623.309
WARNING: Normalizing state frequencies so that sum of them equals to 1
118  Q.bird+F      40627.423    152 81558.846    81826.156    82134.919
WARNING: Normalizing state frequencies so that sum of them equals to 1
119  Q.bird+F+I    40627.421    153 81560.842    81833.236    82140.706
WARNING: Normalizing state frequencies so that sum of them equals to 1
120  Q.bird+F+G4   38817.251    153 77940.501    78212.894    78520.365
WARNING: Normalizing state frequencies so that sum of them equals to 1
121  Q.bird+F+I+G4 38817.180    154 77942.359    78219.917    78526.013
WARNING: Normalizing state frequencies so that sum of them equals to 1
122  Q.bird+F+R2   39143.268    154 78594.536    78872.094    79178.190
WARNING: Normalizing state frequencies so that sum of them equals to 1
123  Q.bird+F+R3   38861.896    156 78035.792    78323.933    78627.026
WARNING: Normalizing state frequencies so that sum of them equals to 1
124  Q.bird+F+R4   38792.910    158 77901.820    78200.891    78500.634
WARNING: Normalizing state frequencies so that sum of them equals to 1
125  Q.bird+F+R5   38759.182    160 77838.364    78148.726    78444.758
WARNING: Normalizing state frequencies so that sum of them equals to 1
126  Q.bird+F+R6   38749.627    162 77823.255    78145.279    78437.228
WARNING: Normalizing state frequencies so that sum of them equals to 1
127  Q.bird+F+R7   38747.932    164 77823.863    78157.938    78445.417
WARNING: Normalizing state frequencies so that sum of them equals to 1
131  Q.mammal      40368.638    133 81003.276    81187.960    81507.341
WARNING: Normalizing state frequencies so that sum of them equals to 1
132  Q.mammal+I    40368.638    134 81005.275    81193.713    81513.130
WARNING: Normalizing state frequencies so that sum of them equals to 1
133  Q.mammal+G4   38758.915    134 77785.830    77974.267    78293.685
WARNING: Normalizing state frequencies so that sum of them equals to 1
134  Q.mammal+I+G4 38758.910    135 77787.820    77980.072    78299.465
WARNING: Normalizing state frequencies so that sum of them equals to 1
135  Q.mammal+R2   39094.632    135 78459.264    78651.516    78970.909
WARNING: Normalizing state frequencies so that sum of them equals to 1
136  Q.mammal+R3   38806.006    137 77886.011    78086.075    78405.236
WARNING: Normalizing state frequencies so that sum of them equals to 1
137  Q.mammal+R4   38736.687    139 77751.373    77959.501    78278.178
WARNING: Normalizing state frequencies so that sum of them equals to 1
138  Q.mammal+R5   38695.277    141 77672.555    77889.009    78206.939
WARNING: Normalizing state frequencies so that sum of them equals to 1
139  Q.mammal+R6   38690.272    143 77666.545    77891.594    78208.509
WARNING: Normalizing state frequencies so that sum of them equals to 1
144  Q.mammal+F    40275.848    152 80855.695    81123.006    81431.769
WARNING: Normalizing state frequencies so that sum of them equals to 1
145  Q.mammal+F+I  40275.844    153 80857.688    81130.081    81437.552
WARNING: Normalizing state frequencies so that sum of them equals to 1
146  Q.mammal+F+G4 38605.687    153 77517.374    77789.768    78097.238
WARNING: Normalizing state frequencies so that sum of them equals to 1
147  Q.mammal+F+I+G4 38605.657    154 77519.314    77796.872    78102.968
WARNING: Normalizing state frequencies so that sum of them equals to 1
148  Q.mammal+F+R2 38911.771    154 78131.543    78409.101    78715.197
WARNING: Normalizing state frequencies so that sum of them equals to 1
149  Q.mammal+F+R3 38643.306    156 77598.611    77886.753    78189.845
WARNING: Normalizing state frequencies so that sum of them equals to 1
150  Q.mammal+F+R4 38580.341    158 77476.683    77775.754    78075.496
WARNING: Normalizing state frequencies so that sum of them equals to 1
151  Q.mammal+F+R5 38547.623    160 77415.246    77725.607    78021.640
WARNING: Normalizing state frequencies so that sum of them equals to 1
152  Q.mammal+F+R6 38542.787    162 77409.574    77731.598    78023.548
157  Q.insect      39719.309    133 79704.619    79889.303    80208.683
158  Q.insect+I    39719.309    134 79706.618    79895.056    80214.473
159  Q.insect+G4   38276.767    134 76821.534    77009.971    77329.388
160  Q.insect+I+G4 38276.742    135 76823.484    77015.736    77335.129
161  Q.insect+R2   38571.115    135 77412.231    77604.482    77923.876
162  Q.insect+R3   38317.329    137 76908.659    77108.722    77427.883
163  Q.insect+R4   38254.559    139 76787.119    76995.247    77313.923
164  Q.insect+R5   38220.999    141 76723.998    76940.452    77258.382
165  Q.insect+R6   38216.969    143 76719.937    76944.986    77261.901
170  Q.insect+F    39431.466    152 79166.932    79434.242    79743.006
171  Q.insect+F+I  39431.466    153 79168.931    79441.324    79748.795
172  Q.insect+F+G4 37973.545    153 76253.090    76525.483    76832.954
173  Q.insect+F+I+G4 37973.543    154 76255.086    76532.644    76838.740
174  Q.insect+F+R2 38241.861    154 76791.722    77069.280    77375.376
175  Q.insect+F+R3 38013.948    156 76339.897    76628.038    76931.131
176  Q.insect+F+R4 37954.915    158 76225.830    76524.902    76824.644
177  Q.insect+F+R5 37929.207    160 76178.415    76488.776    76784.808
178  Q.insect+F+R6 37928.052    162 76180.105    76502.129    76794.078
WARNING: Normalizing state frequencies so that sum of them equals to 1
183  Q.plant       40111.326    133 80488.653    80673.337    80992.717
WARNING: Normalizing state frequencies so that sum of them equals to 1
184  Q.plant+I     40111.323    134 80490.646    80679.084    80998.501
WARNING: Normalizing state frequencies so that sum of them equals to 1
185  Q.plant+G4    38442.182    134 77152.363    77340.801    77660.218
WARNING: Normalizing state frequencies so that sum of them equals to 1
186  Q.plant+I+G4  38442.183    135 77154.367    77346.618    77666.011
WARNING: Normalizing state frequencies so that sum of them equals to 1
187  Q.plant+R2    38783.474    135 77836.948    78029.199    78348.593
WARNING: Normalizing state frequencies so that sum of them equals to 1
188  Q.plant+R3    38503.247    137 77280.494    77480.557    77799.718
WARNING: Normalizing state frequencies so that sum of them equals to 1
189  Q.plant+R4    38418.189    139 77114.378    77322.506    77641.182
WARNING: Normalizing state frequencies so that sum of them equals to 1
190  Q.plant+R5    38384.968    141 77051.937    77268.391    77586.321
WARNING: Normalizing state frequencies so that sum of them equals to 1
191  Q.plant+R6    38379.261    143 77044.522    77269.571    77586.486
WARNING: Normalizing state frequencies so that sum of them equals to 1
196  Q.plant+F     39936.312    152 80176.624    80443.935    80752.698
WARNING: Normalizing state frequencies so that sum of them equals to 1
197  Q.plant+F+I   39936.309    153 80178.618    80451.011    80758.482
WARNING: Normalizing state frequencies so that sum of them equals to 1
198  Q.plant+F+G4  38251.656    153 76809.312    77081.705    77389.176
WARNING: Normalizing state frequencies so that sum of them equals to 1
199  Q.plant+F+I+G4 38251.656    154 76811.313    77088.871    77394.966
WARNING: Normalizing state frequencies so that sum of them equals to 1
200  Q.plant+F+R2  38559.907    154 77427.814    77705.373    78011.468
WARNING: Normalizing state frequencies so that sum of them equals to 1
201  Q.plant+F+R3  38311.850    156 76935.700    77223.841    77526.934
WARNING: Normalizing state frequencies so that sum of them equals to 1
202  Q.plant+F+R4  38227.712    158 76771.423    77070.495    77370.237
WARNING: Normalizing state frequencies so that sum of them equals to 1
203  Q.plant+F+R5  38205.067    160 76730.134    77040.495    77336.527
WARNING: Normalizing state frequencies so that sum of them equals to 1
204  Q.plant+F+R6  38202.004    162 76728.007    77050.031    77341.981
WARNING: Normalizing state frequencies so that sum of them equals to 1
209  Q.yeast       39775.275    133 79816.550    80001.234    80320.615
WARNING: Normalizing state frequencies so that sum of them equals to 1
210  Q.yeast+I     39775.271    134 79818.542    80006.979    80326.396
WARNING: Normalizing state frequencies so that sum of them equals to 1
211  Q.yeast+G4    38336.395    134 76940.790    77129.228    77448.645
WARNING: Normalizing state frequencies so that sum of them equals to 1
212  Q.yeast+I+G4  38336.357    135 76942.713    77134.965    77454.358
WARNING: Normalizing state frequencies so that sum of them equals to 1
213  Q.yeast+R2    38644.161    135 77558.321    77750.573    78069.966
WARNING: Normalizing state frequencies so that sum of them equals to 1
214  Q.yeast+R3    38383.913    137 77041.826    77241.889    77561.050
WARNING: Normalizing state frequencies so that sum of them equals to 1
215  Q.yeast+R4    38317.088    139 76912.176    77120.305    77438.981
WARNING: Normalizing state frequencies so that sum of them equals to 1
216  Q.yeast+R5    38288.426    141 76858.852    77075.306    77393.236
WARNING: Normalizing state frequencies so that sum of them equals to 1
217  Q.yeast+R6    38283.656    143 76853.311    77078.361    77395.276
WARNING: Normalizing state frequencies so that sum of them equals to 1
222  Q.yeast+F     39317.675    152 78939.351    79206.661    79515.425
WARNING: Normalizing state frequencies so that sum of them equals to 1
223  Q.yeast+F+I   39317.675    153 78941.350    79213.743    79521.214
WARNING: Normalizing state frequencies so that sum of them equals to 1
224  Q.yeast+F+G4  37864.998    153 76035.997    76308.390    76615.861
WARNING: Normalizing state frequencies so that sum of them equals to 1
225  Q.yeast+F+I+G4 37864.999    154 76037.997    76315.555    76621.651
WARNING: Normalizing state frequencies so that sum of them equals to 1
226  Q.yeast+F+R2  38131.295    154 76570.590    76848.148    77154.244
WARNING: Normalizing state frequencies so that sum of them equals to 1
227  Q.yeast+F+R3  37909.769    156 76131.538    76419.679    76722.772
WARNING: Normalizing state frequencies so that sum of them equals to 1
228  Q.yeast+F+R4  37850.158    158 76016.316    76315.388    76615.130
WARNING: Normalizing state frequencies so that sum of them equals to 1
229  Q.yeast+F+R5  37829.758    160 75979.516    76289.878    76585.910
WARNING: Normalizing state frequencies so that sum of them equals to 1
230  Q.yeast+F+R6  37827.798    162 75979.595    76301.620    76593.569
235  JTTDCMut      39703.005    133 79672.009    79856.693    80176.074
236  JTTDCMut+I    39703.004    134 79674.008    79862.446    80181.863
237  JTTDCMut+G4   38397.950    134 77063.899    77252.337    77571.754
238  JTTDCMut+I+G4 38397.956    135 77065.913    77258.164    77577.558
239  JTTDCMut+R2   38674.208    135 77618.416    77810.668    78130.061
240  JTTDCMut+R3   38422.447    137 77118.893    77318.957    77638.118
241  JTTDCMut+R4   38365.301    139 77008.602    77216.730    77535.407
242  JTTDCMut+R5   38342.910    141 76967.821    77184.275    77502.205
243  JTTDCMut+R6   38338.771    143 76963.542    77188.592    77505.507
248  JTTDCMut+F    39539.941    152 79383.881    79651.192    79959.955
249  JTTDCMut+F+I  39539.940    153 79385.880    79658.273    79965.744
250  JTTDCMut+F+G4 38223.771    153 76753.542    77025.935    77333.406
251  JTTDCMut+F+I+G4 38223.776    154 76755.553    77033.111    77339.207
252  JTTDCMut+F+R2 38477.358    154 77262.717    77540.275    77846.371
253  JTTDCMut+F+R3 38245.690    156 76803.381    77091.522    77394.614
254  JTTDCMut+F+R4 38195.484    158 76706.967    77006.039    77305.781
255  JTTDCMut+F+R5 38175.746    160 76671.491    76981.853    77277.885
256  JTTDCMut+F+R6 38173.192    162 76670.384    76992.408    77284.357
261  DCMut         40127.451    133 80520.903    80705.587    81024.967
262  DCMut+I       40127.451    134 80522.902    80711.339    81030.757
263  DCMut+G4      38747.525    134 77763.049    77951.487    78270.904
264  DCMut+I+G4    38747.872    135 77765.745    77957.996    78277.390
265  DCMut+R2      39059.062    135 78388.124    78580.375    78899.768
266  DCMut+R3      38763.589    137 77801.178    78001.242    78320.403
267  DCMut+R4      38720.853    139 77719.707    77927.835    78246.511
268  DCMut+R5      38685.773    141 77653.545    77869.999    78187.930
269  DCMut+R6      38675.956    143 77637.911    77862.960    78179.875
270  DCMut+R7      38675.644    145 77641.289    77875.211    78190.833
274  DCMut+F       39661.961    152 79627.921    79895.231    80203.995
275  DCMut+F+I     39661.960    153 79629.920    79902.313    80209.784
276  DCMut+F+G4    38323.074    153 76952.147    77224.540    77532.011
277  DCMut+F+I+G4  38323.050    154 76954.101    77231.659    77537.754
278  DCMut+F+R2    38596.574    154 77501.148    77778.707    78084.802
279  DCMut+F+R3    38334.045    156 76980.091    77268.232    77571.324
280  DCMut+F+R4    38301.461    158 76918.922    77217.993    77517.736
281  DCMut+F+R5    38265.950    160 76851.900    77162.262    77458.294
282  DCMut+F+R6    38262.134    162 76848.267    77170.292    77462.241
287  VT            39220.771    133 78707.543    78892.227    79211.608
288  VT+I          39220.770    134 78709.541    78897.978    79217.395
289  VT+G4         38149.059    134 76566.117    76754.555    77073.972
290  VT+I+G4       38149.056    135 76568.112    76760.364    77079.757
291  VT+R2         38358.971    135 76987.942    77180.194    77499.587
292  VT+R3         38150.750    137 76575.499    76775.563    77094.724
293  VT+R4         38106.817    139 76491.634    76699.763    77018.439
294  VT+R5         38091.865    141 76465.730    76682.184    77000.114
295  VT+R6         38089.907    143 76465.814    76690.863    77007.778
300  VT+F          39087.881    152 78479.761    78747.072    79055.835
301  VT+F+I        39087.879    153 78481.759    78754.152    79061.622
302  VT+F+G4       38006.554    153 76319.108    76591.501    76898.972
303  VT+F+I+G4     38006.549    154 76321.098    76598.656    76904.752
304  VT+F+R2       38204.653    154 76717.306    76994.864    77300.960
305  VT+F+R3       38010.441    156 76332.882    76621.023    76924.116
306  VT+F+R4       37970.796    158 76257.593    76556.664    76856.406
307  VT+F+R5       37959.610    160 76239.220    76549.581    76845.614
308  VT+F+R6       37957.508    162 76239.016    76561.041    76852.990
313  PMB           39253.177    133 78772.353    78957.037    79276.418
314  PMB+I         39253.175    134 78774.350    78962.787    79282.204
315  PMB+G4        38199.464    134 76666.928    76855.366    77174.783
316  PMB+I+G4      38199.466    135 76668.932    76861.183    77180.576
317  PMB+R2        38399.509    135 77069.018    77261.269    77580.663
318  PMB+R3        38202.134    137 76678.269    76878.332    77197.493
319  PMB+R4        38161.361    139 76600.723    76808.851    77127.527
320  PMB+R5        38150.758    141 76583.516    76799.970    77117.900
321  PMB+R6        38147.149    143 76580.297    76805.346    77122.261
326  PMB+F         39281.353    152 78866.706    79134.016    79442.780
327  PMB+F+I       39281.351    153 78868.703    79141.096    79448.567
328  PMB+F+G4      38189.538    153 76685.076    76957.469    77264.940
329  PMB+F+I+G4    38189.537    154 76687.075    76964.633    77270.729
330  PMB+F+R2      38390.937    154 77089.875    77367.433    77673.529
331  PMB+F+R3      38197.807    156 76707.613    76995.755    77298.847
332  PMB+F+R4      38153.774    158 76623.549    76922.620    77222.363
333  PMB+F+R5      38146.359    160 76612.718    76923.079    77219.111
334  PMB+F+R6      38142.726    162 76609.451    76931.476    77223.425
339  Blosum62      39298.409    133 78862.818    79047.502    79366.883
340  Blosum62+I    39298.408    134 78864.816    79053.254    79372.671
341  Blosum62+G4   38255.263    134 76778.527    76966.964    77286.382
342  Blosum62+I+G4 38255.264    135 76780.527    76972.779    77292.172
343  Blosum62+R2   38450.507    135 77171.015    77363.266    77682.659
344  Blosum62+R3   38251.314    137 76776.629    76976.692    77295.853
345  Blosum62+R4   38216.769    139 76711.537    76919.666    77238.342
346  Blosum62+R5   38198.828    141 76679.657    76896.111    77214.041
347  Blosum62+R6   38195.601    143 76677.203    76902.252    77219.167
352  Blosum62+F    39203.075    152 78710.149    78977.460    79286.223
353  Blosum62+F+I  39203.073    153 78712.147    78984.540    79292.011
354  Blosum62+F+G4 38134.278    153 76574.556    76846.949    77154.420
355  Blosum62+F+I+G4 38134.275    154 76576.551    76854.109    77160.205
356  Blosum62+F+R2 38327.347    154 76962.695    77240.253    77546.349
357  Blosum62+F+R3 38137.007    156 76586.013    76874.155    77177.247
358  Blosum62+F+R4 38099.503    158 76515.006    76814.077    77113.820
359  Blosum62+F+R5 38085.413    160 76490.826    76801.187    77097.219
360  Blosum62+F+R6 38081.656    162 76487.313    76809.337    77101.287
365  Dayhoff       40131.381    133 80528.763    80713.447    81032.828
366  Dayhoff+I     40131.381    134 80530.762    80719.200    81038.617
367  Dayhoff+G4    38747.747    134 77763.493    77951.931    78271.348
368  Dayhoff+I+G4  38748.101    135 77766.203    77958.454    78277.847
369  Dayhoff+R2    39060.371    135 78390.742    78582.994    78902.387
370  Dayhoff+R3    38764.393    137 77802.785    78002.849    78322.010
371  Dayhoff+R4    38721.388    139 77720.777    77928.905    78247.581
372  Dayhoff+R5    38686.219    141 77654.438    77870.892    78188.823
373  Dayhoff+R6    38676.283    143 77638.565    77863.615    78180.530
374  Dayhoff+R7    38675.969    145 77641.938    77875.860    78191.482
378  Dayhoff+F     39664.911    152 79633.823    79901.133    80209.897
379  Dayhoff+F+I   39664.911    153 79635.821    79908.214    80215.685
380  Dayhoff+F+G4  38323.080    153 76952.160    77224.553    77532.023
381  Dayhoff+F+I+G4 38323.170    154 76954.340    77231.898    77537.994
382  Dayhoff+F+R2  38597.204    154 77502.408    77779.966    78086.061
383  Dayhoff+F+R3  38334.191    156 76980.382    77268.523    77571.616
384  Dayhoff+F+R4  38301.435    158 76918.870    77217.942    77517.684
385  Dayhoff+F+R5  38265.882    160 76851.765    77162.126    77458.158
386  Dayhoff+F+R6  38261.993    162 76847.985    77170.009    77461.959
391  mtREV         41616.932    133 83499.864    83684.547    84003.928
392  mtREV+I       41616.925    134 83501.851    83690.288    84009.706
393  mtREV+G4      39639.946    134 79547.892    79736.330    80055.747
394  mtREV+I+G4    39639.965    135 79549.929    79742.180    80061.574
395  mtREV+R2      39946.590    135 80163.180    80355.431    80674.825
396  mtREV+R3      39700.589    137 79675.177    79875.241    80194.402
397  mtREV+R4      39607.933    139 79493.865    79701.994    80020.670
398  mtREV+R5      39581.877    141 79445.754    79662.208    79980.138
399  mtREV+R6      39573.228    143 79432.456    79657.505    79974.420
400  mtREV+R7      39570.429    145 79430.858    79664.780    79980.402
404  mtREV+F       40220.265    152 80744.529    81011.839    81320.603
405  mtREV+F+I     40220.264    153 80746.527    81018.920    81326.391
406  mtREV+F+G4    38565.896    153 77437.792    77710.185    78017.656
407  mtREV+F+I+G4  38565.894    154 77439.788    77717.346    78023.442
408  mtREV+F+R2    38854.329    154 78016.658    78294.216    78600.311
409  mtREV+F+R3    38623.221    156 77558.442    77846.583    78149.675
410  mtREV+F+R4    38535.706    158 77387.413    77686.484    77986.226
411  mtREV+F+R5    38508.597    160 77337.194    77647.556    77943.588
412  mtREV+F+R6    38502.936    162 77329.873    77651.897    77943.846
417  mtART         42835.362    133 85936.723    86121.407    86440.788
418  mtART+I       42835.361    134 85938.722    86127.159    86446.577
419  mtART+G4      39959.862    134 80187.723    80376.161    80695.578
420  mtART+I+G4    39959.864    135 80189.728    80381.979    80701.373
421  mtART+R2      40389.540    135 81049.080    81241.331    81560.725
422  mtART+R3      40083.619    137 80441.237    80641.301    80960.462
423  mtART+R4      39927.064    139 80132.128    80340.256    80658.932
424  mtART+R5      39891.130    141 80064.260    80280.714    80598.645
425  mtART+R6      39883.717    143 80053.434    80278.483    80595.398
426  mtART+R7      39868.847    145 80027.693    80261.616    80577.238
427  mtART+R8      39868.021    147 80030.043    80273.126    80587.167
430  mtART+F       41110.171    152 82524.341    82791.651    83100.415
431  mtART+F+I     41110.170    153 82526.341    82798.734    83106.204
432  mtART+F+G4    38717.141    153 77740.282    78012.675    78320.146
433  mtART+F+I+G4  38717.149    154 77742.297    78019.856    78325.951
434  mtART+F+R2    39134.426    154 78576.851    78854.409    79160.505
435  mtART+F+R3    38812.728    156 77937.457    78225.598    78528.691
436  mtART+F+R4    38681.673    158 77679.346    77978.418    78278.160
437  mtART+F+R5    38644.123    160 77608.246    77918.608    78214.640
438  mtART+F+R6    38632.590    162 77589.180    77911.204    78203.153
439  mtART+F+R7    38629.245    164 77586.490    77920.564    78208.044
443  mtZOA         41414.991    133 83095.981    83280.665    83600.046
444  mtZOA+I       41414.990    134 83097.981    83286.418    83605.835
445  mtZOA+G4      38974.994    134 78217.987    78406.425    78725.842
446  mtZOA+I+G4    38974.994    135 78219.989    78412.240    78731.634
447  mtZOA+R2      39329.465    135 78928.930    79121.182    79440.575
448  mtZOA+R3      39077.163    137 78428.327    78628.390    78947.551
449  mtZOA+R4      38941.043    139 78160.085    78368.214    78686.890
450  mtZOA+R5      38921.729    141 78125.458    78341.912    78659.842
451  mtZOA+R6      38916.096    143 78118.193    78343.242    78660.157
456  mtZOA+F       40321.057    152 80946.114    81213.424    81522.188
457  mtZOA+F+I     40321.057    153 80948.114    81220.507    81527.977
458  mtZOA+F+G4    38293.229    153 76892.459    77164.852    77472.323
459  mtZOA+F+I+G4  38293.231    154 76894.462    77172.020    77478.116
460  mtZOA+F+R2    38646.199    154 77600.398    77877.956    78184.051
461  mtZOA+F+R3    38369.037    156 77050.073    77338.214    77641.307
462  mtZOA+F+R4    38267.678    158 76851.356    77150.427    77450.170
463  mtZOA+F+R5    38239.339    160 76798.677    77109.039    77405.071
464  mtZOA+F+R6    38231.969    162 76787.939    77109.963    77401.912
465  mtZOA+F+R7    38230.514    164 76789.028    77123.102    77410.581
469  mtMet         41921.395    133 84108.789    84293.473    84612.854
470  mtMet+I       41921.392    134 84110.784    84299.221    84618.638
471  mtMet+G4      39790.363    134 79848.726    80037.163    80356.580
472  mtMet+I+G4    39790.363    135 79850.726    80042.977    80362.370
473  mtMet+R2      40122.467    135 80514.934    80707.186    81026.579
474  mtMet+R3      39871.606    137 80017.212    80217.276    80536.437
475  mtMet+R4      39768.149    139 79814.299    80022.427    80341.103
476  mtMet+R5      39755.630    141 79793.260    80009.714    80327.644
477  mtMet+R6      39749.388    143 79784.776    80009.825    80326.741
478  mtMet+R7      39746.014    145 79782.028    80015.951    80331.573
482  mtMet+F       40234.621    152 80773.243    81040.553    81349.317
483  mtMet+F+I     40234.621    153 80775.242    81047.635    81355.106
484  mtMet+F+G4    38424.059    153 77154.117    77426.510    77733.981
485  mtMet+F+I+G4  38424.059    154 77156.118    77433.676    77739.772
486  mtMet+F+R2    38753.352    154 77814.704    78092.262    78398.358
487  mtMet+F+R3    38490.973    156 77293.945    77582.086    77885.179
488  mtMet+F+R4    38406.401    158 77128.802    77427.874    77727.616
489  mtMet+F+R5    38385.394    160 77090.789    77401.150    77697.182
490  mtMet+F+R6    38380.946    162 77085.892    77407.916    77699.866
495  mtVer         42267.061    133 84800.122    84984.806    85304.186
496  mtVer+I       42267.060    134 84802.120    84990.558    85309.975
497  mtVer+G4      39923.975    134 80115.950    80304.387    80623.804
498  mtVer+I+G4    39923.975    135 80117.950    80310.201    80629.594
499  mtVer+R2      40312.685    135 80895.371    81087.622    81407.016
500  mtVer+R3      40020.098    137 80314.197    80514.260    80833.421
501  mtVer+R4      39899.546    139 80077.092    80285.221    80603.897
502  mtVer+R5      39879.598    141 80041.195    80257.649    80575.580
503  mtVer+R6      39873.378    143 80032.756    80257.805    80574.720
504  mtVer+R7      39866.730    145 80023.459    80257.382    80573.004
505  mtVer+R8      39864.245    147 80022.491    80265.574    80579.615
508  mtVer+F       40853.563    152 82011.126    82278.437    82587.200
509  mtVer+F+I     40853.560    153 82013.121    82285.514    82592.985
510  mtVer+F+G4    38914.069    153 78134.137    78406.530    78714.001
511  mtVer+F+I+G4  38914.069    154 78136.138    78413.696    78719.791
512  mtVer+F+R2    39293.084    154 78894.167    79171.725    79477.821
513  mtVer+F+R3    38987.725    156 78287.449    78575.591    78878.683
514  mtVer+F+R4    38895.447    158 78106.895    78405.966    78705.709
515  mtVer+F+R5    38874.010    160 78068.020    78378.381    78674.413
516  mtVer+F+R6    38862.862    162 78049.724    78371.748    78663.697
517  mtVer+F+R7    38861.225    164 78050.451    78384.525    78672.004
521  mtInv         41986.655    133 84239.309    84423.993    84743.374
522  mtInv+I       41986.654    134 84241.308    84429.746    84749.163
523  mtInv+G4      40093.934    134 80455.868    80644.305    80963.723
524  mtInv+I+G4    40093.934    135 80457.868    80650.119    80969.513
525  mtInv+R2      40409.982    135 81089.963    81282.215    81601.608
526  mtInv+R3      40163.226    137 80600.451    80800.515    81119.676
527  mtInv+R4      40075.335    139 80428.671    80636.799    80955.475
528  mtInv+R5      40062.275    141 80406.551    80623.005    80940.935
529  mtInv+R6      40056.411    143 80398.821    80623.870    80940.785
530  mtInv+R7      40051.385    145 80392.770    80626.692    80942.314
534  mtInv+F       39788.621    152 79881.243    80148.553    80457.317
535  mtInv+F+I     39788.619    153 79883.239    80155.632    80463.103
536  mtInv+F+G4    38165.765    153 76637.530    76909.923    77217.393
537  mtInv+F+I+G4  38165.764    154 76639.529    76917.087    77223.182
538  mtInv+F+R2    38462.878    154 77233.756    77511.314    77817.410
539  mtInv+F+R3    38222.511    156 76757.022    77045.163    77348.256
540  mtInv+F+R4    38151.372    158 76618.744    76917.815    77217.558
541  mtInv+F+R5    38132.046    160 76584.091    76894.453    77190.485
542  mtInv+F+R6    38128.989    162 76581.979    76904.003    77195.952
547  mtMAM         43189.763    133 86645.525    86830.209    87149.590
548  mtMAM+I       43189.761    134 86647.523    86835.960    87155.378
549  mtMAM+G4      40311.628    134 80891.256    81079.694    81399.111
550  mtMAM+I+G4    40311.629    135 80893.257    81085.508    81404.902
551  mtMAM+R2      40755.790    135 81781.580    81973.831    82293.224
552  mtMAM+R3      40434.198    137 81142.395    81342.459    81661.620
553  mtMAM+R4      40289.222    139 80856.443    81064.572    81383.248
554  mtMAM+R5      40229.267    141 80740.534    80956.988    81274.918
555  mtMAM+R6      40217.884    143 80721.767    80946.816    81263.731
556  mtMAM+R7      40210.783    145 80711.566    80945.488    81261.110
557  mtMAM+R8      40209.263    147 80712.526    80955.610    81269.651
560  mtMAM+F       41528.926    152 83361.853    83629.163    83937.927
561  mtMAM+F+I     41528.926    153 83363.852    83636.245    83943.716
562  mtMAM+F+G4    39241.617    153 78789.234    79061.627    79369.098
563  mtMAM+F+I+G4  39241.618    154 78791.236    79068.795    79374.890
564  mtMAM+F+R2    39682.241    154 79672.482    79950.040    80256.136
565  mtMAM+F+R3    39344.044    156 79000.087    79288.229    79591.321
566  mtMAM+F+R4    39215.190    158 78746.380    79045.452    79345.194
567  mtMAM+F+R5    39186.225    160 78692.451    79002.812    79298.845
568  mtMAM+F+R6    39157.716    162 78639.432    78961.457    79253.406
569  mtMAM+F+R7    39153.794    164 78635.588    78969.662    79257.142
WARNING: Normalizing state frequencies so that sum of them equals to 1
573  FLAVI         41865.159    133 83996.318    84181.002    84500.382
WARNING: Normalizing state frequencies so that sum of them equals to 1
574  FLAVI+I       41865.155    134 83998.309    84186.747    84506.164
WARNING: Normalizing state frequencies so that sum of them equals to 1
575  FLAVI+G4      39808.855    134 79885.710    80074.148    80393.565
WARNING: Normalizing state frequencies so that sum of them equals to 1
576  FLAVI+I+G4    39808.860    135 79887.720    80079.971    80399.364
WARNING: Normalizing state frequencies so that sum of them equals to 1
577  FLAVI+R2      40206.250    135 80682.500    80874.752    81194.145
WARNING: Normalizing state frequencies so that sum of them equals to 1
578  FLAVI+R3      39889.637    137 80053.275    80253.338    80572.500
WARNING: Normalizing state frequencies so that sum of them equals to 1
579  FLAVI+R4      39778.802    139 79835.604    80043.733    80362.409
WARNING: Normalizing state frequencies so that sum of them equals to 1
580  FLAVI+R5      39735.364    141 79752.727    79969.181    80287.112
WARNING: Normalizing state frequencies so that sum of them equals to 1
581  FLAVI+R6      39725.414    143 79736.828    79961.877    80278.792
WARNING: Normalizing state frequencies so that sum of them equals to 1
582  FLAVI+R7      39722.770    145 79735.540    79969.463    80285.084
WARNING: Normalizing state frequencies so that sum of them equals to 1
586  FLAVI+F       41632.096    152 83568.192    83835.503    84144.266
WARNING: Normalizing state frequencies so that sum of them equals to 1
587  FLAVI+F+I     41632.093    153 83570.185    83842.579    84150.049
WARNING: Normalizing state frequencies so that sum of them equals to 1
588  FLAVI+F+G4    39631.088    153 79568.176    79840.569    80148.040
WARNING: Normalizing state frequencies so that sum of them equals to 1
589  FLAVI+F+I+G4  39631.089    154 79570.178    79847.737    80153.832
WARNING: Normalizing state frequencies so that sum of them equals to 1
590  FLAVI+F+R2    40010.014    154 80328.029    80605.587    80911.682
WARNING: Normalizing state frequencies so that sum of them equals to 1
591  FLAVI+F+R3    39712.708    156 79737.417    80025.558    80328.650
WARNING: Normalizing state frequencies so that sum of them equals to 1
592  FLAVI+F+R4    39605.267    158 79526.533    79825.605    80125.347
WARNING: Normalizing state frequencies so that sum of them equals to 1
593  FLAVI+F+R5    39558.853    160 79437.705    79748.066    80044.099
WARNING: Normalizing state frequencies so that sum of them equals to 1
594  FLAVI+F+R6    39551.160    162 79426.320    79748.344    80040.293
WARNING: Normalizing state frequencies so that sum of them equals to 1
595  FLAVI+F+R7    39549.777    164 79427.553    79761.628    80049.107
599  HIVb          40812.581    133 81891.161    82075.845    82395.226
600  HIVb+I        40812.577    134 81893.153    82081.591    82401.008
601  HIVb+G4       39145.204    134 78558.408    78746.846    79066.263
602  HIVb+I+G4     39145.201    135 78560.402    78752.653    79072.046
603  HIVb+R2       39493.127    135 79256.255    79448.506    79767.899
604  HIVb+R3       39209.394    137 78692.789    78892.852    79212.013
605  HIVb+R4       39107.519    139 78493.038    78701.166    79019.843
606  HIVb+R5       39075.549    141 78433.098    78649.552    78967.482
607  HIVb+R6       39069.971    143 78425.942    78650.991    78967.906
612  HIVb+F        40651.563    152 81607.127    81874.437    82183.201
613  HIVb+F+I      40651.560    153 81609.120    81881.513    82188.984
614  HIVb+F+G4     38913.614    153 78133.228    78405.621    78713.092
615  HIVb+F+I+G4   38913.602    154 78135.204    78412.762    78718.858
616  HIVb+F+R2     39256.397    154 78820.794    79098.352    79404.448
617  HIVb+F+R3     38978.073    156 78268.145    78556.286    78859.379
618  HIVb+F+R4     38881.477    158 78078.954    78378.025    78677.767
619  HIVb+F+R5     38844.273    160 78008.547    78318.908    78614.941
620  HIVb+F+R6     38840.842    162 78005.684    78327.708    78619.658
625  HIVw          42762.173    133 85790.346    85975.030    86294.411
626  HIVw+I        42762.170    134 85792.341    85980.778    86300.196
627  HIVw+G4       41095.769    134 82459.537    82647.975    82967.392
628  HIVw+I+G4     41095.764    135 82461.528    82653.779    82973.172
629  HIVw+R2       41493.440    135 83256.879    83449.131    83768.524
630  HIVw+R3       41142.954    137 82559.907    82759.971    83079.132
631  HIVw+R4       41069.224    139 82416.449    82624.577    82943.253
632  HIVw+R5       41036.736    141 82355.472    82571.926    82889.856
633  HIVw+R6       41021.754    143 82329.508    82554.557    82871.472
634  HIVw+R7       41017.572    145 82325.145    82559.068    82874.689
638  HIVw+F        41634.872    152 83573.745    83841.055    84149.819
639  HIVw+F+I      41634.870    153 83575.740    83848.133    84155.604
640  HIVw+F+G4     39934.893    153 80175.787    80448.180    80755.651
641  HIVw+F+I+G4   39934.894    154 80177.788    80455.346    80761.442
642  HIVw+F+R2     40287.113    154 80882.226    81159.784    81465.880
643  HIVw+F+R3     39981.331    156 80274.662    80562.803    80865.896
644  HIVw+F+R4     39912.957    158 80141.914    80440.985    80740.727
645  HIVw+F+R5     39887.182    160 80094.363    80404.725    80700.757
646  HIVw+F+R6     39875.182    162 80074.365    80396.389    80688.338
647  HIVw+F+R7     39871.543    164 80071.086    80405.160    80692.639
651  FLU           40792.716    133 81851.432    82036.116    82355.497
652  FLU+I         40792.715    134 81853.429    82041.867    82361.284
653  FLU+G4        39215.493    134 78698.987    78887.424    79206.841
654  FLU+I+G4      39215.492    135 78700.984    78893.235    79212.629
655  FLU+R2        39551.247    135 79372.494    79564.745    79884.138
656  FLU+R3        39269.307    137 78812.614    79012.678    79331.839
657  FLU+R4        39184.900    139 78647.800    78855.929    79174.605
658  FLU+R5        39161.889    141 78605.778    78822.232    79140.163
659  FLU+R6        39151.819    143 78589.638    78814.687    79131.602
660  FLU+R7        39149.169    145 78588.338    78822.261    79137.882
664  FLU+F         40295.161    152 80894.322    81161.633    81470.396
665  FLU+F+I       40295.160    153 80896.321    81168.714    81476.185
666  FLU+F+G4      38677.676    153 77661.351    77933.744    78241.215
667  FLU+F+I+G4    38677.672    154 77663.345    77940.903    78246.998
668  FLU+F+R2      38979.431    154 78266.863    78544.421    78850.517
669  FLU+F+R3      38726.709    156 77765.419    78053.560    78356.652
670  FLU+F+R4      38646.358    158 77608.716    77907.787    78207.530
671  FLU+F+R5      38624.642    160 77569.284    77879.645    78175.677
672  FLU+F+R6      38618.960    162 77561.920    77883.945    78175.894
677  rtREV         39684.908    133 79635.817    79820.501    80139.882
678  rtREV+I       39684.908    134 79637.816    79826.253    80145.671
679  rtREV+G4      38397.746    134 77063.492    77251.929    77571.346
680  rtREV+I+G4    38397.760    135 77065.520    77257.771    77577.165
681  rtREV+R2      38657.595    135 77585.190    77777.442    78096.835
682  rtREV+R3      38440.890    137 77155.781    77355.844    77675.006
683  rtREV+R4      38365.812    139 77009.625    77217.753    77536.429
684  rtREV+R5      38346.356    141 76974.712    77191.166    77509.096
685  rtREV+R6      38342.887    143 76971.775    77196.824    77513.739
690  rtREV+F       39331.600    152 78967.200    79234.510    79543.274
691  rtREV+F+I     39331.600    153 78969.199    79241.592    79549.063
692  rtREV+F+G4    37979.801    153 76265.603    76537.996    76845.467
693  rtREV+F+I+G4  37979.794    154 76267.589    76545.147    76851.242
694  rtREV+F+R2    38225.341    154 76758.681    77036.239    77342.335
695  rtREV+F+R3    38022.529    156 76357.058    76645.200    76948.292
696  rtREV+F+R4    37954.747    158 76225.495    76524.566    76824.309
697  rtREV+F+R5    37939.561    160 76199.122    76509.483    76805.515
698  rtREV+F+R6    37937.045    162 76198.089    76520.114    76812.063
703  cpREV         39643.491    133 79552.982    79737.666    80057.047
704  cpREV+I       39643.491    134 79554.982    79743.419    80062.836
705  cpREV+G4      38400.246    134 77068.492    77256.930    77576.347
706  cpREV+I+G4    38400.243    135 77070.485    77262.737    77582.130
707  cpREV+R2      38643.760    135 77557.521    77749.772    78069.166
708  cpREV+R3      38419.932    137 77113.864    77313.928    77633.089
709  cpREV+R4      38368.599    139 77015.199    77223.327    77542.003
710  cpREV+R5      38340.140    141 76962.279    77178.734    77496.664
711  cpREV+R6      38335.030    143 76956.060    77181.109    77498.024
716  cpREV+F       39450.019    152 79204.038    79471.348    79780.112
717  cpREV+F+I     39450.019    153 79206.037    79478.430    79785.901
718  cpREV+F+G4    38219.947    153 76745.895    77018.288    77325.759
719  cpREV+F+I+G4  38219.952    154 76747.904    77025.463    77331.558
720  cpREV+F+R2    38445.666    154 77199.332    77476.890    77782.986
721  cpREV+F+R3    38238.806    156 76789.611    77077.752    77380.845
722  cpREV+F+R4    38190.138    158 76696.277    76995.348    77295.090
723  cpREV+F+R5    38161.781    160 76643.561    76953.923    77249.955
724  cpREV+F+R6    38157.110    162 76638.219    76960.244    77252.193
Model C10 is alias for POISSON+G+FMIX{C10pi1:1:0.1191344178,C10pi2:1:0.0874372456,C10pi3:1:0.1037105070,C10pi4:1:0.0922584809,C10pi5:1:0.1070492801,C10pi6:1:0.1329945166,C10pi7:1:0.0538028458,C10pi8:1:0.0691986212,C10pi9:1:0.1319937434,C10pi10:1:0.1024203429}
729  C10           38882.513    134 78033.025    78221.463    78540.880
Model C20 is alias for POISSON+G+FMIX{C20pi1:1:0.0559910600,C20pi2:1:0.0514824870,C20pi3:1:0.0812922124,C20pi4:1:0.0721976867,C20pi5:1:0.0556718858,C20pi6:1:0.0331003080,C20pi7:1:0.0589501763,C20pi8:1:0.0263756889,C20pi9:1:0.0307584220,C20pi10:1:0.0376701125,C20pi11:1:0.0303058290,C20pi12:1:0.0808775576,C20pi13:1:0.0263349134,C20pi14:1:0.0579101455,C20pi15:1:0.0371248064,C20pi16:1:0.0586867766,C20pi17:1:0.0561479138,C20pi18:1:0.0349810886,C20pi19:1:0.0544937394,C20pi20:1:0.0596471901}
730  C20           38533.171    134 77334.342    77522.780    77842.197
Model C30 is alias for POISSON+G+FMIX{C30pi1:1:0.0095783264,C30pi2:1:0.0248476365,C30pi3:1:0.0636309366,C30pi4:1:0.0537939225,C30pi5:1:0.0295885587,C30pi6:1:0.0117587936,C30pi7:1:0.0132013428,C30pi8:1:0.0236868805,C30pi9:1:0.0261687659,C30pi10:1:0.0239821974,C30pi11:1:0.0257100906,C30pi12:1:0.0465072425,C30pi13:1:0.0546794546,C30pi14:1:0.0536085131,C30pi15:1:0.0270622670,C30pi16:1:0.0403913593,C30pi17:1:0.0474212700,C30pi18:1:0.0458816478,C30pi19:1:0.0214036510,C30pi20:1:0.0290385981,C30pi21:1:0.0123391793,C30pi22:1:0.0569350229,C30pi23:1:0.0419687568,C30pi24:1:0.0339027062,C30pi25:1:0.0388777376,C30pi26:1:0.0196343766,C30pi27:1:0.0233086174,C30pi28:1:0.0622722654,C30pi29:1:0.0184803385,C30pi30:1:0.0203395454}
731  C30           38397.966    134 77063.932    77252.370    77571.787
Model C40 is alias for POISSON+G+FMIX{C40pi1:1:0.0223853788,C40pi2:1:0.0338891820,C40pi3:1:0.0577169375,C40pi4:1:0.0252416233,C40pi5:1:0.0108607921,C40pi6:1:0.0462373793,C40pi7:1:0.0102293175,C40pi8:1:0.0147523625,C40pi9:1:0.0143161352,C40pi10:1:0.0182302541,C40pi11:1:0.0204025079,C40pi12:1:0.0425505156,C40pi13:1:0.0248627269,C40pi14:1:0.0105892988,C40pi15:1:0.0188238725,C40pi16:1:0.0086663445,C40pi17:1:0.0148496147,C40pi18:1:0.0343037402,C40pi19:1:0.0225335203,C40pi20:1:0.0174068578,C40pi21:1:0.0112207827,C40pi22:1:0.0443532245,C40pi23:1:0.0392573370,C40pi24:1:0.0196756555,C40pi25:1:0.0287690328,C40pi26:1:0.0114441177,C40pi27:1:0.0112338740,C40pi28:1:0.0582694099,C40pi29:1:0.0444272279,C40pi30:1:0.0112010942,C40pi31:1:0.0145176111,C40pi32:1:0.0114629026,C40pi33:1:0.0239628061,C40pi34:1:0.0266266492,C40pi35:1:0.0481201159,C40pi36:1:0.0371147423,C40pi37:1:0.0160476688,C40pi38:1:0.0237249267,C40pi39:1:0.0235226203,C40pi40:1:0.0261998398}
732  C40           38409.228    134 77086.456    77274.894    77594.311
Model C50 is alias for POISSON+G+FMIX{C50pi1:1:0.0164297003,C50pi2:1:0.0273175755,C50pi3:1:0.0460247610,C50pi4:1:0.0084864734,C50pi5:1:0.0125389252,C50pi6:1:0.0343549036,C50pi7:1:0.0130241102,C50pi8:1:0.0094755681,C50pi9:1:0.0190040551,C50pi10:1:0.0151902354,C50pi11:1:0.0320534760,C50pi12:1:0.0210059850,C50pi13:1:0.0237408547,C50pi14:1:0.0239841203,C50pi15:1:0.0213748021,C50pi16:1:0.0210717705,C50pi17:1:0.0050241805,C50pi18:1:0.0166262276,C50pi19:1:0.0143945956,C50pi20:1:0.0104391130,C50pi21:1:0.0107628277,C50pi22:1:0.0148818171,C50pi23:1:0.0321480239,C50pi24:1:0.0145477978,C50pi25:1:0.0332355807,C50pi26:1:0.0143190281,C50pi27:1:0.0234478734,C50pi28:1:0.0183044983,C50pi29:1:0.0403269452,C50pi30:1:0.0135629530,C50pi31:1:0.0091880799,C50pi32:1:0.0158270022,C50pi33:1:0.0121019379,C50pi34:1:0.0353560982,C50pi35:1:0.0404495617,C50pi36:1:0.0104569232,C50pi37:1:0.0146187792,C50pi38:1:0.0093984095,C50pi39:1:0.0146773809,C50pi40:1:0.0201635562,C50pi41:1:0.0255640273,C50pi42:1:0.0039486842,C50pi43:1:0.0393652608,C50pi44:1:0.0056415419,C50pi45:1:0.0382833580,C50pi46:1:0.0039735086,C50pi47:1:0.0140269355,C50pi48:1:0.0476703673,C50pi49:1:0.0204062788,C50pi50:1:0.0117835304}
733  C50           38354.422    134 76976.844    77165.282    77484.699
Model C60 is alias for POISSON+G+FMIX{C60pi1:1:0.0169698865,C60pi2:1:0.0211683374,C60pi3:1:0.0276589079,C60pi4:1:0.0065675964,C60pi5:1:0.0141221416,C60pi6:1:0.0068774834,C60pi7:1:0.0146909701,C60pi8:1:0.0067225777,C60pi9:1:0.0018396660,C60pi10:1:0.0102547197,C60pi11:1:0.0230896163,C60pi12:1:0.0057941033,C60pi13:1:0.0125394534,C60pi14:1:0.0204526478,C60pi15:1:0.0070629602,C60pi16:1:0.0117982741,C60pi17:1:0.0068334668,C60pi18:1:0.0433775839,C60pi19:1:0.0318278731,C60pi20:1:0.0222546108,C60pi21:1:0.0102264969,C60pi22:1:0.0150545891,C60pi23:1:0.0134159878,C60pi24:1:0.0148552065,C60pi25:1:0.0239111516,C60pi26:1:0.0128776278,C60pi27:1:0.0222318842,C60pi28:1:0.0247444742,C60pi29:1:0.0214274810,C60pi30:1:0.0115001882,C60pi31:1:0.0076017389,C60pi32:1:0.0130258568,C60pi33:1:0.0093701965,C60pi34:1:0.0467194264,C60pi35:1:0.0441940314,C60pi36:1:0.0322263154,C60pi37:1:0.0402999891,C60pi38:1:0.0150234227,C60pi39:1:0.0104589903,C60pi40:1:0.0214742395,C60pi41:1:0.0154957836,C60pi42:1:0.0101789953,C60pi43:1:0.0227980379,C60pi44:1:0.0123204539,C60pi45:1:0.0066777583,C60pi46:1:0.0004150083,C60pi47:1:0.0344385130,C60pi48:1:0.0113663379,C60pi49:1:0.0127143049,C60pi50:1:0.0124323741,C60pi51:1:0.0262124415,C60pi52:1:0.0064994957,C60pi53:1:0.0103203293,C60pi54:1:0.0142463512,C60pi55:1:0.0215600067,C60pi56:1:0.0199150700,C60pi57:1:0.0038964200,C60pi58:1:0.0113448855,C60pi59:1:0.0128595846,C60pi60:1:0.0117656776}
WARNING: Your input class weight 0.000415008 is very small and may cause numerical issues
734  C60           38334.070    134 76936.141    77124.578    77443.996
Model EX2 is alias for MIX{BurEX2:0.672020808818762,ExpEX2:1.6413466609931}
WARNING: Normalizing state frequencies so that sum of them equals to 1
735  EX2           38354.949    134 76977.897    77166.335    77485.752
Model EX3 is alias for MIX{BurEX3:0.427672756793791,IntEX3:0.837595938019774,HExEX3:1.51863631431518}
WARNING: Normalizing state frequencies so that sum of them equals to 1
WARNING: Normalizing state frequencies so that sum of them equals to 1
736  EX3           38234.097    135 76738.194    76930.445    77249.838
Model EHO is alias for MIX{ExtEHO:0.720274356,HelEHO:0.976798797,OthEHO:0.783109376}
WARNING: Normalizing state frequencies so that sum of them equals to 1
WARNING: Normalizing state frequencies so that sum of them equals to 1
WARNING: Normalizing state frequencies so that sum of them equals to 1
737  EHO           39069.895    135 78409.791    78602.042    78921.435
Model UL2 is alias for MIX{M1_UL2:0.581348617,M2_UL2:1.465482789}
WARNING: Normalizing state frequencies so that sum of them equals to 1
738  UL2           38549.601    134 77367.201    77555.639    77875.056
Model UL3 is alias for MIX{Q1_UL3:0.484340397,Q2_UL3:0.492780514,Q3_UL3:1.15597274}
WARNING: Normalizing state frequencies so that sum of them equals to 1
WARNING: Normalizing state frequencies so that sum of them equals to 1
739  UL3           39218.982    135 78707.965    78900.216    79219.610
Model EX_EHO is alias for MIX{BUR_EXT:0.761816796788931,BUR_HEL:0.744425646802117,BUR_OTH:0.532457759429489,EXP_EXT:1.5639387472863,EXP_HEL:2.06403411829438,EXP_OTH:1.43336795177594}
WARNING: Normalizing state frequencies so that sum of them equals to 1
WARNING: Normalizing state frequencies so that sum of them equals to 1
WARNING: Normalizing state frequencies so that sum of them equals to 1
740  EX_EHO        38129.072    138 76534.143    76738.207    77057.158
Model LG4M is alias for MIX{LG4M1,LG4M2,LG4M3,LG4M4}*G4
741  LG4M          37997.535    134 76263.069    76451.507    76770.924
Model LG4X is alias for MIX{LG4X1,LG4X2,LG4X3,LG4X4}*R4
742  LG4X          38027.873    139 76333.746    76541.874    76860.550
Model CF4 is alias for POISSON+FMIX{Fclass1,Fclass2,Fclass3,Fclass4}+F+G
WARNING: Normalizing State frequencies so that sum of them equals to 1
WARNING: Normalizing State frequencies so that sum of them equals to 1
WARNING: Normalizing State frequencies so that sum of them equals to 1
WARNING: Normalizing State frequencies so that sum of them equals to 1
743  CF4           39691.573    157 79697.145    79990.707    80292.169
Model LG+C10 is alias for LG+POISSON+G+FMIX{C10pi1:1:0.1191344178,C10pi2:1:0.0874372456,C10pi3:1:0.1037105070,C10pi4:1:0.0922584809,C10pi5:1:0.1070492801,C10pi6:1:0.1329945166,C10pi7:1:0.0538028458,C10pi8:1:0.0691986212,C10pi9:1:0.1319937434,C10pi10:1:0.1024203429}
744  LG+C10        38599.621    134 77467.241    77655.679    77975.096
Model LG+C20 is alias for LG+POISSON+G+FMIX{C20pi1:1:0.0559910600,C20pi2:1:0.0514824870,C20pi3:1:0.0812922124,C20pi4:1:0.0721976867,C20pi5:1:0.0556718858,C20pi6:1:0.0331003080,C20pi7:1:0.0589501763,C20pi8:1:0.0263756889,C20pi9:1:0.0307584220,C20pi10:1:0.0376701125,C20pi11:1:0.0303058290,C20pi12:1:0.0808775576,C20pi13:1:0.0263349134,C20pi14:1:0.0579101455,C20pi15:1:0.0371248064,C20pi16:1:0.0586867766,C20pi17:1:0.0561479138,C20pi18:1:0.0349810886,C20pi19:1:0.0544937394,C20pi20:1:0.0596471901}
745  LG+C20        38321.266    134 76910.533    77098.970    77418.387
Model LG+C30 is alias for LG+POISSON+G+FMIX{C30pi1:1:0.0095783264,C30pi2:1:0.0248476365,C30pi3:1:0.0636309366,C30pi4:1:0.0537939225,C30pi5:1:0.0295885587,C30pi6:1:0.0117587936,C30pi7:1:0.0132013428,C30pi8:1:0.0236868805,C30pi9:1:0.0261687659,C30pi10:1:0.0239821974,C30pi11:1:0.0257100906,C30pi12:1:0.0465072425,C30pi13:1:0.0546794546,C30pi14:1:0.0536085131,C30pi15:1:0.0270622670,C30pi16:1:0.0403913593,C30pi17:1:0.0474212700,C30pi18:1:0.0458816478,C30pi19:1:0.0214036510,C30pi20:1:0.0290385981,C30pi21:1:0.0123391793,C30pi22:1:0.0569350229,C30pi23:1:0.0419687568,C30pi24:1:0.0339027062,C30pi25:1:0.0388777376,C30pi26:1:0.0196343766,C30pi27:1:0.0233086174,C30pi28:1:0.0622722654,C30pi29:1:0.0184803385,C30pi30:1:0.0203395454}
746  LG+C30        38191.101    134 76650.202    76838.639    77158.057
Model LG+C40 is alias for LG+POISSON+G+FMIX{C40pi1:1:0.0223853788,C40pi2:1:0.0338891820,C40pi3:1:0.0577169375,C40pi4:1:0.0252416233,C40pi5:1:0.0108607921,C40pi6:1:0.0462373793,C40pi7:1:0.0102293175,C40pi8:1:0.0147523625,C40pi9:1:0.0143161352,C40pi10:1:0.0182302541,C40pi11:1:0.0204025079,C40pi12:1:0.0425505156,C40pi13:1:0.0248627269,C40pi14:1:0.0105892988,C40pi15:1:0.0188238725,C40pi16:1:0.0086663445,C40pi17:1:0.0148496147,C40pi18:1:0.0343037402,C40pi19:1:0.0225335203,C40pi20:1:0.0174068578,C40pi21:1:0.0112207827,C40pi22:1:0.0443532245,C40pi23:1:0.0392573370,C40pi24:1:0.0196756555,C40pi25:1:0.0287690328,C40pi26:1:0.0114441177,C40pi27:1:0.0112338740,C40pi28:1:0.0582694099,C40pi29:1:0.0444272279,C40pi30:1:0.0112010942,C40pi31:1:0.0145176111,C40pi32:1:0.0114629026,C40pi33:1:0.0239628061,C40pi34:1:0.0266266492,C40pi35:1:0.0481201159,C40pi36:1:0.0371147423,C40pi37:1:0.0160476688,C40pi38:1:0.0237249267,C40pi39:1:0.0235226203,C40pi40:1:0.0261998398}
747  LG+C40        38184.191    134 76636.383    76824.820    77144.237
Model LG+C50 is alias for LG+POISSON+G+FMIX{C50pi1:1:0.0164297003,C50pi2:1:0.0273175755,C50pi3:1:0.0460247610,C50pi4:1:0.0084864734,C50pi5:1:0.0125389252,C50pi6:1:0.0343549036,C50pi7:1:0.0130241102,C50pi8:1:0.0094755681,C50pi9:1:0.0190040551,C50pi10:1:0.0151902354,C50pi11:1:0.0320534760,C50pi12:1:0.0210059850,C50pi13:1:0.0237408547,C50pi14:1:0.0239841203,C50pi15:1:0.0213748021,C50pi16:1:0.0210717705,C50pi17:1:0.0050241805,C50pi18:1:0.0166262276,C50pi19:1:0.0143945956,C50pi20:1:0.0104391130,C50pi21:1:0.0107628277,C50pi22:1:0.0148818171,C50pi23:1:0.0321480239,C50pi24:1:0.0145477978,C50pi25:1:0.0332355807,C50pi26:1:0.0143190281,C50pi27:1:0.0234478734,C50pi28:1:0.0183044983,C50pi29:1:0.0403269452,C50pi30:1:0.0135629530,C50pi31:1:0.0091880799,C50pi32:1:0.0158270022,C50pi33:1:0.0121019379,C50pi34:1:0.0353560982,C50pi35:1:0.0404495617,C50pi36:1:0.0104569232,C50pi37:1:0.0146187792,C50pi38:1:0.0093984095,C50pi39:1:0.0146773809,C50pi40:1:0.0201635562,C50pi41:1:0.0255640273,C50pi42:1:0.0039486842,C50pi43:1:0.0393652608,C50pi44:1:0.0056415419,C50pi45:1:0.0382833580,C50pi46:1:0.0039735086,C50pi47:1:0.0140269355,C50pi48:1:0.0476703673,C50pi49:1:0.0204062788,C50pi50:1:0.0117835304}
748  LG+C50        38158.407    134 76584.813    76773.251    77092.668
Model LG+C60 is alias for LG+POISSON+G+FMIX{C60pi1:1:0.0169698865,C60pi2:1:0.0211683374,C60pi3:1:0.0276589079,C60pi4:1:0.0065675964,C60pi5:1:0.0141221416,C60pi6:1:0.0068774834,C60pi7:1:0.0146909701,C60pi8:1:0.0067225777,C60pi9:1:0.0018396660,C60pi10:1:0.0102547197,C60pi11:1:0.0230896163,C60pi12:1:0.0057941033,C60pi13:1:0.0125394534,C60pi14:1:0.0204526478,C60pi15:1:0.0070629602,C60pi16:1:0.0117982741,C60pi17:1:0.0068334668,C60pi18:1:0.0433775839,C60pi19:1:0.0318278731,C60pi20:1:0.0222546108,C60pi21:1:0.0102264969,C60pi22:1:0.0150545891,C60pi23:1:0.0134159878,C60pi24:1:0.0148552065,C60pi25:1:0.0239111516,C60pi26:1:0.0128776278,C60pi27:1:0.0222318842,C60pi28:1:0.0247444742,C60pi29:1:0.0214274810,C60pi30:1:0.0115001882,C60pi31:1:0.0076017389,C60pi32:1:0.0130258568,C60pi33:1:0.0093701965,C60pi34:1:0.0467194264,C60pi35:1:0.0441940314,C60pi36:1:0.0322263154,C60pi37:1:0.0402999891,C60pi38:1:0.0150234227,C60pi39:1:0.0104589903,C60pi40:1:0.0214742395,C60pi41:1:0.0154957836,C60pi42:1:0.0101789953,C60pi43:1:0.0227980379,C60pi44:1:0.0123204539,C60pi45:1:0.0066777583,C60pi46:1:0.0004150083,C60pi47:1:0.0344385130,C60pi48:1:0.0113663379,C60pi49:1:0.0127143049,C60pi50:1:0.0124323741,C60pi51:1:0.0262124415,C60pi52:1:0.0064994957,C60pi53:1:0.0103203293,C60pi54:1:0.0142463512,C60pi55:1:0.0215600067,C60pi56:1:0.0199150700,C60pi57:1:0.0038964200,C60pi58:1:0.0113448855,C60pi59:1:0.0128595846,C60pi60:1:0.0117656776}
WARNING: Your input class weight 0.000415008 is very small and may cause numerical issues
749  LG+C60        38185.049    134 76638.099    76826.536    77145.954
Akaike Information Criterion:           LG+F+R6
Corrected Akaike Information Criterion: LG+F+R5
Bayesian Information Criterion:         LG+F+R5
Best-fit model: LG+F+R5 chosen according to BIC

All model information printed to iqtree_gene_trees/COG3781.model.gz
CPU time for ModelFinder: 5123.151 seconds (1h:25m:23s)
Wall-clock time for ModelFinder: 520.444 seconds (0h:8m:40s)
Generating 1000 samples for ultrafast bootstrap (seed: 592074)...

NOTE: 19 MB RAM (0 GB) is required!
Estimate model parameters (epsilon = 0.100)
1. Initial log-likelihood: -37774.879
Optimal log-likelihood: -37774.868
Site proportion and rates:  (0.087,0.107) (0.147,0.324) (0.248,0.578) (0.295,1.133) (0.224,2.079)
Parameters optimization took 1 rounds (0.215 sec)
Wrote distance file to... 
Computing ML distances based on estimated model parameters...
Calculating distance matrix: done in 0.143913 secs using 998.5% CPU
Computing ML distances took 0.144184 sec (of wall-clock time) 1.439013 sec (of CPU time)
Setting up auxiliary I and S matrices: done in 0.00162253 secs using 215.7% CPU
Constructing RapidNJ tree: done in 0.110359 secs using 148.9% CPU
Computing RapidNJ tree took 0.112201 sec (of wall-clock time) 0.168618 sec (of CPU time)
Log-likelihood of RapidNJ tree: -37821.950
--------------------------------------------------------------------
|             INITIALIZING CANDIDATE TREE SET                      |
--------------------------------------------------------------------
Generating 98 parsimony trees... 2.572 second
Computing log-likelihood of 98 initial trees ... 2.472 seconds
Current best score: -37774.868

Do NNI search on 20 best initial trees
Optimizing NNI: done in 0.177887 secs using 993.5% CPU
Estimate model parameters (epsilon = 0.100)
BETTER TREE FOUND at iteration 1: -37774.053
Optimizing NNI: done in 0.414469 secs using 996.2% CPU
Estimate model parameters (epsilon = 0.100)
BETTER TREE FOUND at iteration 2: -37769.345
Optimizing NNI: done in 0.469221 secs using 994.8% CPU
Estimate model parameters (epsilon = 0.100)
BETTER TREE FOUND at iteration 3: -37766.979
Optimizing NNI: done in 0.536329 secs using 995.8% CPU
Optimizing NNI: done in 0.472754 secs using 997.1% CPU
Optimizing NNI: done in 0.444623 secs using 994.7% CPU
Optimizing NNI: done in 0.673568 secs using 995.4% CPU
Optimizing NNI: done in 0.5071 secs using 997.1% CPU
Optimizing NNI: done in 0.462318 secs using 996.8% CPU
Optimizing NNI: done in 0.434544 secs using 994.4% CPU
Iteration 10 / LogL: -37815.277 / Time: 0h:0m:11s
Optimizing NNI: done in 0.591625 secs using 996.2% CPU
Optimizing NNI: done in 0.557686 secs using 995.9% CPU
Optimizing NNI: done in 0.565396 secs using 996.3% CPU
Optimizing NNI: done in 0.410916 secs using 996.5% CPU
Optimizing NNI: done in 0.661351 secs using 997% CPU
Optimizing NNI: done in 0.504803 secs using 995.3% CPU
Optimizing NNI: done in 0.507278 secs using 996.7% CPU
Optimizing NNI: done in 0.627726 secs using 996% CPU
Optimizing NNI: done in 0.409731 secs using 996% CPU
Optimizing NNI: done in 0.584799 secs using 997% CPU
Iteration 20 / LogL: -37769.366 / Time: 0h:0m:16s
Finish initializing candidate tree set (13)
Current best tree score: -37766.979 / CPU time: 15.879
Number of iterations: 20
--------------------------------------------------------------------
|               OPTIMIZING CANDIDATE TREE SET                      |
--------------------------------------------------------------------
Optimizing NNI: done in 0.523475 secs using 995.9% CPU
Optimizing NNI: done in 0.470573 secs using 994.5% CPU
Optimizing NNI: done in 0.410934 secs using 996.5% CPU
Optimizing NNI: done in 0.439073 secs using 996.2% CPU
Optimizing NNI: done in 0.473046 secs using 995% CPU
Optimizing NNI: done in 0.465488 secs using 995.6% CPU
Optimizing NNI: done in 0.508161 secs using 994.8% CPU
Optimizing NNI: done in 0.570169 secs using 997.2% CPU
Optimizing NNI: done in 0.471709 secs using 996.5% CPU
Optimizing NNI: done in 0.477412 secs using 995.9% CPU
Iteration 30 / LogL: -37768.184 / Time: 0h:0m:21s (0h:0m:54s left)
Optimizing NNI: done in 0.439212 secs using 995.3% CPU
Optimizing NNI: done in 0.463669 secs using 995.6% CPU
Optimizing NNI: done in 0.344783 secs using 995.5% CPU
Optimizing NNI: done in 0.394796 secs using 995.8% CPU
Optimizing NNI: done in 0.465153 secs using 997.1% CPU
Optimizing NNI: done in 0.384388 secs using 997.2% CPU
Optimizing NNI: done in 0.517782 secs using 994.3% CPU
Optimizing NNI: done in 0.422937 secs using 995.4% CPU
Optimizing NNI: done in 0.429248 secs using 997.3% CPU
Optimizing NNI: done in 0.408096 secs using 997.9% CPU
Iteration 40 / LogL: -37767.084 / Time: 0h:0m:25s (0h:0m:41s left)
Optimizing NNI: done in 0.470691 secs using 995.4% CPU
Optimizing NNI: done in 0.455406 secs using 997% CPU
Optimizing NNI: done in 0.526791 secs using 995.3% CPU
Optimizing NNI: done in 0.424573 secs using 996.1% CPU
Optimizing NNI: done in 0.406896 secs using 996.4% CPU
Optimizing NNI: done in 0.421728 secs using 997% CPU
Optimizing NNI: done in 0.515389 secs using 997.5% CPU
Optimizing NNI: done in 0.394603 secs using 994.8% CPU
Optimizing NNI: done in 0.458299 secs using 995.5% CPU
Optimizing NNI: done in 0.404437 secs using 996.9% CPU
Iteration 50 / LogL: -37767.071 / Time: 0h:0m:30s (0h:0m:32s left)
Log-likelihood cutoff on original alignment: -37822.875
UFBoot trees printed to iqtree_gene_trees/COG3781.ufboot
Optimizing NNI: done in 0.448082 secs using 996.3% CPU
Optimizing NNI: done in 0.455397 secs using 995.9% CPU
Optimizing NNI: done in 0.462581 secs using 995.6% CPU
Optimizing NNI: done in 0.397116 secs using 996.9% CPU
Optimizing NNI: done in 0.470662 secs using 994.8% CPU
Optimizing NNI: done in 0.39088 secs using 996.3% CPU
Optimizing NNI: done in 0.424232 secs using 995.2% CPU
Optimizing NNI: done in 0.495004 secs using 995.2% CPU
Optimizing NNI: done in 0.544161 secs using 996.6% CPU
Optimizing NNI: done in 0.40842 secs using 995.5% CPU
Iteration 60 / LogL: -37767.168 / Time: 0h:0m:35s (0h:0m:26s left)
Optimizing NNI: done in 0.537641 secs using 996% CPU
Optimizing NNI: done in 0.600066 secs using 995.7% CPU
Optimizing NNI: done in 0.497563 secs using 995.2% CPU
Optimizing NNI: done in 0.543645 secs using 994.9% CPU
Optimizing NNI: done in 0.628587 secs using 996.2% CPU
Optimizing NNI: done in 0.471274 secs using 996.1% CPU
Optimizing NNI: done in 0.440456 secs using 996.2% CPU
Optimizing NNI: done in 0.435887 secs using 996% CPU
Optimizing NNI: done in 0.480923 secs using 995.5% CPU
Optimizing NNI: done in 0.452541 secs using 997% CPU
Iteration 70 / LogL: -37766.984 / Time: 0h:0m:41s (0h:0m:19s left)
Optimizing NNI: done in 0.412945 secs using 996.5% CPU
Optimizing NNI: done in 0.496928 secs using 995% CPU
Optimizing NNI: done in 0.504169 secs using 995.1% CPU
Optimizing NNI: done in 0.468459 secs using 996% CPU
Optimizing NNI: done in 0.366661 secs using 996.1% CPU
Optimizing NNI: done in 0.42813 secs using 996.8% CPU
Optimizing NNI: done in 0.430699 secs using 993.1% CPU
Optimizing NNI: done in 0.458575 secs using 995.5% CPU
Optimizing NNI: done in 0.586803 secs using 996.1% CPU
Optimizing NNI: done in 0.420645 secs using 996.8% CPU
Iteration 80 / LogL: -37767.158 / Time: 0h:0m:45s (0h:0m:13s left)
Optimizing NNI: done in 0.382334 secs using 994.4% CPU
Optimizing NNI: done in 0.52853 secs using 996.1% CPU
Optimizing NNI: done in 0.445792 secs using 994.9% CPU
Optimizing NNI: done in 0.378539 secs using 995.1% CPU
Optimizing NNI: done in 0.404154 secs using 994.7% CPU
Optimizing NNI: done in 0.375241 secs using 996.4% CPU
Optimizing NNI: done in 0.452357 secs using 997% CPU
Optimizing NNI: done in 0.418377 secs using 994.4% CPU
Optimizing NNI: done in 0.507481 secs using 993.2% CPU
Optimizing NNI: done in 0.457997 secs using 995.7% CPU
Iteration 90 / LogL: -37767.163 / Time: 0h:0m:50s (0h:0m:7s left)
Optimizing NNI: done in 0.335575 secs using 993.6% CPU
Optimizing NNI: done in 0.521254 secs using 996.2% CPU
Optimizing NNI: done in 0.491895 secs using 997% CPU
Optimizing NNI: done in 0.532194 secs using 996.7% CPU
Optimizing NNI: done in 0.480469 secs using 995.5% CPU
Optimizing NNI: done in 0.471962 secs using 997.8% CPU
Optimizing NNI: done in 0.402358 secs using 996.6% CPU
Optimizing NNI: done in 0.421567 secs using 994.6% CPU
Optimizing NNI: done in 0.417302 secs using 996% CPU
Optimizing NNI: done in 0.460694 secs using 996.2% CPU
Iteration 100 / LogL: -37767.868 / Time: 0h:0m:54s (0h:0m:1s left)
Log-likelihood cutoff on original alignment: -37822.875
NOTE: Bootstrap correlation coefficient of split occurrence frequencies: 1.000
UFBoot trees printed to iqtree_gene_trees/COG3781.ufboot
Optimizing NNI: done in 0.411828 secs using 997.2% CPU
Optimizing NNI: done in 0.463734 secs using 994.9% CPU
Optimizing NNI: done in 0.53413 secs using 994.4% CPU
Optimizing NNI: done in 0.487975 secs using 997.6% CPU
TREE SEARCH COMPLETED AFTER 104 ITERATIONS / Time: 0h:0m:57s

--------------------------------------------------------------------
|                    FINALIZING TREE SEARCH                        |
--------------------------------------------------------------------
Performs final model parameters optimization
Estimate model parameters (epsilon = 0.010)
1. Initial log-likelihood: -37766.979
Optimal log-likelihood: -37766.975
Site proportion and rates:  (0.083,0.106) (0.142,0.315) (0.253,0.569) (0.297,1.131) (0.226,2.066)
Parameters optimization took 1 rounds (0.157 sec)
BEST SCORE FOUND : -37766.975
Creating bootstrap support values...
Split supports printed to NEXUS file iqtree_gene_trees/COG3781.splits.nex
Total tree length: 63.863

Total number of iterations: 104
CPU time used for tree search: 524.861 sec (0h:8m:44s)
Wall-clock time used for tree search: 56.840 sec (0h:0m:56s)
Total CPU time used: 532.308 sec (0h:8m:52s)
Total wall-clock time used: 58.034 sec (0h:0m:58s)
UFBoot trees printed to iqtree_gene_trees/COG3781.ufboot

Computing bootstrap consensus tree...
Reading input file iqtree_gene_trees/COG3781.splits.nex...
68 taxa and 340 splits.
Consensus tree written to iqtree_gene_trees/COG3781.contree
Reading input trees file iqtree_gene_trees/COG3781.contree
Log-likelihood of consensus tree: -37766.975

Analysis results written to: 
  IQ-TREE report:                iqtree_gene_trees/COG3781.iqtree
  Maximum-likelihood tree:       iqtree_gene_trees/COG3781.treefile
  Likelihood distances:          iqtree_gene_trees/COG3781.mldist

Ultrafast bootstrap approximation results written to:
  Split support values:          iqtree_gene_trees/COG3781.splits.nex
  Consensus tree:                iqtree_gene_trees/COG3781.contree
  UFBoot trees:                  iqtree_gene_trees/COG3781.ufboot
  Screen log file:               iqtree_gene_trees/COG3781.log

ALISIM COMMAND
--------------
--alisim simulated_MSA -t iqtree_gene_trees/COG3781.treefile -m "LG+F+R5{0.0828934,0.105546,0.141509,0.314544,0.252635,0.568873,0.296563,1.13065,0.226399,2.06587}" --length 327

Date and Time: Sun Apr  9 01:21:25 2023
