IQ-TREE multicore version 2.2.0.3 COVID-edition for Linux 64-bit built Aug  2 2022
Developed by Bui Quang Minh, James Barbetti, Nguyen Lam Tung,
Olga Chernomor, Heiko Schmidt, Dominik Schrempf, Michael Woodhams, Ly Trong Nhan.

Host:    baross.its.carleton.edu (AVX2, FMA3, 755 GB RAM)
Command: iqtree -s gene_alignments/trimv2_COG3627.afa -m MFP -bb 1000 -wbtl -ntmax 10 -nt AUTO -T 10 --prefix iqtree_gene_trees/COG3627 -madd C10,C20,C30,C40,C50,C60,EX2,EX3,EHO,UL2,UL3,EX_EHO,LG4M,LG4X,CF4,LG+C10,LG+C20,LG+C30,LG+C40,LG+C50,LG+C60 -mrate E,I,G,I+G,R
Seed:    978530 (Using SPRNG - Scalable Parallel Random Number Generator)
Time:    Sat Apr  8 04:57:25 2023
Kernel:  AVX+FMA - 10 threads (96 CPU cores detected)

Reading alignment file gene_alignments/trimv2_COG3627.afa ... Fasta format detected
Reading fasta file: done in 0.000839226 secs using 97.11% CPU
Alignment most likely contains protein sequences
Constructing alignment: done in 0.00199477 secs using 878% CPU
Alignment has 45 sequences with 309 columns, 274 distinct patterns
232 parsimony-informative, 24 singleton sites, 53 constant sites
                                                               Gap/Ambiguity  Composition  p-value
Analyzing sequences: done in 6.36459e-05 secs using 751% CPU
   1  GCF.900142265.1.Bacteria.Firmicutes.A_NZ_FRAH01000025.1_40      10.68%    passed     54.12%
   2  GCF.001613805.1.Bacteria.Proteobacteria_NZ_LPVY01000023.1_22     2.27%    passed     93.78%
   3  GCF.002257705.1.Bacteria.Firmicutes.C_NZ_LSLK01000059.1_462      4.85%    passed     94.84%
   4  GCA.000961655.1.Bacteria.Desulfobacterota_LADR01000024.1_299     1.62%    passed     88.19%
   5  GCF.003052605.1.Bacteria.Proteobacteria_NZ_QASO01000107.1_12     6.47%    passed     99.65%
   6  GCF.900142995.1.Bacteria.Firmicutes.A_NZ_FRCR01000013.1_23       3.88%    passed     98.17%
   7  GCF.000316115.1.Bacteria.Cyanobacteria_NZ_JH993797.1_5632        2.59%    passed     92.10%
   8  GCA.002796975.1.Bacteria.Proteobacteria_PEKV01000013.1_11        2.59%    passed     99.28%
   9  GCF.000315795.1.Bacteria.Proteobacteria_NZ_ANHY01000007.1_242    5.83%    passed     89.76%
  10  GCF.006980715.1.Bacteria.Proteobacteria_NZ_SBHN01000008.1_8      7.12%    passed     99.52%
  11  GCF.000473895.1.Bacteria.Cyanobacteria_NZ_ASSJ01000004.1_15      4.53%    passed     85.62%
  12  GCF.000264455.2.Bacteria.Proteobacteria_NC_017956.1_2116         0.65%    passed     42.77%
  13  GCF.900102465.1.Bacteria.Proteobacteria_NZ_FNBW01000001.1_145    0.65%    passed     98.67%
  14  GCA.002238885.1.Bacteria.Proteobacteria_MPNF01000136.1_6         5.50%    passed     98.95%
  15  GCF.001611275.1.Bacteria.Desulfobacterota_NZ_CP015080.1_3320     5.83%    passed     99.76%
  16  GCA.003280605.1.Bacteria.Proteobacteria_QCEM01000079.1_2         1.29%    passed     87.15%
  17  GCA.006969625.1.Bacteria.Proteobacteria_CP030885.1_2285          5.50%    passed     90.28%
  18  GCF.002148795.1.Bacteria.Proteobacteria_NZ_MPOB01000004.1_211    6.47%    passed     99.96%
  19  GCA.003167475.1.Bacteria.Goldbacteria_PMTB01000098.1_43          6.15%    failed      3.54%
  20  GCF.003173035.1.Bacteria.Proteobacteria_NZ_QGLE01000007.1_162    7.77%    passed     95.81%
  21  GCA.002428295.1.Bacteria.Caldisericota_DIVS01000031.1_1          6.47%    failed      4.91%
  22  GCF.000620305.1.Bacteria.Firmicutes.B_NZ_KK211100.1_853         10.03%    passed     80.14%
  23  GCF.003838225.1.Bacteria.Cyanobacteria_WP_124146791.1            1.29%    passed     45.51%
  24  GCA.000961765.1.Bacteria.Firmicutes.B_LADT01000026.1_79         10.03%    passed     97.63%
  25  GCF.900167455.1.Bacteria.Proteobacteria_NZ_FUWJ01000008.1_24     4.21%    passed     96.10%
  26  Nostoc.sp.PCC7120_WP_010996377.1                                 6.80%    passed     99.26%
  27  GCF.001618145.1.Bacteria.Firmicutes_NZ_LQNF01000013.1_10         6.80%    passed     84.12%
  28  GCA.003023725.1.Bacteria.Firmicutes.E_PXYT01000025.1_16          8.74%    passed     85.75%
  29  GCA.003167015.1.Bacteria.Bacteroidota_PMUF01000137.1_2           3.88%    passed     85.55%
  30  GCF.003612015.1.Bacteria.Proteobacteria_NZ_RARB01000002.1_323    8.74%    passed     92.51%
  31  GCF.900079095.1.Bacteria.Tectomicrobia_NZ_FKIP01000434.1_3       1.94%    passed     99.92%
  32  GCA.002347095.1.Bacteria.Desulfobacterota_DDWZ01000028.1_158     5.83%    passed     99.88%
  33  GCA.002429065.1.Bacteria.Verrucomicrobiota_DIYN01000045.1_194    4.21%    passed     99.30%
  34  GCA.002347925.1.Bacteria.Chloroflexota_DDYL01000180.1_33         4.53%    passed     40.15%
  35  GCA.002436065.1.Bacteria.Chloroflexota_DIXP01000089.1_45         2.91%    passed     57.65%
  36  GCA.002307275.1.Bacteria.Firmicutes.A_DBTX01000081.1_43          7.44%    passed     65.58%
  37  GCF.003258945.1.Bacteria.Proteobacteria_NZ_QLIX01000002.1_253    8.41%    passed     93.92%
  38  GCA.002292925.1.Bacteria.Chloroflexota_DBCF01000288.1_1          8.09%    passed     90.00%
  39  GCA.007244385.1.Bacteria.Desulfobacterota_SCVX01000030.1_136     6.15%    passed     99.83%
  40  GCA.002709155.1.Bacteria.Proteobacteria_PAQA01000027.1_19        1.62%    passed     78.88%
  41  GCF.900172325.1.Bacteria.Proteobacteria_NZ_FWFR01000004.1_218    1.94%    passed     79.15%
  42  GCA.002414805.1.Bacteria.Fibrobacterota_DIAU01000057.1_9         6.15%    passed     89.22%
  43  GCA.002840095.1.Bacteria.Proteobacteria_PGZL01000006.1_128       5.18%    passed     99.60%
  44  GCF.002798435.1.Bacteria.Proteobacteria_WP_109795443.1           5.50%    passed     99.13%
  45  GCF.000092905.1.Bacteria.Firmicutes_NC_014098.1_3101             5.83%    passed     70.16%
****  TOTAL                                                            5.22%  2 sequences failed composition chi2 test (p-value<5%; df=19)
Checking for duplicate sequences: done in 0.000572878 secs using 865.5% CPU


Create initial parsimony tree by phylogenetic likelihood library (PLL)... 0.021 seconds
Perform fast likelihood tree search using LG+I+G model...
Estimate model parameters (epsilon = 5.000)
Perform nearest neighbor interchange...
Optimizing NNI: done in 0.336783 secs using 993.9% CPU
Estimate model parameters (epsilon = 1.000)
1. Initial log-likelihood: -13815.230
Optimal log-likelihood: -13815.070
Proportion of invariable sites: 0.093
Gamma shape alpha: 0.596
Parameters optimization took 1 rounds (0.076 sec)
Time for fast ML tree search: 0.636 seconds

NOTE: ModelFinder requires 21 MB RAM!
ModelFinder will test up to 749 protein models (sample size: 309) ...
 No. Model         -LnL         df  AIC          AICc         BIC
  1  LG            15249.283    87  30672.567    30741.852    30997.367
  2  LG+I          14786.285    88  29748.570    29819.770    30077.104
  3  LG+G4         13821.817    88  27819.635    27890.835    28148.169
  4  LG+I+G4       13815.068    89  27808.136    27881.287    28140.404
  5  LG+R2         14092.036    89  28362.072    28435.222    28694.339
  6  LG+R3         13904.494    91  27990.987    28068.148    28330.721
  7  LG+R4         13809.929    93  27805.858    27887.179    28153.059
  8  LG+R5         13793.758    95  27777.517    27863.150    28132.184
  9  LG+R6         13793.418    97  27780.836    27870.940    28142.970
 14  LG+F          15223.451    106 30658.903    30771.200    31054.637
 15  LG+F+I        14769.983    107 29753.965    29868.951    30153.433
 16  LG+F+G4       13829.113    107 27872.226    27987.211    28271.693
 17  LG+F+I+G4     13820.355    108 27856.709    27974.429    28259.910
 18  LG+F+R2       14081.606    108 28379.213    28496.933    28782.414
 19  LG+F+R3       13895.540    110 28011.079    28134.413    28421.747
 20  LG+F+R4       13815.059    112 27854.118    27983.261    28272.253
 21  LG+F+R5       13804.921    114 27837.842    27972.997    28263.443
 22  LG+F+R6       13802.269    116 27836.538    27977.913    28269.605
 27  WAG           15216.501    87  30607.001    30676.286    30931.802
 28  WAG+I         14750.300    88  29676.600    29747.800    30005.134
 29  WAG+G4        13903.312    88  27982.625    28053.825    28311.159
 30  WAG+I+G4      13893.100    89  27964.199    28037.350    28296.467
 31  WAG+R2        14157.316    89  28492.632    28565.783    28824.900
 32  WAG+R3        13971.612    91  28125.225    28202.386    28464.959
 33  WAG+R4        13887.466    93  27960.932    28042.253    28308.133
 34  WAG+R5        13879.025    95  27948.050    28033.684    28302.718
 35  WAG+R6        13878.929    97  27951.858    28041.962    28313.992
 40  WAG+F         15211.855    106 30635.710    30748.007    31031.445
 41  WAG+F+I       14747.212    107 29708.423    29823.408    30107.891
 42  WAG+F+G4      13912.039    107 28038.079    28153.064    28437.546
 43  WAG+F+I+G4    13900.747    108 28017.493    28135.213    28420.694
 44  WAG+F+R2      14157.801    108 28531.602    28649.322    28934.803
 45  WAG+F+R3      13976.012    110 28172.024    28295.357    28582.692
 46  WAG+F+R4      13896.119    112 28016.237    28145.380    28434.371
 47  WAG+F+R5      13889.716    114 28007.432    28142.587    28433.033
 48  WAG+F+R6      13889.230    116 28010.460    28151.835    28443.528
 53  JTT           15423.176    87  31020.352    31089.637    31345.152
 54  JTT+I         14939.640    88  30055.279    30126.479    30383.813
 55  JTT+G4        14019.725    88  28215.450    28286.650    28543.984
 56  JTT+I+G4      14009.905    89  28197.809    28270.960    28530.077
 57  JTT+R2        14291.185    89  28760.369    28833.520    29092.637
 58  JTT+R3        14082.869    91  28347.737    28424.898    28687.471
 59  JTT+R4        14003.075    93  28192.150    28273.471    28539.350
 60  JTT+R5        13988.546    95  28167.092    28252.726    28521.760
 61  JTT+R6        13987.036    97  28168.073    28258.177    28530.207
 66  JTT+F         15452.647    106 31117.295    31229.592    31513.029
 67  JTT+F+I       14972.288    107 30158.577    30273.562    30558.044
 68  JTT+F+G4      14057.851    107 28329.703    28444.688    28729.170
 69  JTT+F+I+G4    14047.611    108 28311.221    28428.941    28714.422
 70  JTT+F+R2      14319.169    108 28854.337    28972.057    29257.538
 71  JTT+F+R3      14113.403    110 28446.807    28570.140    28857.474
 72  JTT+F+R4      14041.009    112 28306.019    28435.161    28724.153
 73  JTT+F+R5      14027.186    114 28282.372    28417.527    28707.973
 74  JTT+F+R6      14027.257    116 28286.514    28427.889    28719.582
WARNING: Normalizing state frequencies so that sum of them equals to 1
 79  Q.pfam        15247.924    87  30669.849    30739.134    30994.649
WARNING: Normalizing state frequencies so that sum of them equals to 1
 80  Q.pfam+I      14786.315    88  29748.630    29819.830    30077.164
WARNING: Normalizing state frequencies so that sum of them equals to 1
 81  Q.pfam+G4     13822.779    88  27821.558    27892.758    28150.092
WARNING: Normalizing state frequencies so that sum of them equals to 1
 82  Q.pfam+I+G4   13816.404    89  27810.807    27883.958    28143.075
WARNING: Normalizing state frequencies so that sum of them equals to 1
 83  Q.pfam+R2     14094.212    89  28366.424    28439.575    28698.691
WARNING: Normalizing state frequencies so that sum of them equals to 1
 84  Q.pfam+R3     13904.711    91  27991.421    28068.583    28331.156
WARNING: Normalizing state frequencies so that sum of them equals to 1
 85  Q.pfam+R4     13811.444    93  27808.889    27890.210    28156.090
WARNING: Normalizing state frequencies so that sum of them equals to 1
 86  Q.pfam+R5     13793.752    95  27777.504    27863.138    28132.172
WARNING: Normalizing state frequencies so that sum of them equals to 1
 87  Q.pfam+R6     13793.554    97  27781.109    27871.213    28143.243
WARNING: Normalizing state frequencies so that sum of them equals to 1
 92  Q.pfam+F      15256.334    106 30724.667    30836.964    31120.401
WARNING: Normalizing state frequencies so that sum of them equals to 1
 93  Q.pfam+F+I    14802.543    107 29819.085    29934.070    30218.553
WARNING: Normalizing state frequencies so that sum of them equals to 1
 94  Q.pfam+F+G4   13854.639    107 27923.279    28038.264    28322.746
WARNING: Normalizing state frequencies so that sum of them equals to 1
 95  Q.pfam+F+I+G4 13847.087    108 27910.173    28027.893    28313.374
WARNING: Normalizing state frequencies so that sum of them equals to 1
 96  Q.pfam+F+R2   14108.686    108 28433.373    28551.093    28836.574
WARNING: Normalizing state frequencies so that sum of them equals to 1
 97  Q.pfam+F+R3   13933.399    110 28086.797    28210.131    28497.465
WARNING: Normalizing state frequencies so that sum of them equals to 1
 98  Q.pfam+F+R4   13842.030    112 27908.059    28037.202    28326.194
WARNING: Normalizing state frequencies so that sum of them equals to 1
 99  Q.pfam+F+R5   13829.433    114 27886.866    28022.021    28312.467
WARNING: Normalizing state frequencies so that sum of them equals to 1
100  Q.pfam+F+R6   13828.274    116 27888.548    28029.923    28321.616
WARNING: Normalizing state frequencies so that sum of them equals to 1
105  Q.bird        16043.211    87  32260.421    32329.706    32585.222
WARNING: Normalizing state frequencies so that sum of them equals to 1
106  Q.bird+I      15508.759    88  31193.519    31264.719    31522.053
WARNING: Normalizing state frequencies so that sum of them equals to 1
107  Q.bird+G4     14341.889    88  28859.778    28930.978    29188.312
WARNING: Normalizing state frequencies so that sum of them equals to 1
108  Q.bird+I+G4   14338.200    89  28854.400    28927.551    29186.668
WARNING: Normalizing state frequencies so that sum of them equals to 1
109  Q.bird+R2     14676.049    89  29530.098    29603.249    29862.365
WARNING: Normalizing state frequencies so that sum of them equals to 1
110  Q.bird+R3     14433.894    91  29049.789    29126.950    29389.523
WARNING: Normalizing state frequencies so that sum of them equals to 1
111  Q.bird+R4     14333.331    93  28852.662    28933.983    29199.862
WARNING: Normalizing state frequencies so that sum of them equals to 1
112  Q.bird+R5     14300.893    95  28791.785    28877.419    29146.453
WARNING: Normalizing state frequencies so that sum of them equals to 1
113  Q.bird+R6     14299.292    97  28792.584    28882.688    29154.718
WARNING: Normalizing state frequencies so that sum of them equals to 1
118  Q.bird+F      16122.521    106 32457.042    32569.339    32852.776
WARNING: Normalizing state frequencies so that sum of them equals to 1
119  Q.bird+F+I    15600.338    107 31414.675    31529.660    31814.143
WARNING: Normalizing state frequencies so that sum of them equals to 1
120  Q.bird+F+G4   14390.370    107 28994.740    29109.726    29394.208
WARNING: Normalizing state frequencies so that sum of them equals to 1
121  Q.bird+F+I+G4 14387.253    108 28990.506    29108.226    29393.707
WARNING: Normalizing state frequencies so that sum of them equals to 1
122  Q.bird+F+R2   14711.944    108 29639.887    29757.607    30043.088
WARNING: Normalizing state frequencies so that sum of them equals to 1
123  Q.bird+F+R3   14480.411    110 29180.822    29304.156    29591.490
WARNING: Normalizing state frequencies so that sum of them equals to 1
124  Q.bird+F+R4   14382.729    112 28989.459    29118.602    29407.593
WARNING: Normalizing state frequencies so that sum of them equals to 1
125  Q.bird+F+R5   14350.123    114 28928.247    29063.402    29353.848
WARNING: Normalizing state frequencies so that sum of them equals to 1
126  Q.bird+F+R6   14348.010    116 28928.020    29069.395    29361.088
WARNING: Normalizing state frequencies so that sum of them equals to 1
131  Q.mammal      15818.176    87  31810.352    31879.637    32135.152
WARNING: Normalizing state frequencies so that sum of them equals to 1
132  Q.mammal+I    15309.094    88  30794.187    30865.387    31122.721
WARNING: Normalizing state frequencies so that sum of them equals to 1
133  Q.mammal+G4   14219.288    88  28614.575    28685.775    28943.109
WARNING: Normalizing state frequencies so that sum of them equals to 1
134  Q.mammal+I+G4 14215.729    89  28609.458    28682.609    28941.725
WARNING: Normalizing state frequencies so that sum of them equals to 1
135  Q.mammal+R2   14541.172    89  29260.344    29333.494    29592.611
WARNING: Normalizing state frequencies so that sum of them equals to 1
136  Q.mammal+R3   14307.367    91  28796.735    28873.896    29136.469
WARNING: Normalizing state frequencies so that sum of them equals to 1
137  Q.mammal+R4   14211.455    93  28608.910    28690.231    28956.111
WARNING: Normalizing state frequencies so that sum of them equals to 1
138  Q.mammal+R5   14182.246    95  28554.492    28640.126    28909.159
WARNING: Normalizing state frequencies so that sum of them equals to 1
139  Q.mammal+R6   14182.334    97  28558.668    28648.772    28920.802
WARNING: Normalizing state frequencies so that sum of them equals to 1
144  Q.mammal+F    15882.205    106 31976.410    32088.707    32372.144
WARNING: Normalizing state frequencies so that sum of them equals to 1
145  Q.mammal+F+I  15389.611    107 30993.222    31108.207    31392.690
WARNING: Normalizing state frequencies so that sum of them equals to 1
146  Q.mammal+F+G4 14263.867    107 28741.734    28856.719    29141.201
WARNING: Normalizing state frequencies so that sum of them equals to 1
147  Q.mammal+F+I+G4 14260.913    108 28737.826    28855.546    29141.026
WARNING: Normalizing state frequencies so that sum of them equals to 1
148  Q.mammal+F+R2 14574.596    108 29365.191    29482.911    29768.392
WARNING: Normalizing state frequencies so that sum of them equals to 1
149  Q.mammal+F+R3 14351.575    110 28923.149    29046.483    29333.817
WARNING: Normalizing state frequencies so that sum of them equals to 1
150  Q.mammal+F+R4 14256.145    112 28736.290    28865.433    29154.424
WARNING: Normalizing state frequencies so that sum of them equals to 1
151  Q.mammal+F+R5 14229.779    114 28687.557    28822.712    29113.158
WARNING: Normalizing state frequencies so that sum of them equals to 1
152  Q.mammal+F+R6 14229.669    116 28691.338    28832.713    29124.406
157  Q.insect      15421.331    87  31016.662    31085.947    31341.462
158  Q.insect+I    14936.210    88  30048.420    30119.620    30376.954
159  Q.insect+G4   13939.296    88  28054.592    28125.792    28383.126
160  Q.insect+I+G4 13934.150    89  28046.300    28119.451    28378.568
161  Q.insect+R2   14230.399    89  28638.799    28711.950    28971.066
162  Q.insect+R3   14015.952    91  28213.903    28291.065    28553.637
163  Q.insect+R4   13928.279    93  28042.558    28123.879    28389.759
164  Q.insect+R5   13905.691    95  28001.382    28087.016    28356.050
165  Q.insect+R6   13905.732    97  28005.464    28095.569    28367.599
170  Q.insect+F    15386.642    106 30985.285    31097.582    31381.019
171  Q.insect+F+I  14915.679    107 30045.358    30160.343    30444.826
172  Q.insect+F+G4 13937.121    107 28088.241    28203.226    28487.709
173  Q.insect+F+I+G4 13929.470    108 28074.941    28192.661    28478.142
174  Q.insect+F+R2 14206.452    108 28628.904    28746.624    29032.105
175  Q.insect+F+R3 13996.422    110 28212.844    28336.178    28623.512
176  Q.insect+F+R4 13920.024    112 28064.047    28193.190    28482.182
177  Q.insect+F+R5 13903.013    114 28034.025    28169.180    28459.626
178  Q.insect+F+R6 13901.787    116 28035.575    28176.950    28468.642
WARNING: Normalizing state frequencies so that sum of them equals to 1
183  Q.plant       15724.622    87  31623.244    31692.529    31948.045
WARNING: Normalizing state frequencies so that sum of them equals to 1
184  Q.plant+I     15209.781    88  30595.562    30666.762    30924.096
WARNING: Normalizing state frequencies so that sum of them equals to 1
185  Q.plant+G4    14058.724    88  28293.449    28364.649    28621.983
WARNING: Normalizing state frequencies so that sum of them equals to 1
186  Q.plant+I+G4  14054.511    89  28287.023    28360.174    28619.290
WARNING: Normalizing state frequencies so that sum of them equals to 1
187  Q.plant+R2    14385.854    89  28949.707    29022.858    29281.974
WARNING: Normalizing state frequencies so that sum of them equals to 1
188  Q.plant+R3    14154.100    91  28490.200    28567.361    28829.934
WARNING: Normalizing state frequencies so that sum of them equals to 1
189  Q.plant+R4    14048.639    93  28283.278    28364.598    28630.478
WARNING: Normalizing state frequencies so that sum of them equals to 1
190  Q.plant+R5    14016.081    95  28222.161    28307.795    28576.829
WARNING: Normalizing state frequencies so that sum of them equals to 1
191  Q.plant+R6    14014.366    97  28222.732    28312.837    28584.866
WARNING: Normalizing state frequencies so that sum of them equals to 1
196  Q.plant+F     15705.567    106 31623.135    31735.432    32018.869
WARNING: Normalizing state frequencies so that sum of them equals to 1
197  Q.plant+F+I   15196.995    107 30607.990    30722.975    31007.458
WARNING: Normalizing state frequencies so that sum of them equals to 1
198  Q.plant+F+G4  14074.137    107 28362.275    28477.260    28761.742
WARNING: Normalizing state frequencies so that sum of them equals to 1
199  Q.plant+F+I+G4 14068.729    108 28353.458    28471.178    28756.659
WARNING: Normalizing state frequencies so that sum of them equals to 1
200  Q.plant+F+R2  14383.866    108 28983.731    29101.451    29386.932
WARNING: Normalizing state frequencies so that sum of them equals to 1
201  Q.plant+F+R3  14155.230    110 28530.461    28653.794    28941.128
WARNING: Normalizing state frequencies so that sum of them equals to 1
202  Q.plant+F+R4  14065.662    112 28355.324    28484.467    28773.458
WARNING: Normalizing state frequencies so that sum of them equals to 1
203  Q.plant+F+R5  14034.512    114 28297.024    28432.179    28722.625
WARNING: Normalizing state frequencies so that sum of them equals to 1
204  Q.plant+F+R6  14032.498    116 28296.995    28438.370    28730.063
WARNING: Normalizing state frequencies so that sum of them equals to 1
209  Q.yeast       15405.726    87  30985.452    31054.737    31310.253
WARNING: Normalizing state frequencies so that sum of them equals to 1
210  Q.yeast+I     14921.703    88  30019.405    30090.605    30347.939
WARNING: Normalizing state frequencies so that sum of them equals to 1
211  Q.yeast+G4    13941.865    88  28059.730    28130.930    28388.264
WARNING: Normalizing state frequencies so that sum of them equals to 1
212  Q.yeast+I+G4  13935.772    89  28049.543    28122.694    28381.811
WARNING: Normalizing state frequencies so that sum of them equals to 1
213  Q.yeast+R2    14229.390    89  28636.780    28709.931    28969.048
WARNING: Normalizing state frequencies so that sum of them equals to 1
214  Q.yeast+R3    14021.496    91  28224.993    28302.154    28564.727
WARNING: Normalizing state frequencies so that sum of them equals to 1
215  Q.yeast+R4    13929.130    93  28044.261    28125.582    28391.462
WARNING: Normalizing state frequencies so that sum of them equals to 1
216  Q.yeast+R5    13909.002    95  28008.004    28093.638    28362.671
WARNING: Normalizing state frequencies so that sum of them equals to 1
217  Q.yeast+R6    13907.375    97  28008.750    28098.854    28370.884
WARNING: Normalizing state frequencies so that sum of them equals to 1
222  Q.yeast+F     15309.600    106 30831.201    30943.498    31226.935
WARNING: Normalizing state frequencies so that sum of them equals to 1
223  Q.yeast+F+I   14841.534    107 29897.068    30012.053    30296.535
WARNING: Normalizing state frequencies so that sum of them equals to 1
224  Q.yeast+F+G4  13879.854    107 27973.707    28088.692    28373.175
WARNING: Normalizing state frequencies so that sum of them equals to 1
225  Q.yeast+F+I+G4 13871.102    108 27958.203    28075.923    28361.404
WARNING: Normalizing state frequencies so that sum of them equals to 1
226  Q.yeast+F+R2  14140.656    108 28497.311    28615.031    28900.512
WARNING: Normalizing state frequencies so that sum of them equals to 1
227  Q.yeast+F+R3  13937.827    110 28095.654    28218.988    28506.322
WARNING: Normalizing state frequencies so that sum of them equals to 1
228  Q.yeast+F+R4  13861.987    112 27947.974    28077.117    28366.108
WARNING: Normalizing state frequencies so that sum of them equals to 1
229  Q.yeast+F+R5  13847.620    114 27923.240    28058.395    28348.841
WARNING: Normalizing state frequencies so that sum of them equals to 1
230  Q.yeast+F+R6  13845.512    116 27923.023    28064.398    28356.091
235  JTTDCMut      15415.697    87  31005.394    31074.679    31330.195
236  JTTDCMut+I    14933.804    88  30043.608    30114.808    30372.142
237  JTTDCMut+G4   14013.663    88  28203.327    28274.527    28531.861
238  JTTDCMut+I+G4 14003.931    89  28185.863    28259.014    28518.130
239  JTTDCMut+R2   14286.844    89  28751.687    28824.838    29083.955
240  JTTDCMut+R3   14078.178    91  28338.355    28415.517    28678.089
241  JTTDCMut+R4   13997.529    93  28181.057    28262.378    28528.258
242  JTTDCMut+R5   13983.580    95  28157.160    28242.794    28511.827
243  JTTDCMut+R6   13982.035    97  28158.069    28248.174    28520.203
248  JTTDCMut+F    15444.604    106 31101.209    31213.506    31496.943
249  JTTDCMut+F+I  14966.028    107 30146.057    30261.042    30545.524
250  JTTDCMut+F+G4 14049.956    107 28313.913    28428.898    28713.380
251  JTTDCMut+F+I+G4 14039.918    108 28295.835    28413.555    28699.036
252  JTTDCMut+F+R2 14312.613    108 28841.227    28958.947    29244.428
253  JTTDCMut+F+R3 14106.916    110 28433.831    28557.164    28844.499
254  JTTDCMut+F+R4 14033.569    112 28291.138    28420.281    28709.273
255  JTTDCMut+F+R5 14020.078    114 28268.156    28403.311    28693.757
256  JTTDCMut+F+R6 14020.081    116 28272.162    28413.537    28705.230
261  DCMut         15517.841    87  31209.682    31278.967    31534.482
262  DCMut+I       15031.408    88  30238.816    30310.016    30567.350
263  DCMut+G4      14087.541    88  28351.083    28422.283    28679.617
264  DCMut+I+G4    14078.814    89  28335.628    28408.779    28667.895
265  DCMut+R2      14371.493    89  28920.985    28994.136    29253.252
266  DCMut+R3      14154.016    91  28490.032    28567.193    28829.766
267  DCMut+R4      14072.683    93  28331.366    28412.687    28678.567
268  DCMut+R5      14059.831    95  28309.662    28395.296    28664.330
269  DCMut+R6      14059.769    97  28313.539    28403.643    28675.673
274  DCMut+F       15511.984    106 31235.969    31348.266    31631.703
275  DCMut+F+I     15033.219    107 30280.438    30395.423    30679.906
276  DCMut+F+G4    14074.138    107 28362.276    28477.261    28761.743
277  DCMut+F+I+G4  14066.310    108 28348.620    28466.340    28751.821
278  DCMut+F+R2    14350.375    108 28916.751    29034.471    29319.951
279  DCMut+F+R3    14136.424    110 28492.848    28616.182    28903.516
280  DCMut+F+R4    14058.235    112 28340.470    28469.612    28758.604
281  DCMut+F+R5    14048.040    114 28324.081    28459.235    28749.682
282  DCMut+F+R6    14047.918    116 28327.836    28469.211    28760.903
287  VT            15244.239    87  30662.479    30731.764    30987.280
288  VT+I          14780.870    88  29737.740    29808.940    30066.274
289  VT+G4         13972.317    88  28120.634    28191.834    28449.168
290  VT+I+G4       13959.960    89  28097.921    28171.071    28430.188
291  VT+R2         14208.510    89  28595.021    28668.171    28927.288
292  VT+R3         14025.512    91  28233.023    28310.185    28572.757
293  VT+R4         13953.062    93  28092.123    28173.444    28439.324
294  VT+R5         13943.688    95  28077.376    28163.010    28432.044
295  VT+R6         13943.768    97  28081.536    28171.640    28443.670
300  VT+F          15246.687    106 30705.374    30817.671    31101.109
301  VT+F+I        14786.462    107 29786.924    29901.910    30186.392
302  VT+F+G4       13993.947    107 28201.893    28316.878    28601.361
303  VT+F+I+G4     13979.560    108 28175.119    28292.839    28578.320
304  VT+F+R2       14220.591    108 28657.182    28774.902    29060.382
305  VT+F+R3       14038.790    110 28297.580    28420.914    28708.248
306  VT+F+R4       13973.793    112 28171.586    28300.729    28589.720
307  VT+F+R5       13966.553    114 28161.106    28296.261    28586.707
308  VT+F+R6       13966.516    116 28165.032    28306.407    28598.099
313  PMB           15321.622    87  30817.244    30886.529    31142.045
314  PMB+I         14876.075    88  29928.150    29999.350    30256.684
315  PMB+G4        14059.149    88  28294.299    28365.499    28622.833
316  PMB+I+G4      14048.105    89  28274.209    28347.360    28606.477
317  PMB+R2        14280.184    89  28738.368    28811.519    29070.636
318  PMB+R3        14114.335    91  28410.671    28487.832    28750.405
319  PMB+R4        14039.508    93  28265.016    28346.337    28612.216
320  PMB+R5        14030.716    95  28251.432    28337.066    28606.099
321  PMB+R6        14030.783    97  28255.566    28345.670    28617.700
326  PMB+F         15329.021    106 30870.042    30982.339    31265.776
327  PMB+F+I       14878.958    107 29971.916    30086.901    30371.383
328  PMB+F+G4      14081.717    107 28377.433    28492.418    28776.901
329  PMB+F+I+G4    14068.941    108 28353.882    28471.602    28757.083
330  PMB+F+R2      14301.908    108 28819.817    28937.537    29223.017
331  PMB+F+R3      14133.211    110 28486.423    28609.756    28897.090
332  PMB+F+R4      14061.664    112 28347.329    28476.472    28765.463
333  PMB+F+R5      14054.397    114 28336.795    28471.949    28762.396
334  PMB+F+R6      14054.396    116 28340.792    28482.167    28773.859
339  Blosum62      15287.250    87  30748.500    30817.785    31073.301
340  Blosum62+I    14846.470    88  29868.940    29940.140    30197.474
341  Blosum62+G4   14025.464    88  28226.927    28298.127    28555.461
342  Blosum62+I+G4 14013.901    89  28205.802    28278.953    28538.070
343  Blosum62+R2   14249.389    89  28676.777    28749.928    29009.045
344  Blosum62+R3   14083.575    91  28349.150    28426.312    28688.884
345  Blosum62+R4   14007.802    93  28201.605    28282.926    28548.805
346  Blosum62+R5   13999.543    95  28189.086    28274.720    28543.753
347  Blosum62+R6   13999.562    97  28193.125    28283.229    28555.259
352  Blosum62+F    15281.354    106 30774.709    30887.006    31170.443
353  Blosum62+F+I  14834.451    107 29882.901    29997.886    30282.369
354  Blosum62+F+G4 14036.508    107 28287.015    28402.000    28686.483
355  Blosum62+F+I+G4 14022.685    108 28261.370    28379.090    28664.570
356  Blosum62+F+R2 14259.122    108 28734.243    28851.963    29137.444
357  Blosum62+F+R3 14089.489    110 28398.977    28522.311    28809.645
358  Blosum62+F+R4 14017.771    112 28259.542    28388.685    28677.676
359  Blosum62+F+R5 14011.559    114 28251.118    28386.273    28676.719
360  Blosum62+F+R6 14011.321    116 28254.641    28396.016    28687.709
365  Dayhoff       15518.702    87  31211.404    31280.689    31536.204
366  Dayhoff+I     15032.255    88  30240.511    30311.711    30569.045
367  Dayhoff+G4    14086.664    88  28349.328    28420.528    28677.862
368  Dayhoff+I+G4  14077.983    89  28333.966    28407.117    28666.233
369  Dayhoff+R2    14371.094    89  28920.189    28993.339    29252.456
370  Dayhoff+R3    14153.399    91  28488.799    28565.960    28828.533
371  Dayhoff+R4    14071.935    93  28329.870    28411.191    28677.071
372  Dayhoff+R5    14059.055    95  28308.110    28393.744    28662.777
373  Dayhoff+R6    14058.958    97  28311.915    28402.019    28674.049
378  Dayhoff+F     15513.596    106 31239.192    31351.489    31634.926
379  Dayhoff+F+I   15034.826    107 30283.651    30398.636    30683.119
380  Dayhoff+F+G4  14073.605    107 28361.210    28476.195    28760.678
381  Dayhoff+F+I+G4 14065.808    108 28347.615    28465.335    28750.816
382  Dayhoff+F+R2  14350.453    108 28916.905    29034.625    29320.106
383  Dayhoff+F+R3  14136.262    110 28492.525    28615.858    28903.192
384  Dayhoff+F+R4  14057.807    112 28339.614    28468.757    28757.748
385  Dayhoff+F+R5  14047.610    114 28323.221    28458.375    28748.822
386  Dayhoff+F+R6  14047.480    116 28326.960    28468.335    28760.028
391  mtREV         16771.250    87  33716.499    33785.784    34041.300
392  mtREV+I       16335.714    88  32847.428    32918.628    33175.962
393  mtREV+G4      14859.852    88  29895.704    29966.904    30224.238
394  mtREV+I+G4    14860.226    89  29898.453    29971.604    30230.720
395  mtREV+R2      15197.439    89  30572.878    30646.028    30905.145
396  mtREV+R3      14928.338    91  30038.677    30115.838    30378.411
397  mtREV+R4      14874.405    93  29934.811    30016.132    30282.012
398  mtREV+R5      14808.858    95  29807.715    29893.349    30162.383
399  mtREV+R6      14805.104    97  29804.208    29894.312    30166.342
404  mtREV+F       15975.652    106 32163.305    32275.602    32559.039
405  mtREV+F+I     15510.456    107 31234.913    31349.898    31634.380
406  mtREV+F+G4    14313.980    107 28841.959    28956.945    29241.427
407  mtREV+F+I+G4  14311.138    108 28838.277    28955.997    29241.478
408  mtREV+F+R2    14623.256    108 29462.512    29580.232    29865.712
409  mtREV+F+R3    14394.370    110 29008.741    29132.074    29419.408
410  mtREV+F+R4    14306.304    112 28836.607    28965.750    29254.741
411  mtREV+F+R5    14276.305    114 28780.610    28915.765    29206.211
412  mtREV+F+R6    14268.913    116 28769.825    28911.200    29202.893
413  mtREV+F+R7    14268.829    118 28773.658    28921.468    29214.192
417  mtART         17598.516    87  35371.032    35440.317    35695.833
418  mtART+I       17155.841    88  34487.683    34558.883    34816.217
419  mtART+G4      15008.502    88  30193.005    30264.205    30521.539
420  mtART+I+G4    15008.771    89  30195.542    30268.693    30527.809
421  mtART+R2      15386.765    89  30951.530    31024.681    31283.797
422  mtART+R3      15062.363    91  30306.726    30383.887    30646.460
423  mtART+R4      14998.111    93  30182.221    30263.542    30529.422
424  mtART+R5      14954.094    95  30098.188    30183.822    30452.855
425  mtART+R6      14950.247    97  30094.493    30184.598    30456.627
430  mtART+F       16602.756    106 33417.513    33529.810    33813.247
431  mtART+F+I     16168.214    107 32550.428    32665.413    32949.896
432  mtART+F+G4    14427.273    107 29068.545    29183.530    29468.013
433  mtART+F+I+G4  14427.731    108 29071.462    29189.182    29474.663
434  mtART+F+R2    14786.564    108 29789.129    29906.849    30192.330
435  mtART+F+R3    14491.272    110 29202.544    29325.877    29613.211
436  mtART+F+R4    14418.796    112 29061.593    29190.735    29479.727
437  mtART+F+R5    14358.675    114 28945.349    29080.504    29370.950
438  mtART+F+R6    14351.066    116 28934.133    29075.508    29367.200
439  mtART+F+R7    14348.674    118 28933.349    29081.160    29373.883
443  mtZOA         16774.235    87  33722.470    33791.755    34047.271
444  mtZOA+I       16367.115    88  32910.231    32981.431    33238.765
445  mtZOA+G4      14609.166    88  29394.332    29465.532    29722.866
446  mtZOA+I+G4    14609.561    89  29397.122    29470.273    29729.389
447  mtZOA+R2      14949.276    89  30076.551    30149.702    30408.818
448  mtZOA+R3      14669.883    91  29521.765    29598.927    29861.499
449  mtZOA+R4      14603.873    93  29393.745    29475.066    29740.946
450  mtZOA+R5      14562.689    95  29315.379    29401.013    29670.046
451  mtZOA+R6      14560.578    97  29315.157    29405.261    29677.291
456  mtZOA+F       16049.343    106 32310.686    32422.983    32706.420
457  mtZOA+F+I     15622.004    107 31458.008    31572.993    31857.476
458  mtZOA+F+G4    14218.661    107 28651.322    28766.307    29050.790
459  mtZOA+F+I+G4  14218.287    108 28652.575    28770.295    29055.776
460  mtZOA+F+R2    14546.243    108 29308.485    29426.205    29711.686
461  mtZOA+F+R3    14301.431    110 28822.863    28946.196    29233.530
462  mtZOA+F+R4    14214.572    112 28653.144    28782.287    29071.278
463  mtZOA+F+R5    14174.057    114 28576.115    28711.270    29001.716
464  mtZOA+F+R6    14167.484    116 28566.969    28708.344    29000.036
465  mtZOA+F+R7    14167.060    118 28570.120    28717.931    29010.654
469  mtMet         16851.768    87  33877.537    33946.822    34202.338
470  mtMet+I       16431.717    88  33039.434    33110.634    33367.968
471  mtMet+G4      14919.561    88  30015.122    30086.322    30343.656
472  mtMet+I+G4    14919.805    89  30017.610    30090.760    30349.877
473  mtMet+R2      15264.399    89  30706.799    30779.950    31039.066
474  mtMet+R3      14991.162    91  30164.323    30241.484    30504.057
475  mtMet+R4      14958.421    93  30102.843    30184.164    30450.044
476  mtMet+R5      14873.756    95  29937.511    30023.145    30292.179
477  mtMet+R6      14873.765    97  29941.531    30031.635    30303.665
482  mtMet+F       16064.211    106 32340.421    32452.718    32736.155
483  mtMet+F+I     15613.963    107 31441.925    31556.910    31841.393
484  mtMet+F+G4    14326.554    107 28867.109    28982.094    29266.576
485  mtMet+F+I+G4  14324.882    108 28865.764    28983.484    29268.964
486  mtMet+F+R2    14646.746    108 29509.492    29627.212    29912.693
487  mtMet+F+R3    14406.396    110 29032.791    29156.125    29443.459
488  mtMet+F+R4    14321.270    112 28866.540    28995.683    29284.675
489  mtMet+F+R5    14285.262    114 28798.524    28933.678    29224.125
490  mtMet+F+R6    14279.783    116 28791.566    28932.941    29224.634
495  mtVer         17147.740    87  34469.479    34538.764    34794.280
496  mtVer+I       16718.722    88  33613.443    33684.643    33941.977
497  mtVer+G4      15021.635    88  30219.271    30290.471    30547.805
498  mtVer+I+G4    15022.039    89  30222.078    30295.229    30554.345
499  mtVer+R2      15413.647    89  31005.295    31078.445    31337.562
500  mtVer+R3      15095.326    91  30372.651    30449.813    30712.385
501  mtVer+R4      15021.984    93  30229.969    30311.290    30577.169
502  mtVer+R5      14958.521    95  30107.042    30192.676    30461.710
503  mtVer+R6      14957.455    97  30108.909    30199.013    30471.043
508  mtVer+F       16429.454    106 33070.908    33183.205    33466.642
509  mtVer+F+I     15947.937    107 32109.874    32224.859    32509.342
510  mtVer+F+G4    14562.597    107 29339.193    29454.179    29738.661
511  mtVer+F+I+G4  14561.305    108 29338.610    29456.330    29741.811
512  mtVer+F+R2    14915.897    108 30047.795    30165.515    30450.995
513  mtVer+F+R3    14643.754    110 29507.508    29630.841    29918.175
514  mtVer+F+R4    14551.168    112 29326.335    29455.478    29744.470
515  mtVer+F+R5    14507.896    114 29243.792    29378.947    29669.393
516  mtVer+F+R6    14506.348    116 29244.697    29386.072    29677.764
521  mtInv         16779.749    87  33733.497    33802.782    34058.298
522  mtInv+I       16356.062    88  32888.125    32959.325    33216.659
523  mtInv+G4      15003.150    88  30182.300    30253.500    30510.834
524  mtInv+I+G4    15002.779    89  30183.557    30256.708    30515.824
525  mtInv+R2      15314.812    89  30807.625    30880.775    31139.892
526  mtInv+R3      15075.474    91  30332.949    30410.110    30672.683
527  mtInv+R4      15034.294    93  30254.588    30335.908    30601.788
528  mtInv+R5      14965.696    95  30121.393    30207.027    30476.060
WARNING: Log-likelihood -14967 of mtInv+R6 worse than mtInv+R5 -14965.7
529  mtInv+R6      14967.003    97  30128.006    30218.110    30490.140
534  mtInv+F       15788.859    106 31789.718    31902.015    32185.452
535  mtInv+F+I     15346.182    107 30906.363    31021.348    31305.831
536  mtInv+F+G4    14197.730    107 28609.460    28724.445    29008.928
537  mtInv+F+I+G4  14193.967    108 28603.933    28721.653    29007.134
538  mtInv+F+R2    14490.098    108 29196.196    29313.916    29599.397
539  mtInv+F+R3    14263.501    110 28747.001    28870.335    29157.669
540  mtInv+F+R4    14189.032    112 28602.064    28731.207    29020.198
541  mtInv+F+R5    14162.277    114 28552.553    28687.708    28978.154
542  mtInv+F+R6    14162.168    116 28556.336    28697.711    28989.404
547  mtMAM         17815.590    87  35805.179    35874.464    36129.980
548  mtMAM+I       17363.345    88  34902.690    34973.890    35231.224
549  mtMAM+G4      15180.897    88  30537.794    30608.994    30866.328
550  mtMAM+I+G4    15144.820    89  30467.640    30540.790    30799.907
551  mtMAM+R2      15615.239    89  31408.479    31481.629    31740.746
552  mtMAM+R3      15249.163    91  30680.325    30757.486    31020.059
553  mtMAM+R4      15155.649    93  30497.297    30578.618    30844.498
554  mtMAM+R5      15094.313    95  30378.626    30464.260    30733.294
555  mtMAM+R6      15086.949    97  30367.899    30458.003    30730.033
556  mtMAM+R7      15073.195    99  30344.390    30439.127    30713.991
557  mtMAM+R8      15072.039    101 30346.077    30445.614    30723.145
560  mtMAM+F       16915.823    106 34043.646    34155.944    34439.381
561  mtMAM+F+I     16422.053    107 33058.105    33173.090    33457.573
562  mtMAM+F+G4    14685.988    107 29585.975    29700.960    29985.443
563  mtMAM+F+I+G4  14686.407    108 29588.813    29706.533    29992.014
564  mtMAM+F+R2    15110.922    108 30437.844    30555.564    30841.045
565  mtMAM+F+R3    14758.986    110 29737.971    29861.305    30148.639
566  mtMAM+F+R4    14674.956    112 29573.911    29703.054    29992.046
567  mtMAM+F+R5    14604.043    114 29436.086    29571.241    29861.687
568  mtMAM+F+R6    14591.188    116 29414.376    29555.751    29847.443
569  mtMAM+F+R7    14589.712    118 29415.423    29563.234    29855.957
WARNING: Normalizing state frequencies so that sum of them equals to 1
573  FLAVI         16662.723    87  33499.446    33568.731    33824.247
WARNING: Normalizing state frequencies so that sum of them equals to 1
574  FLAVI+I       16137.408    88  32450.816    32522.016    32779.350
WARNING: Normalizing state frequencies so that sum of them equals to 1
575  FLAVI+G4      14674.064    88  29524.129    29595.329    29852.663
WARNING: Normalizing state frequencies so that sum of them equals to 1
576  FLAVI+I+G4    14674.042    89  29526.084    29599.235    29858.351
WARNING: Normalizing state frequencies so that sum of them equals to 1
577  FLAVI+R2      15077.692    89  30333.384    30406.534    30665.651
WARNING: Normalizing state frequencies so that sum of them equals to 1
578  FLAVI+R3      14764.480    91  29710.960    29788.122    30050.694
WARNING: Normalizing state frequencies so that sum of them equals to 1
579  FLAVI+R4      14668.333    93  29522.665    29603.986    29869.866
WARNING: Normalizing state frequencies so that sum of them equals to 1
580  FLAVI+R5      14632.865    95  29455.730    29541.364    29810.397
WARNING: Normalizing state frequencies so that sum of them equals to 1
581  FLAVI+R6      14625.055    97  29444.109    29534.214    29806.244
WARNING: Normalizing state frequencies so that sum of them equals to 1
582  FLAVI+R7      14624.751    99  29447.502    29542.239    29817.103
WARNING: Normalizing state frequencies so that sum of them equals to 1
586  FLAVI+F       16591.351    106 33394.701    33506.998    33790.435
WARNING: Normalizing state frequencies so that sum of them equals to 1
587  FLAVI+F+I     16044.639    107 32303.277    32418.263    32702.745
WARNING: Normalizing state frequencies so that sum of them equals to 1
588  FLAVI+F+G4    14670.558    107 29555.115    29670.100    29954.583
WARNING: Normalizing state frequencies so that sum of them equals to 1
589  FLAVI+F+I+G4  14669.844    108 29555.687    29673.407    29958.888
WARNING: Normalizing state frequencies so that sum of them equals to 1
590  FLAVI+F+R2    15063.458    108 30342.916    30460.636    30746.117
WARNING: Normalizing state frequencies so that sum of them equals to 1
591  FLAVI+F+R3    14763.040    110 29746.081    29869.414    30156.748
WARNING: Normalizing state frequencies so that sum of them equals to 1
592  FLAVI+F+R4    14666.003    112 29556.005    29685.148    29974.139
WARNING: Normalizing state frequencies so that sum of them equals to 1
593  FLAVI+F+R5    14617.807    114 29463.613    29598.768    29889.214
WARNING: Normalizing state frequencies so that sum of them equals to 1
594  FLAVI+F+R6    14615.751    116 29463.502    29604.877    29896.569
599  HIVb          16001.569    87  32177.138    32246.423    32501.939
600  HIVb+I        15443.527    88  31063.054    31134.254    31391.588
601  HIVb+G4       14314.450    88  28804.900    28876.100    29133.434
602  HIVb+I+G4     14295.089    89  28768.178    28841.329    29100.445
603  HIVb+R2       14645.712    89  29469.425    29542.575    29801.692
604  HIVb+R3       14403.337    91  28988.674    29065.835    29328.408
605  HIVb+R4       14300.988    93  28787.976    28869.297    29135.177
606  HIVb+R5       14261.862    95  28713.723    28799.357    29068.391
607  HIVb+R6       14261.624    97  28717.249    28807.353    29079.383
612  HIVb+F        16007.415    106 32226.829    32339.126    32622.563
613  HIVb+F+I      15460.429    107 31134.857    31249.842    31534.325
614  HIVb+F+G4     14322.102    107 28858.204    28973.189    29257.672
615  HIVb+F+I+G4   14315.135    108 28846.271    28963.991    29249.472
616  HIVb+F+R2     14643.509    108 29503.017    29620.737    29906.218
617  HIVb+F+R3     14401.517    110 29023.035    29146.368    29433.702
618  HIVb+F+R4     14307.642    112 28839.284    28968.427    29257.418
619  HIVb+F+R5     14263.785    114 28755.569    28890.724    29181.170
620  HIVb+F+R6     14263.459    116 28758.917    28900.292    29191.985
625  HIVw          16684.183    87  33542.367    33611.652    33867.167
626  HIVw+I        16086.070    88  32348.139    32419.339    32676.674
627  HIVw+G4       14980.810    88  30137.619    30208.819    30466.153
628  HIVw+I+G4     14960.700    89  30099.401    30172.551    30431.668
629  HIVw+R2       15343.626    89  30865.251    30938.402    31197.519
630  HIVw+R3       15071.029    91  30324.058    30401.219    30663.792
631  HIVw+R4       14988.985    93  30163.969    30245.290    30511.170
632  HIVw+R5       14948.680    95  30087.359    30172.993    30442.027
633  HIVw+R6       14946.593    97  30087.185    30177.289    30449.319
638  HIVw+F        16463.689    106 33139.379    33251.676    33535.113
639  HIVw+F+I      15866.773    107 31947.546    32062.531    32347.013
640  HIVw+F+G4     14741.128    107 29696.255    29811.240    30095.723
641  HIVw+F+I+G4   14726.422    108 29668.843    29786.563    30072.044
642  HIVw+F+R2     15101.874    108 30419.747    30537.467    30822.948
643  HIVw+F+R3     14827.652    110 29875.303    29998.636    30285.971
644  HIVw+F+R4     14731.825    112 29687.650    29816.793    30105.784
645  HIVw+F+R5     14704.179    114 29636.357    29771.512    30061.958
646  HIVw+F+R6     14698.701    116 29629.402    29770.777    30062.470
651  FLU           15844.900    87  31863.801    31933.086    32188.601
652  FLU+I         15335.909    88  30847.819    30919.019    31176.353
653  FLU+G4        14248.887    88  28673.773    28744.973    29002.307
654  FLU+I+G4      14244.841    89  28667.682    28740.833    28999.949
655  FLU+R2        14560.378    89  29298.755    29371.906    29631.023
656  FLU+R3        14332.845    91  28847.691    28924.852    29187.425
657  FLU+R4        14240.598    93  28667.197    28748.518    29014.397
658  FLU+R5        14221.352    95  28632.705    28718.338    28987.372
659  FLU+R6        14217.188    97  28628.376    28718.480    28990.510
664  FLU+F         15777.448    106 31766.897    31879.194    32162.631
665  FLU+F+I       15278.994    107 30771.988    30886.973    31171.456
666  FLU+F+G4      14156.563    107 28527.127    28642.112    28926.594
667  FLU+F+I+G4    14153.025    108 28522.050    28639.770    28925.251
668  FLU+F+R2      14471.387    108 29158.773    29276.493    29561.974
669  FLU+F+R3      14240.227    110 28700.454    28823.788    29111.122
670  FLU+F+R4      14150.951    112 28525.903    28655.046    28944.037
671  FLU+F+R5      14130.922    114 28489.845    28624.999    28915.445
672  FLU+F+R6      14129.485    116 28490.970    28632.345    28924.037
677  rtREV         15406.969    87  30987.938    31057.223    31312.739
678  rtREV+I       14958.465    88  30092.929    30164.129    30421.463
679  rtREV+G4      13974.274    88  28124.548    28195.748    28453.082
680  rtREV+I+G4    13965.995    89  28109.990    28183.141    28442.257
681  rtREV+R2      14244.538    89  28667.077    28740.228    28999.344
682  rtREV+R3      14055.945    91  28293.891    28371.052    28633.625
683  rtREV+R4      13960.813    93  28107.626    28188.947    28454.827
684  rtREV+R5      13949.985    95  28089.970    28175.604    28444.637
685  rtREV+R6      13949.179    97  28092.357    28182.462    28454.491
690  rtREV+F       15354.813    106 30921.626    31033.923    31317.360
691  rtREV+F+I     14907.104    107 30028.207    30143.192    30427.675
692  rtREV+F+G4    13927.351    107 28068.702    28183.688    28468.170
693  rtREV+F+I+G4  13918.621    108 28053.243    28170.963    28456.443
694  rtREV+F+R2    14186.649    108 28589.299    28707.019    28992.500
695  rtREV+F+R3    13993.791    110 28207.582    28330.915    28618.250
696  rtREV+F+R4    13913.190    112 28050.379    28179.522    28468.514
697  rtREV+F+R5    13902.283    114 28032.567    28167.721    28458.168
698  rtREV+F+R6    13902.095    116 28036.191    28177.566    28469.258
703  cpREV         15443.080    87  31060.159    31129.444    31384.960
704  cpREV+I       14979.075    88  30134.150    30205.350    30462.684
705  cpREV+G4      14025.815    88  28227.630    28298.830    28556.164
706  cpREV+I+G4    14014.095    89  28206.190    28279.340    28538.457
707  cpREV+R2      14294.623    89  28767.247    28840.398    29099.514
708  cpREV+R3      14092.227    91  28366.453    28443.615    28706.188
709  cpREV+R4      14012.924    93  28211.848    28293.169    28559.049
710  cpREV+R5      13998.861    95  28187.721    28273.355    28542.389
711  cpREV+R6      13998.067    97  28190.134    28280.238    28552.268
716  cpREV+F       15405.936    106 31023.872    31136.169    31419.606
717  cpREV+F+I     14940.383    107 30094.767    30209.752    30494.234
718  cpREV+F+G4    14014.190    107 28242.380    28357.365    28641.848
719  cpREV+F+I+G4  14002.400    108 28220.799    28338.519    28624.000
720  cpREV+F+R2    14292.548    108 28801.097    28918.817    29204.298
721  cpREV+F+R3    14074.467    110 28368.933    28492.267    28779.601
722  cpREV+F+R4    14003.410    112 28230.820    28359.963    28648.954
723  cpREV+F+R5    13990.032    114 28208.065    28343.219    28633.665
724  cpREV+F+R6    13989.142    116 28210.284    28351.659    28643.351
Model C10 is alias for POISSON+G+FMIX{C10pi1:1:0.1191344178,C10pi2:1:0.0874372456,C10pi3:1:0.1037105070,C10pi4:1:0.0922584809,C10pi5:1:0.1070492801,C10pi6:1:0.1329945166,C10pi7:1:0.0538028458,C10pi8:1:0.0691986212,C10pi9:1:0.1319937434,C10pi10:1:0.1024203429}
729  C10           13795.563    88  27767.125    27838.325    28095.659
Model C20 is alias for POISSON+G+FMIX{C20pi1:1:0.0559910600,C20pi2:1:0.0514824870,C20pi3:1:0.0812922124,C20pi4:1:0.0721976867,C20pi5:1:0.0556718858,C20pi6:1:0.0331003080,C20pi7:1:0.0589501763,C20pi8:1:0.0263756889,C20pi9:1:0.0307584220,C20pi10:1:0.0376701125,C20pi11:1:0.0303058290,C20pi12:1:0.0808775576,C20pi13:1:0.0263349134,C20pi14:1:0.0579101455,C20pi15:1:0.0371248064,C20pi16:1:0.0586867766,C20pi17:1:0.0561479138,C20pi18:1:0.0349810886,C20pi19:1:0.0544937394,C20pi20:1:0.0596471901}
730  C20           13647.411    88  27470.823    27542.023    27799.357
Model C30 is alias for POISSON+G+FMIX{C30pi1:1:0.0095783264,C30pi2:1:0.0248476365,C30pi3:1:0.0636309366,C30pi4:1:0.0537939225,C30pi5:1:0.0295885587,C30pi6:1:0.0117587936,C30pi7:1:0.0132013428,C30pi8:1:0.0236868805,C30pi9:1:0.0261687659,C30pi10:1:0.0239821974,C30pi11:1:0.0257100906,C30pi12:1:0.0465072425,C30pi13:1:0.0546794546,C30pi14:1:0.0536085131,C30pi15:1:0.0270622670,C30pi16:1:0.0403913593,C30pi17:1:0.0474212700,C30pi18:1:0.0458816478,C30pi19:1:0.0214036510,C30pi20:1:0.0290385981,C30pi21:1:0.0123391793,C30pi22:1:0.0569350229,C30pi23:1:0.0419687568,C30pi24:1:0.0339027062,C30pi25:1:0.0388777376,C30pi26:1:0.0196343766,C30pi27:1:0.0233086174,C30pi28:1:0.0622722654,C30pi29:1:0.0184803385,C30pi30:1:0.0203395454}
731  C30           13605.209    88  27386.418    27457.618    27714.952
Model C40 is alias for POISSON+G+FMIX{C40pi1:1:0.0223853788,C40pi2:1:0.0338891820,C40pi3:1:0.0577169375,C40pi4:1:0.0252416233,C40pi5:1:0.0108607921,C40pi6:1:0.0462373793,C40pi7:1:0.0102293175,C40pi8:1:0.0147523625,C40pi9:1:0.0143161352,C40pi10:1:0.0182302541,C40pi11:1:0.0204025079,C40pi12:1:0.0425505156,C40pi13:1:0.0248627269,C40pi14:1:0.0105892988,C40pi15:1:0.0188238725,C40pi16:1:0.0086663445,C40pi17:1:0.0148496147,C40pi18:1:0.0343037402,C40pi19:1:0.0225335203,C40pi20:1:0.0174068578,C40pi21:1:0.0112207827,C40pi22:1:0.0443532245,C40pi23:1:0.0392573370,C40pi24:1:0.0196756555,C40pi25:1:0.0287690328,C40pi26:1:0.0114441177,C40pi27:1:0.0112338740,C40pi28:1:0.0582694099,C40pi29:1:0.0444272279,C40pi30:1:0.0112010942,C40pi31:1:0.0145176111,C40pi32:1:0.0114629026,C40pi33:1:0.0239628061,C40pi34:1:0.0266266492,C40pi35:1:0.0481201159,C40pi36:1:0.0371147423,C40pi37:1:0.0160476688,C40pi38:1:0.0237249267,C40pi39:1:0.0235226203,C40pi40:1:0.0261998398}
732  C40           13559.991    88  27295.981    27367.181    27624.515
Model C50 is alias for POISSON+G+FMIX{C50pi1:1:0.0164297003,C50pi2:1:0.0273175755,C50pi3:1:0.0460247610,C50pi4:1:0.0084864734,C50pi5:1:0.0125389252,C50pi6:1:0.0343549036,C50pi7:1:0.0130241102,C50pi8:1:0.0094755681,C50pi9:1:0.0190040551,C50pi10:1:0.0151902354,C50pi11:1:0.0320534760,C50pi12:1:0.0210059850,C50pi13:1:0.0237408547,C50pi14:1:0.0239841203,C50pi15:1:0.0213748021,C50pi16:1:0.0210717705,C50pi17:1:0.0050241805,C50pi18:1:0.0166262276,C50pi19:1:0.0143945956,C50pi20:1:0.0104391130,C50pi21:1:0.0107628277,C50pi22:1:0.0148818171,C50pi23:1:0.0321480239,C50pi24:1:0.0145477978,C50pi25:1:0.0332355807,C50pi26:1:0.0143190281,C50pi27:1:0.0234478734,C50pi28:1:0.0183044983,C50pi29:1:0.0403269452,C50pi30:1:0.0135629530,C50pi31:1:0.0091880799,C50pi32:1:0.0158270022,C50pi33:1:0.0121019379,C50pi34:1:0.0353560982,C50pi35:1:0.0404495617,C50pi36:1:0.0104569232,C50pi37:1:0.0146187792,C50pi38:1:0.0093984095,C50pi39:1:0.0146773809,C50pi40:1:0.0201635562,C50pi41:1:0.0255640273,C50pi42:1:0.0039486842,C50pi43:1:0.0393652608,C50pi44:1:0.0056415419,C50pi45:1:0.0382833580,C50pi46:1:0.0039735086,C50pi47:1:0.0140269355,C50pi48:1:0.0476703673,C50pi49:1:0.0204062788,C50pi50:1:0.0117835304}
733  C50           13542.356    88  27260.711    27331.911    27589.245
Model C60 is alias for POISSON+G+FMIX{C60pi1:1:0.0169698865,C60pi2:1:0.0211683374,C60pi3:1:0.0276589079,C60pi4:1:0.0065675964,C60pi5:1:0.0141221416,C60pi6:1:0.0068774834,C60pi7:1:0.0146909701,C60pi8:1:0.0067225777,C60pi9:1:0.0018396660,C60pi10:1:0.0102547197,C60pi11:1:0.0230896163,C60pi12:1:0.0057941033,C60pi13:1:0.0125394534,C60pi14:1:0.0204526478,C60pi15:1:0.0070629602,C60pi16:1:0.0117982741,C60pi17:1:0.0068334668,C60pi18:1:0.0433775839,C60pi19:1:0.0318278731,C60pi20:1:0.0222546108,C60pi21:1:0.0102264969,C60pi22:1:0.0150545891,C60pi23:1:0.0134159878,C60pi24:1:0.0148552065,C60pi25:1:0.0239111516,C60pi26:1:0.0128776278,C60pi27:1:0.0222318842,C60pi28:1:0.0247444742,C60pi29:1:0.0214274810,C60pi30:1:0.0115001882,C60pi31:1:0.0076017389,C60pi32:1:0.0130258568,C60pi33:1:0.0093701965,C60pi34:1:0.0467194264,C60pi35:1:0.0441940314,C60pi36:1:0.0322263154,C60pi37:1:0.0402999891,C60pi38:1:0.0150234227,C60pi39:1:0.0104589903,C60pi40:1:0.0214742395,C60pi41:1:0.0154957836,C60pi42:1:0.0101789953,C60pi43:1:0.0227980379,C60pi44:1:0.0123204539,C60pi45:1:0.0066777583,C60pi46:1:0.0004150083,C60pi47:1:0.0344385130,C60pi48:1:0.0113663379,C60pi49:1:0.0127143049,C60pi50:1:0.0124323741,C60pi51:1:0.0262124415,C60pi52:1:0.0064994957,C60pi53:1:0.0103203293,C60pi54:1:0.0142463512,C60pi55:1:0.0215600067,C60pi56:1:0.0199150700,C60pi57:1:0.0038964200,C60pi58:1:0.0113448855,C60pi59:1:0.0128595846,C60pi60:1:0.0117656776}
WARNING: Your input class weight 0.000415008 is very small and may cause numerical issues
734  C60           13528.448    88  27232.896    27304.096    27561.430
Model EX2 is alias for MIX{BurEX2:0.672020808818762,ExpEX2:1.6413466609931}
WARNING: Normalizing state frequencies so that sum of them equals to 1
735  EX2           14334.734    88  28845.468    28916.668    29174.002
Model EX3 is alias for MIX{BurEX3:0.427672756793791,IntEX3:0.837595938019774,HExEX3:1.51863631431518}
WARNING: Normalizing state frequencies so that sum of them equals to 1
WARNING: Normalizing state frequencies so that sum of them equals to 1
736  EX3           14132.110    89  28442.221    28515.371    28774.488
Model EHO is alias for MIX{ExtEHO:0.720274356,HelEHO:0.976798797,OthEHO:0.783109376}
WARNING: Normalizing state frequencies so that sum of them equals to 1
WARNING: Normalizing state frequencies so that sum of them equals to 1
WARNING: Normalizing state frequencies so that sum of them equals to 1
737  EHO           14933.590    89  30045.179    30118.330    30377.447
Model UL2 is alias for MIX{M1_UL2:0.581348617,M2_UL2:1.465482789}
WARNING: Normalizing state frequencies so that sum of them equals to 1
738  UL2           14283.319    88  28742.638    28813.838    29071.172
Model UL3 is alias for MIX{Q1_UL3:0.484340397,Q2_UL3:0.492780514,Q3_UL3:1.15597274}
WARNING: Normalizing state frequencies so that sum of them equals to 1
WARNING: Normalizing state frequencies so that sum of them equals to 1
739  UL3           14998.923    89  30175.846    30248.997    30508.114
Model EX_EHO is alias for MIX{BUR_EXT:0.761816796788931,BUR_HEL:0.744425646802117,BUR_OTH:0.532457759429489,EXP_EXT:1.5639387472863,EXP_HEL:2.06403411829438,EXP_OTH:1.43336795177594}
WARNING: Normalizing state frequencies so that sum of them equals to 1
WARNING: Normalizing state frequencies so that sum of them equals to 1
WARNING: Normalizing state frequencies so that sum of them equals to 1
740  EX_EHO        14088.968    92  28361.937    28441.159    28705.404
Model LG4M is alias for MIX{LG4M1,LG4M2,LG4M3,LG4M4}*G4
741  LG4M          13648.868    88  27473.737    27544.937    27802.271
Model LG4X is alias for MIX{LG4X1,LG4X2,LG4X3,LG4X4}*R4
742  LG4X          13636.709    93  27459.418    27540.739    27806.619
Model CF4 is alias for POISSON+FMIX{Fclass1,Fclass2,Fclass3,Fclass4}+F+G
WARNING: Normalizing State frequencies so that sum of them equals to 1
WARNING: Normalizing State frequencies so that sum of them equals to 1
WARNING: Normalizing State frequencies so that sum of them equals to 1
WARNING: Normalizing State frequencies so that sum of them equals to 1
743  CF4           14443.263    111 29108.526    29234.739    29522.927
Model LG+C10 is alias for LG+POISSON+G+FMIX{C10pi1:1:0.1191344178,C10pi2:1:0.0874372456,C10pi3:1:0.1037105070,C10pi4:1:0.0922584809,C10pi5:1:0.1070492801,C10pi6:1:0.1329945166,C10pi7:1:0.0538028458,C10pi8:1:0.0691986212,C10pi9:1:0.1319937434,C10pi10:1:0.1024203429}
744  LG+C10        13672.215    88  27520.431    27591.631    27848.965
Model LG+C20 is alias for LG+POISSON+G+FMIX{C20pi1:1:0.0559910600,C20pi2:1:0.0514824870,C20pi3:1:0.0812922124,C20pi4:1:0.0721976867,C20pi5:1:0.0556718858,C20pi6:1:0.0331003080,C20pi7:1:0.0589501763,C20pi8:1:0.0263756889,C20pi9:1:0.0307584220,C20pi10:1:0.0376701125,C20pi11:1:0.0303058290,C20pi12:1:0.0808775576,C20pi13:1:0.0263349134,C20pi14:1:0.0579101455,C20pi15:1:0.0371248064,C20pi16:1:0.0586867766,C20pi17:1:0.0561479138,C20pi18:1:0.0349810886,C20pi19:1:0.0544937394,C20pi20:1:0.0596471901}
745  LG+C20        13559.117    88  27294.234    27365.434    27622.768
Model LG+C30 is alias for LG+POISSON+G+FMIX{C30pi1:1:0.0095783264,C30pi2:1:0.0248476365,C30pi3:1:0.0636309366,C30pi4:1:0.0537939225,C30pi5:1:0.0295885587,C30pi6:1:0.0117587936,C30pi7:1:0.0132013428,C30pi8:1:0.0236868805,C30pi9:1:0.0261687659,C30pi10:1:0.0239821974,C30pi11:1:0.0257100906,C30pi12:1:0.0465072425,C30pi13:1:0.0546794546,C30pi14:1:0.0536085131,C30pi15:1:0.0270622670,C30pi16:1:0.0403913593,C30pi17:1:0.0474212700,C30pi18:1:0.0458816478,C30pi19:1:0.0214036510,C30pi20:1:0.0290385981,C30pi21:1:0.0123391793,C30pi22:1:0.0569350229,C30pi23:1:0.0419687568,C30pi24:1:0.0339027062,C30pi25:1:0.0388777376,C30pi26:1:0.0196343766,C30pi27:1:0.0233086174,C30pi28:1:0.0622722654,C30pi29:1:0.0184803385,C30pi30:1:0.0203395454}
746  LG+C30        13514.803    88  27205.606    27276.806    27534.140
Model LG+C40 is alias for LG+POISSON+G+FMIX{C40pi1:1:0.0223853788,C40pi2:1:0.0338891820,C40pi3:1:0.0577169375,C40pi4:1:0.0252416233,C40pi5:1:0.0108607921,C40pi6:1:0.0462373793,C40pi7:1:0.0102293175,C40pi8:1:0.0147523625,C40pi9:1:0.0143161352,C40pi10:1:0.0182302541,C40pi11:1:0.0204025079,C40pi12:1:0.0425505156,C40pi13:1:0.0248627269,C40pi14:1:0.0105892988,C40pi15:1:0.0188238725,C40pi16:1:0.0086663445,C40pi17:1:0.0148496147,C40pi18:1:0.0343037402,C40pi19:1:0.0225335203,C40pi20:1:0.0174068578,C40pi21:1:0.0112207827,C40pi22:1:0.0443532245,C40pi23:1:0.0392573370,C40pi24:1:0.0196756555,C40pi25:1:0.0287690328,C40pi26:1:0.0114441177,C40pi27:1:0.0112338740,C40pi28:1:0.0582694099,C40pi29:1:0.0444272279,C40pi30:1:0.0112010942,C40pi31:1:0.0145176111,C40pi32:1:0.0114629026,C40pi33:1:0.0239628061,C40pi34:1:0.0266266492,C40pi35:1:0.0481201159,C40pi36:1:0.0371147423,C40pi37:1:0.0160476688,C40pi38:1:0.0237249267,C40pi39:1:0.0235226203,C40pi40:1:0.0261998398}
747  LG+C40        13486.223    88  27148.447    27219.647    27476.981
Model LG+C50 is alias for LG+POISSON+G+FMIX{C50pi1:1:0.0164297003,C50pi2:1:0.0273175755,C50pi3:1:0.0460247610,C50pi4:1:0.0084864734,C50pi5:1:0.0125389252,C50pi6:1:0.0343549036,C50pi7:1:0.0130241102,C50pi8:1:0.0094755681,C50pi9:1:0.0190040551,C50pi10:1:0.0151902354,C50pi11:1:0.0320534760,C50pi12:1:0.0210059850,C50pi13:1:0.0237408547,C50pi14:1:0.0239841203,C50pi15:1:0.0213748021,C50pi16:1:0.0210717705,C50pi17:1:0.0050241805,C50pi18:1:0.0166262276,C50pi19:1:0.0143945956,C50pi20:1:0.0104391130,C50pi21:1:0.0107628277,C50pi22:1:0.0148818171,C50pi23:1:0.0321480239,C50pi24:1:0.0145477978,C50pi25:1:0.0332355807,C50pi26:1:0.0143190281,C50pi27:1:0.0234478734,C50pi28:1:0.0183044983,C50pi29:1:0.0403269452,C50pi30:1:0.0135629530,C50pi31:1:0.0091880799,C50pi32:1:0.0158270022,C50pi33:1:0.0121019379,C50pi34:1:0.0353560982,C50pi35:1:0.0404495617,C50pi36:1:0.0104569232,C50pi37:1:0.0146187792,C50pi38:1:0.0093984095,C50pi39:1:0.0146773809,C50pi40:1:0.0201635562,C50pi41:1:0.0255640273,C50pi42:1:0.0039486842,C50pi43:1:0.0393652608,C50pi44:1:0.0056415419,C50pi45:1:0.0382833580,C50pi46:1:0.0039735086,C50pi47:1:0.0140269355,C50pi48:1:0.0476703673,C50pi49:1:0.0204062788,C50pi50:1:0.0117835304}
748  LG+C50        13476.216    88  27128.432    27199.632    27456.966
Model LG+C60 is alias for LG+POISSON+G+FMIX{C60pi1:1:0.0169698865,C60pi2:1:0.0211683374,C60pi3:1:0.0276589079,C60pi4:1:0.0065675964,C60pi5:1:0.0141221416,C60pi6:1:0.0068774834,C60pi7:1:0.0146909701,C60pi8:1:0.0067225777,C60pi9:1:0.0018396660,C60pi10:1:0.0102547197,C60pi11:1:0.0230896163,C60pi12:1:0.0057941033,C60pi13:1:0.0125394534,C60pi14:1:0.0204526478,C60pi15:1:0.0070629602,C60pi16:1:0.0117982741,C60pi17:1:0.0068334668,C60pi18:1:0.0433775839,C60pi19:1:0.0318278731,C60pi20:1:0.0222546108,C60pi21:1:0.0102264969,C60pi22:1:0.0150545891,C60pi23:1:0.0134159878,C60pi24:1:0.0148552065,C60pi25:1:0.0239111516,C60pi26:1:0.0128776278,C60pi27:1:0.0222318842,C60pi28:1:0.0247444742,C60pi29:1:0.0214274810,C60pi30:1:0.0115001882,C60pi31:1:0.0076017389,C60pi32:1:0.0130258568,C60pi33:1:0.0093701965,C60pi34:1:0.0467194264,C60pi35:1:0.0441940314,C60pi36:1:0.0322263154,C60pi37:1:0.0402999891,C60pi38:1:0.0150234227,C60pi39:1:0.0104589903,C60pi40:1:0.0214742395,C60pi41:1:0.0154957836,C60pi42:1:0.0101789953,C60pi43:1:0.0227980379,C60pi44:1:0.0123204539,C60pi45:1:0.0066777583,C60pi46:1:0.0004150083,C60pi47:1:0.0344385130,C60pi48:1:0.0113663379,C60pi49:1:0.0127143049,C60pi50:1:0.0124323741,C60pi51:1:0.0262124415,C60pi52:1:0.0064994957,C60pi53:1:0.0103203293,C60pi54:1:0.0142463512,C60pi55:1:0.0215600067,C60pi56:1:0.0199150700,C60pi57:1:0.0038964200,C60pi58:1:0.0113448855,C60pi59:1:0.0128595846,C60pi60:1:0.0117656776}
WARNING: Your input class weight 0.000415008 is very small and may cause numerical issues
749  LG+C60        13472.038    88  27120.076    27191.276    27448.610
Akaike Information Criterion:           LG+C60
Corrected Akaike Information Criterion: LG+C60
Bayesian Information Criterion:         LG+C60
Best-fit model: LG+C60 chosen according to BIC

All model information printed to iqtree_gene_trees/COG3627.model.gz
CPU time for ModelFinder: 2633.907 seconds (0h:43m:53s)
Wall-clock time for ModelFinder: 265.162 seconds (0h:4m:25s)
Generating 1000 samples for ultrafast bootstrap (seed: 978530)...
Model LG+C60 is alias for LG+POISSON+G+FMIX{C60pi1:1:0.0169698865,C60pi2:1:0.0211683374,C60pi3:1:0.0276589079,C60pi4:1:0.0065675964,C60pi5:1:0.0141221416,C60pi6:1:0.0068774834,C60pi7:1:0.0146909701,C60pi8:1:0.0067225777,C60pi9:1:0.0018396660,C60pi10:1:0.0102547197,C60pi11:1:0.0230896163,C60pi12:1:0.0057941033,C60pi13:1:0.0125394534,C60pi14:1:0.0204526478,C60pi15:1:0.0070629602,C60pi16:1:0.0117982741,C60pi17:1:0.0068334668,C60pi18:1:0.0433775839,C60pi19:1:0.0318278731,C60pi20:1:0.0222546108,C60pi21:1:0.0102264969,C60pi22:1:0.0150545891,C60pi23:1:0.0134159878,C60pi24:1:0.0148552065,C60pi25:1:0.0239111516,C60pi26:1:0.0128776278,C60pi27:1:0.0222318842,C60pi28:1:0.0247444742,C60pi29:1:0.0214274810,C60pi30:1:0.0115001882,C60pi31:1:0.0076017389,C60pi32:1:0.0130258568,C60pi33:1:0.0093701965,C60pi34:1:0.0467194264,C60pi35:1:0.0441940314,C60pi36:1:0.0322263154,C60pi37:1:0.0402999891,C60pi38:1:0.0150234227,C60pi39:1:0.0104589903,C60pi40:1:0.0214742395,C60pi41:1:0.0154957836,C60pi42:1:0.0101789953,C60pi43:1:0.0227980379,C60pi44:1:0.0123204539,C60pi45:1:0.0066777583,C60pi46:1:0.0004150083,C60pi47:1:0.0344385130,C60pi48:1:0.0113663379,C60pi49:1:0.0127143049,C60pi50:1:0.0124323741,C60pi51:1:0.0262124415,C60pi52:1:0.0064994957,C60pi53:1:0.0103203293,C60pi54:1:0.0142463512,C60pi55:1:0.0215600067,C60pi56:1:0.0199150700,C60pi57:1:0.0038964200,C60pi58:1:0.0113448855,C60pi59:1:0.0128595846,C60pi60:1:0.0117656776}
WARNING: Your input class weight 0.000415008 is very small and may cause numerical issues

NOTE: 495 MB RAM (0 GB) is required!
Estimate model parameters (epsilon = 0.100)
1. Initial log-likelihood: -13472.038
Optimal log-likelihood: -13472.029
Mixture weights: 0.017 0.021 0.028 0.007 0.014 0.007 0.015 0.007 0.002 0.010 0.023 0.006 0.013 0.020 0.007 0.012 0.007 0.043 0.032 0.022 0.010 0.015 0.013 0.015 0.024 0.013 0.022 0.025 0.021 0.012 0.008 0.013 0.009 0.047 0.044 0.032 0.040 0.015 0.010 0.021 0.015 0.010 0.023 0.012 0.007 0.000 0.034 0.011 0.013 0.012 0.026 0.006 0.010 0.014 0.022 0.020 0.004 0.011 0.013 0.012
Gamma shape alpha: 0.382
Parameters optimization took 1 rounds (1.960 sec)
Wrote distance file to... 
Computing ML distances based on estimated model parameters...
Calculating distance matrix: done in 0.0534031 secs using 999.8% CPU
Computing ML distances took 0.053587 sec (of wall-clock time) 0.535522 sec (of CPU time)
Setting up auxiliary I and S matrices: done in 0.0011114 secs using 100.5% CPU
Constructing RapidNJ tree: done in 0.0388471 secs using 330.5% CPU
Computing RapidNJ tree took 0.040131 sec (of wall-clock time) 0.130469 sec (of CPU time)
Log-likelihood of RapidNJ tree: -13496.372
--------------------------------------------------------------------
|             INITIALIZING CANDIDATE TREE SET                      |
--------------------------------------------------------------------
Generating 98 parsimony trees... 1.011 second
Computing log-likelihood of 98 initial trees ... 64.478 seconds
Current best score: -13472.029

Do NNI search on 20 best initial trees
Optimizing NNI: done in 12.0302 secs using 993.5% CPU
Estimate model parameters (epsilon = 0.100)
BETTER TREE FOUND at iteration 1: -13455.342
Optimizing NNI: done in 17.4508 secs using 994% CPU
Estimate model parameters (epsilon = 0.100)
BETTER TREE FOUND at iteration 2: -13446.888
Optimizing NNI: done in 22.2928 secs using 994.2% CPU
Estimate model parameters (epsilon = 0.100)
BETTER TREE FOUND at iteration 3: -13434.644
Optimizing NNI: done in 24.3211 secs using 993.2% CPU
Optimizing NNI: done in 29.4611 secs using 993.2% CPU
Optimizing NNI: done in 30.8415 secs using 992.9% CPU
Optimizing NNI: done in 20.4352 secs using 991.3% CPU
Optimizing NNI: done in 17.0158 secs using 993.8% CPU
Estimate model parameters (epsilon = 0.100)
BETTER TREE FOUND at iteration 8: -13429.143
Optimizing NNI: done in 14.9141 secs using 991.1% CPU
Optimizing NNI: done in 20.7939 secs using 988.4% CPU
Iteration 10 / LogL: -13464.069 / Time: 0h:4m:57s
Optimizing NNI: done in 26.7764 secs using 985.4% CPU
Optimizing NNI: done in 27.4165 secs using 992.4% CPU
Optimizing NNI: done in 19.6921 secs using 990.4% CPU
Estimate model parameters (epsilon = 0.100)
BETTER TREE FOUND at iteration 13: -13428.110
Optimizing NNI: done in 25.1282 secs using 990.7% CPU
Optimizing NNI: done in 22.2666 secs using 991.5% CPU
Optimizing NNI: done in 26.0668 secs using 991.8% CPU
Optimizing NNI: done in 29.9243 secs using 988.6% CPU
Optimizing NNI: done in 16.5109 secs using 989.6% CPU
Optimizing NNI: done in 18.6146 secs using 989.6% CPU
Optimizing NNI: done in 22.3674 secs using 990.4% CPU
Iteration 20 / LogL: -13467.808 / Time: 0h:8m:57s
Finish initializing candidate tree set (20)
Current best tree score: -13428.110 / CPU time: 529.166
Number of iterations: 20
--------------------------------------------------------------------
|               OPTIMIZING CANDIDATE TREE SET                      |
--------------------------------------------------------------------
Optimizing NNI: done in 16.3788 secs using 986.4% CPU
Optimizing NNI: done in 20.1934 secs using 991.6% CPU
Optimizing NNI: done in 15.5441 secs using 991% CPU
Optimizing NNI: done in 11.3213 secs using 989% CPU
Estimate model parameters (epsilon = 0.100)
BETTER TREE FOUND at iteration 24: -13426.211
Optimizing NNI: done in 21.6705 secs using 990.9% CPU
Optimizing NNI: done in 21.4973 secs using 989.6% CPU
Optimizing NNI: done in 23.0793 secs using 989.6% CPU
Optimizing NNI: done in 22.9886 secs using 988.3% CPU
Optimizing NNI: done in 14.5096 secs using 990.4% CPU
Optimizing NNI: done in 13.98 secs using 992.4% CPU
Iteration 30 / LogL: -13427.375 / Time: 0h:12m:4s (0h:39m:7s left)
Optimizing NNI: done in 12.8191 secs using 988.9% CPU
Optimizing NNI: done in 8.60168 secs using 990.4% CPU
Optimizing NNI: done in 12.6126 secs using 989.1% CPU
Optimizing NNI: done in 17.2489 secs using 991% CPU
Optimizing NNI: done in 18.8887 secs using 989.8% CPU
Optimizing NNI: done in 14.1697 secs using 988.4% CPU
Optimizing NNI: done in 14.7126 secs using 990% CPU
Optimizing NNI: done in 14.8234 secs using 989.1% CPU
Optimizing NNI: done in 12.8646 secs using 988.3% CPU
Optimizing NNI: done in 20.2846 secs using 990.1% CPU
Estimate model parameters (epsilon = 0.100)
BETTER TREE FOUND at iteration 40: -13424.185
Iteration 40 / LogL: -13424.185 / Time: 0h:14m:34s (0h:37m:23s left)
Optimizing NNI: done in 13.7352 secs using 989.9% CPU
Optimizing NNI: done in 13.4205 secs using 988.8% CPU
Optimizing NNI: done in 11.9635 secs using 990.9% CPU
Optimizing NNI: done in 16.1902 secs using 990.8% CPU
Optimizing NNI: done in 13.5547 secs using 989.8% CPU
Optimizing NNI: done in 18.1551 secs using 989.6% CPU
Optimizing NNI: done in 14.074 secs using 990.1% CPU
Optimizing NNI: done in 12.2819 secs using 990.8% CPU
Optimizing NNI: done in 13.1216 secs using 990.4% CPU
Optimizing NNI: done in 18.22 secs using 989.6% CPU
Iteration 50 / LogL: -13433.061 / Time: 0h:17m:1s (0h:31m:15s left)
Log-likelihood cutoff on original alignment: -13495.246
UFBoot trees printed to iqtree_gene_trees/COG3627.ufboot
Optimizing NNI: done in 18.9919 secs using 990% CPU
Optimizing NNI: done in 17.3593 secs using 989.3% CPU
Optimizing NNI: done in 12.5961 secs using 989.3% CPU
Optimizing NNI: done in 12.434 secs using 990.8% CPU
Optimizing NNI: done in 13.8888 secs using 989.2% CPU
Optimizing NNI: done in 15.2588 secs using 987.9% CPU
Estimate model parameters (epsilon = 0.100)
BETTER TREE FOUND at iteration 56: -13422.497
Optimizing NNI: done in 11.3527 secs using 991.6% CPU
Optimizing NNI: done in 18.533 secs using 989.1% CPU
Optimizing NNI: done in 13.8893 secs using 989.8% CPU
Optimizing NNI: done in 16.0465 secs using 989.2% CPU
Iteration 60 / LogL: -13424.172 / Time: 0h:19m:36s (0h:31m:53s left)
Optimizing NNI: done in 14.6024 secs using 989.6% CPU
Optimizing NNI: done in 13.618 secs using 990.6% CPU
Optimizing NNI: done in 11.8382 secs using 989.8% CPU
Optimizing NNI: done in 12.1142 secs using 988% CPU
Optimizing NNI: done in 16.3373 secs using 988.2% CPU
Optimizing NNI: done in 14.6282 secs using 989.1% CPU
Optimizing NNI: done in 13.9992 secs using 988.3% CPU
Optimizing NNI: done in 15.1215 secs using 988.2% CPU
Optimizing NNI: done in 14.7327 secs using 986.9% CPU
BETTER TREE FOUND at iteration 69: -13422.490
Optimizing NNI: done in 11.8118 secs using 988% CPU
Iteration 70 / LogL: -13423.514 / Time: 0h:21m:56s (0h:31m:28s left)
Optimizing NNI: done in 16.9584 secs using 990.1% CPU
Optimizing NNI: done in 12.3637 secs using 989.2% CPU
Optimizing NNI: done in 13.5172 secs using 990.2% CPU
Optimizing NNI: done in 11.3813 secs using 989.8% CPU
Optimizing NNI: done in 11.1029 secs using 988.4% CPU
Optimizing NNI: done in 11.7679 secs using 987.6% CPU
Optimizing NNI: done in 18.1458 secs using 990.7% CPU
Optimizing NNI: done in 15.1772 secs using 988.3% CPU
Optimizing NNI: done in 13.7803 secs using 989.5% CPU
Optimizing NNI: done in 9.91895 secs using 989.9% CPU
Iteration 80 / LogL: -13423.373 / Time: 0h:24m:12s (0h:27m:15s left)
Optimizing NNI: done in 17.0448 secs using 989.3% CPU
Optimizing NNI: done in 12.4031 secs using 990.2% CPU
Optimizing NNI: done in 15.2087 secs using 988.8% CPU
Optimizing NNI: done in 14.3843 secs using 989.7% CPU
Optimizing NNI: done in 12.0689 secs using 989.9% CPU
Optimizing NNI: done in 16.2976 secs using 989.8% CPU
Optimizing NNI: done in 16.2763 secs using 987.6% CPU
Estimate model parameters (epsilon = 0.100)
BETTER TREE FOUND at iteration 87: -13421.745
Optimizing NNI: done in 14.0068 secs using 989.2% CPU
Optimizing NNI: done in 16.3477 secs using 990.5% CPU
Optimizing NNI: done in 16.5387 secs using 990.1% CPU
Iteration 90 / LogL: -13433.407 / Time: 0h:26m:46s (0h:29m:10s left)
Optimizing NNI: done in 9.20846 secs using 986.8% CPU
Optimizing NNI: done in 14.6346 secs using 990.5% CPU
Estimate model parameters (epsilon = 0.100)
BETTER TREE FOUND at iteration 92: -13421.354
Optimizing NNI: done in 16.2626 secs using 989.1% CPU
Optimizing NNI: done in 14.9234 secs using 990.4% CPU
Optimizing NNI: done in 19.7209 secs using 989.7% CPU
Optimizing NNI: done in 15.7582 secs using 990.1% CPU
Optimizing NNI: done in 18.2881 secs using 990% CPU
Optimizing NNI: done in 17.0144 secs using 990.7% CPU
Optimizing NNI: done in 12.9077 secs using 989.1% CPU
Optimizing NNI: done in 16.1684 secs using 990% CPU
Estimate model parameters (epsilon = 0.100)
BETTER TREE FOUND at iteration 100: -13421.056
Iteration 100 / LogL: -13421.056 / Time: 0h:29m:26s (0h:29m:44s left)
Log-likelihood cutoff on original alignment: -13495.246
NOTE: Bootstrap correlation coefficient of split occurrence frequencies: 0.958
NOTE: UFBoot does not converge, continue at least 100 more iterations
UFBoot trees printed to iqtree_gene_trees/COG3627.ufboot
Optimizing NNI: done in 15.4774 secs using 989.3% CPU
Optimizing NNI: done in 10.6297 secs using 990.7% CPU
Estimate model parameters (epsilon = 0.100)
BETTER TREE FOUND at iteration 102: -13420.773
Optimizing NNI: done in 8.80432 secs using 988.4% CPU
Optimizing NNI: done in 14.687 secs using 990.6% CPU
Optimizing NNI: done in 15.654 secs using 989% CPU
Optimizing NNI: done in 19.7707 secs using 989.5% CPU
Estimate model parameters (epsilon = 0.100)
BETTER TREE FOUND at iteration 106: -13420.403
Optimizing NNI: done in 19.0105 secs using 988.9% CPU
Optimizing NNI: done in 9.94059 secs using 990% CPU
Estimate model parameters (epsilon = 0.100)
BETTER TREE FOUND at iteration 108: -13419.797
Optimizing NNI: done in 17.0597 secs using 989.1% CPU
Optimizing NNI: done in 18.9623 secs using 988.7% CPU
Iteration 110 / LogL: -13421.502 / Time: 0h:32m:6s (0h:28m:52s left)
Optimizing NNI: done in 14.8614 secs using 988.7% CPU
Optimizing NNI: done in 15.6945 secs using 989.6% CPU
Optimizing NNI: done in 15.4977 secs using 991.4% CPU
Optimizing NNI: done in 13.626 secs using 989.6% CPU
Optimizing NNI: done in 12.2044 secs using 989.2% CPU
Optimizing NNI: done in 13.8883 secs using 989.8% CPU
Optimizing NNI: done in 13.0219 secs using 987.8% CPU
Optimizing NNI: done in 12.3502 secs using 988.6% CPU
Optimizing NNI: done in 15.5049 secs using 990.1% CPU
Optimizing NNI: done in 15.4144 secs using 988.3% CPU
Iteration 120 / LogL: -13420.438 / Time: 0h:34m:30s (0h:25m:31s left)
Optimizing NNI: done in 17.8654 secs using 988.9% CPU
Optimizing NNI: done in 15.7339 secs using 989.5% CPU
Optimizing NNI: done in 11.5796 secs using 989.4% CPU
Optimizing NNI: done in 15.2356 secs using 990.3% CPU
Optimizing NNI: done in 11.1448 secs using 988.2% CPU
Optimizing NNI: done in 19.2487 secs using 987.3% CPU
Optimizing NNI: done in 10.8413 secs using 987.4% CPU
Optimizing NNI: done in 14.7605 secs using 987.8% CPU
Optimizing NNI: done in 12.1157 secs using 988.8% CPU
Optimizing NNI: done in 19.7945 secs using 990.2% CPU
Iteration 130 / LogL: -13424.629 / Time: 0h:37m:0s (0h:22m:22s left)
Optimizing NNI: done in 16.6065 secs using 988.2% CPU
Optimizing NNI: done in 20.0891 secs using 990% CPU
Optimizing NNI: done in 14.8752 secs using 988% CPU
Optimizing NNI: done in 15.1526 secs using 990.5% CPU
Optimizing NNI: done in 13.7792 secs using 989% CPU
Optimizing NNI: done in 17.8832 secs using 990.6% CPU
Optimizing NNI: done in 17.7704 secs using 990% CPU
Optimizing NNI: done in 18.2763 secs using 991% CPU
Optimizing NNI: done in 15.7538 secs using 988.8% CPU
Optimizing NNI: done in 13.0169 secs using 988.2% CPU
Iteration 140 / LogL: -13424.663 / Time: 0h:39m:45s (0h:19m:26s left)
Optimizing NNI: done in 17.7831 secs using 988.6% CPU
Optimizing NNI: done in 10.6199 secs using 990% CPU
Optimizing NNI: done in 15.3452 secs using 990.6% CPU
Optimizing NNI: done in 25.5128 secs using 985.4% CPU
Optimizing NNI: done in 19.3807 secs using 990% CPU
Optimizing NNI: done in 14.2104 secs using 987.9% CPU
Optimizing NNI: done in 15.068 secs using 989% CPU
Optimizing NNI: done in 30.4277 secs using 989.1% CPU
Optimizing NNI: done in 11.7263 secs using 991.8% CPU
Optimizing NNI: done in 15.1889 secs using 990.5% CPU
Iteration 150 / LogL: -13424.791 / Time: 0h:42m:42s (0h:16m:37s left)
Log-likelihood cutoff on original alignment: -13495.246
UFBoot trees printed to iqtree_gene_trees/COG3627.ufboot
Optimizing NNI: done in 16.4344 secs using 988.8% CPU
Optimizing NNI: done in 17.1619 secs using 989.2% CPU
Optimizing NNI: done in 14.8576 secs using 989.6% CPU
Optimizing NNI: done in 16.0227 secs using 988.3% CPU
Optimizing NNI: done in 13.4785 secs using 988.8% CPU
Optimizing NNI: done in 16.3793 secs using 989.2% CPU
Optimizing NNI: done in 13.3745 secs using 988.4% CPU
Optimizing NNI: done in 15.5943 secs using 988.5% CPU
Optimizing NNI: done in 12.6687 secs using 991.4% CPU
Optimizing NNI: done in 16.6918 secs using 989.4% CPU
Iteration 160 / LogL: -13424.578 / Time: 0h:45m:17s (0h:13m:40s left)
Optimizing NNI: done in 15.3968 secs using 988.3% CPU
Optimizing NNI: done in 7.79518 secs using 988.1% CPU
Optimizing NNI: done in 11.0769 secs using 987% CPU
Optimizing NNI: done in 14.7349 secs using 988.4% CPU
Optimizing NNI: done in 12.712 secs using 987.5% CPU
Optimizing NNI: done in 15.7559 secs using 990.4% CPU
Optimizing NNI: done in 18.1865 secs using 987.2% CPU
Optimizing NNI: done in 15.8596 secs using 988.8% CPU
Optimizing NNI: done in 22.5792 secs using 989.7% CPU
Optimizing NNI: done in 14.06 secs using 988.5% CPU
Iteration 170 / LogL: -13421.240 / Time: 0h:47m:47s (0h:10m:44s left)
Optimizing NNI: done in 18.1683 secs using 990.4% CPU
Optimizing NNI: done in 18.8586 secs using 988.2% CPU
Optimizing NNI: done in 15.3325 secs using 990.1% CPU
Optimizing NNI: done in 12.5137 secs using 989.5% CPU
Optimizing NNI: done in 12.6792 secs using 987.7% CPU
Optimizing NNI: done in 13.9623 secs using 988.4% CPU
Optimizing NNI: done in 11.3791 secs using 987.5% CPU
Optimizing NNI: done in 14.4238 secs using 989.5% CPU
Optimizing NNI: done in 12.5904 secs using 991.1% CPU
Optimizing NNI: done in 13.4472 secs using 988.8% CPU
Iteration 180 / LogL: -13425.133 / Time: 0h:50m:12s (0h:7m:51s left)
Optimizing NNI: done in 15.2573 secs using 991.2% CPU
Optimizing NNI: done in 11.0269 secs using 988.5% CPU
Optimizing NNI: done in 14.5038 secs using 988.3% CPU
Optimizing NNI: done in 12.6607 secs using 987.5% CPU
Optimizing NNI: done in 13.1021 secs using 988% CPU
Optimizing NNI: done in 12.5467 secs using 989.6% CPU
Optimizing NNI: done in 16.7798 secs using 988.7% CPU
Optimizing NNI: done in 11.1534 secs using 990.1% CPU
Optimizing NNI: done in 19.5737 secs using 990.7% CPU
Optimizing NNI: done in 9.91059 secs using 989.2% CPU
Iteration 190 / LogL: -13420.504 / Time: 0h:52m:30s (0h:5m:0s left)
Optimizing NNI: done in 23.2044 secs using 988.6% CPU
Optimizing NNI: done in 13.6876 secs using 989% CPU
Optimizing NNI: done in 18.3416 secs using 989.7% CPU
Optimizing NNI: done in 12.9312 secs using 988.4% CPU
Optimizing NNI: done in 15.9996 secs using 989.4% CPU
Optimizing NNI: done in 13.9173 secs using 987.2% CPU
Optimizing NNI: done in 13.8224 secs using 987.5% CPU
Optimizing NNI: done in 21.3243 secs using 988.8% CPU
Optimizing NNI: done in 13.1888 secs using 988.2% CPU
Optimizing NNI: done in 18.3809 secs using 988.1% CPU
Iteration 200 / LogL: -13419.806 / Time: 0h:55m:17s (0h:2m:13s left)
Log-likelihood cutoff on original alignment: -13495.246
NOTE: Bootstrap correlation coefficient of split occurrence frequencies: 0.995
UFBoot trees printed to iqtree_gene_trees/COG3627.ufboot
Optimizing NNI: done in 13.0563 secs using 990.8% CPU
Optimizing NNI: done in 14.3486 secs using 988.2% CPU
Optimizing NNI: done in 17.6977 secs using 990.2% CPU
Optimizing NNI: done in 15.5316 secs using 989.8% CPU
Optimizing NNI: done in 10.9778 secs using 988.8% CPU
Optimizing NNI: done in 16.0838 secs using 987.3% CPU
Optimizing NNI: done in 12.0362 secs using 989.3% CPU
Optimizing NNI: done in 14.8837 secs using 987.7% CPU
Optimizing NNI: done in 12.4063 secs using 989.2% CPU
TREE SEARCH COMPLETED AFTER 209 ITERATIONS / Time: 0h:57m:26s

--------------------------------------------------------------------
|                    FINALIZING TREE SEARCH                        |
--------------------------------------------------------------------
Performs final model parameters optimization
Estimate model parameters (epsilon = 0.010)
1. Initial log-likelihood: -13419.797
Optimal log-likelihood: -13419.797
Mixture weights: 0.017 0.021 0.028 0.007 0.014 0.007 0.015 0.007 0.002 0.010 0.023 0.006 0.013 0.020 0.007 0.012 0.007 0.043 0.032 0.022 0.010 0.015 0.013 0.015 0.024 0.013 0.022 0.025 0.021 0.012 0.008 0.013 0.009 0.047 0.044 0.032 0.040 0.015 0.010 0.021 0.015 0.010 0.023 0.012 0.007 0.000 0.034 0.011 0.013 0.012 0.026 0.006 0.010 0.014 0.022 0.020 0.004 0.011 0.013 0.012
Gamma shape alpha: 0.379
Parameters optimization took 1 rounds (2.033 sec)
BEST SCORE FOUND : -13419.797
Creating bootstrap support values...
Split supports printed to NEXUS file iqtree_gene_trees/COG3627.splits.nex
Total tree length: 44.257

Total number of iterations: 209
CPU time used for tree search: 33914.921 sec (9h:25m:14s)
Wall-clock time used for tree search: 3438.288 sec (0h:57m:18s)
Total CPU time used: 34010.922 sec (9h:26m:50s)
Total wall-clock time used: 3448.511 sec (0h:57m:28s)
UFBoot trees printed to iqtree_gene_trees/COG3627.ufboot

Computing bootstrap consensus tree...
Reading input file iqtree_gene_trees/COG3627.splits.nex...
45 taxa and 733 splits.
Consensus tree written to iqtree_gene_trees/COG3627.contree
Reading input trees file iqtree_gene_trees/COG3627.contree
Log-likelihood of consensus tree: -13422.015

Analysis results written to: 
  IQ-TREE report:                iqtree_gene_trees/COG3627.iqtree
  Maximum-likelihood tree:       iqtree_gene_trees/COG3627.treefile
  Likelihood distances:          iqtree_gene_trees/COG3627.mldist

Ultrafast bootstrap approximation results written to:
  Split support values:          iqtree_gene_trees/COG3627.splits.nex
  Consensus tree:                iqtree_gene_trees/COG3627.contree
  UFBoot trees:                  iqtree_gene_trees/COG3627.ufboot
  Screen log file:               iqtree_gene_trees/COG3627.log

ALISIM COMMAND
--------------
Currently, we only support exporting AliSim commands from common models of DNA, Protein, Binary, and Morphological data. To simulate data from other models (mixture, lie-markov, etc), please refer to the User Manual of AliSim. Thanks!

Date and Time: Sat Apr  8 05:59:26 2023
