IQ-TREE multicore version 2.2.0.3 COVID-edition for Linux 64-bit built Aug  2 2022
Developed by Bui Quang Minh, James Barbetti, Nguyen Lam Tung,
Olga Chernomor, Heiko Schmidt, Dominik Schrempf, Michael Woodhams, Ly Trong Nhan.

Host:    baross.its.carleton.edu (AVX2, FMA3, 755 GB RAM)
Command: iqtree -s gene_alignments/trimv2_COG3638.afa -m MFP -bb 1000 -wbtl -ntmax 10 -nt AUTO -T 10 --prefix iqtree_gene_trees/COG3638 -madd C10,C20,C30,C40,C50,C60,EX2,EX3,EHO,UL2,UL3,EX_EHO,LG4M,LG4X,CF4,LG+C10,LG+C20,LG+C30,LG+C40,LG+C50,LG+C60 -mrate E,I,G,I+G,R
Seed:    678771 (Using SPRNG - Scalable Parallel Random Number Generator)
Time:    Sat Apr  8 08:17:10 2023
Kernel:  AVX+FMA - 10 threads (96 CPU cores detected)

Reading alignment file gene_alignments/trimv2_COG3638.afa ... Fasta format detected
Reading fasta file: done in 0.00282804 secs using 83.38% CPU
Alignment most likely contains protein sequences
Constructing alignment: done in 0.00294111 secs using 744.9% CPU
Alignment has 183 sequences with 283 columns, 278 distinct patterns
269 parsimony-informative, 3 singleton sites, 11 constant sites
                                                                 Gap/Ambiguity  Composition  p-value
Analyzing sequences: done in 0.000135032 secs using 871.6% CPU
   1  GCF.001311905.1.Bacteria.Firmicutes_WP_054672542.1                12.01%    passed     37.30%
   2  GCF.900111575.1.Bacteria.Firmicutes.D_NZ_FOIF01000035.1_14        14.13%    failed      0.00%
   3  GCF.003258945.1.Bacteria.Proteobacteria_NZ_QLIX01000033.1_35       5.65%    passed      8.53%
   4  GCA.002429065.1.Bacteria.Verrucomicrobiota_DIYN01000034.1_25       8.83%    passed     90.83%
   5  GCF.002335525.1.Bacteria.Firmicutes_NZ_BDUF01000086.1_91           9.54%    passed     60.18%
   6  GCF.900099895.1.Bacteria.Firmicutes_NZ_FNDY01000032.1_22          14.13%    failed      0.01%
   7  GCA.002723345.1.Bacteria.Proteobacteria_PBNV01000048.1_16          9.89%    passed     99.27%
   8  GCF.900102465.1.Bacteria.Proteobacteria_NZ_FNBW01000001.1_139      4.59%    passed     81.54%
   9  GCF.001611275.1.Bacteria.Desulfobacterota_NZ_CP015080.1_3313       6.01%    passed     35.28%
  10  GCF.000620305.1.Bacteria.Firmicutes.B_NZ_KK211100.1_859            8.83%    failed      0.04%
  11  GCF.002207765.1.Bacteria.Firmicutes.B_NZ_BDGJ01000003.1_14        12.01%    passed     90.83%
  12  GCA.001805375.1.Bacteria.Omnitrophota_MHFY01000043.1_5            13.43%    passed     36.28%
  13  GCA.002280485.1.Bacteria.Proteobacteria_NCED01000035.1_16          9.54%    failed      0.17%
  14  GCA.002323895.1.Bacteria.Verrucomicrobiota_DCQM01000120.1_5       15.19%    passed     85.03%
  15  GCA.006969625.1.Bacteria.Proteobacteria_CP030885.1_970             4.59%    passed      5.75%
  16  GCF.000021985.1.Bacteria.Proteobacteria_NC_011901.1_914            2.83%    passed     28.97%
  17  GCF.000092905.1.Bacteria.Firmicutes_NC_014098.1_3110              10.95%    passed     83.19%
  18  GCF.001618145.1.Bacteria.Firmicutes_NZ_LQNF01000010.1_50           8.83%    passed     11.03%
  19  Fischerella.muscicola.CCMEE5323_WP_026085919.1                    14.84%    passed      7.30%
  20  GCA.000987045.1.Bacteria.Firmicutes.B_LAKY01000053.1_18           11.31%    passed     57.16%
  21  GCA.002311335.1.Bacteria.Desulfobacterota.B_DBZX01000058.1_14     11.31%    failed      0.21%
  22  GCA.002405475.1.Bacteria.Proteobacteria_DHLX01000022.1_2          10.95%    failed      2.02%
  23  GCA.003167475.1.Bacteria.Goldbacteria_PMTB01000098.1_38           12.72%    failed      0.01%
  24  GCA.002898675.1.Bacteria.Bacteroidota_BEHW01000065.1_11           10.95%    passed     86.01%
  25  GCF.004348535.1.Bacteria.Actinobacteriota_NZ_SMJX01000039.1_13    14.13%    failed      0.01%
  26  GCA.002307275.1.Bacteria.Firmicutes.A_DBTX01000081.1_37            4.95%    failed      1.78%
  27  GCF.003612015.1.Bacteria.Proteobacteria_NZ_RARB01000006.1_1        2.83%    passed     28.97%
  28  GCF.003838225.1.Bacteria.Cyanobacteria_WP_124144076.1             11.66%    passed     17.20%
  29  GCF.000315795.1.Bacteria.Proteobacteria_NZ_ANHY01000011.1_7        6.36%    passed     77.53%
  30  GCF.002251945.1.Bacteria.Cyanobacteria_NZ_NDHW01000188.1_42        9.19%    failed      0.74%
  31  GCA.003228115.1.Bacteria.Chloroflexota_QEVV01000002.1_310          8.83%    passed      7.98%
  32  GCA.001464215.1.Bacteria.Proteobacteria_LNEZ01000059.1_47          7.07%    passed     71.98%
  33  Nostoc.sp.PCC7120_WP_010996388.1                                   7.07%    passed     49.75%
  34  GCA.002292925.1.Bacteria.Chloroflexota_DBCF01000002.1_3            7.42%    passed     26.26%
  35  GCF.001942305.1.Bacteria.Actinobacteriota_NZ_MKKE01000069.1_1      6.71%    passed     73.23%
  36  GCF.900142265.1.Bacteria.Firmicutes.A_NZ_FRAH01000025.1_46         9.89%    failed      0.26%
  37  GCF.002215035.1.Bacteria.Cyanobacteria_NZ_NKFP01000006.1_2110     10.95%    passed     77.93%
  38  GCA.002501535.1.Bacteria.UBP7_DLTY01000005.1_21                   12.01%    failed      0.00%
  39  GCF.000177635.2.Bacteria.Chrysiogenota_NC_014836.1_2187            3.89%    passed     92.23%
  40  GCA.002406055.1.Bacteria.Spirochaetota_DHMZ01000119.1_12           8.48%    passed     10.77%
  41  GCA.002483445.1.Bacteria.Acidobacteriota_DLHY01000138.1_20         5.30%    passed     98.28%
  42  GCF.003047285.1.Bacteria.Actinobacteriota_NZ_PZYX01000014.1_78     6.01%    passed     24.13%
  43  GCF.003967555.1.Bacteria.Chloroflexota_NZ_BIFS01000002.1_1419      8.48%    passed     98.51%
  44  GCA.002050035.1.Bacteria.4484.113_MVCR01000008.1_4                 9.89%    passed     76.56%
  45  GCF.900102465.1.Bacteria.Proteobacteria_NZ_FNBW01000005.1_283     10.25%    failed      0.02%
  46  GCF.001618145.1.Bacteria.Firmicutes_NZ_LQNF01000059.1_5           10.95%    failed      0.06%
  47  GCF.000317045.1.Bacteria.Cyanobacteria_NC_019703.1_2374           10.60%    passed     59.35%
  48  GCA.001940725.1.Archaea.Asgardarchaeota_MDVR01000048.1_20         11.31%    failed      0.17%
  49  GCF.000018105.1.Bacteria.Cyanobacteria_NC_009925.1_3470            9.54%    failed      0.78%
  50  GCF.900066015.1.Bacteria.Chloroflexota_NZ_LN890655.1_2814          9.54%    passed     99.81%
  51  GCF.003258945.1.Bacteria.Proteobacteria_NZ_QLIX01000001.1_247      7.42%    failed      0.00%
  52  GCF.900187885.1.Bacteria.Chloroflexota_NZ_FYEK01000002.1_6         4.24%    failed      0.00%
  53  GCA.002746185.1.Bacteria.Hydrogenedentota_NVWG01000001.1_52        4.95%    passed     91.43%
  54  GCA.002429065.1.Bacteria.Verrucomicrobiota_DIYN01000031.1_135      4.59%    passed     84.67%
  55  GCA.000961655.1.Bacteria.Desulfobacterota_LADR01000024.1_307       2.12%    passed     63.47%
  56  GCF.003173035.1.Bacteria.Proteobacteria_NZ_QGLE01000007.1_154      2.83%    passed     16.97%
  57  GCA.002347095.1.Bacteria.Desulfobacterota_DDWZ01000028.1_174       5.65%    passed     55.80%
  58  GCF.000015965.1.Bacteria.Cyanobacteria_NC_009091.1_1223            7.77%    failed      0.05%
  59  GCA.000961765.1.Bacteria.Firmicutes.B_LADT01000026.1_73            8.48%    failed      1.69%
  60  GCA.002238965.1.Bacteria.UBA8248_MPNJ01000016.1_54                 2.47%    failed      4.90%
  61  GCA.002159075.1.Bacteria.Firmicutes_LZRT01000052.1_19              9.89%    passed     97.40%
  62  GCF.001942305.1.Bacteria.Actinobacteriota_NZ_MKKE01000019.1_63     7.07%    failed      0.00%
  63  GCF.001029505.1.Bacteria.Actinobacteriota_NZ_LEKH01000022.1_38     1.41%    failed      0.22%
  64  GCF.001907975.1.Bacteria.Proteobacteria_NZ_CP017834.1_1053        10.95%    passed     14.51%
  65  GCA.002405475.1.Bacteria.Proteobacteria_DHLX01000018.1_169         3.89%    failed      2.40%
  66  GCA.002423325.1.Bacteria.Chloroflexota_DIVQ01000032.1_22          10.95%    passed     92.88%
  67  GCA.002414805.1.Bacteria.Fibrobacterota_DIAU01000057.1_2           2.47%    passed     82.96%
  68  GCF.000178255.1.Bacteria.Firmicutes_WP_006784581.1                10.25%    failed      3.03%
  69  GCF.000017845.1.Bacteria.Cyanobacteria_NC_010546.1_2456           12.01%    passed     40.96%
  70  GCA.002347095.1.Bacteria.Desulfobacterota_DDWZ01000028.1_164       8.48%    passed     86.66%
  71  GCF.004522215.1.Bacteria.Firmicutes_NZ_SDLR01000004.1_6           13.78%    passed     21.32%
  72  GCF.000620765.1.Bacteria.Desulfobacterota.I_NZ_JIAK01000027.1_9    3.89%    passed     98.19%
  73  GCA.002841995.1.Bacteria.Chloroflexota_PHBS01000027.1_8           10.95%    passed     78.55%
  74  GCF.001613805.1.Bacteria.Proteobacteria_NZ_LPVY01000006.1_6        6.36%    passed     88.63%
  75  GCF.003612015.1.Bacteria.Proteobacteria_NZ_RARB01000002.1_329      8.83%    passed     25.58%
  76  GCA.002705185.1.Bacteria.Nitrospinota_PAJA01000073.1_11           13.07%    passed      6.12%
  77  GCA.003140235.1.Bacteria.Acidobacteriota_PLJN01000058.1_8         12.72%    passed     28.72%
  78  GCF.002902625.1.Bacteria.Firmicutes_NZ_PPRG01000003.1_27           9.19%    passed     38.06%
  79  GCF.000828855.1.Bacteria.Firmicutes_NZ_AP014631.1_213             13.07%    failed      0.00%
  80  GCF.000316115.1.Bacteria.Cyanobacteria_NZ_JH993797.1_5600          4.95%    passed     18.88%
  81  GCF.001618145.1.Bacteria.Firmicutes_NZ_LQNF01000013.1_4           10.95%    failed      0.37%
  82  GCF.001613805.1.Bacteria.Proteobacteria_NZ_LPVY01000023.1_13       3.18%    passed     91.97%
  83  GCF.003052605.1.Bacteria.Proteobacteria_NZ_QASO01000098.1_48       6.01%    failed      0.01%
  84  GCA.001510295.1.Archaea.Thermoproteota_LFEZ01000019.1_59          10.25%    failed      0.00%
  85  GCF.000473895.1.Bacteria.Cyanobacteria_NZ_ASSJ01000004.1_23        4.95%    passed     87.35%
  86  GCF.004522215.1.Bacteria.Firmicutes_NZ_SDLR01000002.1_531         13.78%    passed     86.66%
  87  GCF.002257705.1.Bacteria.Firmicutes.C_NZ_LSLK01000059.1_467        8.13%    passed      9.91%
  88  GCF.006980715.1.Bacteria.Proteobacteria_NZ_SBHN01000053.1_2        2.83%    passed     28.97%
  89  GCA.000209225.1.Eukaryota.Cnidaria_EDO25822.1                     16.61%    passed     38.69%
  90  GCA.001798265.1.Bacteria.Bdellovibrionota.E_MGRR01000125.1_8      10.95%    failed      4.43%
  91  GCF.900187885.1.Bacteria.Chloroflexota_NZ_FYEK01000044.1_79       10.95%    passed     96.13%
  92  GCA.001898225.1.Bacteria.Chloroflexota_MKTJ01000052.1_66          11.31%    passed     63.06%
  93  GCF.000473895.1.Bacteria.Cyanobacteria_NZ_ASSJ01000040.1_49       10.25%    passed     60.84%
  94  GCF.006980715.1.Bacteria.Proteobacteria_NZ_SBHN01000004.1_166      4.59%    passed     98.97%
  95  GCA.002746235.1.Bacteria.Planctomycetota_NVWJ01000001.1_171        9.19%    passed     29.88%
  96  GCF.000020025.1.Bacteria.Cyanobacteria_NC_010628.1_6106           14.49%    passed     45.98%
  97  GCA.000961655.1.Bacteria.Desulfobacterota_LADR01000024.1_295       3.53%    passed     47.89%
  98  GCF.000374645.1.Bacteria.Proteobacteria_NZ_KB894805.1_5            5.30%    passed     39.20%
  99  GCA.003134215.1.Bacteria.Armatimonadota_PLAD01000388.1_5          12.37%    passed     72.34%
 100  GCF.000315795.1.Bacteria.Proteobacteria_NZ_ANHY01000007.1_255      2.47%    passed     21.95%
 101  GCA.002347925.1.Bacteria.Chloroflexota_DDYL01000180.1_42           6.36%    passed     13.49%
 102  GCF.000218765.1.Bacteria.Firmicutes_WP_007505317.1                13.43%    passed     78.72%
 103  GCF.001618145.1.Bacteria.Firmicutes_NZ_LQNF01000047.1_16           9.54%    failed      0.00%
 104  GCF.002902625.1.Bacteria.Firmicutes_NZ_PPRG01000003.1_23           9.19%    passed     29.55%
 105  GCA.003280605.1.Bacteria.Proteobacteria_QCEM01000048.1_11          2.83%    passed     77.76%
 106  GCA.002787535.1.Bacteria.Bdellovibrionota_PCXB01000076.1_38       10.95%    passed     71.92%
 107  GCF.002148795.1.Bacteria.Proteobacteria_NZ_MPOB01000004.1_217      3.53%    passed     90.55%
 108  GCF.001618145.1.Bacteria.Firmicutes_NZ_LQNF01000040.1_29           8.83%    failed      1.99%
 109  GCA.002321895.1.Bacteria.Bdellovibrionota_DCMZ01000008.1_401      10.95%    passed     32.69%
 110  GCA.002704825.1.Bacteria.Planctomycetota_PAIY01000166.1_2          4.24%    failed      0.01%
 111  GCF.003258945.1.Bacteria.Proteobacteria_NZ_QLIX01000001.1_303      8.13%    failed      0.94%
 112  GCF.900104455.1.Bacteria.Firmicutes.C_NZ_FNHB01000011.1_48        10.25%    passed     61.10%
 113  GCA.002783405.1.Bacteria.Cyanobacteria_PFGG01000080.1_116          9.89%    passed     99.16%
 114  Nostoc.sp.PCC7120_WP_010996513.1                                  14.49%    passed     62.39%
 115  GCF.000473895.1.Bacteria.Cyanobacteria_NZ_ASSJ01000017.1_27        9.19%    passed     81.33%
 116  GCF.001591405.1.Bacteria.Actinobacteria_NZ_BCUV01000007.1_527      6.71%    passed     63.63%
 117  GCF.900107485.1.Bacteria.Firmicutes.A_NZ_FNQE01000008.1_37        14.13%    failed      0.06%
 118  GCF.006980715.1.Bacteria.Proteobacteria_NZ_SBHN01000001.1_400      7.07%    passed     99.44%
 119  GCF.000020025.1.Bacteria.Cyanobacteria_NC_010628.1_3487            9.19%    passed     40.71%
 120  GCF.002252565.1.Bacteria.Firmicutes.A_NZ_NPML01000018.1_258        8.48%    failed      0.13%
 121  GCF.003838225.1.Bacteria.Cyanobacteria_WP_124145281.1              7.42%    passed     45.42%
 122  GCA.003021615.1.Bacteria.Actinobacteriota_PXPH01000037.1_27        3.18%    failed      0.00%
 123  GCA.003230795.1.Bacteria.Bdellovibrionota.C_QIGM01000299.1_10     10.60%    passed     15.63%
 124  GCF.003052605.1.Bacteria.Proteobacteria_NZ_QASO01000062.1_54       2.83%    passed     11.12%
 125  GCA.002382525.1.Bacteria.Verrucomicrobiota_DFYA01000090.1_8       15.55%    failed      0.14%
 126  GCA.002840095.1.Bacteria.Proteobacteria_PGZL01000006.1_134         8.48%    passed     98.15%
 127  GCA.002382525.1.Bacteria.Verrucomicrobiota_DFYA01000102.1_4        3.53%    failed      1.44%
 128  GCA.002366595.1.Bacteria.Chloroflexota_DFBK01000004.1_26          11.31%    passed     91.65%
 129  Nostoc.sp.PCC7120_WP_010994147.1                                   7.42%    passed     34.80%
 130  GCF.900142995.1.Bacteria.Firmicutes.A_NZ_FRCR01000013.1_33        12.01%    passed     16.49%
 131  GCA.001735895.1.Bacteria.Proteobacteria_DS021198.1_624             3.89%    passed     89.90%
 132  GCA.002429065.1.Bacteria.Verrucomicrobiota_DIYN01000045.1_186      0.71%    passed     82.70%
 133  GCF.000473895.1.Bacteria.Cyanobacteria_NZ_ASSJ01000076.1_118       6.01%    failed      0.01%
 134  GCF.900106035.1.Bacteria.Actinobacteriota_NZ_FNUC01000003.1_926    9.54%    failed      2.30%
 135  GCF.003052605.1.Bacteria.Proteobacteria_NZ_QASO01000107.1_19       3.89%    passed     45.77%
 136  GCA.002840095.1.Bacteria.Proteobacteria_PGZL01000004.1_101         6.36%    passed     64.20%
 137  GCA.002431715.1.Bacteria.Armatimonadota_DJHI01000206.1_18         11.66%    passed     97.97%
 138  GCA.007244385.1.Bacteria.Desulfobacterota_SCVX01000030.1_127       4.59%    passed     98.55%
 139  GCF.001653195.1.Bacteria.Firmicutes_NZ_JXBB01000055.1_123          3.89%    passed     38.30%
 140  GCF.900102465.1.Bacteria.Proteobacteria_NZ_FNBW01000010.1_22       4.24%    passed     27.62%
 141  GCF.000284615.1.Bacteria.Proteobacteria_NC_017067.1_1816           7.07%    passed     78.38%
 142  GCA.002709155.1.Bacteria.Proteobacteria_PAQA01000048.1_3           7.77%    passed     44.94%
 143  GCF.900079095.1.Bacteria.Tectomicrobia_NZ_FKIP01000189.1_1         3.53%    passed     83.28%
 144  GCA.001798565.1.Bacteria.Desulfobacterota.B_MGSR01000169.1_1      12.37%    passed     86.95%
 145  GCA.006969625.1.Bacteria.Proteobacteria_CP030885.1_2427            3.53%    passed     41.12%
 146  GCF.000160475.1.Bacteria.Fusobacteriota_NZ_GG665898.1_197         12.72%    failed      0.00%
 147  GCA.003503675.1.Bacteria.Cyanobacteria_DOBT01000145.1_19           8.83%    passed     60.29%
 148  GCF.900102465.1.Bacteria.Proteobacteria_NZ_FNBW01000015.1_52       4.95%    passed     75.58%
 149  GCF.000374645.1.Bacteria.Proteobacteria_NZ_KB894800.1_442          9.19%    failed      1.04%
 150  GCF.000264455.2.Bacteria.Proteobacteria_NC_017956.1_2109           1.77%    failed      1.25%
 151  GCF.001618145.1.Bacteria.Firmicutes_NZ_KV392043.1_71              12.37%    failed      0.66%
 152  GCA.002717185.1.Bacteria.Proteobacteria_PBDC01000112.1_12          4.24%    passed     37.40%
 153  GCA.002348045.1.Bacteria.Chloroflexota_DDYO01000165.1_4            4.24%    passed      7.20%
 154  GCA.007244385.1.Bacteria.Desulfobacterota_SCVX01000030.1_145      10.60%    passed     79.55%
 155  GCF.001720165.1.Bacteria.Proteobacteria_NZ_MCRI01000043.1_12       1.41%    passed     23.96%
 156  GCA.002436065.1.Bacteria.Chloroflexota_DIXP01000089.1_51           6.36%    passed     95.75%
 157  GCF.000316115.1.Bacteria.Cyanobacteria_NZ_JH993797.1_763          10.25%    passed     60.44%
 158  GCA.002305165.1.Bacteria.Armatimonadota_DBQI01000043.1_65         10.95%    passed     82.36%
 159  GCA.002480495.1.Bacteria.Proteobacteria_DLCG01000004.1_90          5.30%    passed     52.62%
 160  GCF.006980715.1.Bacteria.Proteobacteria_NZ_SBHN01000008.1_14      10.60%    passed     22.02%
 161  GCA.002428295.1.Bacteria.Caldisericota_DIVS01000031.1_6           10.95%    failed      4.83%
 162  GCA.002747255.1.Bacteria.Acidobacteriota_PDUC01000034.1_66        10.95%    passed     30.00%
 163  GCA.002710215.1.Bacteria.Chloroflexota_PAJQ01000054.1_52           7.07%    passed     54.24%
 164  GCA.001664505.1.Bacteria.Acidobacteriota_CP011806.1_1402           1.41%    failed      3.59%
 165  GCF.002798435.1.Bacteria.Proteobacteria_WP_109795434.1             3.89%    passed     95.23%
 166  GCF.900099895.1.Bacteria.Firmicutes_NZ_FNDY01000062.1_5            8.48%    failed      0.14%
 167  GCA.002731375.1.Bacteria.Proteobacteria_PCBT01000032.1_3          11.66%    passed     59.61%
 168  GCA.002400365.1.Bacteria.Chloroflexota_DHFK01000179.1_5           10.95%    passed     99.74%
 169  GCA.002159155.1.Bacteria.Firmicutes.G_LZRQ01000058.1_7             5.65%    passed     90.25%
 170  GCF.000015965.1.Bacteria.Cyanobacteria_NC_009091.1_707            15.19%    failed      0.00%
 171  GCF.900167455.1.Bacteria.Proteobacteria_NZ_FUWJ01000005.1_57       9.19%    passed     57.93%
 172  GCF.000239355.1.Bacteria.Proteobacteria_WP_006984334.1            10.95%    passed     91.42%
 173  GCF.900172325.1.Bacteria.Proteobacteria_NZ_FWFR01000002.1_776      8.48%    passed     87.38%
 174  GCF.000218765.1.Bacteria.Firmicutes_WP_007506254.1                 9.19%    passed     41.42%
 175  GCA.003280605.1.Bacteria.Proteobacteria_QCEM01000051.1_8          13.43%    passed     21.36%
 176  GCF.002114285.1.Archaea.Halobacteriota_NZ_NEDJ01000006.1_24        6.01%    passed      6.42%
 177  GCA.001412425.1.Bacteria.Cloacimonadota_LKUH01000264.1_3          10.95%    passed     14.29%
 178  GCA.003280605.1.Bacteria.Proteobacteria_QCEM01000048.1_7           4.59%    passed     46.76%
 179  GCA.002712165.1.Bacteria.Proteobacteria_PASS01000072.1_21          4.24%    passed     94.71%
 180  Fischerella.muscicola.CCMEE5323_WP_016865774.1                     8.48%    passed     55.42%
 181  GCA.007244385.1.Bacteria.Desulfobacterota_SCVX01000030.1_138      13.07%    passed     68.51%
 182  GCF.900167455.1.Bacteria.Proteobacteria_NZ_FUWJ01000008.1_15       4.95%    passed     22.36%
 183  GCA.007244385.1.Bacteria.Desulfobacterota_SCVX01000050.1_7         5.65%    passed     33.10%
****  TOTAL                                                              8.31%  49 sequences failed composition chi2 test (p-value<5%; df=19)
NOTE: GCF.003612015.1.Bacteria.Proteobacteria_NZ_RARB01000006.1_1 is identical to GCF.000021985.1.Bacteria.Proteobacteria_NC_011901.1_914 but kept for subsequent analysis
Checking for duplicate sequences: done in 0.00233258 secs using 805.8% CPU
Identifying sites to remove: done in 0.00145562 secs using 958.1% CPU
NOTE: 1 identical sequences (see below) will be ignored for subsequent analysis
NOTE: GCF.006980715.1.Bacteria.Proteobacteria_NZ_SBHN01000053.1_2 (identical to GCF.000021985.1.Bacteria.Proteobacteria_NC_011901.1_914) is ignored but added at the end
Alignment was printed to iqtree_gene_trees/COG3638.uniqueseq.phy

For your convenience alignment with unique sequences printed to iqtree_gene_trees/COG3638.uniqueseq.phy


Create initial parsimony tree by phylogenetic likelihood library (PLL)... 0.202 seconds
Perform fast likelihood tree search using LG+I+G model...
Estimate model parameters (epsilon = 5.000)
Perform nearest neighbor interchange...
Optimizing NNI: done in 2.22677 secs using 995.9% CPU
Estimate model parameters (epsilon = 1.000)
1. Initial log-likelihood: -66377.226
Optimal log-likelihood: -66377.086
Proportion of invariable sites: 0.039
Gamma shape alpha: 0.976
Parameters optimization took 1 rounds (0.255 sec)
Time for fast ML tree search: 4.010 seconds

NOTE: ModelFinder requires 85 MB RAM!
ModelFinder will test up to 749 protein models (sample size: 283) ...
 No. Model         -LnL         df  AIC          AICc         BIC
  1  LG            71475.768    361 143673.536   405037.536   144989.542
  2  LG+I          70825.888    362 142375.776   405187.776   143695.428
  3  LG+G4         66445.460    362 133614.921   396426.921   134934.572
  4  LG+I+G4       66377.084    363 133480.167   397744.167   134803.464
  5  LG+R2         67566.548    363 135859.097   400123.097   137182.394
  6  LG+R3         66742.737    365 134215.475   401395.475   135546.063
  7  LG+R4         66409.978    367 133553.956   403665.956   134891.835
  8  LG+R5         66283.076    369 133304.153   406364.153   134649.323
  9  LG+R6         66203.738    371 133149.475   409173.475   134501.936
 10  LG+R7         66175.503    373 133097.007   412101.007   134456.759
 11  LG+R8         66159.457    375 133068.915   415068.915   134435.957
 12  LG+R9         66128.971    377 133011.942   418023.942   134386.275
 13  LG+R10        66128.468    379 133014.936   421054.936   134396.561
 14  LG+F          71538.387    380 143836.774   433396.774   145222.044
 15  LG+F+I        70891.088    381 142544.175   433628.175   143933.090
 16  LG+F+G4       66509.832    381 133781.664   424865.664   135170.580
 17  LG+F+I+G4     66448.535    382 133661.070   426273.070   135053.630
 18  LG+F+R2       67588.346    382 135940.692   428552.692   137333.252
 19  LG+F+R3       66799.970    384 134367.940   430047.940   135767.791
 20  LG+F+R4       66479.875    386 133731.750   432495.750   135138.893
 21  LG+F+R5       66333.408    388 133442.816   435306.816   134857.250
 22  LG+F+R6       66273.106    390 133326.212   438306.212   134747.937
 23  LG+F+R7       66236.476    392 133256.952   441368.952   134685.967
 24  LG+F+R8       66219.476    394 133226.951   444486.951   134663.257
 25  LG+F+R9       66191.333    396 133174.667   447598.667   134618.264
 26  LG+F+R10      66190.734    398 133177.468   450781.468   134628.355
 27  WAG           71149.584    361 143021.168   404385.168   144337.174
 28  WAG+I         70494.400    362 141712.799   404524.799   143032.451
 29  WAG+G4        66888.990    362 134501.979   397313.979   135821.631
 30  WAG+I+G4      66830.099    363 134386.198   398650.198   135709.495
 31  WAG+R2        67914.358    363 136554.717   400818.717   137878.014
 32  WAG+R3        67070.059    365 134870.117   402050.117   136200.705
 33  WAG+R4        66841.497    367 134416.994   404528.994   135754.873
 34  WAG+R5        66695.555    369 134129.111   407189.111   135474.280
 35  WAG+R6        66653.094    371 134048.188   410072.188   135400.649
 36  WAG+R7        66611.635    373 133969.270   412973.270   135329.021
 37  WAG+R8        66589.360    375 133928.720   415928.720   135295.763
 38  WAG+R9        66584.986    377 133923.972   418935.972   135298.306
 40  WAG+F         71130.502    380 143021.005   432581.005   144406.275
 41  WAG+F+I       70478.389    381 141718.779   432802.779   143107.694
 42  WAG+F+G4      66841.662    381 134445.324   425529.324   135834.239
 43  WAG+F+I+G4    66785.326    382 134334.652   426946.652   135727.213
 44  WAG+F+R2      67815.208    382 136394.416   429006.416   137786.976
 45  WAG+F+R3      67030.176    384 134828.352   430508.352   136228.204
 46  WAG+F+R4      66794.283    386 134360.566   433124.566   135767.708
 47  WAG+F+R5      66642.147    388 134060.293   435924.293   135474.727
 48  WAG+F+R6      66605.050    390 133990.099   438970.099   135411.823
 49  WAG+F+R7      66570.047    392 133924.094   442036.094   135353.109
 50  WAG+F+R8      66535.243    394 133858.487   445118.487   135294.793
 51  WAG+F+R9      66534.435    396 133860.870   448284.870   135304.467
 53  JTT           72166.620    361 145055.241   406419.241   146371.247
 54  JTT+I         71444.147    362 143612.295   406424.295   144931.946
 55  JTT+G4        67316.883    362 135357.765   398169.765   136677.417
 56  JTT+I+G4      67241.188    363 135208.376   399472.376   136531.673
 57  JTT+R2        68481.360    363 137688.720   401952.720   139012.017
 58  JTT+R3        67546.234    365 135822.468   403002.468   137153.056
 59  JTT+R4        67282.709    367 135299.419   405411.419   136637.298
 60  JTT+R5        67134.833    369 135007.666   408067.666   136352.836
 61  JTT+R6        67072.943    371 134887.886   410911.886   136240.347
 62  JTT+R7        67037.032    373 134820.065   413824.065   136179.816
 63  JTT+R8        66997.854    375 134745.709   416745.709   136112.752
 64  JTT+R9        66995.709    377 134745.419   419757.419   136119.752
 66  JTT+F         72253.008    380 145266.017   434826.017   146651.286
 67  JTT+F+I       71522.104    381 143806.208   434890.208   145195.123
 68  JTT+F+G4      67404.011    381 135570.022   426654.022   136958.938
 69  JTT+F+I+G4    67329.952    382 135423.903   428035.903   136816.464
 70  JTT+F+R2      68519.514    382 137803.027   430415.027   139195.588
 71  JTT+F+R3      67638.023    384 136044.046   431724.046   137443.898
 72  JTT+F+R4      67374.610    386 135521.219   434285.219   136928.362
 73  JTT+F+R5      67224.626    388 135225.252   437089.252   136639.686
 74  JTT+F+R6      67162.140    390 135104.280   440084.280   136526.004
 75  JTT+F+R7      67130.339    392 135044.678   443156.678   136473.693
 76  JTT+F+R8      67122.732    394 135033.464   446293.464   136469.770
 77  JTT+F+R9      67087.125    396 134966.250   449390.250   136409.847
 78  JTT+F+R10     67084.507    398 134965.014   452569.014   136415.902
WARNING: Normalizing state frequencies so that sum of them equals to 1
 79  Q.pfam        71378.458    361 143478.917   404842.917   144794.923
WARNING: Normalizing state frequencies so that sum of them equals to 1
 80  Q.pfam+I      70734.900    362 142193.800   405005.800   143513.451
WARNING: Normalizing state frequencies so that sum of them equals to 1
 81  Q.pfam+G4     66361.239    362 133446.478   396258.478   134766.130
WARNING: Normalizing state frequencies so that sum of them equals to 1
 82  Q.pfam+I+G4   66300.087    363 133326.174   397590.174   134649.471
WARNING: Normalizing state frequencies so that sum of them equals to 1
 83  Q.pfam+R2     67469.825    363 135665.649   399929.649   136988.946
WARNING: Normalizing state frequencies so that sum of them equals to 1
 84  Q.pfam+R3     66649.569    365 134029.138   401209.138   135359.726
WARNING: Normalizing state frequencies so that sum of them equals to 1
 85  Q.pfam+R4     66340.170    367 133414.340   403526.340   134752.219
WARNING: Normalizing state frequencies so that sum of them equals to 1
 86  Q.pfam+R5     66196.526    369 133131.053   406191.053   134476.223
WARNING: Normalizing state frequencies so that sum of them equals to 1
 87  Q.pfam+R6     66138.053    371 133018.107   409042.107   134370.568
WARNING: Normalizing state frequencies so that sum of them equals to 1
 88  Q.pfam+R7     66105.393    373 132956.787   411960.787   134316.539
WARNING: Normalizing state frequencies so that sum of them equals to 1
 89  Q.pfam+R8     66089.151    375 132928.302   414928.302   134295.344
WARNING: Normalizing state frequencies so that sum of them equals to 1
 90  Q.pfam+R9     66060.459    377 132874.919   417886.919   134249.252
WARNING: Normalizing state frequencies so that sum of them equals to 1
WARNING: Log-likelihood -66076.3 of Q.pfam+R10 worse than Q.pfam+R9 -66060.5
 91  Q.pfam+R10    66076.320    379 132910.640   420950.640   134292.264
WARNING: Normalizing state frequencies so that sum of them equals to 1
 92  Q.pfam+F      71589.349    380 143938.697   433498.697   145323.967
WARNING: Normalizing state frequencies so that sum of them equals to 1
 93  Q.pfam+F+I    70966.682    381 142695.364   433779.364   144084.280
WARNING: Normalizing state frequencies so that sum of them equals to 1
 94  Q.pfam+F+G4   66502.554    381 133767.108   424851.108   135156.023
WARNING: Normalizing state frequencies so that sum of them equals to 1
 95  Q.pfam+F+I+G4 66452.980    382 133669.960   426281.960   135062.520
WARNING: Normalizing state frequencies so that sum of them equals to 1
 96  Q.pfam+F+R2   67566.382    382 135896.763   428508.763   137289.324
WARNING: Normalizing state frequencies so that sum of them equals to 1
 97  Q.pfam+F+R3   66787.409    384 134342.819   430022.819   135742.670
WARNING: Normalizing state frequencies so that sum of them equals to 1
 98  Q.pfam+F+R4   66483.532    386 133739.065   432503.065   135146.207
WARNING: Normalizing state frequencies so that sum of them equals to 1
 99  Q.pfam+F+R5   66342.195    388 133460.391   435324.391   134874.824
WARNING: Normalizing state frequencies so that sum of them equals to 1
100  Q.pfam+F+R6   66287.068    390 133354.136   438334.136   134775.860
WARNING: Normalizing state frequencies so that sum of them equals to 1
101  Q.pfam+F+R7   66246.665    392 133277.330   441389.330   134706.345
WARNING: Normalizing state frequencies so that sum of them equals to 1
102  Q.pfam+F+R8   66230.212    394 133248.424   444508.424   134684.730
WARNING: Normalizing state frequencies so that sum of them equals to 1
103  Q.pfam+F+R9   66206.275    396 133204.551   447628.551   134648.148
WARNING: Normalizing state frequencies so that sum of them equals to 1
WARNING: Log-likelihood -66207.3 of Q.pfam+F+R10 worse than Q.pfam+F+R9 -66206.3
104  Q.pfam+F+R10  66207.286    398 133210.572   450814.572   134661.460
WARNING: Normalizing state frequencies so that sum of them equals to 1
105  Q.bird        74694.214    361 150110.428   411474.428   151426.435
WARNING: Normalizing state frequencies so that sum of them equals to 1
106  Q.bird+I      73931.837    362 148587.675   411399.675   149907.326
WARNING: Normalizing state frequencies so that sum of them equals to 1
107  Q.bird+G4     68456.345    362 137636.690   400448.690   138956.341
WARNING: Normalizing state frequencies so that sum of them equals to 1
108  Q.bird+I+G4   68437.484    363 137600.968   401864.968   138924.265
WARNING: Normalizing state frequencies so that sum of them equals to 1
109  Q.bird+R2     69866.759    363 140459.517   404723.517   141782.815
WARNING: Normalizing state frequencies so that sum of them equals to 1
110  Q.bird+R3     68810.305    365 138350.611   405530.611   139681.199
WARNING: Normalizing state frequencies so that sum of them equals to 1
111  Q.bird+R4     68500.816    367 137735.632   407847.632   139073.511
WARNING: Normalizing state frequencies so that sum of them equals to 1
112  Q.bird+R5     68270.006    369 137278.012   410338.012   138623.182
WARNING: Normalizing state frequencies so that sum of them equals to 1
113  Q.bird+R6     68179.769    371 137101.539   413125.539   138454.000
WARNING: Normalizing state frequencies so that sum of them equals to 1
114  Q.bird+R7     68155.844    373 137057.688   416061.688   138417.439
WARNING: Normalizing state frequencies so that sum of them equals to 1
115  Q.bird+R8     68126.920    375 137003.840   419003.840   138370.883
WARNING: Normalizing state frequencies so that sum of them equals to 1
116  Q.bird+R9     68087.806    377 136929.611   421941.611   138303.945
WARNING: Normalizing state frequencies so that sum of them equals to 1
117  Q.bird+R10    68087.540    379 136933.080   424973.080   138314.705
WARNING: Normalizing state frequencies so that sum of them equals to 1
118  Q.bird+F      75047.130    380 150854.260   440414.260   152239.530
WARNING: Normalizing state frequencies so that sum of them equals to 1
119  Q.bird+F+I    74263.625    381 149289.250   440373.250   150678.165
WARNING: Normalizing state frequencies so that sum of them equals to 1
120  Q.bird+F+G4   68662.166    381 138086.332   429170.332   139475.247
WARNING: Normalizing state frequencies so that sum of them equals to 1
121  Q.bird+F+I+G4 68605.681    382 137975.361   430587.361   139367.922
WARNING: Normalizing state frequencies so that sum of them equals to 1
122  Q.bird+F+R2   70001.399    382 140766.798   433378.798   142159.359
WARNING: Normalizing state frequencies so that sum of them equals to 1
123  Q.bird+F+R3   69027.682    384 138823.364   434503.364   140223.215
WARNING: Normalizing state frequencies so that sum of them equals to 1
124  Q.bird+F+R4   68692.884    386 138157.769   436921.769   139564.911
WARNING: Normalizing state frequencies so that sum of them equals to 1
125  Q.bird+F+R5   68479.809    388 137735.618   439599.618   139150.051
WARNING: Normalizing state frequencies so that sum of them equals to 1
126  Q.bird+F+R6   68386.917    390 137553.835   442533.835   138975.559
WARNING: Normalizing state frequencies so that sum of them equals to 1
127  Q.bird+F+R7   68347.984    392 137479.968   445591.968   138908.984
WARNING: Normalizing state frequencies so that sum of them equals to 1
128  Q.bird+F+R8   68324.504    394 137437.008   448697.008   138873.314
WARNING: Normalizing state frequencies so that sum of them equals to 1
129  Q.bird+F+R9   68298.634    396 137389.268   451813.268   138832.865
WARNING: Normalizing state frequencies so that sum of them equals to 1
130  Q.bird+F+R10  68297.868    398 137391.737   454995.737   138842.625
WARNING: Normalizing state frequencies so that sum of them equals to 1
131  Q.mammal      73855.850    361 148433.699   409797.699   149749.706
WARNING: Normalizing state frequencies so that sum of them equals to 1
132  Q.mammal+I    73117.568    362 146959.136   409771.136   148278.788
WARNING: Normalizing state frequencies so that sum of them equals to 1
133  Q.mammal+G4   68009.748    362 136743.496   399555.496   138063.148
WARNING: Normalizing state frequencies so that sum of them equals to 1
134  Q.mammal+I+G4 67973.477    363 136672.955   400936.955   137996.252
WARNING: Normalizing state frequencies so that sum of them equals to 1
135  Q.mammal+R2   69327.600    363 139381.200   403645.200   140704.497
WARNING: Normalizing state frequencies so that sum of them equals to 1
136  Q.mammal+R3   68337.621    365 137405.242   404585.242   138735.830
WARNING: Normalizing state frequencies so that sum of them equals to 1
137  Q.mammal+R4   68026.344    367 136786.688   406898.688   138124.567
WARNING: Normalizing state frequencies so that sum of them equals to 1
138  Q.mammal+R5   67812.052    369 136362.104   409422.104   137707.274
WARNING: Normalizing state frequencies so that sum of them equals to 1
139  Q.mammal+R6   67735.399    371 136212.799   412236.799   137565.259
WARNING: Normalizing state frequencies so that sum of them equals to 1
140  Q.mammal+R7   67712.712    373 136171.425   415175.425   137531.177
WARNING: Normalizing state frequencies so that sum of them equals to 1
141  Q.mammal+R8   67690.484    375 136130.969   418130.969   137498.011
WARNING: Normalizing state frequencies so that sum of them equals to 1
142  Q.mammal+R9   67651.568    377 136057.135   421069.135   137431.469
WARNING: Normalizing state frequencies so that sum of them equals to 1
143  Q.mammal+R10  67652.211    379 136062.421   424102.421   137444.045
WARNING: Normalizing state frequencies so that sum of them equals to 1
144  Q.mammal+F    74147.852    380 149055.703   438615.703   150440.973
WARNING: Normalizing state frequencies so that sum of them equals to 1
145  Q.mammal+F+I  73401.494    381 147564.988   438648.988   148953.903
WARNING: Normalizing state frequencies so that sum of them equals to 1
146  Q.mammal+F+G4 68204.225    381 137170.449   428254.449   138559.365
WARNING: Normalizing state frequencies so that sum of them equals to 1
147  Q.mammal+F+I+G4 68147.776    382 137059.553   429671.553   138452.113
WARNING: Normalizing state frequencies so that sum of them equals to 1
148  Q.mammal+F+R2 69460.509    382 139685.018   432297.018   141077.579
WARNING: Normalizing state frequencies so that sum of them equals to 1
149  Q.mammal+F+R3 68544.445    384 137856.889   433536.889   139256.741
WARNING: Normalizing state frequencies so that sum of them equals to 1
150  Q.mammal+F+R4 68227.476    386 137226.952   435990.952   138634.095
WARNING: Normalizing state frequencies so that sum of them equals to 1
151  Q.mammal+F+R5 68030.577    388 136837.155   438701.155   138251.588
WARNING: Normalizing state frequencies so that sum of them equals to 1
152  Q.mammal+F+R6 67946.444    390 136672.887   441652.887   138094.612
WARNING: Normalizing state frequencies so that sum of them equals to 1
153  Q.mammal+F+R7 67907.485    392 136598.970   444710.970   138027.985
WARNING: Normalizing state frequencies so that sum of them equals to 1
154  Q.mammal+F+R8 67889.646    394 136567.291   447827.291   138003.597
WARNING: Normalizing state frequencies so that sum of them equals to 1
155  Q.mammal+F+R9 67863.397    396 136518.795   450942.795   137962.392
WARNING: Normalizing state frequencies so that sum of them equals to 1
156  Q.mammal+F+R10 67862.698    398 136521.397   454125.397   137972.284
157  Q.insect      72344.889    361 145411.777   406775.777   146727.784
158  Q.insect+I    71614.469    362 143952.939   406764.939   145272.590
159  Q.insect+G4   66950.904    362 134625.808   397437.808   135945.460
160  Q.insect+I+G4 66872.839    363 134471.677   398735.677   135794.974
161  Q.insect+R2   68162.770    363 137051.540   401315.540   138374.838
162  Q.insect+R3   67249.764    365 135229.528   402409.528   136560.116
163  Q.insect+R4   66929.996    367 134593.991   404705.991   135931.870
164  Q.insect+R5   66740.280    369 134218.559   407278.559   135563.729
165  Q.insect+R6   66693.752    371 134129.503   410153.503   135481.964
166  Q.insect+R7   66664.861    373 134075.722   413079.722   135435.474
167  Q.insect+R8   66653.086    375 134056.172   416056.172   135423.215
168  Q.insect+R9   66617.495    377 133988.990   419000.990   135363.324
169  Q.insect+R10  66617.916    379 133993.832   422033.832   135375.456
170  Q.insect+F    72325.557    380 145411.114   434971.114   146796.384
171  Q.insect+F+I  71584.298    381 143930.595   435014.595   145319.510
172  Q.insect+F+G4 66982.668    381 134727.337   425811.337   136116.252
173  Q.insect+F+I+G4 66906.887    382 134577.775   427189.775   135970.335
174  Q.insect+F+R2 68155.706    382 137075.413   429687.413   138467.974
175  Q.insect+F+R3 67280.017    384 135328.034   431008.034   136727.886
176  Q.insect+F+R4 66967.251    386 134706.502   433470.502   136113.644
177  Q.insect+F+R5 66789.336    388 134354.671   436218.671   135769.105
178  Q.insect+F+R6 66732.825    390 134245.650   439225.650   135667.374
179  Q.insect+F+R7 66701.101    392 134186.203   442298.203   135615.218
180  Q.insect+F+R8 66687.646    394 134163.291   445423.291   135599.597
181  Q.insect+F+R9 66653.613    396 134099.225   448523.225   135542.822
182  Q.insect+F+R10 66651.617    398 134099.234   451703.234   135550.122
WARNING: Normalizing state frequencies so that sum of them equals to 1
183  Q.plant       73246.504    361 147215.007   408579.007   148531.013
WARNING: Normalizing state frequencies so that sum of them equals to 1
184  Q.plant+I     72535.507    362 145795.015   408607.015   147114.667
WARNING: Normalizing state frequencies so that sum of them equals to 1
185  Q.plant+G4    67316.344    362 135356.688   398168.688   136676.340
WARNING: Normalizing state frequencies so that sum of them equals to 1
186  Q.plant+I+G4  67269.215    363 135264.429   399528.429   136587.726
WARNING: Normalizing state frequencies so that sum of them equals to 1
187  Q.plant+R2    68630.880    363 137987.760   402251.760   139311.057
WARNING: Normalizing state frequencies so that sum of them equals to 1
188  Q.plant+R3    67685.880    365 136101.760   403281.760   137432.348
WARNING: Normalizing state frequencies so that sum of them equals to 1
189  Q.plant+R4    67325.637    367 135385.274   405497.274   136723.153
WARNING: Normalizing state frequencies so that sum of them equals to 1
190  Q.plant+R5    67132.028    369 135002.056   408062.056   136347.226
WARNING: Normalizing state frequencies so that sum of them equals to 1
191  Q.plant+R6    67055.960    371 134853.919   410877.919   136206.380
WARNING: Normalizing state frequencies so that sum of them equals to 1
192  Q.plant+R7    67023.271    373 134792.542   413796.542   136152.294
WARNING: Normalizing state frequencies so that sum of them equals to 1
193  Q.plant+R8    66996.484    375 134742.968   416742.968   136110.010
WARNING: Normalizing state frequencies so that sum of them equals to 1
194  Q.plant+R9    66964.365    377 134682.731   419694.731   136057.064
WARNING: Normalizing state frequencies so that sum of them equals to 1
195  Q.plant+R10   66963.684    379 134685.368   422725.368   136066.992
WARNING: Normalizing state frequencies so that sum of them equals to 1
196  Q.plant+F     73260.123    380 147280.246   436840.246   148665.516
WARNING: Normalizing state frequencies so that sum of them equals to 1
197  Q.plant+F+I   72515.548    381 145793.096   436877.096   147182.011
WARNING: Normalizing state frequencies so that sum of them equals to 1
198  Q.plant+F+G4  67413.523    381 135589.046   426673.046   136977.961
WARNING: Normalizing state frequencies so that sum of them equals to 1
199  Q.plant+F+I+G4 67348.502    382 135461.003   428073.003   136853.564
WARNING: Normalizing state frequencies so that sum of them equals to 1
200  Q.plant+F+R2  68673.242    382 138110.484   430722.484   139503.045
WARNING: Normalizing state frequencies so that sum of them equals to 1
201  Q.plant+F+R3  67768.601    384 136305.203   431985.203   137705.054
WARNING: Normalizing state frequencies so that sum of them equals to 1
202  Q.plant+F+R4  67413.852    386 135599.704   434363.704   137006.847
WARNING: Normalizing state frequencies so that sum of them equals to 1
203  Q.plant+F+R5  67231.692    388 135239.383   437103.383   136653.816
WARNING: Normalizing state frequencies so that sum of them equals to 1
204  Q.plant+F+R6  67153.856    390 135087.712   440067.712   136509.436
WARNING: Normalizing state frequencies so that sum of them equals to 1
205  Q.plant+F+R7  67112.157    392 135008.314   443120.314   136437.329
WARNING: Normalizing state frequencies so that sum of them equals to 1
206  Q.plant+F+R8  67087.665    394 134963.331   446223.331   136399.637
WARNING: Normalizing state frequencies so that sum of them equals to 1
207  Q.plant+F+R9  67057.896    396 134907.792   449331.792   136351.389
WARNING: Normalizing state frequencies so that sum of them equals to 1
208  Q.plant+F+R10 67055.742    398 134907.484   452511.484   136358.372
WARNING: Normalizing state frequencies so that sum of them equals to 1
209  Q.yeast       72286.828    361 145295.656   406659.656   146611.662
WARNING: Normalizing state frequencies so that sum of them equals to 1
210  Q.yeast+I     71583.891    362 143891.782   406703.782   145211.434
WARNING: Normalizing state frequencies so that sum of them equals to 1
211  Q.yeast+G4    66954.526    362 134633.052   397445.052   135952.704
WARNING: Normalizing state frequencies so that sum of them equals to 1
212  Q.yeast+I+G4  66887.808    363 134501.615   398765.615   135824.913
WARNING: Normalizing state frequencies so that sum of them equals to 1
213  Q.yeast+R2    68150.527    363 137027.053   401291.053   138350.351
WARNING: Normalizing state frequencies so that sum of them equals to 1
214  Q.yeast+R3    67284.884    365 135299.768   402479.768   136630.356
WARNING: Normalizing state frequencies so that sum of them equals to 1
215  Q.yeast+R4    66943.756    367 134621.513   404733.513   135959.392
WARNING: Normalizing state frequencies so that sum of them equals to 1
216  Q.yeast+R5    66788.518    369 134315.036   407375.036   135660.206
WARNING: Normalizing state frequencies so that sum of them equals to 1
217  Q.yeast+R6    66722.320    371 134186.640   410210.640   135539.101
WARNING: Normalizing state frequencies so that sum of them equals to 1
218  Q.yeast+R7    66698.843    373 134143.686   413147.686   135503.438
WARNING: Normalizing state frequencies so that sum of them equals to 1
219  Q.yeast+R8    66679.301    375 134108.602   416108.602   135475.645
WARNING: Normalizing state frequencies so that sum of them equals to 1
220  Q.yeast+R9    66642.781    377 134039.562   419051.562   135413.896
WARNING: Normalizing state frequencies so that sum of them equals to 1
221  Q.yeast+R10   66643.257    379 134044.514   422084.514   135426.138
WARNING: Normalizing state frequencies so that sum of them equals to 1
222  Q.yeast+F     72045.139    380 144850.278   434410.278   146235.548
WARNING: Normalizing state frequencies so that sum of them equals to 1
223  Q.yeast+F+I   71330.998    381 143423.997   434507.997   144812.912
WARNING: Normalizing state frequencies so that sum of them equals to 1
224  Q.yeast+F+G4  66759.259    381 134280.517   425364.517   135669.432
WARNING: Normalizing state frequencies so that sum of them equals to 1
225  Q.yeast+F+I+G4 66688.205    382 134140.409   426752.409   135532.970
WARNING: Normalizing state frequencies so that sum of them equals to 1
226  Q.yeast+F+R2  67890.264    382 136544.528   429156.528   137937.089
WARNING: Normalizing state frequencies so that sum of them equals to 1
227  Q.yeast+F+R3  67073.710    384 134915.420   430595.420   136315.271
WARNING: Normalizing state frequencies so that sum of them equals to 1
228  Q.yeast+F+R4  66738.121    386 134248.242   433012.242   135655.384
WARNING: Normalizing state frequencies so that sum of them equals to 1
229  Q.yeast+F+R5  66597.804    388 133971.609   435835.609   135386.042
WARNING: Normalizing state frequencies so that sum of them equals to 1
230  Q.yeast+F+R6  66526.010    390 133832.021   438812.021   135253.745
WARNING: Normalizing state frequencies so that sum of them equals to 1
231  Q.yeast+F+R7  66492.832    392 133769.664   441881.664   135198.679
WARNING: Normalizing state frequencies so that sum of them equals to 1
232  Q.yeast+F+R8  66476.659    394 133741.317   445001.317   135177.623
WARNING: Normalizing state frequencies so that sum of them equals to 1
233  Q.yeast+F+R9  66443.202    396 133678.405   448102.405   135122.002
WARNING: Normalizing state frequencies so that sum of them equals to 1
234  Q.yeast+F+R10 66442.274    398 133680.548   451284.548   135131.436
235  JTTDCMut      72140.213    361 145002.426   406366.426   146318.433
236  JTTDCMut+I    71423.304    362 143570.609   406382.609   144890.260
237  JTTDCMut+G4   67317.266    362 135358.531   398170.531   136678.183
238  JTTDCMut+I+G4 67243.475    363 135212.950   399476.950   136536.247
239  JTTDCMut+R2   68479.196    363 137684.393   401948.393   139007.690
240  JTTDCMut+R3   67545.254    365 135820.507   403000.507   137151.095
241  JTTDCMut+R4   67283.359    367 135300.718   405412.718   136638.597
242  JTTDCMut+R5   67137.957    369 135013.914   408073.914   136359.084
243  JTTDCMut+R6   67074.921    371 134891.842   410915.842   136244.303
244  JTTDCMut+R7   67039.291    373 134824.582   413828.582   136184.334
245  JTTDCMut+R8   67000.818    375 134751.635   416751.635   136118.678
246  JTTDCMut+R9   66996.434    377 134746.867   419758.867   136121.201
248  JTTDCMut+F    72220.448    380 145200.896   434760.896   146586.166
249  JTTDCMut+F+I  71494.649    381 143751.298   434835.298   145140.213
250  JTTDCMut+F+G4 67395.448    381 135552.896   426636.896   136941.812
251  JTTDCMut+F+I+G4 67321.996    382 135407.991   428019.991   136800.552
252  JTTDCMut+F+R2 68505.284    382 137774.568   430386.568   139167.129
253  JTTDCMut+F+R3 67625.442    384 136018.885   431698.885   137418.736
254  JTTDCMut+F+R4 67368.561    386 135509.121   434273.121   136916.264
255  JTTDCMut+F+R5 67217.486    388 135210.971   437074.971   136625.405
256  JTTDCMut+F+R6 67152.756    390 135085.511   440065.511   136507.236
257  JTTDCMut+F+R7 67120.884    392 135025.768   443137.768   136454.783
258  JTTDCMut+F+R8 67083.102    394 134954.205   446214.205   136390.511
259  JTTDCMut+F+R9 67079.775    396 134951.551   449375.551   136395.148
261  DCMut         72568.052    361 145858.103   407222.103   147174.110
262  DCMut+I       71790.915    362 144305.829   407117.829   145625.481
263  DCMut+G4      67922.664    362 136569.328   399381.328   137888.980
264  DCMut+I+G4    67789.397    363 136304.794   400568.794   137628.091
265  DCMut+R2      69004.993    363 138735.986   402999.986   140059.283
266  DCMut+R3      68088.377    365 136906.755   404086.755   138237.343
267  DCMut+R4      67816.237    367 136366.474   406478.474   137704.353
268  DCMut+R5      67683.219    369 136104.437   409164.437   137449.607
269  DCMut+R6      67601.949    371 135945.899   411969.899   137298.359
270  DCMut+R7      67559.026    373 135864.052   414868.052   137223.804
271  DCMut+R8      67539.521    375 135829.042   417829.042   137196.084
272  DCMut+R9      67530.910    377 135815.821   420827.821   137190.154
WARNING: Log-likelihood -67533.2 of DCMut+R10 worse than DCMut+R9 -67530.9
273  DCMut+R10     67533.198    379 135824.395   423864.395   137206.020
274  DCMut+F       72436.215    380 145632.430   435192.430   147017.700
275  DCMut+F+I     71660.631    381 144083.261   435167.261   145472.176
276  DCMut+F+G4    67684.049    381 136130.098   427214.098   137519.013
277  DCMut+F+I+G4  67605.202    382 135974.404   428586.404   137366.965
278  DCMut+F+R2    68744.766    382 138253.533   430865.533   139646.093
279  DCMut+F+R3    67910.326    384 136588.653   432268.653   137988.504
280  DCMut+F+R4    67646.249    386 136064.497   434828.497   137471.640
281  DCMut+F+R5    67502.360    388 135780.719   437644.719   137195.153
282  DCMut+F+R6    67423.712    390 135627.424   440607.424   137049.148
283  DCMut+F+R7    67393.480    392 135570.960   443682.960   136999.975
284  DCMut+F+R8    67356.465    394 135500.930   446760.930   136937.236
285  DCMut+F+R9    67349.076    396 135490.152   449914.152   136933.749
286  DCMut+F+R10   67346.021    398 135488.041   453092.041   136938.929
287  VT            71221.074    361 143164.149   404528.149   144480.155
288  VT+I          70560.451    362 141844.902   404656.902   143164.554
289  VT+G4         66963.555    362 134651.110   397463.110   135970.761
290  VT+I+G4       66894.243    363 134514.485   398778.485   135837.783
291  VT+R2         67990.608    363 136707.215   400971.215   138030.512
292  VT+R3         67150.297    365 135030.593   402210.593   136361.181
293  VT+R4         66926.896    367 134587.793   404699.793   135925.672
294  VT+R5         66793.100    369 134324.200   407384.200   135669.370
295  VT+R6         66753.354    371 134248.707   410272.707   135601.168
296  VT+R7         66717.975    373 134181.949   413185.949   135541.701
297  VT+R8         66695.251    375 134140.501   416140.501   135507.544
298  VT+R9         66690.761    377 134135.523   419147.523   135509.856
300  VT+F          71233.880    380 143227.761   432787.761   144613.031
301  VT+F+I        70578.624    381 141919.248   433003.248   143308.163
302  VT+F+G4       66989.496    381 134740.991   425824.991   136129.907
303  VT+F+I+G4     66925.968    382 134615.937   427227.937   136008.497
304  VT+F+R2       67979.639    382 136723.279   429335.279   138115.839
305  VT+F+R3       67174.274    384 135116.547   430796.547   136516.399
306  VT+F+R4       66955.158    386 134682.316   433446.316   136089.459
307  VT+F+R5       66824.560    388 134425.120   436289.120   135839.553
308  VT+F+R6       66787.859    390 134355.718   439335.718   135777.443
309  VT+F+R7       66751.148    392 134286.296   442398.296   135715.311
310  VT+F+R8       66722.861    394 134233.722   445493.722   135670.028
311  VT+F+R9       66721.815    396 134235.630   448659.630   135679.227
313  PMB           71522.872    361 143767.744   405131.744   145083.751
314  PMB+I         70939.752    362 142603.504   405415.504   143923.156
315  PMB+G4        67406.161    362 135536.322   398348.322   136855.973
316  PMB+I+G4      67212.915    363 135151.830   399415.830   136475.127
317  PMB+R2        68232.106    363 137190.211   401454.211   138513.509
318  PMB+R3        67451.331    365 135632.662   402812.662   136963.250
319  PMB+R4        67229.194    367 135192.387   405304.387   136530.266
320  PMB+R5        67104.156    369 134946.313   408006.313   136291.483
321  PMB+R6        67064.092    371 134870.185   410894.185   136222.645
322  PMB+R7        67039.757    373 134825.513   413829.513   136185.265
323  PMB+R8        67022.542    375 134795.083   416795.083   136162.126
324  PMB+R9        67006.310    377 134766.621   419778.621   136140.954
WARNING: Log-likelihood -67011.1 of PMB+R10 worse than PMB+R9 -67006.3
325  PMB+R10       67011.128    379 134780.256   422820.256   136161.881
326  PMB+F         71541.859    380 143843.719   433403.719   145228.989
327  PMB+F+I       70944.396    381 142650.792   433734.792   144039.707
328  PMB+F+G4      67310.867    381 135383.734   426467.734   136772.650
329  PMB+F+I+G4    67247.230    382 135258.460   427870.460   136651.021
330  PMB+F+R2      68264.235    382 137292.469   429904.469   138685.030
331  PMB+F+R3      67491.798    384 135751.596   431431.596   137151.447
332  PMB+F+R4      67263.014    386 135298.028   434062.028   136705.170
333  PMB+F+R5      67139.304    388 135054.609   436918.609   136469.042
334  PMB+F+R6      67098.014    390 134976.028   439956.028   136397.752
335  PMB+F+R7      67069.570    392 134923.140   443035.140   136352.155
336  PMB+F+R8      67062.926    394 134913.851   446173.851   136350.158
337  PMB+F+R9      67034.236    396 134860.472   449284.472   136304.069
WARNING: Log-likelihood -67038.4 of PMB+F+R10 worse than PMB+F+R9 -67034.2
338  PMB+F+R10     67038.429    398 134872.858   452476.858   136323.745
339  Blosum62      71467.876    361 143657.751   405021.751   144973.758
340  Blosum62+I    70873.981    362 142471.962   405283.962   143791.614
341  Blosum62+G4   67233.330    362 135190.660   398002.660   136510.311
342  Blosum62+I+G4 67172.256    363 135070.511   399334.511   136393.808
343  Blosum62+R2   68194.258    363 137114.516   401378.516   138437.814
344  Blosum62+R3   67409.540    365 135549.079   402729.079   136879.667
345  Blosum62+R4   67187.783    367 135109.565   405221.565   136447.444
346  Blosum62+R5   67064.300    369 134866.600   407926.600   136211.770
347  Blosum62+R6   67019.603    371 134781.206   410805.206   136133.667
348  Blosum62+R7   67004.753    373 134755.507   413759.507   136115.259
349  Blosum62+R8   66976.564    375 134703.128   416703.128   136070.170
350  Blosum62+R9   66966.366    377 134686.733   419698.733   136061.066
WARNING: Log-likelihood -66972.8 of Blosum62+R10 worse than Blosum62+R9 -66966.4
351  Blosum62+R10  66972.753    379 134703.505   422743.505   136085.130
352  Blosum62+F    71450.424    380 143660.848   433220.848   145046.118
353  Blosum62+F+I  70839.016    381 142440.032   433524.032   143828.947
354  Blosum62+F+G4 67251.385    381 135264.769   426348.769   136653.685
355  Blosum62+F+I+G4 67192.512    382 135149.025   427761.025   136541.585
356  Blosum62+F+R2 68205.978    382 137175.956   429787.956   138568.517
357  Blosum62+F+R3 67435.746    384 135639.492   431319.492   137039.344
358  Blosum62+F+R4 67210.973    386 135193.946   433957.946   136601.089
359  Blosum62+F+R5 67073.822    388 134923.643   436787.643   136338.077
360  Blosum62+F+R6 67046.747    390 134873.494   439853.494   136295.218
361  Blosum62+F+R7 67013.749    392 134811.497   442923.497   136240.512
362  Blosum62+F+R8 66980.361    394 134748.722   446008.722   136185.028
363  Blosum62+F+R9 66975.789    396 134743.578   449167.578   136187.175
365  Dayhoff       72568.550    361 145859.100   407223.100   147175.107
366  Dayhoff+I     71791.140    362 144306.279   407118.279   145625.931
367  Dayhoff+G4    67920.808    362 136565.617   399377.617   137885.268
368  Dayhoff+I+G4  67786.296    363 136298.592   400562.592   137621.889
369  Dayhoff+R2    69003.398    363 138732.796   402996.796   140056.094
370  Dayhoff+R3    68086.901    365 136903.802   404083.802   138234.390
371  Dayhoff+R4    67812.978    367 136359.957   406471.957   137697.836
372  Dayhoff+R5    67679.727    369 136097.454   409157.454   137442.624
373  Dayhoff+R6    67598.634    371 135939.269   411963.269   137291.729
374  Dayhoff+R7    67555.617    373 135857.234   414861.234   137216.986
375  Dayhoff+R8    67535.889    375 135821.777   417821.777   137188.820
376  Dayhoff+R9    67527.261    377 135808.522   420820.522   137182.856
WARNING: Log-likelihood -67529.5 of Dayhoff+R10 worse than Dayhoff+R9 -67527.3
377  Dayhoff+R10   67529.547    379 135817.093   423857.093   137198.718
378  Dayhoff+F     72438.971    380 145637.943   435197.943   147023.213
379  Dayhoff+F+I   71662.883    381 144087.767   435171.767   145476.682
380  Dayhoff+F+G4  67682.676    381 136127.351   427211.351   137516.267
381  Dayhoff+F+I+G4 67603.689    382 135971.377   428583.377   137363.938
382  Dayhoff+F+R2  68744.305    382 138252.609   430864.609   139645.170
383  Dayhoff+F+R3  67909.730    384 136587.459   432267.459   137987.311
384  Dayhoff+F+R4  67645.156    386 136062.312   434826.312   137469.455
385  Dayhoff+F+R5  67500.421    388 135776.843   437640.843   137191.276
386  Dayhoff+F+R6  67421.919    390 135623.838   440603.838   137045.563
387  Dayhoff+F+R7  67391.635    392 135567.271   443679.271   136996.286
388  Dayhoff+F+R8  67354.459    394 135496.918   446756.918   136933.224
389  Dayhoff+F+R9  67346.722    396 135485.443   449909.443   136929.040
390  Dayhoff+F+R10 67345.251    398 135486.501   453090.501   136937.389
391  mtREV         78060.675    361 156843.350   418207.350   158159.356
392  mtREV+I       77539.001    362 155802.002   418614.002   157121.654
393  mtREV+G4      70948.965    362 142621.930   405433.930   143941.582
394  mtREV+I+G4    70895.458    363 142516.917   406780.917   143840.214
395  mtREV+R2      72060.859    363 144847.718   409111.718   146171.015
396  mtREV+R3      71277.927    365 143285.854   410465.854   144616.442
397  mtREV+R4      70894.519    367 142523.038   412635.038   143860.917
398  mtREV+R5      70697.638    369 142133.275   415193.275   143478.445
399  mtREV+R6      70622.811    371 141987.623   418011.623   143340.084
400  mtREV+R7      70590.069    373 141926.137   420930.137   143285.889
401  mtREV+R8      70545.053    375 141840.105   423840.105   143207.148
402  mtREV+R9      70526.327    377 141806.653   426818.653   143180.987
WARNING: Log-likelihood -70542 of mtREV+R10 worse than mtREV+R9 -70526.3
403  mtREV+R10     70541.973    379 141841.945   429881.945   143223.570
404  mtREV+F       73666.922    380 148093.844   437653.844   149479.113
405  mtREV+F+I     73033.643    381 146829.286   437913.286   148218.201
406  mtREV+F+G4    67908.036    381 136578.071   427662.071   137966.987
407  mtREV+F+I+G4  67810.583    382 136385.167   428997.167   137777.728
408  mtREV+F+R2    69048.349    382 138860.699   431472.699   140253.260
409  mtREV+F+R3    68207.027    384 137182.053   432862.053   138581.905
410  mtREV+F+R4    67884.328    386 136540.655   435304.655   137947.798
411  mtREV+F+R5    67677.873    388 136131.747   437995.747   137546.180
412  mtREV+F+R6    67607.666    390 135995.332   440975.332   137417.056
413  mtREV+F+R7    67561.084    392 135906.168   444018.168   137335.184
414  mtREV+F+R8    67541.710    394 135871.420   447131.420   137307.726
415  mtREV+F+R9    67520.825    396 135833.649   450257.649   137277.246
WARNING: Log-likelihood -67537.3 of mtREV+F+R10 worse than mtREV+F+R9 -67520.8
416  mtREV+F+R10   67537.334    398 135870.668   453474.668   137321.556
417  mtART         81604.866    361 163931.732   425295.732   165247.739
418  mtART+I       81079.889    362 162883.779   425695.779   164203.431
419  mtART+G4      71854.753    362 144433.506   407245.506   145753.157
420  mtART+I+G4    71837.368    363 144400.737   408664.737   145724.034
421  mtART+R2      73110.609    363 146947.218   411211.218   148270.516
422  mtART+R3      72407.009    365 145544.018   412724.018   146874.606
423  mtART+R4      71909.721    367 144553.442   414665.442   145891.321
424  mtART+R5      71636.704    369 144011.408   417071.408   145356.578
425  mtART+R6      71529.855    371 143801.710   419825.710   145154.171
426  mtART+R7      71490.668    373 143727.337   422731.337   145087.088
427  mtART+R8      71463.669    375 143677.337   425677.337   145044.380
428  mtART+R9      71433.769    377 143621.537   428633.537   144995.871
429  mtART+R10     71385.713    379 143529.425   431569.425   144911.049
430  mtART+F       76412.947    380 153585.895   443145.895   154971.164
431  mtART+F+I     75756.889    381 152275.779   443359.779   153664.694
432  mtART+F+G4    68656.241    381 138074.482   429158.482   139463.397
433  mtART+F+I+G4  68600.940    382 137965.879   430577.879   139358.440
434  mtART+F+R2    69941.028    382 140646.057   433258.057   142038.618
435  mtART+F+R3    69171.519    384 139111.039   434791.039   140510.890
436  mtART+F+R4    68673.762    386 138119.524   436883.524   139526.667
437  mtART+F+R5    68448.329    388 137672.659   439536.659   139087.092
438  mtART+F+R6    68346.821    390 137473.641   442453.641   138895.365
439  mtART+F+R7    68289.263    392 137362.526   445474.526   138791.542
440  mtART+F+R8    68235.945    394 137259.890   448519.890   138696.196
441  mtART+F+R9    68211.025    396 137214.049   451638.049   138657.646
WARNING: Log-likelihood -68215.2 of mtART+F+R10 worse than mtART+F+R9 -68211
442  mtART+F+R10   68215.191    398 137226.382   454830.382   138677.269
443  mtZOA         78281.415    361 157284.830   418648.830   158600.836
444  mtZOA+I       77722.787    362 156169.574   418981.574   157489.226
445  mtZOA+G4      69848.651    362 140421.303   403233.303   141740.955
446  mtZOA+I+G4    69818.195    363 140362.391   404626.391   141685.688
447  mtZOA+R2      71043.808    363 142813.616   407077.616   144136.913
448  mtZOA+R3      70330.420    365 141390.840   408570.840   142721.428
449  mtZOA+R4      69877.361    367 140488.723   410600.723   141826.602
450  mtZOA+R5      69655.380    369 140048.760   413108.760   141393.930
451  mtZOA+R6      69590.023    371 139922.046   415946.046   141274.507
452  mtZOA+R7      69544.105    373 139834.211   418838.211   141193.962
453  mtZOA+R8      69479.086    375 139708.172   421708.172   141075.214
454  mtZOA+R9      69473.183    377 139700.366   424712.366   141074.699
455  mtZOA+R10     69462.587    379 139683.174   427723.174   141064.799
456  mtZOA+F       74652.889    380 150065.777   439625.777   151451.047
457  mtZOA+F+I     73956.742    381 148675.484   439759.484   150064.399
458  mtZOA+F+G4    67927.242    381 136616.485   427700.485   138005.400
459  mtZOA+F+I+G4  67869.759    382 136503.518   429115.518   137896.079
460  mtZOA+F+R2    69176.448    382 139116.896   431728.896   140509.457
461  mtZOA+F+R3    68404.314    384 137576.628   433256.628   138976.480
462  mtZOA+F+R4    67939.212    386 136650.424   435414.424   138057.567
463  mtZOA+F+R5    67737.630    388 136251.260   438115.260   137665.693
464  mtZOA+F+R6    67609.000    390 135998.000   440978.000   137419.724
465  mtZOA+F+R7    67550.246    392 135884.492   443996.492   137313.508
466  mtZOA+F+R8    67525.040    394 135838.080   447098.080   137274.386
467  mtZOA+F+R9    67511.660    396 135815.320   450239.320   137258.917
WARNING: Log-likelihood -67519.8 of mtZOA+F+R10 worse than mtZOA+F+R9 -67511.7
468  mtZOA+F+R10   67519.765    398 135835.530   453439.530   137286.418
469  mtMet         78729.923    361 158181.847   419545.847   159497.853
470  mtMet+I       78159.063    362 157042.125   419854.125   158361.777
471  mtMet+G4      71221.452    362 143166.904   405978.904   144486.556
472  mtMet+I+G4    71179.150    363 143084.300   407348.300   144407.597
473  mtMet+R2      72369.696    363 145465.393   409729.393   146788.690
474  mtMet+R3      71623.572    365 143977.144   411157.144   145307.733
475  mtMet+R4      71205.696    367 143145.393   413257.393   144483.272
476  mtMet+R5      71024.382    369 142786.763   415846.763   144131.933
477  mtMet+R6      70942.148    371 142626.297   418650.297   143978.758
478  mtMet+R7      70895.557    373 142537.113   421541.113   143896.865
479  mtMet+R8      70858.302    375 142466.605   424466.605   143833.647
480  mtMet+R9      70850.569    377 142455.138   427467.138   143829.472
WARNING: Log-likelihood -70852 of mtMet+R10 worse than mtMet+R9 -70850.6
481  mtMet+R10     70852.041    379 142462.081   430502.081   143843.706
482  mtMet+F       74391.239    380 149542.479   439102.479   150927.749
483  mtMet+F+I     73674.811    381 148111.623   439195.623   149500.538
484  mtMet+F+G4    68135.405    381 137032.810   428116.810   138421.725
485  mtMet+F+I+G4  68069.499    382 136902.997   429514.997   138295.558
486  mtMet+F+R2    69373.181    382 139510.362   432122.362   140902.923
487  mtMet+F+R3    68560.365    384 137888.730   433568.730   139288.581
488  mtMet+F+R4    68139.947    386 137051.894   435815.894   138459.036
489  mtMet+F+R5    67962.817    388 136701.635   438565.635   138116.068
490  mtMet+F+R6    67872.474    390 136524.947   441504.947   137946.672
491  mtMet+F+R7    67814.139    392 136412.278   444524.278   137841.293
492  mtMet+F+R8    67793.932    394 136375.864   447635.864   137812.170
493  mtMet+F+R9    67772.995    396 136337.989   450761.989   137781.586
WARNING: Log-likelihood -67778.7 of mtMet+F+R10 worse than mtMet+F+R9 -67773
494  mtMet+F+R10   67778.683    398 136353.365   453957.365   137804.253
495  mtVer         79680.938    361 160083.875   421447.875   161399.882
496  mtVer+I       79057.124    362 158838.249   421650.249   160157.901
497  mtVer+G4      71443.535    362 143611.071   406423.071   144930.722
498  mtVer+I+G4    71411.303    363 143548.607   407812.607   144871.904
499  mtVer+R2      72739.366    363 146204.731   410468.731   147528.029
500  mtVer+R3      71897.983    365 144525.965   411705.965   145856.553
501  mtVer+R4      71470.781    367 143675.562   413787.562   145013.441
502  mtVer+R5      71219.691    369 143177.383   416237.383   144522.553
503  mtVer+R6      71129.293    371 143000.586   419024.586   144353.047
504  mtVer+R7      71107.136    373 142960.271   421964.271   144320.023
505  mtVer+R8      71029.806    375 142809.612   424809.612   144176.654
506  mtVer+R9      71022.372    377 142798.743   427810.743   144173.077
507  mtVer+R10     71018.961    379 142795.921   430835.921   144177.546
508  mtVer+F       75498.869    380 151757.738   441317.738   153143.008
509  mtVer+F+I     74694.425    381 150150.850   441234.850   151539.765
510  mtVer+F+G4    68883.408    381 138528.815   429612.815   139917.731
511  mtVer+F+I+G4  68807.910    382 138379.820   430991.820   139772.381
512  mtVer+F+R2    70206.097    382 141176.195   433788.195   142568.755
513  mtVer+F+R3    69334.069    384 139436.138   435116.138   140835.990
514  mtVer+F+R4    68892.839    386 138557.677   437321.677   139964.820
515  mtVer+F+R5    68702.906    388 138181.812   440045.812   139596.245
516  mtVer+F+R6    68609.117    390 137998.234   442978.234   139419.959
517  mtVer+F+R7    68532.746    392 137849.491   445961.491   139278.506
518  mtVer+F+R8    68522.524    394 137833.048   449093.048   139269.354
519  mtVer+F+R9    68500.593    396 137793.186   452217.186   139236.783
WARNING: Log-likelihood -68516.4 of mtVer+F+R10 worse than mtVer+F+R9 -68500.6
520  mtVer+F+R10   68516.402    398 137828.805   455432.805   139279.693
521  mtInv         78410.479    361 157542.957   418906.957   158858.963
522  mtInv+I       77830.907    362 156385.814   419197.814   157705.466
523  mtInv+G4      71620.481    362 143964.962   406776.962   145284.614
524  mtInv+I+G4    71562.789    363 143851.577   408115.577   145174.875
525  mtInv+R2      72697.691    363 146121.381   410385.381   147444.679
526  mtInv+R3      72014.479    365 144758.957   411938.957   146089.545
527  mtInv+R4      71576.936    367 143887.871   413999.871   145225.750
528  mtInv+R5      71421.807    369 143581.614   416641.614   144926.784
529  mtInv+R6      71360.921    371 143463.842   419487.842   144816.303
530  mtInv+R7      71316.733    373 143379.466   422383.466   144739.218
531  mtInv+R8      71300.974    375 143351.948   425351.948   144718.991
532  mtInv+R9      71284.110    377 143322.220   428334.220   144696.553
WARNING: Log-likelihood -71288.7 of mtInv+R10 worse than mtInv+R9 -71284.1
533  mtInv+R10     71288.733    379 143335.466   431375.466   144717.090
534  mtInv+F       73338.880    380 147437.761   436997.761   148823.031
535  mtInv+F+I     72602.764    381 145967.529   437051.529   147356.444
536  mtInv+F+G4    67612.516    381 135987.033   427071.033   137375.948
537  mtInv+F+I+G4  67546.776    382 135857.553   428469.553   137250.113
538  mtInv+F+R2    68825.374    382 138414.747   431026.747   139807.308
539  mtInv+F+R3    68018.306    384 136804.612   432484.612   138204.463
540  mtInv+F+R4    67617.188    386 136006.377   434770.377   137413.519
541  mtInv+F+R5    67448.266    388 135672.531   437536.531   137086.965
542  mtInv+F+R6    67371.664    390 135523.328   440503.328   136945.052
543  mtInv+F+R7    67325.419    392 135434.838   443546.838   136863.853
544  mtInv+F+R8    67307.417    394 135402.834   446662.834   136839.140
545  mtInv+F+R9    67280.577    396 135353.155   449777.155   136796.752
546  mtInv+F+R10   67279.655    398 135355.309   452959.309   136806.197
547  mtMAM         82113.469    361 164948.938   426312.938   166264.944
548  mtMAM+I       81577.073    362 163878.145   426690.145   165197.797
549  mtMAM+G4      72131.989    362 144987.979   407799.979   146307.630
550  mtMAM+I+G4    72120.720    363 144967.440   409231.440   146290.737
551  mtMAM+R2      73543.768    363 147813.536   412077.536   149136.833
552  mtMAM+R3      72765.733    365 146261.467   413441.467   147592.055
553  mtMAM+R4      72203.105    367 145140.210   415252.210   146478.089
554  mtMAM+R5      71846.831    369 144431.661   417491.661   145776.831
555  mtMAM+R6      71721.769    371 144185.538   420209.538   145537.999
556  mtMAM+R7      71676.930    373 144099.860   423103.860   145459.612
557  mtMAM+R8      71674.463    375 144098.926   426098.926   145465.969
560  mtMAM+F       76895.196    380 154550.392   444110.392   155935.662
561  mtMAM+F+I     76238.317    381 153238.635   444322.635   154627.550
562  mtMAM+F+G4    69217.692    381 139197.383   430281.383   140586.298
563  mtMAM+F+I+G4  69155.477    382 139074.954   431686.954   140467.515
564  mtMAM+F+R2    70565.933    382 141895.866   434507.866   143288.427
565  mtMAM+F+R3    69669.982    384 140107.965   435787.965   141507.816
566  mtMAM+F+R4    69229.830    386 139231.660   437995.660   140638.802
567  mtMAM+F+R5    68998.884    388 138773.769   440637.769   140188.202
568  mtMAM+F+R6    68880.371    390 138540.743   443520.743   139962.467
569  mtMAM+F+R7    68822.569    392 138429.138   446541.138   139858.153
570  mtMAM+F+R8    68797.041    394 138382.081   449642.081   139818.387
571  mtMAM+F+R9    68780.392    396 138352.784   452776.784   139796.380
572  mtMAM+F+R10   68774.692    398 138345.384   455949.384   139796.272
WARNING: Normalizing state frequencies so that sum of them equals to 1
573  FLAVI         77162.659    361 155047.318   416411.318   156363.324
WARNING: Normalizing state frequencies so that sum of them equals to 1
574  FLAVI+I       76451.133    362 153626.266   416438.266   154945.918
WARNING: Normalizing state frequencies so that sum of them equals to 1
575  FLAVI+G4      70182.531    362 141089.063   403901.063   142408.715
WARNING: Normalizing state frequencies so that sum of them equals to 1
576  FLAVI+I+G4    70112.207    363 140950.414   405214.414   142273.711
WARNING: Normalizing state frequencies so that sum of them equals to 1
577  FLAVI+R2      71486.488    363 143698.976   407962.976   145022.273
WARNING: Normalizing state frequencies so that sum of them equals to 1
578  FLAVI+R3      70578.458    365 141886.916   409066.916   143217.505
WARNING: Normalizing state frequencies so that sum of them equals to 1
579  FLAVI+R4      70188.992    367 141111.985   411223.985   142449.864
WARNING: Normalizing state frequencies so that sum of them equals to 1
580  FLAVI+R5      69953.304    369 140644.609   413704.609   141989.779
WARNING: Normalizing state frequencies so that sum of them equals to 1
581  FLAVI+R6      69830.359    371 140402.719   416426.719   141755.179
WARNING: Normalizing state frequencies so that sum of them equals to 1
582  FLAVI+R7      69784.559    373 140315.118   419319.118   141674.870
WARNING: Normalizing state frequencies so that sum of them equals to 1
583  FLAVI+R8      69748.862    375 140247.724   422247.724   141614.767
WARNING: Normalizing state frequencies so that sum of them equals to 1
584  FLAVI+R9      69734.289    377 140222.577   425234.577   141596.911
WARNING: Normalizing state frequencies so that sum of them equals to 1
WARNING: Log-likelihood -69740.5 of FLAVI+R10 worse than FLAVI+R9 -69734.3
585  FLAVI+R10     69740.544    379 140239.088   428279.088   141620.712
WARNING: Normalizing state frequencies so that sum of them equals to 1
586  FLAVI+F       76474.976    380 153709.951   443269.951   155095.221
WARNING: Normalizing state frequencies so that sum of them equals to 1
587  FLAVI+F+I     75658.900    381 152079.800   443163.800   153468.715
WARNING: Normalizing state frequencies so that sum of them equals to 1
588  FLAVI+F+G4    69893.562    381 140549.125   431633.125   141938.040
WARNING: Normalizing state frequencies so that sum of them equals to 1
589  FLAVI+F+I+G4  69804.053    382 140372.106   432984.106   141764.667
WARNING: Normalizing state frequencies so that sum of them equals to 1
590  FLAVI+F+R2    71231.496    382 143226.992   435838.992   144619.553
WARNING: Normalizing state frequencies so that sum of them equals to 1
591  FLAVI+F+R3    70337.267    384 141442.535   437122.535   142842.386
WARNING: Normalizing state frequencies so that sum of them equals to 1
592  FLAVI+F+R4    69863.345    386 140498.690   439262.690   141905.832
WARNING: Normalizing state frequencies so that sum of them equals to 1
593  FLAVI+F+R5    69665.750    388 140107.500   441971.500   141521.934
WARNING: Normalizing state frequencies so that sum of them equals to 1
594  FLAVI+F+R6    69568.312    390 139916.624   444896.624   141338.349
WARNING: Normalizing state frequencies so that sum of them equals to 1
595  FLAVI+F+R7    69513.597    392 139811.194   447923.194   141240.209
WARNING: Normalizing state frequencies so that sum of them equals to 1
596  FLAVI+F+R8    69487.980    394 139763.959   451023.959   141200.265
WARNING: Normalizing state frequencies so that sum of them equals to 1
597  FLAVI+F+R9    69464.181    396 139720.362   454144.362   141163.959
WARNING: Normalizing state frequencies so that sum of them equals to 1
WARNING: Log-likelihood -69484.6 of FLAVI+F+R10 worse than FLAVI+F+R9 -69464.2
598  FLAVI+F+R10   69484.582    398 139765.163   457369.163   141216.051
599  HIVb          74396.539    361 149515.077   410879.077   150831.084
600  HIVb+I        73553.765    362 147831.530   410643.530   149151.182
601  HIVb+G4       68730.754    362 138185.507   400997.507   139505.159
602  HIVb+I+G4     68643.222    363 138012.444   402276.444   139335.741
603  HIVb+R2       70076.718    363 140879.437   405143.437   142202.734
604  HIVb+R3       69059.030    365 138848.060   406028.060   140178.648
605  HIVb+R4       68692.744    367 138119.488   408231.488   139457.367
606  HIVb+R5       68505.135    369 137748.271   410808.271   139093.441
607  HIVb+R6       68433.431    371 137608.861   413632.861   138961.322
608  HIVb+R7       68391.080    373 137528.160   416532.160   138887.911
609  HIVb+R8       68346.862    375 137443.725   419443.725   138810.768
610  HIVb+R9       68345.584    377 137445.167   422457.167   138819.501
612  HIVb+F        74373.234    380 149506.467   439066.467   150891.737
613  HIVb+F+I      73545.301    381 147852.603   438936.603   149241.518
614  HIVb+F+G4     68713.151    381 138188.303   429272.303   139577.218
615  HIVb+F+I+G4   68611.421    382 137986.841   430598.841   139379.402
616  HIVb+F+R2     70007.486    382 140778.972   433390.972   142171.533
617  HIVb+F+R3     69053.835    384 138875.670   434555.670   140275.522
618  HIVb+F+R4     68674.486    386 138120.972   436884.972   139528.115
619  HIVb+F+R5     68466.322    388 137708.643   439572.643   139123.077
620  HIVb+F+R6     68398.698    390 137577.397   442557.397   138999.121
621  HIVb+F+R7     68359.911    392 137503.823   445615.823   138932.838
