IQ-TREE multicore version 2.2.0.3 COVID-edition for Linux 64-bit built Aug  2 2022
Developed by Bui Quang Minh, James Barbetti, Nguyen Lam Tung,
Olga Chernomor, Heiko Schmidt, Dominik Schrempf, Michael Woodhams, Ly Trong Nhan.

Host:    baross.its.carleton.edu (AVX2, FMA3, 755 GB RAM)
Command: iqtree -s gene_alignments/trimv2_COG4619.afa -m MFP -bb 1000 -wbtl -ntmax 10 -nt AUTO -T 10 --prefix iqtree_gene_trees/COG4619 -madd C10,C20,C30,C40,C50,C60,EX2,EX3,EHO,UL2,UL3,EX_EHO,LG4M,LG4X,CF4,LG+C10,LG+C20,LG+C30,LG+C40,LG+C50,LG+C60 -mrate E,I,G,I+G,R
Seed:    99799 (Using SPRNG - Scalable Parallel Random Number Generator)
Time:    Fri Apr  7 09:54:32 2023
Kernel:  AVX+FMA - 10 threads (96 CPU cores detected)

Reading alignment file gene_alignments/trimv2_COG4619.afa ... Fasta format detected
Reading fasta file: done in 0.000621091 secs using 87.1% CPU
Alignment most likely contains protein sequences
Constructing alignment: done in 0.00121984 secs using 939.8% CPU
Alignment has 58 sequences with 226 columns, 223 distinct patterns
214 parsimony-informative, 2 singleton sites, 10 constant sites
                                                                  Gap/Ambiguity  Composition  p-value
Analyzing sequences: done in 4.548e-05 secs using 842.1% CPU
   1  GCF.002607855.1.Bacteria.Firmicutes.B_NZ_AWQQ01000020.1_21          4.42%    passed     90.07%
   2  GCF.002109495.1.Bacteria.Proteobacteria_NZ_LVJN01000019.1_459       7.96%    passed     57.80%
   3  GCF.000315795.1.Bacteria.Proteobacteria_NZ_ANHY01000007.1_233      11.95%    failed      0.57%
   4  GCF.900104115.1.Bacteria.Firmicutes.A_NZ_FNJM01000009.1_65          3.98%    failed      0.00%
   5  GCF.000266945.1.Bacteria.Desulfobacterota_NC_018025.1_2469          5.75%    passed     73.64%
   6  GCA.002085445.1.Bacteria.Proteobacteria_NBMI01000325.1_9            2.21%    passed     76.65%
   7  GCF.000024725.1.Bacteria.Proteobacteria_NC_013960.1_1709           10.18%    passed     85.25%
   8  GCA.000987045.1.Bacteria.Firmicutes.B_LAKY01000004.1_41             2.21%    passed     69.05%
   9  GCA.001872725.1.Bacteria.Proteobacteria_MNWR01000022.1_24          13.72%    passed     28.07%
  10  GCA.002731275.1.Bacteria.Myxococcota_PCBK01000179.1_21              3.98%    failed      0.38%
  11  GCF.900129635.1.Bacteria.Planctomycetota_NZ_FSRB01000001.1_4757     0.88%    passed     26.01%
  12  GCF.002902625.1.Bacteria.Firmicutes_NZ_PPRG01000012.1_9             4.42%    failed      0.12%
  13  GCF.000526155.1.Bacteria.Desulfobacterota_NZ_JAFN01000001.1_3257    4.42%    failed      0.00%
  14  GCA.002748355.1.Bacteria.Planctomycetota_PDSF01000038.1_46          6.19%    passed     20.51%
  15  GCA.002840095.1.Bacteria.Proteobacteria_PGZL01000008.1_223         12.39%    failed      3.97%
  16  GCA.001798605.1.Bacteria.Myxococcota_MGST01000291.1_31             10.62%    passed      7.30%
  17  GCA.001783275.1.Bacteria.Margulisbacteria_MFRH01000040.1_7          5.75%    failed      0.00%
  18  GCF.000284615.1.Bacteria.Proteobacteria_NC_017067.1_3355           12.83%    passed     23.66%
  19  GCF.002798435.1.Bacteria.Proteobacteria_WP_206419917.1             12.83%    failed      0.62%
  20  GCF.000021985.1.Bacteria.Proteobacteria_NC_011901.1_3120           11.50%    passed     33.57%
  21  GCA.001447805.1.Bacteria.Proteobacteria_CP013099.1_3088            11.06%    passed     25.74%
  22  GCA.002327765.1.Bacteria.Desulfobacterota.E_DCUH01000133.1_120      4.87%    passed     58.88%
  23  GCA.002724675.1.Bacteria.Myxococcota.A_PBPL01000003.1_7             6.64%    failed      2.14%
  24  GCF.001641825.1.Bacteria.Proteobacteria_NZ_LRFH01000014.1_50       11.95%    failed      1.26%
  25  GCA.003245715.1.Bacteria.Planctomycetota_QKCJ01000011.1_38          3.10%    passed     21.86%
  26  Fischerella.muscicola.CCMEE5323_WP_102205313.1                      4.87%    passed     24.98%
  27  GCA.002329525.1.Bacteria.Firmicutes.C_DCTI01000256.1_3              3.54%    passed     96.54%
  28  GCF.000430605.1.Bacteria.Firmicutes.C_WP_027938630.1                3.10%    passed     20.44%
  29  GCA.001045525.1.Bacteria.Fibrobacterota_LDWW01000015.1_45           3.10%    failed      3.78%
  30  GCF.000970205.1.Archaea.Halobacteriota_NZ_CP009512.1_2775           4.42%    failed      0.00%
  31  GCF.001553315.1.Bacteria.Firmicutes.C_WP_060923971.1                3.54%    failed      0.00%
  32  GCF.001611275.1.Bacteria.Desulfobacterota_NZ_CP015080.1_1579        3.54%    passed     15.22%
  33  GCF.900112605.1.Bacteria.Proteobacteria_NZ_FOMJ01000011.1_33       11.50%    failed      0.28%
  34  GCF.000018105.1.Bacteria.Cyanobacteria_NC_009926.1_132              3.98%    failed      0.53%
  35  GCA.002325765.1.Bacteria.Proteobacteria_DCST01000028.1_15          19.91%    failed      0.00%
  36  GCA.003247575.1.Bacteria.Myxococcota.A_QJZC01000001.1_42           10.18%    failed      3.57%
  37  GCA.002127415.1.Bacteria.AABM5.125.24_MWJR01000255.1_3              3.54%    passed     39.15%
  38  GCA.002632265.1.Bacteria.Proteobacteria_NQOV01000001.1_43           9.73%    failed      0.00%
  39  GCA.002347365.1.Bacteria.Actinobacteriota_DDWT01000026.1_23         3.10%    failed      0.04%
  40  GCA.001787855.1.Bacteria.Riflebacteria_MFYY01000189.1_16           11.50%    passed     99.24%
  41  GCF.000440555.1.Bacteria.Firmicutes_NZ_ALLG01000027.1_34            6.19%    failed      4.03%
  42  GCF.001950325.1.Bacteria.Firmicutes.B_NZ_BDJL01000141.1_64          7.52%    failed      0.00%
  43  GCA.002342225.1.Bacteria.Bdellovibrionota_DDPO01000099.1_9          4.87%    failed      0.74%
  44  GCF.000503775.1.Bacteria.Firmicutes_NZ_KI629787.1_340               3.54%    passed     17.01%
  45  GCF.000353285.1.Bacteria.Cyanobacteria_NZ_KB731325.1_190            6.64%    passed     43.65%
  46  GCA.002786175.1.Bacteria.Chlamydiota_PEQL01000011.1_48              8.41%    failed      0.00%
  47  GCF.006980715.1.Bacteria.Proteobacteria_NZ_SBHN01000012.1_147      13.27%    failed      4.71%
  48  GCF.000374645.1.Bacteria.Proteobacteria_NZ_KB894827.1_16           11.95%    failed      0.18%
  49  GCA.002352565.1.Bacteria.Proteobacteria_DEIQ01000036.1_8           12.39%    failed      1.66%
  50  GCA.000961655.1.Bacteria.Desulfobacterota_LADR01000008.1_233       10.62%    passed     59.63%
  51  GCF.001399755.1.Bacteria.Proteobacteria_NZ_LJCP01000014.1_150       6.19%    failed      0.01%
  52  GCF.002020875.1.Bacteria.Proteobacteria_WP_078484131.1             12.39%    passed     34.10%
  53  GCA.002255365.1.Bacteria.Proteobacteria_NCBI01000035.1_21          11.06%    passed      5.46%
  54  GCA.003229375.1.Bacteria.Nitrospinota_QIDP01000055.1_4              3.54%    passed     23.51%
  55  GCA.002721365.1.Bacteria.Proteobacteria_PBKC01000020.1_13          11.50%    failed      4.32%
  56  GCA.001512665.1.Bacteria.Firmicutes.B_LFSF01000038.1_132            3.54%    failed      0.01%
  57  GCA.002699025.1.Bacteria.Myxococcota_PABA01000232.1_84              6.64%    failed      0.03%
  58  GCF.001950325.1.Bacteria.Firmicutes.B_NZ_BDJL01000035.1_100         3.98%    failed      0.00%
****  TOTAL                                                               7.41%  31 sequences failed composition chi2 test (p-value<5%; df=19)
Checking for duplicate sequences: done in 0.000557349 secs using 988.6% CPU


Create initial parsimony tree by phylogenetic likelihood library (PLL)... 0.015 seconds
Perform fast likelihood tree search using LG+I+G model...
Estimate model parameters (epsilon = 5.000)
Perform nearest neighbor interchange...
Optimizing NNI: done in 0.687137 secs using 995.8% CPU
Estimate model parameters (epsilon = 1.000)
1. Initial log-likelihood: -22653.984
2. Current log-likelihood: -22651.147
Optimal log-likelihood: -22649.814
Proportion of invariable sites: 0.044
Gamma shape alpha: 1.244
Parameters optimization took 2 rounds (0.118 sec)
Time for fast ML tree search: 1.043 seconds

NOTE: ModelFinder requires 22 MB RAM!
ModelFinder will test up to 749 protein models (sample size: 226) ...
 No. Model         -LnL         df  AIC          AICc         BIC
  1  LG            23796.880    113 47819.760    48049.796    48206.281
  2  LG+I          23464.966    114 47157.931    47394.148    47547.872
  3  LG+G4         22705.184    114 45638.369    45874.585    46028.310
  4  LG+I+G4       22649.293    115 45528.587    45771.132    45921.948
  5  LG+R2         22935.128    115 46100.255    46342.800    46493.617
  6  LG+R3         22700.158    117 45634.316    45889.983    46034.519
  7  LG+R4         22667.221    119 45572.442    45841.876    45979.485
  8  LG+R5         22631.991    121 45505.982    45789.867    45919.867
  9  LG+R6         22622.132    123 45490.264    45789.323    45910.990
 10  LG+R7         22622.071    125 45494.141    45809.141    45921.708
 14  LG+F          23594.753    132 47453.505    47831.054    47905.016
 15  LG+F+I        23244.183    133 46754.365    47141.800    47209.296
 16  LG+F+G4       22555.755    133 45377.510    45764.945    45832.441
 17  LG+F+I+G4     22498.190    134 45264.379    45661.962    45722.731
 18  LG+F+R2       22778.839    134 45825.678    46223.261    46284.030
 19  LG+F+R3       22569.101    136 45410.203    45828.900    45875.396
 20  LG+F+R4       22521.535    138 45319.071    45760.036    45791.104
 21  LG+F+R5       22482.133    140 45244.265    45708.736    45723.140
 22  LG+F+R6       22472.747    142 45229.494    45718.795    45715.210
WARNING: Log-likelihood -22488.3 of LG+F+R7 worse than LG+F+R6 -22472.7
 23  LG+F+R7       22488.304    144 45264.609    45780.164    45757.166
 27  WAG           23701.555    113 47629.110    47859.146    48015.631
 28  WAG+I         23390.208    114 47008.416    47244.632    47398.357
 29  WAG+G4        22825.601    114 45879.201    46115.417    46269.142
 30  WAG+I+G4      22772.127    115 45774.254    46016.799    46167.616
 31  WAG+R2        22982.034    115 46194.068    46436.613    46587.429
 32  WAG+R3        22794.687    117 45823.373    46079.040    46223.576
 33  WAG+R4        22773.400    119 45784.800    46054.234    46191.844
 34  WAG+R5        22740.133    121 45722.266    46006.151    46136.151
 35  WAG+R6        22736.130    123 45718.260    46017.318    46138.985
 40  WAG+F         23534.537    132 47333.073    47710.622    47784.584
 41  WAG+F+I       23203.828    133 46673.657    47061.092    47128.588
 42  WAG+F+G4      22664.466    133 45594.932    45982.367    46049.863
 43  WAG+F+I+G4    22607.548    134 45483.095    45880.678    45941.447
 44  WAG+F+R2      22823.490    134 45914.981    46312.563    46373.333
 45  WAG+F+R3      22643.180    136 45558.361    45977.058    46023.554
 46  WAG+F+R4      22616.545    138 45509.089    45950.055    45981.123
 47  WAG+F+R5      22581.145    140 45442.289    45906.760    45921.164
 48  WAG+F+R6      22575.915    142 45435.830    45925.131    45921.546
 53  JTT           24014.529    113 48255.059    48485.094    48641.579
 54  JTT+I         23681.255    114 47590.510    47826.726    47980.451
 55  JTT+G4        22970.708    114 46169.417    46405.633    46559.358
 56  JTT+I+G4      22927.946    115 46085.891    46328.437    46479.253
 57  JTT+R2        23185.003    115 46600.005    46842.551    46993.367
 58  JTT+R3        22969.343    117 46172.687    46428.353    46572.889
 59  JTT+R4        22932.929    119 46103.859    46373.293    46510.903
 60  JTT+R5        22908.298    121 46058.595    46342.480    46472.480
 61  JTT+R6        22898.346    123 46042.692    46341.751    46463.418
 62  JTT+R7        22898.645    125 46047.291    46362.291    46474.858
 66  JTT+F         23884.828    132 48033.656    48411.204    48485.166
 67  JTT+F+I       23532.042    133 47330.083    47717.518    47785.014
 68  JTT+F+G4      22858.275    133 45982.550    46369.985    46437.481
 69  JTT+F+I+G4    22810.399    134 45888.798    46286.381    46347.150
 70  JTT+F+R2      23066.845    134 46401.691    46799.273    46860.043
 71  JTT+F+R3      22868.571    136 46009.142    46427.838    46474.334
 72  JTT+F+R4      22822.619    138 45921.239    46362.204    46393.272
 73  JTT+F+R5      22794.972    140 45869.944    46334.415    46348.819
 74  JTT+F+R6      22781.170    142 45846.340    46335.641    46332.056
WARNING: Log-likelihood -22791.6 of JTT+F+R7 worse than JTT+F+R6 -22781.2
 75  JTT+F+R7      22791.645    144 45871.290    46386.845    46363.847
WARNING: Normalizing state frequencies so that sum of them equals to 1
 79  Q.pfam        23680.446    113 47586.892    47816.928    47973.413
WARNING: Normalizing state frequencies so that sum of them equals to 1
 80  Q.pfam+I      23350.815    114 46929.631    47165.847    47319.572
WARNING: Normalizing state frequencies so that sum of them equals to 1
 81  Q.pfam+G4     22638.616    114 45505.232    45741.448    45895.173
WARNING: Normalizing state frequencies so that sum of them equals to 1
 82  Q.pfam+I+G4   22583.502    115 45397.003    45639.549    45790.365
WARNING: Normalizing state frequencies so that sum of them equals to 1
 83  Q.pfam+R2     22848.483    115 45926.966    46169.511    46320.327
WARNING: Normalizing state frequencies so that sum of them equals to 1
 84  Q.pfam+R3     22634.194    117 45502.389    45758.055    45902.591
WARNING: Normalizing state frequencies so that sum of them equals to 1
 85  Q.pfam+R4     22603.034    119 45444.068    45713.502    45851.112
WARNING: Normalizing state frequencies so that sum of them equals to 1
 86  Q.pfam+R5     22565.360    121 45372.720    45656.604    45786.605
WARNING: Normalizing state frequencies so that sum of them equals to 1
 87  Q.pfam+R6     22555.841    123 45357.682    45656.741    45778.408
WARNING: Normalizing state frequencies so that sum of them equals to 1
 88  Q.pfam+R7     22555.830    125 45361.659    45676.659    45789.226
WARNING: Normalizing state frequencies so that sum of them equals to 1
 92  Q.pfam+F      23555.767    132 47375.535    47753.083    47827.045
WARNING: Normalizing state frequencies so that sum of them equals to 1
 93  Q.pfam+F+I    23214.898    133 46695.796    47083.231    47150.727
WARNING: Normalizing state frequencies so that sum of them equals to 1
 94  Q.pfam+F+G4   22551.082    133 45368.164    45755.598    45823.095
WARNING: Normalizing state frequencies so that sum of them equals to 1
 95  Q.pfam+F+I+G4 22492.137    134 45252.274    45649.857    45710.626
WARNING: Normalizing state frequencies so that sum of them equals to 1
 96  Q.pfam+F+R2   22751.401    134 45770.802    46168.385    46229.154
WARNING: Normalizing state frequencies so that sum of them equals to 1
 97  Q.pfam+F+R3   22552.615    136 45377.231    45795.927    45842.423
WARNING: Normalizing state frequencies so that sum of them equals to 1
 98  Q.pfam+F+R4   22515.288    138 45306.576    45747.541    45778.609
WARNING: Normalizing state frequencies so that sum of them equals to 1
 99  Q.pfam+F+R5   22475.391    140 45230.782    45695.252    45709.657
WARNING: Normalizing state frequencies so that sum of them equals to 1
100  Q.pfam+F+R6   22466.517    142 45217.034    45706.335    45702.750
WARNING: Normalizing state frequencies so that sum of them equals to 1
WARNING: Log-likelihood -22475.4 of Q.pfam+F+R7 worse than Q.pfam+F+R6 -22466.5
101  Q.pfam+F+R7   22475.354    144 45238.708    45754.264    45731.265
WARNING: Normalizing state frequencies so that sum of them equals to 1
105  Q.bird        24657.051    113 49540.102    49770.138    49926.623
WARNING: Normalizing state frequencies so that sum of them equals to 1
106  Q.bird+I      24283.406    114 48794.813    49031.029    49184.754
WARNING: Normalizing state frequencies so that sum of them equals to 1
107  Q.bird+G4     23300.697    114 46829.393    47065.609    47219.334
WARNING: Normalizing state frequencies so that sum of them equals to 1
108  Q.bird+I+G4   23264.355    115 46758.710    47001.256    47152.072
WARNING: Normalizing state frequencies so that sum of them equals to 1
109  Q.bird+R2     23601.071    115 47432.142    47674.688    47825.504
WARNING: Normalizing state frequencies so that sum of them equals to 1
110  Q.bird+R3     23351.383    117 46936.765    47192.432    47336.968
WARNING: Normalizing state frequencies so that sum of them equals to 1
111  Q.bird+R4     23284.526    119 46807.052    47076.486    47214.096
WARNING: Normalizing state frequencies so that sum of them equals to 1
112  Q.bird+R5     23250.990    121 46743.980    47027.865    47157.865
WARNING: Normalizing state frequencies so that sum of them equals to 1
113  Q.bird+R6     23240.078    123 46726.156    47025.215    47146.882
WARNING: Normalizing state frequencies so that sum of them equals to 1
WARNING: Log-likelihood -23243.2 of Q.bird+R7 worse than Q.bird+R6 -23240.1
114  Q.bird+R7     23243.200    125 46736.401    47051.401    47163.968
WARNING: Normalizing state frequencies so that sum of them equals to 1
118  Q.bird+F      24568.065    132 49400.130    49777.678    49851.640
WARNING: Normalizing state frequencies so that sum of them equals to 1
119  Q.bird+F+I    24166.447    133 48598.893    48986.328    49053.824
WARNING: Normalizing state frequencies so that sum of them equals to 1
120  Q.bird+F+G4   23201.901    133 46669.802    47057.237    47124.733
WARNING: Normalizing state frequencies so that sum of them equals to 1
121  Q.bird+F+I+G4 23161.697    134 46591.393    46988.975    47049.745
WARNING: Normalizing state frequencies so that sum of them equals to 1
122  Q.bird+F+R2   23491.492    134 47250.985    47648.567    47709.337
WARNING: Normalizing state frequencies so that sum of them equals to 1
123  Q.bird+F+R3   23248.500    136 46769.000    47187.697    47234.193
WARNING: Normalizing state frequencies so that sum of them equals to 1
124  Q.bird+F+R4   23185.857    138 46647.713    47088.679    47119.747
WARNING: Normalizing state frequencies so that sum of them equals to 1
125  Q.bird+F+R5   23147.081    140 46574.162    47038.633    47053.037
WARNING: Normalizing state frequencies so that sum of them equals to 1
126  Q.bird+F+R6   23135.518    142 46555.036    47044.337    47040.752
WARNING: Normalizing state frequencies so that sum of them equals to 1
WARNING: Log-likelihood -23137.8 of Q.bird+F+R7 worse than Q.bird+F+R6 -23135.5
127  Q.bird+F+R7   23137.792    144 46563.585    47079.140    47056.142
WARNING: Normalizing state frequencies so that sum of them equals to 1
131  Q.mammal      24434.118    113 49094.235    49324.271    49480.756
WARNING: Normalizing state frequencies so that sum of them equals to 1
132  Q.mammal+I    24076.798    114 48381.597    48617.813    48771.538
WARNING: Normalizing state frequencies so that sum of them equals to 1
133  Q.mammal+G4   23179.417    114 46586.834    46823.050    46976.775
WARNING: Normalizing state frequencies so that sum of them equals to 1
134  Q.mammal+I+G4 23141.720    115 46513.440    46755.986    46906.802
WARNING: Normalizing state frequencies so that sum of them equals to 1
135  Q.mammal+R2   23459.763    115 47149.525    47392.070    47542.887
WARNING: Normalizing state frequencies so that sum of them equals to 1
136  Q.mammal+R3   23218.608    117 46671.215    46926.882    47071.418
WARNING: Normalizing state frequencies so that sum of them equals to 1
137  Q.mammal+R4   23160.252    119 46558.503    46827.937    46965.547
WARNING: Normalizing state frequencies so that sum of them equals to 1
138  Q.mammal+R5   23129.145    121 46500.291    46784.175    46914.175
WARNING: Normalizing state frequencies so that sum of them equals to 1
139  Q.mammal+R6   23120.205    123 46486.410    46785.468    46907.135
WARNING: Normalizing state frequencies so that sum of them equals to 1
WARNING: Log-likelihood -23122.9 of Q.mammal+R7 worse than Q.mammal+R6 -23120.2
140  Q.mammal+R7   23122.874    125 46495.747    46810.747    46923.314
WARNING: Normalizing state frequencies so that sum of them equals to 1
144  Q.mammal+F    24329.209    132 48922.419    49299.967    49373.929
WARNING: Normalizing state frequencies so that sum of them equals to 1
145  Q.mammal+F+I  23948.267    133 48162.535    48549.970    48617.466
WARNING: Normalizing state frequencies so that sum of them equals to 1
146  Q.mammal+F+G4 23073.327    133 46412.653    46800.088    46867.585
WARNING: Normalizing state frequencies so that sum of them equals to 1
147  Q.mammal+F+I+G4 23031.108    134 46330.215    46727.797    46788.567
WARNING: Normalizing state frequencies so that sum of them equals to 1
148  Q.mammal+F+R2 23344.044    134 46956.089    47353.671    47414.440
WARNING: Normalizing state frequencies so that sum of them equals to 1
149  Q.mammal+F+R3 23108.051    136 46488.102    46906.799    46953.295
WARNING: Normalizing state frequencies so that sum of them equals to 1
150  Q.mammal+F+R4 23053.238    138 46382.476    46823.441    46854.510
WARNING: Normalizing state frequencies so that sum of them equals to 1
151  Q.mammal+F+R5 23019.203    140 46318.407    46782.877    46797.282
WARNING: Normalizing state frequencies so that sum of them equals to 1
152  Q.mammal+F+R6 23007.382    142 46298.763    46788.064    46784.479
WARNING: Normalizing state frequencies so that sum of them equals to 1
WARNING: Log-likelihood -23009.5 of Q.mammal+F+R7 worse than Q.mammal+F+R6 -23007.4
153  Q.mammal+F+R7 23009.459    144 46306.919    46822.474    46799.476
157  Q.insect      24117.891    113 48461.781    48691.817    48848.302
158  Q.insect+I    23764.585    114 47757.171    47993.387    48147.112
159  Q.insect+G4   22943.851    114 46115.702    46351.918    46505.643
160  Q.insect+I+G4 22903.900    115 46037.799    46280.344    46431.161
161  Q.insect+R2   23196.308    115 46622.616    46865.162    47015.978
162  Q.insect+R3   22970.209    117 46174.418    46430.084    46574.620
163  Q.insect+R4   22913.844    119 46065.688    46335.122    46472.732
164  Q.insect+R5   22888.806    121 46019.611    46303.496    46433.496
165  Q.insect+R6   22885.923    123 46017.847    46316.906    46438.573
170  Q.insect+F    23833.860    132 47931.720    48309.268    48383.231
171  Q.insect+F+I  23457.436    133 47180.873    47568.307    47635.804
172  Q.insect+F+G4 22705.952    133 45677.904    46065.338    46132.835
173  Q.insect+F+I+G4 22660.460    134 45588.920    45986.503    46047.272
174  Q.insect+F+R2 22948.755    134 46165.510    46563.092    46623.862
175  Q.insect+F+R3 22739.701    136 45751.402    46170.099    46216.595
176  Q.insect+F+R4 22670.709    138 45617.418    46058.384    46089.452
177  Q.insect+F+R5 22649.631    140 45579.262    46043.732    46058.137
178  Q.insect+F+R6 22634.898    142 45553.797    46043.098    46039.513
179  Q.insect+F+R7 22634.401    144 45556.802    46072.357    46049.359
WARNING: Normalizing state frequencies so that sum of them equals to 1
183  Q.plant       24308.601    113 48843.202    49073.238    49229.722
WARNING: Normalizing state frequencies so that sum of them equals to 1
184  Q.plant+I     23946.366    114 48120.731    48356.948    48510.672
WARNING: Normalizing state frequencies so that sum of them equals to 1
185  Q.plant+G4    22988.811    114 46205.622    46441.838    46595.563
WARNING: Normalizing state frequencies so that sum of them equals to 1
186  Q.plant+I+G4  22946.708    115 46123.416    46365.961    46516.777
WARNING: Normalizing state frequencies so that sum of them equals to 1
187  Q.plant+R2    23284.418    115 46798.836    47041.382    47192.198
WARNING: Normalizing state frequencies so that sum of them equals to 1
188  Q.plant+R3    23017.166    117 46268.332    46523.999    46668.535
WARNING: Normalizing state frequencies so that sum of them equals to 1
189  Q.plant+R4    22965.894    119 46169.788    46439.222    46576.831
WARNING: Normalizing state frequencies so that sum of them equals to 1
190  Q.plant+R5    22934.546    121 46111.091    46394.976    46524.976
WARNING: Normalizing state frequencies so that sum of them equals to 1
191  Q.plant+R6    22924.364    123 46094.727    46393.786    46515.453
WARNING: Normalizing state frequencies so that sum of them equals to 1
192  Q.plant+R7    22924.461    125 46098.921    46413.921    46526.488
WARNING: Normalizing state frequencies so that sum of them equals to 1
196  Q.plant+F     24088.027    132 48440.054    48817.602    48891.565
WARNING: Normalizing state frequencies so that sum of them equals to 1
197  Q.plant+F+I   23694.732    133 47655.463    48042.898    48110.394
WARNING: Normalizing state frequencies so that sum of them equals to 1
198  Q.plant+F+G4  22825.664    133 45917.328    46304.762    46372.259
WARNING: Normalizing state frequencies so that sum of them equals to 1
199  Q.plant+F+I+G4 22773.159    134 45814.318    46211.900    46272.670
WARNING: Normalizing state frequencies so that sum of them equals to 1
200  Q.plant+F+R2  23110.659    134 46489.318    46886.900    46947.670
WARNING: Normalizing state frequencies so that sum of them equals to 1
201  Q.plant+F+R3  22858.847    136 45989.693    46408.390    46454.886
WARNING: Normalizing state frequencies so that sum of them equals to 1
202  Q.plant+F+R4  22793.634    138 45863.269    46304.234    46335.303
WARNING: Normalizing state frequencies so that sum of them equals to 1
203  Q.plant+F+R5  22763.655    140 45807.310    46271.781    46286.185
WARNING: Normalizing state frequencies so that sum of them equals to 1
204  Q.plant+F+R6  22750.021    142 45784.041    46273.343    46269.757
WARNING: Normalizing state frequencies so that sum of them equals to 1
205  Q.plant+F+R7  22749.960    144 45787.921    46303.476    46280.478
WARNING: Normalizing state frequencies so that sum of them equals to 1
209  Q.yeast       24109.440    113 48444.880    48674.916    48831.401
WARNING: Normalizing state frequencies so that sum of them equals to 1
210  Q.yeast+I     23762.641    114 47753.282    47989.499    48143.223
WARNING: Normalizing state frequencies so that sum of them equals to 1
211  Q.yeast+G4    22978.308    114 46184.616    46420.832    46574.557
WARNING: Normalizing state frequencies so that sum of them equals to 1
212  Q.yeast+I+G4  22939.481    115 46108.963    46351.508    46502.324
WARNING: Normalizing state frequencies so that sum of them equals to 1
213  Q.yeast+R2    23217.196    115 46664.392    46906.937    47057.753
WARNING: Normalizing state frequencies so that sum of them equals to 1
214  Q.yeast+R3    22997.189    117 46228.379    46484.045    46628.581
WARNING: Normalizing state frequencies so that sum of them equals to 1
215  Q.yeast+R4    22945.284    119 46128.568    46398.002    46535.612
WARNING: Normalizing state frequencies so that sum of them equals to 1
216  Q.yeast+R5    22921.948    121 46085.896    46369.781    46499.781
WARNING: Normalizing state frequencies so that sum of them equals to 1
217  Q.yeast+R6    22913.328    123 46072.656    46371.715    46493.382
WARNING: Normalizing state frequencies so that sum of them equals to 1
218  Q.yeast+R7    22913.718    125 46077.437    46392.437    46505.003
WARNING: Normalizing state frequencies so that sum of them equals to 1
222  Q.yeast+F     23718.961    132 47701.922    48079.470    48153.432
WARNING: Normalizing state frequencies so that sum of them equals to 1
223  Q.yeast+F+I   23349.264    133 46964.529    47351.964    47419.460
WARNING: Normalizing state frequencies so that sum of them equals to 1
224  Q.yeast+F+G4  22631.591    133 45529.183    45916.617    45984.114
WARNING: Normalizing state frequencies so that sum of them equals to 1
225  Q.yeast+F+I+G4 22582.235    134 45432.469    45830.052    45890.821
WARNING: Normalizing state frequencies so that sum of them equals to 1
226  Q.yeast+F+R2  22858.883    134 45985.765    46383.348    46444.117
WARNING: Normalizing state frequencies so that sum of them equals to 1
227  Q.yeast+F+R3  22657.749    136 45587.499    46006.195    46052.692
WARNING: Normalizing state frequencies so that sum of them equals to 1
228  Q.yeast+F+R4  22603.418    138 45482.836    45923.801    45954.869
WARNING: Normalizing state frequencies so that sum of them equals to 1
229  Q.yeast+F+R5  22570.034    140 45420.068    45884.539    45898.943
WARNING: Normalizing state frequencies so that sum of them equals to 1
230  Q.yeast+F+R6  22555.748    142 45395.495    45884.796    45881.211
WARNING: Normalizing state frequencies so that sum of them equals to 1
WARNING: Log-likelihood -22567.4 of Q.yeast+F+R7 worse than Q.yeast+F+R6 -22555.7
231  Q.yeast+F+R7  22567.385    144 45422.770    45938.326    45915.327
235  JTTDCMut      24013.576    113 48253.152    48483.188    48639.673
236  JTTDCMut+I    23682.205    114 47592.409    47828.626    47982.350
237  JTTDCMut+G4   22975.626    114 46179.253    46415.469    46569.194
238  JTTDCMut+I+G4 22932.381    115 46094.762    46337.308    46488.124
239  JTTDCMut+R2   23189.172    115 46608.345    46850.890    47001.706
240  JTTDCMut+R3   22972.920    117 46179.840    46435.507    46580.043
241  JTTDCMut+R4   22937.744    119 46113.489    46382.923    46520.532
242  JTTDCMut+R5   22912.404    121 46066.808    46350.692    46480.693
243  JTTDCMut+R6   22902.572    123 46051.145    46350.203    46471.870
244  JTTDCMut+R7   22902.937    125 46055.874    46370.874    46483.441
248  JTTDCMut+F    23880.448    132 48024.896    48402.444    48476.407
249  JTTDCMut+F+I  23529.807    133 47325.614    47713.049    47780.545
250  JTTDCMut+F+G4 22859.091    133 45984.182    46371.617    46439.113
251  JTTDCMut+F+I+G4 22810.715    134 45889.430    46287.013    46347.782
252  JTTDCMut+F+R2 23067.136    134 46402.272    46799.855    46860.624
253  JTTDCMut+F+R3 22867.885    136 46007.769    46426.466    46472.962
254  JTTDCMut+F+R4 22823.179    138 45922.359    46363.324    46394.393
255  JTTDCMut+F+R5 22794.877    140 45869.754    46334.224    46348.629
256  JTTDCMut+F+R6 22781.589    142 45847.177    46336.478    46332.893
WARNING: Log-likelihood -22793.2 of JTTDCMut+F+R7 worse than JTTDCMut+F+R6 -22781.6
257  JTTDCMut+F+R7 22793.169    144 45874.337    46389.893    46366.894
261  DCMut         24180.697    113 48587.395    48817.430    48973.915
262  DCMut+I       23817.255    114 47862.510    48098.726    48252.451
263  DCMut+G4      23162.801    114 46553.602    46789.818    46943.543
264  DCMut+I+G4    23107.804    115 46445.608    46688.153    46838.969
265  DCMut+R2      23378.874    115 46987.748    47230.293    47381.109
266  DCMut+R3      23162.141    117 46558.281    46813.948    46958.484
267  DCMut+R4      23117.699    119 46473.398    46742.832    46880.442
268  DCMut+R5      23085.566    121 46413.133    46697.017    46827.018
269  DCMut+R6      23080.956    123 46407.912    46706.971    46828.638
274  DCMut+F       23934.528    132 48133.056    48510.604    48584.567
275  DCMut+F+I     23551.107    133 47368.213    47755.648    47823.144
276  DCMut+F+G4    22898.457    133 46062.913    46450.348    46517.844
277  DCMut+F+I+G4  22842.049    134 45952.097    46349.679    46410.449
278  DCMut+F+R2    23124.673    134 46517.346    46914.929    46975.698
279  DCMut+F+R3    22921.772    136 46115.544    46534.241    46580.737
280  DCMut+F+R4    22856.297    138 45988.594    46429.560    46460.628
281  DCMut+F+R5    22823.656    140 45927.312    46391.782    46406.186
282  DCMut+F+R6    22818.587    142 45921.174    46410.475    46406.890
287  VT            23685.471    113 47596.943    47826.978    47983.463
288  VT+I          23384.060    114 46996.120    47232.336    47386.061
289  VT+G4         22829.164    114 45886.328    46122.544    46276.269
290  VT+I+G4       22774.683    115 45779.365    46021.911    46172.727
291  VT+R2         22976.591    115 46183.182    46425.727    46576.543
292  VT+R3         22794.680    117 45823.360    46079.026    46223.562
293  VT+R4         22778.254    119 45794.508    46063.942    46201.551
294  VT+R5         22745.333    121 45732.666    46016.551    46146.551
295  VT+R6         22739.967    123 45725.933    46024.992    46146.659
300  VT+F          23542.445    132 47348.890    47726.438    47800.400
301  VT+F+I        23228.403    133 46722.806    47110.241    47177.737
302  VT+F+G4       22710.124    133 45686.248    46073.683    46141.179
303  VT+F+I+G4     22652.813    134 45573.626    45971.209    46031.978
304  VT+F+R2       22853.355    134 45974.710    46372.292    46433.061
305  VT+F+R3       22681.567    136 45635.134    46053.831    46100.327
306  VT+F+R4       22657.963    138 45591.926    46032.892    46063.960
307  VT+F+R5       22626.676    140 45533.353    45997.823    46012.228
308  VT+F+R6       22620.612    142 45525.224    46014.526    46010.940
WARNING: Log-likelihood -22635.6 of VT+F+R7 worse than VT+F+R6 -22620.6
309  VT+F+R7       22635.552    144 45559.105    46074.661    46051.662
313  PMB           23765.684    113 47757.369    47987.405    48143.889
314  PMB+I         23491.458    114 47210.915    47447.132    47600.856
315  PMB+G4        22904.895    114 46037.789    46274.005    46427.730
316  PMB+I+G4      22867.037    115 45964.074    46206.619    46357.435
317  PMB+R2        23064.939    115 46359.877    46602.422    46753.239
318  PMB+R3        22880.644    117 45995.287    46250.954    46395.490
319  PMB+R4        22866.685    119 45971.370    46240.804    46378.414
320  PMB+R5        22836.694    121 45915.388    46199.273    46329.273
321  PMB+R6        22831.405    123 45908.810    46207.869    46329.536
326  PMB+F         23626.921    132 47517.842    47895.390    47969.352
327  PMB+F+I       23330.551    133 46927.101    47314.536    47382.033
328  PMB+F+G4      22800.044    133 45866.088    46253.523    46321.019
329  PMB+F+I+G4    22744.590    134 45757.179    46154.762    46215.531
330  PMB+F+R2      22950.072    134 46168.145    46565.727    46626.496
331  PMB+F+R3      22774.837    136 45821.675    46240.371    46286.867
332  PMB+F+R4      22751.535    138 45779.070    46220.035    46251.104
333  PMB+F+R5      22719.284    140 45718.567    46183.038    46197.442
334  PMB+F+R6      22713.261    142 45710.522    46199.823    46196.238
WARNING: Log-likelihood -22730.4 of PMB+F+R7 worse than PMB+F+R6 -22713.3
335  PMB+F+R7      22730.436    144 45748.873    46264.428    46241.430
339  Blosum62      23797.265    113 47820.529    48050.565    48207.050
340  Blosum62+I    23514.056    114 47256.111    47492.327    47646.052
341  Blosum62+G4   22937.154    114 46102.308    46338.524    46492.249
342  Blosum62+I+G4 22886.956    115 46003.913    46246.458    46397.274
343  Blosum62+R2   23080.410    115 46390.819    46633.365    46784.181
344  Blosum62+R3   22901.463    117 46036.926    46292.593    46437.129
345  Blosum62+R4   22884.325    119 46006.649    46276.083    46413.693
346  Blosum62+R5   22855.312    121 45952.624    46236.509    46366.509
347  Blosum62+R6   22849.539    123 45945.078    46244.137    46365.804
348  Blosum62+R7   22849.626    125 45949.252    46264.252    46376.819
352  Blosum62+F    23615.248    132 47494.495    47872.044    47946.006
353  Blosum62+F+I  23307.323    133 46880.645    47268.080    47335.576
354  Blosum62+F+G4 22776.891    133 45819.781    46207.216    46274.713
355  Blosum62+F+I+G4 22723.773    134 45715.546    46113.128    46173.897
356  Blosum62+F+R2 22926.553    134 46121.107    46518.689    46579.458
357  Blosum62+F+R3 22758.993    136 45789.985    46208.682    46255.178
358  Blosum62+F+R4 22727.355    138 45730.711    46171.676    46202.745
359  Blosum62+F+R5 22697.277    140 45674.553    46139.024    46153.428
360  Blosum62+F+R6 22691.554    142 45667.109    46156.410    46152.825
WARNING: Log-likelihood -22706.9 of Blosum62+F+R7 worse than Blosum62+F+R6 -22691.6
361  Blosum62+F+R7 22706.923    144 45701.846    46217.402    46194.404
365  Dayhoff       24181.885    113 48589.769    48819.805    48976.290
366  Dayhoff+I     23817.941    114 47863.882    48100.098    48253.823
367  Dayhoff+G4    23162.302    114 46552.603    46788.820    46942.544
368  Dayhoff+I+G4  23107.301    115 46444.601    46687.147    46837.963
369  Dayhoff+R2    23378.817    115 46987.635    47230.180    47380.996
370  Dayhoff+R3    23161.851    117 46557.702    46813.368    46957.904
371  Dayhoff+R4    23117.216    119 46472.431    46741.865    46879.475
372  Dayhoff+R5    23085.123    121 46412.246    46696.130    46826.130
373  Dayhoff+R6    23080.424    123 46406.847    46705.906    46827.573
378  Dayhoff+F     23936.001    132 48136.003    48513.551    48587.513
379  Dayhoff+F+I   23552.007    133 47370.015    47757.449    47824.946
380  Dayhoff+F+G4  22897.970    133 46061.940    46449.375    46516.871
381  Dayhoff+F+I+G4 22841.585    134 45951.169    46348.752    46409.521
382  Dayhoff+F+R2  23124.747    134 46517.495    46915.077    46975.846
383  Dayhoff+F+R3  22921.717    136 46115.433    46534.130    46580.626
384  Dayhoff+F+R4  22855.931    138 45987.861    46428.827    46459.895
385  Dayhoff+F+R5  22823.182    140 45926.364    46390.835    46405.239
386  Dayhoff+F+R6  22818.114    142 45920.227    46409.528    46405.943
391  mtREV         25947.965    113 52121.930    52351.966    52508.451
392  mtREV+I       25599.219    114 51426.437    51662.654    51816.378
393  mtREV+G4      24255.013    114 48738.026    48974.242    49127.967
394  mtREV+I+G4    24217.346    115 48664.692    48907.238    49058.054
395  mtREV+R2      24542.288    115 49314.576    49557.121    49707.937
396  mtREV+R3      24334.362    117 48902.724    49158.391    49302.926
397  mtREV+R4      24236.047    119 48710.094    48979.528    49117.138
398  mtREV+R5      24202.123    121 48646.246    48930.131    49060.131
399  mtREV+R6      24192.810    123 48631.621    48930.679    49052.346
WARNING: Log-likelihood -24199.2 of mtREV+R7 worse than mtREV+R6 -24192.8
400  mtREV+R7      24199.211    125 48648.422    48963.422    49075.988
404  mtREV+F       24354.346    132 48972.692    49350.240    49424.202
405  mtREV+F+I     23963.361    133 48192.722    48580.156    48647.653
406  mtREV+F+G4    23062.361    133 46390.723    46778.158    46845.654
407  mtREV+F+I+G4  23013.627    134 46295.254    46692.837    46753.606
408  mtREV+F+R2    23338.424    134 46944.849    47342.431    47403.200
409  mtREV+F+R3    23125.581    136 46523.161    46941.858    46988.354
410  mtREV+F+R4    23039.951    138 46355.902    46796.868    46827.936
411  mtREV+F+R5    23003.580    140 46287.160    46751.631    46766.035
412  mtREV+F+R6    22990.852    142 46265.705    46755.006    46751.421
WARNING: Log-likelihood -23000.4 of mtREV+F+R7 worse than mtREV+F+R6 -22990.9
413  mtREV+F+R7    23000.366    144 46288.731    46804.287    46781.288
417  mtART         26939.583    113 54105.165    54335.201    54491.686
418  mtART+I       26562.458    114 53352.917    53589.133    53742.858
419  mtART+G4      24641.661    114 49511.322    49747.538    49901.263
420  mtART+I+G4    24621.412    115 49472.825    49715.370    49866.186
421  mtART+R2      24987.193    115 50204.386    50446.931    50597.748
422  mtART+R3      24736.936    117 49707.873    49963.540    50108.076
423  mtART+R4      24667.506    119 49573.011    49842.445    49980.055
424  mtART+R5      24599.447    121 49440.893    49724.778    49854.778
425  mtART+R6      24569.159    123 49384.318    49683.377    49805.044
WARNING: Log-likelihood -24572.2 of mtART+R7 worse than mtART+R6 -24569.2
426  mtART+R7      24572.229    125 49394.458    49709.458    49822.025
430  mtART+F       25021.224    132 50306.449    50683.997    50757.959
431  mtART+F+I     24567.739    133 49401.478    49788.913    49856.409
432  mtART+F+G4    23240.300    133 46746.600    47134.035    47201.531
433  mtART+F+I+G4  23190.616    134 46649.233    47046.815    47107.585
434  mtART+F+R2    23609.116    134 47486.231    47883.814    47944.583
435  mtART+F+R3    23347.372    136 46966.743    47385.440    47431.936
436  mtART+F+R4    23271.845    138 46819.689    47260.655    47291.723
437  mtART+F+R5    23172.977    140 46625.954    47090.425    47104.829
438  mtART+F+R6    23152.364    142 46588.729    47078.030    47074.445
WARNING: Log-likelihood -23163.5 of mtART+F+R7 worse than mtART+F+R6 -23152.4
439  mtART+F+R7    23163.473    144 46614.945    47130.501    47107.503
443  mtZOA         25911.182    113 52048.365    52278.401    52434.885
444  mtZOA+I       25545.594    114 51319.188    51555.404    51709.129
445  mtZOA+G4      23927.251    114 48082.501    48318.717    48472.442
446  mtZOA+I+G4    23905.008    115 48040.016    48282.561    48433.377
447  mtZOA+R2      24222.903    115 48675.807    48918.352    49069.168
448  mtZOA+R3      24020.783    117 48275.565    48531.232    48675.768
449  mtZOA+R4      23933.348    119 48104.696    48374.130    48511.740
450  mtZOA+R5      23887.873    121 48017.747    48301.632    48431.632
451  mtZOA+R6      23857.604    123 47961.207    48260.266    48381.933
WARNING: Log-likelihood -23866.7 of mtZOA+R7 worse than mtZOA+R6 -23857.6
452  mtZOA+R7      23866.719    125 47983.438    48298.438    48411.005
456  mtZOA+F       24606.285    132 49476.571    49854.119    49928.082
457  mtZOA+F+I     24182.607    133 48631.214    49018.648    49086.145
458  mtZOA+F+G4    23031.856    133 46329.712    46717.147    46784.643
459  mtZOA+F+I+G4  22983.665    134 46235.331    46632.913    46693.683
460  mtZOA+F+R2    23381.864    134 47031.728    47429.310    47490.080
461  mtZOA+F+R3    23120.692    136 46513.383    46932.080    46978.576
462  mtZOA+F+R4    23041.362    138 46358.724    46799.690    46830.758
463  mtZOA+F+R5    22968.903    140 46217.806    46682.277    46696.681
464  mtZOA+F+R6    22947.578    142 46179.157    46668.458    46664.873
WARNING: Log-likelihood -22956 of mtZOA+F+R7 worse than mtZOA+F+R6 -22947.6
465  mtZOA+F+R7    22955.976    144 46199.951    46715.507    46692.508
469  mtMet         26270.018    113 52766.036    52996.072    53152.557
470  mtMet+I       25932.258    114 52092.516    52328.733    52482.457
471  mtMet+G4      24530.032    114 49288.065    49524.281    49678.006
472  mtMet+I+G4    24501.593    115 49233.186    49475.731    49626.547
473  mtMet+R2      24802.309    115 49834.617    50077.163    50227.979
474  mtMet+R3      24582.445    117 49398.890    49654.556    49799.092
475  mtMet+R4      24512.263    119 49262.526    49531.959    49669.569
476  mtMet+R5      24483.173    121 49208.346    49492.231    49622.231
477  mtMet+R6      24468.115    123 49182.229    49481.288    49602.955
478  mtMet+R7      24464.963    125 49179.926    49494.926    49607.493
482  mtMet+F       24492.198    132 49248.397    49625.945    49699.907
483  mtMet+F+I     24088.431    133 48442.861    48830.296    48897.792
484  mtMet+F+G4    23094.282    133 46454.564    46841.999    46909.496
485  mtMet+F+I+G4  23042.031    134 46352.061    46749.644    46810.413
486  mtMet+F+R2    23396.196    134 47060.392    47457.975    47518.744
487  mtMet+F+R3    23130.713    136 46533.426    46952.123    46998.619
488  mtMet+F+R4    23068.448    138 46412.895    46853.861    46884.929
489  mtMet+F+R5    23031.129    140 46342.258    46806.729    46821.133
490  mtMet+F+R6    23013.933    142 46311.866    46801.167    46797.582
491  mtMet+F+R7    23013.544    144 46315.087    46830.643    46807.644
495  mtVer         26328.025    113 52882.051    53112.087    53268.571
496  mtVer+I       25918.812    114 52065.625    52301.841    52455.566
497  mtVer+G4      24434.142    114 49096.284    49332.500    49486.225
498  mtVer+I+G4    24392.046    115 49014.092    49256.637    49407.453
499  mtVer+R2      24726.158    115 49682.316    49924.862    50075.678
500  mtVer+R3      24499.355    117 49232.711    49488.377    49632.913
501  mtVer+R4      24415.933    119 49069.866    49339.300    49476.910
502  mtVer+R5      24375.332    121 48992.664    49276.549    49406.549
503  mtVer+R6      24369.327    123 48984.654    49283.713    49405.380
WARNING: Log-likelihood -24373.1 of mtVer+R7 worse than mtVer+R6 -24369.3
504  mtVer+R7      24373.135    125 48996.270    49311.270    49423.837
508  mtVer+F       24784.286    132 49832.573    50210.121    50284.083
509  mtVer+F+I     24333.037    133 48932.073    49319.508    49387.004
510  mtVer+F+G4    23313.767    133 46893.533    47280.968    47348.464
511  mtVer+F+I+G4  23255.363    134 46778.726    47176.309    47237.078
512  mtVer+F+R2    23627.877    134 47523.754    47921.336    47982.106
513  mtVer+F+R3    23352.020    136 46976.040    47394.736    47441.233
514  mtVer+F+R4    23286.216    138 46848.433    47289.398    47320.467
515  mtVer+F+R5    23243.977    140 46767.953    47232.424    47246.828
516  mtVer+F+R6    23232.967    142 46749.934    47239.235    47235.650
517  mtVer+F+R7    23224.618    144 46737.236    47252.792    47229.793
WARNING: Log-likelihood -23233.3 of mtVer+F+R8 worse than mtVer+F+R7 -23224.6
518  mtVer+F+R8    23233.347    146 46758.695    47302.036    47258.093
521  mtInv         26308.357    113 52842.715    53072.750    53229.235
522  mtInv+I       25994.427    114 52216.854    52453.070    52606.795
523  mtInv+G4      24745.831    114 49719.662    49955.878    50109.603
524  mtInv+I+G4    24716.373    115 49662.746    49905.291    50056.107
525  mtInv+R2      25002.110    115 50234.220    50476.766    50627.582
526  mtInv+R3      24790.463    117 49814.925    50070.592    50215.128
527  mtInv+R4      24725.996    119 49689.991    49959.425    50097.035
528  mtInv+R5      24698.058    121 49638.115    49922.000    50052.000
529  mtInv+R6      24694.638    123 49635.276    49934.335    50056.002
534  mtInv+F       24226.923    132 48717.845    49095.394    49169.356
535  mtInv+F+I     23834.349    133 47934.698    48322.133    48389.629
536  mtInv+F+G4    22931.250    133 46128.500    46515.935    46583.431
537  mtInv+F+I+G4  22878.874    134 46025.747    46423.330    46484.099
538  mtInv+F+R2    23229.363    134 46726.726    47124.308    47185.078
539  mtInv+F+R3    22969.573    136 46211.145    46629.842    46676.338
540  mtInv+F+R4    22903.776    138 46083.553    46524.518    46555.586
541  mtInv+F+R5    22866.426    140 46012.851    46477.322    46491.726
542  mtInv+F+R6    22854.200    142 45992.400    46481.701    46478.116
WARNING: Log-likelihood -22863.5 of mtInv+F+R7 worse than mtInv+F+R6 -22854.2
543  mtInv+F+R7    22863.475    144 46014.950    46530.506    46507.508
547  mtMAM         26993.581    113 54213.162    54443.197    54599.682
548  mtMAM+I       26571.098    114 53370.196    53606.412    53760.137
549  mtMAM+G4      24617.496    114 49462.991    49699.208    49852.932
550  mtMAM+I+G4    24584.159    115 49398.319    49640.864    49791.680
551  mtMAM+R2      24971.550    115 50173.101    50415.646    50566.463
552  mtMAM+R3      24732.313    117 49698.625    49954.292    50098.828
553  mtMAM+R4      24590.525    119 49419.050    49688.484    49826.093
554  mtMAM+R5      24554.421    121 49350.843    49634.727    49764.727
555  mtMAM+R6      24544.397    123 49334.795    49633.854    49755.521
WARNING: Log-likelihood -24548.5 of mtMAM+R7 worse than mtMAM+R6 -24544.4
556  mtMAM+R7      24548.491    125 49346.981    49661.981    49774.548
560  mtMAM+F       25117.693    132 50499.385    50876.934    50950.896
561  mtMAM+F+I     24662.914    133 49591.828    49979.263    50046.759
562  mtMAM+F+G4    23413.991    133 47093.983    47481.417    47548.914
563  mtMAM+F+I+G4  23363.172    134 46994.343    47391.926    47452.695
564  mtMAM+F+R2    23769.712    134 47807.424    48205.007    48265.776
565  mtMAM+F+R3    23498.048    136 47268.096    47686.793    47733.289
566  mtMAM+F+R4    23415.286    138 47106.572    47547.538    47578.606
567  mtMAM+F+R5    23355.296    140 46990.592    47455.063    47469.467
568  mtMAM+F+R6    23341.068    142 46966.136    47455.437    47451.852
WARNING: Log-likelihood -23349.8 of mtMAM+F+R7 worse than mtMAM+F+R6 -23341.1
569  mtMAM+F+R7    23349.805    144 46987.610    47503.165    47480.167
WARNING: Normalizing state frequencies so that sum of them equals to 1
573  FLAVI         25479.076    113 51184.152    51414.188    51570.673
WARNING: Normalizing state frequencies so that sum of them equals to 1
574  FLAVI+I       25086.780    114 50401.560    50637.776    50791.501
WARNING: Normalizing state frequencies so that sum of them equals to 1
575  FLAVI+G4      23895.891    114 48019.782    48255.998    48409.723
WARNING: Normalizing state frequencies so that sum of them equals to 1
576  FLAVI+I+G4    23852.676    115 47935.352    48177.898    48328.714
WARNING: Normalizing state frequencies so that sum of them equals to 1
577  FLAVI+R2      24218.432    115 48666.865    48909.410    49060.226
WARNING: Normalizing state frequencies so that sum of them equals to 1
578  FLAVI+R3      23932.865    117 48099.730    48355.397    48499.933
WARNING: Normalizing state frequencies so that sum of them equals to 1
579  FLAVI+R4      23879.668    119 47997.337    48266.771    48404.381
WARNING: Normalizing state frequencies so that sum of them equals to 1
580  FLAVI+R5      23838.941    121 47919.882    48203.767    48333.767
WARNING: Normalizing state frequencies so that sum of them equals to 1
581  FLAVI+R6      23832.599    123 47911.199    48210.258    48331.925
WARNING: Normalizing state frequencies so that sum of them equals to 1
582  FLAVI+R7      23828.378    125 47906.755    48221.755    48334.322
WARNING: Normalizing state frequencies so that sum of them equals to 1
586  FLAVI+F       25108.546    132 50481.092    50858.640    50932.602
WARNING: Normalizing state frequencies so that sum of them equals to 1
587  FLAVI+F+I     24674.388    133 49614.777    50002.211    50069.708
WARNING: Normalizing state frequencies so that sum of them equals to 1
588  FLAVI+F+G4    23626.968    133 47519.937    47907.371    47974.868
WARNING: Normalizing state frequencies so that sum of them equals to 1
589  FLAVI+F+I+G4  23571.462    134 47410.924    47808.507    47869.276
WARNING: Normalizing state frequencies so that sum of them equals to 1
590  FLAVI+F+R2    23963.272    134 48194.544    48592.127    48652.896
WARNING: Normalizing state frequencies so that sum of them equals to 1
591  FLAVI+F+R3    23690.424    136 47652.849    48071.546    48118.042
WARNING: Normalizing state frequencies so that sum of them equals to 1
592  FLAVI+F+R4    23614.825    138 47505.649    47946.615    47977.683
WARNING: Normalizing state frequencies so that sum of them equals to 1
593  FLAVI+F+R5    23562.558    140 47405.116    47869.587    47883.991
WARNING: Normalizing state frequencies so that sum of them equals to 1
594  FLAVI+F+R6    23551.746    142 47387.492    47876.793    47873.208
WARNING: Normalizing state frequencies so that sum of them equals to 1
WARNING: Log-likelihood -23553.5 of FLAVI+F+R7 worse than FLAVI+F+R6 -23551.7
595  FLAVI+F+R7    23553.461    144 47394.922    47910.478    47887.479
599  HIVb          24662.805    113 49551.610    49781.645    49938.130
600  HIVb+I        24254.179    114 48736.358    48972.574    49126.299
601  HIVb+G4       23355.310    114 46938.620    47174.837    47328.561
602  HIVb+I+G4     23299.322    115 46828.644    47071.189    47222.005
603  HIVb+R2       23642.914    115 47515.827    47758.373    47909.189
604  HIVb+R3       23385.382    117 47004.764    47260.430    47404.966
605  HIVb+R4       23324.121    119 46886.242    47155.676    47293.286
606  HIVb+R5       23282.752    121 46807.505    47091.389    47221.390
607  HIVb+R6       23273.304    123 46792.609    47091.668    47213.335
WARNING: Log-likelihood -23275.4 of HIVb+R7 worse than HIVb+R6 -23273.3
608  HIVb+R7       23275.419    125 46800.837    47115.837    47228.404
612  HIVb+F        24486.869    132 49237.738    49615.287    49689.249
613  HIVb+F+I      24077.775    133 48421.550    48808.985    48876.482
614  HIVb+F+G4     23210.764    133 46687.527    47074.962    47142.458
615  HIVb+F+I+G4   23158.868    134 46585.735    46983.318    47044.087
616  HIVb+F+R2     23496.385    134 47260.771    47658.353    47719.122
617  HIVb+F+R3     23247.620    136 46767.240    47185.937    47232.433
618  HIVb+F+R4     23180.054    138 46636.107    47077.073    47108.141
619  HIVb+F+R5     23145.832    140 46571.664    47036.134    47050.538
620  HIVb+F+R6     23134.855    142 46553.711    47043.012    47039.427
WARNING: Log-likelihood -23138.8 of HIVb+F+R7 worse than HIVb+F+R6 -23134.9
621  HIVb+F+R7     23138.832    144 46565.664    47081.219    47058.221
625  HIVw          26039.855    113 52305.709    52535.745    52692.230
626  HIVw+I        25587.765    114 51403.531    51639.747    51793.472
627  HIVw+G4       24676.629    114 49581.257    49817.473    49971.198
628  HIVw+I+G4     24612.740    115 49455.480    49698.026    49848.842
629  HIVw+R2       25006.235    115 50242.469    50485.015    50635.831
630  HIVw+R3       24686.773    117 49607.547    49863.213    50007.749
631  HIVw+R4       24639.735    119 49517.471    49786.905    49924.514
632  HIVw+R5       24596.043    121 49434.086    49717.971    49847.971
633  HIVw+R6       24585.012    123 49416.025    49715.083    49836.750
634  HIVw+R7       24585.757    125 49421.515    49736.515    49849.082
638  HIVw+F        25324.645    132 50913.291    51290.839    51364.801
639  HIVw+F+I      24860.292    133 49986.585    50374.019    50441.516
640  HIVw+F+G4     23964.844    133 48195.688    48583.123    48650.619
641  HIVw+F+I+G4   23904.139    134 48076.277    48473.860    48534.629
642  HIVw+F+R2     24255.757    134 48779.515    49177.097    49237.866
643  HIVw+F+R3     24012.304    136 48296.607    48715.304    48761.800
644  HIVw+F+R4     23917.843    138 48111.686    48552.651    48583.719
645  HIVw+F+R5     23890.811    140 48061.621    48526.092    48540.496
646  HIVw+F+R6     23877.627    142 48039.254    48528.555    48524.970
647  HIVw+F+R7     23877.482    144 48042.964    48558.519    48535.521
651  FLU           24770.640    113 49767.281    49997.316    50153.801
652  FLU+I         24369.044    114 48966.089    49202.305    49356.030
653  FLU+G4        23588.433    114 47404.865    47641.082    47794.806
654  FLU+I+G4      23534.762    115 47299.524    47542.070    47692.886
655  FLU+R2        23834.985    115 47899.971    48142.516    48293.332
656  FLU+R3        23578.622    117 47391.244    47646.910    47791.446
657  FLU+R4        23528.100    119 47294.200    47563.634    47701.244
658  FLU+R5        23507.646    121 47257.292    47541.176    47671.176
659  FLU+R6        23499.392    123 47244.784    47543.843    47665.510
660  FLU+R7        23498.771    125 47247.541    47562.541    47675.108
664  FLU+F         24306.236    132 48876.472    49254.020    49327.983
665  FLU+F+I       23875.403    133 48016.806    48404.241    48471.738
666  FLU+F+G4      23136.419    133 46538.839    46926.274    46993.770
667  FLU+F+I+G4    23063.472    134 46394.943    46792.526    46853.295
668  FLU+F+R2      23387.173    134 47042.346    47439.929    47500.698
669  FLU+F+R3      23129.684    136 46531.368    46950.065    46996.561
670  FLU+F+R4      23096.597    138 46469.194    46910.159    46941.228
671  FLU+F+R5      23045.933    140 46371.867    46836.338    46850.742
672  FLU+F+R6      23037.794    142 46359.588    46848.889    46845.304
673  FLU+F+R7      23038.298    144 46364.596    46880.152    46857.153
677  rtREV         23979.791    113 48185.581    48415.617    48572.101
678  rtREV+I       23649.239    114 47526.477    47762.694    47916.418
679  rtREV+G4      22957.065    114 46142.131    46378.347    46532.072
680  rtREV+I+G4    22900.878    115 46031.756    46274.301    46425.117
681  rtREV+R2      23148.263    115 46526.526    46769.071    46919.888
682  rtREV+R3      22940.958    117 46115.916    46371.583    46516.119
683  rtREV+R4      22900.913    119 46039.827    46309.261    46446.871
684  rtREV+R5      22877.724    121 45997.447    46281.332    46411.332
685  rtREV+R6      22868.523    123 45983.046    46282.104    46403.771
WARNING: Log-likelihood -22882.7 of rtREV+R7 worse than rtREV+R6 -22868.5
686  rtREV+R7      22882.663    125 46015.326    46330.326    46442.892
690  rtREV+F       23632.872    132 47529.744    47907.293    47981.255
691  rtREV+F+I     23277.434    133 46820.867    47208.302    47275.799
692  rtREV+F+G4    22632.822    133 45531.644    45919.078    45986.575
693  rtREV+F+I+G4  22574.149    134 45416.298    45813.880    45874.649
694  rtREV+F+R2    22831.933    134 45931.865    46329.448    46390.217
695  rtREV+F+R3    22633.304    136 45538.609    45957.305    46003.801
696  rtREV+F+R4    22591.867    138 45459.735    45900.700    45931.768
697  rtREV+F+R5    22556.142    140 45392.284    45856.755    45871.159
698  rtREV+F+R6    22546.948    142 45377.895    45867.196    45863.611
699  rtREV+F+R7    22546.325    144 45380.649    45896.205    45873.206
703  cpREV         23957.985    113 48141.970    48372.006    48528.491
704  cpREV+I       23641.897    114 47511.794    47748.010    47901.735
705  cpREV+G4      22964.023    114 46156.047    46392.263    46545.988
706  cpREV+I+G4    22912.128    115 46054.256    46296.802    46447.618
707  cpREV+R2      23161.541    115 46553.083    46795.628    46946.444
708  cpREV+R3      22962.459    117 46158.919    46414.585    46559.121
709  cpREV+R4      22923.546    119 46085.092    46354.526    46492.136
710  cpREV+R5      22889.773    121 46021.547    46305.431    46435.431
711  cpREV+R6      22883.366    123 46012.732    46311.790    46433.457
WARNING: Log-likelihood -22897.8 of cpREV+R7 worse than cpREV+R6 -22883.4
712  cpREV+R7      22897.802    125 46045.603    46360.603    46473.170
716  cpREV+F       23738.648    132 47741.296    48118.844    48192.806
717  cpREV+F+I     23402.515    133 47071.030    47458.465    47525.961
718  cpREV+F+G4    22777.377    133 45820.754    46208.189    46275.685
719  cpREV+F+I+G4  22724.886    134 45717.771    46115.354    46176.123
720  cpREV+F+R2    22992.665    134 46253.330    46650.913    46711.682
721  cpREV+F+R3    22781.558    136 45835.116    46253.813    46300.309
722  cpREV+F+R4    22741.063    138 45758.127    46199.092    46230.161
723  cpREV+F+R5    22706.152    140 45692.304    46156.775    46171.179
724  cpREV+F+R6    22700.677    142 45685.354    46174.655    46171.070
WARNING: Log-likelihood -22704.9 of cpREV+F+R7 worse than cpREV+F+R6 -22700.7
725  cpREV+F+R7    22704.875    144 45697.749    46213.305    46190.306
Model C10 is alias for POISSON+G+FMIX{C10pi1:1:0.1191344178,C10pi2:1:0.0874372456,C10pi3:1:0.1037105070,C10pi4:1:0.0922584809,C10pi5:1:0.1070492801,C10pi6:1:0.1329945166,C10pi7:1:0.0538028458,C10pi8:1:0.0691986212,C10pi9:1:0.1319937434,C10pi10:1:0.1024203429}
729  C10           22924.641    114 46077.282    46313.498    46467.222
Model C20 is alias for POISSON+G+FMIX{C20pi1:1:0.0559910600,C20pi2:1:0.0514824870,C20pi3:1:0.0812922124,C20pi4:1:0.0721976867,C20pi5:1:0.0556718858,C20pi6:1:0.0331003080,C20pi7:1:0.0589501763,C20pi8:1:0.0263756889,C20pi9:1:0.0307584220,C20pi10:1:0.0376701125,C20pi11:1:0.0303058290,C20pi12:1:0.0808775576,C20pi13:1:0.0263349134,C20pi14:1:0.0579101455,C20pi15:1:0.0371248064,C20pi16:1:0.0586867766,C20pi17:1:0.0561479138,C20pi18:1:0.0349810886,C20pi19:1:0.0544937394,C20pi20:1:0.0596471901}
730  C20           22769.399    114 45766.797    46003.014    46156.738
Model C30 is alias for POISSON+G+FMIX{C30pi1:1:0.0095783264,C30pi2:1:0.0248476365,C30pi3:1:0.0636309366,C30pi4:1:0.0537939225,C30pi5:1:0.0295885587,C30pi6:1:0.0117587936,C30pi7:1:0.0132013428,C30pi8:1:0.0236868805,C30pi9:1:0.0261687659,C30pi10:1:0.0239821974,C30pi11:1:0.0257100906,C30pi12:1:0.0465072425,C30pi13:1:0.0546794546,C30pi14:1:0.0536085131,C30pi15:1:0.0270622670,C30pi16:1:0.0403913593,C30pi17:1:0.0474212700,C30pi18:1:0.0458816478,C30pi19:1:0.0214036510,C30pi20:1:0.0290385981,C30pi21:1:0.0123391793,C30pi22:1:0.0569350229,C30pi23:1:0.0419687568,C30pi24:1:0.0339027062,C30pi25:1:0.0388777376,C30pi26:1:0.0196343766,C30pi27:1:0.0233086174,C30pi28:1:0.0622722654,C30pi29:1:0.0184803385,C30pi30:1:0.0203395454}
731  C30           22728.815    114 45685.631    45921.847    46075.572
Model C40 is alias for POISSON+G+FMIX{C40pi1:1:0.0223853788,C40pi2:1:0.0338891820,C40pi3:1:0.0577169375,C40pi4:1:0.0252416233,C40pi5:1:0.0108607921,C40pi6:1:0.0462373793,C40pi7:1:0.0102293175,C40pi8:1:0.0147523625,C40pi9:1:0.0143161352,C40pi10:1:0.0182302541,C40pi11:1:0.0204025079,C40pi12:1:0.0425505156,C40pi13:1:0.0248627269,C40pi14:1:0.0105892988,C40pi15:1:0.0188238725,C40pi16:1:0.0086663445,C40pi17:1:0.0148496147,C40pi18:1:0.0343037402,C40pi19:1:0.0225335203,C40pi20:1:0.0174068578,C40pi21:1:0.0112207827,C40pi22:1:0.0443532245,C40pi23:1:0.0392573370,C40pi24:1:0.0196756555,C40pi25:1:0.0287690328,C40pi26:1:0.0114441177,C40pi27:1:0.0112338740,C40pi28:1:0.0582694099,C40pi29:1:0.0444272279,C40pi30:1:0.0112010942,C40pi31:1:0.0145176111,C40pi32:1:0.0114629026,C40pi33:1:0.0239628061,C40pi34:1:0.0266266492,C40pi35:1:0.0481201159,C40pi36:1:0.0371147423,C40pi37:1:0.0160476688,C40pi38:1:0.0237249267,C40pi39:1:0.0235226203,C40pi40:1:0.0261998398}
732  C40           22681.006    114 45590.011    45826.228    45979.952
Model C50 is alias for POISSON+G+FMIX{C50pi1:1:0.0164297003,C50pi2:1:0.0273175755,C50pi3:1:0.0460247610,C50pi4:1:0.0084864734,C50pi5:1:0.0125389252,C50pi6:1:0.0343549036,C50pi7:1:0.0130241102,C50pi8:1:0.0094755681,C50pi9:1:0.0190040551,C50pi10:1:0.0151902354,C50pi11:1:0.0320534760,C50pi12:1:0.0210059850,C50pi13:1:0.0237408547,C50pi14:1:0.0239841203,C50pi15:1:0.0213748021,C50pi16:1:0.0210717705,C50pi17:1:0.0050241805,C50pi18:1:0.0166262276,C50pi19:1:0.0143945956,C50pi20:1:0.0104391130,C50pi21:1:0.0107628277,C50pi22:1:0.0148818171,C50pi23:1:0.0321480239,C50pi24:1:0.0145477978,C50pi25:1:0.0332355807,C50pi26:1:0.0143190281,C50pi27:1:0.0234478734,C50pi28:1:0.0183044983,C50pi29:1:0.0403269452,C50pi30:1:0.0135629530,C50pi31:1:0.0091880799,C50pi32:1:0.0158270022,C50pi33:1:0.0121019379,C50pi34:1:0.0353560982,C50pi35:1:0.0404495617,C50pi36:1:0.0104569232,C50pi37:1:0.0146187792,C50pi38:1:0.0093984095,C50pi39:1:0.0146773809,C50pi40:1:0.0201635562,C50pi41:1:0.0255640273,C50pi42:1:0.0039486842,C50pi43:1:0.0393652608,C50pi44:1:0.0056415419,C50pi45:1:0.0382833580,C50pi46:1:0.0039735086,C50pi47:1:0.0140269355,C50pi48:1:0.0476703673,C50pi49:1:0.0204062788,C50pi50:1:0.0117835304}
733  C50           22644.290    114 45516.581    45752.797    45906.522
Model C60 is alias for POISSON+G+FMIX{C60pi1:1:0.0169698865,C60pi2:1:0.0211683374,C60pi3:1:0.0276589079,C60pi4:1:0.0065675964,C60pi5:1:0.0141221416,C60pi6:1:0.0068774834,C60pi7:1:0.0146909701,C60pi8:1:0.0067225777,C60pi9:1:0.0018396660,C60pi10:1:0.0102547197,C60pi11:1:0.0230896163,C60pi12:1:0.0057941033,C60pi13:1:0.0125394534,C60pi14:1:0.0204526478,C60pi15:1:0.0070629602,C60pi16:1:0.0117982741,C60pi17:1:0.0068334668,C60pi18:1:0.0433775839,C60pi19:1:0.0318278731,C60pi20:1:0.0222546108,C60pi21:1:0.0102264969,C60pi22:1:0.0150545891,C60pi23:1:0.0134159878,C60pi24:1:0.0148552065,C60pi25:1:0.0239111516,C60pi26:1:0.0128776278,C60pi27:1:0.0222318842,C60pi28:1:0.0247444742,C60pi29:1:0.0214274810,C60pi30:1:0.0115001882,C60pi31:1:0.0076017389,C60pi32:1:0.0130258568,C60pi33:1:0.0093701965,C60pi34:1:0.0467194264,C60pi35:1:0.0441940314,C60pi36:1:0.0322263154,C60pi37:1:0.0402999891,C60pi38:1:0.0150234227,C60pi39:1:0.0104589903,C60pi40:1:0.0214742395,C60pi41:1:0.0154957836,C60pi42:1:0.0101789953,C60pi43:1:0.0227980379,C60pi44:1:0.0123204539,C60pi45:1:0.0066777583,C60pi46:1:0.0004150083,C60pi47:1:0.0344385130,C60pi48:1:0.0113663379,C60pi49:1:0.0127143049,C60pi50:1:0.0124323741,C60pi51:1:0.0262124415,C60pi52:1:0.0064994957,C60pi53:1:0.0103203293,C60pi54:1:0.0142463512,C60pi55:1:0.0215600067,C60pi56:1:0.0199150700,C60pi57:1:0.0038964200,C60pi58:1:0.0113448855,C60pi59:1:0.0128595846,C60pi60:1:0.0117656776}
WARNING: Your input class weight 0.000415008 is very small and may cause numerical issues
734  C60           22627.892    114 45483.784    45720.001    45873.725
Model EX2 is alias for MIX{BurEX2:0.672020808818762,ExpEX2:1.6413466609931}
WARNING: Normalizing state frequencies so that sum of them equals to 1
735  EX2           22965.606    114 46159.211    46395.428    46549.152
Model EX3 is alias for MIX{BurEX3:0.427672756793791,IntEX3:0.837595938019774,HExEX3:1.51863631431518}
WARNING: Normalizing state frequencies so that sum of them equals to 1
WARNING: Normalizing state frequencies so that sum of them equals to 1
736  EX3           22832.044    115 45894.088    46136.634    46287.450
Model EHO is alias for MIX{ExtEHO:0.720274356,HelEHO:0.976798797,OthEHO:0.783109376}
WARNING: Normalizing state frequencies so that sum of them equals to 1
WARNING: Normalizing state frequencies so that sum of them equals to 1
WARNING: Normalizing state frequencies so that sum of them equals to 1
737  EHO           23517.603    115 47265.206    47507.751    47658.567
Model UL2 is alias for MIX{M1_UL2:0.581348617,M2_UL2:1.465482789}
WARNING: Normalizing state frequencies so that sum of them equals to 1
738  UL2           23025.164    114 46278.327    46514.543    46668.268
Model UL3 is alias for MIX{Q1_UL3:0.484340397,Q2_UL3:0.492780514,Q3_UL3:1.15597274}
WARNING: Normalizing state frequencies so that sum of them equals to 1
WARNING: Normalizing state frequencies so that sum of them equals to 1
739  UL3           23614.111    115 47458.222    47700.768    47851.584
Model EX_EHO is alias for MIX{BUR_EXT:0.761816796788931,BUR_HEL:0.744425646802117,BUR_OTH:0.532457759429489,EXP_EXT:1.5639387472863,EXP_HEL:2.06403411829438,EXP_OTH:1.43336795177594}
WARNING: Normalizing state frequencies so that sum of them equals to 1
WARNING: Normalizing state frequencies so that sum of them equals to 1
WARNING: Normalizing state frequencies so that sum of them equals to 1
740  EX_EHO        22736.014    118 45708.029    45970.496    46111.652
Model LG4M is alias for MIX{LG4M1,LG4M2,LG4M3,LG4M4}*G4
741  LG4M          22544.852    114 45317.704    45553.920    45707.645
Model LG4X is alias for MIX{LG4X1,LG4X2,LG4X3,LG4X4}*R4
742  LG4X          22520.315    119 45278.629    45548.063    45685.673
Model CF4 is alias for POISSON+FMIX{Fclass1,Fclass2,Fclass3,Fclass4}+F+G
WARNING: Normalizing State frequencies so that sum of them equals to 1
WARNING: Normalizing State frequencies so that sum of them equals to 1
WARNING: Normalizing State frequencies so that sum of them equals to 1
WARNING: Normalizing State frequencies so that sum of them equals to 1
743  CF4           23551.618    137 47377.237    47806.919    47845.850
Model LG+C10 is alias for LG+POISSON+G+FMIX{C10pi1:1:0.1191344178,C10pi2:1:0.0874372456,C10pi3:1:0.1037105070,C10pi4:1:0.0922584809,C10pi5:1:0.1070492801,C10pi6:1:0.1329945166,C10pi7:1:0.0538028458,C10pi8:1:0.0691986212,C10pi9:1:0.1319937434,C10pi10:1:0.1024203429}
744  LG+C10        22889.910    114 46007.820    46244.037    46397.761
Model LG+C20 is alias for LG+POISSON+G+FMIX{C20pi1:1:0.0559910600,C20pi2:1:0.0514824870,C20pi3:1:0.0812922124,C20pi4:1:0.0721976867,C20pi5:1:0.0556718858,C20pi6:1:0.0331003080,C20pi7:1:0.0589501763,C20pi8:1:0.0263756889,C20pi9:1:0.0307584220,C20pi10:1:0.0376701125,C20pi11:1:0.0303058290,C20pi12:1:0.0808775576,C20pi13:1:0.0263349134,C20pi14:1:0.0579101455,C20pi15:1:0.0371248064,C20pi16:1:0.0586867766,C20pi17:1:0.0561479138,C20pi18:1:0.0349810886,C20pi19:1:0.0544937394,C20pi20:1:0.0596471901}
745  LG+C20        22722.735    114 45673.471    45909.687    46063.412
Model LG+C30 is alias for LG+POISSON+G+FMIX{C30pi1:1:0.0095783264,C30pi2:1:0.0248476365,C30pi3:1:0.0636309366,C30pi4:1:0.0537939225,C30pi5:1:0.0295885587,C30pi6:1:0.0117587936,C30pi7:1:0.0132013428,C30pi8:1:0.0236868805,C30pi9:1:0.0261687659,C30pi10:1:0.0239821974,C30pi11:1:0.0257100906,C30pi12:1:0.0465072425,C30pi13:1:0.0546794546,C30pi14:1:0.0536085131,C30pi15:1:0.0270622670,C30pi16:1:0.0403913593,C30pi17:1:0.0474212700,C30pi18:1:0.0458816478,C30pi19:1:0.0214036510,C30pi20:1:0.0290385981,C30pi21:1:0.0123391793,C30pi22:1:0.0569350229,C30pi23:1:0.0419687568,C30pi24:1:0.0339027062,C30pi25:1:0.0388777376,C30pi26:1:0.0196343766,C30pi27:1:0.0233086174,C30pi28:1:0.0622722654,C30pi29:1:0.0184803385,C30pi30:1:0.0203395454}
746  LG+C30        22669.204    114 45566.409    45802.625    45956.350
Model LG+C40 is alias for LG+POISSON+G+FMIX{C40pi1:1:0.0223853788,C40pi2:1:0.0338891820,C40pi3:1:0.0577169375,C40pi4:1:0.0252416233,C40pi5:1:0.0108607921,C40pi6:1:0.0462373793,C40pi7:1:0.0102293175,C40pi8:1:0.0147523625,C40pi9:1:0.0143161352,C40pi10:1:0.0182302541,C40pi11:1:0.0204025079,C40pi12:1:0.0425505156,C40pi13:1:0.0248627269,C40pi14:1:0.0105892988,C40pi15:1:0.0188238725,C40pi16:1:0.0086663445,C40pi17:1:0.0148496147,C40pi18:1:0.0343037402,C40pi19:1:0.0225335203,C40pi20:1:0.0174068578,C40pi21:1:0.0112207827,C40pi22:1:0.0443532245,C40pi23:1:0.0392573370,C40pi24:1:0.0196756555,C40pi25:1:0.0287690328,C40pi26:1:0.0114441177,C40pi27:1:0.0112338740,C40pi28:1:0.0582694099,C40pi29:1:0.0444272279,C40pi30:1:0.0112010942,C40pi31:1:0.0145176111,C40pi32:1:0.0114629026,C40pi33:1:0.0239628061,C40pi34:1:0.0266266492,C40pi35:1:0.0481201159,C40pi36:1:0.0371147423,C40pi37:1:0.0160476688,C40pi38:1:0.0237249267,C40pi39:1:0.0235226203,C40pi40:1:0.0261998398}
747  LG+C40        22646.169    114 45520.337    45756.554    45910.278
Model LG+C50 is alias for LG+POISSON+G+FMIX{C50pi1:1:0.0164297003,C50pi2:1:0.0273175755,C50pi3:1:0.0460247610,C50pi4:1:0.0084864734,C50pi5:1:0.0125389252,C50pi6:1:0.0343549036,C50pi7:1:0.0130241102,C50pi8:1:0.0094755681,C50pi9:1:0.0190040551,C50pi10:1:0.0151902354,C50pi11:1:0.0320534760,C50pi12:1:0.0210059850,C50pi13:1:0.0237408547,C50pi14:1:0.0239841203,C50pi15:1:0.0213748021,C50pi16:1:0.0210717705,C50pi17:1:0.0050241805,C50pi18:1:0.0166262276,C50pi19:1:0.0143945956,C50pi20:1:0.0104391130,C50pi21:1:0.0107628277,C50pi22:1:0.0148818171,C50pi23:1:0.0321480239,C50pi24:1:0.0145477978,C50pi25:1:0.0332355807,C50pi26:1:0.0143190281,C50pi27:1:0.0234478734,C50pi28:1:0.0183044983,C50pi29:1:0.0403269452,C50pi30:1:0.0135629530,C50pi31:1:0.0091880799,C50pi32:1:0.0158270022,C50pi33:1:0.0121019379,C50pi34:1:0.0353560982,C50pi35:1:0.0404495617,C50pi36:1:0.0104569232,C50pi37:1:0.0146187792,C50pi38:1:0.0093984095,C50pi39:1:0.0146773809,C50pi40:1:0.0201635562,C50pi41:1:0.0255640273,C50pi42:1:0.0039486842,C50pi43:1:0.0393652608,C50pi44:1:0.0056415419,C50pi45:1:0.0382833580,C50pi46:1:0.0039735086,C50pi47:1:0.0140269355,C50pi48:1:0.0476703673,C50pi49:1:0.0204062788,C50pi50:1:0.0117835304}
748  LG+C50        22600.636    114 45429.272    45665.488    45819.213
Model LG+C60 is alias for LG+POISSON+G+FMIX{C60pi1:1:0.0169698865,C60pi2:1:0.0211683374,C60pi3:1:0.0276589079,C60pi4:1:0.0065675964,C60pi5:1:0.0141221416,C60pi6:1:0.0068774834,C60pi7:1:0.0146909701,C60pi8:1:0.0067225777,C60pi9:1:0.0018396660,C60pi10:1:0.0102547197,C60pi11:1:0.0230896163,C60pi12:1:0.0057941033,C60pi13:1:0.0125394534,C60pi14:1:0.0204526478,C60pi15:1:0.0070629602,C60pi16:1:0.0117982741,C60pi17:1:0.0068334668,C60pi18:1:0.0433775839,C60pi19:1:0.0318278731,C60pi20:1:0.0222546108,C60pi21:1:0.0102264969,C60pi22:1:0.0150545891,C60pi23:1:0.0134159878,C60pi24:1:0.0148552065,C60pi25:1:0.0239111516,C60pi26:1:0.0128776278,C60pi27:1:0.0222318842,C60pi28:1:0.0247444742,C60pi29:1:0.0214274810,C60pi30:1:0.0115001882,C60pi31:1:0.0076017389,C60pi32:1:0.0130258568,C60pi33:1:0.0093701965,C60pi34:1:0.0467194264,C60pi35:1:0.0441940314,C60pi36:1:0.0322263154,C60pi37:1:0.0402999891,C60pi38:1:0.0150234227,C60pi39:1:0.0104589903,C60pi40:1:0.0214742395,C60pi41:1:0.0154957836,C60pi42:1:0.0101789953,C60pi43:1:0.0227980379,C60pi44:1:0.0123204539,C60pi45:1:0.0066777583,C60pi46:1:0.0004150083,C60pi47:1:0.0344385130,C60pi48:1:0.0113663379,C60pi49:1:0.0127143049,C60pi50:1:0.0124323741,C60pi51:1:0.0262124415,C60pi52:1:0.0064994957,C60pi53:1:0.0103203293,C60pi54:1:0.0142463512,C60pi55:1:0.0215600067,C60pi56:1:0.0199150700,C60pi57:1:0.0038964200,C60pi58:1:0.0113448855,C60pi59:1:0.0128595846,C60pi60:1:0.0117656776}
WARNING: Your input class weight 0.000415008 is very small and may cause numerical issues
749  LG+C60        22586.977    114 45401.953    45638.170    45791.894
Akaike Information Criterion:           Q.pfam+F+R6
Corrected Akaike Information Criterion: LG4X
Bayesian Information Criterion:         LG4X
Best-fit model: LG4X chosen according to BIC

All model information printed to iqtree_gene_trees/COG4619.model.gz
CPU time for ModelFinder: 9096.138 seconds (2h:31m:36s)
Wall-clock time for ModelFinder: 917.600 seconds (0h:15m:17s)
Generating 1000 samples for ultrafast bootstrap (seed: 99799)...
Model LG4X is alias for MIX{LG4X1,LG4X2,LG4X3,LG4X4}*R4

NOTE: 9 MB RAM (0 GB) is required!
Estimate model parameters (epsilon = 0.100)
1. Initial log-likelihood: -22520.315
Optimal log-likelihood: -22520.314
Site proportion and rates:  (0.108,0.268) (0.203,0.386) (0.329,0.807) (0.361,1.739)
Parameters optimization took 1 rounds (0.065 sec)
Wrote distance file to... 
Computing ML distances based on estimated model parameters...
Calculating distance matrix: done in 0.111799 secs using 998.8% CPU
Computing ML distances took 0.112083 sec (of wall-clock time) 1.118525 sec (of CPU time)
Setting up auxiliary I and S matrices: done in 0.00186854 secs using 575.2% CPU
Constructing RapidNJ tree: done in 0.0715268 secs using 288.5% CPU
Computing RapidNJ tree took 0.073589 sec (of wall-clock time) 0.218557 sec (of CPU time)
Log-likelihood of RapidNJ tree: -22574.605
--------------------------------------------------------------------
|             INITIALIZING CANDIDATE TREE SET                      |
--------------------------------------------------------------------
Generating 98 parsimony trees... 1.519 second
Computing log-likelihood of 98 initial trees ... 2.448 seconds
Current best score: -22520.314

Do NNI search on 20 best initial trees
Optimizing NNI: done in 0.256574 secs using 975.7% CPU
Estimate model parameters (epsilon = 0.100)
BETTER TREE FOUND at iteration 1: -22507.754
Optimizing NNI: done in 0.690513 secs using 997.1% CPU
Estimate model parameters (epsilon = 0.100)
BETTER TREE FOUND at iteration 2: -22484.905
Optimizing NNI: done in 0.407186 secs using 992.4% CPU
Optimizing NNI: done in 0.571391 secs using 997.9% CPU
Optimizing NNI: done in 0.418972 secs using 996.9% CPU
Optimizing NNI: done in 0.470381 secs using 996.6% CPU
Optimizing NNI: done in 0.480427 secs using 997.1% CPU
Optimizing NNI: done in 0.542619 secs using 996.2% CPU
Optimizing NNI: done in 0.549147 secs using 995.8% CPU
Optimizing NNI: done in 0.41923 secs using 996.8% CPU
Iteration 10 / LogL: -22496.829 / Time: 0h:0m:9s
Optimizing NNI: done in 0.617737 secs using 995.5% CPU
Optimizing NNI: done in 0.617045 secs using 996.9% CPU
Optimizing NNI: done in 0.538117 secs using 994.5% CPU
Optimizing NNI: done in 0.485788 secs using 996.8% CPU
Optimizing NNI: done in 0.628014 secs using 995.6% CPU
Optimizing NNI: done in 0.705628 secs using 993.7% CPU
Estimate model parameters (epsilon = 0.100)
BETTER TREE FOUND at iteration 16: -22481.457
Optimizing NNI: done in 0.635089 secs using 994.2% CPU
Optimizing NNI: done in 0.5404 secs using 996.9% CPU
Optimizing NNI: done in 0.570748 secs using 996.1% CPU
Optimizing NNI: done in 0.512482 secs using 997.5% CPU
Iteration 20 / LogL: -22503.540 / Time: 0h:0m:15s
Finish initializing candidate tree set (20)
Current best tree score: -22481.457 / CPU time: 15.400
Number of iterations: 20
--------------------------------------------------------------------
|               OPTIMIZING CANDIDATE TREE SET                      |
--------------------------------------------------------------------
Optimizing NNI: done in 0.640783 secs using 992.4% CPU
Optimizing NNI: done in 0.549239 secs using 996.4% CPU
Optimizing NNI: done in 0.377207 secs using 994.8% CPU
Optimizing NNI: done in 0.447564 secs using 995.8% CPU
Optimizing NNI: done in 0.466751 secs using 994.1% CPU
Optimizing NNI: done in 0.286001 secs using 993.6% CPU
Optimizing NNI: done in 0.484039 secs using 996.1% CPU
Optimizing NNI: done in 0.465543 secs using 995.1% CPU
Optimizing NNI: done in 0.497325 secs using 994.2% CPU
Optimizing NNI: done in 0.478607 secs using 992.1% CPU
Iteration 30 / LogL: -22485.750 / Time: 0h:0m:20s (0h:1m:1s left)
Optimizing NNI: done in 0.468887 secs using 995.6% CPU
Optimizing NNI: done in 0.469078 secs using 991.9% CPU
Optimizing NNI: done in 0.431324 secs using 995.2% CPU
Optimizing NNI: done in 0.492314 secs using 994.8% CPU
Optimizing NNI: done in 0.43352 secs using 997.1% CPU
Optimizing NNI: done in 0.48288 secs using 993.8% CPU
Optimizing NNI: done in 0.383825 secs using 997.3% CPU
Optimizing NNI: done in 0.46529 secs using 996.6% CPU
Optimizing NNI: done in 0.405815 secs using 996.2% CPU
Optimizing NNI: done in 0.446488 secs using 996.5% CPU
Iteration 40 / LogL: -22481.546 / Time: 0h:0m:25s (0h:0m:49s left)
Optimizing NNI: done in 0.416777 secs using 995.5% CPU
Optimizing NNI: done in 0.375076 secs using 996.1% CPU
Optimizing NNI: done in 0.545297 secs using 994.9% CPU
Optimizing NNI: done in 0.325476 secs using 995.6% CPU
Optimizing NNI: done in 0.417711 secs using 994.8% CPU
Optimizing NNI: done in 0.363838 secs using 997.9% CPU
Optimizing NNI: done in 0.446949 secs using 994.7% CPU
Optimizing NNI: done in 0.41339 secs using 995.5% CPU
Optimizing NNI: done in 0.445601 secs using 997.8% CPU
Optimizing NNI: done in 0.382989 secs using 993.5% CPU
Iteration 50 / LogL: -22487.772 / Time: 0h:0m:29s (0h:0m:39s left)
Log-likelihood cutoff on original alignment: -22526.027
UFBoot trees printed to iqtree_gene_trees/COG4619.ufboot
Optimizing NNI: done in 0.533213 secs using 995% CPU
Optimizing NNI: done in 0.418757 secs using 995.3% CPU
Optimizing NNI: done in 0.373008 secs using 989.1% CPU
Optimizing NNI: done in 0.518354 secs using 996.4% CPU
Optimizing NNI: done in 0.487561 secs using 995.5% CPU
Optimizing NNI: done in 0.377152 secs using 995.9% CPU
Optimizing NNI: done in 0.493872 secs using 996.6% CPU
Optimizing NNI: done in 0.505792 secs using 994.5% CPU
Optimizing NNI: done in 0.397597 secs using 996.8% CPU
Optimizing NNI: done in 0.507041 secs using 995.1% CPU
Iteration 60 / LogL: -22483.746 / Time: 0h:0m:34s (0h:0m:33s left)
Optimizing NNI: done in 0.506734 secs using 994.9% CPU
Optimizing NNI: done in 0.545124 secs using 991.9% CPU
Optimizing NNI: done in 0.484324 secs using 997.6% CPU
Optimizing NNI: done in 0.553112 secs using 995.5% CPU
Optimizing NNI: done in 0.381148 secs using 996.9% CPU
Optimizing NNI: done in 0.340377 secs using 994.5% CPU
Optimizing NNI: done in 0.452875 secs using 997.6% CPU
Optimizing NNI: done in 0.474489 secs using 994.8% CPU
Optimizing NNI: done in 0.477825 secs using 994.6% CPU
Optimizing NNI: done in 0.46415 secs using 997.3% CPU
Iteration 70 / LogL: -22481.481 / Time: 0h:0m:39s (0h:0m:26s left)
Optimizing NNI: done in 0.547494 secs using 994% CPU
Optimizing NNI: done in 0.579094 secs using 995.9% CPU
Optimizing NNI: done in 0.431515 secs using 997% CPU
Optimizing NNI: done in 0.367914 secs using 996.3% CPU
Optimizing NNI: done in 0.484786 secs using 993.1% CPU
Optimizing NNI: done in 0.474725 secs using 995.4% CPU
Optimizing NNI: done in 0.400318 secs using 998.1% CPU
Optimizing NNI: done in 0.455869 secs using 996.8% CPU
Optimizing NNI: done in 0.482869 secs using 994.2% CPU
Optimizing NNI: done in 0.511885 secs using 995.6% CPU
Iteration 80 / LogL: -22482.351 / Time: 0h:0m:44s (0h:0m:20s left)
Optimizing NNI: done in 0.693648 secs using 995.5% CPU
Optimizing NNI: done in 0.600232 secs using 996.5% CPU
Optimizing NNI: done in 0.43286 secs using 993.1% CPU
Optimizing NNI: done in 0.436392 secs using 995.5% CPU
Optimizing NNI: done in 0.455298 secs using 994.8% CPU
Optimizing NNI: done in 0.537399 secs using 996.3% CPU
Optimizing NNI: done in 0.394658 secs using 995.8% CPU
Optimizing NNI: done in 0.510056 secs using 994.8% CPU
Optimizing NNI: done in 0.466205 secs using 997% CPU
Optimizing NNI: done in 0.395052 secs using 996.3% CPU
Iteration 90 / LogL: -22481.571 / Time: 0h:0m:49s (0h:0m:14s left)
Optimizing NNI: done in 0.407251 secs using 997.1% CPU
Optimizing NNI: done in 0.584826 secs using 993.3% CPU
Optimizing NNI: done in 0.450791 secs using 996.5% CPU
Optimizing NNI: done in 0.610559 secs using 996.8% CPU
Optimizing NNI: done in 0.506805 secs using 997.3% CPU
Optimizing NNI: done in 0.524737 secs using 998.2% CPU
Optimizing NNI: done in 0.518576 secs using 996.4% CPU
Optimizing NNI: done in 0.445336 secs using 996.3% CPU
Optimizing NNI: done in 0.484664 secs using 994.5% CPU
Optimizing NNI: done in 0.410907 secs using 996.7% CPU
Iteration 100 / LogL: -22481.586 / Time: 0h:0m:54s (0h:0m:8s left)
Log-likelihood cutoff on original alignment: -22520.944
NOTE: Bootstrap correlation coefficient of split occurrence frequencies: 0.994
UFBoot trees printed to iqtree_gene_trees/COG4619.ufboot
Optimizing NNI: done in 0.564465 secs using 997.4% CPU
Optimizing NNI: done in 0.433329 secs using 993.4% CPU
Optimizing NNI: done in 0.38481 secs using 995.7% CPU
Optimizing NNI: done in 0.457853 secs using 997% CPU
Optimizing NNI: done in 0.549555 secs using 996.6% CPU
Optimizing NNI: done in 0.487965 secs using 996.4% CPU
Optimizing NNI: done in 0.424906 secs using 995.9% CPU
Optimizing NNI: done in 0.485262 secs using 996.5% CPU
Optimizing NNI: done in 0.347163 secs using 996.4% CPU
Optimizing NNI: done in 0.425206 secs using 996.8% CPU
Iteration 110 / LogL: -22483.154 / Time: 0h:1m:0s (0h:0m:49s left)
Optimizing NNI: done in 0.435783 secs using 994.8% CPU
Optimizing NNI: done in 0.42604 secs using 994.6% CPU
Optimizing NNI: done in 0.614919 secs using 996.3% CPU
Optimizing NNI: done in 0.487567 secs using 992.8% CPU
Optimizing NNI: done in 0.522509 secs using 997.8% CPU
Optimizing NNI: done in 0.602928 secs using 995% CPU
Optimizing NNI: done in 0.493096 secs using 995.8% CPU
TREE SEARCH COMPLETED AFTER 117 ITERATIONS / Time: 0h:1m:3s

--------------------------------------------------------------------
|                    FINALIZING TREE SEARCH                        |
--------------------------------------------------------------------
Performs final model parameters optimization
Estimate model parameters (epsilon = 0.010)
1. Initial log-likelihood: -22481.457
Optimal log-likelihood: -22481.456
Site proportion and rates:  (0.107,0.270) (0.206,0.398) (0.325,0.802) (0.362,1.735)
Parameters optimization took 1 rounds (0.075 sec)
BEST SCORE FOUND : -22481.456
Creating bootstrap support values...
Split supports printed to NEXUS file iqtree_gene_trees/COG4619.splits.nex
Total tree length: 49.020

Total number of iterations: 117
CPU time used for tree search: 596.832 sec (0h:9m:56s)
Wall-clock time used for tree search: 63.372 sec (0h:1m:3s)
Total CPU time used: 601.636 sec (0h:10m:1s)
Total wall-clock time used: 64.280 sec (0h:1m:4s)
UFBoot trees printed to iqtree_gene_trees/COG4619.ufboot

Computing bootstrap consensus tree...
Reading input file iqtree_gene_trees/COG4619.splits.nex...
58 taxa and 570 splits.
Consensus tree written to iqtree_gene_trees/COG4619.contree
Reading input trees file iqtree_gene_trees/COG4619.contree
Log-likelihood of consensus tree: -22484.521

Analysis results written to: 
  IQ-TREE report:                iqtree_gene_trees/COG4619.iqtree
  Maximum-likelihood tree:       iqtree_gene_trees/COG4619.treefile
  Likelihood distances:          iqtree_gene_trees/COG4619.mldist

Ultrafast bootstrap approximation results written to:
  Split support values:          iqtree_gene_trees/COG4619.splits.nex
  Consensus tree:                iqtree_gene_trees/COG4619.contree
  UFBoot trees:                  iqtree_gene_trees/COG4619.ufboot
  Screen log file:               iqtree_gene_trees/COG4619.log

ALISIM COMMAND
--------------
Currently, we only support exporting AliSim commands from common models of DNA, Protein, Binary, and Morphological data. To simulate data from other models (mixture, lie-markov, etc), please refer to the User Manual of AliSim. Thanks!

Date and Time: Fri Apr  7 10:10:54 2023
