IQ-TREE multicore version 2.2.0.3 COVID-edition for Linux 64-bit built May 11 2022
Developed by Bui Quang Minh, James Barbetti, Nguyen Lam Tung,
Olga Chernomor, Heiko Schmidt, Dominik Schrempf, Michael Woodhams, Ly Trong Nhan.

Host:    baross.its.carleton.edu (AVX2, FMA3, 755 GB RAM)
Command: iqtree -s gene_alignments/trimv2_COG4587.afa -m MFP -bb 1000 -wbtl -ntmax 10 -nt AUTO -T 10 --prefix iqtree_gene_trees/COG4587 -madd C10,C20,C30,C40,C50,C60,EX2,EX3,EHO,UL2,UL3,EX_EHO,LG4M,LG4X,CF4,LG+C10,LG+C20,LG+C30,LG+C40,LG+C50,LG+C60 -mrate E,I,G,I+G,R
Seed:    400357 (Using SPRNG - Scalable Parallel Random Number Generator)
Time:    Fri Apr  7 11:32:58 2023
Kernel:  AVX+FMA - 10 threads (96 CPU cores detected)

Reading alignment file gene_alignments/trimv2_COG4587.afa ... Fasta format detected
Reading fasta file: done in 0.00197006 secs using 50.86% CPU
Alignment most likely contains protein sequences
Constructing alignment: done in 0.00241579 secs using 845.5% CPU
Alignment has 152 sequences with 274 columns, 273 distinct patterns
266 parsimony-informative, 5 singleton sites, 3 constant sites
                                                                  Gap/Ambiguity  Composition  p-value
Analyzing sequences: done in 0.000103463 secs using 881.5% CPU
   1  GCA.002292925.1.Bacteria.Chloroflexota_DBCF01000197.1_2             2.55%    passed     81.49%
   2  GCF.000503775.1.Bacteria.Firmicutes_NZ_KI629782.1_1631              3.65%    passed     57.92%
   3  GCA.002786175.1.Bacteria.Chlamydiota_PEQL01000002.1_157             4.01%    passed     60.67%
   4  GCA.002898555.1.Bacteria.Armatimonadota_BEHR01000013.1_46           2.55%    passed     11.33%
   5  GCA.001800245.1.Bacteria.Elusimicrobiota_MGVA01000055.1_30          2.55%    passed     62.46%
   6  GCF.900106035.1.Bacteria.Actinobacteriota_NZ_FNUC01000004.1_1642    4.01%    failed      0.19%
   7  GCA.000999095.1.Bacteria.Patescibacteria_LCFP01000012.1_82          4.01%    passed      8.59%
   8  GCA.002440805.1.Bacteria.Chloroflexota_DJVD01000082.1_4             2.19%    passed     30.59%
   9  GCF.000353285.1.Bacteria.Cyanobacteria_NZ_KB731324.1_2344           3.65%    passed     30.33%
  10  GCA.003527145.1.Bacteria.Firmicutes.A_DPSW01000396.1_18             3.65%    passed      8.92%
  11  GCF.003047285.1.Bacteria.Actinobacteriota_NZ_PZYX01000005.1_43      1.46%    failed      0.10%
  12  GCA.002399265.1.Bacteria.Firmicutes.G_DHDG01000028.1_24             4.01%    passed     38.21%
  13  GCA.001303705.1.Bacteria.TA06_LJUI01000003.1_53                     1.82%    passed     54.26%
  14  GCF.000017845.1.Bacteria.Cyanobacteria_NC_010546.1_4413             4.38%    passed     43.18%
  15  GCA.002898575.1.Bacteria.Armatimonadota_BEHT01000027.1_19           4.01%    failed      3.02%
  16  GCF.003838225.1.Bacteria.Cyanobacteria_WP_124145073.1               4.38%    passed     34.40%
  17  GCF.000353285.1.Bacteria.Cyanobacteria_NZ_KB731324.1_5340           4.38%    passed     65.74%
  18  GCA.002693325.1.Bacteria.Latescibacterota_NZPK01000028.1_32         8.03%    passed     85.72%
  19  GCA.002429065.1.Bacteria.Verrucomicrobiota_DIYN01000050.1_61        1.09%    passed     39.00%
  20  GCA.003152075.1.Bacteria.FCPU426_PLZG01000074.1_7                   1.46%    passed     37.55%
  21  GCA.002399235.1.Bacteria.Firmicutes.G_DHDH01000032.1_7              3.28%    passed     45.91%
  22  GCA.003247575.1.Bacteria.Myxococcota.A_QJZC01000042.1_49            2.55%    failed      0.47%
  23  GCF.002251945.1.Bacteria.Cyanobacteria_NZ_NDHW01000056.1_17         4.38%    passed     89.61%
  24  GCA.002399265.1.Bacteria.Firmicutes.G_DHDG01000010.1_39             2.55%    passed     56.12%
  25  GCF.900111575.1.Bacteria.Firmicutes.D_NZ_FOIF01000002.1_151         2.55%    failed      0.00%
  26  GCA.000739515.1.Bacteria.Moduliflexota_DF820459.1_650               4.38%    passed     14.42%
  27  GCA.002786175.1.Bacteria.Chlamydiota_PEQL01000008.1_14              4.74%    failed      0.20%
  28  GCA.001775055.1.Bacteria.Patescibacteria_MFBU01000014.1_137         4.01%    failed      0.02%
  29  Nostoc.sp.PCC7120_WP_010994368.1                                    4.38%    passed     63.11%
  30  GCF.000942395.1.Bacteria.Firmicutes_NZ_LN812102.1_947               8.03%    failed      3.39%
  31  GCF.900107485.1.Bacteria.Firmicutes.A_NZ_FNQE01000003.1_96          4.01%    failed      0.00%
  32  GCA.002413265.1.Bacteria.Chloroflexota_DHWR01000231.1_24            2.55%    passed     16.13%
  33  GCA.003136555.1.Bacteria.Planctomycetota_PLEW01000150.1_14          1.46%    passed     75.58%
  34  GCF.900066015.1.Bacteria.Chloroflexota_NZ_LN890655.1_614            1.46%    passed     11.37%
  35  GCA.001777915.1.Bacteria.Edwardsbacteria_MFFN01000001.1_188         2.55%    passed     48.01%
  36  GCA.002423965.1.Bacteria.Firmicutes.D_DIOR01000027.1_110            3.65%    passed     70.41%
  37  GCF.002335525.1.Bacteria.Firmicutes_NZ_BDUF01000033.1_73            2.92%    passed     84.43%
  38  Fischerella.muscicola.CCMEE5323_WP_016864912.1                      4.38%    passed     71.13%
  39  GCF.900167455.1.Bacteria.Proteobacteria_NZ_FUWJ01000001.1_818       2.55%    failed      0.00%
  40  GCF.002335525.1.Bacteria.Firmicutes_NZ_BDUF01000057.1_79            4.01%    passed     68.57%
  41  GCF.000737335.2.Bacteria.Proteobacteria_NZ_JMCC02000038.1_4         2.92%    failed      0.06%
  42  GCF.000942395.1.Bacteria.Firmicutes_NZ_LN812102.1_1629              3.65%    passed     55.10%
  43  GCF.900099895.1.Bacteria.Firmicutes_NZ_FNDY01000008.1_85            6.20%    passed      7.29%
  44  GCA.002428325.1.Bacteria.UBP4_DIVR01000060.1_20                     4.01%    passed     13.26%
  45  GCA.002347925.1.Bacteria.Chloroflexota_DDYL01000049.1_10            4.01%    passed     11.07%
  46  GCA.002345475.1.Bacteria.Firmicutes.H_DDWC01000128.1_9              8.03%    passed     36.83%
  47  GCA.002790835.1.Bacteria.Krumholzibacteriota_PFVX01000092.1_32      0.73%    passed     78.76%
  48  GCA.001698445.1.Bacteria.Cyanobacteria_MBRF01000033.1_42            4.38%    passed     78.99%
  49  GCA.002307275.1.Bacteria.Firmicutes.A_DBTX01000025.1_36             2.92%    failed      0.00%
  50  GCF.000025005.1.Bacteria.Chloroflexota_NC_013525.1_1451             2.55%    passed     73.90%
  51  GCA.000993275.1.Bacteria.Patescibacteria_LBVV01000009.1_53          6.20%    failed      2.26%
  52  GCA.003242675.1.Bacteria.Firmicutes.E_QGVE01000114.1_7              3.65%    failed      2.25%
  53  GCF.004522215.1.Bacteria.Firmicutes_NZ_SDLR01000003.1_838           2.55%    passed     52.25%
  54  GCA.002440805.1.Bacteria.Chloroflexota_DJVD01000114.1_10            5.47%    passed     50.71%
  55  GCA.002400365.1.Bacteria.Chloroflexota_DHFK01000088.1_38            4.38%    passed     22.06%
  56  GCF.000317045.1.Bacteria.Cyanobacteria_NC_019703.1_2595             4.38%    passed     18.55%
  57  GCF.900142995.1.Bacteria.Firmicutes.A_NZ_FRCR01000008.1_96          3.28%    passed     50.14%
  58  GCA.001829315.1.Bacteria.Spirochaetota_MIAY01000001.1_111           1.82%    failed      0.00%
  59  GCF.003967555.1.Bacteria.Chloroflexota_NZ_BIFS01000001.1_4646       1.82%    passed     62.31%
  60  GCF.900107485.1.Bacteria.Firmicutes.A_NZ_FNQE01000011.1_34          6.20%    failed      0.64%
  61  GCA.002344285.1.Bacteria.Myxococcota_DDTA01000334.1_8               3.28%    failed      3.45%
  62  GCA.002338715.1.Bacteria.Planctomycetota_DDIR01000086.1_17          4.38%    passed     84.22%
  63  GCF.000013205.1.Bacteria.Cyanobacteria_NC_007775.1_882              4.38%    failed      1.21%
  64  GCF.000758165.1.Bacteria.Spirochaetota_NZ_JNUP01000067.1_58         2.55%    failed      0.58%
  65  GCF.000440555.1.Bacteria.Firmicutes_NZ_ALLG01000037.1_7             5.47%    passed      5.46%
  66  GCA.001898225.1.Bacteria.Chloroflexota_MKTJ01000061.1_19            1.82%    passed      6.72%
  67  GCF.000218765.1.Bacteria.Firmicutes_WP_007503303.1                  3.65%    passed     83.81%
  68  GCF.000503775.1.Bacteria.Firmicutes_NZ_KI629782.1_35                4.38%    passed     79.47%
  69  GCA.002451015.1.Bacteria.Acidobacteriota_DKBB01000348.1_22          2.55%    passed     69.22%
  70  GCA.002414805.1.Bacteria.Fibrobacterota_DIAU01000184.1_16           2.92%    passed     28.76%
  71  GCF.000018105.1.Bacteria.Cyanobacteria_NC_009927.1_47              18.98%    passed     74.02%
  72  GCF.000484535.1.Bacteria.Cyanobacteria_NC_022600.1_2286             4.38%    passed     20.77%
  73  GCA.003242675.1.Bacteria.Firmicutes.E_QGVE01000021.1_4              6.57%    passed      9.11%
  74  GCA.002159155.1.Bacteria.Firmicutes.G_LZRQ01000098.1_10             4.01%    failed      1.12%
  75  GCF.002215035.1.Bacteria.Cyanobacteria_NZ_NKFP01000006.1_703        4.38%    passed     41.52%
  76  GCA.002404055.1.Bacteria.Chloroflexota_DHIZ01000164.1_88            1.82%    failed      2.78%
  77  GCF.900105685.1.Bacteria.Verrucomicrobiota_NZ_LT629781.1_1078       1.46%    passed     69.51%
  78  GCA.002399265.1.Bacteria.Firmicutes.G_DHDG01000002.1_2              4.38%    passed     55.93%
  79  GCA.002305165.1.Bacteria.Armatimonadota_DBQI01000065.1_164          4.01%    passed     20.06%
  80  GCF.900099895.1.Bacteria.Firmicutes_NZ_FNDY01000045.1_13            3.65%    passed     75.85%
  81  GCF.900129635.1.Bacteria.Planctomycetota_NZ_FSRB01000002.1_644      1.46%    passed      7.41%
  82  GCA.002343185.1.Bacteria.Bdellovibrionota.C_DDRT01000012.1_34       5.47%    passed     61.28%
  83  GCA.001513145.1.Bacteria.Firmicutes.G_LFSP01000032.1_47             4.38%    passed     45.22%
  84  GCF.000018105.1.Bacteria.Cyanobacteria_NC_009925.1_5345             4.38%    passed     92.46%
  85  GCA.002898895.1.Bacteria.Armatimonadota_BEHS01000252.1_4            1.09%    passed     39.43%
  86  GCF.900104455.1.Bacteria.Firmicutes.C_NZ_FNHB01000001.1_1205        8.76%    passed      6.51%
  87  GCA.900317035.1.Bacteria.Firmicutes.A_ONFC01000181.1_2              3.28%    failed      2.31%
  88  GCA.003219195.1.Bacteria.Verrucomicrobiota_QHPX01000092.1_4         3.28%    passed     84.32%
  89  GCA.002399235.1.Bacteria.Firmicutes.G_DHDH01000032.1_10             4.38%    passed      9.72%
  90  GCA.003224665.1.Bacteria.Acidobacteriota_QHZM01000285.1_1           3.65%    passed     82.82%
  91  GCA.002400365.1.Bacteria.Chloroflexota_DHFK01000087.1_38            1.46%    passed     48.26%
  92  GCA.003508595.1.Bacteria.Planctomycetota_DNUF01000237.1_8           2.55%    passed     94.50%
  93  GCA.003167155.1.Bacteria.Eremiobacterota_PMTY01000166.1_28         15.33%    passed     95.41%
  94  GCF.003443735.1.Bacteria.Actinobacteriota_NZ_CP031969.1_1651        3.65%    failed      0.72%
  95  GCA.003538775.1.Bacteria.Thermotogota_DPRG01000039.1_3              4.01%    passed     18.83%
  96  GCA.002428325.1.Bacteria.UBP4_DIVR01000065.1_186                    2.55%    failed      1.39%
  97  GCA.002399235.1.Bacteria.Firmicutes.G_DHDH01000005.1_2              3.65%    failed      3.81%
  98  GCA.001513495.1.Bacteria.Firmicutes.G_LFTN01000127.1_4              4.01%    failed      1.09%
  99  GCA.002347925.1.Bacteria.Chloroflexota_DDYL01000118.1_7             1.82%    failed      0.35%
 100  GCA.001803875.1.Bacteria.Nitrospirota_MHEO01000049.1_8              4.74%    passed     91.55%
 101  GCA.003230795.1.Bacteria.Bdellovibrionota.C_QIGM01000312.1_4        0.73%    passed     40.62%
 102  GCA.002382525.1.Bacteria.Verrucomicrobiota_DFYA01000152.1_1        20.07%    passed     55.03%
 103  GCF.004522215.1.Bacteria.Firmicutes_NZ_SDLR01000002.1_151           3.65%    passed     32.85%
 104  GCA.001513395.1.Bacteria.Firmicutes.G_LFTP01000379.1_9              1.09%    passed     43.14%
 105  GCA.000739515.1.Bacteria.Moduliflexota_DF820456.1_846               0.73%    passed     23.09%
 106  GCA.002167285.1.Bacteria.Planctomycetota_NHDG01000006.1_8           3.28%    passed     36.72%
 107  GCA.001029735.1.Bacteria.Patescibacteria_CP011213.1_715             5.11%    failed      0.00%
 108  GCA.002413265.1.Bacteria.Chloroflexota_DHWR01000079.1_5             2.55%    passed     60.09%
 109  GCA.000406005.1.Bacteria.Poribacteria_ASZN01000050.1_27             1.46%    passed     52.77%
 110  GCF.003443735.1.Bacteria.Actinobacteriota_NZ_CP031969.1_4962        4.01%    failed      0.88%
 111  GCA.002730875.1.Bacteria.Spirochaetota_PCBI01000015.1_325           5.11%    failed      3.75%
 112  GCA.002352215.1.Bacteria.Armatimonadota_DEIB01000010.1_30           2.19%    passed     43.96%
 113  GCA.003244105.1.Bacteria.Eremiobacterota_QHBK01000006.1_148         3.65%    passed     90.95%
 114  GCA.002385465.1.Bacteria.Firmicutes.E_DGDN01000103.1_2              3.28%    passed     79.31%
 115  GCA.002396805.1.Bacteria.Firmicutes.G_DGYW01000047.1_15             3.65%    passed     53.52%
 116  GCF.900187885.1.Bacteria.Chloroflexota_NZ_FYEK01000044.1_174        3.28%    passed     25.59%
 117  GCA.001513495.1.Bacteria.Firmicutes.G_LFTN01000124.1_3              2.55%    passed     68.45%
 118  GCF.000020025.1.Bacteria.Cyanobacteria_NC_010628.1_5351             4.38%    passed     89.63%
 119  GCA.002779595.1.Archaea.Nanoarchaeota_PEWF01000098.1_14             2.92%    failed      0.01%
 120  GCA.002347925.1.Bacteria.Chloroflexota_DDYL01000113.1_31            2.55%    failed      4.04%
 121  GCA.002011615.1.Bacteria.WOR.3_MTOH01000002.1_78                    3.65%    failed      0.07%
 122  GCF.000021285.1.Bacteria.Thermotogota_WP_004104495.1                4.01%    failed      0.00%
 123  GCA.003449495.1.Bacteria.Firmicutes.E_DMHJ01000012.1_3              5.47%    failed      0.13%
 124  GCA.002784945.1.Bacteria.Patescibacteria_PFMD01000079.1_10          4.01%    passed     22.82%
 125  GCA.001803235.1.Bacteria.Verrucomicrobiota_MHBL01000263.1_8         4.01%    failed      3.20%
 126  GCF.000473895.1.Bacteria.Cyanobacteria_NZ_ASSJ01000040.1_45         2.92%    passed     16.13%
 127  GCF.000015965.1.Bacteria.Cyanobacteria_NC_009091.1_1030             3.65%    failed      0.00%
 128  GCA.001798605.1.Bacteria.Myxococcota_MGST01000377.1_25              2.92%    failed      1.84%
 129  GCF.900079095.1.Bacteria.Tectomicrobia_NZ_FKIP01000284.1_3          2.19%    passed     33.89%
 130  GCA.001412365.1.Bacteria.WOR.3_LKUE01000213.1_4                     1.46%    failed      0.00%
 131  GCF.000316115.1.Bacteria.Cyanobacteria_NZ_JH993797.1_1915           3.65%    passed     56.41%
 132  GCA.003170275.1.Bacteria.Myxococcota_PNAM01000024.1_13              3.28%    passed      6.88%
 133  GCA.001513395.1.Bacteria.Firmicutes.G_LFTP01000184.1_13             2.92%    passed     60.28%
 134  GCF.003967555.1.Bacteria.Chloroflexota_NZ_BIFS01000001.1_323        3.65%    passed     77.68%
 135  GCA.002347925.1.Bacteria.Chloroflexota_DDYL01000097.1_36            1.46%    passed     63.39%
 136  GCA.002783405.1.Bacteria.Cyanobacteria_PFGG01000013.1_38            3.28%    passed     70.72%
 137  GCA.002413265.1.Bacteria.Chloroflexota_DHWR01000299.1_4             1.09%    passed      8.65%
 138  GCA.002423325.1.Bacteria.Chloroflexota_DIVQ01000184.1_3             4.01%    failed      1.50%
 139  GCA.000961765.1.Bacteria.Firmicutes.B_LADT01000019.1_31             2.55%    passed     58.19%
 140  GCF.003967555.1.Bacteria.Chloroflexota_NZ_BIFS01000001.1_541        3.28%    passed     68.56%
 141  GCF.900177345.1.Bacteria.Proteobacteria_NZ_FWZT01000021.1_109       4.01%    passed     38.28%
 142  GCF.002277955.1.Bacteria.Planctomycetota_NZ_CP018477.1_595          1.46%    passed     65.90%
 143  GCA.001805205.1.Bacteria.Nitrospirota_MHER01000004.1_2              4.74%    failed      0.17%
 144  GCF.900104115.1.Bacteria.Firmicutes.A_NZ_FNJM01000011.1_58          1.46%    failed      0.00%
 145  GCA.000739515.1.Bacteria.Moduliflexota_DF820459.1_652               2.55%    passed     47.11%
 146  GCF.004348535.1.Bacteria.Actinobacteriota_NZ_SMJX01000241.1_5       6.57%    failed      0.00%
 147  GCA.001768075.1.Bacteria.Myxococcota_MEMX01000056.1_22              3.28%    failed      1.13%
 148  GCF.003967555.1.Bacteria.Chloroflexota_NZ_BIFS01000001.1_5155       6.57%    failed      1.77%
 149  GCF.000092905.1.Bacteria.Firmicutes_NC_014098.1_1413                1.09%    passed     69.13%
 150  GCF.000213255.1.Bacteria.Firmicutes.A_NC_015520.1_2509              2.92%    failed      0.86%
 151  GCF.900066015.1.Bacteria.Chloroflexota_NZ_LN890655.1_613            1.46%    passed     71.41%
 152  GCF.002224645.1.Bacteria.Firmicutes.B_NZ_CP022121.1_2776            2.92%    passed     64.44%
****  TOTAL                                                               3.75%  46 sequences failed composition chi2 test (p-value<5%; df=19)
Checking for duplicate sequences: done in 0.00150969 secs using 824.3% CPU


Create initial parsimony tree by phylogenetic likelihood library (PLL)... 0.084 seconds
Perform fast likelihood tree search using LG+I+G model...
Estimate model parameters (epsilon = 5.000)
Perform nearest neighbor interchange...
Optimizing NNI: done in 2.08559 secs using 994.2% CPU
Estimate model parameters (epsilon = 1.000)
1. Initial log-likelihood: -74477.938
Optimal log-likelihood: -74477.840
Proportion of invariable sites: 0.011
Gamma shape alpha: 1.822
Parameters optimization took 1 rounds (0.144 sec)
Time for fast ML tree search: 3.199 seconds

NOTE: ModelFinder requires 70 MB RAM!
ModelFinder will test up to 749 protein models (sample size: 274) ...
 No. Model         -LnL         df  AIC          AICc         BIC
  1  LG            76199.189    301 153000.378   334804.378   154087.929
  2  LG+I          76056.146    302 152716.291   335728.291   153807.456
  3  LG+G4         74509.829    302 149623.659   332635.659   150714.824
  4  LG+I+G4       74477.845    303 149561.691   333785.691   150656.469
  5  LG+R2         75030.338    303 150666.676   334890.676   151761.454
  6  LG+R3         74592.676    305 149795.352   336455.352   150897.356
  7  LG+R4         74427.567    307 149469.133   338581.133   150578.364
  8  LG+R5         74326.893    309 149271.787   340851.787   150388.243
  9  LG+R6         74282.764    311 149187.528   343251.528   150311.210
 10  LG+R7         74280.680    313 149187.361   345751.361   150318.270
 14  LG+F          75828.382    320 152296.763   357736.763   153452.964
 15  LG+F+I        75705.904    321 152053.809   358777.809   153213.623
 16  LG+F+G4       73787.431    321 148216.862   354940.862   149376.676
 17  LG+F+I+G4     73771.901    322 148187.801   356199.801   149351.228
 18  LG+F+R2       74386.995    322 149417.990   357429.990   150581.417
 19  LG+F+R3       73937.294    324 148522.588   359122.588   149693.242
 20  LG+F+R4       73719.574    326 148091.149   361295.149   149269.029
 21  LG+F+R5       73633.172    328 147922.344   363746.344   149107.450
 22  LG+F+R6       73589.022    330 147838.044   366298.044   149030.376
 23  LG+F+R7       73573.561    332 147811.123   368923.123   149010.681
 24  LG+F+R8       73568.175    334 147804.350   371584.350   149011.135
 27  WAG           76723.785    301 154049.569   335853.569   155137.121
 28  WAG+I         76572.042    302 153748.084   336760.084   154839.249
 29  WAG+G4        75222.393    302 151048.787   334060.787   152139.951
 30  WAG+I+G4      75182.838    303 150971.677   335195.677   152066.455
 31  WAG+R2        75674.904    303 151955.808   336179.808   153050.586
 32  WAG+R3        75277.709    305 151165.418   337825.418   152267.422
 33  WAG+R4        75112.573    307 150839.146   339951.146   151948.376
 34  WAG+R5        75028.067    309 150674.135   342254.135   151790.591
 35  WAG+R6        74994.027    311 150610.054   344674.054   151733.737
 36  WAG+R7        74989.367    313 150604.733   347168.733   151735.643
 40  WAG+F         75935.566    320 152511.132   357951.132   153667.333
 41  WAG+F+I       75809.522    321 152261.045   358985.045   153420.859
 42  WAG+F+G4      74246.027    321 149134.054   355858.054   150293.869
 43  WAG+F+I+G4    74225.241    322 149094.482   357106.482   150257.910
 44  WAG+F+R2      74760.720    322 150165.439   358177.439   151328.867
 45  WAG+F+R3      74344.440    324 149336.879   359936.879   150507.533
 46  WAG+F+R4      74143.288    326 148938.575   362142.575   150116.455
 47  WAG+F+R5      74074.351    328 148804.701   364628.701   149989.807
 48  WAG+F+R6      74035.638    330 148731.276   367191.276   149923.608
 49  WAG+F+R7      74032.232    332 148728.463   369840.463   149928.022
 53  JTT           77241.484    301 155084.967   336888.967   156172.519
 54  JTT+I         77035.786    302 154675.573   337687.573   155766.738
 55  JTT+G4        75537.730    302 151679.459   334691.459   152770.624
 56  JTT+I+G4      75487.043    303 151580.086   335804.086   152674.863
 57  JTT+R2        76018.512    303 152643.023   336867.023   153737.801
 58  JTT+R3        75627.425    305 151864.851   338524.851   152966.855
 59  JTT+R4        75391.103    307 151396.206   340508.206   152505.436
 60  JTT+R5        75327.882    309 151273.764   342853.764   152390.221
 61  JTT+R6        75282.830    311 151187.660   345251.660   152311.343
WARNING: Log-likelihood -75284.8 of JTT+R7 worse than JTT+R6 -75282.8
 62  JTT+R7        75284.811    313 151195.622   347759.622   152326.531
 66  JTT+F         76338.615    320 153317.229   358757.229   154473.430
 67  JTT+F+I       76153.856    321 152949.711   359673.711   154109.525
 68  JTT+F+G4      74446.963    321 149535.926   356259.926   150695.740
 69  JTT+F+I+G4    74417.522    322 149479.045   357491.045   150642.472
 70  JTT+F+R2      75006.823    322 150657.646   358669.646   151821.073
 71  JTT+F+R3      74591.356    324 149830.712   360430.712   151001.366
 72  JTT+F+R4      74334.159    326 149320.319   362524.319   150498.198
 73  JTT+F+R5      74254.444    328 149164.889   364988.889   150349.995
 74  JTT+F+R6      74213.596    330 149087.192   367547.192   150279.524
 75  JTT+F+R7      74213.180    332 149090.360   370202.360   150289.918
WARNING: Normalizing state frequencies so that sum of them equals to 1
 79  Q.pfam        75974.453    301 152550.907   334354.907   153638.458
WARNING: Normalizing state frequencies so that sum of them equals to 1
 80  Q.pfam+I      75815.733    302 152235.467   335247.467   153326.632
WARNING: Normalizing state frequencies so that sum of them equals to 1
 81  Q.pfam+G4     74306.610    302 149217.221   332229.221   150308.385
WARNING: Normalizing state frequencies so that sum of them equals to 1
 82  Q.pfam+I+G4   74265.182    303 149136.364   333360.364   150231.142
WARNING: Normalizing state frequencies so that sum of them equals to 1
 83  Q.pfam+R2     74817.991    303 150241.982   334465.982   151336.760
WARNING: Normalizing state frequencies so that sum of them equals to 1
 84  Q.pfam+R3     74385.868    305 149381.736   336041.736   150483.741
WARNING: Normalizing state frequencies so that sum of them equals to 1
 85  Q.pfam+R4     74191.642    307 148997.283   338109.283   150106.514
WARNING: Normalizing state frequencies so that sum of them equals to 1
 86  Q.pfam+R5     74090.097    309 148798.193   340378.193   149914.650
WARNING: Normalizing state frequencies so that sum of them equals to 1
 87  Q.pfam+R6     74051.962    311 148725.924   342789.924   149849.607
WARNING: Normalizing state frequencies so that sum of them equals to 1
WARNING: Log-likelihood -74057.7 of Q.pfam+R7 worse than Q.pfam+R6 -74052
 88  Q.pfam+R7     74057.735    313 148741.470   345305.470   149872.379
WARNING: Normalizing state frequencies so that sum of them equals to 1
 92  Q.pfam+F      75895.269    320 152430.537   357870.537   153586.738
WARNING: Normalizing state frequencies so that sum of them equals to 1
 93  Q.pfam+F+I    75767.148    321 152176.297   358900.297   153336.111
WARNING: Normalizing state frequencies so that sum of them equals to 1
 94  Q.pfam+F+G4   73836.288    321 148314.575   355038.575   149474.389
WARNING: Normalizing state frequencies so that sum of them equals to 1
 95  Q.pfam+F+I+G4 73818.469    322 148280.938   356292.938   149444.366
WARNING: Normalizing state frequencies so that sum of them equals to 1
 96  Q.pfam+F+R2   74436.528    322 149517.056   357529.056   150680.483
WARNING: Normalizing state frequencies so that sum of them equals to 1
 97  Q.pfam+F+R3   73992.188    324 148632.376   359232.376   149803.030
WARNING: Normalizing state frequencies so that sum of them equals to 1
 98  Q.pfam+F+R4   73767.783    326 148187.567   361391.567   149365.447
WARNING: Normalizing state frequencies so that sum of them equals to 1
 99  Q.pfam+F+R5   73681.209    328 148018.418   363842.418   149203.524
WARNING: Normalizing state frequencies so that sum of them equals to 1
100  Q.pfam+F+R6   73633.436    330 147926.871   366386.871   149119.204
WARNING: Normalizing state frequencies so that sum of them equals to 1
101  Q.pfam+F+R7   73624.087    332 147912.173   369024.173   149111.732
WARNING: Normalizing state frequencies so that sum of them equals to 1
102  Q.pfam+F+R8   73615.721    334 147899.442   371679.442   149106.227
WARNING: Normalizing state frequencies so that sum of them equals to 1
103  Q.pfam+F+R9   73615.633    336 147903.265   374367.265   149117.276
WARNING: Normalizing state frequencies so that sum of them equals to 1
105  Q.bird        78687.283    301 157976.566   339780.566   159064.118
WARNING: Normalizing state frequencies so that sum of them equals to 1
106  Q.bird+I      78426.411    302 157456.822   340468.822   158547.987
WARNING: Normalizing state frequencies so that sum of them equals to 1
107  Q.bird+G4     76546.656    302 153697.312   336709.312   154788.477
WARNING: Normalizing state frequencies so that sum of them equals to 1
108  Q.bird+I+G4   76490.016    303 153586.031   337810.031   154680.809
WARNING: Normalizing state frequencies so that sum of them equals to 1
109  Q.bird+R2     77156.252    303 154918.504   339142.504   156013.282
WARNING: Normalizing state frequencies so that sum of them equals to 1
110  Q.bird+R3     76666.013    305 153942.025   340602.025   155044.029
WARNING: Normalizing state frequencies so that sum of them equals to 1
111  Q.bird+R4     76408.464    307 153430.927   342542.927   154540.158
WARNING: Normalizing state frequencies so that sum of them equals to 1
112  Q.bird+R5     76339.115    309 153296.230   344876.230   154412.686
WARNING: Normalizing state frequencies so that sum of them equals to 1
113  Q.bird+R6     76275.558    311 153173.116   347237.116   154296.798
WARNING: Normalizing state frequencies so that sum of them equals to 1
114  Q.bird+R7     76272.659    313 153171.318   349735.318   154302.227
WARNING: Normalizing state frequencies so that sum of them equals to 1
118  Q.bird+F      77934.882    320 156509.764   361949.764   157665.965
WARNING: Normalizing state frequencies so that sum of them equals to 1
119  Q.bird+F+I    77709.127    321 156060.253   362784.253   157220.067
WARNING: Normalizing state frequencies so that sum of them equals to 1
120  Q.bird+F+G4   75484.103    321 151610.206   358334.206   152770.020
WARNING: Normalizing state frequencies so that sum of them equals to 1
121  Q.bird+F+I+G4 75445.532    322 151535.064   359547.064   152698.491
WARNING: Normalizing state frequencies so that sum of them equals to 1
122  Q.bird+F+R2   76173.971    322 152991.942   361003.942   154155.370
WARNING: Normalizing state frequencies so that sum of them equals to 1
123  Q.bird+F+R3   75654.399    324 151956.799   362556.799   153127.452
WARNING: Normalizing state frequencies so that sum of them equals to 1
124  Q.bird+F+R4   75395.864    326 151443.729   364647.729   152621.608
WARNING: Normalizing state frequencies so that sum of them equals to 1
125  Q.bird+F+R5   75288.674    328 151233.347   367057.347   152418.453
WARNING: Normalizing state frequencies so that sum of them equals to 1
126  Q.bird+F+R6   75231.381    330 151122.762   369582.762   152315.094
WARNING: Normalizing state frequencies so that sum of them equals to 1
127  Q.bird+F+R7   75220.671    332 151105.342   372217.342   152304.901
WARNING: Normalizing state frequencies so that sum of them equals to 1
128  Q.bird+F+R8   75212.043    334 151092.085   374872.085   152298.870
WARNING: Normalizing state frequencies so that sum of them equals to 1
129  Q.bird+F+R9   75208.416    336 151088.831   377552.831   152302.842
WARNING: Normalizing state frequencies so that sum of them equals to 1
131  Q.mammal      78287.004    301 157176.008   338980.008   158263.559
WARNING: Normalizing state frequencies so that sum of them equals to 1
132  Q.mammal+I    78027.707    302 156659.414   339671.414   157750.579
WARNING: Normalizing state frequencies so that sum of them equals to 1
133  Q.mammal+G4   76228.188    302 153060.377   336072.377   154151.541
WARNING: Normalizing state frequencies so that sum of them equals to 1
134  Q.mammal+I+G4 76172.262    303 152950.524   337174.524   154045.302
WARNING: Normalizing state frequencies so that sum of them equals to 1
135  Q.mammal+R2   76827.195    303 154260.390   338484.390   155355.167
WARNING: Normalizing state frequencies so that sum of them equals to 1
136  Q.mammal+R3   76349.651    305 153309.301   339969.301   154411.306
WARNING: Normalizing state frequencies so that sum of them equals to 1
137  Q.mammal+R4   76077.009    307 152768.018   341880.018   153877.248
WARNING: Normalizing state frequencies so that sum of them equals to 1
138  Q.mammal+R5   75998.113    309 152614.227   344194.227   153730.683
WARNING: Normalizing state frequencies so that sum of them equals to 1
139  Q.mammal+R6   75945.025    311 152512.051   346576.051   153635.734
WARNING: Normalizing state frequencies so that sum of them equals to 1
140  Q.mammal+R7   75940.923    313 152507.846   349071.846   153638.755
WARNING: Normalizing state frequencies so that sum of them equals to 1
144  Q.mammal+F    77483.890    320 155607.779   361047.779   156763.980
WARNING: Normalizing state frequencies so that sum of them equals to 1
145  Q.mammal+F+I  77269.749    321 155181.498   361905.498   156341.312
WARNING: Normalizing state frequencies so that sum of them equals to 1
146  Q.mammal+F+G4 75136.553    321 150915.105   357639.105   152074.919
WARNING: Normalizing state frequencies so that sum of them equals to 1
147  Q.mammal+F+I+G4 75101.235    322 150846.470   358858.470   152009.898
WARNING: Normalizing state frequencies so that sum of them equals to 1
148  Q.mammal+F+R2 75808.086    322 152260.172   360272.172   153423.599
WARNING: Normalizing state frequencies so that sum of them equals to 1
149  Q.mammal+F+R3 75290.045    324 151228.091   361828.091   152398.745
WARNING: Normalizing state frequencies so that sum of them equals to 1
150  Q.mammal+F+R4 75046.308    326 150744.616   363948.616   151922.496
WARNING: Normalizing state frequencies so that sum of them equals to 1
151  Q.mammal+F+R5 74938.002    328 150532.004   366356.004   151717.110
WARNING: Normalizing state frequencies so that sum of them equals to 1
152  Q.mammal+F+R6 74885.246    330 150430.492   368890.492   151622.825
WARNING: Normalizing state frequencies so that sum of them equals to 1
153  Q.mammal+F+R7 74871.716    332 150407.431   371519.431   151606.990
WARNING: Normalizing state frequencies so that sum of them equals to 1
154  Q.mammal+F+R8 74866.136    334 150400.272   374180.272   151607.056
157  Q.insect      77195.497    301 154992.994   336796.994   156080.546
158  Q.insect+I    76968.292    302 154540.584   337552.584   155631.748
159  Q.insect+G4   75240.740    302 151085.480   334097.480   152176.645
160  Q.insect+I+G4 75214.909    303 151035.818   335259.818   152130.596
161  Q.insect+R2   75820.848    303 152247.696   336471.696   153342.474
162  Q.insect+R3   75357.962    305 151325.924   337985.924   152427.928
163  Q.insect+R4   75102.781    307 150819.561   339931.561   151928.792
164  Q.insect+R5   75007.065    309 150632.130   342212.130   151748.587
165  Q.insect+R6   74968.376    311 150558.753   344622.753   151682.435
166  Q.insect+R7   74956.309    313 150538.617   347102.617   151669.526
167  Q.insect+R8   74951.128    315 150532.256   349612.256   151670.392
170  Q.insect+F    76340.201    320 153320.402   358760.402   154476.603
171  Q.insect+F+I  76141.379    321 152924.758   359648.758   154084.572
172  Q.insect+F+G4 74085.512    321 148813.025   355537.025   149972.839
173  Q.insect+F+I+G4 74058.738    322 148761.477   356773.477   149924.904
174  Q.insect+F+R2 74744.378    322 150132.757   358144.757   151296.184
175  Q.insect+F+R3 74264.876    324 149177.752   359777.752   150348.406
176  Q.insect+F+R4 73980.500    326 148613.000   361817.000   149790.879
177  Q.insect+F+R5 73895.853    328 148447.707   364271.707   149632.813
178  Q.insect+F+R6 73851.733    330 148363.465   366823.465   149555.798
179  Q.insect+F+R7 73836.860    332 148337.721   369449.721   149537.279
180  Q.insect+F+R8 73831.981    334 148331.962   372111.962   149538.747
WARNING: Normalizing state frequencies so that sum of them equals to 1
183  Q.plant       77223.198    301 155048.396   336852.396   156135.948
WARNING: Normalizing state frequencies so that sum of them equals to 1
184  Q.plant+I     77028.919    302 154661.837   337673.837   155753.002
WARNING: Normalizing state frequencies so that sum of them equals to 1
185  Q.plant+G4    75215.141    302 151034.281   334046.281   152125.446
WARNING: Normalizing state frequencies so that sum of them equals to 1
186  Q.plant+I+G4  75184.697    303 150975.395   335199.395   152070.172
WARNING: Normalizing state frequencies so that sum of them equals to 1
187  Q.plant+R2    75834.188    303 152274.375   336498.375   153369.153
WARNING: Normalizing state frequencies so that sum of them equals to 1
188  Q.plant+R3    75349.611    305 151309.221   337969.221   152411.225
WARNING: Normalizing state frequencies so that sum of them equals to 1
189  Q.plant+R4    75101.414    307 150816.828   339928.828   151926.058
WARNING: Normalizing state frequencies so that sum of them equals to 1
190  Q.plant+R5    74999.489    309 150616.979   342196.979   151733.435
WARNING: Normalizing state frequencies so that sum of them equals to 1
191  Q.plant+R6    74950.390    311 150522.780   344586.780   151646.463
WARNING: Normalizing state frequencies so that sum of them equals to 1
192  Q.plant+R7    74945.917    313 150517.833   347081.833   151648.743
WARNING: Normalizing state frequencies so that sum of them equals to 1
196  Q.plant+F     76762.736    320 154165.472   359605.472   155321.673
WARNING: Normalizing state frequencies so that sum of them equals to 1
197  Q.plant+F+I   76599.236    321 153840.472   360564.472   155000.286
WARNING: Normalizing state frequencies so that sum of them equals to 1
198  Q.plant+F+G4  74411.427    321 149464.855   356188.855   150624.669
WARNING: Normalizing state frequencies so that sum of them equals to 1
199  Q.plant+F+I+G4 74390.803    322 149425.606   357437.606   150589.033
WARNING: Normalizing state frequencies so that sum of them equals to 1
200  Q.plant+F+R2  75112.822    322 150869.643   358881.643   152033.071
WARNING: Normalizing state frequencies so that sum of them equals to 1
201  Q.plant+F+R3  74607.779    324 149863.558   360463.558   151034.211
WARNING: Normalizing state frequencies so that sum of them equals to 1
202  Q.plant+F+R4  74334.346    326 149320.691   362524.691   150498.571
WARNING: Normalizing state frequencies so that sum of them equals to 1
203  Q.plant+F+R5  74221.139    328 149098.277   364922.277   150283.383
WARNING: Normalizing state frequencies so that sum of them equals to 1
204  Q.plant+F+R6  74180.836    330 149021.672   367481.672   150214.004
WARNING: Normalizing state frequencies so that sum of them equals to 1
205  Q.plant+F+R7  74160.613    332 148985.226   370097.226   150184.784
WARNING: Normalizing state frequencies so that sum of them equals to 1
206  Q.plant+F+R8  74151.381    334 148970.762   372750.762   150177.546
WARNING: Normalizing state frequencies so that sum of them equals to 1
207  Q.plant+F+R9  74151.155    336 148974.309   375438.309   150188.320
WARNING: Normalizing state frequencies so that sum of them equals to 1
209  Q.yeast       77154.483    301 154910.966   336714.966   155998.518
WARNING: Normalizing state frequencies so that sum of them equals to 1
210  Q.yeast+I     76949.668    302 154503.336   337515.336   155594.501
WARNING: Normalizing state frequencies so that sum of them equals to 1
211  Q.yeast+G4    75241.593    302 151087.186   334099.186   152178.351
WARNING: Normalizing state frequencies so that sum of them equals to 1
212  Q.yeast+I+G4  75187.359    303 150980.717   335204.717   152075.495
WARNING: Normalizing state frequencies so that sum of them equals to 1
213  Q.yeast+R2    75838.801    303 152283.602   336507.602   153378.380
WARNING: Normalizing state frequencies so that sum of them equals to 1
214  Q.yeast+R3    75348.450    305 151306.900   337966.900   152408.904
WARNING: Normalizing state frequencies so that sum of them equals to 1
215  Q.yeast+R4    75136.875    307 150887.750   339999.750   151996.980
WARNING: Normalizing state frequencies so that sum of them equals to 1
216  Q.yeast+R5    75013.784    309 150645.569   342225.569   151762.025
WARNING: Normalizing state frequencies so that sum of them equals to 1
217  Q.yeast+R6    74967.029    311 150556.058   344620.058   151679.741
WARNING: Normalizing state frequencies so that sum of them equals to 1
218  Q.yeast+R7    74953.805    313 150533.610   347097.610   151664.519
WARNING: Normalizing state frequencies so that sum of them equals to 1
219  Q.yeast+R8    74945.938    315 150521.876   349601.876   151660.012
WARNING: Normalizing state frequencies so that sum of them equals to 1
220  Q.yeast+R9    74943.858    317 150521.716   352133.716   151667.077
WARNING: Normalizing state frequencies so that sum of them equals to 1
222  Q.yeast+F     75977.163    320 152594.325   358034.325   153750.526
WARNING: Normalizing state frequencies so that sum of them equals to 1
223  Q.yeast+F+I   75804.305    321 152250.609   358974.609   153410.423
WARNING: Normalizing state frequencies so that sum of them equals to 1
224  Q.yeast+F+G4  73832.454    321 148306.907   355030.907   149466.721
WARNING: Normalizing state frequencies so that sum of them equals to 1
225  Q.yeast+F+I+G4 73808.803    322 148261.605   356273.605   149425.033
WARNING: Normalizing state frequencies so that sum of them equals to 1
226  Q.yeast+F+R2  74473.427    322 149590.854   357602.854   150754.281
WARNING: Normalizing state frequencies so that sum of them equals to 1
227  Q.yeast+F+R3  74003.446    324 148654.893   359254.893   149825.546
WARNING: Normalizing state frequencies so that sum of them equals to 1
228  Q.yeast+F+R4  73739.286    326 148130.572   361334.572   149308.452
WARNING: Normalizing state frequencies so that sum of them equals to 1
229  Q.yeast+F+R5  73650.705    328 147957.411   363781.411   149142.517
WARNING: Normalizing state frequencies so that sum of them equals to 1
230  Q.yeast+F+R6  73603.226    330 147866.453   366326.453   149058.785
WARNING: Normalizing state frequencies so that sum of them equals to 1
231  Q.yeast+F+R7  73590.943    332 147845.886   368957.886   149045.445
WARNING: Normalizing state frequencies so that sum of them equals to 1
232  Q.yeast+F+R8  73584.884    334 147837.769   371617.769   149044.554
WARNING: Normalizing state frequencies so that sum of them equals to 1
233  Q.yeast+F+R9  73585.015    336 147842.029   374306.029   149056.040
235  JTTDCMut      77248.309    301 155098.619   336902.619   156186.170
236  JTTDCMut+I    77048.699    302 154701.397   337713.397   155792.562
237  JTTDCMut+G4   75562.432    302 151728.864   334740.864   152820.029
238  JTTDCMut+I+G4 75513.294    303 151632.588   335856.588   152727.365
239  JTTDCMut+R2   76040.341    303 152686.681   336910.681   153781.459
240  JTTDCMut+R3   75651.225    305 151912.450   338572.450   153014.454
241  JTTDCMut+R4   75422.331    307 151458.662   340570.662   152567.892
242  JTTDCMut+R5   75352.264    309 151322.528   342902.528   152438.985
243  JTTDCMut+R6   75308.295    311 151238.590   345302.590   152362.273
WARNING: Log-likelihood -75310.8 of JTTDCMut+R7 worse than JTTDCMut+R6 -75308.3
244  JTTDCMut+R7   75310.838    313 151247.676   347811.676   152378.585
248  JTTDCMut+F    76339.982    320 153319.963   358759.963   154476.164
249  JTTDCMut+F+I  76159.038    321 152960.076   359684.076   154119.890
250  JTTDCMut+F+G4 74457.658    321 149557.317   356281.317   150717.131
251  JTTDCMut+F+I+G4 74429.144    322 149502.288   357514.288   150665.715
252  JTTDCMut+F+R2 75015.516    322 150675.033   358687.033   151838.460
253  JTTDCMut+F+R3 74601.950    324 149851.900   360451.900   151022.554
254  JTTDCMut+F+R4 74346.035    326 149344.070   362548.070   150521.950
255  JTTDCMut+F+R5 74265.704    328 149187.408   365011.408   150372.514
256  JTTDCMut+F+R6 74226.928    330 149113.856   367573.856   150306.188
257  JTTDCMut+F+R7 74221.195    332 149106.391   370218.391   150305.949
258  JTTDCMut+F+R8 74215.982    334 149099.963   372879.963   150306.748
261  DCMut         78333.089    301 157268.177   339072.177   158355.729
262  DCMut+I       78122.783    302 156849.566   339861.566   157940.731
263  DCMut+G4      76458.769    302 153521.539   336533.539   154612.703
264  DCMut+I+G4    76403.556    303 153413.113   337637.113   154507.891
265  DCMut+R2      77023.972    303 154653.943   338877.943   155748.721
266  DCMut+R3      76585.234    305 153780.468   340440.468   154882.472
267  DCMut+R4      76325.185    307 153264.371   342376.371   154373.601
268  DCMut+R5      76227.402    309 153072.804   344652.804   154189.260
269  DCMut+R6      76180.596    311 152983.191   347047.191   154106.874
270  DCMut+R7      76167.757    313 152961.514   349525.514   154092.423
271  DCMut+R8      76158.154    315 152946.309   352026.309   154084.444
272  DCMut+R9      76151.022    317 152936.045   354548.045   154081.406
273  DCMut+R10     76150.451    319 152938.902   357098.902   154091.490
274  DCMut+F       76611.825    320 153863.650   359303.650   155019.851
275  DCMut+F+I     76430.955    321 153503.909   360227.909   154663.723
276  DCMut+F+G4    74710.316    321 150062.632   356786.632   151222.447
277  DCMut+F+I+G4  74682.598    322 150009.196   358021.196   151172.624
278  DCMut+F+R2    75296.451    322 151236.902   359248.902   152400.330
279  DCMut+F+R3    74860.005    324 150368.010   360968.010   151538.664
280  DCMut+F+R4    74590.343    326 149832.685   363036.685   151010.565
281  DCMut+F+R5    74504.132    328 149664.264   365488.264   150849.370
282  DCMut+F+R6    74466.033    330 149592.065   368052.065   150784.398
283  DCMut+F+R7    74451.283    332 149566.565   370678.565   150766.124
284  DCMut+F+R8    74439.679    334 149547.358   373327.358   150754.143
285  DCMut+F+R9    74438.909    336 149549.817   376013.817   150763.828
287  VT            76535.201    301 153672.402   335476.402   154759.953
288  VT+I          76363.535    302 153331.070   336343.070   154422.235
289  VT+G4         75125.721    302 150855.442   333867.442   151946.607
290  VT+I+G4       75080.893    303 150767.786   334991.786   151862.563
291  VT+R2         75521.565    303 151649.130   335873.130   152743.908
292  VT+R3         75174.960    305 150959.920   337619.920   152061.924
293  VT+R4         74990.135    307 150594.269   339706.269   151703.499
294  VT+R5         74927.288    309 150472.576   342052.576   151589.033
295  VT+R6         74887.848    311 150397.697   344461.697   151521.380
WARNING: Log-likelihood -74890.3 of VT+R7 worse than VT+R6 -74887.8
296  VT+R7         74890.313    313 150406.626   346970.626   151537.535
300  VT+F          75775.246    320 152190.491   357630.491   153346.692
301  VT+F+I        75627.626    321 151897.253   358621.253   153057.067
302  VT+F+G4       74194.579    321 149031.158   355755.158   150190.972
303  VT+F+I+G4     74167.201    322 148978.401   356990.401   150141.829
304  VT+F+R2       74648.427    322 149940.854   357952.854   151104.282
305  VT+F+R3       74269.424    324 149186.848   359786.848   150357.502
306  VT+F+R4       74075.712    326 148803.424   362007.424   149981.304
307  VT+F+R5       74022.153    328 148700.307   364524.307   149885.413
308  VT+F+R6       73983.482    330 148626.963   367086.963   149819.296
WARNING: Log-likelihood -73986.5 of VT+F+R7 worse than VT+F+R6 -73983.5
309  VT+F+R7       73986.514    332 148637.027   369749.027   149836.586
313  PMB           76323.747    301 153249.495   335053.495   154337.046
314  PMB+I         76177.829    302 152959.657   335971.657   154050.822
315  PMB+G4        74978.759    302 150561.518   333573.518   151652.682
316  PMB+I+G4      74943.809    303 150493.617   334717.617   151588.395
317  PMB+R2        75361.627    303 151329.254   335553.254   152424.032
318  PMB+R3        75023.196    305 150656.393   337316.393   151758.397
319  PMB+R4        74846.396    307 150306.793   339418.793   151416.023
320  PMB+R5        74796.883    309 150211.766   341791.766   151328.223
321  PMB+R6        74762.993    311 150147.985   344211.985   151271.668
WARNING: Log-likelihood -74764.6 of PMB+R7 worse than PMB+R6 -74763
322  PMB+R7        74764.552    313 150155.105   346719.105   151286.014
326  PMB+F         76192.537    320 153025.074   358465.074   154181.275
327  PMB+F+I       76059.517    321 152761.035   359485.035   153920.849
328  PMB+F+G4      74585.005    321 149812.010   356536.010   150971.824
329  PMB+F+I+G4    74561.268    322 149766.535   357778.535   150929.962
330  PMB+F+R2      75055.400    322 150754.800   358766.800   151918.227
331  PMB+F+R3      74658.333    324 149964.667   360564.667   151135.320
332  PMB+F+R4      74467.848    326 149587.695   362791.695   150765.575
333  PMB+F+R5      74409.049    328 149474.097   365298.097   150659.203
334  PMB+F+R6      74382.549    330 149425.097   367885.097   150617.430
335  PMB+F+R7      74372.269    332 149408.537   370520.537   150608.096
336  PMB+F+R8      74372.163    334 149412.327   373192.327   150619.112
339  Blosum62      76511.675    301 153625.350   335429.350   154712.902
340  Blosum62+I    76368.925    302 153341.850   336353.850   154433.015
341  Blosum62+G4   75129.114    302 150862.228   333874.228   151953.392
342  Blosum62+I+G4 75095.738    303 150797.477   335021.477   151892.254
343  Blosum62+R2   75531.533    303 151669.066   335893.066   152763.844
344  Blosum62+R3   75195.517    305 151001.034   337661.034   152103.038
345  Blosum62+R4   75012.208    307 150638.416   339750.416   151747.647
346  Blosum62+R5   74943.714    309 150505.427   342085.427   151621.884
347  Blosum62+R6   74911.725    311 150445.450   344509.450   151569.133
WARNING: Log-likelihood -74913.5 of Blosum62+R7 worse than Blosum62+R6 -74911.7
348  Blosum62+R7   74913.541    313 150453.082   347017.082   151583.991
352  Blosum62+F    76076.609    320 152793.218   358233.218   153949.419
353  Blosum62+F+I  75945.732    321 152533.465   359257.465   153693.279
354  Blosum62+F+G4 74482.230    321 149606.459   356330.459   150766.273
355  Blosum62+F+I+G4 74458.688    322 149561.376   357573.376   150724.803
356  Blosum62+F+R2 74944.742    322 150533.484   358545.484   151696.911
357  Blosum62+F+R3 74567.016    324 149782.033   360382.033   150952.686
358  Blosum62+F+R4 74366.934    326 149385.868   362589.868   150563.747
359  Blosum62+F+R5 74302.024    328 149260.048   365084.048   150445.154
360  Blosum62+F+R6 74273.240    330 149206.480   367666.480   150398.812
361  Blosum62+F+R7 74271.106    332 149206.211   370318.211   150405.770
365  Dayhoff       78338.646    301 157279.292   339083.292   158366.843
366  Dayhoff+I     78128.464    302 156860.929   339872.929   157952.094
367  Dayhoff+G4    76458.521    302 153521.043   336533.043   154612.207
368  Dayhoff+I+G4  76403.440    303 153412.880   337636.880   154507.658
369  Dayhoff+R2    77025.526    303 154657.053   338881.053   155751.830
370  Dayhoff+R3    76585.848    305 153781.696   340441.696   154883.700
371  Dayhoff+R4    76325.627    307 153265.255   342377.255   154374.485
372  Dayhoff+R5    76228.151    309 153074.302   344654.302   154190.759
373  Dayhoff+R6    76180.018    311 152982.036   347046.036   154105.719
374  Dayhoff+R7    76167.955    313 152961.910   349525.910   154092.819
375  Dayhoff+R8    76158.307    315 152946.615   352026.615   154084.750
376  Dayhoff+R9    76151.205    317 152936.411   354548.411   154081.772
377  Dayhoff+R10   76150.615    319 152939.230   357099.230   154091.818
378  Dayhoff+F     76612.199    320 153864.397   359304.397   155020.598
379  Dayhoff+F+I   76431.411    321 153504.821   360228.821   154664.635
380  Dayhoff+F+G4  74707.705    321 150057.411   356781.411   151217.225
381  Dayhoff+F+I+G4 74680.095    322 150004.190   358016.190   151167.617
382  Dayhoff+F+R2  75295.042    322 151234.084   359246.084   152397.511
383  Dayhoff+F+R3  74857.644    324 150363.289   360963.289   151533.942
384  Dayhoff+F+R4  74588.091    326 149828.183   363032.183   151006.063
385  Dayhoff+F+R5  74501.639    328 149659.278   365483.278   150844.384
386  Dayhoff+F+R6  74463.474    330 149586.948   368046.948   150779.280
387  Dayhoff+F+R7  74448.625    332 149561.251   370673.251   150760.809
388  Dayhoff+F+R8  74437.002    334 149542.003   373322.003   150748.788
389  Dayhoff+F+R9  74436.231    336 149544.461   376008.461   150758.472
391  mtREV         79515.805    301 159633.609   341437.609   160721.161
392  mtREV+I       79407.668    302 159419.336   342431.336   160510.501
393  mtREV+G4      76917.849    302 154439.699   337451.699   155530.863
394  mtREV+I+G4    76909.030    303 154424.059   338648.059   155518.837
395  mtREV+R2      77725.472    303 156056.945   340280.945   157151.722
396  mtREV+R3      77125.349    305 154860.699   341520.699   155962.703
397  mtREV+R4      76865.243    307 154344.486   343456.486   155453.716
398  mtREV+R5      76731.367    309 154080.735   345660.735   155197.191
399  mtREV+R6      76686.568    311 153995.136   348059.136   155118.819
400  mtREV+R7      76633.269    313 153892.538   350456.538   155023.447
401  mtREV+R8      76624.536    315 153879.072   352959.072   155017.208
402  mtREV+R9      76617.776    317 153869.552   355481.552   155014.914
403  mtREV+R10     76617.199    319 153872.398   358032.398   155024.986
404  mtREV+F       77369.027    320 155378.054   360818.054   156534.255
405  mtREV+F+I     77261.498    321 155164.996   361888.996   156324.810
406  mtREV+F+G4    74936.857    321 150515.715   357239.715   151675.529
407  mtREV+F+I+G4  74928.560    322 150501.119   358513.119   151664.546
408  mtREV+F+R2    75695.667    322 152035.335   360047.335   153198.762
409  mtREV+F+R3    75164.227    324 150976.454   361576.454   152147.107
410  mtREV+F+R4    74888.759    326 150429.517   363633.517   151607.397
411  mtREV+F+R5    74788.112    328 150232.223   366056.223   151417.329
412  mtREV+F+R6    74749.099    330 150158.198   368618.198   151350.530
413  mtREV+F+R7    74713.202    332 150090.404   371202.404   151289.963
