IQ-TREE multicore version 2.2.0.3 COVID-edition for Linux 64-bit built Aug  2 2022
Developed by Bui Quang Minh, James Barbetti, Nguyen Lam Tung,
Olga Chernomor, Heiko Schmidt, Dominik Schrempf, Michael Woodhams, Ly Trong Nhan.

Host:    baross.its.carleton.edu (AVX2, FMA3, 755 GB RAM)
Command: iqtree -s gene_alignments/trimv2_COG4263.afa --nmax 3000 -m MFP -bb 1000 -wbtl -ntmax 10 -nt AUTO -T 10 --prefix iqtree_gene_trees/COG4263 -madd C10,C20,C30,C40,C50,C60,EX2,EX3,EHO,UL2,UL3,EX_EHO,LG4M,LG4X,CF4,LG+C10,LG+C20,LG+C30,LG+C40,LG+C50,LG+C60 -mrate E,I,G,I+G,R
Seed:    704950 (Using SPRNG - Scalable Parallel Random Number Generator)
Time:    Sun Apr  9 23:23:53 2023
Kernel:  AVX+FMA - 10 threads (96 CPU cores detected)

Reading alignment file gene_alignments/trimv2_COG4263.afa ... Fasta format detected
Reading fasta file: done in 0.00189226 secs using 99.41% CPU
Alignment most likely contains protein sequences
Constructing alignment: done in 0.00377673 secs using 579.8% CPU
Alignment has 61 sequences with 710 columns, 705 distinct patterns
637 parsimony-informative, 59 singleton sites, 14 constant sites
                                                                Gap/Ambiguity  Composition  p-value
Analyzing sequences: done in 0.000257641 secs using 879.9% CPU
   1  GCF.000021565.1.Bacteria.Aquificota_NC_012440.1_1231             11.97%    passed     13.84%
   2  GCA.002401295.1.Bacteria.SAR324_NVSR01000116.1_19                10.56%    passed     55.74%
   3  GCA.002084765.1.Bacteria.4572.55_NBMB01000009.1_43               10.14%    passed     45.31%
   4  GCA.003170275.1.Bacteria.Myxococcota_PNAM01000059.1_83            7.46%    passed     40.88%
   5  GCF.001306175.1.Bacteria.Chloroflexota_NZ_LGKN01000003.1_674      6.48%    passed     22.63%
   6  GCA.003451595.1.Bacteria.Chloroflexota_DMDA01000124.1_2           7.75%    passed     90.76%
   7  GCF.000374645.1.Bacteria.Proteobacteria_NZ_KB894814.1_22         11.41%    passed      9.47%
   8  GCA.001780165.1.Bacteria.Eisenbacteria_MFFQ01000053.1_4          11.41%    passed     39.59%
   9  GCA.003247575.1.Bacteria.Myxococcota.A_QJZC01000020.1_165         7.89%    passed     78.95%
  10  GCF.000239355.1.Bacteria.Proteobacteria_WP_006984058.1           11.69%    passed     92.59%
  11  GCF.900116225.1.Bacteria.Bacteroidota_NZ_FOZZ01000005.1_197      10.99%    passed     50.68%
  12  GCA.002050235.1.Bacteria.Desulfobacterota.B_MWST01000011.1_71     9.01%    passed     53.28%
  13  GCF.000266945.1.Bacteria.Desulfobacterota_NC_018025.1_654        11.13%    passed     44.39%
  14  GCF.004522215.1.Bacteria.Firmicutes_NZ_SDLR01000001.1_988        13.66%    passed     80.98%
  15  GCF.900167455.1.Bacteria.Proteobacteria_NZ_FUWJ01000010.1_54     10.85%    passed     44.57%
  16  GCA.002783405.1.Bacteria.Cyanobacteria_PFGG01000050.1_64          9.44%    passed     28.18%
  17  GCA.002898535.1.Bacteria.Acidobacteriota_BEHN01000016.1_17        7.04%    passed     53.11%
  18  GCA.002084765.1.Bacteria.4572.55_NBMB01000009.1_42                5.07%    passed     27.14%
  19  GCA.002159075.1.Bacteria.Firmicutes_LZRT01000060.1_14            13.52%    passed     84.63%
  20  GCF.001535965.1.Bacteria.Bacteroidota_NZ_CZVI01000089.1_2        12.25%    passed     88.05%
  21  GCA.003232385.1.Bacteria.SZUA.79_QIJE01000039.1_15                9.86%    passed     68.32%
  22  GCF.900187885.1.Bacteria.Chloroflexota_NZ_FYEK01000012.1_135      7.46%    passed     26.47%
  23  GCA.002898675.1.Bacteria.Bacteroidota_BEHW01000047.1_9           11.41%    passed     62.26%
  24  GCA.002796975.1.Bacteria.Proteobacteria_PEKV01000014.1_128       11.27%    passed     73.49%
  25  GCF.000969705.1.Bacteria.Actinobacteriota_NZ_KQ033901.1_805       7.32%    failed      0.23%
  26  GCA.001872685.1.Bacteria.Marinisomatota_MNWS01000075.1_2         11.41%    passed     89.64%
  27  GCA.001735895.1.Bacteria.Proteobacteria_DS021199.1_1255           5.77%    passed     90.35%
  28  GCA.002483345.1.Bacteria.Bacteroidota_DLHS01000014.1_84          12.11%    passed     55.91%
  29  GCF.000284615.1.Bacteria.Proteobacteria_NC_017067.1_2859         12.25%    passed     62.93%
  30  GCA.002898315.1.Bacteria.Calescibacterota_BEHV01000005.1_113      7.32%    passed     34.03%
  31  GCF.001399755.1.Bacteria.Proteobacteria_NZ_LJCP01000007.1_360    11.27%    passed     11.62%
  32  GCA.001443375.1.Bacteria.Chloroflexota_LDXM01000020.1_15          7.04%    passed     64.56%
  33  GCF.900172325.1.Bacteria.Proteobacteria_NZ_FWFR01000002.1_465    12.11%    passed     51.55%
  34  GCF.002020875.1.Bacteria.Proteobacteria_WP_078482121.1            5.77%    passed     51.20%
  35  GCA.003235575.1.Bacteria.Eisenbacteria_QJVW01000092.1_17         11.55%    passed     76.01%
  36  GCA.002898555.1.Bacteria.Armatimonadota_BEHR01000009.1_39         7.75%    passed     68.57%
  37  GCA.001803795.1.Bacteria.Nitrospirota_MHEK01000069.1_16          15.07%    passed     40.77%
  38  GCA.002796325.1.Bacteria.UBA10199_PCXA01000001.1_243             13.24%    passed     27.70%
  39  GCF.003258945.1.Bacteria.Proteobacteria_NZ_QLIX01000021.1_46     11.69%    passed     17.69%
  40  GCA.002440805.1.Bacteria.Chloroflexota_DJVD01000081.1_7           6.06%    passed     54.13%
  41  GCF.003097315.1.Bacteria.Proteobacteria_NZ_QDDL01000004.1_256    12.68%    passed     24.81%
  42  GCF.900066015.1.Bacteria.Chloroflexota_NZ_LN890655.1_101          5.92%    passed      9.33%
  43  GCA.002840095.1.Bacteria.Proteobacteria_PGZL01000003.1_78         5.63%    passed     88.92%
  44  GCF.000013045.1.Bacteria.Bacteroidota_NC_007677.1_342            13.80%    passed     24.53%
  45  GCA.002790835.1.Bacteria.Krumholzibacteriota_PFVX01000094.1_51    5.77%    passed     71.19%
  46  GCA.001800075.1.Bacteria.Elusimicrobiota_MGUR01000060.1_2         7.18%    passed     85.33%
  47  GCA.002085445.1.Bacteria.Proteobacteria_NBMI01000145.1_1          5.77%    passed     93.29%
  48  GCA.001775255.1.Bacteria.Desulfobacterota.D_MFCJ01000118.1_8      5.92%    passed     90.25%
  49  GCA.001873295.1.Bacteria.CG2.30.70.394_MNYW01000129.1_3          14.79%    passed     84.47%
  50  GCA.002011085.1.Archaea.Thermoproteota_MTMB01000002.1_8           6.06%    passed     64.26%
  51  GCA.002898575.1.Bacteria.Armatimonadota_BEHT01000009.1_2          7.46%    passed     14.02%
  52  GCF.000315795.1.Bacteria.Proteobacteria_NZ_ANHY01000031.1_18     10.70%    passed     24.53%
  53  GCF.000021985.1.Bacteria.Proteobacteria_NC_011901.1_2560         12.39%    passed     23.56%
  54  GCF.002798435.1.Bacteria.Proteobacteria_WP_109795881.1           11.27%    passed     11.95%
  55  GCF.900489485.1.Bacteria.Bacteroidota_WP_111815633.1             10.99%    passed     10.91%
  56  GCA.002011075.1.Archaea.Thermoproteota_MTMA01000002.1_16          5.92%    passed     16.46%
  57  GCA.002455375.1.Bacteria.Bacteroidota_DKKR01000030.1_37          10.28%    passed     32.68%
  58  GCF.003258945.1.Bacteria.Proteobacteria_NZ_QLIX01000057.1_3      11.69%    passed      7.19%
  59  GCA.002747255.1.Bacteria.Acidobacteriota_PDUC01000025.1_137       5.63%    passed     71.26%
  60  GCF.001051235.1.Bacteria.Proteobacteria_NZ_CBTJ020000111.1_82    12.82%    passed     92.18%
  61  GCA.001769385.1.Bacteria.Bacteroidota_MEPB01000078.1_15          10.42%    passed     81.16%
****  TOTAL                                                             9.68%  1 sequences failed composition chi2 test (p-value<5%; df=19)
Checking for duplicate sequences: done in 0.000855951 secs using 968.4% CPU


Create initial parsimony tree by phylogenetic likelihood library (PLL)... 0.047 seconds
Perform fast likelihood tree search using LG+I+G model...
Estimate model parameters (epsilon = 5.000)
Perform nearest neighbor interchange...
Optimizing NNI: done in 1.60729 secs using 994.6% CPU
Estimate model parameters (epsilon = 1.000)
1. Initial log-likelihood: -51087.533
Optimal log-likelihood: -51087.126
Proportion of invariable sites: 0.010
Gamma shape alpha: 1.080
Parameters optimization took 1 rounds (0.292 sec)
Time for fast ML tree search: 2.737 seconds

NOTE: ModelFinder requires 71 MB RAM!
ModelFinder will test up to 749 protein models (sample size: 710) ...
 No. Model         -LnL         df  AIC          AICc         BIC
  1  LG            53323.649    119 106885.297   106933.704   107428.564
  2  LG+I          53151.381    120 106542.762   106592.066   107090.594
  3  LG+G4         51093.370    120 102426.739   102476.043   102974.571
  4  LG+I+G4       51087.141    121 102416.281   102466.492   102968.679
  5  LG+R2         51577.648    121 103397.296   103447.507   103949.693
  6  LG+R3         51161.264    123 102568.529   102620.583   103130.056
  7  LG+R4         51050.855    125 102351.709   102405.647   102922.367
  8  LG+R5         51002.454    127 102258.908   102314.770   102838.697
  9  LG+R6         50989.633    129 102237.267   102295.094   102826.186
 10  LG+R7         50987.768    131 102237.535   102297.369   102835.585
 14  LG+F          53225.843    138 106727.686   106794.873   107357.692
 15  LG+F+I        53060.501    139 106399.002   106467.282   107033.574
 16  LG+F+G4       51019.666    139 102317.333   102385.614   102951.905
 17  LG+F+I+G4     51014.174    140 102308.347   102377.732   102947.484
 18  LG+F+R2       51489.397    140 103258.795   103328.180   103897.932
 19  LG+F+R3       51081.058    142 102446.117   102517.743   103094.384
 20  LG+F+R4       50977.162    144 102242.325   102316.236   102899.723
 21  LG+F+R5       50930.209    146 102152.419   102228.660   102818.947
 22  LG+F+R6       50919.446    148 102134.892   102213.508   102810.551
 23  LG+F+R7       50917.906    150 102135.811   102216.849   102820.601
 27  WAG           53114.827    119 106467.653   106516.060   107010.920
 28  WAG+I         52948.913    120 106137.825   106187.129   106685.657
 29  WAG+G4        51169.521    120 102579.041   102628.345   103126.873
 30  WAG+I+G4      51162.619    121 102567.239   102617.450   103119.636
 31  WAG+R2        51543.547    121 103329.093   103379.304   103881.490
 32  WAG+R3        51218.466    123 102682.931   102734.986   103244.459
 33  WAG+R4        51112.296    125 102474.591   102528.529   103045.249
 34  WAG+R5        51077.001    127 102408.001   102463.864   102987.790
 35  WAG+R6        51071.120    129 102400.240   102458.068   102989.159
 40  WAG+F         53138.440    138 106552.880   106620.067   107182.886
 41  WAG+F+I       52976.389    139 106230.777   106299.058   106865.349
 42  WAG+F+G4      51208.222    139 102694.444   102762.725   103329.016
 43  WAG+F+I+G4    51201.573    140 102683.146   102752.531   103322.283
 44  WAG+F+R2      51577.266    140 103434.532   103503.917   104073.669
 45  WAG+F+R3      51255.199    142 102794.399   102866.025   103442.667
 46  WAG+F+R4      51153.038    144 102594.077   102667.988   103251.475
 47  WAG+F+R5      51116.581    146 102525.161   102601.403   103191.690
 48  WAG+F+R6      51112.031    148 102520.062   102598.679   103195.722
 53  JTT           54156.886    119 108551.772   108600.178   109095.038
 54  JTT+I         53967.577    120 108175.154   108224.458   108722.986
 55  JTT+G4        51919.116    120 104078.232   104127.536   104626.064
 56  JTT+I+G4      51912.357    121 104066.715   104116.926   104619.112
 57  JTT+R2        52364.131    121 104970.261   105020.472   105522.658
 58  JTT+R3        51973.405    123 104192.810   104244.864   104754.337
 59  JTT+R4        51866.637    125 103983.274   104037.212   104553.932
 60  JTT+R5        51821.591    127 103897.182   103953.044   104476.970
 61  JTT+R6        51811.133    129 103880.266   103938.094   104469.185
 62  JTT+R7        51808.836    131 103879.672   103939.506   104477.722
 66  JTT+F         54189.239    138 108654.478   108721.665   109284.485
 67  JTT+F+I       54006.900    139 108291.799   108360.080   108926.371
 68  JTT+F+G4      51958.573    139 104195.147   104263.427   104829.719
 69  JTT+F+I+G4    51952.645    140 104185.291   104254.675   104824.428
 70  JTT+F+R2      52408.777    140 105097.553   105166.938   105736.690
 71  JTT+F+R3      52010.052    142 104304.104   104375.730   104952.371
 72  JTT+F+R4      51910.400    144 104108.801   104182.712   104766.199
 73  JTT+F+R5      51864.897    146 104021.794   104098.035   104688.322
 74  JTT+F+R6      51855.347    148 104006.694   104085.310   104682.353
 75  JTT+F+R7      51853.094    150 104006.187   104087.225   104690.977
WARNING: Normalizing state frequencies so that sum of them equals to 1
 79  Q.pfam        53269.231    119 106776.462   106824.868   107319.728
WARNING: Normalizing state frequencies so that sum of them equals to 1
 80  Q.pfam+I      53097.570    120 106435.141   106484.445   106982.973
WARNING: Normalizing state frequencies so that sum of them equals to 1
 81  Q.pfam+G4     51057.911    120 102355.821   102405.125   102903.653
WARNING: Normalizing state frequencies so that sum of them equals to 1
 82  Q.pfam+I+G4   51051.810    121 102345.620   102395.831   102898.017
WARNING: Normalizing state frequencies so that sum of them equals to 1
 83  Q.pfam+R2     51541.305    121 103324.609   103374.820   103877.007
WARNING: Normalizing state frequencies so that sum of them equals to 1
 84  Q.pfam+R3     51122.772    123 102491.544   102543.599   103053.072
WARNING: Normalizing state frequencies so that sum of them equals to 1
 85  Q.pfam+R4     51012.236    125 102274.472   102328.410   102845.130
WARNING: Normalizing state frequencies so that sum of them equals to 1
 86  Q.pfam+R5     50963.189    127 102180.378   102236.241   102760.167
WARNING: Normalizing state frequencies so that sum of them equals to 1
 87  Q.pfam+R6     50949.059    129 102156.118   102213.945   102745.037
WARNING: Normalizing state frequencies so that sum of them equals to 1
 88  Q.pfam+R7     50948.378    131 102158.757   102218.590   102756.806
WARNING: Normalizing state frequencies so that sum of them equals to 1
 92  Q.pfam+F      53214.125    138 106704.249   106771.437   107334.256
WARNING: Normalizing state frequencies so that sum of them equals to 1
 93  Q.pfam+F+I    53049.486    139 106376.972   106445.253   107011.544
WARNING: Normalizing state frequencies so that sum of them equals to 1
 94  Q.pfam+F+G4   51020.881    139 102319.762   102388.043   102954.334
WARNING: Normalizing state frequencies so that sum of them equals to 1
 95  Q.pfam+F+I+G4 51015.768    140 102311.536   102380.921   102950.673
WARNING: Normalizing state frequencies so that sum of them equals to 1
 96  Q.pfam+F+R2   51498.045    140 103276.089   103345.474   103915.227
WARNING: Normalizing state frequencies so that sum of them equals to 1
 97  Q.pfam+F+R3   51077.686    142 102439.372   102510.998   103087.640
WARNING: Normalizing state frequencies so that sum of them equals to 1
 98  Q.pfam+F+R4   50977.528    144 102243.055   102316.967   102900.453
WARNING: Normalizing state frequencies so that sum of them equals to 1
 99  Q.pfam+F+R5   50929.382    146 102150.764   102227.005   102817.292
WARNING: Normalizing state frequencies so that sum of them equals to 1
100  Q.pfam+F+R6   50917.123    148 102130.246   102208.862   102805.905
WARNING: Normalizing state frequencies so that sum of them equals to 1
101  Q.pfam+F+R7   50916.460    150 102132.920   102213.957   102817.709
WARNING: Normalizing state frequencies so that sum of them equals to 1
105  Q.bird        56227.450    119 112692.899   112741.306   113236.166
WARNING: Normalizing state frequencies so that sum of them equals to 1
106  Q.bird+I      56005.713    120 112251.427   112300.731   112799.259
WARNING: Normalizing state frequencies so that sum of them equals to 1
107  Q.bird+G4     53386.740    120 107013.480   107062.784   107561.312
WARNING: Normalizing state frequencies so that sum of them equals to 1
108  Q.bird+I+G4   53379.926    121 107001.852   107052.063   107554.249
WARNING: Normalizing state frequencies so that sum of them equals to 1
109  Q.bird+R2     54045.506    121 108333.013   108383.224   108885.410
WARNING: Normalizing state frequencies so that sum of them equals to 1
110  Q.bird+R3     53484.954    123 107215.907   107267.962   107777.435
WARNING: Normalizing state frequencies so that sum of them equals to 1
111  Q.bird+R4     53350.347    125 106950.695   107004.633   107521.353
WARNING: Normalizing state frequencies so that sum of them equals to 1
112  Q.bird+R5     53299.765    127 106853.531   106909.393   107433.319
WARNING: Normalizing state frequencies so that sum of them equals to 1
113  Q.bird+R6     53279.478    129 106816.956   106874.784   107405.875
WARNING: Normalizing state frequencies so that sum of them equals to 1
114  Q.bird+R7     53279.463    131 106820.925   106880.759   107418.975
WARNING: Normalizing state frequencies so that sum of them equals to 1
118  Q.bird+F      56226.669    138 112729.338   112796.526   113359.345
WARNING: Normalizing state frequencies so that sum of them equals to 1
119  Q.bird+F+I    56016.276    139 112310.553   112378.833   112945.124
WARNING: Normalizing state frequencies so that sum of them equals to 1
120  Q.bird+F+G4   53338.056    139 106954.112   107022.393   107588.684
WARNING: Normalizing state frequencies so that sum of them equals to 1
121  Q.bird+F+I+G4 53331.911    140 106943.821   107013.206   107582.958
WARNING: Normalizing state frequencies so that sum of them equals to 1
122  Q.bird+F+R2   53993.680    140 108267.361   108336.745   108906.498
WARNING: Normalizing state frequencies so that sum of them equals to 1
123  Q.bird+F+R3   53436.534    142 107157.067   107228.693   107805.335
WARNING: Normalizing state frequencies so that sum of them equals to 1
124  Q.bird+F+R4   53310.647    144 106909.294   106983.205   107566.692
WARNING: Normalizing state frequencies so that sum of them equals to 1
125  Q.bird+F+R5   53261.533    146 106815.065   106891.307   107481.594
WARNING: Normalizing state frequencies so that sum of them equals to 1
126  Q.bird+F+R6   53240.936    148 106777.873   106856.489   107453.532
WARNING: Normalizing state frequencies so that sum of them equals to 1
127  Q.bird+F+R7   53240.916    150 106781.833   106862.870   107466.623
WARNING: Normalizing state frequencies so that sum of them equals to 1
131  Q.mammal      55493.314    119 111224.627   111273.034   111767.894
WARNING: Normalizing state frequencies so that sum of them equals to 1
132  Q.mammal+I    55284.163    120 110808.326   110857.630   111356.158
WARNING: Normalizing state frequencies so that sum of them equals to 1
133  Q.mammal+G4   52874.106    120 105988.213   106037.517   106536.044
WARNING: Normalizing state frequencies so that sum of them equals to 1
134  Q.mammal+I+G4 52868.304    121 105978.608   106028.819   106531.005
WARNING: Normalizing state frequencies so that sum of them equals to 1
135  Q.mammal+R2   53496.903    121 107235.806   107286.017   107788.203
WARNING: Normalizing state frequencies so that sum of them equals to 1
136  Q.mammal+R3   52952.891    123 106151.783   106203.837   106713.310
WARNING: Normalizing state frequencies so that sum of them equals to 1
137  Q.mammal+R4   52836.228    125 105922.456   105976.395   106493.114
WARNING: Normalizing state frequencies so that sum of them equals to 1
138  Q.mammal+R5   52786.927    127 105827.854   105883.716   106407.642
WARNING: Normalizing state frequencies so that sum of them equals to 1
139  Q.mammal+R6   52770.101    129 105798.202   105856.030   106387.121
WARNING: Normalizing state frequencies so that sum of them equals to 1
140  Q.mammal+R7   52770.060    131 105802.120   105861.954   106400.170
WARNING: Normalizing state frequencies so that sum of them equals to 1
144  Q.mammal+F    55428.889    138 111133.778   111200.965   111763.785
WARNING: Normalizing state frequencies so that sum of them equals to 1
145  Q.mammal+F+I  55230.441    139 110738.883   110807.164   111373.455
WARNING: Normalizing state frequencies so that sum of them equals to 1
146  Q.mammal+F+G4 52777.188    139 105832.376   105900.657   106466.948
WARNING: Normalizing state frequencies so that sum of them equals to 1
147  Q.mammal+F+I+G4 52771.861    140 105823.721   105893.106   106462.858
WARNING: Normalizing state frequencies so that sum of them equals to 1
148  Q.mammal+F+R2 53393.100    140 107066.200   107135.585   107705.338
WARNING: Normalizing state frequencies so that sum of them equals to 1
149  Q.mammal+F+R3 52856.101    142 105996.202   106067.828   106644.470
WARNING: Normalizing state frequencies so that sum of them equals to 1
150  Q.mammal+F+R4 52746.004    144 105780.008   105853.920   106437.406
WARNING: Normalizing state frequencies so that sum of them equals to 1
151  Q.mammal+F+R5 52699.789    146 105691.577   105767.819   106358.106
WARNING: Normalizing state frequencies so that sum of them equals to 1
152  Q.mammal+F+R6 52683.043    148 105662.087   105740.703   106337.746
WARNING: Normalizing state frequencies so that sum of them equals to 1
153  Q.mammal+F+R7 52683.035    150 105666.069   105747.107   106350.859
157  Q.insect      54060.373    119 108358.746   108407.153   108902.012
158  Q.insect+I    53867.666    120 107975.332   108024.636   108523.164
159  Q.insect+G4   51591.966    120 103423.931   103473.235   103971.763
160  Q.insect+I+G4 51588.066    121 103418.131   103468.342   103970.528
161  Q.insect+R2   52156.373    121 104554.747   104604.958   105107.144
162  Q.insect+R3   51665.477    123 103576.955   103629.009   104138.482
163  Q.insect+R4   51553.584    125 103357.168   103411.106   103927.826
164  Q.insect+R5   51489.033    127 103232.067   103287.929   103811.855
165  Q.insect+R6   51477.011    129 103212.022   103269.850   103800.942
166  Q.insect+R7   51476.489    131 103214.979   103274.812   103813.028
170  Q.insect+F    53994.978    138 108265.956   108333.144   108895.963
171  Q.insect+F+I  53811.589    139 107901.178   107969.458   108535.750
172  Q.insect+F+G4 51570.601    139 103419.202   103487.483   104053.774
173  Q.insect+F+I+G4 51567.449    140 103414.897   103484.282   104054.034
174  Q.insect+F+R2 52110.388    140 104500.775   104570.160   105139.913
175  Q.insect+F+R3 51641.579    142 103567.159   103638.785   104215.426
176  Q.insect+F+R4 51531.481    144 103350.961   103424.873   104008.359
177  Q.insect+F+R5 51472.410    146 103236.820   103313.062   103903.349
178  Q.insect+F+R6 51461.593    148 103219.187   103297.803   103894.846
179  Q.insect+F+R7 51460.279    150 103220.557   103301.595   103905.347
WARNING: Normalizing state frequencies so that sum of them equals to 1
183  Q.plant       55007.688    119 110253.376   110301.783   110796.643
WARNING: Normalizing state frequencies so that sum of them equals to 1
184  Q.plant+I     54812.141    120 109864.282   109913.586   110412.114
WARNING: Normalizing state frequencies so that sum of them equals to 1
185  Q.plant+G4    52313.279    120 104866.557   104915.861   105414.389
WARNING: Normalizing state frequencies so that sum of them equals to 1
186  Q.plant+I+G4  52308.641    121 104859.282   104909.493   105411.679
WARNING: Normalizing state frequencies so that sum of them equals to 1
187  Q.plant+R2    52941.009    121 106124.018   106174.229   106676.415
WARNING: Normalizing state frequencies so that sum of them equals to 1
188  Q.plant+R3    52395.159    123 105036.318   105088.373   105597.846
WARNING: Normalizing state frequencies so that sum of them equals to 1
189  Q.plant+R4    52279.262    125 104808.524   104862.462   105379.182
WARNING: Normalizing state frequencies so that sum of them equals to 1
190  Q.plant+R5    52216.850    127 104687.701   104743.563   105267.489
WARNING: Normalizing state frequencies so that sum of them equals to 1
191  Q.plant+R6    52202.185    129 104662.369   104720.197   105251.288
WARNING: Normalizing state frequencies so that sum of them equals to 1
192  Q.plant+R7    52198.779    131 104659.558   104719.392   105257.608
WARNING: Normalizing state frequencies so that sum of them equals to 1
196  Q.plant+F     54936.662    138 110149.325   110216.512   110779.331
WARNING: Normalizing state frequencies so that sum of them equals to 1
197  Q.plant+F+I   54746.721    139 109771.442   109839.723   110406.014
WARNING: Normalizing state frequencies so that sum of them equals to 1
198  Q.plant+F+G4  52284.630    139 104847.261   104915.541   105481.833
WARNING: Normalizing state frequencies so that sum of them equals to 1
199  Q.plant+F+I+G4 52280.518    140 104841.036   104910.420   105480.173
WARNING: Normalizing state frequencies so that sum of them equals to 1
200  Q.plant+F+R2  52896.915    140 106073.830   106143.215   106712.967
WARNING: Normalizing state frequencies so that sum of them equals to 1
201  Q.plant+F+R3  52359.436    142 105002.873   105074.499   105651.141
WARNING: Normalizing state frequencies so that sum of them equals to 1
202  Q.plant+F+R4  52249.428    144 104786.855   104860.767   105444.254
WARNING: Normalizing state frequencies so that sum of them equals to 1
203  Q.plant+F+R5  52187.754    146 104667.508   104743.749   105334.036
WARNING: Normalizing state frequencies so that sum of them equals to 1
204  Q.plant+F+R6  52176.441    148 104648.883   104727.500   105324.542
WARNING: Normalizing state frequencies so that sum of them equals to 1
205  Q.plant+F+R7  52172.658    150 104645.315   104726.353   105330.105
WARNING: Normalizing state frequencies so that sum of them equals to 1
209  Q.yeast       53873.731    119 107985.463   108033.869   108528.729
WARNING: Normalizing state frequencies so that sum of them equals to 1
210  Q.yeast+I     53689.645    120 107619.290   107668.594   108167.122
WARNING: Normalizing state frequencies so that sum of them equals to 1
211  Q.yeast+G4    51479.666    120 103199.332   103248.636   103747.164
WARNING: Normalizing state frequencies so that sum of them equals to 1
212  Q.yeast+I+G4  51474.299    121 103190.598   103240.809   103742.995
WARNING: Normalizing state frequencies so that sum of them equals to 1
213  Q.yeast+R2    52008.689    121 104259.379   104309.589   104811.776
WARNING: Normalizing state frequencies so that sum of them equals to 1
214  Q.yeast+R3    51555.587    123 103357.173   103409.228   103918.701
WARNING: Normalizing state frequencies so that sum of them equals to 1
215  Q.yeast+R4    51436.139    125 103122.278   103176.217   103692.936
WARNING: Normalizing state frequencies so that sum of them equals to 1
216  Q.yeast+R5    51371.921    127 102997.842   103053.705   103577.631
WARNING: Normalizing state frequencies so that sum of them equals to 1
217  Q.yeast+R6    51355.467    129 102968.933   103026.761   103557.852
WARNING: Normalizing state frequencies so that sum of them equals to 1
218  Q.yeast+R7    51355.109    131 102972.219   103032.053   103570.268
WARNING: Normalizing state frequencies so that sum of them equals to 1
222  Q.yeast+F     53646.670    138 107569.339   107636.527   108199.346
WARNING: Normalizing state frequencies so that sum of them equals to 1
223  Q.yeast+F+I   53471.219    139 107220.437   107288.718   107855.009
WARNING: Normalizing state frequencies so that sum of them equals to 1
224  Q.yeast+F+G4  51307.544    139 102893.087   102961.368   103527.659
WARNING: Normalizing state frequencies so that sum of them equals to 1
225  Q.yeast+F+I+G4 51303.359    140 102886.719   102956.104   103525.856
WARNING: Normalizing state frequencies so that sum of them equals to 1
226  Q.yeast+F+R2  51814.230    140 103908.460   103977.845   104547.597
WARNING: Normalizing state frequencies so that sum of them equals to 1
227  Q.yeast+F+R3  51377.620    142 103039.241   103110.867   103687.508
WARNING: Normalizing state frequencies so that sum of them equals to 1
228  Q.yeast+F+R4  51263.840    144 102815.680   102889.591   103473.078
WARNING: Normalizing state frequencies so that sum of them equals to 1
229  Q.yeast+F+R5  51204.351    146 102700.702   102776.944   103367.231
WARNING: Normalizing state frequencies so that sum of them equals to 1
230  Q.yeast+F+R6  51191.041    148 102678.083   102756.699   103353.742
WARNING: Normalizing state frequencies so that sum of them equals to 1
231  Q.yeast+F+R7  51190.255    150 102680.510   102761.548   103365.300
235  JTTDCMut      54136.304    119 108510.607   108559.014   109053.874
236  JTTDCMut+I    53948.479    120 108136.958   108186.262   108684.790
237  JTTDCMut+G4   51907.903    120 104055.805   104105.109   104603.637
238  JTTDCMut+I+G4 51901.268    121 104044.537   104094.748   104596.934
239  JTTDCMut+R2   52352.005    121 104946.009   104996.220   105498.406
240  JTTDCMut+R3   51961.128    123 104168.255   104220.310   104729.783
241  JTTDCMut+R4   51855.489    125 103960.978   104014.917   104531.636
242  JTTDCMut+R5   51809.115    127 103872.230   103928.093   104452.019
243  JTTDCMut+R6   51799.372    129 103856.744   103914.571   104445.663
244  JTTDCMut+R7   51796.940    131 103855.880   103915.714   104453.930
248  JTTDCMut+F    54174.277    138 108624.555   108691.742   109254.561
249  JTTDCMut+F+I  53993.435    139 108264.871   108333.151   108899.443
250  JTTDCMut+F+G4 51950.089    139 104178.178   104246.459   104812.750
251  JTTDCMut+F+I+G4 51944.339    140 104168.677   104238.062   104807.814
252  JTTDCMut+F+R2 52400.535    140 105081.069   105150.454   105720.206
253  JTTDCMut+F+R3 52000.878    142 104285.756   104357.383   104934.024
254  JTTDCMut+F+R4 51902.135    144 104092.269   104166.181   104749.667
255  JTTDCMut+F+R5 51855.026    146 104002.052   104078.294   104668.581
256  JTTDCMut+F+R6 51846.352    148 103988.703   104067.320   104664.363
257  JTTDCMut+F+R7 51843.940    150 103987.879   104068.917   104672.669
261  DCMut         54405.027    119 109048.053   109096.460   109591.320
262  DCMut+I       54217.000    120 108674.000   108723.304   109221.832
263  DCMut+G4      52088.902    120 104417.803   104467.107   104965.635
264  DCMut+I+G4    52080.287    121 104402.574   104452.785   104954.971
265  DCMut+R2      52525.827    121 105293.655   105343.865   105846.052
266  DCMut+R3      52145.798    123 104537.595   104589.650   105099.123
267  DCMut+R4      52029.847    125 104309.695   104363.633   104880.353
268  DCMut+R5      51973.706    127 104201.413   104257.275   104781.202
269  DCMut+R6      51956.495    129 104170.990   104228.818   104759.909
270  DCMut+R7      51955.973    131 104173.946   104233.780   104771.996
274  DCMut+F       54418.527    138 109113.055   109180.242   109743.061
275  DCMut+F+I     54239.105    139 108756.210   108824.490   109390.781
276  DCMut+F+G4    52113.947    139 104505.895   104574.175   105140.466
277  DCMut+F+I+G4  52107.130    140 104494.260   104563.645   105133.397
278  DCMut+F+R2    52565.729    140 105411.458   105480.842   106050.595
279  DCMut+F+R3    52173.956    142 104631.912   104703.539   105280.180
280  DCMut+F+R4    52063.049    144 104414.097   104488.009   105071.496
281  DCMut+F+R5    52006.179    146 104304.358   104380.600   104970.887
282  DCMut+F+R6    51988.603    148 104273.206   104351.822   104948.865
283  DCMut+F+R7    51988.558    150 104277.117   104358.154   104961.906
287  VT            53187.088    119 106612.177   106660.584   107155.443
288  VT+I          53017.838    120 106275.676   106324.980   106823.508
289  VT+G4         51291.732    120 102823.464   102872.768   103371.296
290  VT+I+G4       51284.864    121 102811.727   102861.938   103364.124
291  VT+R2         51642.077    121 103526.154   103576.365   104078.551
292  VT+R3         51327.298    123 102900.596   102952.651   103462.124
293  VT+R4         51230.497    125 102710.993   102764.931   103281.651
294  VT+R5         51200.493    127 102654.987   102710.849   103234.776
295  VT+R6         51194.353    129 102646.707   102704.535   103235.626
300  VT+F          53160.494    138 106596.987   106664.174   107226.994
301  VT+F+I        52995.812    139 106269.625   106337.905   106904.196
302  VT+F+G4       51287.048    139 102852.097   102920.378   103486.669
303  VT+F+I+G4     51280.443    140 102840.885   102910.270   103480.022
304  VT+F+R2       51628.578    140 103537.156   103606.541   104176.293
305  VT+F+R3       51318.679    142 102921.358   102992.984   103569.626
306  VT+F+R4       51227.183    144 102742.365   102816.277   103399.763
307  VT+F+R5       51197.754    146 102687.508   102763.750   103354.037
308  VT+F+R6       51193.124    148 102682.247   102760.864   103357.906
313  PMB           53172.019    119 106582.037   106630.444   107125.304
314  PMB+I         53015.970    120 106271.940   106321.244   106819.772
315  PMB+G4        51388.184    120 103016.367   103065.671   103564.199
316  PMB+I+G4      51381.065    121 103004.130   103054.341   103556.527
317  PMB+R2        51723.972    121 103689.944   103740.155   104242.341
318  PMB+R3        51415.466    123 103076.931   103128.986   103638.459
319  PMB+R4        51336.807    125 102923.614   102977.552   103494.272
320  PMB+R5        51307.978    127 102869.956   102925.818   103449.744
321  PMB+R6        51303.483    129 102864.967   102922.794   103453.886
326  PMB+F         53154.980    138 106585.960   106653.148   107215.967
327  PMB+F+I       52997.806    139 106273.613   106341.893   106908.184
328  PMB+F+G4      51370.970    139 103019.940   103088.221   103654.512
329  PMB+F+I+G4    51363.824    140 103007.648   103077.033   103646.785
330  PMB+F+R2      51695.512    140 103671.024   103740.409   104310.161
331  PMB+F+R3      51395.345    142 103074.690   103146.316   103722.958
332  PMB+F+R4      51317.634    144 102923.268   102997.179   103580.666
333  PMB+F+R5      51288.752    146 102869.504   102945.745   103536.033
334  PMB+F+R6      51284.528    148 102865.055   102943.672   103540.714
339  Blosum62      53110.350    119 106458.700   106507.107   107001.966
340  Blosum62+I    52953.231    120 106146.462   106195.766   106694.294
341  Blosum62+G4   51304.396    120 102848.793   102898.096   103396.624
342  Blosum62+I+G4 51297.178    121 102836.357   102886.567   103388.754
343  Blosum62+R2   51658.121    121 103558.242   103608.453   104110.639
344  Blosum62+R3   51340.089    123 102926.178   102978.232   103487.705
345  Blosum62+R4   51252.594    125 102755.188   102809.127   103325.847
346  Blosum62+R5   51222.149    127 102698.298   102754.161   103278.087
347  Blosum62+R6   51214.925    129 102687.850   102745.677   103276.769
348  Blosum62+R7   51214.278    131 102690.556   102750.390   103288.606
352  Blosum62+F    53117.872    138 106511.744   106578.931   107141.750
353  Blosum62+F+I  52960.034    139 106198.068   106266.349   106832.640
354  Blosum62+F+G4 51318.874    139 102915.749   102984.029   103550.321
355  Blosum62+F+I+G4 51311.709    140 102903.418   102972.803   103542.555
356  Blosum62+F+R2 51655.913    140 103591.826   103661.211   104230.963
357  Blosum62+F+R3 51351.695    142 102987.389   103059.015   103635.657
358  Blosum62+F+R4 51264.059    144 102816.118   102890.030   103473.516
359  Blosum62+F+R5 51234.979    146 102761.959   102838.200   103428.487
360  Blosum62+F+R6 51229.500    148 102755.000   102833.617   103430.660
365  Dayhoff       54413.285    119 109064.571   109112.978   109607.837
366  Dayhoff+I     54225.173    120 108690.345   108739.649   109238.177
367  Dayhoff+G4    52091.688    120 104423.375   104472.679   104971.207
368  Dayhoff+I+G4  52083.006    121 104408.013   104458.224   104960.410
369  Dayhoff+R2    52530.412    121 105302.824   105353.035   105855.221
370  Dayhoff+R3    52149.093    123 104544.187   104596.242   105105.715
371  Dayhoff+R4    52032.771    125 104315.542   104369.480   104886.200
372  Dayhoff+R5    51976.717    127 104207.434   104263.297   104787.223
373  Dayhoff+R6    51959.368    129 104176.735   104234.563   104765.654
374  Dayhoff+R7    51958.871    131 104179.742   104239.576   104777.792
378  Dayhoff+F     54427.235    138 109130.471   109197.658   109760.477
379  Dayhoff+F+I   54247.744    139 108773.488   108841.769   109408.060
380  Dayhoff+F+G4  52116.983    139 104511.966   104580.247   105146.538
381  Dayhoff+F+I+G4 52110.084    140 104500.167   104569.552   105139.304
382  Dayhoff+F+R2  52570.660    140 105421.320   105490.705   106060.457
383  Dayhoff+F+R3  52177.357    142 104638.715   104710.341   105286.982
384  Dayhoff+F+R4  52066.226    144 104420.452   104494.363   105077.850
385  Dayhoff+F+R5  52009.394    146 104310.788   104387.029   104977.316
386  Dayhoff+F+R6  51991.627    148 104279.254   104357.871   104954.913
387  Dayhoff+F+R7  51991.617    150 104283.233   104364.271   104968.023
391  mtREV         57345.096    119 114928.193   114976.599   115471.459
392  mtREV+I       57189.709    120 114619.418   114668.722   115167.250
393  mtREV+G4      54369.568    120 108979.137   109028.440   109526.968
394  mtREV+I+G4    54362.541    121 108967.081   109017.292   109519.478
395  mtREV+R2      55082.605    121 110407.211   110457.421   110959.608
396  mtREV+R3      54490.319    123 109226.638   109278.693   109788.166
397  mtREV+R4      54352.211    125 108954.422   109008.360   109525.080
398  mtREV+R5      54300.749    127 108855.498   108911.360   109435.286
399  mtREV+R6      54271.831    129 108801.663   108859.490   109390.582
400  mtREV+R7      54270.793    131 108803.587   108863.421   109401.636
404  mtREV+F       55370.769    138 111017.538   111084.725   111647.545
405  mtREV+F+I     55211.880    139 110701.759   110770.040   111336.331
406  mtREV+F+G4    52730.444    139 105738.888   105807.169   106373.460
407  mtREV+F+I+G4  52724.550    140 105729.100   105798.485   106368.237
408  mtREV+F+R2    53356.851    140 106993.702   107063.087   107632.839
409  mtREV+F+R3    52818.794    142 105921.588   105993.214   106569.856
410  mtREV+F+R4    52699.177    144 105686.353   105760.265   106343.751
411  mtREV+F+R5    52643.578    146 105579.156   105655.398   106245.685
412  mtREV+F+R6    52622.687    148 105541.374   105619.990   106217.033
413  mtREV+F+R7    52616.113    150 105532.226   105613.263   106217.015
414  mtREV+F+R8    52613.288    152 105530.576   105614.081   106224.497
417  mtART         58844.742    119 117927.485   117975.892   118470.751
418  mtART+I       58692.851    120 117625.703   117675.007   118173.534
419  mtART+G4      54931.227    120 110102.454   110151.758   110650.286
420  mtART+I+G4    54925.095    121 110092.189   110142.400   110644.586
421  mtART+R2      55698.191    121 111638.382   111688.593   112190.779
422  mtART+R3      55108.350    123 110462.699   110514.754   111024.227
423  mtART+R4      54911.724    125 110073.448   110127.386   110644.106
424  mtART+R5      54840.314    127 109934.627   109990.490   110514.416
425  mtART+R6      54796.435    129 109850.870   109908.698   110439.789
426  mtART+R7      54785.487    131 109832.975   109892.809   110431.024
427  mtART+R8      54778.440    133 109822.880   109884.762   110430.061
428  mtART+R9      54777.400    135 109824.800   109888.772   110441.110
430  mtART+F       56388.812    138 113053.624   113120.812   113683.631
431  mtART+F+I     56233.872    139 112745.744   112814.025   113380.316
432  mtART+F+G4    53139.052    139 106556.104   106624.385   107190.676
433  mtART+F+I+G4  53131.794    140 106543.588   106612.973   107182.725
434  mtART+F+R2    53883.422    140 108046.845   108116.230   108685.982
435  mtART+F+R3    53260.314    142 106804.629   106876.255   107452.896
436  mtART+F+R4    53128.956    144 106545.912   106619.824   107203.310
437  mtART+F+R5    53033.204    146 106358.408   106434.650   107024.937
438  mtART+F+R6    53000.603    148 106297.206   106375.823   106972.865
439  mtART+F+R7    52993.649    150 106287.298   106368.335   106972.087
440  mtART+F+R8    52993.405    152 106290.811   106374.315   106984.731
443  mtZOA         56924.856    119 114087.713   114136.120   114630.979
444  mtZOA+I       56777.017    120 113794.033   113843.337   114341.865
445  mtZOA+G4      53497.790    120 107235.581   107284.884   107783.412
446  mtZOA+I+G4    53491.720    121 107225.441   107275.651   107777.838
447  mtZOA+R2      54176.708    121 108595.416   108645.627   109147.814
448  mtZOA+R3      53636.137    123 107518.275   107570.329   108079.802
449  mtZOA+R4      53485.751    125 107221.502   107275.440   107792.160
450  mtZOA+R5      53416.032    127 107086.065   107141.927   107665.854
451  mtZOA+R6      53376.575    129 107011.150   107068.977   107600.069
452  mtZOA+R7      53369.543    131 107001.085   107060.919   107599.135
453  mtZOA+R8      53369.353    133 107004.706   107066.588   107611.886
456  mtZOA+F       55225.100    138 110726.200   110793.388   111356.207
457  mtZOA+F+I     55068.580    139 110415.160   110483.440   111049.731
458  mtZOA+F+G4    52354.482    139 104986.965   105055.246   105621.537
459  mtZOA+F+I+G4  52347.359    140 104974.718   105044.103   105613.856
460  mtZOA+F+R2    52984.942    140 106249.885   106319.270   106889.022
461  mtZOA+F+R3    52461.615    142 105207.230   105278.856   105855.498
462  mtZOA+F+R4    52336.300    144 104960.601   105034.512   105617.999
463  mtZOA+F+R5    52261.817    146 104815.633   104891.875   105482.162
464  mtZOA+F+R6    52228.743    148 104753.487   104832.103   105429.146
465  mtZOA+F+R7    52226.430    150 104752.860   104833.897   105437.649
469  mtMet         57601.014    119 115440.028   115488.435   115983.295
470  mtMet+I       57452.221    120 115144.443   115193.747   115692.274
471  mtMet+G4      54450.485    120 109140.969   109190.273   109688.801
472  mtMet+I+G4    54447.079    121 109136.157   109186.368   109688.554
473  mtMet+R2      55111.931    121 110465.862   110516.073   111018.259
474  mtMet+R3      54568.710    123 109383.421   109435.476   109944.949
475  mtMet+R4      54437.775    125 109125.550   109179.488   109696.208
476  mtMet+R5      54372.785    127 108999.571   109055.433   109579.359
477  mtMet+R6      54346.795    129 108951.589   109009.417   109540.509
478  mtMet+R7      54341.382    131 108944.764   109004.598   109542.814
482  mtMet+F       55617.703    138 111511.405   111578.592   112141.412
483  mtMet+F+I     55458.452    139 111194.904   111263.185   111829.476
484  mtMet+F+G4    52816.135    139 105910.269   105978.550   106544.841
485  mtMet+F+I+G4  52811.566    140 105903.132   105972.517   106542.269
486  mtMet+F+R2    53429.880    140 107139.760   107209.145   107778.897
487  mtMet+F+R3    52913.840    142 106111.680   106183.306   106759.947
488  mtMet+F+R4    52798.757    144 105885.515   105959.426   106542.913
489  mtMet+F+R5    52731.614    146 105755.228   105831.470   106421.757
490  mtMet+F+R6    52702.677    148 105701.353   105779.970   106377.012
491  mtMet+F+R7    52700.616    150 105701.233   105782.270   106386.022
495  mtVer         58882.528    119 118003.056   118051.463   118546.323
496  mtVer+I       58717.750    120 117675.500   117724.804   118223.332
497  mtVer+G4      55182.139    120 110604.279   110653.583   111152.111
498  mtVer+I+G4    55180.060    121 110602.120   110652.330   111154.517
499  mtVer+R2      55966.621    121 112175.241   112225.452   112727.638
500  mtVer+R3      55316.584    123 110879.167   110931.222   111440.695
501  mtVer+R4      55169.129    125 110588.258   110642.197   111158.917
502  mtVer+R5      55090.271    127 110434.541   110490.404   111014.330
503  mtVer+R6      55063.301    129 110384.601   110442.429   110973.521
504  mtVer+R7      55055.718    131 110373.435   110433.269   110971.485
505  mtVer+R8      55049.050    133 110364.101   110425.982   110971.281
506  mtVer+R9      55048.994    135 110367.988   110431.960   110984.299
508  mtVer+F       57112.380    138 114500.759   114567.947   115130.766
509  mtVer+F+I     56932.093    139 114142.185   114210.466   114776.757
510  mtVer+F+G4    53931.397    139 108140.795   108209.075   108775.366
511  mtVer+F+I+G4  53927.717    140 108135.435   108204.820   108774.572
512  mtVer+F+R2    54666.423    140 109612.846   109682.231   110251.984
513  mtVer+F+R3    54060.418    142 108404.836   108476.462   109053.103
514  mtVer+F+R4    53913.384    144 108114.768   108188.680   108772.167
515  mtVer+F+R5    53820.004    146 107932.007   108008.249   108598.536
516  mtVer+F+R6    53790.925    148 107877.849   107956.466   108553.508
517  mtVer+F+R7    53783.667    150 107867.335   107948.372   108552.124
518  mtVer+F+R8    53783.706    152 107871.412   107954.917   108565.332
521  mtInv         57265.599    119 114769.197   114817.604   115312.464
522  mtInv+I       57116.090    120 114472.181   114521.485   115020.013
523  mtInv+G4      54453.816    120 109147.632   109196.936   109695.464
524  mtInv+I+G4    54449.631    121 109141.262   109191.472   109693.659
525  mtInv+R2      55058.638    121 110359.276   110409.487   110911.673
526  mtInv+R3      54555.993    123 109357.987   109410.041   109919.514
527  mtInv+R4      54435.441    125 109120.882   109174.820   109691.540
528  mtInv+R5      54381.158    127 109016.317   109072.179   109596.105
529  mtInv+R6      54352.493    129 108962.986   109020.814   109551.905
530  mtInv+R7      54350.520    131 108963.039   109022.873   109561.089
534  mtInv+F       54742.959    138 109761.918   109829.105   110391.924
535  mtInv+F+I     54580.433    139 109438.865   109507.146   110073.437
536  mtInv+F+G4    52212.223    139 104702.445   104770.726   105337.017
537  mtInv+F+I+G4  52206.210    140 104692.421   104761.806   105331.558
538  mtInv+F+R2    52765.225    140 105810.451   105879.836   106449.588
539  mtInv+F+R3    52294.582    142 104873.164   104944.790   105521.431
540  mtInv+F+R4    52186.660    144 104661.319   104735.231   105318.717
541  mtInv+F+R5    52126.676    146 104545.352   104621.594   105211.881
542  mtInv+F+R6    52102.802    148 104501.603   104580.220   105177.263
543  mtInv+F+R7    52102.005    150 104504.010   104585.048   105188.800
547  mtMAM         60703.256    119 121644.513   121692.920   122187.779
548  mtMAM+I       60536.767    120 121313.535   121362.839   121861.367
549  mtMAM+G4      56130.902    120 112501.804   112551.108   113049.636
550  mtMAM+I+G4    56124.374    121 112490.749   112540.960   113043.146
551  mtMAM+R2      57062.746    121 114367.493   114417.704   114919.890
552  mtMAM+R3      56316.977    123 112879.954   112932.009   113441.482
553  mtMAM+R4      56112.135    125 112474.270   112528.208   113044.928
554  mtMAM+R5      56020.235    127 112294.470   112350.332   112874.258
555  mtMAM+R6      55974.658    129 112207.316   112265.143   112796.235
556  mtMAM+R7      55969.090    131 112200.181   112260.015   112798.230
560  mtMAM+F       58280.587    138 116837.174   116904.362   117467.181
561  mtMAM+F+I     58103.576    139 116485.152   116553.433   117119.724
562  mtMAM+F+G4    54552.613    139 109383.226   109451.507   110017.798
563  mtMAM+F+I+G4  54548.096    140 109376.192   109445.577   110015.329
564  mtMAM+F+R2    55421.320    140 111122.639   111192.024   111761.776
565  mtMAM+F+R3    54712.607    142 109709.214   109780.840   110357.481
566  mtMAM+F+R4    54536.496    144 109360.993   109434.904   110018.391
567  mtMAM+F+R5    54454.754    146 109201.508   109277.749   109868.036
568  mtMAM+F+R6    54414.652    148 109125.305   109203.922   109800.964
569  mtMAM+F+R7    54400.970    150 109101.941   109182.978   109786.731
570  mtMAM+F+R8    54391.254    152 109086.508   109170.012   109780.428
571  mtMAM+F+R9    54389.638    154 109087.276   109173.294   109790.327
WARNING: Normalizing state frequencies so that sum of them equals to 1
573  FLAVI         58071.155    119 116380.310   116428.717   116923.576
WARNING: Normalizing state frequencies so that sum of them equals to 1
574  FLAVI+I       57866.961    120 115973.923   116023.227   116521.755
WARNING: Normalizing state frequencies so that sum of them equals to 1
575  FLAVI+G4      54948.861    120 110137.722   110187.026   110685.554
WARNING: Normalizing state frequencies so that sum of them equals to 1
576  FLAVI+I+G4    54940.754    121 110123.508   110173.719   110675.905
WARNING: Normalizing state frequencies so that sum of them equals to 1
577  FLAVI+R2      55649.736    121 111541.471   111591.682   112093.868
WARNING: Normalizing state frequencies so that sum of them equals to 1
578  FLAVI+R3      55083.742    123 110413.485   110465.539   110975.012
WARNING: Normalizing state frequencies so that sum of them equals to 1
579  FLAVI+R4      54932.093    125 110114.185   110168.124   110684.844
WARNING: Normalizing state frequencies so that sum of them equals to 1
580  FLAVI+R5      54872.943    127 109999.887   110055.750   110579.676
WARNING: Normalizing state frequencies so that sum of them equals to 1
581  FLAVI+R6      54843.312    129 109944.623   110002.451   110533.542
WARNING: Normalizing state frequencies so that sum of them equals to 1
582  FLAVI+R7      54828.603    131 109919.205   109979.039   110517.255
WARNING: Normalizing state frequencies so that sum of them equals to 1
583  FLAVI+R8      54828.159    133 109922.319   109984.201   110529.499
WARNING: Normalizing state frequencies so that sum of them equals to 1
586  FLAVI+F       58098.835    138 116473.670   116540.857   117103.676
WARNING: Normalizing state frequencies so that sum of them equals to 1
587  FLAVI+F+I     57892.081    139 116062.162   116130.443   116696.734
WARNING: Normalizing state frequencies so that sum of them equals to 1
588  FLAVI+F+G4    55046.062    139 110370.124   110438.404   111004.695
WARNING: Normalizing state frequencies so that sum of them equals to 1
589  FLAVI+F+I+G4  55036.891    140 110353.781   110423.166   110992.918
WARNING: Normalizing state frequencies so that sum of them equals to 1
590  FLAVI+F+R2    55758.963    140 111797.925   111867.310   112437.062
WARNING: Normalizing state frequencies so that sum of them equals to 1
591  FLAVI+F+R3    55151.021    142 110586.042   110657.668   111234.310
WARNING: Normalizing state frequencies so that sum of them equals to 1
592  FLAVI+F+R4    55031.223    144 110350.447   110424.358   111007.845
WARNING: Normalizing state frequencies so that sum of them equals to 1
593  FLAVI+F+R5    54951.830    146 110195.660   110271.902   110862.189
WARNING: Normalizing state frequencies so that sum of them equals to 1
594  FLAVI+F+R6    54924.333    148 110144.666   110223.283   110820.325
WARNING: Normalizing state frequencies so that sum of them equals to 1
595  FLAVI+F+R7    54909.040    150 110118.080   110199.117   110802.870
WARNING: Normalizing state frequencies so that sum of them equals to 1
596  FLAVI+F+R8    54908.009    152 110120.017   110203.522   110813.938
599  HIVb          56310.420    119 112858.840   112907.247   113402.107
600  HIVb+I        56084.255    120 112408.511   112457.815   112956.343
601  HIVb+G4       53609.251    120 107458.501   107507.805   108006.333
602  HIVb+I+G4     53600.126    121 107442.253   107492.464   107994.650
603  HIVb+R2       54176.082    121 108594.165   108644.376   109146.562
604  HIVb+R3       53695.344    123 107636.689   107688.744   108198.217
605  HIVb+R4       53558.557    125 107367.115   107421.053   107937.773
606  HIVb+R5       53513.467    127 107280.935   107336.797   107860.724
607  HIVb+R6       53495.712    129 107249.424   107307.251   107838.343
608  HIVb+R7       53491.551    131 107245.102   107304.936   107843.152
612  HIVb+F        56182.461    138 112640.922   112708.110   113270.929
613  HIVb+F+I      55975.544    139 112229.088   112297.369   112863.660
614  HIVb+F+G4     53476.950    139 107231.901   107300.182   107866.473
615  HIVb+F+I+G4   53470.171    140 107220.342   107289.727   107859.479
616  HIVb+F+R2     54066.393    140 108412.787   108482.172   109051.924
617  HIVb+F+R3     53556.051    142 107396.101   107467.727   108044.369
618  HIVb+F+R4     53431.910    144 107151.820   107225.731   107809.218
619  HIVb+F+R5     53382.079    146 107056.158   107132.400   107722.687
620  HIVb+F+R6     53365.750    148 107027.500   107106.117   107703.159
621  HIVb+F+R7     53362.330    150 107024.659   107105.697   107709.449
625  HIVw          58836.858    119 117911.715   117960.122   118454.982
626  HIVw+I        58562.193    120 117364.386   117413.690   117912.218
627  HIVw+G4       56170.423    120 112580.847   112630.150   113128.678
628  HIVw+I+G4     56153.321    121 112548.642   112598.853   113101.039
629  HIVw+R2       56750.269    121 113742.537   113792.748   114294.934
630  HIVw+R3       56258.705    123 112763.410   112815.464   113324.937
631  HIVw+R4       56100.952    125 112451.904   112505.842   113022.562
632  HIVw+R5       56033.320    127 112320.639   112376.502   112900.428
633  HIVw+R6       56009.580    129 112277.160   112334.988   112866.080
634  HIVw+R7       56009.394    131 112280.788   112340.622   112878.837
638  HIVw+F        58245.568    138 116767.136   116834.323   117397.142
639  HIVw+F+I      57992.632    139 116263.264   116331.545   116897.836
640  HIVw+F+G4     55536.557    139 111351.114   111419.395   111985.686
641  HIVw+F+I+G4   55523.246    140 111326.491   111395.876   111965.628
642  HIVw+F+R2     56128.563    140 112537.125   112606.510   113176.263
643  HIVw+F+R3     55631.737    142 111547.474   111619.101   112195.742
644  HIVw+F+R4     55475.023    144 111238.046   111311.957   111895.444
645  HIVw+F+R5     55410.517    146 111113.034   111189.276   111779.563
646  HIVw+F+R6     55390.365    148 111076.729   111155.346   111752.389
647  HIVw+F+R7     55388.146    150 111076.292   111157.329   111761.081
651  FLU           55458.378    119 111154.755   111203.162   111698.022
652  FLU+I         55246.663    120 110733.326   110782.630   111281.158
653  FLU+G4        53069.656    120 106379.312   106428.616   106927.144
654  FLU+I+G4      53057.564    121 106357.129   106407.339   106909.526
655  FLU+R2        53627.839    121 107497.677   107547.888   108050.074
656  FLU+R3        53141.412    123 106528.824   106580.879   107090.351
657  FLU+R4        53025.319    125 106300.637   106354.576   106871.296
658  FLU+R5        52971.394    127 106196.788   106252.651   106776.577
659  FLU+R6        52957.145    129 106172.290   106230.117   106761.209
660  FLU+R7        52957.228    131 106176.455   106236.289   106774.505
664  FLU+F         55199.233    138 110674.466   110741.653   111304.473
665  FLU+F+I       55000.607    139 110279.214   110347.494   110913.785
666  FLU+F+G4      52804.964    139 105887.928   105956.209   106522.500
667  FLU+F+I+G4    52794.776    140 105869.552   105938.937   106508.689
668  FLU+F+R2      53362.041    140 107004.082   107073.467   107643.219
669  FLU+F+R3      52876.867    142 106037.735   106109.361   106686.002
670  FLU+F+R4      52765.106    144 105818.212   105892.123   106475.610
671  FLU+F+R5      52715.076    146 105722.152   105798.394   106388.681
672  FLU+F+R6      52702.510    148 105701.020   105779.636   106376.679
673  FLU+F+R7      52702.213    150 105704.426   105785.464   106389.216
677  rtREV         53727.402    119 107692.804   107741.211   108236.071
678  rtREV+I       53559.242    120 107358.484   107407.788   107906.316
679  rtREV+G4      51505.332    120 103250.665   103299.969   103798.496
680  rtREV+I+G4    51497.885    121 103237.771   103287.982   103790.168
681  rtREV+R2      51985.330    121 104212.661   104262.872   104765.058
682  rtREV+R3      51574.412    123 103394.825   103446.879   103956.352
683  rtREV+R4      51456.689    125 103163.378   103217.317   103734.036
684  rtREV+R5      51414.018    127 103082.036   103137.898   103661.824
685  rtREV+R6      51396.665    129 103051.331   103109.158   103640.250
686  rtREV+R7      51395.627    131 103053.254   103113.088   103651.304
690  rtREV+F       53474.198    138 107224.395   107291.583   107854.402
691  rtREV+F+I     53313.027    139 106904.053   106972.334   107538.625
692  rtREV+F+G4    51245.322    139 102768.643   102836.924   103403.215
693  rtREV+F+I+G4  51240.014    140 102760.027   102829.412   103399.164
694  rtREV+F+R2    51716.781    140 103713.562   103782.947   104352.699
695  rtREV+F+R3    51308.411    142 102900.822   102972.449   103549.090
696  rtREV+F+R4    51199.106    144 102686.213   102760.124   103343.611
697  rtREV+F+R5    51152.942    146 102597.884   102674.126   103264.413
698  rtREV+F+R6    51139.816    148 102575.631   102654.248   103251.290
699  rtREV+F+R7    51138.932    150 102577.864   102658.902   103262.654
703  cpREV         53854.892    119 107947.784   107996.190   108491.050
704  cpREV+I       53700.805    120 107641.610   107690.914   108189.442
705  cpREV+G4      51872.236    120 103984.473   104033.777   104532.305
706  cpREV+I+G4    51864.807    121 103971.613   104021.824   104524.010
707  cpREV+R2      52284.657    121 104811.313   104861.524   105363.710
708  cpREV+R3      51917.221    123 104080.443   104132.497   104641.970
709  cpREV+R4      51820.476    125 103890.952   103944.891   104461.610
710  cpREV+R5      51783.163    127 103820.327   103876.189   104400.116
711  cpREV+R6      51772.988    129 103803.976   103861.804   104392.896
712  cpREV+R7      51772.384    131 103806.768   103866.602   104404.818
716  cpREV+F       53772.181    138 107820.361   107887.549   108450.368
717  cpREV+F+I     53618.655    139 107515.311   107583.591   108149.882
718  cpREV+F+G4    51745.140    139 103768.280   103836.560   104402.851
719  cpREV+F+I+G4  51738.592    140 103757.183   103826.568   104396.320
720  cpREV+F+R2    52147.908    140 104575.816   104645.201   105214.954
721  cpREV+F+R3    51788.015    142 103860.030   103931.657   104508.298
722  cpREV+F+R4    51692.559    144 103673.119   103747.030   104330.517
723  cpREV+F+R5    51658.428    146 103608.856   103685.097   104275.385
724  cpREV+F+R6    51645.973    148 103587.946   103666.562   104263.605
725  cpREV+F+R7    51643.013    150 103586.026   103667.064   104270.816
Model C10 is alias for POISSON+G+FMIX{C10pi1:1:0.1191344178,C10pi2:1:0.0874372456,C10pi3:1:0.1037105070,C10pi4:1:0.0922584809,C10pi5:1:0.1070492801,C10pi6:1:0.1329945166,C10pi7:1:0.0538028458,C10pi8:1:0.0691986212,C10pi9:1:0.1319937434,C10pi10:1:0.1024203429}
729  C10           51474.879    120 103189.758   103239.062   103737.589
Model C20 is alias for POISSON+G+FMIX{C20pi1:1:0.0559910600,C20pi2:1:0.0514824870,C20pi3:1:0.0812922124,C20pi4:1:0.0721976867,C20pi5:1:0.0556718858,C20pi6:1:0.0331003080,C20pi7:1:0.0589501763,C20pi8:1:0.0263756889,C20pi9:1:0.0307584220,C20pi10:1:0.0376701125,C20pi11:1:0.0303058290,C20pi12:1:0.0808775576,C20pi13:1:0.0263349134,C20pi14:1:0.0579101455,C20pi15:1:0.0371248064,C20pi16:1:0.0586867766,C20pi17:1:0.0561479138,C20pi18:1:0.0349810886,C20pi19:1:0.0544937394,C20pi20:1:0.0596471901}
730  C20           51073.351    120 102386.702   102436.006   102934.534
Model C30 is alias for POISSON+G+FMIX{C30pi1:1:0.0095783264,C30pi2:1:0.0248476365,C30pi3:1:0.0636309366,C30pi4:1:0.0537939225,C30pi5:1:0.0295885587,C30pi6:1:0.0117587936,C30pi7:1:0.0132013428,C30pi8:1:0.0236868805,C30pi9:1:0.0261687659,C30pi10:1:0.0239821974,C30pi11:1:0.0257100906,C30pi12:1:0.0465072425,C30pi13:1:0.0546794546,C30pi14:1:0.0536085131,C30pi15:1:0.0270622670,C30pi16:1:0.0403913593,C30pi17:1:0.0474212700,C30pi18:1:0.0458816478,C30pi19:1:0.0214036510,C30pi20:1:0.0290385981,C30pi21:1:0.0123391793,C30pi22:1:0.0569350229,C30pi23:1:0.0419687568,C30pi24:1:0.0339027062,C30pi25:1:0.0388777376,C30pi26:1:0.0196343766,C30pi27:1:0.0233086174,C30pi28:1:0.0622722654,C30pi29:1:0.0184803385,C30pi30:1:0.0203395454}
731  C30           50909.955    120 102059.911   102109.214   102607.742
Model C40 is alias for POISSON+G+FMIX{C40pi1:1:0.0223853788,C40pi2:1:0.0338891820,C40pi3:1:0.0577169375,C40pi4:1:0.0252416233,C40pi5:1:0.0108607921,C40pi6:1:0.0462373793,C40pi7:1:0.0102293175,C40pi8:1:0.0147523625,C40pi9:1:0.0143161352,C40pi10:1:0.0182302541,C40pi11:1:0.0204025079,C40pi12:1:0.0425505156,C40pi13:1:0.0248627269,C40pi14:1:0.0105892988,C40pi15:1:0.0188238725,C40pi16:1:0.0086663445,C40pi17:1:0.0148496147,C40pi18:1:0.0343037402,C40pi19:1:0.0225335203,C40pi20:1:0.0174068578,C40pi21:1:0.0112207827,C40pi22:1:0.0443532245,C40pi23:1:0.0392573370,C40pi24:1:0.0196756555,C40pi25:1:0.0287690328,C40pi26:1:0.0114441177,C40pi27:1:0.0112338740,C40pi28:1:0.0582694099,C40pi29:1:0.0444272279,C40pi30:1:0.0112010942,C40pi31:1:0.0145176111,C40pi32:1:0.0114629026,C40pi33:1:0.0239628061,C40pi34:1:0.0266266492,C40pi35:1:0.0481201159,C40pi36:1:0.0371147423,C40pi37:1:0.0160476688,C40pi38:1:0.0237249267,C40pi39:1:0.0235226203,C40pi40:1:0.0261998398}
732  C40           50822.415    120 101884.829   101934.133   102432.661
Model C50 is alias for POISSON+G+FMIX{C50pi1:1:0.0164297003,C50pi2:1:0.0273175755,C50pi3:1:0.0460247610,C50pi4:1:0.0084864734,C50pi5:1:0.0125389252,C50pi6:1:0.0343549036,C50pi7:1:0.0130241102,C50pi8:1:0.0094755681,C50pi9:1:0.0190040551,C50pi10:1:0.0151902354,C50pi11:1:0.0320534760,C50pi12:1:0.0210059850,C50pi13:1:0.0237408547,C50pi14:1:0.0239841203,C50pi15:1:0.0213748021,C50pi16:1:0.0210717705,C50pi17:1:0.0050241805,C50pi18:1:0.0166262276,C50pi19:1:0.0143945956,C50pi20:1:0.0104391130,C50pi21:1:0.0107628277,C50pi22:1:0.0148818171,C50pi23:1:0.0321480239,C50pi24:1:0.0145477978,C50pi25:1:0.0332355807,C50pi26:1:0.0143190281,C50pi27:1:0.0234478734,C50pi28:1:0.0183044983,C50pi29:1:0.0403269452,C50pi30:1:0.0135629530,C50pi31:1:0.0091880799,C50pi32:1:0.0158270022,C50pi33:1:0.0121019379,C50pi34:1:0.0353560982,C50pi35:1:0.0404495617,C50pi36:1:0.0104569232,C50pi37:1:0.0146187792,C50pi38:1:0.0093984095,C50pi39:1:0.0146773809,C50pi40:1:0.0201635562,C50pi41:1:0.0255640273,C50pi42:1:0.0039486842,C50pi43:1:0.0393652608,C50pi44:1:0.0056415419,C50pi45:1:0.0382833580,C50pi46:1:0.0039735086,C50pi47:1:0.0140269355,C50pi48:1:0.0476703673,C50pi49:1:0.0204062788,C50pi50:1:0.0117835304}
733  C50           50820.978    120 101881.956   101931.260   102429.788
Model C60 is alias for POISSON+G+FMIX{C60pi1:1:0.0169698865,C60pi2:1:0.0211683374,C60pi3:1:0.0276589079,C60pi4:1:0.0065675964,C60pi5:1:0.0141221416,C60pi6:1:0.0068774834,C60pi7:1:0.0146909701,C60pi8:1:0.0067225777,C60pi9:1:0.0018396660,C60pi10:1:0.0102547197,C60pi11:1:0.0230896163,C60pi12:1:0.0057941033,C60pi13:1:0.0125394534,C60pi14:1:0.0204526478,C60pi15:1:0.0070629602,C60pi16:1:0.0117982741,C60pi17:1:0.0068334668,C60pi18:1:0.0433775839,C60pi19:1:0.0318278731,C60pi20:1:0.0222546108,C60pi21:1:0.0102264969,C60pi22:1:0.0150545891,C60pi23:1:0.0134159878,C60pi24:1:0.0148552065,C60pi25:1:0.0239111516,C60pi26:1:0.0128776278,C60pi27:1:0.0222318842,C60pi28:1:0.0247444742,C60pi29:1:0.0214274810,C60pi30:1:0.0115001882,C60pi31:1:0.0076017389,C60pi32:1:0.0130258568,C60pi33:1:0.0093701965,C60pi34:1:0.0467194264,C60pi35:1:0.0441940314,C60pi36:1:0.0322263154,C60pi37:1:0.0402999891,C60pi38:1:0.0150234227,C60pi39:1:0.0104589903,C60pi40:1:0.0214742395,C60pi41:1:0.0154957836,C60pi42:1:0.0101789953,C60pi43:1:0.0227980379,C60pi44:1:0.0123204539,C60pi45:1:0.0066777583,C60pi46:1:0.0004150083,C60pi47:1:0.0344385130,C60pi48:1:0.0113663379,C60pi49:1:0.0127143049,C60pi50:1:0.0124323741,C60pi51:1:0.0262124415,C60pi52:1:0.0064994957,C60pi53:1:0.0103203293,C60pi54:1:0.0142463512,C60pi55:1:0.0215600067,C60pi56:1:0.0199150700,C60pi57:1:0.0038964200,C60pi58:1:0.0113448855,C60pi59:1:0.0128595846,C60pi60:1:0.0117656776}
WARNING: Your input class weight 0.000415008 is very small and may cause numerical issues
734  C60           50776.726    120 101793.451   101842.755   102341.283
Model EX2 is alias for MIX{BurEX2:0.672020808818762,ExpEX2:1.6413466609931}
WARNING: Normalizing state frequencies so that sum of them equals to 1
735  EX2           51898.079    120 104036.158   104085.462   104583.990
Model EX3 is alias for MIX{BurEX3:0.427672756793791,IntEX3:0.837595938019774,HExEX3:1.51863631431518}
WARNING: Normalizing state frequencies so that sum of them equals to 1
WARNING: Normalizing state frequencies so that sum of them equals to 1
736  EX3           51633.475    121 103508.949   103559.160   104061.346
Model EHO is alias for MIX{ExtEHO:0.720274356,HelEHO:0.976798797,OthEHO:0.783109376}
WARNING: Normalizing state frequencies so that sum of them equals to 1
WARNING: Normalizing state frequencies so that sum of them equals to 1
WARNING: Normalizing state frequencies so that sum of them equals to 1
737  EHO           52736.519    121 105715.039   105765.250   106267.436
Model UL2 is alias for MIX{M1_UL2:0.581348617,M2_UL2:1.465482789}
WARNING: Normalizing state frequencies so that sum of them equals to 1
738  UL2           52089.192    120 104418.383   104467.687   104966.215
Model UL3 is alias for MIX{Q1_UL3:0.484340397,Q2_UL3:0.492780514,Q3_UL3:1.15597274}
WARNING: Normalizing state frequencies so that sum of them equals to 1
WARNING: Normalizing state frequencies so that sum of them equals to 1
739  UL3           52855.533    121 105953.066   106003.277   106505.463
Model EX_EHO is alias for MIX{BUR_EXT:0.761816796788931,BUR_HEL:0.744425646802117,BUR_OTH:0.532457759429489,EXP_EXT:1.5639387472863,EXP_HEL:2.06403411829438,EXP_OTH:1.43336795177594}
WARNING: Normalizing state frequencies so that sum of them equals to 1
WARNING: Normalizing state frequencies so that sum of them equals to 1
WARNING: Normalizing state frequencies so that sum of them equals to 1
740  EX_EHO        51332.686    124 102913.372   102966.364   103479.465
Model LG4M is alias for MIX{LG4M1,LG4M2,LG4M3,LG4M4}*G4
741  LG4M          51101.486    120 102442.973   102492.277   102990.805
Model LG4X is alias for MIX{LG4X1,LG4X2,LG4X3,LG4X4}*R4
742  LG4X          50969.315    125 102188.629   102242.568   102759.288
Model CF4 is alias for POISSON+FMIX{Fclass1,Fclass2,Fclass3,Fclass4}+F+G
WARNING: Normalizing State frequencies so that sum of them equals to 1
WARNING: Normalizing State frequencies so that sum of them equals to 1
WARNING: Normalizing State frequencies so that sum of them equals to 1
WARNING: Normalizing State frequencies so that sum of them equals to 1
743  CF4           53572.352    143 107430.704   107503.467   108083.537
Model LG+C10 is alias for LG+POISSON+G+FMIX{C10pi1:1:0.1191344178,C10pi2:1:0.0874372456,C10pi3:1:0.1037105070,C10pi4:1:0.0922584809,C10pi5:1:0.1070492801,C10pi6:1:0.1329945166,C10pi7:1:0.0538028458,C10pi8:1:0.0691986212,C10pi9:1:0.1319937434,C10pi10:1:0.1024203429}
744  LG+C10        51346.612    120 102933.223   102982.527   103481.055
Model LG+C20 is alias for LG+POISSON+G+FMIX{C20pi1:1:0.0559910600,C20pi2:1:0.0514824870,C20pi3:1:0.0812922124,C20pi4:1:0.0721976867,C20pi5:1:0.0556718858,C20pi6:1:0.0331003080,C20pi7:1:0.0589501763,C20pi8:1:0.0263756889,C20pi9:1:0.0307584220,C20pi10:1:0.0376701125,C20pi11:1:0.0303058290,C20pi12:1:0.0808775576,C20pi13:1:0.0263349134,C20pi14:1:0.0579101455,C20pi15:1:0.0371248064,C20pi16:1:0.0586867766,C20pi17:1:0.0561479138,C20pi18:1:0.0349810886,C20pi19:1:0.0544937394,C20pi20:1:0.0596471901}
745  LG+C20        51004.979    120 102249.959   102299.263   102797.790
Model LG+C30 is alias for LG+POISSON+G+FMIX{C30pi1:1:0.0095783264,C30pi2:1:0.0248476365,C30pi3:1:0.0636309366,C30pi4:1:0.0537939225,C30pi5:1:0.0295885587,C30pi6:1:0.0117587936,C30pi7:1:0.0132013428,C30pi8:1:0.0236868805,C30pi9:1:0.0261687659,C30pi10:1:0.0239821974,C30pi11:1:0.0257100906,C30pi12:1:0.0465072425,C30pi13:1:0.0546794546,C30pi14:1:0.0536085131,C30pi15:1:0.0270622670,C30pi16:1:0.0403913593,C30pi17:1:0.0474212700,C30pi18:1:0.0458816478,C30pi19:1:0.0214036510,C30pi20:1:0.0290385981,C30pi21:1:0.0123391793,C30pi22:1:0.0569350229,C30pi23:1:0.0419687568,C30pi24:1:0.0339027062,C30pi25:1:0.0388777376,C30pi26:1:0.0196343766,C30pi27:1:0.0233086174,C30pi28:1:0.0622722654,C30pi29:1:0.0184803385,C30pi30:1:0.0203395454}
746  LG+C30        50912.258    120 102064.515   102113.819   102612.347
Model LG+C40 is alias for LG+POISSON+G+FMIX{C40pi1:1:0.0223853788,C40pi2:1:0.0338891820,C40pi3:1:0.0577169375,C40pi4:1:0.0252416233,C40pi5:1:0.0108607921,C40pi6:1:0.0462373793,C40pi7:1:0.0102293175,C40pi8:1:0.0147523625,C40pi9:1:0.0143161352,C40pi10:1:0.0182302541,C40pi11:1:0.0204025079,C40pi12:1:0.0425505156,C40pi13:1:0.0248627269,C40pi14:1:0.0105892988,C40pi15:1:0.0188238725,C40pi16:1:0.0086663445,C40pi17:1:0.0148496147,C40pi18:1:0.0343037402,C40pi19:1:0.0225335203,C40pi20:1:0.0174068578,C40pi21:1:0.0112207827,C40pi22:1:0.0443532245,C40pi23:1:0.0392573370,C40pi24:1:0.0196756555,C40pi25:1:0.0287690328,C40pi26:1:0.0114441177,C40pi27:1:0.0112338740,C40pi28:1:0.0582694099,C40pi29:1:0.0444272279,C40pi30:1:0.0112010942,C40pi31:1:0.0145176111,C40pi32:1:0.0114629026,C40pi33:1:0.0239628061,C40pi34:1:0.0266266492,C40pi35:1:0.0481201159,C40pi36:1:0.0371147423,C40pi37:1:0.0160476688,C40pi38:1:0.0237249267,C40pi39:1:0.0235226203,C40pi40:1:0.0261998398}
747  LG+C40        50794.542    120 101829.083   101878.387   102376.915
Model LG+C50 is alias for LG+POISSON+G+FMIX{C50pi1:1:0.0164297003,C50pi2:1:0.0273175755,C50pi3:1:0.0460247610,C50pi4:1:0.0084864734,C50pi5:1:0.0125389252,C50pi6:1:0.0343549036,C50pi7:1:0.0130241102,C50pi8:1:0.0094755681,C50pi9:1:0.0190040551,C50pi10:1:0.0151902354,C50pi11:1:0.0320534760,C50pi12:1:0.0210059850,C50pi13:1:0.0237408547,C50pi14:1:0.0239841203,C50pi15:1:0.0213748021,C50pi16:1:0.0210717705,C50pi17:1:0.0050241805,C50pi18:1:0.0166262276,C50pi19:1:0.0143945956,C50pi20:1:0.0104391130,C50pi21:1:0.0107628277,C50pi22:1:0.0148818171,C50pi23:1:0.0321480239,C50pi24:1:0.0145477978,C50pi25:1:0.0332355807,C50pi26:1:0.0143190281,C50pi27:1:0.0234478734,C50pi28:1:0.0183044983,C50pi29:1:0.0403269452,C50pi30:1:0.0135629530,C50pi31:1:0.0091880799,C50pi32:1:0.0158270022,C50pi33:1:0.0121019379,C50pi34:1:0.0353560982,C50pi35:1:0.0404495617,C50pi36:1:0.0104569232,C50pi37:1:0.0146187792,C50pi38:1:0.0093984095,C50pi39:1:0.0146773809,C50pi40:1:0.0201635562,C50pi41:1:0.0255640273,C50pi42:1:0.0039486842,C50pi43:1:0.0393652608,C50pi44:1:0.0056415419,C50pi45:1:0.0382833580,C50pi46:1:0.0039735086,C50pi47:1:0.0140269355,C50pi48:1:0.0476703673,C50pi49:1:0.0204062788,C50pi50:1:0.0117835304}
748  LG+C50        50789.899    120 101819.798   101869.101   102367.629
Model LG+C60 is alias for LG+POISSON+G+FMIX{C60pi1:1:0.0169698865,C60pi2:1:0.0211683374,C60pi3:1:0.0276589079,C60pi4:1:0.0065675964,C60pi5:1:0.0141221416,C60pi6:1:0.0068774834,C60pi7:1:0.0146909701,C60pi8:1:0.0067225777,C60pi9:1:0.0018396660,C60pi10:1:0.0102547197,C60pi11:1:0.0230896163,C60pi12:1:0.0057941033,C60pi13:1:0.0125394534,C60pi14:1:0.0204526478,C60pi15:1:0.0070629602,C60pi16:1:0.0117982741,C60pi17:1:0.0068334668,C60pi18:1:0.0433775839,C60pi19:1:0.0318278731,C60pi20:1:0.0222546108,C60pi21:1:0.0102264969,C60pi22:1:0.0150545891,C60pi23:1:0.0134159878,C60pi24:1:0.0148552065,C60pi25:1:0.0239111516,C60pi26:1:0.0128776278,C60pi27:1:0.0222318842,C60pi28:1:0.0247444742,C60pi29:1:0.0214274810,C60pi30:1:0.0115001882,C60pi31:1:0.0076017389,C60pi32:1:0.0130258568,C60pi33:1:0.0093701965,C60pi34:1:0.0467194264,C60pi35:1:0.0441940314,C60pi36:1:0.0322263154,C60pi37:1:0.0402999891,C60pi38:1:0.0150234227,C60pi39:1:0.0104589903,C60pi40:1:0.0214742395,C60pi41:1:0.0154957836,C60pi42:1:0.0101789953,C60pi43:1:0.0227980379,C60pi44:1:0.0123204539,C60pi45:1:0.0066777583,C60pi46:1:0.0004150083,C60pi47:1:0.0344385130,C60pi48:1:0.0113663379,C60pi49:1:0.0127143049,C60pi50:1:0.0124323741,C60pi51:1:0.0262124415,C60pi52:1:0.0064994957,C60pi53:1:0.0103203293,C60pi54:1:0.0142463512,C60pi55:1:0.0215600067,C60pi56:1:0.0199150700,C60pi57:1:0.0038964200,C60pi58:1:0.0113448855,C60pi59:1:0.0128595846,C60pi60:1:0.0117656776}
WARNING: Your input class weight 0.000415008 is very small and may cause numerical issues
749  LG+C60        50773.989    120 101787.977   101837.281   102335.809
Akaike Information Criterion:           LG+C60
Corrected Akaike Information Criterion: LG+C60
Bayesian Information Criterion:         LG+C60
Best-fit model: LG+C60 chosen according to BIC

All model information printed to iqtree_gene_trees/COG4263.model.gz
CPU time for ModelFinder: 21755.731 seconds (6h:2m:35s)
Wall-clock time for ModelFinder: 2218.841 seconds (0h:36m:58s)
Generating 1000 samples for ultrafast bootstrap (seed: 704950)...
Model LG+C60 is alias for LG+POISSON+G+FMIX{C60pi1:1:0.0169698865,C60pi2:1:0.0211683374,C60pi3:1:0.0276589079,C60pi4:1:0.0065675964,C60pi5:1:0.0141221416,C60pi6:1:0.0068774834,C60pi7:1:0.0146909701,C60pi8:1:0.0067225777,C60pi9:1:0.0018396660,C60pi10:1:0.0102547197,C60pi11:1:0.0230896163,C60pi12:1:0.0057941033,C60pi13:1:0.0125394534,C60pi14:1:0.0204526478,C60pi15:1:0.0070629602,C60pi16:1:0.0117982741,C60pi17:1:0.0068334668,C60pi18:1:0.0433775839,C60pi19:1:0.0318278731,C60pi20:1:0.0222546108,C60pi21:1:0.0102264969,C60pi22:1:0.0150545891,C60pi23:1:0.0134159878,C60pi24:1:0.0148552065,C60pi25:1:0.0239111516,C60pi26:1:0.0128776278,C60pi27:1:0.0222318842,C60pi28:1:0.0247444742,C60pi29:1:0.0214274810,C60pi30:1:0.0115001882,C60pi31:1:0.0076017389,C60pi32:1:0.0130258568,C60pi33:1:0.0093701965,C60pi34:1:0.0467194264,C60pi35:1:0.0441940314,C60pi36:1:0.0322263154,C60pi37:1:0.0402999891,C60pi38:1:0.0150234227,C60pi39:1:0.0104589903,C60pi40:1:0.0214742395,C60pi41:1:0.0154957836,C60pi42:1:0.0101789953,C60pi43:1:0.0227980379,C60pi44:1:0.0123204539,C60pi45:1:0.0066777583,C60pi46:1:0.0004150083,C60pi47:1:0.0344385130,C60pi48:1:0.0113663379,C60pi49:1:0.0127143049,C60pi50:1:0.0124323741,C60pi51:1:0.0262124415,C60pi52:1:0.0064994957,C60pi53:1:0.0103203293,C60pi54:1:0.0142463512,C60pi55:1:0.0215600067,C60pi56:1:0.0199150700,C60pi57:1:0.0038964200,C60pi58:1:0.0113448855,C60pi59:1:0.0128595846,C60pi60:1:0.0117656776}
WARNING: Your input class weight 0.000415008 is very small and may cause numerical issues

NOTE: 1650 MB RAM (1 GB) is required!
Estimate model parameters (epsilon = 0.100)
1. Initial log-likelihood: -50773.989
Optimal log-likelihood: -50773.959
Mixture weights: 0.017 0.021 0.028 0.007 0.014 0.007 0.015 0.007 0.002 0.010 0.023 0.006 0.013 0.020 0.007 0.012 0.007 0.043 0.032 0.022 0.010 0.015 0.013 0.015 0.024 0.013 0.022 0.025 0.021 0.012 0.008 0.013 0.009 0.047 0.044 0.032 0.040 0.015 0.010 0.021 0.015 0.010 0.023 0.012 0.007 0.000 0.034 0.011 0.013 0.012 0.026 0.006 0.010 0.014 0.022 0.020 0.004 0.011 0.013 0.012
Gamma shape alpha: 0.801
Parameters optimization took 1 rounds (10.486 sec)
Wrote distance file to... 
Computing ML distances based on estimated model parameters...
Calculating distance matrix: done in 0.145921 secs using 996% CPU
Computing ML distances took 0.146553 sec (of wall-clock time) 1.457549 sec (of CPU time)
Setting up auxiliary I and S matrices: done in 0.00164622 secs using 142.1% CPU
Constructing RapidNJ tree: done in 0.0904751 secs using 269.7% CPU
Computing RapidNJ tree took 0.092517 sec (of wall-clock time) 0.247556 sec (of CPU time)
Log-likelihood of RapidNJ tree: -50910.881
--------------------------------------------------------------------
|             INITIALIZING CANDIDATE TREE SET                      |
--------------------------------------------------------------------
Generating 98 parsimony trees... 3.643 second
Computing log-likelihood of 98 initial trees ... 427.081 seconds
Current best score: -50773.959

Do NNI search on 20 best initial trees
Optimizing NNI: done in 32.5654 secs using 955.5% CPU
Estimate model parameters (epsilon = 0.100)
BETTER TREE FOUND at iteration 1: -50760.970
Optimizing NNI: done in 112.424 secs using 961.5% CPU
Estimate model parameters (epsilon = 0.100)
BETTER TREE FOUND at iteration 2: -50759.357
Optimizing NNI: done in 80.3794 secs using 964.8% CPU
Optimizing NNI: done in 93.2177 secs using 967.5% CPU
Optimizing NNI: done in 69.3797 secs using 967.5% CPU
Optimizing NNI: done in 77.6604 secs using 969.1% CPU
Optimizing NNI: done in 79.0342 secs using 962.9% CPU
Optimizing NNI: done in 85.3441 secs using 965.1% CPU
Optimizing NNI: done in 72.874 secs using 973.4% CPU
Optimizing NNI: done in 99.3377 secs using 972.4% CPU
Estimate model parameters (epsilon = 0.100)
BETTER TREE FOUND at iteration 10: -50754.443
Iteration 10 / LogL: -50754.443 / Time: 0h:22m:39s
Optimizing NNI: done in 80.7222 secs using 969.3% CPU
Optimizing NNI: done in 73.4736 secs using 968.8% CPU
Optimizing NNI: done in 93.8049 secs using 962.5% CPU
Optimizing NNI: done in 65.4552 secs using 958.3% CPU
Optimizing NNI: done in 72.0772 secs using 955.6% CPU
Optimizing NNI: done in 77.5731 secs using 957.7% CPU
Optimizing NNI: done in 93.0026 secs using 956.9% CPU
Optimizing NNI: done in 95.9028 secs using 955.8% CPU
Optimizing NNI: done in 107.098 secs using 960.5% CPU
Optimizing NNI: done in 84.4164 secs using 955.4% CPU
Iteration 20 / LogL: -50780.476 / Time: 0h:36m:49s
Finish initializing candidate tree set (18)
Current best tree score: -50754.443 / CPU time: 2153.939
Number of iterations: 20
--------------------------------------------------------------------
|               OPTIMIZING CANDIDATE TREE SET                      |
--------------------------------------------------------------------
Optimizing NNI: done in 78.9066 secs using 961.3% CPU
Optimizing NNI: done in 94.0175 secs using 967.2% CPU
Optimizing NNI: done in 86.1427 secs using 967.5% CPU
Optimizing NNI: done in 107.216 secs using 965.9% CPU
Optimizing NNI: done in 76.9304 secs using 965.7% CPU
Optimizing NNI: done in 84.8407 secs using 968.2% CPU
Optimizing NNI: done in 62.8995 secs using 965.9% CPU
Optimizing NNI: done in 81.2941 secs using 965.7% CPU
Optimizing NNI: done in 84.4559 secs using 969% CPU
Optimizing NNI: done in 68.7372 secs using 970% CPU
Iteration 30 / LogL: -50757.178 / Time: 0h:50m:42s (2h:19m:52s left)
Optimizing NNI: done in 93.1001 secs using 966.6% CPU
Estimate model parameters (epsilon = 0.100)
BETTER TREE FOUND at iteration 31: -50752.381
Optimizing NNI: done in 84.7746 secs using 965.5% CPU
Optimizing NNI: done in 105.816 secs using 962.6% CPU
Optimizing NNI: done in 100.907 secs using 965.8% CPU
Optimizing NNI: done in 82.9402 secs using 962.1% CPU
Optimizing NNI: done in 91.1361 secs using 958.9% CPU
Optimizing NNI: done in 92.3049 secs using 965.7% CPU
Optimizing NNI: done in 98.1379 secs using 967.1% CPU
Optimizing NNI: done in 90.2206 secs using 967.8% CPU
Estimate model parameters (epsilon = 0.100)
BETTER TREE FOUND at iteration 39: -50752.114
Optimizing NNI: done in 73.381 secs using 962.7% CPU
Iteration 40 / LogL: -50758.570 / Time: 1h:6m:43s (2h:49m:23s left)
Optimizing NNI: done in 96.3087 secs using 956.2% CPU
Optimizing NNI: done in 95.5386 secs using 953.9% CPU
Optimizing NNI: done in 93.2096 secs using 956.9% CPU
Optimizing NNI: done in 84.5332 secs using 954.1% CPU
Optimizing NNI: done in 73.5079 secs using 967.4% CPU
Optimizing NNI: done in 74.0566 secs using 968.4% CPU
Optimizing NNI: done in 90.0072 secs using 968.6% CPU
Optimizing NNI: done in 74.9458 secs using 968.5% CPU
Optimizing NNI: done in 87.0799 secs using 957.7% CPU
Estimate model parameters (epsilon = 0.100)
BETTER TREE FOUND at iteration 49: -50750.831
Optimizing NNI: done in 105.911 secs using 965.5% CPU
Iteration 50 / LogL: -50752.363 / Time: 1h:21m:47s (2h:45m:15s left)
Log-likelihood cutoff on original alignment: -50828.201
UFBoot trees printed to iqtree_gene_trees/COG4263.ufboot
Optimizing NNI: done in 77.6418 secs using 964.5% CPU
Optimizing NNI: done in 87.7546 secs using 964.4% CPU
Optimizing NNI: done in 130.587 secs using 965.7% CPU
Optimizing NNI: done in 74.6604 secs using 969.7% CPU
Optimizing NNI: done in 82.3742 secs using 966.2% CPU
Optimizing NNI: done in 70.3253 secs using 968.5% CPU
Optimizing NNI: done in 86.5449 secs using 959.3% CPU
Optimizing NNI: done in 84.8888 secs using 961.6% CPU
Optimizing NNI: done in 63.3862 secs using 965.5% CPU
Optimizing NNI: done in 67.1129 secs using 962.4% CPU
Iteration 60 / LogL: -50753.991 / Time: 1h:35m:41s (2h:24m:20s left)
Optimizing NNI: done in 72.731 secs using 962.1% CPU
Optimizing NNI: done in 83.1031 secs using 964% CPU
Estimate model parameters (epsilon = 0.100)
BETTER TREE FOUND at iteration 62: -50750.247
Optimizing NNI: done in 91.684 secs using 958.7% CPU
Optimizing NNI: done in 91.6267 secs using 965.1% CPU
Estimate model parameters (epsilon = 0.100)
BETTER TREE FOUND at iteration 64: -50749.320
Optimizing NNI: done in 98.5108 secs using 963.8% CPU
Optimizing NNI: done in 89.0226 secs using 971.8% CPU
Optimizing NNI: done in 97.4999 secs using 966.6% CPU
Optimizing NNI: done in 96.3252 secs using 961.2% CPU
Optimizing NNI: done in 69.8117 secs using 959% CPU
Optimizing NNI: done in 91.2279 secs using 958.9% CPU
Iteration 70 / LogL: -50750.924 / Time: 1h:51m:8s (2h:31m:23s left)
Optimizing NNI: done in 91.7445 secs using 954.6% CPU
Optimizing NNI: done in 78.9306 secs using 959.1% CPU
Optimizing NNI: done in 76.9609 secs using 967.5% CPU
Optimizing NNI: done in 81.9106 secs using 968.3% CPU
Optimizing NNI: done in 85.3386 secs using 964% CPU
Optimizing NNI: done in 102.433 secs using 964% CPU
Optimizing NNI: done in 77.8071 secs using 970.2% CPU
Optimizing NNI: done in 87.9069 secs using 967.7% CPU
Optimizing NNI: done in 83.454 secs using 968.2% CPU
Optimizing NNI: done in 84.407 secs using 966.9% CPU
Iteration 80 / LogL: -50751.000 / Time: 2h:5m:26s (2h:13m:22s left)
Optimizing NNI: done in 68.8339 secs using 961.3% CPU
Optimizing NNI: done in 98.0558 secs using 961.1% CPU
Optimizing NNI: done in 89.3806 secs using 950.1% CPU
Optimizing NNI: done in 85.1866 secs using 955.8% CPU
Optimizing NNI: done in 75.4547 secs using 960.4% CPU
Optimizing NNI: done in 63.8443 secs using 961.2% CPU
Optimizing NNI: done in 85.8273 secs using 957.2% CPU
Optimizing NNI: done in 93.3469 secs using 955% CPU
Optimizing NNI: done in 77.6881 secs using 960.1% CPU
Optimizing NNI: done in 103.808 secs using 957.5% CPU
Iteration 90 / LogL: -50750.152 / Time: 2h:19m:35s (1h:56m:3s left)
Optimizing NNI: done in 73.3936 secs using 955.5% CPU
Optimizing NNI: done in 89.4236 secs using 952% CPU
Optimizing NNI: done in 92.5987 secs using 959.5% CPU
Optimizing NNI: done in 76.1737 secs using 960.7% CPU
Optimizing NNI: done in 99.0345 secs using 956.6% CPU
Optimizing NNI: done in 92.813 secs using 958.3% CPU
Optimizing NNI: done in 79.9281 secs using 968.3% CPU
Optimizing NNI: done in 83.8425 secs using 966.6% CPU
Optimizing NNI: done in 87.6679 secs using 963.1% CPU
Optimizing NNI: done in 98.3838 secs using 967.1% CPU
Iteration 100 / LogL: -50749.845 / Time: 2h:34m:15s (1h:39m:43s left)
Log-likelihood cutoff on original alignment: -50828.201
NOTE: Bootstrap correlation coefficient of split occurrence frequencies: 0.988
NOTE: UFBoot does not converge, continue at least 100 more iterations
UFBoot trees printed to iqtree_gene_trees/COG4263.ufboot
Optimizing NNI: done in 78.9045 secs using 969.3% CPU
Optimizing NNI: done in 90.5559 secs using 968.7% CPU
Optimizing NNI: done in 85.916 secs using 968.3% CPU
Optimizing NNI: done in 83.0976 secs using 968.4% CPU
Optimizing NNI: done in 82.8701 secs using 968.1% CPU
Optimizing NNI: done in 94.3 secs using 974.3% CPU
Optimizing NNI: done in 99.9906 secs using 965.2% CPU
Optimizing NNI: done in 111.854 secs using 966.7% CPU
Optimizing NNI: done in 75.3989 secs using 969.8% CPU
Estimate model parameters (epsilon = 0.100)
UPDATE BEST LOG-LIKELIHOOD: -50749.253
Optimizing NNI: done in 79.6983 secs using 968.7% CPU
Iteration 110 / LogL: -50749.467 / Time: 2h:49m:16s (2h:19m:45s left)
Optimizing NNI: done in 72.2257 secs using 966.3% CPU
Optimizing NNI: done in 79.3075 secs using 962.5% CPU
Optimizing NNI: done in 80.2818 secs using 965.7% CPU
Optimizing NNI: done in 81.5426 secs using 970.2% CPU
Optimizing NNI: done in 114.668 secs using 963.5% CPU
Optimizing NNI: done in 50.4098 secs using 978.9% CPU
Optimizing NNI: done in 70.1232 secs using 982.4% CPU
Optimizing NNI: done in 43.4699 secs using 982% CPU
Optimizing NNI: done in 57.0196 secs using 982.7% CPU
Optimizing NNI: done in 57.4427 secs using 981.8% CPU
Iteration 120 / LogL: -50751.346 / Time: 3h:1m:9s (2h:1m:46s left)
Optimizing NNI: done in 55.7546 secs using 980.6% CPU
Optimizing NNI: done in 71.0335 secs using 982.8% CPU
Optimizing NNI: done in 55.0533 secs using 984.2% CPU
Optimizing NNI: done in 62.879 secs using 981.6% CPU
Optimizing NNI: done in 53.6441 secs using 982.4% CPU
Optimizing NNI: done in 46.8226 secs using 982.7% CPU
Optimizing NNI: done in 58.1415 secs using 982.2% CPU
Optimizing NNI: done in 49.7394 secs using 981.7% CPU
Optimizing NNI: done in 66.1623 secs using 982.8% CPU
Optimizing NNI: done in 63.3473 secs using 984.1% CPU
Iteration 130 / LogL: -50761.649 / Time: 3h:10m:56s (1h:43m:36s left)
Optimizing NNI: done in 65.7317 secs using 982.6% CPU
Optimizing NNI: done in 55.7912 secs using 983.8% CPU
Optimizing NNI: done in 48.0789 secs using 982.7% CPU
Optimizing NNI: done in 64.1966 secs using 981.7% CPU
Optimizing NNI: done in 56.1999 secs using 983.7% CPU
Optimizing NNI: done in 56.9188 secs using 982.3% CPU
Optimizing NNI: done in 50.4825 secs using 986.9% CPU
Optimizing NNI: done in 53.4851 secs using 995.3% CPU
Estimate model parameters (epsilon = 0.100)
BETTER TREE FOUND at iteration 138: -50748.704
Optimizing NNI: done in 39.993 secs using 985.3% CPU
Optimizing NNI: done in 63.6857 secs using 982.2% CPU
Estimate model parameters (epsilon = 0.100)
BETTER TREE FOUND at iteration 140: -50747.951
Iteration 140 / LogL: -50747.951 / Time: 3h:20m:40s (2h:24m:21s left)
Optimizing NNI: done in 43.075 secs using 983.8% CPU
Optimizing NNI: done in 56.5762 secs using 985.2% CPU
Optimizing NNI: done in 43.9442 secs using 985.5% CPU
Optimizing NNI: done in 48.0338 secs using 983% CPU
Optimizing NNI: done in 59.5586 secs using 983.3% CPU
Optimizing NNI: done in 45.5314 secs using 984.9% CPU
Optimizing NNI: done in 53.4569 secs using 985.1% CPU
Optimizing NNI: done in 60.1479 secs using 984.8% CPU
Optimizing NNI: done in 44.4323 secs using 983.7% CPU
Optimizing NNI: done in 55.3609 secs using 982.4% CPU
Iteration 150 / LogL: -50753.682 / Time: 3h:29m:14s (2h:6m:23s left)
Log-likelihood cutoff on original alignment: -50828.201
UFBoot trees printed to iqtree_gene_trees/COG4263.ufboot
Optimizing NNI: done in 51.1018 secs using 983.6% CPU
Optimizing NNI: done in 53.8592 secs using 984.7% CPU
Optimizing NNI: done in 50.8327 secs using 984.9% CPU
Optimizing NNI: done in 55.1596 secs using 981.9% CPU
Optimizing NNI: done in 62.9975 secs using 985.7% CPU
Optimizing NNI: done in 48.6539 secs using 981.8% CPU
Optimizing NNI: done in 50.0732 secs using 983.7% CPU
Optimizing NNI: done in 56.6949 secs using 983.6% CPU
Optimizing NNI: done in 50.0405 secs using 982.6% CPU
Optimizing NNI: done in 48.8565 secs using 982.6% CPU
Iteration 160 / LogL: -50752.437 / Time: 3h:38m:8s (1h:49m:45s left)
Optimizing NNI: done in 61.7407 secs using 983.7% CPU
Optimizing NNI: done in 58.4378 secs using 984.8% CPU
Optimizing NNI: done in 51.9548 secs using 982.4% CPU
Optimizing NNI: done in 42.147 secs using 982% CPU
Optimizing NNI: done in 67.0661 secs using 982.7% CPU
Optimizing NNI: done in 48.6019 secs using 984.6% CPU
Optimizing NNI: done in 55.9703 secs using 978.5% CPU
Optimizing NNI: done in 62.637 secs using 983.4% CPU
Optimizing NNI: done in 57.2802 secs using 984.4% CPU
Optimizing NNI: done in 50.9522 secs using 984.6% CPU
Iteration 170 / LogL: -50748.107 / Time: 3h:47m:30s (1h:34m:14s left)
Optimizing NNI: done in 56.0475 secs using 981.8% CPU
Optimizing NNI: done in 76.4179 secs using 982.8% CPU
Optimizing NNI: done in 42.8259 secs using 981.7% CPU
Optimizing NNI: done in 46.3285 secs using 983.4% CPU
Optimizing NNI: done in 57.1612 secs using 982.7% CPU
Optimizing NNI: done in 62.1893 secs using 982.9% CPU
Optimizing NNI: done in 69.8208 secs using 982.2% CPU
Optimizing NNI: done in 59.3406 secs using 984.4% CPU
Optimizing NNI: done in 54.0427 secs using 982.2% CPU
Optimizing NNI: done in 63.7858 secs using 979% CPU
Iteration 180 / LogL: -50753.131 / Time: 3h:57m:23s (1h:19m:34s left)
Optimizing NNI: done in 57.6159 secs using 986.2% CPU
Optimizing NNI: done in 70.0652 secs using 984.9% CPU
Optimizing NNI: done in 56.6713 secs using 984.5% CPU
Optimizing NNI: done in 61.992 secs using 984.2% CPU
Optimizing NNI: done in 59.6047 secs using 984.5% CPU
Optimizing NNI: done in 52.3243 secs using 985.3% CPU
Optimizing NNI: done in 71.0383 secs using 984.4% CPU
Optimizing NNI: done in 55.3802 secs using 984% CPU
Optimizing NNI: done in 44.2349 secs using 984.5% CPU
Optimizing NNI: done in 59.8364 secs using 984.7% CPU
Iteration 190 / LogL: -50748.932 / Time: 4h:7m:17s (1h:5m:25s left)
Optimizing NNI: done in 70.4066 secs using 984.6% CPU
Optimizing NNI: done in 50.959 secs using 984.3% CPU
Optimizing NNI: done in 56.9966 secs using 983.8% CPU
Optimizing NNI: done in 68.3901 secs using 983.9% CPU
Optimizing NNI: done in 51.1685 secs using 983.3% CPU
Optimizing NNI: done in 59.2964 secs using 983.3% CPU
Optimizing NNI: done in 69.7347 secs using 983.3% CPU
Optimizing NNI: done in 48.937 secs using 985.5% CPU
Optimizing NNI: done in 57.6235 secs using 983.4% CPU
Optimizing NNI: done in 58.3223 secs using 982.9% CPU
Iteration 200 / LogL: -50748.767 / Time: 4h:17m:14s (0h:51m:42s left)
Log-likelihood cutoff on original alignment: -50828.201
NOTE: Bootstrap correlation coefficient of split occurrence frequencies: 0.997
UFBoot trees printed to iqtree_gene_trees/COG4263.ufboot
Optimizing NNI: done in 49.4122 secs using 982.4% CPU
Optimizing NNI: done in 65.5034 secs using 982.7% CPU
Optimizing NNI: done in 54.2021 secs using 984.6% CPU
Optimizing NNI: done in 45.2268 secs using 984.1% CPU
Optimizing NNI: done in 59.13 secs using 983.7% CPU
Optimizing NNI: done in 65.2266 secs using 983.7% CPU
Optimizing NNI: done in 46.827 secs using 983% CPU
Optimizing NNI: done in 58.2664 secs using 983.7% CPU
Optimizing NNI: done in 69.024 secs using 982.6% CPU
Optimizing NNI: done in 65.6356 secs using 983.4% CPU
Iteration 210 / LogL: -50752.134 / Time: 4h:26m:59s (1h:54m:58s left)
Optimizing NNI: done in 74.5072 secs using 982.8% CPU
Optimizing NNI: done in 50.7555 secs using 984.4% CPU
UPDATE BEST LOG-LIKELIHOOD: -50747.944
Optimizing NNI: done in 50.947 secs using 983.3% CPU
Optimizing NNI: done in 56.5363 secs using 983.6% CPU
Optimizing NNI: done in 70.3105 secs using 977.5% CPU
Optimizing NNI: done in 43.1708 secs using 982.2% CPU
Optimizing NNI: done in 60.1919 secs using 982.6% CPU
Optimizing NNI: done in 76.5389 secs using 977.7% CPU
Optimizing NNI: done in 64.2723 secs using 980.6% CPU
Optimizing NNI: done in 62.865 secs using 981.2% CPU
Iteration 220 / LogL: -50749.577 / Time: 4h:37m:15s (1h:41m:16s left)
Optimizing NNI: done in 65.8558 secs using 983% CPU
Optimizing NNI: done in 59.3878 secs using 983.5% CPU
Optimizing NNI: done in 70.1562 secs using 984.1% CPU
Optimizing NNI: done in 54.9833 secs using 982.6% CPU
Optimizing NNI: done in 54.3288 secs using 984.2% CPU
Optimizing NNI: done in 95.335 secs using 983.6% CPU
Optimizing NNI: done in 62.3248 secs using 985% CPU
Optimizing NNI: done in 71.0639 secs using 982.5% CPU
Optimizing NNI: done in 58.1795 secs using 985.7% CPU
Optimizing NNI: done in 75.4047 secs using 984.2% CPU
UPDATE BEST LOG-LIKELIHOOD: -50747.938
Iteration 230 / LogL: -50747.938 / Time: 4h:48m:27s (1h:28m:10s left)
Optimizing NNI: done in 63.2102 secs using 984.5% CPU
Optimizing NNI: done in 71.784 secs using 983.1% CPU
Optimizing NNI: done in 63.3815 secs using 984.3% CPU
Optimizing NNI: done in 63.0394 secs using 984% CPU
Optimizing NNI: done in 57.2071 secs using 986.8% CPU
Optimizing NNI: done in 64.6625 secs using 983.2% CPU
Optimizing NNI: done in 55.5922 secs using 983.2% CPU
Optimizing NNI: done in 44.3373 secs using 984.4% CPU
Optimizing NNI: done in 59.6088 secs using 985.8% CPU
Optimizing NNI: done in 51.5081 secs using 984% CPU
Iteration 240 / LogL: -50749.447 / Time: 4h:58m:27s (1h:14m:55s left)
Optimizing NNI: done in 69.276 secs using 983.8% CPU
TREE SEARCH COMPLETED AFTER 241 ITERATIONS / Time: 4h:59m:37s

--------------------------------------------------------------------
|                    FINALIZING TREE SEARCH                        |
--------------------------------------------------------------------
Performs final model parameters optimization
Estimate model parameters (epsilon = 0.010)
1. Initial log-likelihood: -50747.938
2. Current log-likelihood: -50747.926
Optimal log-likelihood: -50747.924
Mixture weights: 0.017 0.021 0.028 0.007 0.014 0.007 0.015 0.007 0.002 0.010 0.023 0.006 0.013 0.020 0.007 0.012 0.007 0.043 0.032 0.022 0.010 0.015 0.013 0.015 0.024 0.013 0.022 0.025 0.021 0.012 0.008 0.013 0.009 0.047 0.044 0.032 0.040 0.015 0.010 0.021 0.015 0.010 0.023 0.012 0.007 0.000 0.034 0.011 0.013 0.012 0.026 0.006 0.010 0.014 0.022 0.020 0.004 0.011 0.013 0.012
Gamma shape alpha: 0.799
Parameters optimization took 2 rounds (13.349 sec)
BEST SCORE FOUND : -50747.924
Creating bootstrap support values...
Split supports printed to NEXUS file iqtree_gene_trees/COG4263.splits.nex
Total tree length: 47.895

Total number of iterations: 241
CPU time used for tree search: 173755.923 sec (48h:15m:55s)
Wall-clock time used for tree search: 17922.004 sec (4h:58m:42s)
Total CPU time used: 174409.464 sec (48h:26m:49s)
Total wall-clock time used: 17991.082 sec (4h:59m:51s)
UFBoot trees printed to iqtree_gene_trees/COG4263.ufboot

Computing bootstrap consensus tree...
Reading input file iqtree_gene_trees/COG4263.splits.nex...
61 taxa and 352 splits.
Consensus tree written to iqtree_gene_trees/COG4263.contree
Reading input trees file iqtree_gene_trees/COG4263.contree
Log-likelihood of consensus tree: -50751.752

Analysis results written to: 
  IQ-TREE report:                iqtree_gene_trees/COG4263.iqtree
  Maximum-likelihood tree:       iqtree_gene_trees/COG4263.treefile
  Likelihood distances:          iqtree_gene_trees/COG4263.mldist

Ultrafast bootstrap approximation results written to:
  Split support values:          iqtree_gene_trees/COG4263.splits.nex
  Consensus tree:                iqtree_gene_trees/COG4263.contree
  UFBoot trees:                  iqtree_gene_trees/COG4263.ufboot
  Screen log file:               iqtree_gene_trees/COG4263.log

ALISIM COMMAND
--------------
Currently, we only support exporting AliSim commands from common models of DNA, Protein, Binary, and Morphological data. To simulate data from other models (mixture, lie-markov, etc), please refer to the User Manual of AliSim. Thanks!

Date and Time: Mon Apr 10 05:01:38 2023
