IQ-TREE multicore version 2.2.0.3 COVID-edition for Linux 64-bit built Aug  2 2022
Developed by Bui Quang Minh, James Barbetti, Nguyen Lam Tung,
Olga Chernomor, Heiko Schmidt, Dominik Schrempf, Michael Woodhams, Ly Trong Nhan.

Host:    baross.its.carleton.edu (AVX2, FMA3, 755 GB RAM)
Command: iqtree -s gene_alignments/trimv2_COG4615.afa --nmax 3000 -m MFP -bb 1000 -wbtl -ntmax 10 -nt AUTO -T 10 --prefix iqtree_gene_trees/COG4615 -madd C10,C20,C30,C40,C50,C60,EX2,EX3,EHO,UL2,UL3,EX_EHO,LG4M,LG4X,CF4,LG+C10,LG+C20,LG+C30,LG+C40,LG+C50,LG+C60 -mrate E,I,G,I+G,R
Seed:    397421 (Using SPRNG - Scalable Parallel Random Number Generator)
Time:    Tue Apr 11 01:42:20 2023
Kernel:  AVX+FMA - 10 threads (96 CPU cores detected)

Reading alignment file gene_alignments/trimv2_COG4615.afa ... Fasta format detected
Reading fasta file: done in 0.00101904 secs using 78.21% CPU
Alignment most likely contains protein sequences
Constructing alignment: done in 0.00371949 secs using 917.5% CPU
Alignment has 35 sequences with 559 columns, 549 distinct patterns
510 parsimony-informative, 29 singleton sites, 20 constant sites
                                                                 Gap/Ambiguity  Composition  p-value
Analyzing sequences: done in 7.2031e-05 secs using 878.8% CPU
   1  GCF.000353285.1.Bacteria.Cyanobacteria_NZ_KB731324.1_4246          3.94%    passed     56.58%
   2  GCF.000374645.1.Bacteria.Proteobacteria_NZ_KB894827.1_17          17.53%    failed      0.01%
   3  GCF.900079095.1.Bacteria.Tectomicrobia_NZ_FKIP01001261.1_5         3.76%    passed      8.83%
   4  GCA.003477045.1.Bacteria.Delongbacteria_DMTS01000092.1_1           3.76%    failed      0.00%
   5  GCF.000473895.1.Bacteria.Cyanobacteria_NZ_ASSJ01000082.1_15        2.15%    failed      0.06%
   6  GCA.002340345.1.Bacteria.Proteobacteria_DDLW01000357.1_3           3.40%    passed     28.72%
   7  GCA.002401295.1.Bacteria.SAR324_NVSR01000002.1_86                  3.04%    failed      0.00%
   8  GCA.000961655.1.Bacteria.Desulfobacterota_LADR01000020.1_11        3.04%    failed      4.49%
   9  GCF.000020025.1.Bacteria.Cyanobacteria_NC_010628.1_1344            1.79%    failed      3.59%
  10  Fischerella.muscicola.CCMEE5323_WP_102205797.1                     1.97%    passed     28.39%
  11  GCA.002084765.1.Bacteria.4572.55_NBMB01000005.1_39                 2.33%    failed      0.00%
  12  GCA.003247575.1.Bacteria.Myxococcota.A_QJZC01000052.1_37           1.43%    failed      0.00%
  13  GCF.001613805.1.Bacteria.Proteobacteria_NZ_LPVY01000025.1_96       2.33%    passed     12.13%
  14  GCA.002340345.1.Bacteria.Proteobacteria_DDLW01000057.1_3           3.76%    failed      4.35%
  15  GCA.002340345.1.Bacteria.Proteobacteria_DDLW01000357.1_5           4.83%    passed     82.03%
  16  GCF.900129635.1.Bacteria.Planctomycetota_NZ_FSRB01000001.1_3199    1.79%    passed      8.59%
  17  GCF.001870225.1.Bacteria.Cyanobacteria_NZ_CP017675.1_3038          2.86%    passed     18.11%
  18  GCF.003612015.1.Bacteria.Proteobacteria_NZ_RARB01000002.1_124      2.50%    passed     19.03%
  19  GCF.000018105.1.Bacteria.Cyanobacteria_NC_009925.1_4483            2.86%    passed     29.06%
  20  GCF.001613805.1.Bacteria.Proteobacteria_NZ_LPVY01000025.1_97       2.33%    passed     82.20%
  21  GCA.002340345.1.Bacteria.Proteobacteria_DDLW01000357.1_6           2.50%    passed      6.24%
  22  GCA.002340345.1.Bacteria.Proteobacteria_DDLW01000357.1_4           4.47%    passed     34.47%
  23  Fischerella.muscicola.CCMEE5323_WP_102205332.1                     1.61%    passed     11.82%
  24  GCF.000316115.1.Bacteria.Cyanobacteria_NZ_JH993793.1_339           3.04%    passed     51.50%
  25  GCF.001611275.1.Bacteria.Desulfobacterota_NZ_CP015080.1_712        3.58%    passed     93.51%
  26  GCF.002148795.1.Bacteria.Proteobacteria_NZ_MPOB01000002.1_44       1.79%    passed     76.52%
  27  GCF.000473895.1.Bacteria.Cyanobacteria_NZ_ASSJ01000090.1_5         4.29%    passed     39.54%
  28  GCF.000315795.1.Bacteria.Proteobacteria_NZ_ANHY01000011.1_71       1.61%    failed      0.11%
  29  GCF.000264455.2.Bacteria.Proteobacteria_NC_017966.1_338            1.25%    failed      1.48%
  30  GCF.000484535.1.Bacteria.Cyanobacteria_NC_022600.1_2174            1.43%    passed      9.01%
  31  GCF.000264455.2.Bacteria.Proteobacteria_NC_017958.1_605            1.07%    failed      0.01%
  32  GCF.002148795.1.Bacteria.Proteobacteria_NZ_MPOB01000002.1_43       2.15%    passed      6.13%
  33  GCF.000024725.1.Bacteria.Proteobacteria_NC_013960.1_1759           2.33%    passed     16.32%
  34  GCA.002746535.1.Bacteria.Planctomycetota_NVWA01000031.1_12         1.97%    failed      0.00%
  35  GCF.000264455.2.Bacteria.Proteobacteria_NC_017959.1_49             2.86%    failed      0.00%
****  TOTAL                                                              3.07%  14 sequences failed composition chi2 test (p-value<5%; df=19)
Checking for duplicate sequences: done in 0.000577235 secs using 929.3% CPU


Create initial parsimony tree by phylogenetic likelihood library (PLL)... 0.029 seconds
Perform fast likelihood tree search using LG+I+G model...
Estimate model parameters (epsilon = 5.000)
Perform nearest neighbor interchange...
Optimizing NNI: done in 0.280043 secs using 997.3% CPU
Estimate model parameters (epsilon = 1.000)
1. Initial log-likelihood: -35420.764
Optimal log-likelihood: -35420.717
Proportion of invariable sites: 0.032
Gamma shape alpha: 1.334
Parameters optimization took 1 rounds (0.057 sec)
Time for fast ML tree search: 0.589 seconds

NOTE: ModelFinder requires 33 MB RAM!
ModelFinder will test up to 749 protein models (sample size: 559) ...
 No. Model         -LnL         df  AIC          AICc         BIC
  1  LG            36864.712    67  73863.423    73881.981    74153.275
  2  LG+I          36566.746    68  73269.493    73288.644    73563.671
  3  LG+G4         35448.689    68  71033.379    71052.530    71327.557
  4  LG+I+G4       35420.744    69  70979.489    70999.243    71277.993
  5  LG+R2         35684.755    69  71507.510    71527.265    71806.015
  6  LG+R3         35464.683    71  71071.365    71092.359    71378.522
  7  LG+R4         35407.354    73  70960.708    70982.985    71276.517
  8  LG+R5         35392.133    75  70934.266    70957.868    71258.727
  9  LG+R6         35379.347    77  70912.694    70937.667    71245.807
 10  LG+R7         35377.943    79  70913.887    70940.275    71255.653
 14  LG+F          36742.783    86  73657.566    73689.270    74029.615
 15  LG+F+I        36471.006    87  73116.011    73148.521    73492.386
 16  LG+F+G4       35266.538    87  70707.077    70739.586    71083.452
 17  LG+F+I+G4     35246.006    88  70668.012    70701.340    71048.714
 18  LG+F+R2       35500.521    88  71177.042    71210.370    71557.743
 19  LG+F+R3       35287.110    90  70754.221    70789.221    71143.574
 20  LG+F+R4       35226.133    92  70636.266    70672.987    71034.271
 21  LG+F+R5       35215.064    94  70618.129    70656.620    71024.787
 22  LG+F+R6       35206.864    96  70605.729    70646.040    71021.039
 23  LG+F+R7       35204.553    98  70605.106    70647.289    71029.069
 27  WAG           36970.447    67  74074.893    74093.451    74364.745
 28  WAG+I         36671.460    68  73478.919    73498.070    73773.097
 29  WAG+G4        35752.061    68  71640.123    71659.274    71934.301
 30  WAG+I+G4      35715.099    69  71568.198    71587.953    71866.702
 31  WAG+R2        35934.081    69  72006.163    72025.917    72304.667
 32  WAG+R3        35730.318    71  71602.636    71623.629    71909.792
 33  WAG+R4        35692.759    73  71531.518    71553.794    71847.327
 34  WAG+R5        35674.199    75  71498.398    71522.000    71822.859
 35  WAG+R6        35666.253    77  71486.505    71511.478    71819.619
 36  WAG+R7        35666.496    79  71490.993    71517.381    71832.758
 40  WAG+F         36788.797    86  73749.594    73781.297    74121.643
 41  WAG+F+I       36515.478    87  73204.957    73237.466    73581.332
 42  WAG+F+G4      35528.849    87  71231.698    71264.208    71608.073
 43  WAG+F+I+G4    35499.898    88  71175.796    71209.124    71556.497
 44  WAG+F+R2      35706.062    88  71588.124    71621.452    71968.825
 45  WAG+F+R3      35513.900    90  71207.800    71242.800    71597.154
 46  WAG+F+R4      35473.912    92  71131.824    71168.545    71529.830
 47  WAG+F+R5      35458.005    94  71104.010    71142.501    71510.668
 48  WAG+F+R6      35456.350    96  71104.700    71145.012    71520.010
 53  JTT           37164.605    67  74463.211    74481.769    74753.063
 54  JTT+I         36834.137    68  73804.273    73823.424    74098.451
 55  JTT+G4        35803.778    68  71743.556    71762.707    72037.734
 56  JTT+I+G4      35766.756    69  71671.512    71691.267    71970.017
 57  JTT+R2        36026.140    69  72190.280    72210.035    72488.784
 58  JTT+R3        35806.601    71  71755.203    71776.196    72062.359
 59  JTT+R4        35750.641    73  71647.282    71669.558    71963.090
 60  JTT+R5        35735.773    75  71621.547    71645.149    71946.008
 61  JTT+R6        35730.022    77  71614.044    71639.017    71947.158
 66  JTT+F         36981.548    86  74135.096    74166.799    74507.144
 67  JTT+F+I       36673.940    87  73521.879    73554.389    73898.254
 68  JTT+F+G4      35580.704    87  71335.409    71367.918    71711.784
 69  JTT+F+I+G4    35550.666    88  71277.332    71310.660    71658.033
 70  JTT+F+R2      35796.620    88  71769.240    71802.568    72149.941
 71  JTT+F+R3      35590.363    90  71360.725    71395.725    71750.079
 72  JTT+F+R4      35530.882    92  71245.765    71282.486    71643.770
 73  JTT+F+R5      35517.699    94  71223.398    71261.889    71630.056
 74  JTT+F+R6      35516.536    96  71225.073    71265.384    71640.383
WARNING: Normalizing state frequencies so that sum of them equals to 1
 79  Q.pfam        36753.982    67  73641.965    73660.523    73931.817
WARNING: Normalizing state frequencies so that sum of them equals to 1
 80  Q.pfam+I      36462.793    68  73061.585    73080.736    73355.763
WARNING: Normalizing state frequencies so that sum of them equals to 1
 81  Q.pfam+G4     35376.707    68  70889.415    70908.566    71183.593
WARNING: Normalizing state frequencies so that sum of them equals to 1
 82  Q.pfam+I+G4   35348.632    69  70835.264    70855.019    71133.769
WARNING: Normalizing state frequencies so that sum of them equals to 1
 83  Q.pfam+R2     35603.087    69  71344.174    71363.928    71642.678
WARNING: Normalizing state frequencies so that sum of them equals to 1
 84  Q.pfam+R3     35392.459    71  70926.919    70947.913    71234.075
WARNING: Normalizing state frequencies so that sum of them equals to 1
 85  Q.pfam+R4     35334.627    73  70815.254    70837.530    71131.063
WARNING: Normalizing state frequencies so that sum of them equals to 1
 86  Q.pfam+R5     35316.889    75  70783.778    70807.381    71108.239
WARNING: Normalizing state frequencies so that sum of them equals to 1
 87  Q.pfam+R6     35308.502    77  70771.003    70795.976    71104.117
WARNING: Normalizing state frequencies so that sum of them equals to 1
 88  Q.pfam+R7     35307.228    79  70772.456    70798.844    71114.222
WARNING: Normalizing state frequencies so that sum of them equals to 1
 92  Q.pfam+F      36737.104    86  73646.209    73677.912    74018.257
WARNING: Normalizing state frequencies so that sum of them equals to 1
 93  Q.pfam+F+I    36475.994    87  73125.988    73158.498    73502.363
WARNING: Normalizing state frequencies so that sum of them equals to 1
 94  Q.pfam+F+G4   35282.396    87  70738.792    70771.301    71115.167
WARNING: Normalizing state frequencies so that sum of them equals to 1
 95  Q.pfam+F+I+G4 35261.782    88  70699.564    70732.892    71080.265
WARNING: Normalizing state frequencies so that sum of them equals to 1
 96  Q.pfam+F+R2   35503.797    88  71183.595    71216.923    71564.296
WARNING: Normalizing state frequencies so that sum of them equals to 1
 97  Q.pfam+F+R3   35302.578    90  70785.156    70820.156    71174.509
WARNING: Normalizing state frequencies so that sum of them equals to 1
 98  Q.pfam+F+R4   35242.648    92  70669.297    70706.018    71067.303
WARNING: Normalizing state frequencies so that sum of them equals to 1
 99  Q.pfam+F+R5   35229.208    94  70646.417    70684.908    71053.075
WARNING: Normalizing state frequencies so that sum of them equals to 1
100  Q.pfam+F+R6   35225.609    96  70643.218    70683.530    71058.528
WARNING: Normalizing state frequencies so that sum of them equals to 1
105  Q.bird        37897.699    67  75929.397    75947.955    76219.249
WARNING: Normalizing state frequencies so that sum of them equals to 1
106  Q.bird+I      37539.414    68  75214.829    75233.980    75509.007
WARNING: Normalizing state frequencies so that sum of them equals to 1
107  Q.bird+G4     36169.330    68  72474.660    72493.811    72768.838
WARNING: Normalizing state frequencies so that sum of them equals to 1
108  Q.bird+I+G4   36142.040    69  72422.081    72441.835    72720.585
WARNING: Normalizing state frequencies so that sum of them equals to 1
109  Q.bird+R2     36492.691    69  73123.382    73143.136    73421.886
WARNING: Normalizing state frequencies so that sum of them equals to 1
110  Q.bird+R3     36224.290    71  72590.579    72611.573    72897.736
WARNING: Normalizing state frequencies so that sum of them equals to 1
111  Q.bird+R4     36136.334    73  72418.667    72440.944    72734.476
WARNING: Normalizing state frequencies so that sum of them equals to 1
112  Q.bird+R5     36112.764    75  72375.529    72399.131    72699.990
WARNING: Normalizing state frequencies so that sum of them equals to 1
113  Q.bird+R6     36105.102    77  72364.204    72389.177    72697.317
WARNING: Normalizing state frequencies so that sum of them equals to 1
114  Q.bird+R7     36104.552    79  72367.105    72393.493    72708.870
WARNING: Normalizing state frequencies so that sum of them equals to 1
118  Q.bird+F      37725.799    86  75623.599    75655.302    75995.647
WARNING: Normalizing state frequencies so that sum of them equals to 1
119  Q.bird+F+I    37390.967    87  74955.933    74988.443    75332.308
WARNING: Normalizing state frequencies so that sum of them equals to 1
120  Q.bird+F+G4   35908.360    87  71990.720    72023.230    72367.095
WARNING: Normalizing state frequencies so that sum of them equals to 1
121  Q.bird+F+I+G4 35883.112    88  71942.223    71975.551    72322.924
WARNING: Normalizing state frequencies so that sum of them equals to 1
122  Q.bird+F+R2   36203.158    88  72582.316    72615.644    72963.017
WARNING: Normalizing state frequencies so that sum of them equals to 1
123  Q.bird+F+R3   35958.954    90  72097.908    72132.908    72487.261
WARNING: Normalizing state frequencies so that sum of them equals to 1
124  Q.bird+F+R4   35872.683    92  71929.367    71966.088    72327.372
WARNING: Normalizing state frequencies so that sum of them equals to 1
125  Q.bird+F+R5   35853.760    94  71895.520    71934.011    72302.178
WARNING: Normalizing state frequencies so that sum of them equals to 1
126  Q.bird+F+R6   35849.701    96  71891.402    71931.714    72306.713
WARNING: Normalizing state frequencies so that sum of them equals to 1
131  Q.mammal      37694.959    67  75523.918    75542.476    75813.770
WARNING: Normalizing state frequencies so that sum of them equals to 1
132  Q.mammal+I    37349.578    68  74835.155    74854.306    75129.334
WARNING: Normalizing state frequencies so that sum of them equals to 1
133  Q.mammal+G4   36044.218    68  72224.436    72243.588    72518.615
WARNING: Normalizing state frequencies so that sum of them equals to 1
134  Q.mammal+I+G4 36016.079    69  72170.158    72189.913    72468.662
WARNING: Normalizing state frequencies so that sum of them equals to 1
135  Q.mammal+R2   36349.823    69  72837.646    72857.400    73136.150
WARNING: Normalizing state frequencies so that sum of them equals to 1
136  Q.mammal+R3   36091.851    71  72325.702    72346.696    72632.859
WARNING: Normalizing state frequencies so that sum of them equals to 1
137  Q.mammal+R4   36011.125    73  72168.250    72190.526    72484.059
WARNING: Normalizing state frequencies so that sum of them equals to 1
138  Q.mammal+R5   35988.360    75  72126.719    72150.322    72451.181
WARNING: Normalizing state frequencies so that sum of them equals to 1
139  Q.mammal+R6   35981.579    77  72117.159    72142.132    72450.272
WARNING: Normalizing state frequencies so that sum of them equals to 1
140  Q.mammal+R7   35981.727    79  72121.454    72147.843    72463.220
WARNING: Normalizing state frequencies so that sum of them equals to 1
144  Q.mammal+F    37505.209    86  75182.418    75214.122    75554.467
WARNING: Normalizing state frequencies so that sum of them equals to 1
145  Q.mammal+F+I  37188.202    87  74550.405    74582.914    74926.780
WARNING: Normalizing state frequencies so that sum of them equals to 1
146  Q.mammal+F+G4 35782.154    87  71738.308    71770.818    72114.683
WARNING: Normalizing state frequencies so that sum of them equals to 1
147  Q.mammal+F+I+G4 35757.959    88  71691.917    71725.245    72072.619
WARNING: Normalizing state frequencies so that sum of them equals to 1
148  Q.mammal+F+R2 36059.337    88  72294.673    72328.001    72675.374
WARNING: Normalizing state frequencies so that sum of them equals to 1
149  Q.mammal+F+R3 35827.585    90  71835.169    71870.169    72224.523
WARNING: Normalizing state frequencies so that sum of them equals to 1
150  Q.mammal+F+R4 35746.659    92  71677.318    71714.039    72075.324
WARNING: Normalizing state frequencies so that sum of them equals to 1
151  Q.mammal+F+R5 35729.149    94  71646.298    71684.790    72052.956
WARNING: Normalizing state frequencies so that sum of them equals to 1
152  Q.mammal+F+R6 35725.792    96  71643.585    71683.896    72058.895
157  Q.insect      37287.012    67  74708.024    74726.582    74997.876
158  Q.insect+I    36944.833    68  74025.667    74044.818    74319.845
159  Q.insect+G4   35739.984    68  71615.967    71635.118    71910.145
160  Q.insect+I+G4 35711.197    69  71560.395    71580.149    71858.899
161  Q.insect+R2   36011.475    69  72160.950    72180.704    72459.454
162  Q.insect+R3   35763.905    71  71669.810    71690.804    71976.967
163  Q.insect+R4   35700.175    73  71546.349    71568.625    71862.158
164  Q.insect+R5   35683.006    75  71516.012    71539.614    71840.473
165  Q.insect+R6   35679.316    77  71512.632    71537.605    71845.745
170  Q.insect+F    36991.293    86  74154.587    74186.290    74526.635
171  Q.insect+F+I  36675.048    87  73524.095    73556.605    73900.470
172  Q.insect+F+G4 35394.538    87  70963.076    70995.585    71339.451
173  Q.insect+F+I+G4 35374.631    88  70925.261    70958.589    71305.963
174  Q.insect+F+R2 35662.341    88  71500.682    71534.009    71881.383
175  Q.insect+F+R3 35428.898    90  71037.797    71072.797    71427.150
176  Q.insect+F+R4 35354.435    92  70892.870    70929.591    71290.876
177  Q.insect+F+R5 35350.165    94  70888.330    70926.821    71294.988
WARNING: Normalizing state frequencies so that sum of them equals to 1
183  Q.plant       37346.160    67  74826.320    74844.878    75116.172
WARNING: Normalizing state frequencies so that sum of them equals to 1
184  Q.plant+I     37010.575    68  74157.149    74176.300    74451.327
WARNING: Normalizing state frequencies so that sum of them equals to 1
185  Q.plant+G4    35650.837    68  71437.674    71456.825    71731.852
WARNING: Normalizing state frequencies so that sum of them equals to 1
186  Q.plant+I+G4  35624.966    69  71387.932    71407.686    71686.436
WARNING: Normalizing state frequencies so that sum of them equals to 1
187  Q.plant+R2    35955.105    69  72048.209    72067.964    72346.714
WARNING: Normalizing state frequencies so that sum of them equals to 1
188  Q.plant+R3    35696.670    71  71535.340    71556.334    71842.497
WARNING: Normalizing state frequencies so that sum of them equals to 1
189  Q.plant+R4    35616.740    73  71379.480    71401.756    71695.288
WARNING: Normalizing state frequencies so that sum of them equals to 1
190  Q.plant+R5    35596.888    75  71343.776    71367.378    71668.237
WARNING: Normalizing state frequencies so that sum of them equals to 1
191  Q.plant+R6    35589.358    77  71332.716    71357.689    71665.829
WARNING: Normalizing state frequencies so that sum of them equals to 1
192  Q.plant+R7    35588.976    79  71335.951    71362.340    71677.717
WARNING: Normalizing state frequencies so that sum of them equals to 1
196  Q.plant+F     37224.409    86  74620.818    74652.521    74992.867
WARNING: Normalizing state frequencies so that sum of them equals to 1
197  Q.plant+F+I   36914.044    87  74002.089    74034.598    74378.464
WARNING: Normalizing state frequencies so that sum of them equals to 1
198  Q.plant+F+G4  35475.407    87  71124.813    71157.323    71501.188
WARNING: Normalizing state frequencies so that sum of them equals to 1
199  Q.plant+F+I+G4 35456.817    88  71089.634    71122.962    71470.336
WARNING: Normalizing state frequencies so that sum of them equals to 1
200  Q.plant+F+R2  35769.200    88  71714.401    71747.729    72095.102
WARNING: Normalizing state frequencies so that sum of them equals to 1
201  Q.plant+F+R3  35526.877    90  71233.753    71268.753    71623.107
WARNING: Normalizing state frequencies so that sum of them equals to 1
202  Q.plant+F+R4  35440.082    92  71064.165    71100.886    71462.170
WARNING: Normalizing state frequencies so that sum of them equals to 1
203  Q.plant+F+R5  35425.013    94  71038.026    71076.518    71444.684
WARNING: Normalizing state frequencies so that sum of them equals to 1
204  Q.plant+F+R6  35420.270    96  71032.540    71072.852    71447.850
WARNING: Normalizing state frequencies so that sum of them equals to 1
209  Q.yeast       37251.173    67  74636.346    74654.904    74926.198
WARNING: Normalizing state frequencies so that sum of them equals to 1
210  Q.yeast+I     36920.741    68  73977.481    73996.632    74271.660
WARNING: Normalizing state frequencies so that sum of them equals to 1
211  Q.yeast+G4    35764.092    68  71664.185    71683.336    71958.363
WARNING: Normalizing state frequencies so that sum of them equals to 1
212  Q.yeast+I+G4  35734.710    69  71607.420    71627.175    71905.924
WARNING: Normalizing state frequencies so that sum of them equals to 1
213  Q.yeast+R2    36041.966    69  72221.933    72241.687    72520.437
WARNING: Normalizing state frequencies so that sum of them equals to 1
214  Q.yeast+R3    35786.427    71  71714.854    71735.848    72022.010
WARNING: Normalizing state frequencies so that sum of them equals to 1
215  Q.yeast+R4    35727.454    73  71600.908    71623.185    71916.717
WARNING: Normalizing state frequencies so that sum of them equals to 1
216  Q.yeast+R5    35707.628    75  71565.255    71588.858    71889.716
WARNING: Normalizing state frequencies so that sum of them equals to 1
217  Q.yeast+R6    35702.125    77  71558.251    71583.224    71891.364
WARNING: Normalizing state frequencies so that sum of them equals to 1
222  Q.yeast+F     36827.013    86  73826.026    73857.729    74198.074
WARNING: Normalizing state frequencies so that sum of them equals to 1
223  Q.yeast+F+I   36524.244    87  73222.488    73254.998    73598.863
WARNING: Normalizing state frequencies so that sum of them equals to 1
224  Q.yeast+F+G4  35292.686    87  70759.371    70791.881    71135.746
WARNING: Normalizing state frequencies so that sum of them equals to 1
225  Q.yeast+F+I+G4 35271.431    88  70718.862    70752.190    71099.563
WARNING: Normalizing state frequencies so that sum of them equals to 1
226  Q.yeast+F+R2  35556.261    88  71288.523    71321.850    71669.224
WARNING: Normalizing state frequencies so that sum of them equals to 1
227  Q.yeast+F+R3  35323.028    90  70826.056    70861.056    71215.410
WARNING: Normalizing state frequencies so that sum of them equals to 1
228  Q.yeast+F+R4  35255.341    92  70694.682    70731.403    71092.688
WARNING: Normalizing state frequencies so that sum of them equals to 1
229  Q.yeast+F+R5  35240.738    94  70669.476    70707.967    71076.134
WARNING: Normalizing state frequencies so that sum of them equals to 1
230  Q.yeast+F+R6  35238.036    96  70668.073    70708.384    71083.383
235  JTTDCMut      37170.902    67  74475.804    74494.363    74765.656
236  JTTDCMut+I    36842.873    68  73821.746    73840.897    74115.924
237  JTTDCMut+G4   35816.099    68  71768.199    71787.350    72062.377
238  JTTDCMut+I+G4 35779.047    69  71696.095    71715.849    71994.599
239  JTTDCMut+R2   36037.659    69  72213.318    72233.073    72511.823
240  JTTDCMut+R3   35818.941    71  71779.883    71800.877    72087.039
241  JTTDCMut+R4   35763.313    73  71672.626    71694.902    71988.435
242  JTTDCMut+R5   35748.126    75  71646.253    71669.855    71970.714
243  JTTDCMut+R6   35742.417    77  71638.835    71663.808    71971.948
248  JTTDCMut+F    36985.206    86  74142.413    74174.116    74514.462
249  JTTDCMut+F+I  36679.952    87  73533.903    73566.413    73910.278
250  JTTDCMut+F+G4 35587.274    87  71348.547    71381.057    71724.922
251  JTTDCMut+F+I+G4 35557.454    88  71290.908    71324.236    71671.609
252  JTTDCMut+F+R2 35801.896    88  71779.793    71813.120    72160.494
253  JTTDCMut+F+R3 35597.371    90  71374.742    71409.742    71764.096
254  JTTDCMut+F+R4 35537.754    92  71259.509    71296.230    71657.515
255  JTTDCMut+F+R5 35524.440    94  71236.879    71275.370    71643.537
256  JTTDCMut+F+R6 35523.315    96  71238.629    71278.941    71653.939
261  DCMut         37588.762    67  75311.523    75330.081    75601.375
262  DCMut+I       37219.989    68  74575.978    74595.129    74870.156
263  DCMut+G4      36186.727    68  72509.454    72528.605    72803.632
264  DCMut+I+G4    36140.586    69  72419.172    72438.927    72717.677
265  DCMut+R2      36440.931    69  73019.861    73039.616    73318.366
266  DCMut+R3      36187.673    71  72517.345    72538.339    72824.502
267  DCMut+R4      36117.960    73  72381.920    72404.196    72697.729
268  DCMut+R5      36106.814    75  72363.628    72387.230    72688.089
269  DCMut+R6      36094.840    77  72343.679    72368.652    72676.793
270  DCMut+R7      36092.983    79  72343.967    72370.355    72685.732
274  DCMut+F       37187.319    86  74546.639    74578.342    74918.688
275  DCMut+F+I     36848.475    87  73870.950    73903.459    74247.325
276  DCMut+F+G4    35739.019    87  71652.039    71684.548    72028.414
277  DCMut+F+I+G4  35704.544    88  71585.088    71618.415    71965.789
278  DCMut+F+R2    35989.689    88  72155.378    72188.705    72536.079
279  DCMut+F+R3    35758.547    90  71697.095    71732.095    72086.448
280  DCMut+F+R4    35681.433    92  71546.867    71583.588    71944.872
281  DCMut+F+R5    35674.160    94  71536.320    71574.812    71942.978
282  DCMut+F+R6    35664.854    96  71521.707    71562.019    71937.018
WARNING: Log-likelihood -35666.9 of DCMut+F+R7 worse than DCMut+F+R6 -35664.9
283  DCMut+F+R7    35666.926    98  71529.851    71572.034    71953.814
287  VT            36929.820    67  73993.640    74012.198    74283.492
288  VT+I          36639.643    68  73415.286    73434.437    73709.464
289  VT+G4         35771.588    68  71679.175    71698.326    71973.353
290  VT+I+G4       35735.145    69  71608.290    71628.044    71906.794
291  VT+R2         35935.788    69  72009.576    72029.331    72308.081
292  VT+R3         35749.762    71  71641.524    71662.518    71948.681
293  VT+R4         35711.669    73  71569.338    71591.614    71885.147
294  VT+R5         35696.454    75  71542.908    71566.511    71867.370
295  VT+R6         35691.537    77  71537.075    71562.048    71870.188
300  VT+F          36774.356    86  73720.711    73752.414    74092.760
301  VT+F+I        36506.021    87  73186.042    73218.552    73562.417
302  VT+F+G4       35586.200    87  71346.400    71378.910    71722.775
303  VT+F+I+G4     35556.534    88  71289.069    71322.397    71669.770
304  VT+F+R2       35747.407    88  71670.814    71704.142    72051.515
305  VT+F+R3       35566.736    90  71313.472    71348.472    71702.826
306  VT+F+R4       35529.358    92  71242.717    71279.438    71640.722
307  VT+F+R5       35516.724    94  71221.448    71259.939    71628.106
308  VT+F+R6       35515.831    96  71223.662    71263.974    71638.972
313  PMB           37023.505    67  74181.010    74199.568    74470.862
314  PMB+I         36767.978    68  73671.955    73691.106    73966.134
315  PMB+G4        35877.114    68  71890.229    71909.380    72184.407
316  PMB+I+G4      35847.296    69  71832.593    71852.347    72131.097
317  PMB+R2        36024.764    69  72187.527    72207.282    72486.032
318  PMB+R3        35847.734    71  71837.469    71858.462    72144.625
319  PMB+R4        35815.670    73  71777.341    71799.617    72093.150
320  PMB+R5        35803.128    75  71756.256    71779.859    72080.717
321  PMB+R6        35800.375    77  71754.749    71779.722    72087.863
326  PMB+F         36997.683    86  74167.365    74199.069    74539.414
327  PMB+F+I       36749.944    87  73673.888    73706.398    74050.263
328  PMB+F+G4      35797.117    87  71768.235    71800.744    72144.610
329  PMB+F+I+G4    35771.933    88  71719.866    71753.194    72100.567
330  PMB+F+R2      35952.296    88  72080.592    72113.919    72461.293
331  PMB+F+R3      35774.153    90  71728.305    71763.305    72117.659
332  PMB+F+R4      35740.040    92  71664.080    71700.801    72062.086
333  PMB+F+R5      35728.230    94  71644.460    71682.951    72051.118
334  PMB+F+R6      35726.684    96  71645.368    71685.680    72060.678
339  Blosum62      37032.834    67  74199.669    74218.227    74489.521
340  Blosum62+I    36778.765    68  73693.530    73712.681    73987.708
341  Blosum62+G4   35892.156    68  71920.313    71939.464    72214.491
342  Blosum62+I+G4 35863.998    69  71865.995    71885.750    72164.500
343  Blosum62+R2   36039.599    69  72217.198    72236.953    72515.703
344  Blosum62+R3   35864.143    71  71870.286    71891.280    72177.443
345  Blosum62+R4   35829.791    73  71805.581    71827.857    72121.390
346  Blosum62+R5   35819.435    75  71788.869    71812.472    72113.331
347  Blosum62+R6   35815.629    77  71785.258    71810.231    72118.372
352  Blosum62+F    36943.842    86  74059.684    74091.387    74431.733
353  Blosum62+F+I  36695.697    87  73565.393    73597.903    73941.768
354  Blosum62+F+G4 35756.130    87  71686.261    71718.770    72062.636
355  Blosum62+F+I+G4 35731.872    88  71639.745    71673.072    72020.446
356  Blosum62+F+R2 35914.252    88  72004.505    72037.832    72385.206
357  Blosum62+F+R3 35732.075    90  71644.150    71679.150    72033.503
358  Blosum62+F+R4 35697.399    92  71578.798    71615.519    71976.804
359  Blosum62+F+R5 35692.563    94  71573.126    71611.617    71979.784
365  Dayhoff       37589.345    67  75312.689    75331.247    75602.541
366  Dayhoff+I     37220.033    68  74576.066    74595.217    74870.244
367  Dayhoff+G4    36184.112    68  72504.225    72523.376    72798.403
368  Dayhoff+I+G4  36137.963    69  72413.926    72433.680    72712.430
369  Dayhoff+R2    36439.089    69  73016.177    73035.932    73314.682
370  Dayhoff+R3    36185.242    71  72512.485    72533.478    72819.641
371  Dayhoff+R4    36115.353    73  72376.705    72398.982    72692.514
372  Dayhoff+R5    36104.172    75  72358.345    72381.947    72682.806
373  Dayhoff+R6    36092.124    77  72338.249    72363.222    72671.362
374  Dayhoff+R7    36090.245    79  72338.491    72364.879    72680.256
378  Dayhoff+F     37187.311    86  74546.622    74578.326    74918.671
379  Dayhoff+F+I   36847.971    87  73869.942    73902.452    74246.317
380  Dayhoff+F+G4  35736.142    87  71646.285    71678.795    72022.660
381  Dayhoff+F+I+G4 35701.645    88  71579.289    71612.617    71959.990
382  Dayhoff+F+R2  35987.574    88  72151.147    72184.475    72531.848
383  Dayhoff+F+R3  35755.822    90  71691.644    71726.644    72080.997
384  Dayhoff+F+R4  35678.568    92  71541.136    71577.857    71939.142
385  Dayhoff+F+R5  35671.218    94  71530.437    71568.928    71937.095
386  Dayhoff+F+R6  35661.928    96  71515.856    71556.168    71931.166
WARNING: Log-likelihood -35664 of Dayhoff+F+R7 worse than Dayhoff+F+R6 -35661.9
387  Dayhoff+F+R7  35663.989    98  71523.978    71566.161    71947.941
391  mtREV         39174.746    67  78483.492    78502.050    78773.344
392  mtREV+I       38943.096    68  78022.192    78041.343    78316.371
393  mtREV+G4      37094.065    68  74324.131    74343.282    74618.309
394  mtREV+I+G4    37079.052    69  74296.103    74315.858    74594.607
395  mtREV+R2      37421.261    69  74980.523    75000.277    75279.027
396  mtREV+R3      37154.491    71  74450.981    74471.975    74758.138
397  mtREV+R4      37064.943    73  74275.887    74298.163    74591.696
398  mtREV+R5      37038.373    75  74226.745    74250.348    74551.207
399  mtREV+R6      37026.762    77  74207.524    74232.497    74540.638
400  mtREV+R7      37025.553    79  74209.106    74235.494    74550.872
404  mtREV+F       37595.740    86  75363.479    75395.182    75735.528
405  mtREV+F+I     37331.621    87  74837.242    74869.751    75213.617
406  mtREV+F+G4    35820.657    87  71815.313    71847.823    72191.688
407  mtREV+F+I+G4  35794.476    88  71764.951    71798.279    72145.652
408  mtREV+F+R2    36115.309    88  72406.617    72439.945    72787.318
409  mtREV+F+R3    35870.224    90  71920.448    71955.448    72309.802
410  mtREV+F+R4    35793.356    92  71770.711    71807.432    72168.717
411  mtREV+F+R5    35761.773    94  71711.545    71750.037    72118.203
412  mtREV+F+R6    35752.579    96  71697.157    71737.469    72112.467
413  mtREV+F+R7    35751.629    98  71699.258    71741.441    72123.221
417  mtART         40184.638    67  80503.275    80521.833    80793.127
418  mtART+I       39937.561    68  80011.122    80030.273    80305.300
419  mtART+G4      37299.544    68  74735.089    74754.240    75029.267
420  mtART+I+G4    37279.377    69  74696.755    74716.509    74995.259
421  mtART+R2      37725.819    69  75589.638    75609.393    75888.142
422  mtART+R3      37351.838    71  74845.676    74866.669    75152.832
423  mtART+R4      37260.333    73  74666.666    74688.942    74982.475
424  mtART+R5      37193.605    75  74537.209    74560.812    74861.671
425  mtART+R6      37183.667    77  74521.334    74546.307    74854.447
426  mtART+R7      37183.648    79  74525.297    74551.685    74867.062
430  mtART+F       38354.236    86  76880.471    76912.175    77252.520
431  mtART+F+I     38072.747    87  76319.494    76352.003    76695.869
432  mtART+F+G4    35905.977    87  71985.954    72018.464    72362.329
433  mtART+F+I+G4  35878.677    88  71933.353    71966.681    72314.055
434  mtART+F+R2    36356.572    88  72889.144    72922.471    73269.845
435  mtART+F+R3    35954.574    90  72089.149    72124.149    72478.502
436  mtART+F+R4    35868.653    92  71921.306    71958.027    72319.312
437  mtART+F+R5    35818.095    94  71824.191    71862.682    72230.849
438  mtART+F+R6    35806.694    96  71805.389    71845.700    72220.699
439  mtART+F+R7    35806.697    98  71809.394    71851.576    72233.356
443  mtZOA         38823.029    67  77780.058    77798.616    78069.910
444  mtZOA+I       38562.214    68  77260.428    77279.579    77554.606
445  mtZOA+G4      36367.101    68  72870.202    72889.353    73164.381
446  mtZOA+I+G4    36357.943    69  72853.886    72873.641    73152.391
447  mtZOA+R2      36748.717    69  73635.434    73655.188    73933.938
448  mtZOA+R3      36422.132    71  72986.265    73007.259    73293.421
449  mtZOA+R4      36336.683    73  72819.366    72841.642    73135.174
450  mtZOA+R5      36300.589    75  72751.179    72774.781    73075.640
451  mtZOA+R6      36291.176    77  72736.352    72761.325    73069.466
452  mtZOA+R7      36291.211    79  72740.421    72766.810    73082.187
456  mtZOA+F       37658.889    86  75489.779    75521.482    75861.828
457  mtZOA+F+I     37353.975    87  74881.950    74914.460    75258.325
458  mtZOA+F+G4    35559.298    87  71292.596    71325.106    71668.971
459  mtZOA+F+I+G4  35536.058    88  71248.117    71281.444    71628.818
460  mtZOA+F+R2    35963.218    88  72102.437    72135.764    72483.138
461  mtZOA+F+R3    35612.436    90  71404.871    71439.871    71794.225
462  mtZOA+F+R4    35528.324    92  71240.649    71277.370    71638.655
463  mtZOA+F+R5    35495.385    94  71178.770    71217.261    71585.428
464  mtZOA+F+R6    35485.229    96  71162.459    71202.770    71577.769
465  mtZOA+F+R7    35485.417    98  71166.835    71209.017    71590.797
469  mtMet         39466.662    67  79067.323    79085.881    79357.175
470  mtMet+I       39206.450    68  78548.900    78568.051    78843.079
471  mtMet+G4      37237.390    68  74610.781    74629.932    74904.959
472  mtMet+I+G4    37229.184    69  74596.367    74616.122    74894.871
473  mtMet+R2      37602.572    69  75343.143    75362.898    75641.648
474  mtMet+R3      37315.522    71  74773.044    74794.038    75080.201
475  mtMet+R4      37212.267    73  74570.535    74592.811    74886.344
476  mtMet+R5      37196.522    75  74543.044    74566.646    74867.505
477  mtMet+R6      37186.210    77  74526.421    74551.394    74859.534
478  mtMet+R7      37186.207    79  74530.414    74556.802    74872.180
482  mtMet+F       37596.013    86  75364.025    75395.729    75736.074
483  mtMet+F+I     37285.797    87  74745.595    74778.104    75121.970
484  mtMet+F+G4    35658.743    87  71491.485    71523.995    71867.860
485  mtMet+F+I+G4  35642.642    88  71461.284    71494.611    71841.985
486  mtMet+F+R2    36032.163    88  72240.327    72273.655    72621.028
487  mtMet+F+R3    35716.414    90  71612.827    71647.827    72002.180
488  mtMet+F+R4    35627.554    92  71439.107    71475.828    71837.113
489  mtMet+F+R5    35613.703    94  71415.406    71453.897    71822.064
490  mtMet+F+R6    35600.677    96  71393.354    71433.666    71808.665
491  mtMet+F+R7    35599.489    98  71394.978    71437.160    71818.940
495  mtVer         39704.520    67  79543.039    79561.597    79832.891
496  mtVer+I       39412.436    68  78960.871    78980.022    79255.050
497  mtVer+G4      37280.058    68  74696.116    74715.267    74990.294
498  mtVer+I+G4    37272.085    69  74682.170    74701.925    74980.674
499  mtVer+R2      37671.978    69  75481.955    75501.710    75780.460
500  mtVer+R3      37371.078    71  74884.156    74905.150    75191.313
501  mtVer+R4      37251.968    73  74649.935    74672.211    74965.744
502  mtVer+R5      37239.431    75  74628.862    74652.464    74953.323
503  mtVer+R6      37227.412    77  74608.825    74633.798    74941.938
504  mtVer+R7      37227.426    79  74612.852    74639.240    74954.618
508  mtVer+F       38065.402    86  76302.804    76334.507    76674.853
509  mtVer+F+I     37714.763    87  75603.526    75636.036    75979.901
510  mtVer+F+G4    35973.576    87  72121.153    72153.662    72497.528
511  mtVer+F+I+G4  35954.189    88  72084.379    72117.706    72465.080
512  mtVer+F+R2    36385.598    88  72947.197    72980.524    73327.898
513  mtVer+F+R3    36042.305    90  72264.610    72299.610    72653.964
514  mtVer+F+R4    35945.719    92  72075.439    72112.160    72473.444
515  mtVer+F+R5    35933.036    94  72054.072    72092.563    72460.730
516  mtVer+F+R6    35915.813    96  72023.626    72063.937    72438.936
517  mtVer+F+R7    35914.926    98  72025.851    72068.034    72449.814
521  mtInv         39613.781    67  79361.562    79380.120    79651.414
522  mtInv+I       39354.787    68  78845.573    78864.724    79139.751
523  mtInv+G4      37590.177    68  75316.355    75335.506    75610.533
524  mtInv+I+G4    37579.537    69  75297.074    75316.829    75595.578
525  mtInv+R2      37945.355    69  76028.710    76048.465    76327.215
526  mtInv+R3      37658.043    71  75458.086    75479.079    75765.242
527  mtInv+R4      37565.660    73  75277.320    75299.597    75593.129
528  mtInv+R5      37552.900    75  75255.801    75279.403    75580.262
529  mtInv+R6      37542.206    77  75238.411    75263.384    75571.525
530  mtInv+R7      37542.126    79  75242.252    75268.640    75584.018
534  mtInv+F       37250.455    86  74672.910    74704.614    75044.959
535  mtInv+F+I     36938.226    87  74050.452    74082.962    74426.827
536  mtInv+F+G4    35486.996    87  71147.991    71180.501    71524.366
537  mtInv+F+I+G4  35467.297    88  71110.594    71143.922    71491.295
538  mtInv+F+R2    35838.345    88  71852.691    71886.019    72233.392
539  mtInv+F+R3    35539.550    90  71259.099    71294.099    71648.453
540  mtInv+F+R4    35452.850    92  71089.701    71126.422    71487.707
541  mtInv+F+R5    35442.758    94  71073.516    71112.007    71480.174
542  mtInv+F+R6    35429.303    96  71050.605    71090.917    71465.916
543  mtInv+F+R7    35428.135    98  71052.269    71094.452    71476.232
547  mtMAM         40425.856    67  80985.712    81004.270    81275.564
548  mtMAM+I       40185.365    68  80506.729    80525.880    80800.907
549  mtMAM+G4      37516.331    68  75168.662    75187.813    75462.840
550  mtMAM+I+G4    37503.084    69  75144.168    75163.923    75442.672
551  mtMAM+R2      37933.021    69  76004.042    76023.797    76302.546
552  mtMAM+R3      37584.758    71  75311.516    75332.510    75618.673
553  mtMAM+R4      37472.729    73  75091.457    75113.734    75407.266
554  mtMAM+R5      37438.861    75  75027.722    75051.325    75352.184
555  mtMAM+R6      37427.139    77  75008.277    75033.250    75341.391
556  mtMAM+R7      37423.940    79  75005.879    75032.267    75347.645
560  mtMAM+F       38613.370    86  77398.740    77430.443    77770.788
561  mtMAM+F+I     38338.965    87  76851.930    76884.440    77228.305
562  mtMAM+F+G4    36254.610    87  72683.221    72715.730    73059.596
563  mtMAM+F+I+G4  36239.295    88  72654.589    72687.917    73035.291
564  mtMAM+F+R2    36663.628    88  73503.257    73536.584    73883.958
565  mtMAM+F+R3    36337.934    90  72855.868    72890.868    73245.222
566  mtMAM+F+R4    36225.601    92  72635.202    72671.923    73033.208
567  mtMAM+F+R5    36192.879    94  72573.758    72612.249    72980.416
568  mtMAM+F+R6    36177.587    96  72547.175    72587.486    72962.485
569  mtMAM+F+R7    36172.978    98  72541.955    72584.138    72965.918
WARNING: Normalizing state frequencies so that sum of them equals to 1
573  FLAVI         38793.454    67  77720.908    77739.466    78010.760
WARNING: Normalizing state frequencies so that sum of them equals to 1
574  FLAVI+I       38457.662    68  77051.324    77070.475    77345.502
WARNING: Normalizing state frequencies so that sum of them equals to 1
575  FLAVI+G4      36704.791    68  73545.581    73564.732    73839.760
WARNING: Normalizing state frequencies so that sum of them equals to 1
576  FLAVI+I+G4    36681.617    69  73501.235    73520.989    73799.739
WARNING: Normalizing state frequencies so that sum of them equals to 1
577  FLAVI+R2      37063.784    69  74265.569    74285.323    74564.073
WARNING: Normalizing state frequencies so that sum of them equals to 1
578  FLAVI+R3      36778.913    71  73699.826    73720.820    74006.983
WARNING: Normalizing state frequencies so that sum of them equals to 1
579  FLAVI+R4      36671.024    73  73488.048    73510.324    73803.857
WARNING: Normalizing state frequencies so that sum of them equals to 1
580  FLAVI+R5      36658.568    75  73467.136    73490.738    73791.597
WARNING: Normalizing state frequencies so that sum of them equals to 1
581  FLAVI+R6      36647.909    77  73449.819    73474.792    73782.932
WARNING: Normalizing state frequencies so that sum of them equals to 1
582  FLAVI+R7      36645.560    79  73449.119    73475.507    73790.885
WARNING: Normalizing state frequencies so that sum of them equals to 1
586  FLAVI+F       38678.344    86  77528.688    77560.391    77900.737
WARNING: Normalizing state frequencies so that sum of them equals to 1
587  FLAVI+F+I     38347.196    87  76868.392    76900.901    77244.767
WARNING: Normalizing state frequencies so that sum of them equals to 1
588  FLAVI+F+G4    36528.766    87  73231.532    73264.041    73607.907
WARNING: Normalizing state frequencies so that sum of them equals to 1
589  FLAVI+F+I+G4  36509.786    88  73195.571    73228.899    73576.272
WARNING: Normalizing state frequencies so that sum of them equals to 1
590  FLAVI+F+R2    36907.374    88  73990.748    74024.075    74371.449
WARNING: Normalizing state frequencies so that sum of them equals to 1
591  FLAVI+F+R3    36601.252    90  73382.503    73417.503    73771.857
WARNING: Normalizing state frequencies so that sum of them equals to 1
592  FLAVI+F+R4    36503.033    92  73190.065    73226.786    73588.071
WARNING: Normalizing state frequencies so that sum of them equals to 1
593  FLAVI+F+R5    36485.236    94  73158.472    73196.963    73565.130
WARNING: Normalizing state frequencies so that sum of them equals to 1
594  FLAVI+F+R6    36471.161    96  73134.322    73174.633    73549.632
WARNING: Normalizing state frequencies so that sum of them equals to 1
595  FLAVI+F+R7    36469.287    98  73134.574    73176.757    73558.537
599  HIVb          38043.837    67  76221.673    76240.231    76511.525
600  HIVb+I        37668.301    68  75472.603    75491.754    75766.781
601  HIVb+G4       36340.430    68  72816.861    72836.012    73111.039
602  HIVb+I+G4     36306.201    69  72750.403    72770.157    73048.907
603  HIVb+R2       36637.810    69  73413.620    73433.375    73712.125
604  HIVb+R3       36358.080    71  72858.159    72879.153    73165.316
605  HIVb+R4       36293.661    73  72733.322    72755.598    73049.131
606  HIVb+R5       36269.376    75  72688.753    72712.355    73013.214
607  HIVb+R6       36261.631    77  72677.261    72702.234    73010.375
608  HIVb+R7       36261.226    79  72680.452    72706.841    73022.218
612  HIVb+F        37842.475    86  75856.950    75888.653    76228.999
613  HIVb+F+I      37503.504    87  75181.007    75213.517    75557.382
614  HIVb+F+G4     36052.170    87  72278.340    72310.850    72654.715
615  HIVb+F+I+G4   36026.440    88  72228.881    72262.209    72609.582
616  HIVb+F+R2     36347.384    88  72870.767    72904.095    73251.468
617  HIVb+F+R3     36086.523    90  72353.047    72388.047    72742.400
618  HIVb+F+R4     36013.985    92  72211.969    72248.690    72609.975
619  HIVb+F+R5     35992.186    94  72172.372    72210.863    72579.030
620  HIVb+F+R6     35984.182    96  72160.364    72200.675    72575.674
621  HIVb+F+R7     35983.931    98  72163.862    72206.045    72587.825
625  HIVw          39685.867    67  79505.734    79524.292    79795.586
626  HIVw+I        39246.650    68  78629.299    78648.450    78923.478
627  HIVw+G4       37899.938    68  75935.876    75955.027    76230.054
628  HIVw+I+G4     37863.406    69  75864.812    75884.567    76163.316
629  HIVw+R2       38305.384    69  76748.769    76768.523    77047.273
630  HIVw+R3       37939.705    71  76021.409    76042.403    76328.566
631  HIVw+R4       37853.010    73  75852.020    75874.297    76167.829
632  HIVw+R5       37829.281    75  75808.562    75832.165    76133.023
633  HIVw+R6       37824.236    77  75802.472    75827.445    76135.586
638  HIVw+F        38535.602    86  77243.204    77274.908    77615.253
639  HIVw+F+I      38129.477    87  76432.953    76465.463    76809.328
640  HIVw+F+G4     36757.982    87  73689.963    73722.473    74066.338
641  HIVw+F+I+G4   36724.729    88  73625.457    73658.785    74006.158
642  HIVw+F+R2     37089.209    88  74354.418    74387.746    74735.119
643  HIVw+F+R3     36798.108    90  73776.215    73811.215    74165.568
644  HIVw+F+R4     36713.871    92  73611.741    73648.462    74009.747
645  HIVw+F+R5     36698.085    94  73584.170    73622.661    73990.828
646  HIVw+F+R6     36687.834    96  73567.667    73607.979    73982.977
647  HIVw+F+R7     36684.854    98  73565.707    73607.890    73989.670
651  FLU           38016.825    67  76167.651    76186.209    76457.503
652  FLU+I         37663.205    68  75462.410    75481.561    75756.588
653  FLU+G4        36401.430    68  72938.859    72958.010    73233.038
654  FLU+I+G4      36370.737    69  72879.474    72899.228    73177.978
655  FLU+R2        36691.197    69  73520.393    73540.148    73818.898
656  FLU+R3        36428.281    71  72998.561    73019.555    73305.718
657  FLU+R4        36358.031    73  72862.062    72884.339    73177.871
658  FLU+R5        36336.711    75  72823.421    72847.024    73147.883
659  FLU+R6        36322.769    77  72799.538    72824.511    73132.651
660  FLU+R7        36321.524    79  72801.049    72827.437    73142.814
664  FLU+F         37577.491    86  75326.982    75358.686    75699.031
665  FLU+F+I       37265.763    87  74705.525    74738.035    75081.900
666  FLU+F+G4      35862.288    87  71898.576    71931.086    72274.951
667  FLU+F+I+G4    35839.425    88  71854.850    71888.178    72235.551
668  FLU+F+R2      36142.427    88  72460.854    72494.182    72841.555
669  FLU+F+R3      35910.066    90  72000.131    72035.131    72389.485
670  FLU+F+R4      35823.449    92  71830.898    71867.619    72228.904
671  FLU+F+R5      35806.980    94  71801.960    71840.451    72208.618
672  FLU+F+R6      35797.909    96  71787.818    71828.129    72203.128
673  FLU+F+R7      35795.378    98  71786.756    71828.938    72210.718
677  rtREV         37331.279    67  74796.557    74815.115    75086.409
678  rtREV+I       37059.228    68  74254.455    74273.606    74548.634
679  rtREV+G4      35995.113    68  72126.227    72145.378    72420.405
680  rtREV+I+G4    35968.556    69  72075.111    72094.866    72373.616
681  rtREV+R2      36213.419    69  72564.838    72584.593    72863.342
682  rtREV+R3      36005.730    71  72153.459    72174.453    72460.616
683  rtREV+R4      35945.598    73  72037.196    72059.472    72353.004
684  rtREV+R5      35935.694    75  72021.388    72044.991    72345.849
685  rtREV+R6      35923.824    77  72001.648    72026.621    72334.762
686  rtREV+R7      35922.324    79  72002.647    72029.036    72344.413
690  rtREV+F       36922.240    86  74016.479    74048.182    74388.528
691  rtREV+F+I     36666.558    87  73507.116    73539.626    73883.491
692  rtREV+F+G4    35477.486    87  71128.971    71161.481    71505.346
693  rtREV+F+I+G4  35460.240    88  71096.481    71129.808    71477.182
694  rtREV+F+R2    35710.890    88  71597.779    71631.107    71978.481
695  rtREV+F+R3    35495.481    90  71170.962    71205.962    71560.316
696  rtREV+F+R4    35433.062    92  71050.124    71086.845    71448.130
697  rtREV+F+R5    35423.523    94  71035.046    71073.537    71441.704
698  rtREV+F+R6    35417.702    96  71027.405    71067.717    71442.715
703  cpREV         37111.167    67  74356.335    74374.893    74646.187
704  cpREV+I       36806.365    68  73748.731    73767.882    74042.909
705  cpREV+G4      35760.584    68  71657.168    71676.319    71951.346
706  cpREV+I+G4    35727.895    69  71593.791    71613.545    71892.295
707  cpREV+R2      35974.354    69  72086.707    72106.462    72385.212
708  cpREV+R3      35768.395    71  71678.790    71699.784    71985.946
709  cpREV+R4      35705.454    73  71556.908    71579.184    71872.717
710  cpREV+R5      35690.456    75  71530.911    71554.513    71855.372
711  cpREV+R6      35687.321    77  71528.642    71553.615    71861.755
716  cpREV+F       37007.765    86  74187.529    74219.233    74559.578
717  cpREV+F+I     36715.661    87  73605.321    73637.831    73981.696
718  cpREV+F+G4    35628.247    87  71430.494    71463.004    71806.869
719  cpREV+F+I+G4  35600.314    88  71376.628    71409.956    71757.329
720  cpREV+F+R2    35853.471    88  71882.943    71916.270    72263.644
721  cpREV+F+R3    35649.350    90  71478.699    71513.699    71868.053
722  cpREV+F+R4    35578.472    92  71340.944    71377.665    71738.949
723  cpREV+F+R5    35563.639    94  71315.279    71353.770    71721.937
724  cpREV+F+R6    35562.362    96  71316.725    71357.037    71732.035
Model C10 is alias for POISSON+G+FMIX{C10pi1:1:0.1191344178,C10pi2:1:0.0874372456,C10pi3:1:0.1037105070,C10pi4:1:0.0922584809,C10pi5:1:0.1070492801,C10pi6:1:0.1329945166,C10pi7:1:0.0538028458,C10pi8:1:0.0691986212,C10pi9:1:0.1319937434,C10pi10:1:0.1024203429}
729  C10           36283.978    68  72703.957    72723.108    72998.135
Model C20 is alias for POISSON+G+FMIX{C20pi1:1:0.0559910600,C20pi2:1:0.0514824870,C20pi3:1:0.0812922124,C20pi4:1:0.0721976867,C20pi5:1:0.0556718858,C20pi6:1:0.0331003080,C20pi7:1:0.0589501763,C20pi8:1:0.0263756889,C20pi9:1:0.0307584220,C20pi10:1:0.0376701125,C20pi11:1:0.0303058290,C20pi12:1:0.0808775576,C20pi13:1:0.0263349134,C20pi14:1:0.0579101455,C20pi15:1:0.0371248064,C20pi16:1:0.0586867766,C20pi17:1:0.0561479138,C20pi18:1:0.0349810886,C20pi19:1:0.0544937394,C20pi20:1:0.0596471901}
730  C20           35967.823    68  72071.646    72090.797    72365.825
Model C30 is alias for POISSON+G+FMIX{C30pi1:1:0.0095783264,C30pi2:1:0.0248476365,C30pi3:1:0.0636309366,C30pi4:1:0.0537939225,C30pi5:1:0.0295885587,C30pi6:1:0.0117587936,C30pi7:1:0.0132013428,C30pi8:1:0.0236868805,C30pi9:1:0.0261687659,C30pi10:1:0.0239821974,C30pi11:1:0.0257100906,C30pi12:1:0.0465072425,C30pi13:1:0.0546794546,C30pi14:1:0.0536085131,C30pi15:1:0.0270622670,C30pi16:1:0.0403913593,C30pi17:1:0.0474212700,C30pi18:1:0.0458816478,C30pi19:1:0.0214036510,C30pi20:1:0.0290385981,C30pi21:1:0.0123391793,C30pi22:1:0.0569350229,C30pi23:1:0.0419687568,C30pi24:1:0.0339027062,C30pi25:1:0.0388777376,C30pi26:1:0.0196343766,C30pi27:1:0.0233086174,C30pi28:1:0.0622722654,C30pi29:1:0.0184803385,C30pi30:1:0.0203395454}
731  C30           35838.210    68  71812.420    71831.571    72106.599
Model C40 is alias for POISSON+G+FMIX{C40pi1:1:0.0223853788,C40pi2:1:0.0338891820,C40pi3:1:0.0577169375,C40pi4:1:0.0252416233,C40pi5:1:0.0108607921,C40pi6:1:0.0462373793,C40pi7:1:0.0102293175,C40pi8:1:0.0147523625,C40pi9:1:0.0143161352,C40pi10:1:0.0182302541,C40pi11:1:0.0204025079,C40pi12:1:0.0425505156,C40pi13:1:0.0248627269,C40pi14:1:0.0105892988,C40pi15:1:0.0188238725,C40pi16:1:0.0086663445,C40pi17:1:0.0148496147,C40pi18:1:0.0343037402,C40pi19:1:0.0225335203,C40pi20:1:0.0174068578,C40pi21:1:0.0112207827,C40pi22:1:0.0443532245,C40pi23:1:0.0392573370,C40pi24:1:0.0196756555,C40pi25:1:0.0287690328,C40pi26:1:0.0114441177,C40pi27:1:0.0112338740,C40pi28:1:0.0582694099,C40pi29:1:0.0444272279,C40pi30:1:0.0112010942,C40pi31:1:0.0145176111,C40pi32:1:0.0114629026,C40pi33:1:0.0239628061,C40pi34:1:0.0266266492,C40pi35:1:0.0481201159,C40pi36:1:0.0371147423,C40pi37:1:0.0160476688,C40pi38:1:0.0237249267,C40pi39:1:0.0235226203,C40pi40:1:0.0261998398}
732  C40           35773.813    68  71683.627    71702.778    71977.805
Model C50 is alias for POISSON+G+FMIX{C50pi1:1:0.0164297003,C50pi2:1:0.0273175755,C50pi3:1:0.0460247610,C50pi4:1:0.0084864734,C50pi5:1:0.0125389252,C50pi6:1:0.0343549036,C50pi7:1:0.0130241102,C50pi8:1:0.0094755681,C50pi9:1:0.0190040551,C50pi10:1:0.0151902354,C50pi11:1:0.0320534760,C50pi12:1:0.0210059850,C50pi13:1:0.0237408547,C50pi14:1:0.0239841203,C50pi15:1:0.0213748021,C50pi16:1:0.0210717705,C50pi17:1:0.0050241805,C50pi18:1:0.0166262276,C50pi19:1:0.0143945956,C50pi20:1:0.0104391130,C50pi21:1:0.0107628277,C50pi22:1:0.0148818171,C50pi23:1:0.0321480239,C50pi24:1:0.0145477978,C50pi25:1:0.0332355807,C50pi26:1:0.0143190281,C50pi27:1:0.0234478734,C50pi28:1:0.0183044983,C50pi29:1:0.0403269452,C50pi30:1:0.0135629530,C50pi31:1:0.0091880799,C50pi32:1:0.0158270022,C50pi33:1:0.0121019379,C50pi34:1:0.0353560982,C50pi35:1:0.0404495617,C50pi36:1:0.0104569232,C50pi37:1:0.0146187792,C50pi38:1:0.0093984095,C50pi39:1:0.0146773809,C50pi40:1:0.0201635562,C50pi41:1:0.0255640273,C50pi42:1:0.0039486842,C50pi43:1:0.0393652608,C50pi44:1:0.0056415419,C50pi45:1:0.0382833580,C50pi46:1:0.0039735086,C50pi47:1:0.0140269355,C50pi48:1:0.0476703673,C50pi49:1:0.0204062788,C50pi50:1:0.0117835304}
733  C50           35720.477    68  71576.955    71596.106    71871.133
Model C60 is alias for POISSON+G+FMIX{C60pi1:1:0.0169698865,C60pi2:1:0.0211683374,C60pi3:1:0.0276589079,C60pi4:1:0.0065675964,C60pi5:1:0.0141221416,C60pi6:1:0.0068774834,C60pi7:1:0.0146909701,C60pi8:1:0.0067225777,C60pi9:1:0.0018396660,C60pi10:1:0.0102547197,C60pi11:1:0.0230896163,C60pi12:1:0.0057941033,C60pi13:1:0.0125394534,C60pi14:1:0.0204526478,C60pi15:1:0.0070629602,C60pi16:1:0.0117982741,C60pi17:1:0.0068334668,C60pi18:1:0.0433775839,C60pi19:1:0.0318278731,C60pi20:1:0.0222546108,C60pi21:1:0.0102264969,C60pi22:1:0.0150545891,C60pi23:1:0.0134159878,C60pi24:1:0.0148552065,C60pi25:1:0.0239111516,C60pi26:1:0.0128776278,C60pi27:1:0.0222318842,C60pi28:1:0.0247444742,C60pi29:1:0.0214274810,C60pi30:1:0.0115001882,C60pi31:1:0.0076017389,C60pi32:1:0.0130258568,C60pi33:1:0.0093701965,C60pi34:1:0.0467194264,C60pi35:1:0.0441940314,C60pi36:1:0.0322263154,C60pi37:1:0.0402999891,C60pi38:1:0.0150234227,C60pi39:1:0.0104589903,C60pi40:1:0.0214742395,C60pi41:1:0.0154957836,C60pi42:1:0.0101789953,C60pi43:1:0.0227980379,C60pi44:1:0.0123204539,C60pi45:1:0.0066777583,C60pi46:1:0.0004150083,C60pi47:1:0.0344385130,C60pi48:1:0.0113663379,C60pi49:1:0.0127143049,C60pi50:1:0.0124323741,C60pi51:1:0.0262124415,C60pi52:1:0.0064994957,C60pi53:1:0.0103203293,C60pi54:1:0.0142463512,C60pi55:1:0.0215600067,C60pi56:1:0.0199150700,C60pi57:1:0.0038964200,C60pi58:1:0.0113448855,C60pi59:1:0.0128595846,C60pi60:1:0.0117656776}
WARNING: Your input class weight 0.000415008 is very small and may cause numerical issues
734  C60           35792.279    68  71720.558    71739.709    72014.737
Model EX2 is alias for MIX{BurEX2:0.672020808818762,ExpEX2:1.6413466609931}
WARNING: Normalizing state frequencies so that sum of them equals to 1
735  EX2           35923.268    68  71982.535    72001.686    72276.713
Model EX3 is alias for MIX{BurEX3:0.427672756793791,IntEX3:0.837595938019774,HExEX3:1.51863631431518}
WARNING: Normalizing state frequencies so that sum of them equals to 1
WARNING: Normalizing state frequencies so that sum of them equals to 1
736  EX3           35832.379    69  71802.758    71822.512    72101.262
Model EHO is alias for MIX{ExtEHO:0.720274356,HelEHO:0.976798797,OthEHO:0.783109376}
WARNING: Normalizing state frequencies so that sum of them equals to 1
WARNING: Normalizing state frequencies so that sum of them equals to 1
WARNING: Normalizing state frequencies so that sum of them equals to 1
737  EHO           36604.666    69  73347.331    73367.086    73645.836
Model UL2 is alias for MIX{M1_UL2:0.581348617,M2_UL2:1.465482789}
WARNING: Normalizing state frequencies so that sum of them equals to 1
738  UL2           36061.449    68  72258.897    72278.048    72553.075
Model UL3 is alias for MIX{Q1_UL3:0.484340397,Q2_UL3:0.492780514,Q3_UL3:1.15597274}
WARNING: Normalizing state frequencies so that sum of them equals to 1
WARNING: Normalizing state frequencies so that sum of them equals to 1
739  UL3           36680.263    69  73498.526    73518.281    73797.031
Model EX_EHO is alias for MIX{BUR_EXT:0.761816796788931,BUR_HEL:0.744425646802117,BUR_OTH:0.532457759429489,EXP_EXT:1.5639387472863,EXP_HEL:2.06403411829438,EXP_OTH:1.43336795177594}
WARNING: Normalizing state frequencies so that sum of them equals to 1
WARNING: Normalizing state frequencies so that sum of them equals to 1
WARNING: Normalizing state frequencies so that sum of them equals to 1
740  EX_EHO        35688.459    72  71520.918    71542.548    71832.401
Model LG4M is alias for MIX{LG4M1,LG4M2,LG4M3,LG4M4}*G4
741  LG4M          35428.736    68  70993.472    71012.623    71287.650
Model LG4X is alias for MIX{LG4X1,LG4X2,LG4X3,LG4X4}*R4
742  LG4X          35407.962    73  70961.923    70984.200    71277.732
Model CF4 is alias for POISSON+FMIX{Fclass1,Fclass2,Fclass3,Fclass4}+F+G
WARNING: Normalizing State frequencies so that sum of them equals to 1
WARNING: Normalizing State frequencies so that sum of them equals to 1
WARNING: Normalizing State frequencies so that sum of them equals to 1
WARNING: Normalizing State frequencies so that sum of them equals to 1
743  CF4           37259.599    91  74701.199    74737.053    75094.878
Model LG+C10 is alias for LG+POISSON+G+FMIX{C10pi1:1:0.1191344178,C10pi2:1:0.0874372456,C10pi3:1:0.1037105070,C10pi4:1:0.0922584809,C10pi5:1:0.1070492801,C10pi6:1:0.1329945166,C10pi7:1:0.0538028458,C10pi8:1:0.0691986212,C10pi9:1:0.1319937434,C10pi10:1:0.1024203429}
744  LG+C10        35955.347    68  72046.693    72065.844    72340.871
Model LG+C20 is alias for LG+POISSON+G+FMIX{C20pi1:1:0.0559910600,C20pi2:1:0.0514824870,C20pi3:1:0.0812922124,C20pi4:1:0.0721976867,C20pi5:1:0.0556718858,C20pi6:1:0.0331003080,C20pi7:1:0.0589501763,C20pi8:1:0.0263756889,C20pi9:1:0.0307584220,C20pi10:1:0.0376701125,C20pi11:1:0.0303058290,C20pi12:1:0.0808775576,C20pi13:1:0.0263349134,C20pi14:1:0.0579101455,C20pi15:1:0.0371248064,C20pi16:1:0.0586867766,C20pi17:1:0.0561479138,C20pi18:1:0.0349810886,C20pi19:1:0.0544937394,C20pi20:1:0.0596471901}
745  LG+C20        35670.707    68  71477.414    71496.565    71771.592
Model LG+C30 is alias for LG+POISSON+G+FMIX{C30pi1:1:0.0095783264,C30pi2:1:0.0248476365,C30pi3:1:0.0636309366,C30pi4:1:0.0537939225,C30pi5:1:0.0295885587,C30pi6:1:0.0117587936,C30pi7:1:0.0132013428,C30pi8:1:0.0236868805,C30pi9:1:0.0261687659,C30pi10:1:0.0239821974,C30pi11:1:0.0257100906,C30pi12:1:0.0465072425,C30pi13:1:0.0546794546,C30pi14:1:0.0536085131,C30pi15:1:0.0270622670,C30pi16:1:0.0403913593,C30pi17:1:0.0474212700,C30pi18:1:0.0458816478,C30pi19:1:0.0214036510,C30pi20:1:0.0290385981,C30pi21:1:0.0123391793,C30pi22:1:0.0569350229,C30pi23:1:0.0419687568,C30pi24:1:0.0339027062,C30pi25:1:0.0388777376,C30pi26:1:0.0196343766,C30pi27:1:0.0233086174,C30pi28:1:0.0622722654,C30pi29:1:0.0184803385,C30pi30:1:0.0203395454}
746  LG+C30        35560.459    68  71256.918    71276.069    71551.096
Model LG+C40 is alias for LG+POISSON+G+FMIX{C40pi1:1:0.0223853788,C40pi2:1:0.0338891820,C40pi3:1:0.0577169375,C40pi4:1:0.0252416233,C40pi5:1:0.0108607921,C40pi6:1:0.0462373793,C40pi7:1:0.0102293175,C40pi8:1:0.0147523625,C40pi9:1:0.0143161352,C40pi10:1:0.0182302541,C40pi11:1:0.0204025079,C40pi12:1:0.0425505156,C40pi13:1:0.0248627269,C40pi14:1:0.0105892988,C40pi15:1:0.0188238725,C40pi16:1:0.0086663445,C40pi17:1:0.0148496147,C40pi18:1:0.0343037402,C40pi19:1:0.0225335203,C40pi20:1:0.0174068578,C40pi21:1:0.0112207827,C40pi22:1:0.0443532245,C40pi23:1:0.0392573370,C40pi24:1:0.0196756555,C40pi25:1:0.0287690328,C40pi26:1:0.0114441177,C40pi27:1:0.0112338740,C40pi28:1:0.0582694099,C40pi29:1:0.0444272279,C40pi30:1:0.0112010942,C40pi31:1:0.0145176111,C40pi32:1:0.0114629026,C40pi33:1:0.0239628061,C40pi34:1:0.0266266492,C40pi35:1:0.0481201159,C40pi36:1:0.0371147423,C40pi37:1:0.0160476688,C40pi38:1:0.0237249267,C40pi39:1:0.0235226203,C40pi40:1:0.0261998398}
747  LG+C40        35513.361    68  71162.722    71181.873    71456.901
Model LG+C50 is alias for LG+POISSON+G+FMIX{C50pi1:1:0.0164297003,C50pi2:1:0.0273175755,C50pi3:1:0.0460247610,C50pi4:1:0.0084864734,C50pi5:1:0.0125389252,C50pi6:1:0.0343549036,C50pi7:1:0.0130241102,C50pi8:1:0.0094755681,C50pi9:1:0.0190040551,C50pi10:1:0.0151902354,C50pi11:1:0.0320534760,C50pi12:1:0.0210059850,C50pi13:1:0.0237408547,C50pi14:1:0.0239841203,C50pi15:1:0.0213748021,C50pi16:1:0.0210717705,C50pi17:1:0.0050241805,C50pi18:1:0.0166262276,C50pi19:1:0.0143945956,C50pi20:1:0.0104391130,C50pi21:1:0.0107628277,C50pi22:1:0.0148818171,C50pi23:1:0.0321480239,C50pi24:1:0.0145477978,C50pi25:1:0.0332355807,C50pi26:1:0.0143190281,C50pi27:1:0.0234478734,C50pi28:1:0.0183044983,C50pi29:1:0.0403269452,C50pi30:1:0.0135629530,C50pi31:1:0.0091880799,C50pi32:1:0.0158270022,C50pi33:1:0.0121019379,C50pi34:1:0.0353560982,C50pi35:1:0.0404495617,C50pi36:1:0.0104569232,C50pi37:1:0.0146187792,C50pi38:1:0.0093984095,C50pi39:1:0.0146773809,C50pi40:1:0.0201635562,C50pi41:1:0.0255640273,C50pi42:1:0.0039486842,C50pi43:1:0.0393652608,C50pi44:1:0.0056415419,C50pi45:1:0.0382833580,C50pi46:1:0.0039735086,C50pi47:1:0.0140269355,C50pi48:1:0.0476703673,C50pi49:1:0.0204062788,C50pi50:1:0.0117835304}
748  LG+C50        35484.228    68  71104.456    71123.608    71398.635
Model LG+C60 is alias for LG+POISSON+G+FMIX{C60pi1:1:0.0169698865,C60pi2:1:0.0211683374,C60pi3:1:0.0276589079,C60pi4:1:0.0065675964,C60pi5:1:0.0141221416,C60pi6:1:0.0068774834,C60pi7:1:0.0146909701,C60pi8:1:0.0067225777,C60pi9:1:0.0018396660,C60pi10:1:0.0102547197,C60pi11:1:0.0230896163,C60pi12:1:0.0057941033,C60pi13:1:0.0125394534,C60pi14:1:0.0204526478,C60pi15:1:0.0070629602,C60pi16:1:0.0117982741,C60pi17:1:0.0068334668,C60pi18:1:0.0433775839,C60pi19:1:0.0318278731,C60pi20:1:0.0222546108,C60pi21:1:0.0102264969,C60pi22:1:0.0150545891,C60pi23:1:0.0134159878,C60pi24:1:0.0148552065,C60pi25:1:0.0239111516,C60pi26:1:0.0128776278,C60pi27:1:0.0222318842,C60pi28:1:0.0247444742,C60pi29:1:0.0214274810,C60pi30:1:0.0115001882,C60pi31:1:0.0076017389,C60pi32:1:0.0130258568,C60pi33:1:0.0093701965,C60pi34:1:0.0467194264,C60pi35:1:0.0441940314,C60pi36:1:0.0322263154,C60pi37:1:0.0402999891,C60pi38:1:0.0150234227,C60pi39:1:0.0104589903,C60pi40:1:0.0214742395,C60pi41:1:0.0154957836,C60pi42:1:0.0101789953,C60pi43:1:0.0227980379,C60pi44:1:0.0123204539,C60pi45:1:0.0066777583,C60pi46:1:0.0004150083,C60pi47:1:0.0344385130,C60pi48:1:0.0113663379,C60pi49:1:0.0127143049,C60pi50:1:0.0124323741,C60pi51:1:0.0262124415,C60pi52:1:0.0064994957,C60pi53:1:0.0103203293,C60pi54:1:0.0142463512,C60pi55:1:0.0215600067,C60pi56:1:0.0199150700,C60pi57:1:0.0038964200,C60pi58:1:0.0113448855,C60pi59:1:0.0128595846,C60pi60:1:0.0117656776}
WARNING: Your input class weight 0.000415008 is very small and may cause numerical issues
749  LG+C60        35535.597    68  71207.194    71226.345    71501.372
Akaike Information Criterion:           LG+F+R7
Corrected Akaike Information Criterion: LG+F+R6
Bayesian Information Criterion:         LG+F+R6
Best-fit model: LG+F+R6 chosen according to BIC

All model information printed to iqtree_gene_trees/COG4615.model.gz
CPU time for ModelFinder: 4913.349 seconds (1h:21m:53s)
Wall-clock time for ModelFinder: 496.628 seconds (0h:8m:16s)
Generating 1000 samples for ultrafast bootstrap (seed: 397421)...

NOTE: 20 MB RAM (0 GB) is required!
Estimate model parameters (epsilon = 0.100)
1. Initial log-likelihood: -35206.864
Optimal log-likelihood: -35206.804
Site proportion and rates:  (0.046,0.013) (0.096,0.134) (0.224,0.394) (0.301,0.873) (0.299,1.718) (0.034,3.625)
Parameters optimization took 1 rounds (0.281 sec)
Wrote distance file to... 
Computing ML distances based on estimated model parameters...
Calculating distance matrix: done in 0.0594927 secs using 990.8% CPU
Computing ML distances took 0.059757 sec (of wall-clock time) 0.591541 sec (of CPU time)
Setting up auxiliary I and S matrices: done in 0.00141716 secs using 265% CPU
Constructing RapidNJ tree: done in 0.0714585 secs using 166.8% CPU
Computing RapidNJ tree took 0.073145 sec (of wall-clock time) 0.123962 sec (of CPU time)
Log-likelihood of RapidNJ tree: -35218.144
--------------------------------------------------------------------
|             INITIALIZING CANDIDATE TREE SET                      |
--------------------------------------------------------------------
Generating 98 parsimony trees... 1.396 second
Computing log-likelihood of 98 initial trees ... 2.457 seconds
Current best score: -35206.804

Do NNI search on 20 best initial trees
Optimizing NNI: done in 0.11857 secs using 995.1% CPU
Estimate model parameters (epsilon = 0.100)
BETTER TREE FOUND at iteration 1: -35206.758
Optimizing NNI: done in 0.21093 secs using 993.1% CPU
Estimate model parameters (epsilon = 0.100)
BETTER TREE FOUND at iteration 2: -35205.931
Optimizing NNI: done in 0.404973 secs using 995.7% CPU
Optimizing NNI: done in 0.520154 secs using 997.5% CPU
Estimate model parameters (epsilon = 0.100)
BETTER TREE FOUND at iteration 4: -35192.992
Optimizing NNI: done in 0.363848 secs using 997.6% CPU
Optimizing NNI: done in 0.386456 secs using 997.5% CPU
Optimizing NNI: done in 0.549739 secs using 996.3% CPU
Optimizing NNI: done in 0.538178 secs using 996.7% CPU
Optimizing NNI: done in 0.411549 secs using 995.7% CPU
Optimizing NNI: done in 0.396664 secs using 996% CPU
Iteration 10 / LogL: -35209.447 / Time: 0h:0m:9s
Optimizing NNI: done in 0.415678 secs using 997.4% CPU
Optimizing NNI: done in 0.520367 secs using 998.3% CPU
Optimizing NNI: done in 0.399945 secs using 997.6% CPU
Optimizing NNI: done in 0.396477 secs using 992.5% CPU
Optimizing NNI: done in 0.419073 secs using 996.7% CPU
Optimizing NNI: done in 0.401916 secs using 996.9% CPU
Optimizing NNI: done in 0.375785 secs using 996.3% CPU
Optimizing NNI: done in 0.435751 secs using 997.6% CPU
Optimizing NNI: done in 0.499103 secs using 995.6% CPU
Optimizing NNI: done in 0.44026 secs using 996.7% CPU
Iteration 20 / LogL: -35225.957 / Time: 0h:0m:14s
Finish initializing candidate tree set (10)
Current best tree score: -35192.992 / CPU time: 13.436
Number of iterations: 20
--------------------------------------------------------------------
|               OPTIMIZING CANDIDATE TREE SET                      |
--------------------------------------------------------------------
Optimizing NNI: done in 0.552665 secs using 996.7% CPU
Estimate model parameters (epsilon = 0.100)
BETTER TREE FOUND at iteration 21: -35192.482
Optimizing NNI: done in 0.364615 secs using 996.5% CPU
Optimizing NNI: done in 0.444812 secs using 997.6% CPU
Optimizing NNI: done in 0.397058 secs using 997.3% CPU
Optimizing NNI: done in 0.434293 secs using 997.5% CPU
Estimate model parameters (epsilon = 0.100)
BETTER TREE FOUND at iteration 25: -35188.851
Optimizing NNI: done in 0.453156 secs using 996.7% CPU
Optimizing NNI: done in 0.474317 secs using 997.8% CPU
Optimizing NNI: done in 0.516006 secs using 995.4% CPU
Optimizing NNI: done in 0.446167 secs using 997.2% CPU
Optimizing NNI: done in 0.32101 secs using 997% CPU
Iteration 30 / LogL: -35190.271 / Time: 0h:0m:19s (0h:1m:4s left)
Optimizing NNI: done in 0.570443 secs using 997.4% CPU
Optimizing NNI: done in 0.391956 secs using 997.5% CPU
Optimizing NNI: done in 0.429935 secs using 998.5% CPU
Optimizing NNI: done in 0.353053 secs using 993.2% CPU
Optimizing NNI: done in 0.352953 secs using 996.7% CPU
Optimizing NNI: done in 0.548197 secs using 994.9% CPU
Optimizing NNI: done in 0.421481 secs using 998.2% CPU
Optimizing NNI: done in 0.541852 secs using 997.3% CPU
Optimizing NNI: done in 0.444271 secs using 995.3% CPU
Optimizing NNI: done in 0.428688 secs using 996.4% CPU
Iteration 40 / LogL: -35192.985 / Time: 0h:0m:24s (0h:0m:52s left)
Optimizing NNI: done in 0.320558 secs using 998% CPU
Optimizing NNI: done in 0.476652 secs using 997.1% CPU
Optimizing NNI: done in 0.395238 secs using 993% CPU
Optimizing NNI: done in 0.400469 secs using 996.8% CPU
Optimizing NNI: done in 0.299714 secs using 998.5% CPU
Optimizing NNI: done in 0.378137 secs using 993.9% CPU
Optimizing NNI: done in 0.346357 secs using 997% CPU
Optimizing NNI: done in 0.407562 secs using 996.4% CPU
Optimizing NNI: done in 0.545278 secs using 995.6% CPU
Optimizing NNI: done in 0.471415 secs using 998.2% CPU
Iteration 50 / LogL: -35190.872 / Time: 0h:0m:28s (0h:0m:43s left)
Log-likelihood cutoff on original alignment: -35232.654
UFBoot trees printed to iqtree_gene_trees/COG4615.ufboot
Optimizing NNI: done in 0.474391 secs using 993.5% CPU
Optimizing NNI: done in 0.361727 secs using 997.1% CPU
Optimizing NNI: done in 0.482697 secs using 994.7% CPU
Optimizing NNI: done in 0.35926 secs using 997.3% CPU
Optimizing NNI: done in 0.451978 secs using 997.7% CPU
Optimizing NNI: done in 0.326879 secs using 997.1% CPU
Optimizing NNI: done in 0.44132 secs using 997.4% CPU
Optimizing NNI: done in 0.445127 secs using 999% CPU
Optimizing NNI: done in 0.496433 secs using 994.3% CPU
Optimizing NNI: done in 0.418908 secs using 997.5% CPU
Iteration 60 / LogL: -35194.027 / Time: 0h:0m:33s (0h:0m:36s left)
Optimizing NNI: done in 0.45573 secs using 997.4% CPU
Optimizing NNI: done in 0.456047 secs using 994.1% CPU
Optimizing NNI: done in 0.412602 secs using 997.9% CPU
Optimizing NNI: done in 0.465262 secs using 998.1% CPU
Optimizing NNI: done in 0.390748 secs using 995.2% CPU
Optimizing NNI: done in 0.476081 secs using 996.7% CPU
Optimizing NNI: done in 0.298206 secs using 997.2% CPU
Optimizing NNI: done in 0.338346 secs using 998.4% CPU
Optimizing NNI: done in 0.38562 secs using 994.9% CPU
Optimizing NNI: done in 0.359252 secs using 998.2% CPU
Iteration 70 / LogL: -35190.798 / Time: 0h:0m:37s (0h:0m:29s left)
Optimizing NNI: done in 0.506626 secs using 997.1% CPU
Optimizing NNI: done in 0.386478 secs using 996.5% CPU
Optimizing NNI: done in 0.447139 secs using 997.6% CPU
Optimizing NNI: done in 0.402545 secs using 997.1% CPU
Optimizing NNI: done in 0.438487 secs using 997.1% CPU
Optimizing NNI: done in 0.494472 secs using 998% CPU
Optimizing NNI: done in 0.505465 secs using 996.5% CPU
Optimizing NNI: done in 0.323826 secs using 996.1% CPU
Optimizing NNI: done in 0.428337 secs using 995.2% CPU
Optimizing NNI: done in 0.395988 secs using 997% CPU
Iteration 80 / LogL: -35201.226 / Time: 0h:0m:41s (0h:0m:23s left)
Optimizing NNI: done in 0.318367 secs using 997% CPU
Optimizing NNI: done in 0.50332 secs using 997.3% CPU
Optimizing NNI: done in 0.341705 secs using 999% CPU
Optimizing NNI: done in 0.382928 secs using 992.8% CPU
Optimizing NNI: done in 0.383144 secs using 997.4% CPU
Optimizing NNI: done in 0.361169 secs using 996% CPU
Optimizing NNI: done in 0.434974 secs using 994.8% CPU
Optimizing NNI: done in 0.402753 secs using 996.8% CPU
Optimizing NNI: done in 0.546378 secs using 996.9% CPU
Optimizing NNI: done in 0.467523 secs using 996.5% CPU
Iteration 90 / LogL: -35190.225 / Time: 0h:0m:45s (0h:0m:18s left)
Optimizing NNI: done in 0.446008 secs using 997.8% CPU
Optimizing NNI: done in 0.474633 secs using 995.4% CPU
Optimizing NNI: done in 0.518987 secs using 997.6% CPU
Optimizing NNI: done in 0.466411 secs using 996.8% CPU
Optimizing NNI: done in 0.532842 secs using 997.6% CPU
Optimizing NNI: done in 0.381851 secs using 995.1% CPU
Optimizing NNI: done in 0.450281 secs using 997.4% CPU
Optimizing NNI: done in 0.43607 secs using 998.4% CPU
Optimizing NNI: done in 0.455682 secs using 994.4% CPU
Optimizing NNI: done in 0.397101 secs using 997.5% CPU
Iteration 100 / LogL: -35188.929 / Time: 0h:0m:50s (0h:0m:12s left)
Log-likelihood cutoff on original alignment: -35232.654
NOTE: Bootstrap correlation coefficient of split occurrence frequencies: 0.999
UFBoot trees printed to iqtree_gene_trees/COG4615.ufboot
Optimizing NNI: done in 0.492769 secs using 997.8% CPU
Optimizing NNI: done in 0.27688 secs using 997.7% CPU
Optimizing NNI: done in 0.491706 secs using 996.5% CPU
Optimizing NNI: done in 0.480953 secs using 997% CPU
Optimizing NNI: done in 0.386772 secs using 998.3% CPU
Optimizing NNI: done in 0.529032 secs using 997.2% CPU
Optimizing NNI: done in 0.344714 secs using 996.1% CPU
Optimizing NNI: done in 0.441474 secs using 997.8% CPU
Optimizing NNI: done in 0.486278 secs using 997.4% CPU
Optimizing NNI: done in 0.466705 secs using 998.4% CPU
Iteration 110 / LogL: -35190.174 / Time: 0h:0m:55s (0h:0m:45s left)
Optimizing NNI: done in 0.39264 secs using 996.8% CPU
Optimizing NNI: done in 0.38828 secs using 996.2% CPU
Optimizing NNI: done in 0.408649 secs using 997.9% CPU
Optimizing NNI: done in 0.480302 secs using 998.2% CPU
Optimizing NNI: done in 0.416816 secs using 994.7% CPU
Optimizing NNI: done in 0.405477 secs using 996.4% CPU
Optimizing NNI: done in 0.415311 secs using 997.7% CPU
Optimizing NNI: done in 0.428881 secs using 997.5% CPU
Optimizing NNI: done in 0.459872 secs using 997.5% CPU
Optimizing NNI: done in 0.47433 secs using 992.5% CPU
Iteration 120 / LogL: -35190.261 / Time: 0h:0m:59s (0h:0m:40s left)
Optimizing NNI: done in 0.461222 secs using 998.1% CPU
Optimizing NNI: done in 0.457007 secs using 995.7% CPU
Optimizing NNI: done in 0.422049 secs using 996.8% CPU
Optimizing NNI: done in 0.512205 secs using 997.3% CPU
Optimizing NNI: done in 0.436052 secs using 994.6% CPU
Optimizing NNI: done in 0.439759 secs using 997.6% CPU
TREE SEARCH COMPLETED AFTER 126 ITERATIONS / Time: 0h:1m:2s

--------------------------------------------------------------------
|                    FINALIZING TREE SEARCH                        |
--------------------------------------------------------------------
Performs final model parameters optimization
Estimate model parameters (epsilon = 0.010)
1. Initial log-likelihood: -35188.851
Optimal log-likelihood: -35188.851
Site proportion and rates:  (0.046,0.013) (0.095,0.134) (0.228,0.394) (0.300,0.874) (0.300,1.724) (0.032,3.664)
Parameters optimization took 1 rounds (0.113 sec)
BEST SCORE FOUND : -35188.851
Creating bootstrap support values...
Split supports printed to NEXUS file iqtree_gene_trees/COG4615.splits.nex
Total tree length: 34.302

Total number of iterations: 126
CPU time used for tree search: 593.437 sec (0h:9m:53s)
Wall-clock time used for tree search: 62.199 sec (0h:1m:2s)
Total CPU time used: 599.810 sec (0h:9m:59s)
Total wall-clock time used: 63.138 sec (0h:1m:3s)
UFBoot trees printed to iqtree_gene_trees/COG4615.ufboot

Computing bootstrap consensus tree...
Reading input file iqtree_gene_trees/COG4615.splits.nex...
35 taxa and 215 splits.
Consensus tree written to iqtree_gene_trees/COG4615.contree
Reading input trees file iqtree_gene_trees/COG4615.contree
Log-likelihood of consensus tree: -35190.637

Analysis results written to: 
  IQ-TREE report:                iqtree_gene_trees/COG4615.iqtree
  Maximum-likelihood tree:       iqtree_gene_trees/COG4615.treefile
  Likelihood distances:          iqtree_gene_trees/COG4615.mldist

Ultrafast bootstrap approximation results written to:
  Split support values:          iqtree_gene_trees/COG4615.splits.nex
  Consensus tree:                iqtree_gene_trees/COG4615.contree
  UFBoot trees:                  iqtree_gene_trees/COG4615.ufboot
  Screen log file:               iqtree_gene_trees/COG4615.log

ALISIM COMMAND
--------------
--alisim simulated_MSA -t iqtree_gene_trees/COG4615.treefile -m "LG+F+R6{0.0455863,0.0128477,0.0945808,0.133817,0.227562,0.39416,0.300105,0.874438,0.300238,1.72417,0.031928,3.66381}" --length 559

Date and Time: Tue Apr 11 01:51:40 2023
