IQ-TREE multicore version 2.2.0.3 COVID-edition for Linux 64-bit built Aug  2 2022
Developed by Bui Quang Minh, James Barbetti, Nguyen Lam Tung,
Olga Chernomor, Heiko Schmidt, Dominik Schrempf, Michael Woodhams, Ly Trong Nhan.

Host:    deming (AVX512, FMA3, 1511 GB RAM)
Command: iqtree -s gene_alignments/trimv2_COG4778.afa --nmax 3000 -m MFP -bb 1000 -wbtl -ntmax 10 -nt AUTO -T 10 --prefix iqtree_gene_trees/COG4778 -madd C10,C20,C30,C40,C50,C60,EX2,EX3,EHO,UL2,UL3,EX_EHO,LG4M,LG4X,CF4,LG+C10,LG+C20,LG+C30,LG+C40,LG+C50,LG+C60 -mrate E,I,G,I+G,R
Seed:    132064 (Using SPRNG - Scalable Parallel Random Number Generator)
Time:    Sun Apr  9 01:34:00 2023
Kernel:  AVX+FMA - 10 threads (128 CPU cores detected)

Reading alignment file gene_alignments/trimv2_COG4778.afa ... Fasta format detected
Reading fasta file: done in 0.000766851 secs
Alignment most likely contains protein sequences
Constructing alignment: done in 0.00134494 secs
Alignment has 45 sequences with 249 columns, 248 distinct patterns
210 parsimony-informative, 32 singleton sites, 7 constant sites
                                                               Gap/Ambiguity  Composition  p-value
Analyzing sequences: done in 2.3663e-05 secs
   1  GCA.003023725.1.Bacteria.Firmicutes.E_PXYT01000025.1_14          5.62%    passed     70.89%
   2  GCF.003838225.1.Bacteria.Cyanobacteria_WP_124146789.1            5.22%    passed     32.85%
   3  GCF.000316115.1.Bacteria.Cyanobacteria_NZ_JH993797.1_1781        2.01%    failed      0.43%
   4  GCA.002347095.1.Bacteria.Desulfobacterota_DDWZ01000028.1_156     4.02%    passed     89.86%
   5  GCA.002429065.1.Bacteria.Verrucomicrobiota_DIYN01000045.1_196    7.23%    passed     71.07%
   6  GCF.003612015.1.Bacteria.Proteobacteria_NZ_RARB01000002.1_325    6.02%    passed     44.86%
   7  GCF.003052605.1.Bacteria.Proteobacteria_NZ_QASO01000107.1_10     6.83%    passed     69.03%
   8  GCF.003173035.1.Bacteria.Proteobacteria_NZ_QGLE01000007.1_160    7.63%    passed     35.91%
   9  GCF.002257705.1.Bacteria.Firmicutes.C_NZ_LSLK01000059.1_460      3.61%    passed     70.77%
  10  GCA.000961765.1.Bacteria.Firmicutes.B_LADT01000026.1_83          6.83%    failed      0.40%
  11  GCF.000473895.1.Bacteria.Cyanobacteria_NZ_ASSJ01000004.1_13      6.02%    passed     68.59%
  12  GCA.002436065.1.Bacteria.Chloroflexota_DIXP01000089.1_43         5.22%    passed     64.93%
  13  GCA.006969625.1.Bacteria.Proteobacteria_CP030885.1_2287          8.03%    failed      4.85%
  14  GCF.000315795.1.Bacteria.Proteobacteria_NZ_ANHY01000007.1_244    6.83%    passed     33.06%
  15  GCA.000961655.1.Bacteria.Desulfobacterota_LADR01000024.1_301     8.43%    passed     99.58%
  16  GCF.001611275.1.Bacteria.Desulfobacterota_NZ_CP015080.1_3322     6.83%    passed     87.31%
  17  GCA.002347925.1.Bacteria.Chloroflexota_DDYL01000180.1_35         2.81%    passed     39.31%
  18  Nostoc.sp.PCC7120_WP_010996375.1                                 5.22%    passed     52.97%
  19  GCF.900142995.1.Bacteria.Firmicutes.A_NZ_FRCR01000013.1_21       4.02%    passed     17.94%
  20  GCF.002148795.1.Bacteria.Proteobacteria_NZ_MPOB01000004.1_209    4.82%    passed     95.91%
  21  GCF.001613805.1.Bacteria.Proteobacteria_NZ_LPVY01000023.1_20     6.02%    passed     83.26%
  22  GCA.002796975.1.Bacteria.Proteobacteria_PEKV01000013.1_9         6.83%    passed     76.42%
  23  GCF.900167455.1.Bacteria.Proteobacteria_NZ_FUWJ01000008.1_22     6.83%    passed     17.94%
  24  GCA.002307275.1.Bacteria.Firmicutes.A_DBTX01000081.1_46          6.83%    failed      1.37%
  25  GCA.003280605.1.Bacteria.Proteobacteria_QCEM01000079.1_4         6.43%    passed     58.83%
  26  GCF.900172325.1.Bacteria.Proteobacteria_NZ_FWFR01000004.1_220    3.61%    passed     37.34%
  27  GCF.001618145.1.Bacteria.Firmicutes_NZ_LQNF01000013.1_7          4.82%    failed      3.52%
  28  GCF.006980715.1.Bacteria.Proteobacteria_NZ_SBHN01000008.1_6      6.83%    passed     91.45%
  29  GCA.002840095.1.Bacteria.Proteobacteria_PGZL01000006.1_126       4.02%    passed     91.81%
  30  GCA.002709155.1.Bacteria.Proteobacteria_PAQA01000027.1_17        5.22%    failed      0.23%
  31  GCF.000620305.1.Bacteria.Firmicutes.B_NZ_KK211100.1_850          6.83%    failed      0.48%
  32  GCF.900142265.1.Bacteria.Firmicutes.A_NZ_FRAH01000025.1_37       7.63%    failed      1.03%
  33  GCF.000092905.1.Bacteria.Firmicutes_NC_014098.1_3099             5.22%    passed     65.00%
  34  GCA.002428295.1.Bacteria.Caldisericota_DIVS01000112.1_2          7.23%    failed      0.00%
  35  GCA.003167475.1.Bacteria.Goldbacteria_PMTB01000098.1_45          8.84%    failed      0.46%
  36  GCF.000264455.2.Bacteria.Proteobacteria_NC_017956.1_2114         3.21%    passed     14.58%
  37  GCF.006980715.1.Bacteria.Proteobacteria_NZ_SBHN01000016.1_115    6.02%    passed      6.48%
  38  GCF.000316115.1.Bacteria.Cyanobacteria_NZ_JH993797.1_5635        5.62%    passed     97.76%
  39  GCF.002798435.1.Bacteria.Proteobacteria_WP_109795441.1           6.02%    passed     39.52%
  40  GCA.003167015.1.Bacteria.Bacteroidota_PMUF01000137.1_4           4.82%    passed     71.47%
  41  GCA.002414805.1.Bacteria.Fibrobacterota_DIAU01000057.1_11       10.44%    passed     84.70%
  42  GCA.007244385.1.Bacteria.Desulfobacterota_SCVX01000030.1_142     8.84%    passed     85.41%
  43  GCA.002238885.1.Bacteria.Proteobacteria_MPNF01000136.1_8         6.83%    passed     14.93%
  44  GCF.003258945.1.Bacteria.Proteobacteria_NZ_QLIX01000002.1_251    6.83%    passed     15.98%
  45  GCF.900102465.1.Bacteria.Proteobacteria_NZ_FNBW01000001.1_143    4.82%    passed     99.89%
****  TOTAL                                                            6.00%  10 sequences failed composition chi2 test (p-value<5%; df=19)
Checking for duplicate sequences: done in 0.000317298 secs using 98.96% CPU


Create initial parsimony tree by phylogenetic likelihood library (PLL)... 0.016 seconds
Perform fast likelihood tree search using LG+I+G model...
Estimate model parameters (epsilon = 5.000)
Perform nearest neighbor interchange...
Optimizing NNI: done in 0.250498 secs using 1002% CPU
Estimate model parameters (epsilon = 1.000)
1. Initial log-likelihood: -15524.913
Optimal log-likelihood: -15524.868
Proportion of invariable sites: 0.010
Gamma shape alpha: 0.905
Parameters optimization took 1 rounds (0.037 sec)
Time for fast ML tree search: 0.408 seconds

NOTE: ModelFinder requires 19 MB RAM!
ModelFinder will test up to 749 protein models (sample size: 249) ...
 No. Model         -LnL         df  AIC          AICc         BIC
  1  LG            16504.583    87  33183.166    33278.272    33489.185
  2  LG+I          16427.488    88  33030.976    33128.876    33340.512
  3  LG+G4         15525.552    88  31227.103    31325.003    31536.639
  4  LG+I+G4       15524.867    89  31227.734    31328.488    31540.787
  5  LG+R2         15700.425    89  31578.850    31679.605    31891.903
  6  LG+R3         15546.667    91  31275.335    31381.984    31595.423
  7  LG+R4         15521.194    93  31228.387    31341.187    31555.511
  8  LG+R5         15516.194    95  31222.387    31341.603    31556.545
 14  LG+F          16460.542    106 33133.084    33292.831    33505.934
 15  LG+F+I        16379.766    107 32973.531    33137.446    33349.899
 16  LG+F+G4       15468.629    107 31151.258    31315.172    31527.625
 17  LG+F+I+G4     15467.357    108 31150.715    31318.886    31530.600
 18  LG+F+R2       15640.105    108 31496.210    31664.382    31876.095
 19  LG+F+R3       15491.138    110 31202.275    31379.232    31589.195
 20  LG+F+R4       15464.629    112 31153.258    31339.375    31547.212
 21  LG+F+R5       15458.127    114 31144.254    31339.926    31545.244
 22  LG+F+R6       15457.591    116 31147.183    31352.819    31555.207
 27  WAG           16442.664    87  33059.328    33154.433    33365.346
 28  WAG+I         16359.441    88  32894.882    32992.782    33204.418
 29  WAG+G4        15625.110    88  31426.220    31524.120    31735.756
 30  WAG+I+G4      15623.060    89  31424.119    31524.874    31737.173
 31  WAG+R2        15759.369    89  31696.739    31797.494    32009.792
 32  WAG+R3        15630.426    91  31442.851    31549.501    31762.940
 33  WAG+R4        15614.837    93  31415.674    31528.474    31742.797
 34  WAG+R5        15612.776    95  31415.551    31534.767    31749.709
 40  WAG+F         16373.356    106 32958.712    33118.458    33331.562
 41  WAG+F+I       16285.267    107 32784.534    32948.448    33160.901
 42  WAG+F+G4      15533.456    107 31280.911    31444.826    31657.279
 43  WAG+F+I+G4    15530.649    108 31277.298    31445.469    31657.183
 44  WAG+F+R2      15667.971    108 31551.943    31720.114    31931.828
 45  WAG+F+R3      15541.449    110 31302.898    31479.855    31689.818
 46  WAG+F+R4      15523.276    112 31270.552    31456.670    31664.507
 47  WAG+F+R5      15521.556    114 31271.112    31466.784    31672.102
 53  JTT           16679.378    87  33532.757    33627.862    33838.775
 54  JTT+I         16596.220    88  33368.439    33466.339    33677.975
 55  JTT+G4        15744.376    88  31664.752    31762.652    31974.288
 56  JTT+I+G4      15743.482    89  31664.965    31765.719    31978.018
 57  JTT+R2        15915.119    89  32008.238    32108.993    32321.292
 58  JTT+R3        15756.486    91  31694.973    31801.623    32015.061
 59  JTT+R4        15737.684    93  31661.367    31774.167    31988.490
 60  JTT+R5        15733.343    95  31656.686    31775.902    31990.844
 66  JTT+F         16659.477    106 33530.953    33690.700    33903.803
 67  JTT+F+I       16570.229    107 33354.458    33518.373    33730.826
 68  JTT+F+G4      15696.601    107 31607.202    31771.117    31983.569
 69  JTT+F+I+G4    15695.162    108 31606.325    31774.496    31986.209
 70  JTT+F+R2      15868.431    108 31952.862    32121.033    32332.746
 71  JTT+F+R3      15718.236    110 31656.471    31833.428    32043.391
 72  JTT+F+R4      15691.205    112 31606.410    31792.528    32000.365
 73  JTT+F+R5      15688.183    114 31604.367    31800.038    32005.356
WARNING: Normalizing state frequencies so that sum of them equals to 1
 79  Q.pfam        16459.290    87  33092.581    33187.686    33398.599
WARNING: Normalizing state frequencies so that sum of them equals to 1
 80  Q.pfam+I      16379.621    88  32935.243    33033.143    33244.779
WARNING: Normalizing state frequencies so that sum of them equals to 1
 81  Q.pfam+G4     15497.390    88  31170.781    31268.681    31480.317
WARNING: Normalizing state frequencies so that sum of them equals to 1
 82  Q.pfam+I+G4   15496.381    89  31170.763    31271.517    31483.816
WARNING: Normalizing state frequencies so that sum of them equals to 1
 83  Q.pfam+R2     15661.146    89  31500.292    31601.046    31813.345
WARNING: Normalizing state frequencies so that sum of them equals to 1
 84  Q.pfam+R3     15514.872    91  31211.745    31318.395    31531.833
WARNING: Normalizing state frequencies so that sum of them equals to 1
 85  Q.pfam+R4     15491.972    93  31169.943    31282.743    31497.067
WARNING: Normalizing state frequencies so that sum of them equals to 1
 86  Q.pfam+R5     15486.942    95  31163.885    31283.100    31498.043
WARNING: Normalizing state frequencies so that sum of them equals to 1
 92  Q.pfam+F      16452.738    106 33117.476    33277.223    33490.326
WARNING: Normalizing state frequencies so that sum of them equals to 1
 93  Q.pfam+F+I    16371.968    107 32957.936    33121.851    33334.304
WARNING: Normalizing state frequencies so that sum of them equals to 1
 94  Q.pfam+F+G4   15467.475    107 31148.950    31312.865    31525.318
WARNING: Normalizing state frequencies so that sum of them equals to 1
 95  Q.pfam+F+I+G4 15465.986    108 31147.972    31316.144    31527.857
WARNING: Normalizing state frequencies so that sum of them equals to 1
 96  Q.pfam+F+R2   15624.200    108 31464.400    31632.572    31844.285
WARNING: Normalizing state frequencies so that sum of them equals to 1
 97  Q.pfam+F+R3   15486.074    110 31192.148    31369.105    31579.068
WARNING: Normalizing state frequencies so that sum of them equals to 1
 98  Q.pfam+F+R4   15462.652    112 31149.304    31335.422    31543.259
WARNING: Normalizing state frequencies so that sum of them equals to 1
 99  Q.pfam+F+R5   15455.863    114 31139.726    31335.398    31540.716
WARNING: Normalizing state frequencies so that sum of them equals to 1
100  Q.pfam+F+R6   15455.621    116 31143.242    31348.878    31551.266
WARNING: Normalizing state frequencies so that sum of them equals to 1
105  Q.bird        17281.754    87  34737.508    34832.614    35043.526
WARNING: Normalizing state frequencies so that sum of them equals to 1
106  Q.bird+I      17187.051    88  34550.102    34648.002    34859.638
WARNING: Normalizing state frequencies so that sum of them equals to 1
107  Q.bird+G4     16038.552    88  32253.103    32351.003    32562.639
WARNING: Normalizing state frequencies so that sum of them equals to 1
108  Q.bird+I+G4   16038.039    89  32254.078    32354.833    32567.131
WARNING: Normalizing state frequencies so that sum of them equals to 1
109  Q.bird+R2     16281.261    89  32740.522    32841.277    33053.576
WARNING: Normalizing state frequencies so that sum of them equals to 1
110  Q.bird+R3     16067.510    91  32317.020    32423.670    32637.108
WARNING: Normalizing state frequencies so that sum of them equals to 1
111  Q.bird+R4     16035.979    93  32257.959    32370.759    32585.082
WARNING: Normalizing state frequencies so that sum of them equals to 1
112  Q.bird+R5     16033.828    95  32257.655    32376.871    32591.813
WARNING: Normalizing state frequencies so that sum of them equals to 1
118  Q.bird+F      17329.658    106 34871.317    35031.063    35244.167
WARNING: Normalizing state frequencies so that sum of them equals to 1
119  Q.bird+F+I    17228.270    107 34670.540    34834.455    35046.907
WARNING: Normalizing state frequencies so that sum of them equals to 1
120  Q.bird+F+G4   16004.950    107 32223.901    32387.816    32600.268
WARNING: Normalizing state frequencies so that sum of them equals to 1
121  Q.bird+F+I+G4 16004.605    108 32225.211    32393.382    32605.096
WARNING: Normalizing state frequencies so that sum of them equals to 1
122  Q.bird+F+R2   16247.468    108 32710.937    32879.108    33090.822
WARNING: Normalizing state frequencies so that sum of them equals to 1
123  Q.bird+F+R3   16033.173    110 32286.345    32463.302    32673.265
WARNING: Normalizing state frequencies so that sum of them equals to 1
124  Q.bird+F+R4   16001.469    112 32226.939    32413.056    32620.893
WARNING: Normalizing state frequencies so that sum of them equals to 1
125  Q.bird+F+R5   15996.224    114 32220.447    32416.119    32621.437
WARNING: Normalizing state frequencies so that sum of them equals to 1
131  Q.mammal      17079.709    87  34333.418    34428.524    34639.437
WARNING: Normalizing state frequencies so that sum of them equals to 1
132  Q.mammal+I    16986.270    88  34148.540    34246.440    34458.075
WARNING: Normalizing state frequencies so that sum of them equals to 1
133  Q.mammal+G4   15925.355    88  32026.711    32124.611    32336.246
WARNING: Normalizing state frequencies so that sum of them equals to 1
134  Q.mammal+I+G4 15924.712    89  32027.424    32128.179    32340.478
WARNING: Normalizing state frequencies so that sum of them equals to 1
135  Q.mammal+R2   16154.024    89  32486.049    32586.804    32799.102
WARNING: Normalizing state frequencies so that sum of them equals to 1
136  Q.mammal+R3   15954.490    91  32090.979    32197.629    32411.067
WARNING: Normalizing state frequencies so that sum of them equals to 1
137  Q.mammal+R4   15923.257    93  32032.514    32145.314    32359.637
WARNING: Normalizing state frequencies so that sum of them equals to 1
138  Q.mammal+R5   15922.174    95  32034.348    32153.563    32368.506
WARNING: Normalizing state frequencies so that sum of them equals to 1
144  Q.mammal+F    17108.337    106 34428.673    34588.420    34801.523
WARNING: Normalizing state frequencies so that sum of them equals to 1
145  Q.mammal+F+I  17009.772    107 34233.545    34397.460    34609.912
WARNING: Normalizing state frequencies so that sum of them equals to 1
146  Q.mammal+F+G4 15893.652    107 32001.305    32165.220    32377.672
WARNING: Normalizing state frequencies so that sum of them equals to 1
147  Q.mammal+F+I+G4 15893.021    108 32002.041    32170.213    32381.926
WARNING: Normalizing state frequencies so that sum of them equals to 1
148  Q.mammal+F+R2 16116.679    108 32449.359    32617.530    32829.244
WARNING: Normalizing state frequencies so that sum of them equals to 1
149  Q.mammal+F+R3 15925.727    110 32071.454    32248.411    32458.374
WARNING: Normalizing state frequencies so that sum of them equals to 1
150  Q.mammal+F+R4 15891.125    112 32006.250    32192.368    32400.205
WARNING: Normalizing state frequencies so that sum of them equals to 1
151  Q.mammal+F+R5 15890.403    114 32008.806    32204.478    32409.796
157  Q.insect      16746.330    87  33666.660    33761.766    33972.679
158  Q.insect+I    16660.338    88  33496.677    33594.577    33806.212
159  Q.insect+G4   15689.519    88  31555.038    31652.938    31864.574
160  Q.insect+I+G4 15689.100    89  31556.201    31656.955    31869.254
161  Q.insect+R2   15899.568    89  31977.137    32077.891    32290.190
162  Q.insect+R3   15719.914    91  31621.828    31728.478    31941.916
163  Q.insect+R4   15688.115    93  31562.230    31675.030    31889.354
164  Q.insect+R5   15681.223    95  31552.446    31671.662    31886.604
165  Q.insect+R6   15681.193    97  31556.386    31682.294    31897.579
170  Q.insect+F    16667.003    106 33546.006    33705.753    33918.856
171  Q.insect+F+I  16576.288    107 33366.577    33530.492    33742.944
172  Q.insect+F+G4 15599.278    107 31412.555    31576.470    31788.923
173  Q.insect+F+I+G4 15598.142    108 31412.285    31580.456    31792.170
174  Q.insect+F+R2 15808.065    108 31832.129    32000.301    32212.014
175  Q.insect+F+R3 15630.093    110 31480.185    31657.142    31867.105
176  Q.insect+F+R4 15597.505    112 31419.010    31605.128    31812.965
177  Q.insect+F+R5 15590.346    114 31408.692    31604.364    31809.682
178  Q.insect+F+R6 15589.560    116 31411.121    31616.757    31819.145
WARNING: Normalizing state frequencies so that sum of them equals to 1
183  Q.plant       16983.352    87  34140.704    34235.810    34446.723
WARNING: Normalizing state frequencies so that sum of them equals to 1
184  Q.plant+I     16897.939    88  33971.877    34069.777    34281.413
WARNING: Normalizing state frequencies so that sum of them equals to 1
185  Q.plant+G4    15790.533    88  31757.067    31854.967    32066.602
WARNING: Normalizing state frequencies so that sum of them equals to 1
186  Q.plant+I+G4  15790.218    89  31758.437    31859.191    32071.490
WARNING: Normalizing state frequencies so that sum of them equals to 1
187  Q.plant+R2    16002.365    89  32182.729    32283.484    32495.783
WARNING: Normalizing state frequencies so that sum of them equals to 1
188  Q.plant+R3    15824.433    91  31830.866    31937.516    32150.954
WARNING: Normalizing state frequencies so that sum of them equals to 1
189  Q.plant+R4    15788.525    93  31763.050    31875.850    32090.174
WARNING: Normalizing state frequencies so that sum of them equals to 1
190  Q.plant+R5    15780.479    95  31750.958    31870.174    32085.116
WARNING: Normalizing state frequencies so that sum of them equals to 1
191  Q.plant+R6    15779.576    97  31753.152    31879.059    32094.345
WARNING: Normalizing state frequencies so that sum of them equals to 1
196  Q.plant+F     16925.845    106 34063.689    34223.435    34436.539
WARNING: Normalizing state frequencies so that sum of them equals to 1
197  Q.plant+F+I   16834.229    107 33882.459    34046.374    34258.826
WARNING: Normalizing state frequencies so that sum of them equals to 1
198  Q.plant+F+G4  15711.813    107 31637.625    31801.540    32013.993
WARNING: Normalizing state frequencies so that sum of them equals to 1
199  Q.plant+F+I+G4 15711.121    108 31638.241    31806.412    32018.126
WARNING: Normalizing state frequencies so that sum of them equals to 1
200  Q.plant+F+R2  15923.835    108 32063.669    32231.840    32443.554
WARNING: Normalizing state frequencies so that sum of them equals to 1
201  Q.plant+F+R3  15745.764    110 31711.527    31888.484    32098.447
WARNING: Normalizing state frequencies so that sum of them equals to 1
202  Q.plant+F+R4  15709.634    112 31643.267    31829.385    32037.222
WARNING: Normalizing state frequencies so that sum of them equals to 1
203  Q.plant+F+R5  15699.630    114 31627.259    31822.931    32028.249
WARNING: Normalizing state frequencies so that sum of them equals to 1
204  Q.plant+F+R6  15698.991    116 31629.982    31835.619    32038.007
WARNING: Normalizing state frequencies so that sum of them equals to 1
209  Q.yeast       16720.732    87  33615.464    33710.570    33921.483
WARNING: Normalizing state frequencies so that sum of them equals to 1
210  Q.yeast+I     16638.091    88  33452.183    33550.083    33761.719
WARNING: Normalizing state frequencies so that sum of them equals to 1
211  Q.yeast+G4    15705.184    88  31586.367    31684.267    31895.903
WARNING: Normalizing state frequencies so that sum of them equals to 1
212  Q.yeast+I+G4  15704.400    89  31586.801    31687.555    31899.854
WARNING: Normalizing state frequencies so that sum of them equals to 1
213  Q.yeast+R2    15898.872    89  31975.745    32076.499    32288.798
WARNING: Normalizing state frequencies so that sum of them equals to 1
214  Q.yeast+R3    15725.618    91  31633.236    31739.886    31953.324
WARNING: Normalizing state frequencies so that sum of them equals to 1
215  Q.yeast+R4    15702.904    93  31591.808    31704.608    31918.931
WARNING: Normalizing state frequencies so that sum of them equals to 1
216  Q.yeast+R5    15691.391    95  31572.781    31691.997    31906.939
WARNING: Normalizing state frequencies so that sum of them equals to 1
217  Q.yeast+R6    15691.449    97  31576.898    31702.806    31918.091
WARNING: Normalizing state frequencies so that sum of them equals to 1
222  Q.yeast+F     16567.845    106 33347.689    33507.436    33720.539
WARNING: Normalizing state frequencies so that sum of them equals to 1
223  Q.yeast+F+I   16481.051    107 33176.103    33340.017    33552.470
WARNING: Normalizing state frequencies so that sum of them equals to 1
224  Q.yeast+F+G4  15530.505    107 31275.010    31438.925    31651.377
WARNING: Normalizing state frequencies so that sum of them equals to 1
225  Q.yeast+F+I+G4 15528.897    108 31273.794    31441.966    31653.679
WARNING: Normalizing state frequencies so that sum of them equals to 1
226  Q.yeast+F+R2  15720.936    108 31657.873    31826.044    32037.758
WARNING: Normalizing state frequencies so that sum of them equals to 1
227  Q.yeast+F+R3  15557.618    110 31335.235    31512.192    31722.155
WARNING: Normalizing state frequencies so that sum of them equals to 1
228  Q.yeast+F+R4  15526.947    112 31277.894    31464.012    31671.849
WARNING: Normalizing state frequencies so that sum of them equals to 1
229  Q.yeast+F+R5  15520.234    114 31268.468    31464.140    31669.458
WARNING: Normalizing state frequencies so that sum of them equals to 1
230  Q.yeast+F+R6  15519.165    116 31270.329    31475.966    31678.354
235  JTTDCMut      16676.226    87  33526.452    33621.558    33832.470
236  JTTDCMut+I    16594.019    88  33364.037    33461.937    33673.573
237  JTTDCMut+G4   15747.056    88  31670.112    31768.012    31979.648
238  JTTDCMut+I+G4 15746.132    89  31670.264    31771.019    31983.318
239  JTTDCMut+R2   15915.469    89  32008.939    32109.694    32321.992
240  JTTDCMut+R3   15758.201    91  31698.401    31805.051    32018.490
241  JTTDCMut+R4   15739.742    93  31665.483    31778.283    31992.606
242  JTTDCMut+R5   15735.538    95  31661.077    31780.292    31995.235
248  JTTDCMut+F    16653.542    106 33519.083    33678.830    33891.933
249  JTTDCMut+F+I  16565.019    107 33344.038    33507.952    33720.405
250  JTTDCMut+F+G4 15694.966    107 31603.931    31767.846    31980.299
251  JTTDCMut+F+I+G4 15693.496    108 31602.993    31771.164    31982.878
252  JTTDCMut+F+R2 15864.783    108 31945.566    32113.737    32325.451
253  JTTDCMut+F+R3 15716.339    110 31652.678    31829.635    32039.598
254  JTTDCMut+F+R4 15689.234    112 31602.468    31788.586    31996.423
255  JTTDCMut+F+R5 15686.265    114 31600.529    31796.201    32001.519
261  DCMut         16820.415    87  33814.830    33909.936    34120.849
262  DCMut+I       16724.190    88  33624.381    33722.281    33933.917
263  DCMut+G4      15900.978    88  31977.957    32075.857    32287.492
264  DCMut+I+G4    15897.581    89  31973.162    32073.916    32286.215
265  DCMut+R2      16058.451    89  32294.902    32395.656    32607.955
266  DCMut+R3      15923.256    91  32028.512    32135.161    32348.600
267  DCMut+R4      15892.008    93  31970.016    32082.816    32297.139
268  DCMut+R5      15887.793    95  31965.586    32084.802    32299.744
274  DCMut+F       16714.971    106 33641.942    33801.689    34014.792
275  DCMut+F+I     16613.721    107 33441.442    33605.357    33817.809
276  DCMut+F+G4    15756.345    107 31726.690    31890.605    32103.057
277  DCMut+F+I+G4  15752.249    108 31720.498    31888.669    32100.383
278  DCMut+F+R2    15924.163    108 32064.327    32232.498    32444.212
279  DCMut+F+R3    15783.708    110 31787.416    31964.372    32174.336
280  DCMut+F+R4    15749.378    112 31722.756    31908.874    32116.711
281  DCMut+F+R5    15744.949    114 31717.899    31913.571    32118.889
287  VT            16470.517    87  33115.033    33210.139    33421.052
288  VT+I          16391.048    88  32958.095    33055.995    33267.631
289  VT+G4         15653.328    88  31482.656    31580.556    31792.191
290  VT+I+G4       15652.210    89  31482.419    31583.174    31795.472
291  VT+R2         15790.611    89  31759.221    31859.976    32072.275
292  VT+R3         15659.242    91  31500.483    31607.133    31820.572
293  VT+R4         15644.480    93  31474.960    31587.760    31802.083
294  VT+R5         15643.034    95  31476.069    31595.285    31810.227
300  VT+F          16420.876    106 33053.752    33213.498    33426.602
301  VT+F+I        16338.966    107 32891.932    33055.847    33268.299
302  VT+F+G4       15594.554    107 31403.107    31567.022    31779.475
303  VT+F+I+G4     15592.940    108 31401.880    31570.051    31781.765
304  VT+F+R2       15732.389    108 31680.779    31848.950    32060.664
305  VT+F+R3       15602.938    110 31425.877    31602.833    31812.796
306  VT+F+R4       15585.574    112 31395.149    31581.266    31789.103
307  VT+F+R5       15584.316    114 31396.632    31592.303    31797.621
313  PMB           16544.480    87  33262.960    33358.066    33568.979
314  PMB+I         16467.694    88  33111.388    33209.288    33420.924
315  PMB+G4        15728.056    88  31632.112    31730.012    31941.648
316  PMB+I+G4      15726.974    89  31631.947    31732.702    31945.000
317  PMB+R2        15852.910    89  31883.820    31984.574    32196.873
318  PMB+R3        15734.059    91  31650.119    31756.768    31970.207
319  PMB+R4        15718.511    93  31623.022    31735.822    31950.146
320  PMB+R5        15717.645    95  31625.289    31744.505    31959.447
326  PMB+F         16491.360    106 33194.721    33354.467    33567.571
327  PMB+F+I       16409.659    107 33033.319    33197.234    33409.686
328  PMB+F+G4      15662.872    107 31539.744    31703.659    31916.112
329  PMB+F+I+G4    15661.076    108 31538.153    31706.324    31918.038
330  PMB+F+R2      15789.296    108 31794.593    31962.764    32174.478
331  PMB+F+R3      15671.690    110 31563.380    31740.337    31950.300
332  PMB+F+R4      15653.129    112 31530.259    31716.376    31924.214
333  PMB+F+R5      15652.411    114 31532.822    31728.494    31933.812
339  Blosum62      16536.167    87  33246.334    33341.440    33552.353
340  Blosum62+I    16459.143    88  33094.287    33192.187    33403.823
341  Blosum62+G4   15721.743    88  31619.486    31717.386    31929.022
342  Blosum62+I+G4 15720.491    89  31618.983    31719.738    31932.036
343  Blosum62+R2   15852.144    89  31882.288    31983.043    32195.341
344  Blosum62+R3   15730.360    91  31642.721    31749.370    31962.809
345  Blosum62+R4   15713.273    93  31612.546    31725.346    31939.669
346  Blosum62+R5   15712.539    95  31615.077    31734.293    31949.235
352  Blosum62+F    16472.389    106 33156.778    33316.524    33529.628
353  Blosum62+F+I  16389.714    107 32993.428    33157.343    33369.796
354  Blosum62+F+G4 15648.318    107 31510.636    31674.551    31887.003
355  Blosum62+F+I+G4 15646.331    108 31508.662    31676.833    31888.547
356  Blosum62+F+R2 15783.494    108 31782.989    31951.160    32162.874
357  Blosum62+F+R3 15659.582    110 31539.165    31716.121    31926.085
358  Blosum62+F+R4 15640.184    112 31504.368    31690.486    31898.323
359  Blosum62+F+R5 15639.282    114 31506.564    31702.236    31907.554
365  Dayhoff       16819.571    87  33813.142    33908.248    34119.160
366  Dayhoff+I     16723.311    88  33622.622    33720.522    33932.158
367  Dayhoff+G4    15899.737    88  31975.475    32073.375    32285.010
368  Dayhoff+I+G4  15896.346    89  31970.693    32071.447    32283.746
369  Dayhoff+R2    16057.284    89  32292.567    32393.322    32605.621
370  Dayhoff+R3    15922.138    91  32026.276    32132.925    32346.364
371  Dayhoff+R4    15890.803    93  31967.606    32080.406    32294.729
372  Dayhoff+R5    15886.525    95  31963.050    32082.266    32297.208
378  Dayhoff+F     16714.594    106 33641.188    33800.935    34014.038
379  Dayhoff+F+I   16613.265    107 33440.530    33604.445    33816.897
380  Dayhoff+F+G4  15755.359    107 31724.718    31888.633    32101.085
381  Dayhoff+F+I+G4 15751.249    108 31718.499    31886.670    32098.384
382  Dayhoff+F+R2  15923.299    108 32062.598    32230.770    32442.483
383  Dayhoff+F+R3  15782.838    110 31785.677    31962.633    32172.597
384  Dayhoff+F+R4  15748.433    112 31720.866    31906.983    32114.820
385  Dayhoff+F+R5  15744.011    114 31716.021    31911.693    32117.011
391  mtREV         18144.085    87  36462.170    36557.276    36768.189
392  mtREV+I       18068.696    88  36313.391    36411.291    36622.927
393  mtREV+G4      16633.739    88  33443.479    33541.379    33753.014
394  mtREV+I+G4    16632.615    89  33443.231    33543.986    33756.284
395  mtREV+R2      16851.270    89  33880.539    33981.294    34193.592
396  mtREV+R3      16668.605    91  33519.211    33625.860    33839.299
397  mtREV+R4      16626.511    93  33439.023    33551.823    33766.146
398  mtREV+R5      16611.448    95  33412.897    33532.113    33747.055
399  mtREV+R6      16609.434    97  33412.869    33538.776    33754.062
404  mtREV+F       17125.262    106 34462.523    34622.270    34835.373
405  mtREV+F+I     17036.430    107 34286.860    34450.775    34663.227
406  mtREV+F+G4    15863.460    107 31940.920    32104.835    32317.288
407  mtREV+F+I+G4  15862.023    108 31940.046    32108.217    32319.931
408  mtREV+F+R2    16077.312    108 32370.624    32538.795    32750.509
409  mtREV+F+R3    15900.349    110 32020.698    32197.655    32407.618
410  mtREV+F+R4    15861.133    112 31946.266    32132.384    32340.221
411  mtREV+F+R5    15844.369    114 31916.738    32112.410    32317.728
412  mtREV+F+R6    15843.604    116 31919.208    32124.844    32327.232
417  mtART         19113.379    87  38400.759    38495.864    38706.777
418  mtART+I       19029.076    88  38234.153    38332.053    38543.688
419  mtART+G4      16940.122    88  34056.245    34154.145    34365.780
420  mtART+I+G4    16940.128    89  34058.256    34159.011    34371.310
421  mtART+R2      17138.007    89  34454.014    34554.769    34767.068
422  mtART+R3      16958.568    91  34099.136    34205.786    34419.225
423  mtART+R4      16908.862    93  34003.724    34116.524    34330.847
424  mtART+R5      16879.981    95  33949.963    34069.179    34284.121
425  mtART+R6      16876.668    97  33947.336    34073.243    34288.529
430  mtART+F       17848.744    106 35909.488    36069.235    36282.338
431  mtART+F+I     17746.248    107 35706.496    35870.411    36082.864
432  mtART+F+G4    16049.238    107 32312.476    32476.391    32688.844
433  mtART+F+I+G4  16048.901    108 32313.801    32481.973    32693.686
434  mtART+F+R2    16301.606    108 32819.213    32987.384    33199.098
435  mtART+F+R3    16091.236    110 32402.473    32579.429    32789.393
436  mtART+F+R4    16032.947    112 32289.894    32476.012    32683.849
437  mtART+F+R5    16010.228    114 32248.457    32444.128    32649.446
438  mtART+F+R6    16006.303    116 32244.605    32450.242    32652.630
443  mtZOA         18218.557    87  36611.114    36706.219    36917.132
444  mtZOA+I       18143.562    88  36463.125    36561.025    36772.661
445  mtZOA+G4      16438.092    88  33052.184    33150.084    33361.720
446  mtZOA+I+G4    16437.711    89  33053.422    33154.177    33366.475
447  mtZOA+R2      16628.151    89  33434.301    33535.056    33747.354
448  mtZOA+R3      16470.432    91  33122.865    33229.515    33442.953
449  mtZOA+R4      16418.881    93  33023.761    33136.561    33350.884
450  mtZOA+R5      16399.849    95  32989.697    33108.913    33323.855
451  mtZOA+R6      16398.201    97  32990.401    33116.309    33331.594
456  mtZOA+F       17344.374    106 34900.748    35060.494    35273.598
457  mtZOA+F+I     17251.581    107 34717.162    34881.077    35093.530
458  mtZOA+F+G4    15865.728    107 31945.456    32109.371    32321.823
459  mtZOA+F+I+G4  15865.342    108 31946.685    32114.856    32326.570
460  mtZOA+F+R2    16112.655    108 32441.309    32609.481    32821.194
461  mtZOA+F+R3    15906.617    110 32033.234    32210.191    32420.154
462  mtZOA+F+R4    15857.932    112 31939.864    32125.982    32333.819
463  mtZOA+F+R5    15834.713    114 31897.425    32093.097    32298.415
464  mtZOA+F+R6    15832.771    116 31897.541    32103.178    32305.566
469  mtMet         18352.731    87  36879.461    36974.567    37185.480
470  mtMet+I       18281.775    88  36739.549    36837.449    37049.085
471  mtMet+G4      16837.708    88  33851.417    33949.317    34160.953
472  mtMet+I+G4    16837.022    89  33852.043    33952.798    34165.096
473  mtMet+R2      17012.310    89  34202.619    34303.374    34515.673
474  mtMet+R3      16859.505    91  33901.010    34007.660    34221.099
475  mtMet+R4      16818.918    93  33823.837    33936.637    34150.960
476  mtMet+R5      16802.404    95  33794.808    33914.024    34128.966
477  mtMet+R6      16802.054    97  33798.108    33924.015    34139.301
482  mtMet+F       17252.090    106 34716.179    34875.926    35089.029
483  mtMet+F+I     17163.667    107 34541.334    34705.249    34917.701
484  mtMet+F+G4    15917.313    107 32048.627    32212.541    32424.994
485  mtMet+F+I+G4  15915.635    108 32047.271    32215.442    32427.155
486  mtMet+F+R2    16137.112    108 32490.223    32658.394    32870.108
487  mtMet+F+R3    15951.605    110 32123.209    32300.166    32510.129
488  mtMet+F+R4    15910.575    112 32045.151    32231.269    32439.106
489  mtMet+F+R5    15894.311    114 32016.622    32212.294    32417.612
490  mtMet+F+R6    15894.180    116 32020.361    32225.997    32428.385
495  mtVer         18488.861    87  37151.721    37246.827    37457.740
496  mtVer+I       18412.964    88  37001.927    37099.827    37311.463
497  mtVer+G4      16780.862    88  33737.724    33835.624    34047.260
498  mtVer+I+G4    16779.443    89  33736.886    33837.640    34049.939
499  mtVer+R2      16994.601    89  34167.202    34267.957    34480.256
500  mtVer+R3      16822.218    91  33826.435    33933.085    34146.523
501  mtVer+R4      16763.977    93  33713.953    33826.753    34041.076
502  mtVer+R5      16743.273    95  33676.546    33795.762    34010.704
503  mtVer+R6      16742.192    97  33678.383    33804.291    34019.576
508  mtVer+F       17506.350    106 35224.700    35384.446    35597.550
509  mtVer+F+I     17408.574    107 35031.149    35195.064    35407.516
510  mtVer+F+G4    16088.261    107 32390.522    32554.437    32766.889
511  mtVer+F+I+G4  16086.384    108 32388.769    32556.940    32768.654
512  mtVer+F+R2    16319.585    108 32855.169    33023.341    33235.054
513  mtVer+F+R3    16138.067    110 32496.133    32673.090    32883.053
514  mtVer+F+R4    16082.742    112 32389.483    32575.601    32783.438
515  mtVer+F+R5    16068.406    114 32364.812    32560.484    32765.802
516  mtVer+F+R6    16068.073    116 32368.146    32573.782    32776.171
521  mtInv         18328.604    87  36831.208    36926.313    37137.226
522  mtInv+I       18256.454    88  36688.909    36786.809    36998.444
523  mtInv+G4      16968.537    88  34113.075    34210.975    34422.611
524  mtInv+I+G4    16968.478    89  34114.955    34215.710    34428.008
525  mtInv+R2      17139.697    89  34457.394    34558.149    34770.447
526  mtInv+R3      16988.595    91  34159.191    34265.841    34479.279
527  mtInv+R4      16961.108    93  34108.215    34221.015    34435.339
528  mtInv+R5      16939.520    95  34069.039    34188.255    34403.197
529  mtInv+R6      16939.000    97  34071.999    34197.906    34413.192
534  mtInv+F       16998.755    106 34209.511    34369.257    34582.361
535  mtInv+F+I     16909.427    107 34032.855    34196.769    34409.222
536  mtInv+F+G4    15787.679    107 31789.358    31953.273    32165.725
537  mtInv+F+I+G4  15786.075    108 31788.150    31956.321    32168.035
538  mtInv+F+R2    16012.419    108 32240.838    32409.009    32620.723
539  mtInv+F+R3    15822.809    110 31865.619    32042.575    32252.539
540  mtInv+F+R4    15784.021    112 31792.043    31978.160    32185.997
541  mtInv+F+R5    15768.859    114 31765.719    31961.390    32166.708
542  mtInv+F+R6    15767.059    116 31766.118    31971.754    32174.142
547  mtMAM         19134.076    87  38442.153    38537.258    38748.171
548  mtMAM+I       19060.508    88  38297.016    38394.916    38606.551
549  mtMAM+G4      16942.564    88  34061.127    34159.027    34370.663
550  mtMAM+I+G4    16937.732    89  34053.465    34154.219    34366.518
551  mtMAM+R2      17204.849    89  34587.697    34688.452    34900.751
552  mtMAM+R3      16990.126    91  34162.252    34268.902    34482.341
553  mtMAM+R4      16916.047    93  34018.093    34130.893    34345.216
554  mtMAM+R5      16889.633    95  33969.266    34088.482    34303.424
555  mtMAM+R6      16881.915    97  33957.830    34083.738    34299.023
556  mtMAM+R7      16880.351    99  33958.703    34091.589    34306.930
560  mtMAM+F       17933.209    106 36078.418    36238.165    36451.268
561  mtMAM+F+I     17838.322    107 35890.645    36054.560    36267.012
562  mtMAM+F+G4    16197.452    107 32608.905    32772.820    32985.272
563  mtMAM+F+I+G4  16193.909    108 32603.818    32771.989    32983.703
564  mtMAM+F+R2    16459.226    108 33134.453    33302.624    33514.338
565  mtMAM+F+R3    16246.009    110 32712.018    32888.974    33098.938
566  mtMAM+F+R4    16187.394    112 32598.787    32784.905    32992.742
567  mtMAM+F+R5    16163.616    114 32555.231    32750.903    32956.221
568  mtMAM+F+R6    16158.942    116 32549.884    32755.520    32957.908
WARNING: Normalizing state frequencies so that sum of them equals to 1
573  FLAVI         17925.386    87  36024.772    36119.878    36330.790
WARNING: Normalizing state frequencies so that sum of them equals to 1
574  FLAVI+I       17834.316    88  35844.631    35942.531    36154.167
WARNING: Normalizing state frequencies so that sum of them equals to 1
575  FLAVI+G4      16471.937    88  33119.875    33217.775    33429.411
WARNING: Normalizing state frequencies so that sum of them equals to 1
576  FLAVI+I+G4    16471.715    89  33121.431    33222.186    33434.484
WARNING: Normalizing state frequencies so that sum of them equals to 1
577  FLAVI+R2      16688.898    89  33555.796    33656.551    33868.849
WARNING: Normalizing state frequencies so that sum of them equals to 1
578  FLAVI+R3      16505.399    91  33192.798    33299.447    33512.886
WARNING: Normalizing state frequencies so that sum of them equals to 1
579  FLAVI+R4      16465.823    93  33117.647    33230.447    33444.770
WARNING: Normalizing state frequencies so that sum of them equals to 1
580  FLAVI+R5      16445.982    95  33081.964    33201.179    33416.122
WARNING: Normalizing state frequencies so that sum of them equals to 1
581  FLAVI+R6      16445.481    97  33084.963    33210.870    33426.156
WARNING: Normalizing state frequencies so that sum of them equals to 1
586  FLAVI+F       17805.378    106 35822.756    35982.503    36195.606
WARNING: Normalizing state frequencies so that sum of them equals to 1
587  FLAVI+F+I     17697.829    107 35609.657    35773.572    35986.025
WARNING: Normalizing state frequencies so that sum of them equals to 1
588  FLAVI+F+G4    16352.632    107 32919.264    33083.179    33295.631
WARNING: Normalizing state frequencies so that sum of them equals to 1
589  FLAVI+F+I+G4  16351.093    108 32918.185    33086.357    33298.070
WARNING: Normalizing state frequencies so that sum of them equals to 1
590  FLAVI+F+R2    16591.827    108 33399.654    33567.826    33779.539
WARNING: Normalizing state frequencies so that sum of them equals to 1
591  FLAVI+F+R3    16394.186    110 33008.372    33185.328    33395.292
WARNING: Normalizing state frequencies so that sum of them equals to 1
592  FLAVI+F+R4    16348.697    112 32921.395    33107.512    33315.349
WARNING: Normalizing state frequencies so that sum of them equals to 1
593  FLAVI+F+R5    16330.374    114 32888.749    33084.420    33289.738
WARNING: Normalizing state frequencies so that sum of them equals to 1
594  FLAVI+F+R6    16328.748    116 32889.496    33095.133    33297.521
599  HIVb          17225.901    87  34625.802    34720.908    34931.820
600  HIVb+I        17123.810    88  34423.621    34521.521    34733.157
601  HIVb+G4       16025.455    88  32226.909    32324.809    32536.445
602  HIVb+I+G4     16023.514    89  32225.028    32325.783    32538.082
603  HIVb+R2       16233.450    89  32644.899    32745.654    32957.953
604  HIVb+R3       16051.385    91  32284.769    32391.419    32604.857
605  HIVb+R4       16021.620    93  32229.240    32342.040    32556.363
606  HIVb+R5       16013.563    95  32217.126    32336.342    32551.284
607  HIVb+R6       16011.707    97  32217.413    32343.321    32558.606
612  HIVb+F        17210.354    106 34632.709    34792.455    35005.559
613  HIVb+F+I      17106.365    107 34426.729    34590.644    34803.097
614  HIVb+F+G4     15979.032    107 32172.063    32335.978    32548.431
615  HIVb+F+I+G4   15977.091    108 32170.181    32338.353    32550.066
616  HIVb+F+R2     16185.265    108 32586.531    32754.702    32966.416
617  HIVb+F+R3     16011.452    110 32242.905    32419.861    32629.825
618  HIVb+F+R4     15976.214    112 32176.428    32362.546    32570.383
619  HIVb+F+R5     15967.180    114 32162.360    32358.032    32563.350
620  HIVb+F+R6     15965.947    116 32163.894    32369.531    32571.919
625  HIVw          17958.669    87  36091.338    36186.444    36397.357
626  HIVw+I        17833.313    88  35842.627    35940.527    36152.163
627  HIVw+G4       16811.861    88  33799.722    33897.622    34109.258
628  HIVw+I+G4     16806.230    89  33790.460    33891.214    34103.513
629  HIVw+R2       17010.758    89  34199.516    34300.270    34512.569
630  HIVw+R3       16826.453    91  33834.907    33941.556    34154.995
631  HIVw+R4       16804.613    93  33795.226    33908.026    34122.349
632  HIVw+R5       16792.762    95  33775.524    33894.739    34109.682
633  HIVw+R6       16790.315    97  33774.630    33900.537    34115.823
638  HIVw+F        17657.635    106 35527.270    35687.017    35900.120
639  HIVw+F+I      17525.205    107 35264.410    35428.325    35640.778
640  HIVw+F+G4     16433.609    107 33081.218    33245.132    33457.585
641  HIVw+F+I+G4   16428.468    108 33072.936    33241.108    33452.821
642  HIVw+F+R2     16637.910    108 33491.820    33659.992    33871.705
643  HIVw+F+R3     16468.336    110 33156.672    33333.628    33543.591
644  HIVw+F+R4     16427.176    112 33078.353    33264.471    33472.308
645  HIVw+F+R5     16422.129    114 33072.259    33267.930    33473.248
651  FLU           17165.509    87  34505.018    34600.124    34811.037
652  FLU+I         17058.842    88  34293.683    34391.583    34603.219
653  FLU+G4        16096.608    88  32369.216    32467.116    32678.752
654  FLU+I+G4      16092.687    89  32363.375    32464.129    32676.428
655  FLU+R2        16261.672    89  32701.345    32802.099    33014.398
656  FLU+R3        16112.398    91  32406.795    32513.445    32726.883
657  FLU+R4        16091.506    93  32369.011    32481.811    32696.134
658  FLU+R5        16088.016    95  32366.033    32485.249    32700.191
664  FLU+F         17012.721    106 34237.442    34397.189    34610.292
665  FLU+F+I       16895.976    107 34005.953    34169.867    34382.320
666  FLU+F+G4      15879.397    107 31972.794    32136.709    32349.161
667  FLU+F+I+G4    15875.118    108 31966.236    32134.407    32346.121
668  FLU+F+R2      16044.936    108 32305.872    32474.044    32685.757
669  FLU+F+R3      15905.132    110 32030.263    32207.220    32417.183
670  FLU+F+R4      15875.016    112 31974.033    32160.150    32367.987
671  FLU+F+R5      15867.810    114 31963.620    32159.292    32364.610
672  FLU+F+R6      15862.384    116 31956.768    32162.405    32364.793
677  rtREV         16683.402    87  33540.804    33635.910    33846.823
678  rtREV+I       16606.035    88  33388.069    33485.969    33697.605
679  rtREV+G4      15720.470    88  31616.940    31714.840    31926.476
680  rtREV+I+G4    15719.474    89  31616.949    31717.703    31930.002
681  rtREV+R2      15895.827    89  31969.654    32070.408    32282.707
682  rtREV+R3      15741.695    91  31665.389    31772.039    31985.478
683  rtREV+R4      15715.385    93  31616.771    31729.571    31943.894
684  rtREV+R5      15710.891    95  31611.781    31730.997    31945.939
690  rtREV+F       16554.670    106 33321.341    33481.087    33694.191
691  rtREV+F+I     16471.664    107 33157.328    33321.243    33533.695
692  rtREV+F+G4    15556.086    107 31326.172    31490.087    31702.539
693  rtREV+F+I+G4  15554.605    108 31325.210    31493.381    31705.095
694  rtREV+F+R2    15724.792    108 31665.583    31833.755    32045.468
695  rtREV+F+R3    15579.506    110 31379.011    31555.968    31765.931
696  rtREV+F+R4    15550.425    112 31324.851    31510.968    31718.805
697  rtREV+F+R5    15543.039    114 31314.077    31509.749    31715.067
698  rtREV+F+R6    15541.468    116 31314.937    31520.573    31722.961
703  cpREV         16666.631    87  33507.263    33602.368    33813.281
704  cpREV+I       16581.578    88  33339.157    33437.057    33648.693
705  cpREV+G4      15759.238    88  31694.476    31792.376    32004.012
706  cpREV+I+G4    15756.933    89  31691.866    31792.621    32004.920
707  cpREV+R2      15916.254    89  32010.508    32111.263    32323.561
708  cpREV+R3      15775.356    91  31732.713    31839.362    32052.801
709  cpREV+R4      15752.629    93  31691.257    31804.057    32018.380
710  cpREV+R5      15748.557    95  31687.113    31806.329    32021.271
716  cpREV+F       16557.945    106 33327.889    33487.636    33700.739
717  cpREV+F+I     16468.570    107 33151.141    33315.056    33527.508
718  cpREV+F+G4    15652.156    107 31518.311    31682.226    31894.679
719  cpREV+F+I+G4  15649.098    108 31514.196    31682.367    31894.081
720  cpREV+F+R2    15815.854    108 31847.708    32015.880    32227.593
721  cpREV+F+R3    15674.355    110 31568.711    31745.667    31955.631
722  cpREV+F+R4    15646.581    112 31517.161    31703.279    31911.116
723  cpREV+F+R5    15641.763    114 31511.526    31707.198    31912.516
Model C10 is alias for POISSON+G+FMIX{C10pi1:1:0.1191344178,C10pi2:1:0.0874372456,C10pi3:1:0.1037105070,C10pi4:1:0.0922584809,C10pi5:1:0.1070492801,C10pi6:1:0.1329945166,C10pi7:1:0.0538028458,C10pi8:1:0.0691986212,C10pi9:1:0.1319937434,C10pi10:1:0.1024203429}
729  C10           15395.237    88  30966.473    31064.373    31276.009
Model C20 is alias for POISSON+G+FMIX{C20pi1:1:0.0559910600,C20pi2:1:0.0514824870,C20pi3:1:0.0812922124,C20pi4:1:0.0721976867,C20pi5:1:0.0556718858,C20pi6:1:0.0331003080,C20pi7:1:0.0589501763,C20pi8:1:0.0263756889,C20pi9:1:0.0307584220,C20pi10:1:0.0376701125,C20pi11:1:0.0303058290,C20pi12:1:0.0808775576,C20pi13:1:0.0263349134,C20pi14:1:0.0579101455,C20pi15:1:0.0371248064,C20pi16:1:0.0586867766,C20pi17:1:0.0561479138,C20pi18:1:0.0349810886,C20pi19:1:0.0544937394,C20pi20:1:0.0596471901}
730  C20           15272.395    88  30720.790    30818.690    31030.326
Model C30 is alias for POISSON+G+FMIX{C30pi1:1:0.0095783264,C30pi2:1:0.0248476365,C30pi3:1:0.0636309366,C30pi4:1:0.0537939225,C30pi5:1:0.0295885587,C30pi6:1:0.0117587936,C30pi7:1:0.0132013428,C30pi8:1:0.0236868805,C30pi9:1:0.0261687659,C30pi10:1:0.0239821974,C30pi11:1:0.0257100906,C30pi12:1:0.0465072425,C30pi13:1:0.0546794546,C30pi14:1:0.0536085131,C30pi15:1:0.0270622670,C30pi16:1:0.0403913593,C30pi17:1:0.0474212700,C30pi18:1:0.0458816478,C30pi19:1:0.0214036510,C30pi20:1:0.0290385981,C30pi21:1:0.0123391793,C30pi22:1:0.0569350229,C30pi23:1:0.0419687568,C30pi24:1:0.0339027062,C30pi25:1:0.0388777376,C30pi26:1:0.0196343766,C30pi27:1:0.0233086174,C30pi28:1:0.0622722654,C30pi29:1:0.0184803385,C30pi30:1:0.0203395454}
731  C30           15204.693    88  30585.387    30683.287    30894.923
Model C40 is alias for POISSON+G+FMIX{C40pi1:1:0.0223853788,C40pi2:1:0.0338891820,C40pi3:1:0.0577169375,C40pi4:1:0.0252416233,C40pi5:1:0.0108607921,C40pi6:1:0.0462373793,C40pi7:1:0.0102293175,C40pi8:1:0.0147523625,C40pi9:1:0.0143161352,C40pi10:1:0.0182302541,C40pi11:1:0.0204025079,C40pi12:1:0.0425505156,C40pi13:1:0.0248627269,C40pi14:1:0.0105892988,C40pi15:1:0.0188238725,C40pi16:1:0.0086663445,C40pi17:1:0.0148496147,C40pi18:1:0.0343037402,C40pi19:1:0.0225335203,C40pi20:1:0.0174068578,C40pi21:1:0.0112207827,C40pi22:1:0.0443532245,C40pi23:1:0.0392573370,C40pi24:1:0.0196756555,C40pi25:1:0.0287690328,C40pi26:1:0.0114441177,C40pi27:1:0.0112338740,C40pi28:1:0.0582694099,C40pi29:1:0.0444272279,C40pi30:1:0.0112010942,C40pi31:1:0.0145176111,C40pi32:1:0.0114629026,C40pi33:1:0.0239628061,C40pi34:1:0.0266266492,C40pi35:1:0.0481201159,C40pi36:1:0.0371147423,C40pi37:1:0.0160476688,C40pi38:1:0.0237249267,C40pi39:1:0.0235226203,C40pi40:1:0.0261998398}
732  C40           15176.193    88  30528.387    30626.287    30837.923
Model C50 is alias for POISSON+G+FMIX{C50pi1:1:0.0164297003,C50pi2:1:0.0273175755,C50pi3:1:0.0460247610,C50pi4:1:0.0084864734,C50pi5:1:0.0125389252,C50pi6:1:0.0343549036,C50pi7:1:0.0130241102,C50pi8:1:0.0094755681,C50pi9:1:0.0190040551,C50pi10:1:0.0151902354,C50pi11:1:0.0320534760,C50pi12:1:0.0210059850,C50pi13:1:0.0237408547,C50pi14:1:0.0239841203,C50pi15:1:0.0213748021,C50pi16:1:0.0210717705,C50pi17:1:0.0050241805,C50pi18:1:0.0166262276,C50pi19:1:0.0143945956,C50pi20:1:0.0104391130,C50pi21:1:0.0107628277,C50pi22:1:0.0148818171,C50pi23:1:0.0321480239,C50pi24:1:0.0145477978,C50pi25:1:0.0332355807,C50pi26:1:0.0143190281,C50pi27:1:0.0234478734,C50pi28:1:0.0183044983,C50pi29:1:0.0403269452,C50pi30:1:0.0135629530,C50pi31:1:0.0091880799,C50pi32:1:0.0158270022,C50pi33:1:0.0121019379,C50pi34:1:0.0353560982,C50pi35:1:0.0404495617,C50pi36:1:0.0104569232,C50pi37:1:0.0146187792,C50pi38:1:0.0093984095,C50pi39:1:0.0146773809,C50pi40:1:0.0201635562,C50pi41:1:0.0255640273,C50pi42:1:0.0039486842,C50pi43:1:0.0393652608,C50pi44:1:0.0056415419,C50pi45:1:0.0382833580,C50pi46:1:0.0039735086,C50pi47:1:0.0140269355,C50pi48:1:0.0476703673,C50pi49:1:0.0204062788,C50pi50:1:0.0117835304}
733  C50           15177.197    88  30530.394    30628.294    30839.930
Model C60 is alias for POISSON+G+FMIX{C60pi1:1:0.0169698865,C60pi2:1:0.0211683374,C60pi3:1:0.0276589079,C60pi4:1:0.0065675964,C60pi5:1:0.0141221416,C60pi6:1:0.0068774834,C60pi7:1:0.0146909701,C60pi8:1:0.0067225777,C60pi9:1:0.0018396660,C60pi10:1:0.0102547197,C60pi11:1:0.0230896163,C60pi12:1:0.0057941033,C60pi13:1:0.0125394534,C60pi14:1:0.0204526478,C60pi15:1:0.0070629602,C60pi16:1:0.0117982741,C60pi17:1:0.0068334668,C60pi18:1:0.0433775839,C60pi19:1:0.0318278731,C60pi20:1:0.0222546108,C60pi21:1:0.0102264969,C60pi22:1:0.0150545891,C60pi23:1:0.0134159878,C60pi24:1:0.0148552065,C60pi25:1:0.0239111516,C60pi26:1:0.0128776278,C60pi27:1:0.0222318842,C60pi28:1:0.0247444742,C60pi29:1:0.0214274810,C60pi30:1:0.0115001882,C60pi31:1:0.0076017389,C60pi32:1:0.0130258568,C60pi33:1:0.0093701965,C60pi34:1:0.0467194264,C60pi35:1:0.0441940314,C60pi36:1:0.0322263154,C60pi37:1:0.0402999891,C60pi38:1:0.0150234227,C60pi39:1:0.0104589903,C60pi40:1:0.0214742395,C60pi41:1:0.0154957836,C60pi42:1:0.0101789953,C60pi43:1:0.0227980379,C60pi44:1:0.0123204539,C60pi45:1:0.0066777583,C60pi46:1:0.0004150083,C60pi47:1:0.0344385130,C60pi48:1:0.0113663379,C60pi49:1:0.0127143049,C60pi50:1:0.0124323741,C60pi51:1:0.0262124415,C60pi52:1:0.0064994957,C60pi53:1:0.0103203293,C60pi54:1:0.0142463512,C60pi55:1:0.0215600067,C60pi56:1:0.0199150700,C60pi57:1:0.0038964200,C60pi58:1:0.0113448855,C60pi59:1:0.0128595846,C60pi60:1:0.0117656776}
WARNING: Your input class weight 0.000415008 is very small and may cause numerical issues
734  C60           15175.742    88  30527.483    30625.383    30837.019
Model EX2 is alias for MIX{BurEX2:0.672020808818762,ExpEX2:1.6413466609931}
WARNING: Normalizing state frequencies so that sum of them equals to 1
735  EX2           15711.500    88  31599.000    31696.900    31908.536
Model EX3 is alias for MIX{BurEX3:0.427672756793791,IntEX3:0.837595938019774,HExEX3:1.51863631431518}
WARNING: Normalizing state frequencies so that sum of them equals to 1
WARNING: Normalizing state frequencies so that sum of them equals to 1
736  EX3           15574.452    89  31326.904    31427.658    31639.957
Model EHO is alias for MIX{ExtEHO:0.720274356,HelEHO:0.976798797,OthEHO:0.783109376}
WARNING: Normalizing state frequencies so that sum of them equals to 1
WARNING: Normalizing state frequencies so that sum of them equals to 1
WARNING: Normalizing state frequencies so that sum of them equals to 1
737  EHO           16224.590    89  32627.179    32727.934    32940.233
Model UL2 is alias for MIX{M1_UL2:0.581348617,M2_UL2:1.465482789}
WARNING: Normalizing state frequencies so that sum of them equals to 1
738  UL2           15678.653    88  31533.306    31631.206    31842.842
Model UL3 is alias for MIX{Q1_UL3:0.484340397,Q2_UL3:0.492780514,Q3_UL3:1.15597274}
WARNING: Normalizing state frequencies so that sum of them equals to 1
WARNING: Normalizing state frequencies so that sum of them equals to 1
739  UL3           16284.170    89  32746.339    32847.094    33059.393
Model EX_EHO is alias for MIX{BUR_EXT:0.761816796788931,BUR_HEL:0.744425646802117,BUR_OTH:0.532457759429489,EXP_EXT:1.5639387472863,EXP_HEL:2.06403411829438,EXP_OTH:1.43336795177594}
WARNING: Normalizing state frequencies so that sum of them equals to 1
WARNING: Normalizing state frequencies so that sum of them equals to 1
WARNING: Normalizing state frequencies so that sum of them equals to 1
740  EX_EHO        15520.586    92  31225.172    31334.864    31548.777
Model LG4M is alias for MIX{LG4M1,LG4M2,LG4M3,LG4M4}*G4
741  LG4M          15305.282    88  30786.563    30884.463    31096.099
Model LG4X is alias for MIX{LG4X1,LG4X2,LG4X3,LG4X4}*R4
742  LG4X          15281.433    93  30748.867    30861.667    31075.990
Model CF4 is alias for POISSON+FMIX{Fclass1,Fclass2,Fclass3,Fclass4}+F+G
WARNING: Normalizing State frequencies so that sum of them equals to 1
WARNING: Normalizing State frequencies so that sum of them equals to 1
WARNING: Normalizing State frequencies so that sum of them equals to 1
WARNING: Normalizing State frequencies so that sum of them equals to 1
743  CF4           16083.343    111 32388.686    32570.175    32779.123
Model LG+C10 is alias for LG+POISSON+G+FMIX{C10pi1:1:0.1191344178,C10pi2:1:0.0874372456,C10pi3:1:0.1037105070,C10pi4:1:0.0922584809,C10pi5:1:0.1070492801,C10pi6:1:0.1329945166,C10pi7:1:0.0538028458,C10pi8:1:0.0691986212,C10pi9:1:0.1319937434,C10pi10:1:0.1024203429}
744  LG+C10        15346.329    88  30868.659    30966.559    31178.194
Model LG+C20 is alias for LG+POISSON+G+FMIX{C20pi1:1:0.0559910600,C20pi2:1:0.0514824870,C20pi3:1:0.0812922124,C20pi4:1:0.0721976867,C20pi5:1:0.0556718858,C20pi6:1:0.0331003080,C20pi7:1:0.0589501763,C20pi8:1:0.0263756889,C20pi9:1:0.0307584220,C20pi10:1:0.0376701125,C20pi11:1:0.0303058290,C20pi12:1:0.0808775576,C20pi13:1:0.0263349134,C20pi14:1:0.0579101455,C20pi15:1:0.0371248064,C20pi16:1:0.0586867766,C20pi17:1:0.0561479138,C20pi18:1:0.0349810886,C20pi19:1:0.0544937394,C20pi20:1:0.0596471901}
745  LG+C20        15273.101    88  30722.202    30820.102    31031.738
Model LG+C30 is alias for LG+POISSON+G+FMIX{C30pi1:1:0.0095783264,C30pi2:1:0.0248476365,C30pi3:1:0.0636309366,C30pi4:1:0.0537939225,C30pi5:1:0.0295885587,C30pi6:1:0.0117587936,C30pi7:1:0.0132013428,C30pi8:1:0.0236868805,C30pi9:1:0.0261687659,C30pi10:1:0.0239821974,C30pi11:1:0.0257100906,C30pi12:1:0.0465072425,C30pi13:1:0.0546794546,C30pi14:1:0.0536085131,C30pi15:1:0.0270622670,C30pi16:1:0.0403913593,C30pi17:1:0.0474212700,C30pi18:1:0.0458816478,C30pi19:1:0.0214036510,C30pi20:1:0.0290385981,C30pi21:1:0.0123391793,C30pi22:1:0.0569350229,C30pi23:1:0.0419687568,C30pi24:1:0.0339027062,C30pi25:1:0.0388777376,C30pi26:1:0.0196343766,C30pi27:1:0.0233086174,C30pi28:1:0.0622722654,C30pi29:1:0.0184803385,C30pi30:1:0.0203395454}
746  LG+C30        15220.808    88  30617.615    30715.515    30927.151
Model LG+C40 is alias for LG+POISSON+G+FMIX{C40pi1:1:0.0223853788,C40pi2:1:0.0338891820,C40pi3:1:0.0577169375,C40pi4:1:0.0252416233,C40pi5:1:0.0108607921,C40pi6:1:0.0462373793,C40pi7:1:0.0102293175,C40pi8:1:0.0147523625,C40pi9:1:0.0143161352,C40pi10:1:0.0182302541,C40pi11:1:0.0204025079,C40pi12:1:0.0425505156,C40pi13:1:0.0248627269,C40pi14:1:0.0105892988,C40pi15:1:0.0188238725,C40pi16:1:0.0086663445,C40pi17:1:0.0148496147,C40pi18:1:0.0343037402,C40pi19:1:0.0225335203,C40pi20:1:0.0174068578,C40pi21:1:0.0112207827,C40pi22:1:0.0443532245,C40pi23:1:0.0392573370,C40pi24:1:0.0196756555,C40pi25:1:0.0287690328,C40pi26:1:0.0114441177,C40pi27:1:0.0112338740,C40pi28:1:0.0582694099,C40pi29:1:0.0444272279,C40pi30:1:0.0112010942,C40pi31:1:0.0145176111,C40pi32:1:0.0114629026,C40pi33:1:0.0239628061,C40pi34:1:0.0266266492,C40pi35:1:0.0481201159,C40pi36:1:0.0371147423,C40pi37:1:0.0160476688,C40pi38:1:0.0237249267,C40pi39:1:0.0235226203,C40pi40:1:0.0261998398}
747  LG+C40        15198.181    88  30572.362    30670.262    30881.898
Model LG+C50 is alias for LG+POISSON+G+FMIX{C50pi1:1:0.0164297003,C50pi2:1:0.0273175755,C50pi3:1:0.0460247610,C50pi4:1:0.0084864734,C50pi5:1:0.0125389252,C50pi6:1:0.0343549036,C50pi7:1:0.0130241102,C50pi8:1:0.0094755681,C50pi9:1:0.0190040551,C50pi10:1:0.0151902354,C50pi11:1:0.0320534760,C50pi12:1:0.0210059850,C50pi13:1:0.0237408547,C50pi14:1:0.0239841203,C50pi15:1:0.0213748021,C50pi16:1:0.0210717705,C50pi17:1:0.0050241805,C50pi18:1:0.0166262276,C50pi19:1:0.0143945956,C50pi20:1:0.0104391130,C50pi21:1:0.0107628277,C50pi22:1:0.0148818171,C50pi23:1:0.0321480239,C50pi24:1:0.0145477978,C50pi25:1:0.0332355807,C50pi26:1:0.0143190281,C50pi27:1:0.0234478734,C50pi28:1:0.0183044983,C50pi29:1:0.0403269452,C50pi30:1:0.0135629530,C50pi31:1:0.0091880799,C50pi32:1:0.0158270022,C50pi33:1:0.0121019379,C50pi34:1:0.0353560982,C50pi35:1:0.0404495617,C50pi36:1:0.0104569232,C50pi37:1:0.0146187792,C50pi38:1:0.0093984095,C50pi39:1:0.0146773809,C50pi40:1:0.0201635562,C50pi41:1:0.0255640273,C50pi42:1:0.0039486842,C50pi43:1:0.0393652608,C50pi44:1:0.0056415419,C50pi45:1:0.0382833580,C50pi46:1:0.0039735086,C50pi47:1:0.0140269355,C50pi48:1:0.0476703673,C50pi49:1:0.0204062788,C50pi50:1:0.0117835304}
748  LG+C50        15200.978    88  30577.956    30675.856    30887.492
Model LG+C60 is alias for LG+POISSON+G+FMIX{C60pi1:1:0.0169698865,C60pi2:1:0.0211683374,C60pi3:1:0.0276589079,C60pi4:1:0.0065675964,C60pi5:1:0.0141221416,C60pi6:1:0.0068774834,C60pi7:1:0.0146909701,C60pi8:1:0.0067225777,C60pi9:1:0.0018396660,C60pi10:1:0.0102547197,C60pi11:1:0.0230896163,C60pi12:1:0.0057941033,C60pi13:1:0.0125394534,C60pi14:1:0.0204526478,C60pi15:1:0.0070629602,C60pi16:1:0.0117982741,C60pi17:1:0.0068334668,C60pi18:1:0.0433775839,C60pi19:1:0.0318278731,C60pi20:1:0.0222546108,C60pi21:1:0.0102264969,C60pi22:1:0.0150545891,C60pi23:1:0.0134159878,C60pi24:1:0.0148552065,C60pi25:1:0.0239111516,C60pi26:1:0.0128776278,C60pi27:1:0.0222318842,C60pi28:1:0.0247444742,C60pi29:1:0.0214274810,C60pi30:1:0.0115001882,C60pi31:1:0.0076017389,C60pi32:1:0.0130258568,C60pi33:1:0.0093701965,C60pi34:1:0.0467194264,C60pi35:1:0.0441940314,C60pi36:1:0.0322263154,C60pi37:1:0.0402999891,C60pi38:1:0.0150234227,C60pi39:1:0.0104589903,C60pi40:1:0.0214742395,C60pi41:1:0.0154957836,C60pi42:1:0.0101789953,C60pi43:1:0.0227980379,C60pi44:1:0.0123204539,C60pi45:1:0.0066777583,C60pi46:1:0.0004150083,C60pi47:1:0.0344385130,C60pi48:1:0.0113663379,C60pi49:1:0.0127143049,C60pi50:1:0.0124323741,C60pi51:1:0.0262124415,C60pi52:1:0.0064994957,C60pi53:1:0.0103203293,C60pi54:1:0.0142463512,C60pi55:1:0.0215600067,C60pi56:1:0.0199150700,C60pi57:1:0.0038964200,C60pi58:1:0.0113448855,C60pi59:1:0.0128595846,C60pi60:1:0.0117656776}
WARNING: Your input class weight 0.000415008 is very small and may cause numerical issues
749  LG+C60        15194.858    88  30565.715    30663.615    30875.251
Akaike Information Criterion:           C60
Corrected Akaike Information Criterion: C60
Bayesian Information Criterion:         C60
Best-fit model: C60 chosen according to BIC

All model information printed to iqtree_gene_trees/COG4778.model.gz
CPU time for ModelFinder: 1845.252 seconds (0h:30m:45s)
Wall-clock time for ModelFinder: 186.689 seconds (0h:3m:6s)
Generating 1000 samples for ultrafast bootstrap (seed: 132064)...
Model C60 is alias for POISSON+G+FMIX{C60pi1:1:0.0169698865,C60pi2:1:0.0211683374,C60pi3:1:0.0276589079,C60pi4:1:0.0065675964,C60pi5:1:0.0141221416,C60pi6:1:0.0068774834,C60pi7:1:0.0146909701,C60pi8:1:0.0067225777,C60pi9:1:0.0018396660,C60pi10:1:0.0102547197,C60pi11:1:0.0230896163,C60pi12:1:0.0057941033,C60pi13:1:0.0125394534,C60pi14:1:0.0204526478,C60pi15:1:0.0070629602,C60pi16:1:0.0117982741,C60pi17:1:0.0068334668,C60pi18:1:0.0433775839,C60pi19:1:0.0318278731,C60pi20:1:0.0222546108,C60pi21:1:0.0102264969,C60pi22:1:0.0150545891,C60pi23:1:0.0134159878,C60pi24:1:0.0148552065,C60pi25:1:0.0239111516,C60pi26:1:0.0128776278,C60pi27:1:0.0222318842,C60pi28:1:0.0247444742,C60pi29:1:0.0214274810,C60pi30:1:0.0115001882,C60pi31:1:0.0076017389,C60pi32:1:0.0130258568,C60pi33:1:0.0093701965,C60pi34:1:0.0467194264,C60pi35:1:0.0441940314,C60pi36:1:0.0322263154,C60pi37:1:0.0402999891,C60pi38:1:0.0150234227,C60pi39:1:0.0104589903,C60pi40:1:0.0214742395,C60pi41:1:0.0154957836,C60pi42:1:0.0101789953,C60pi43:1:0.0227980379,C60pi44:1:0.0123204539,C60pi45:1:0.0066777583,C60pi46:1:0.0004150083,C60pi47:1:0.0344385130,C60pi48:1:0.0113663379,C60pi49:1:0.0127143049,C60pi50:1:0.0124323741,C60pi51:1:0.0262124415,C60pi52:1:0.0064994957,C60pi53:1:0.0103203293,C60pi54:1:0.0142463512,C60pi55:1:0.0215600067,C60pi56:1:0.0199150700,C60pi57:1:0.0038964200,C60pi58:1:0.0113448855,C60pi59:1:0.0128595846,C60pi60:1:0.0117656776}
WARNING: Your input class weight 0.000415008 is very small and may cause numerical issues

NOTE: 448 MB RAM (0 GB) is required!
Estimate model parameters (epsilon = 0.100)
1. Initial log-likelihood: -15175.742
Optimal log-likelihood: -15175.718
Mixture weights: 0.017 0.021 0.028 0.007 0.014 0.007 0.015 0.007 0.002 0.010 0.023 0.006 0.013 0.020 0.007 0.012 0.007 0.043 0.032 0.022 0.010 0.015 0.013 0.015 0.024 0.013 0.022 0.025 0.021 0.012 0.008 0.013 0.009 0.047 0.044 0.032 0.040 0.015 0.010 0.021 0.015 0.010 0.023 0.012 0.007 0.000 0.034 0.011 0.013 0.012 0.026 0.006 0.010 0.014 0.022 0.020 0.004 0.011 0.013 0.012
Gamma shape alpha: 0.793
Parameters optimization took 1 rounds (1.660 sec)
Wrote distance file to... 
Computing ML distances based on estimated model parameters...
Calculating distance matrix: done in 0.0603536 secs using 998.9% CPU
Computing ML distances took 0.060581 sec (of wall-clock time) 0.603109 sec (of CPU time)
Setting up auxiliary I and S matrices: done in 0.00225814 secs using 440.1% CPU
Constructing RapidNJ tree: done in 0.0712299 secs using 270.4% CPU
Computing RapidNJ tree took 0.073696 sec (of wall-clock time) 0.210636 sec (of CPU time)
Log-likelihood of RapidNJ tree: -15182.994
--------------------------------------------------------------------
|             INITIALIZING CANDIDATE TREE SET                      |
--------------------------------------------------------------------
Generating 98 parsimony trees... 1.268 second
Computing log-likelihood of 98 initial trees ... 54.862 seconds
Current best score: -15175.718

Do NNI search on 20 best initial trees
Optimizing NNI: done in 15.0297 secs using 998.7% CPU
Estimate model parameters (epsilon = 0.100)
BETTER TREE FOUND at iteration 1: -15154.236
Optimizing NNI: done in 17.344 secs using 997.3% CPU
Estimate model parameters (epsilon = 0.100)
BETTER TREE FOUND at iteration 2: -15122.168
Optimizing NNI: done in 23.2793 secs using 998.4% CPU
Optimizing NNI: done in 14.8765 secs using 997% CPU
Optimizing NNI: done in 18.862 secs using 998.2% CPU
Optimizing NNI: done in 20.5711 secs using 997.2% CPU
Optimizing NNI: done in 24.9205 secs using 997.5% CPU
Optimizing NNI: done in 25.6806 secs using 997.2% CPU
Optimizing NNI: done in 30.0855 secs using 997% CPU
Optimizing NNI: done in 32.2563 secs using 997.3% CPU
Iteration 10 / LogL: -15148.560 / Time: 0h:5m:17s
Optimizing NNI: done in 24.879 secs using 998% CPU
Optimizing NNI: done in 23.2904 secs using 995.7% CPU
Optimizing NNI: done in 31.3052 secs using 996.5% CPU
Optimizing NNI: done in 29.524 secs using 998.4% CPU
Optimizing NNI: done in 20.0573 secs using 997.6% CPU
Optimizing NNI: done in 19.9543 secs using 996.9% CPU
Optimizing NNI: done in 28.0578 secs using 997.7% CPU
Optimizing NNI: done in 23.8547 secs using 996.4% CPU
Optimizing NNI: done in 34.3393 secs using 997.8% CPU
Optimizing NNI: done in 29.7651 secs using 998.1% CPU
Iteration 20 / LogL: -15154.589 / Time: 0h:9m:43s
Finish initializing candidate tree set (20)
Current best tree score: -15122.168 / CPU time: 551.334
Number of iterations: 20
--------------------------------------------------------------------
|               OPTIMIZING CANDIDATE TREE SET                      |
--------------------------------------------------------------------
Optimizing NNI: done in 32.4686 secs using 997.9% CPU
Optimizing NNI: done in 11.0509 secs using 997.5% CPU
Estimate model parameters (epsilon = 0.100)
BETTER TREE FOUND at iteration 22: -15122.070
Optimizing NNI: done in 13.4792 secs using 997.8% CPU
Estimate model parameters (epsilon = 0.100)
BETTER TREE FOUND at iteration 23: -15122.025
Optimizing NNI: done in 13.2386 secs using 997.1% CPU
Optimizing NNI: done in 17.9643 secs using 997.5% CPU
Optimizing NNI: done in 13.6288 secs using 995.4% CPU
Estimate model parameters (epsilon = 0.100)
BETTER TREE FOUND at iteration 26: -15120.581
Optimizing NNI: done in 15.7039 secs using 996.5% CPU
Optimizing NNI: done in 11.7977 secs using 998.7% CPU
Optimizing NNI: done in 13.1248 secs using 994.3% CPU
Optimizing NNI: done in 19.6986 secs using 996.9% CPU
Iteration 30 / LogL: -15120.609 / Time: 0h:12m:32s (0h:41m:29s left)
Optimizing NNI: done in 9.40324 secs using 997.1% CPU
Optimizing NNI: done in 17.5611 secs using 997.9% CPU
Optimizing NNI: done in 18.1388 secs using 997.7% CPU
Estimate model parameters (epsilon = 0.100)
BETTER TREE FOUND at iteration 33: -15120.011
Optimizing NNI: done in 10.15 secs using 998.9% CPU
Optimizing NNI: done in 17.3952 secs using 997.2% CPU
Estimate model parameters (epsilon = 0.100)
BETTER TREE FOUND at iteration 35: -15118.129
Optimizing NNI: done in 17.8198 secs using 996.3% CPU
Optimizing NNI: done in 14.8803 secs using 996.8% CPU
Optimizing NNI: done in 10.0225 secs using 996.6% CPU
Optimizing NNI: done in 10.9232 secs using 997.1% CPU
Optimizing NNI: done in 17.8521 secs using 997.7% CPU
Iteration 40 / LogL: -15120.602 / Time: 0h:15m:0s (0h:36m:32s left)
Optimizing NNI: done in 11.7763 secs using 996.6% CPU
Optimizing NNI: done in 8.60902 secs using 996.3% CPU
Optimizing NNI: done in 15.206 secs using 995.8% CPU
Estimate model parameters (epsilon = 0.100)
BETTER TREE FOUND at iteration 43: -15117.710
Optimizing NNI: done in 11.3674 secs using 998.4% CPU
Estimate model parameters (epsilon = 0.100)
BETTER TREE FOUND at iteration 44: -15117.268
Optimizing NNI: done in 17.4094 secs using 995.9% CPU
Optimizing NNI: done in 12.6618 secs using 998.3% CPU
Optimizing NNI: done in 9.06997 secs using 998.6% CPU
Optimizing NNI: done in 12.334 secs using 996.6% CPU
Estimate model parameters (epsilon = 0.100)
BETTER TREE FOUND at iteration 48: -15116.626
Optimizing NNI: done in 19.9278 secs using 996% CPU
Optimizing NNI: done in 12.0558 secs using 997.8% CPU
Iteration 50 / LogL: -15116.633 / Time: 0h:17m:16s (0h:34m:32s left)
Log-likelihood cutoff on original alignment: -15172.821
UFBoot trees printed to iqtree_gene_trees/COG4778.ufboot
Optimizing NNI: done in 11.4776 secs using 998.1% CPU
Optimizing NNI: done in 9.09311 secs using 994.9% CPU
Optimizing NNI: done in 11.8059 secs using 995% CPU
Optimizing NNI: done in 10.591 secs using 997% CPU
Estimate model parameters (epsilon = 0.100)
BETTER TREE FOUND at iteration 54: -15116.197
Optimizing NNI: done in 11.0441 secs using 996.5% CPU
Optimizing NNI: done in 13.0197 secs using 997.4% CPU
Optimizing NNI: done in 8.96678 secs using 997.8% CPU
Optimizing NNI: done in 10.4123 secs using 997.5% CPU
Optimizing NNI: done in 10.036 secs using 996.3% CPU
Optimizing NNI: done in 14.682 secs using 998% CPU
Estimate model parameters (epsilon = 0.100)
BETTER TREE FOUND at iteration 60: -15115.456
Iteration 60 / LogL: -15115.456 / Time: 0h:19m:11s (0h:32m:32s left)
Optimizing NNI: done in 16.3785 secs using 998.3% CPU
Optimizing NNI: done in 16.6228 secs using 997.4% CPU
Optimizing NNI: done in 13.596 secs using 997.5% CPU
Optimizing NNI: done in 18.2725 secs using 997.5% CPU
Optimizing NNI: done in 9.78997 secs using 999% CPU
Optimizing NNI: done in 13.4156 secs using 997.6% CPU
Optimizing NNI: done in 12.5801 secs using 997.9% CPU
Optimizing NNI: done in 20.3494 secs using 995.5% CPU
Optimizing NNI: done in 15.9653 secs using 996.1% CPU
Optimizing NNI: done in 12.3272 secs using 995.7% CPU
Iteration 70 / LogL: -15118.950 / Time: 0h:21m:42s (0h:28m:18s left)
Optimizing NNI: done in 13.9423 secs using 995% CPU
Optimizing NNI: done in 12.5185 secs using 995.8% CPU
Optimizing NNI: done in 19.0696 secs using 998% CPU
Optimizing NNI: done in 12.5468 secs using 997.4% CPU
Optimizing NNI: done in 11.1828 secs using 996.9% CPU
Optimizing NNI: done in 11.9641 secs using 998.2% CPU
Optimizing NNI: done in 14.3712 secs using 995% CPU
Optimizing NNI: done in 10.8546 secs using 995.2% CPU
Optimizing NNI: done in 15.9313 secs using 996% CPU
Optimizing NNI: done in 13.1298 secs using 996.2% CPU
Iteration 80 / LogL: -15116.674 / Time: 0h:23m:58s (0h:24m:17s left)
Optimizing NNI: done in 13.4846 secs using 997.6% CPU
Optimizing NNI: done in 8.6883 secs using 999.4% CPU
Optimizing NNI: done in 10.5604 secs using 997.2% CPU
Optimizing NNI: done in 12.0206 secs using 997.8% CPU
Optimizing NNI: done in 14.8825 secs using 997.3% CPU
Optimizing NNI: done in 11.3074 secs using 995.5% CPU
Optimizing NNI: done in 8.74081 secs using 994.6% CPU
Optimizing NNI: done in 16.1644 secs using 996.7% CPU
Optimizing NNI: done in 10.9794 secs using 995.7% CPU
Optimizing NNI: done in 11.6953 secs using 997.6% CPU
Iteration 90 / LogL: -15117.516 / Time: 0h:25m:58s (0h:20m:25s left)
Optimizing NNI: done in 12.346 secs using 997.6% CPU
Optimizing NNI: done in 10.3871 secs using 995.2% CPU
Optimizing NNI: done in 14.0357 secs using 997.6% CPU
Optimizing NNI: done in 19.854 secs using 996.5% CPU
Optimizing NNI: done in 12.0046 secs using 998.6% CPU
Optimizing NNI: done in 14.6772 secs using 995.4% CPU
Estimate model parameters (epsilon = 0.100)
BETTER TREE FOUND at iteration 96: -15114.965
Optimizing NNI: done in 13.9117 secs using 998.3% CPU
Optimizing NNI: done in 11.494 secs using 994.4% CPU
Optimizing NNI: done in 13.7345 secs using 995.3% CPU
Optimizing NNI: done in 13.2642 secs using 995.8% CPU
Iteration 100 / LogL: -15122.054 / Time: 0h:28m:16s (0h:27m:25s left)
Log-likelihood cutoff on original alignment: -15172.821
NOTE: Bootstrap correlation coefficient of split occurrence frequencies: 0.984
NOTE: UFBoot does not converge, continue at least 100 more iterations
UFBoot trees printed to iqtree_gene_trees/COG4778.ufboot
Optimizing NNI: done in 12.3532 secs using 997.4% CPU
Optimizing NNI: done in 13.7889 secs using 995.7% CPU
Optimizing NNI: done in 7.68906 secs using 994% CPU
Optimizing NNI: done in 11.3727 secs using 996.8% CPU
Optimizing NNI: done in 11.114 secs using 996.6% CPU
Optimizing NNI: done in 13.221 secs using 996.9% CPU
Optimizing NNI: done in 10.6893 secs using 997.5% CPU
Optimizing NNI: done in 18.1606 secs using 994.9% CPU
Optimizing NNI: done in 12.4385 secs using 995.2% CPU
Optimizing NNI: done in 9.86891 secs using 994.9% CPU
Iteration 110 / LogL: -15116.827 / Time: 0h:30m:18s (0h:25m:1s left)
Optimizing NNI: done in 10.8738 secs using 995.6% CPU
Optimizing NNI: done in 17.6702 secs using 995.1% CPU
Optimizing NNI: done in 13.8205 secs using 995.8% CPU
Optimizing NNI: done in 7.2519 secs using 998.2% CPU
Optimizing NNI: done in 15.6468 secs using 997.6% CPU
Optimizing NNI: done in 12.9499 secs using 996.4% CPU
Optimizing NNI: done in 9.34638 secs using 996.8% CPU
Optimizing NNI: done in 10.0135 secs using 995.5% CPU
Optimizing NNI: done in 16.833 secs using 995.3% CPU
Optimizing NNI: done in 16.4826 secs using 994.4% CPU
Iteration 120 / LogL: -15115.480 / Time: 0h:32m:30s (0h:21m:51s left)
Optimizing NNI: done in 9.47329 secs using 996% CPU
Optimizing NNI: done in 12.6841 secs using 998.3% CPU
Optimizing NNI: done in 6.15393 secs using 995.3% CPU
Optimizing NNI: done in 15.4017 secs using 995% CPU
Optimizing NNI: done in 12.2582 secs using 996% CPU
Optimizing NNI: done in 10.9016 secs using 999.8% CPU
Optimizing NNI: done in 10.1068 secs using 995.6% CPU
Optimizing NNI: done in 9.67031 secs using 994.7% CPU
Optimizing NNI: done in 18.1963 secs using 997% CPU
Optimizing NNI: done in 19.2679 secs using 997.9% CPU
Iteration 130 / LogL: -15115.453 / Time: 0h:34m:36s (0h:18m:46s left)
Optimizing NNI: done in 13.2968 secs using 999.3% CPU
Optimizing NNI: done in 14.6817 secs using 998.5% CPU
Optimizing NNI: done in 16.9947 secs using 996% CPU
Optimizing NNI: done in 10.3526 secs using 996.6% CPU
Optimizing NNI: done in 14.1211 secs using 994.7% CPU
Optimizing NNI: done in 7.56447 secs using 998.6% CPU
Optimizing NNI: done in 14.0601 secs using 995.8% CPU
Optimizing NNI: done in 12.6432 secs using 995.8% CPU
Optimizing NNI: done in 11.0087 secs using 997.9% CPU
Optimizing NNI: done in 12.1509 secs using 997.9% CPU
Iteration 140 / LogL: -15115.554 / Time: 0h:36m:44s (0h:15m:51s left)
Optimizing NNI: done in 15.6729 secs using 997.3% CPU
Optimizing NNI: done in 6.65395 secs using 997.3% CPU
Optimizing NNI: done in 16.6338 secs using 997% CPU
Optimizing NNI: done in 11.783 secs using 996.9% CPU
Optimizing NNI: done in 19.4535 secs using 998% CPU
Optimizing NNI: done in 17.6416 secs using 995.2% CPU
Optimizing NNI: done in 14.7508 secs using 997.8% CPU
Optimizing NNI: done in 11.218 secs using 998.6% CPU
Optimizing NNI: done in 11.3943 secs using 998.8% CPU
Optimizing NNI: done in 13.398 secs using 997.7% CPU
Iteration 150 / LogL: -15115.545 / Time: 0h:39m:3s (0h:13m:6s left)
Log-likelihood cutoff on original alignment: -15172.821
UFBoot trees printed to iqtree_gene_trees/COG4778.ufboot
Optimizing NNI: done in 13.9877 secs using 996.4% CPU
Optimizing NNI: done in 16.2811 secs using 998.6% CPU
Optimizing NNI: done in 12.8193 secs using 997.8% CPU
Optimizing NNI: done in 15.0575 secs using 998.3% CPU
Estimate model parameters (epsilon = 0.100)
BETTER TREE FOUND at iteration 154: -15114.257
Optimizing NNI: done in 18.7927 secs using 997.6% CPU
Optimizing NNI: done in 12.947 secs using 997.2% CPU
Optimizing NNI: done in 9.40223 secs using 997.3% CPU
Optimizing NNI: done in 10.2753 secs using 998.3% CPU
Optimizing NNI: done in 9.4267 secs using 998.2% CPU
Optimizing NNI: done in 14.0852 secs using 997.9% CPU
Iteration 160 / LogL: -15115.786 / Time: 0h:41m:23s (0h:24m:27s left)
Optimizing NNI: done in 12.9401 secs using 998.7% CPU
Optimizing NNI: done in 20.006 secs using 998.3% CPU
Optimizing NNI: done in 16.4271 secs using 998.4% CPU
Optimizing NNI: done in 13.2939 secs using 999.1% CPU
Optimizing NNI: done in 12.595 secs using 998.5% CPU
Optimizing NNI: done in 12.4727 secs using 997.9% CPU
Optimizing NNI: done in 11.2574 secs using 999% CPU
Estimate model parameters (epsilon = 0.100)
BETTER TREE FOUND at iteration 167: -15113.921
Optimizing NNI: done in 9.63052 secs using 998.6% CPU
Optimizing NNI: done in 12.9963 secs using 997.5% CPU
Optimizing NNI: done in 12.0243 secs using 997.3% CPU
Iteration 170 / LogL: -15114.000 / Time: 0h:43m:40s (0h:25m:4s left)
Optimizing NNI: done in 10.9554 secs using 998.1% CPU
Optimizing NNI: done in 13.4062 secs using 999% CPU
Estimate model parameters (epsilon = 0.100)
BETTER TREE FOUND at iteration 172: -15113.173
Optimizing NNI: done in 15.0581 secs using 996.9% CPU
Optimizing NNI: done in 11.7624 secs using 993.7% CPU
Optimizing NNI: done in 13.9485 secs using 997.1% CPU
Optimizing NNI: done in 13.1176 secs using 997% CPU
Optimizing NNI: done in 17.829 secs using 998.8% CPU
Optimizing NNI: done in 9.85388 secs using 998.3% CPU
Optimizing NNI: done in 10.9549 secs using 998.9% CPU
Estimate model parameters (epsilon = 0.100)
BETTER TREE FOUND at iteration 179: -15112.145
Optimizing NNI: done in 12.7902 secs using 998.2% CPU
Iteration 180 / LogL: -15119.495 / Time: 0h:45m:55s (0h:25m:23s left)
Optimizing NNI: done in 13.6002 secs using 998.8% CPU
Optimizing NNI: done in 4.8042 secs using 997% CPU
Optimizing NNI: done in 12.4527 secs using 998.7% CPU
Optimizing NNI: done in 8.68623 secs using 999.1% CPU
Optimizing NNI: done in 11.4629 secs using 998.5% CPU
Estimate model parameters (epsilon = 0.100)
UPDATE BEST LOG-LIKELIHOOD: -15112.086
Optimizing NNI: done in 14.4434 secs using 998.6% CPU
Optimizing NNI: done in 8.5129 secs using 997.8% CPU
Optimizing NNI: done in 21.3786 secs using 997% CPU
Optimizing NNI: done in 12.3527 secs using 997.6% CPU
Optimizing NNI: done in 18.9277 secs using 997.4% CPU
Iteration 190 / LogL: -15113.027 / Time: 0h:48m:4s (0h:22m:38s left)
Optimizing NNI: done in 13.9857 secs using 996.9% CPU
Optimizing NNI: done in 12.6573 secs using 993.7% CPU
Optimizing NNI: done in 11.4836 secs using 997.6% CPU
Optimizing NNI: done in 21.0808 secs using 996.6% CPU
Optimizing NNI: done in 13.8336 secs using 996.9% CPU
Optimizing NNI: done in 9.34517 secs using 998.1% CPU
Optimizing NNI: done in 9.39341 secs using 998.6% CPU
Optimizing NNI: done in 13.9108 secs using 997.4% CPU
Optimizing NNI: done in 17.8588 secs using 997.9% CPU
Optimizing NNI: done in 13.948 secs using 998.6% CPU
Iteration 200 / LogL: -15112.475 / Time: 0h:50m:23s (0h:20m:0s left)
Log-likelihood cutoff on original alignment: -15172.821
NOTE: Bootstrap correlation coefficient of split occurrence frequencies: 0.968
NOTE: UFBoot does not converge, continue at least 100 more iterations
UFBoot trees printed to iqtree_gene_trees/COG4778.ufboot
Optimizing NNI: done in 12.7379 secs using 998.1% CPU
Optimizing NNI: done in 19.3142 secs using 997.5% CPU
Optimizing NNI: done in 15.5099 secs using 997.3% CPU
Optimizing NNI: done in 14.6952 secs using 995.5% CPU
Optimizing NNI: done in 14.808 secs using 997.5% CPU
Optimizing NNI: done in 10.9529 secs using 997% CPU
Optimizing NNI: done in 9.34383 secs using 997.3% CPU
Optimizing NNI: done in 13.5259 secs using 999.7% CPU
Optimizing NNI: done in 19.2027 secs using 996.6% CPU
Optimizing NNI: done in 23.4333 secs using 996.3% CPU
Iteration 210 / LogL: -15113.257 / Time: 0h:52m:58s (0h:22m:48s left)
Optimizing NNI: done in 7.23337 secs using 998.9% CPU
Optimizing NNI: done in 14 secs using 999.3% CPU
Optimizing NNI: done in 13.0701 secs using 998.2% CPU
Optimizing NNI: done in 8.47491 secs using 998.4% CPU
Optimizing NNI: done in 16.3522 secs using 999.5% CPU
Optimizing NNI: done in 14.1145 secs using 999.2% CPU
Optimizing NNI: done in 13.9922 secs using 998.5% CPU
Optimizing NNI: done in 16.5034 secs using 998.7% CPU
Optimizing NNI: done in 21.7363 secs using 997.5% CPU
Optimizing NNI: done in 15.7737 secs using 996.6% CPU
Iteration 220 / LogL: -15116.111 / Time: 0h:55m:20s (0h:20m:12s left)
Optimizing NNI: done in 8.90319 secs using 998.6% CPU
Optimizing NNI: done in 7.78804 secs using 998.7% CPU
Optimizing NNI: done in 9.22719 secs using 998.3% CPU
Optimizing NNI: done in 14.2337 secs using 998.7% CPU
Optimizing NNI: done in 11.7446 secs using 997.8% CPU
Optimizing NNI: done in 14.5935 secs using 998.1% CPU
Optimizing NNI: done in 7.86427 secs using 997.8% CPU
Optimizing NNI: done in 12.7463 secs using 996.7% CPU
Optimizing NNI: done in 10.3378 secs using 996.6% CPU
Optimizing NNI: done in 8.99569 secs using 997.3% CPU
Iteration 230 / LogL: -15114.157 / Time: 0h:57m:7s (0h:17m:27s left)
Optimizing NNI: done in 11.9053 secs using 997.3% CPU
Optimizing NNI: done in 12.1446 secs using 997.1% CPU
Optimizing NNI: done in 8.18379 secs using 997.3% CPU
Optimizing NNI: done in 10.5479 secs using 996.3% CPU
Optimizing NNI: done in 16.3806 secs using 998.2% CPU
Optimizing NNI: done in 22.0435 secs using 998.3% CPU
Optimizing NNI: done in 11.0464 secs using 997.9% CPU
Optimizing NNI: done in 7.48731 secs using 999.2% CPU
Optimizing NNI: done in 11.8971 secs using 997.2% CPU
Optimizing NNI: done in 20.8759 secs using 998.8% CPU
Iteration 240 / LogL: -15114.072 / Time: 0h:59m:21s (0h:14m:54s left)
Optimizing NNI: done in 13.4973 secs using 999.3% CPU
Optimizing NNI: done in 18.3313 secs using 999.3% CPU
Optimizing NNI: done in 11.8461 secs using 998.5% CPU
Optimizing NNI: done in 13.6044 secs using 998.1% CPU
Optimizing NNI: done in 12.4927 secs using 998.8% CPU
Optimizing NNI: done in 13.395 secs using 998.5% CPU
Optimizing NNI: done in 9.20892 secs using 999.3% CPU
Optimizing NNI: done in 13.6999 secs using 998.6% CPU
Optimizing NNI: done in 19.8834 secs using 996.8% CPU
Optimizing NNI: done in 21.5693 secs using 998.7% CPU
Iteration 250 / LogL: -15112.330 / Time: 1h:1m:50s (0h:12m:25s left)
Log-likelihood cutoff on original alignment: -15172.821
UFBoot trees printed to iqtree_gene_trees/COG4778.ufboot
Optimizing NNI: done in 15.596 secs using 999.1% CPU
Optimizing NNI: done in 14.8311 secs using 999.1% CPU
Optimizing NNI: done in 9.12983 secs using 997.8% CPU
Optimizing NNI: done in 14.3979 secs using 998.1% CPU
Optimizing NNI: done in 12.6778 secs using 997.8% CPU
Optimizing NNI: done in 21.0038 secs using 998.5% CPU
Optimizing NNI: done in 7.12925 secs using 996.7% CPU
Optimizing NNI: done in 15.5691 secs using 999% CPU
Optimizing NNI: done in 9.92193 secs using 998.9% CPU
Optimizing NNI: done in 8.04768 secs using 996.5% CPU
Iteration 260 / LogL: -15113.951 / Time: 1h:4m:0s (0h:9m:53s left)
Optimizing NNI: done in 11.791 secs using 997.6% CPU
Optimizing NNI: done in 11.3759 secs using 998.8% CPU
Optimizing NNI: done in 15.3383 secs using 999.4% CPU
Optimizing NNI: done in 11.8127 secs using 998.9% CPU
Optimizing NNI: done in 14.9626 secs using 998.6% CPU
Optimizing NNI: done in 14.0744 secs using 997.6% CPU
Optimizing NNI: done in 12.6239 secs using 996.6% CPU
Optimizing NNI: done in 15.4932 secs using 998.4% CPU
Optimizing NNI: done in 11.5002 secs using 999.3% CPU
Optimizing NNI: done in 15.3808 secs using 998.3% CPU
Iteration 270 / LogL: -15112.845 / Time: 1h:6m:16s (0h:7m:23s left)
Optimizing NNI: done in 12.5378 secs using 997.5% CPU
Optimizing NNI: done in 14.9547 secs using 997.1% CPU
Optimizing NNI: done in 12.6705 secs using 998.9% CPU
Optimizing NNI: done in 13.9785 secs using 997.9% CPU
Optimizing NNI: done in 12.7357 secs using 998.3% CPU
Optimizing NNI: done in 18.7253 secs using 999.2% CPU
Optimizing NNI: done in 15.814 secs using 999.2% CPU
Optimizing NNI: done in 16.0012 secs using 998.1% CPU
Optimizing NNI: done in 15.8004 secs using 996.7% CPU
Optimizing NNI: done in 16.6702 secs using 998.3% CPU
Iteration 280 / LogL: -15116.013 / Time: 1h:8m:47s (0h:4m:55s left)
Optimizing NNI: done in 16.234 secs using 996.5% CPU
Optimizing NNI: done in 13.7234 secs using 995.8% CPU
Optimizing NNI: done in 12.0136 secs using 992.9% CPU
Optimizing NNI: done in 14.4244 secs using 996.1% CPU
Optimizing NNI: done in 12.8827 secs using 997.9% CPU
Optimizing NNI: done in 9.55626 secs using 996.4% CPU
Optimizing NNI: done in 11.4055 secs using 996.8% CPU
Optimizing NNI: done in 15.3918 secs using 997.7% CPU
Optimizing NNI: done in 7.43036 secs using 994.8% CPU
Optimizing NNI: done in 18.1736 secs using 997.5% CPU
Iteration 290 / LogL: -15112.338 / Time: 1h:10m:59s (0h:2m:27s left)
Optimizing NNI: done in 12.8197 secs using 996.3% CPU
Optimizing NNI: done in 12.5147 secs using 993.6% CPU
Optimizing NNI: done in 11.1085 secs using 996.2% CPU
Optimizing NNI: done in 11.8603 secs using 996.5% CPU
Optimizing NNI: done in 13.8274 secs using 996.6% CPU
Optimizing NNI: done in 10.9078 secs using 996.6% CPU
Optimizing NNI: done in 11.11 secs using 996.2% CPU
Optimizing NNI: done in 13.1898 secs using 998.4% CPU
Optimizing NNI: done in 17.0937 secs using 996.7% CPU
Optimizing NNI: done in 4.61015 secs using 997.5% CPU
Iteration 300 / LogL: -15138.154 / Time: 1h:12m:59s (0h:0m:0s left)
Log-likelihood cutoff on original alignment: -15172.821
NOTE: Bootstrap correlation coefficient of split occurrence frequencies: 0.978
NOTE: UFBoot does not converge, continue at least 100 more iterations
UFBoot trees printed to iqtree_gene_trees/COG4778.ufboot
Optimizing NNI: done in 21.4311 secs using 993.9% CPU
Optimizing NNI: done in 9.93437 secs using 995.2% CPU
Optimizing NNI: done in 13.9456 secs using 994.3% CPU
Optimizing NNI: done in 15.5972 secs using 995.2% CPU
Optimizing NNI: done in 17.8467 secs using 994.5% CPU
Optimizing NNI: done in 18.6215 secs using 997.5% CPU
Optimizing NNI: done in 15.5869 secs using 998.1% CPU
Optimizing NNI: done in 8.68698 secs using 996% CPU
Optimizing NNI: done in 21.5093 secs using 997.2% CPU
Optimizing NNI: done in 15.6148 secs using 998.6% CPU
Iteration 310 / LogL: -15116.419 / Time: 1h:15m:40s (0h:22m:2s left)
Optimizing NNI: done in 18.2782 secs using 996.8% CPU
Optimizing NNI: done in 18.2185 secs using 996.4% CPU
Optimizing NNI: done in 17.4674 secs using 994.2% CPU
Optimizing NNI: done in 11.7962 secs using 997.6% CPU
Optimizing NNI: done in 14.324 secs using 996.7% CPU
Optimizing NNI: done in 7.31193 secs using 997% CPU
Optimizing NNI: done in 8.50724 secs using 996.6% CPU
Optimizing NNI: done in 16.0821 secs using 997% CPU
Optimizing NNI: done in 14.5313 secs using 996.5% CPU
Optimizing NNI: done in 7.93701 secs using 997.8% CPU
Iteration 320 / LogL: -15112.701 / Time: 1h:17m:55s (0h:19m:32s left)
Optimizing NNI: done in 14.0619 secs using 997.9% CPU
Optimizing NNI: done in 16.964 secs using 998.4% CPU
Optimizing NNI: done in 17.051 secs using 996.6% CPU
Optimizing NNI: done in 17.7289 secs using 997.9% CPU
Optimizing NNI: done in 17.124 secs using 996.6% CPU
Optimizing NNI: done in 10.7788 secs using 996.7% CPU
Optimizing NNI: done in 14.3938 secs using 997.4% CPU
Optimizing NNI: done in 17.5676 secs using 996.5% CPU
Optimizing NNI: done in 17.44 secs using 998.3% CPU
Optimizing NNI: done in 9.9747 secs using 998% CPU
Iteration 330 / LogL: -15112.152 / Time: 1h:20m:30s (0h:17m:7s left)
Optimizing NNI: done in 11.936 secs using 998.1% CPU
Optimizing NNI: done in 10.575 secs using 998.6% CPU
Optimizing NNI: done in 12.1271 secs using 995.4% CPU
Optimizing NNI: done in 15.1593 secs using 994.5% CPU
Optimizing NNI: done in 16.6089 secs using 998.1% CPU
Optimizing NNI: done in 10.291 secs using 998.2% CPU
Optimizing NNI: done in 21.8515 secs using 997.1% CPU
Optimizing NNI: done in 17.1454 secs using 995.5% CPU
Optimizing NNI: done in 11.7944 secs using 997.5% CPU
Optimizing NNI: done in 10.9964 secs using 998.3% CPU
Iteration 340 / LogL: -15113.037 / Time: 1h:22m:49s (0h:14m:39s left)
Optimizing NNI: done in 16.0905 secs using 997.7% CPU
Optimizing NNI: done in 14.1087 secs using 997.8% CPU
Optimizing NNI: done in 14.291 secs using 997.8% CPU
Optimizing NNI: done in 12.5457 secs using 997.8% CPU
Optimizing NNI: done in 14.887 secs using 995.2% CPU
Optimizing NNI: done in 12.0313 secs using 998.5% CPU
Optimizing NNI: done in 14.0737 secs using 996.3% CPU
Optimizing NNI: done in 12.8996 secs using 995.8% CPU
Optimizing NNI: done in 11.0983 secs using 996.1% CPU
Optimizing NNI: done in 13.5274 secs using 998.7% CPU
Iteration 350 / LogL: -15112.344 / Time: 1h:25m:6s (0h:12m:11s left)
Log-likelihood cutoff on original alignment: -15172.821
UFBoot trees printed to iqtree_gene_trees/COG4778.ufboot
Optimizing NNI: done in 16.0217 secs using 998% CPU
Optimizing NNI: done in 16.4943 secs using 997.5% CPU
Optimizing NNI: done in 11.9573 secs using 998.3% CPU
Optimizing NNI: done in 21.2322 secs using 996.8% CPU
Optimizing NNI: done in 15.7166 secs using 996.1% CPU
Optimizing NNI: done in 10.3191 secs using 996.1% CPU
Optimizing NNI: done in 16.5789 secs using 996.6% CPU
Optimizing NNI: done in 10.4124 secs using 999.1% CPU
Optimizing NNI: done in 13.6611 secs using 995.7% CPU
Optimizing NNI: done in 13.4533 secs using 998% CPU
Iteration 360 / LogL: -15112.321 / Time: 1h:27m:34s (0h:9m:45s left)
Optimizing NNI: done in 14.2842 secs using 997.3% CPU
Optimizing NNI: done in 16.2009 secs using 997.2% CPU
Optimizing NNI: done in 14.0915 secs using 999.3% CPU
Optimizing NNI: done in 14.4655 secs using 998.6% CPU
Optimizing NNI: done in 12.936 secs using 996.7% CPU
Optimizing NNI: done in 16.8106 secs using 997.9% CPU
Optimizing NNI: done in 8.57507 secs using 998.3% CPU
Optimizing NNI: done in 9.22884 secs using 994.9% CPU
Optimizing NNI: done in 14.7376 secs using 998.6% CPU
Optimizing NNI: done in 13.0985 secs using 997.7% CPU
Iteration 370 / LogL: -15112.099 / Time: 1h:29m:49s (0h:7m:18s left)
Optimizing NNI: done in 20.4688 secs using 998.3% CPU
Optimizing NNI: done in 10.4953 secs using 997.2% CPU
Optimizing NNI: done in 17.7006 secs using 995.3% CPU
Optimizing NNI: done in 13.547 secs using 997.1% CPU
Optimizing NNI: done in 19.43 secs using 996.2% CPU
Optimizing NNI: done in 11.1713 secs using 997.1% CPU
Optimizing NNI: done in 14.3069 secs using 996.9% CPU
Optimizing NNI: done in 12.8138 secs using 997.6% CPU
Optimizing NNI: done in 13.9761 secs using 997.1% CPU
Optimizing NNI: done in 11.5365 secs using 998.4% CPU
Iteration 380 / LogL: -15112.321 / Time: 1h:32m:16s (0h:4m:52s left)
Optimizing NNI: done in 22.9749 secs using 997% CPU
Optimizing NNI: done in 16.8948 secs using 997.2% CPU
Optimizing NNI: done in 21.4288 secs using 997.5% CPU
Optimizing NNI: done in 16.183 secs using 997.2% CPU
Optimizing NNI: done in 15.9319 secs using 996% CPU
Optimizing NNI: done in 14.2934 secs using 996.9% CPU
Optimizing NNI: done in 11.3583 secs using 999% CPU
Optimizing NNI: done in 17.7275 secs using 997.5% CPU
Optimizing NNI: done in 11.2251 secs using 997.1% CPU
Optimizing NNI: done in 15.3145 secs using 996.1% CPU
Iteration 390 / LogL: -15112.976 / Time: 1h:35m:0s (0h:2m:26s left)
Optimizing NNI: done in 15.1606 secs using 993.6% CPU
Optimizing NNI: done in 17.1193 secs using 997.6% CPU
Optimizing NNI: done in 21.587 secs using 997.7% CPU
Optimizing NNI: done in 18.5341 secs using 997.5% CPU
Optimizing NNI: done in 14.1738 secs using 995.1% CPU
Optimizing NNI: done in 17.7057 secs using 993.8% CPU
Optimizing NNI: done in 24.1576 secs using 996.4% CPU
Optimizing NNI: done in 12.2451 secs using 995.9% CPU
Optimizing NNI: done in 14.8916 secs using 998.5% CPU
Optimizing NNI: done in 12.6404 secs using 996.2% CPU
Iteration 400 / LogL: -15112.322 / Time: 1h:37m:50s (0h:0m:0s left)
Log-likelihood cutoff on original alignment: -15172.821
NOTE: Bootstrap correlation coefficient of split occurrence frequencies: 0.995
UFBoot trees printed to iqtree_gene_trees/COG4778.ufboot
TREE SEARCH COMPLETED AFTER 400 ITERATIONS / Time: 1h:37m:50s

--------------------------------------------------------------------
|                    FINALIZING TREE SEARCH                        |
--------------------------------------------------------------------
Performs final model parameters optimization
Estimate model parameters (epsilon = 0.010)
1. Initial log-likelihood: -15112.086
Optimal log-likelihood: -15112.077
Mixture weights: 0.017 0.021 0.028 0.007 0.014 0.007 0.015 0.007 0.002 0.010 0.023 0.006 0.013 0.020 0.007 0.012 0.007 0.043 0.032 0.022 0.010 0.015 0.013 0.015 0.024 0.013 0.022 0.025 0.021 0.012 0.008 0.013 0.009 0.047 0.044 0.032 0.040 0.015 0.010 0.021 0.015 0.010 0.023 0.012 0.007 0.000 0.034 0.011 0.013 0.012 0.026 0.006 0.010 0.014 0.022 0.020 0.004 0.011 0.013 0.012
Gamma shape alpha: 0.757
Parameters optimization took 1 rounds (1.501 sec)
BEST SCORE FOUND : -15112.077
Creating bootstrap support values...
Split supports printed to NEXUS file iqtree_gene_trees/COG4778.splits.nex
Total tree length: 35.644

Total number of iterations: 400
CPU time used for tree search: 58090.500 sec (16h:8m:10s)
Wall-clock time used for tree search: 5838.106 sec (1h:37m:18s)
Total CPU time used: 58427.523 sec (16h:13m:47s)
Total wall-clock time used: 5872.425 sec (1h:37m:52s)
UFBoot trees printed to iqtree_gene_trees/COG4778.ufboot

Computing bootstrap consensus tree...
Reading input file iqtree_gene_trees/COG4778.splits.nex...
45 taxa and 820 splits.
Consensus tree written to iqtree_gene_trees/COG4778.contree
Reading input trees file iqtree_gene_trees/COG4778.contree
Log-likelihood of consensus tree: -15114.176

Analysis results written to: 
  IQ-TREE report:                iqtree_gene_trees/COG4778.iqtree
  Maximum-likelihood tree:       iqtree_gene_trees/COG4778.treefile
  Likelihood distances:          iqtree_gene_trees/COG4778.mldist

Ultrafast bootstrap approximation results written to:
  Split support values:          iqtree_gene_trees/COG4778.splits.nex
  Consensus tree:                iqtree_gene_trees/COG4778.contree
  UFBoot trees:                  iqtree_gene_trees/COG4778.ufboot
  Screen log file:               iqtree_gene_trees/COG4778.log

ALISIM COMMAND
--------------
Currently, we only support exporting AliSim commands from common models of DNA, Protein, Binary, and Morphological data. To simulate data from other models (mixture, lie-markov, etc), please refer to the User Manual of AliSim. Thanks!

Date and Time: Sun Apr  9 03:15:21 2023
