IQ-TREE multicore version 2.2.0.3 COVID-edition for Linux 64-bit built Aug  2 2022
Developed by Bui Quang Minh, James Barbetti, Nguyen Lam Tung,
Olga Chernomor, Heiko Schmidt, Dominik Schrempf, Michael Woodhams, Ly Trong Nhan.

Host:    baross.its.carleton.edu (AVX2, FMA3, 755 GB RAM)
Command: iqtree -s gene_alignments/trimv2_COG4107.afa --nmax 3000 -m MFP -bb 1000 -wbtl -ntmax 10 -nt AUTO -T 10 --prefix iqtree_gene_trees/COG4107 -madd C10,C20,C30,C40,C50,C60,EX2,EX3,EHO,UL2,UL3,EX_EHO,LG4M,LG4X,CF4,LG+C10,LG+C20,LG+C30,LG+C40,LG+C50,LG+C60 -mrate E,I,G,I+G,R
Seed:    867082 (Using SPRNG - Scalable Parallel Random Number Generator)
Time:    Sun Apr  9 04:36:53 2023
Kernel:  AVX+FMA - 10 threads (96 CPU cores detected)

Reading alignment file gene_alignments/trimv2_COG4107.afa ... Fasta format detected
Reading fasta file: done in 0.000841191 secs using 61.7% CPU
Alignment most likely contains protein sequences
Constructing alignment: done in 0.00225823 secs using 986.2% CPU
Alignment has 45 sequences with 288 columns, 256 distinct patterns
217 parsimony-informative, 23 singleton sites, 48 constant sites
                                                               Gap/Ambiguity  Composition  p-value
Analyzing sequences: done in 6.8927e-05 secs using 635.5% CPU
   1  GCF.003838225.1.Bacteria.Cyanobacteria_WP_124146790.1           11.11%    passed     63.69%
   2  GCA.002307275.1.Bacteria.Firmicutes.A_DBTX01000081.1_44          3.47%    failed      1.50%
   3  GCA.002238885.1.Bacteria.Proteobacteria_MPNF01000136.1_7         9.38%    passed     87.91%
   4  GCF.003612015.1.Bacteria.Proteobacteria_NZ_RARB01000002.1_324   12.15%    passed     91.01%
   5  GCA.000961765.1.Bacteria.Firmicutes.B_LADT01000026.1_80          2.78%    failed      3.06%
   6  GCF.000620305.1.Bacteria.Firmicutes.B_NZ_KK211100.1_852          2.43%    failed      0.36%
   7  GCF.900079095.1.Bacteria.Tectomicrobia_NZ_FKIP01000434.1_2       9.72%    passed     93.84%
   8  GCF.000264455.2.Bacteria.Proteobacteria_NC_017956.1_2115         8.33%    passed     60.64%
   9  GCA.002429065.1.Bacteria.Verrucomicrobiota_DIYN01000045.1_195    2.43%    passed     93.78%
  10  GCA.003167015.1.Bacteria.Bacteroidota_PMUF01000137.1_3           3.82%    passed     97.63%
  11  GCF.000092905.1.Bacteria.Firmicutes_NC_014098.1_3100             2.43%    passed     51.87%
  12  GCF.003173035.1.Bacteria.Proteobacteria_NZ_QGLE01000007.1_161    9.72%    passed     18.36%
  13  GCF.000316115.1.Bacteria.Cyanobacteria_NZ_JH993797.1_5633       11.11%    passed     97.62%
  14  GCF.900167455.1.Bacteria.Proteobacteria_NZ_FUWJ01000008.1_23    10.76%    passed     96.62%
  15  GCA.002709155.1.Bacteria.Proteobacteria_PAQA01000027.1_18        9.38%    passed     34.47%
  16  GCF.001613805.1.Bacteria.Proteobacteria_NZ_LPVY01000023.1_21     9.72%    passed     99.05%
  17  GCF.000315795.1.Bacteria.Proteobacteria_NZ_ANHY01000007.1_243    8.33%    passed     46.43%
  18  GCF.000473895.1.Bacteria.Cyanobacteria_NZ_ASSJ01000004.1_14      8.68%    passed     33.98%
  19  GCA.003280605.1.Bacteria.Proteobacteria_QCEM01000079.1_3        10.07%    passed     90.59%
  20  GCF.900142265.1.Bacteria.Firmicutes.A_NZ_FRAH01000025.1_39       4.51%    passed      7.84%
  21  GCA.003167475.1.Bacteria.Goldbacteria_PMTB01000098.1_44          3.47%    failed      0.00%
  22  GCF.900172325.1.Bacteria.Proteobacteria_NZ_FWFR01000004.1_219    9.38%    passed     71.73%
  23  GCF.900102465.1.Bacteria.Proteobacteria_NZ_FNBW01000001.1_144    8.33%    passed     84.74%
  24  GCF.003258945.1.Bacteria.Proteobacteria_NZ_QLIX01000002.1_252    8.33%    failed      0.39%
  25  GCF.003052605.1.Bacteria.Proteobacteria_NZ_QASO01000107.1_11     8.33%    passed     45.54%
  26  GCA.002347925.1.Bacteria.Chloroflexota_DDYL01000180.1_34         2.43%    passed     46.14%
  27  GCF.006980715.1.Bacteria.Proteobacteria_NZ_SBHN01000008.1_7      9.38%    passed     67.74%
  28  GCF.002148795.1.Bacteria.Proteobacteria_NZ_MPOB01000004.1_210   11.11%    passed     93.67%
  29  GCA.002840095.1.Bacteria.Proteobacteria_PGZL01000006.1_127       4.17%    passed     94.39%
  30  GCA.003023725.1.Bacteria.Firmicutes.E_PXYT01000025.1_15          5.90%    passed     90.59%
  31  GCA.006969625.1.Bacteria.Proteobacteria_CP030885.1_2286          8.33%    passed     77.15%
  32  GCA.002292925.1.Bacteria.Chloroflexota_DBCF01000014.1_25         2.78%    passed     96.48%
  33  GCF.001618145.1.Bacteria.Firmicutes_NZ_LQNF01000013.1_9          3.12%    failed      1.12%
  34  GCF.001611275.1.Bacteria.Desulfobacterota_NZ_CP015080.1_3321     3.47%    passed     96.97%
  35  GCA.002428295.1.Bacteria.Caldisericota_DIVS01000112.1_1          2.78%    failed      0.11%
  36  GCA.007244385.1.Bacteria.Desulfobacterota_SCVX01000030.1_137    10.07%    passed     89.33%
  37  GCF.900142995.1.Bacteria.Firmicutes.A_NZ_FRCR01000013.1_22       2.78%    passed      5.33%
  38  GCA.002414805.1.Bacteria.Fibrobacterota_DIAU01000057.1_10        3.47%    passed     64.49%
  39  GCA.002436065.1.Bacteria.Chloroflexota_DIXP01000089.1_44         9.03%    passed     82.45%
  40  Nostoc.sp.PCC7120_WP_010996376.1                                10.76%    passed     98.62%
  41  GCA.002796975.1.Bacteria.Proteobacteria_PEKV01000013.1_10        9.03%    passed     80.17%
  42  GCA.002347095.1.Bacteria.Desulfobacterota_DDWZ01000028.1_157     3.82%    passed     97.95%
  43  GCA.000961655.1.Bacteria.Desulfobacterota_LADR01000024.1_300     3.82%    passed     88.37%
  44  GCF.002257705.1.Bacteria.Firmicutes.C_NZ_LSLK01000059.1_461      2.78%    passed     76.38%
  45  GCF.002798435.1.Bacteria.Proteobacteria_WP_109795442.1          10.07%    passed     95.64%
****  TOTAL                                                            6.83%  7 sequences failed composition chi2 test (p-value<5%; df=19)
Checking for duplicate sequences: done in 0.000662905 secs using 678.2% CPU


Create initial parsimony tree by phylogenetic likelihood library (PLL)... 0.016 seconds
Perform fast likelihood tree search using LG+I+G model...
Estimate model parameters (epsilon = 5.000)
Perform nearest neighbor interchange...
Optimizing NNI: done in 0.232346 secs using 995.4% CPU
Estimate model parameters (epsilon = 1.000)
1. Initial log-likelihood: -13501.043
Optimal log-likelihood: -13499.978
Proportion of invariable sites: 0.130
Gamma shape alpha: 0.862
Parameters optimization took 1 rounds (0.082 sec)
Time for fast ML tree search: 0.513 seconds

NOTE: ModelFinder requires 20 MB RAM!
ModelFinder will test up to 749 protein models (sample size: 288) ...
 No. Model         -LnL         df  AIC          AICc         BIC
  1  LG            14837.455    87  29848.910    29925.470    30167.587
  2  LG+I          14366.896    88  28909.791    28988.505    29232.132
  3  LG+G4         13513.945    88  27203.891    27282.604    27526.231
  4  LG+I+G4       13499.767    89  27177.534    27258.443    27503.538
  5  LG+R2         13771.455    89  27720.910    27801.819    28046.913
  6  LG+R3         13552.667    91  27287.333    27372.762    27620.663
  7  LG+R4         13505.997    93  27197.993    27288.117    27538.649
  8  LG+R5         13493.522    95  27177.045    27272.045    27525.026
  9  LG+R6         13491.845    97  27177.690    27277.753    27532.997
 14  LG+F          14804.041    106 29820.081    29945.407    30208.355
 15  LG+F+I        14350.454    107 28914.909    29043.309    29306.845
 16  LG+F+G4       13486.354    107 27186.708    27315.108    27578.645
 17  LG+F+I+G4     13475.520    108 27167.040    27298.571    27562.640
 18  LG+F+R2       13737.032    108 27690.065    27821.595    28085.664
 19  LG+F+R3       13521.316    110 27262.632    27400.598    27665.558
 20  LG+F+R4       13481.020    112 27186.040    27330.680    27596.291
 21  LG+F+R5       13468.083    114 27164.167    27315.728    27581.744
 22  LG+F+R6       13466.181    116 27164.362    27323.099    27589.266
 27  WAG           14793.328    87  29760.657    29837.217    30079.335
 28  WAG+I         14306.975    88  28789.950    28868.664    29112.291
 29  WAG+G4        13631.275    88  27438.549    27517.263    27760.890
 30  WAG+I+G4      13610.896    89  27399.792    27480.702    27725.796
 31  WAG+R2        13867.621    89  27913.242    27994.151    28239.245
 32  WAG+R3        13658.681    91  27499.361    27584.790    27832.691
 33  WAG+R4        13621.437    93  27428.873    27518.997    27769.528
 34  WAG+R5        13607.666    95  27405.333    27500.333    27753.314
 35  WAG+R6        13606.691    97  27407.382    27507.445    27762.689
 40  WAG+F         14748.567    106 29709.133    29834.459    30097.407
 41  WAG+F+I       14274.314    107 28762.627    28891.027    29154.564
 42  WAG+F+G4      13566.378    107 27346.755    27475.155    27738.692
 43  WAG+F+I+G4    13551.552    108 27319.104    27450.635    27714.704
 44  WAG+F+R2      13807.034    108 27830.067    27961.598    28225.667
 45  WAG+F+R3      13593.088    110 27406.175    27544.141    27809.101
 46  WAG+F+R4      13557.409    112 27338.817    27483.457    27749.069
 47  WAG+F+R5      13545.992    114 27319.983    27471.544    27737.561
 48  WAG+F+R6      13545.390    116 27322.781    27481.518    27747.684
 53  JTT           14985.333    87  30144.666    30221.226    30463.343
 54  JTT+I         14498.086    88  29172.172    29250.885    29494.512
 55  JTT+G4        13724.502    88  27625.004    27703.718    27947.345
 56  JTT+I+G4      13706.345    89  27590.691    27671.600    27916.694
 57  JTT+R2        13980.495    89  28138.990    28219.899    28464.994
 58  JTT+R3        13762.188    91  27706.376    27791.804    28039.705
 59  JTT+R4        13715.488    93  27616.975    27707.099    27957.631
 60  JTT+R5        13702.563    95  27595.127    27690.127    27943.108
 61  JTT+R6        13702.651    97  27599.301    27699.364    27954.608
 66  JTT+F         14977.842    106 30167.685    30293.011    30555.959
 67  JTT+F+I       14495.728    107 29205.455    29333.855    29597.392
 68  JTT+F+G4      13703.311    107 27620.622    27749.022    28012.559
 69  JTT+F+I+G4    13690.701    108 27597.402    27728.933    27993.002
 70  JTT+F+R2      13961.323    108 28138.647    28270.177    28534.246
 71  JTT+F+R3      13738.689    110 27697.379    27835.345    28100.304
 72  JTT+F+R4      13697.169    112 27618.338    27762.978    28028.590
 73  JTT+F+R5      13686.441    114 27600.882    27752.442    28018.459
 74  JTT+F+R6      13685.863    116 27603.725    27762.462    28028.629
WARNING: Normalizing state frequencies so that sum of them equals to 1
 79  Q.pfam        14817.006    87  29808.011    29884.571    30126.689
WARNING: Normalizing state frequencies so that sum of them equals to 1
 80  Q.pfam+I      14351.044    88  28878.089    28956.802    29200.429
WARNING: Normalizing state frequencies so that sum of them equals to 1
 81  Q.pfam+G4     13497.129    88  27170.257    27248.971    27492.598
WARNING: Normalizing state frequencies so that sum of them equals to 1
 82  Q.pfam+I+G4   13485.373    89  27148.747    27229.656    27474.750
WARNING: Normalizing state frequencies so that sum of them equals to 1
 83  Q.pfam+R2     13754.390    89  27686.780    27767.689    28012.783
WARNING: Normalizing state frequencies so that sum of them equals to 1
 84  Q.pfam+R3     13538.484    91  27258.969    27344.397    27592.298
WARNING: Normalizing state frequencies so that sum of them equals to 1
 85  Q.pfam+R4     13490.098    93  27166.195    27256.319    27506.851
WARNING: Normalizing state frequencies so that sum of them equals to 1
 86  Q.pfam+R5     13478.819    95  27147.638    27242.638    27495.619
WARNING: Normalizing state frequencies so that sum of them equals to 1
 87  Q.pfam+R6     13477.891    97  27149.783    27249.846    27505.090
WARNING: Normalizing state frequencies so that sum of them equals to 1
 92  Q.pfam+F      14842.215    106 29896.430    30021.756    30284.704
WARNING: Normalizing state frequencies so that sum of them equals to 1
 93  Q.pfam+F+I    14396.752    107 29007.503    29135.903    29399.440
WARNING: Normalizing state frequencies so that sum of them equals to 1
 94  Q.pfam+F+G4   13507.348    107 27228.696    27357.096    27620.632
WARNING: Normalizing state frequencies so that sum of them equals to 1
 95  Q.pfam+F+I+G4 13499.250    108 27214.500    27346.030    27610.099
WARNING: Normalizing state frequencies so that sum of them equals to 1
 96  Q.pfam+F+R2   13759.343    108 27734.686    27866.217    28130.286
WARNING: Normalizing state frequencies so that sum of them equals to 1
 97  Q.pfam+F+R3   13548.506    110 27317.013    27454.979    27719.938
WARNING: Normalizing state frequencies so that sum of them equals to 1
 98  Q.pfam+F+R4   13501.655    112 27227.311    27371.951    27637.562
WARNING: Normalizing state frequencies so that sum of them equals to 1
 99  Q.pfam+F+R5   13492.429    114 27212.858    27364.418    27630.435
WARNING: Normalizing state frequencies so that sum of them equals to 1
100  Q.pfam+F+R6   13490.769    116 27213.537    27372.274    27638.440
WARNING: Normalizing state frequencies so that sum of them equals to 1
105  Q.bird        15543.980    87  31261.959    31338.519    31580.637
WARNING: Normalizing state frequencies so that sum of them equals to 1
106  Q.bird+I      15049.982    88  30275.963    30354.677    30598.304
WARNING: Normalizing state frequencies so that sum of them equals to 1
107  Q.bird+G4     14009.761    88  28195.523    28274.236    28517.863
WARNING: Normalizing state frequencies so that sum of them equals to 1
108  Q.bird+I+G4   13996.100    89  28170.200    28251.109    28496.203
WARNING: Normalizing state frequencies so that sum of them equals to 1
109  Q.bird+R2     14290.788    89  28759.577    28840.486    29085.580
WARNING: Normalizing state frequencies so that sum of them equals to 1
110  Q.bird+R3     14057.638    91  28297.277    28382.706    28630.606
WARNING: Normalizing state frequencies so that sum of them equals to 1
111  Q.bird+R4     13993.894    93  28173.788    28263.912    28514.443
WARNING: Normalizing state frequencies so that sum of them equals to 1
112  Q.bird+R5     13983.557    95  28157.115    28252.115    28505.096
WARNING: Normalizing state frequencies so that sum of them equals to 1
113  Q.bird+R6     13977.303    97  28148.606    28248.670    28503.914
WARNING: Normalizing state frequencies so that sum of them equals to 1
114  Q.bird+R7     13977.293    99  28152.586    28257.905    28515.219
WARNING: Normalizing state frequencies so that sum of them equals to 1
118  Q.bird+F      15631.121    106 31474.243    31599.569    31862.517
WARNING: Normalizing state frequencies so that sum of them equals to 1
119  Q.bird+F+I    15137.070    107 30488.140    30616.540    30880.076
WARNING: Normalizing state frequencies so that sum of them equals to 1
120  Q.bird+F+G4   14012.991    107 28239.981    28368.381    28631.918
WARNING: Normalizing state frequencies so that sum of them equals to 1
121  Q.bird+F+I+G4 14005.678    108 28227.357    28358.887    28622.956
WARNING: Normalizing state frequencies so that sum of them equals to 1
122  Q.bird+F+R2   14300.229    108 28816.459    28947.989    29212.058
WARNING: Normalizing state frequencies so that sum of them equals to 1
123  Q.bird+F+R3   14066.555    110 28353.110    28491.076    28756.036
WARNING: Normalizing state frequencies so that sum of them equals to 1
124  Q.bird+F+R4   14004.663    112 28233.326    28377.966    28643.578
WARNING: Normalizing state frequencies so that sum of them equals to 1
125  Q.bird+F+R5   13993.284    114 28214.568    28366.129    28632.146
WARNING: Normalizing state frequencies so that sum of them equals to 1
126  Q.bird+F+R6   13987.473    116 28206.946    28365.683    28631.850
WARNING: Normalizing state frequencies so that sum of them equals to 1
127  Q.bird+F+R7   13987.451    118 28210.903    28377.080    28643.132
WARNING: Normalizing state frequencies so that sum of them equals to 1
131  Q.mammal      15308.965    87  30791.931    30868.491    31110.609
WARNING: Normalizing state frequencies so that sum of them equals to 1
132  Q.mammal+I    14836.827    88  29849.654    29928.368    30171.995
WARNING: Normalizing state frequencies so that sum of them equals to 1
133  Q.mammal+G4   13898.512    88  27973.023    28051.737    28295.364
WARNING: Normalizing state frequencies so that sum of them equals to 1
134  Q.mammal+I+G4 13884.622    89  27947.245    28028.154    28273.248
WARNING: Normalizing state frequencies so that sum of them equals to 1
135  Q.mammal+R2   14161.121    89  28500.242    28581.152    28826.246
WARNING: Normalizing state frequencies so that sum of them equals to 1
136  Q.mammal+R3   13939.677    91  28061.354    28146.783    28394.684
WARNING: Normalizing state frequencies so that sum of them equals to 1
137  Q.mammal+R4   13883.203    93  27952.406    28042.529    28293.061
WARNING: Normalizing state frequencies so that sum of them equals to 1
138  Q.mammal+R5   13874.336    95  27938.672    28033.672    28286.653
WARNING: Normalizing state frequencies so that sum of them equals to 1
139  Q.mammal+R6   13867.982    97  27929.964    28030.027    28285.271
WARNING: Normalizing state frequencies so that sum of them equals to 1
140  Q.mammal+R7   13867.980    99  27933.960    28039.279    28296.593
WARNING: Normalizing state frequencies so that sum of them equals to 1
144  Q.mammal+F    15383.006    106 30978.011    31103.337    31366.285
WARNING: Normalizing state frequencies so that sum of them equals to 1
145  Q.mammal+F+I  14912.597    107 30039.195    30167.595    30431.132
WARNING: Normalizing state frequencies so that sum of them equals to 1
146  Q.mammal+F+G4 13896.511    107 28007.021    28135.421    28398.958
WARNING: Normalizing state frequencies so that sum of them equals to 1
147  Q.mammal+F+I+G4 13889.745    108 27995.489    28127.020    28391.089
WARNING: Normalizing state frequencies so that sum of them equals to 1
148  Q.mammal+F+R2 14164.440    108 28544.880    28676.411    28940.480
WARNING: Normalizing state frequencies so that sum of them equals to 1
149  Q.mammal+F+R3 13944.685    110 28109.370    28247.336    28512.295
WARNING: Normalizing state frequencies so that sum of them equals to 1
150  Q.mammal+F+R4 13888.711    112 28001.423    28146.063    28411.674
WARNING: Normalizing state frequencies so that sum of them equals to 1
151  Q.mammal+F+R5 13878.981    114 27985.962    28137.522    28403.539
WARNING: Normalizing state frequencies so that sum of them equals to 1
152  Q.mammal+F+R6 13873.663    116 27979.326    28138.063    28404.230
157  Q.insect      14969.152    87  30112.305    30188.865    30430.982
158  Q.insect+I    14494.007    88  29164.014    29242.728    29486.355
159  Q.insect+G4   13628.615    88  27433.230    27511.944    27755.571
160  Q.insect+I+G4 13610.045    89  27398.090    27478.999    27724.094
161  Q.insect+R2   13884.003    89  27946.006    28026.915    28272.010
162  Q.insect+R3   13666.170    91  27514.340    27599.768    27847.669
163  Q.insect+R4   13613.110    93  27412.221    27502.344    27752.876
164  Q.insect+R5   13601.489    95  27392.977    27487.977    27740.959
165  Q.insect+R6   13601.315    97  27396.630    27496.693    27751.937
170  Q.insect+F    14908.513    106 30029.026    30154.352    30417.299
171  Q.insect+F+I  14438.791    107 29091.583    29219.983    29483.520
172  Q.insect+F+G4 13569.964    107 27353.928    27482.328    27745.864
173  Q.insect+F+I+G4 13556.566    108 27329.132    27460.662    27724.731
174  Q.insect+F+R2 13830.705    108 27877.409    28008.940    28273.009
175  Q.insect+F+R3 13609.209    110 27438.418    27576.385    27841.344
176  Q.insect+F+R4 13561.992    112 27347.984    27492.624    27758.236
177  Q.insect+F+R5 13549.319    114 27326.639    27478.200    27744.216
178  Q.insect+F+R6 13549.374    116 27330.747    27489.484    27755.650
WARNING: Normalizing state frequencies so that sum of them equals to 1
183  Q.plant       15248.968    87  30671.937    30748.497    30990.614
WARNING: Normalizing state frequencies so that sum of them equals to 1
184  Q.plant+I     14759.463    88  29694.926    29773.640    30017.267
WARNING: Normalizing state frequencies so that sum of them equals to 1
185  Q.plant+G4    13746.738    88  27669.477    27748.190    27991.817
WARNING: Normalizing state frequencies so that sum of them equals to 1
186  Q.plant+I+G4  13730.281    89  27638.562    27719.471    27964.566
WARNING: Normalizing state frequencies so that sum of them equals to 1
187  Q.plant+R2    14023.158    89  28224.317    28305.226    28550.320
WARNING: Normalizing state frequencies so that sum of them equals to 1
188  Q.plant+R3    13794.380    91  27770.761    27856.190    28104.090
WARNING: Normalizing state frequencies so that sum of them equals to 1
189  Q.plant+R4    13730.314    93  27646.629    27736.753    27987.284
WARNING: Normalizing state frequencies so that sum of them equals to 1
190  Q.plant+R5    13717.574    95  27625.148    27720.148    27973.130
WARNING: Normalizing state frequencies so that sum of them equals to 1
191  Q.plant+R6    13715.331    97  27624.662    27724.725    27979.969
WARNING: Normalizing state frequencies so that sum of them equals to 1
196  Q.plant+F     15215.768    106 30643.535    30768.861    31031.809
WARNING: Normalizing state frequencies so that sum of them equals to 1
197  Q.plant+F+I   14724.824    107 29663.648    29792.048    30055.585
WARNING: Normalizing state frequencies so that sum of them equals to 1
198  Q.plant+F+G4  13709.698    107 27633.396    27761.796    28025.333
WARNING: Normalizing state frequencies so that sum of them equals to 1
199  Q.plant+F+I+G4 13697.385    108 27610.771    27742.302    28006.371
WARNING: Normalizing state frequencies so that sum of them equals to 1
200  Q.plant+F+R2  13986.930    108 28189.861    28321.392    28585.461
WARNING: Normalizing state frequencies so that sum of them equals to 1
201  Q.plant+F+R3  13755.439    110 27730.878    27868.844    28133.803
WARNING: Normalizing state frequencies so that sum of them equals to 1
202  Q.plant+F+R4  13700.081    112 27624.162    27768.802    28034.413
WARNING: Normalizing state frequencies so that sum of them equals to 1
203  Q.plant+F+R5  13687.089    114 27602.177    27753.738    28019.755
WARNING: Normalizing state frequencies so that sum of them equals to 1
204  Q.plant+F+R6  13683.000    116 27598.001    27756.738    28022.904
WARNING: Normalizing state frequencies so that sum of them equals to 1
209  Q.yeast       15008.111    87  30190.222    30266.782    30508.899
WARNING: Normalizing state frequencies so that sum of them equals to 1
210  Q.yeast+I     14531.182    88  29238.365    29317.078    29560.705
WARNING: Normalizing state frequencies so that sum of them equals to 1
211  Q.yeast+G4    13645.692    88  27467.384    27546.098    27789.725
WARNING: Normalizing state frequencies so that sum of them equals to 1
212  Q.yeast+I+G4  13629.528    89  27437.057    27517.966    27763.060
WARNING: Normalizing state frequencies so that sum of them equals to 1
213  Q.yeast+R2    13904.556    89  27987.111    28068.020    28313.115
WARNING: Normalizing state frequencies so that sum of them equals to 1
214  Q.yeast+R3    13688.819    91  27559.639    27645.068    27892.968
WARNING: Normalizing state frequencies so that sum of them equals to 1
215  Q.yeast+R4    13634.061    93  27454.122    27544.246    27794.777
WARNING: Normalizing state frequencies so that sum of them equals to 1
216  Q.yeast+R5    13621.690    95  27433.380    27528.380    27781.361
WARNING: Normalizing state frequencies so that sum of them equals to 1
217  Q.yeast+R6    13621.566    97  27437.133    27537.196    27792.440
WARNING: Normalizing state frequencies so that sum of them equals to 1
222  Q.yeast+F     14890.578    106 29993.155    30118.481    30381.429
WARNING: Normalizing state frequencies so that sum of them equals to 1
223  Q.yeast+F+I   14425.456    107 29064.912    29193.312    29456.849
WARNING: Normalizing state frequencies so that sum of them equals to 1
224  Q.yeast+F+G4  13529.846    107 27273.692    27402.092    27665.629
WARNING: Normalizing state frequencies so that sum of them equals to 1
225  Q.yeast+F+I+G4 13519.539    108 27255.078    27386.608    27650.677
WARNING: Normalizing state frequencies so that sum of them equals to 1
226  Q.yeast+F+R2  13793.354    108 27802.709    27934.240    28198.309
WARNING: Normalizing state frequencies so that sum of them equals to 1
227  Q.yeast+F+R3  13572.315    110 27364.629    27502.596    27767.555
WARNING: Normalizing state frequencies so that sum of them equals to 1
228  Q.yeast+F+R4  13524.129    112 27272.257    27416.897    27682.509
WARNING: Normalizing state frequencies so that sum of them equals to 1
229  Q.yeast+F+R5  13513.235    114 27254.469    27406.030    27672.047
WARNING: Normalizing state frequencies so that sum of them equals to 1
230  Q.yeast+F+R6  13513.175    116 27258.349    27417.086    27683.253
235  JTTDCMut      14981.566    87  30137.132    30213.692    30455.809
236  JTTDCMut+I    14495.073    88  29166.146    29244.860    29488.487
237  JTTDCMut+G4   13726.830    88  27629.660    27708.373    27952.000
238  JTTDCMut+I+G4 13708.101    89  27594.203    27675.112    27920.206
239  JTTDCMut+R2   13983.173    89  28144.345    28225.255    28470.349
240  JTTDCMut+R3   13764.893    91  27711.787    27797.215    28045.116
241  JTTDCMut+R4   13717.545    93  27621.090    27711.214    27961.746
242  JTTDCMut+R5   13704.561    95  27599.123    27694.123    27947.104
243  JTTDCMut+R6   13704.621    97  27603.243    27703.306    27958.550
248  JTTDCMut+F    14968.686    106 30149.371    30274.697    30537.645
249  JTTDCMut+F+I  14487.581    107 29189.161    29317.561    29581.098
250  JTTDCMut+F+G4 13698.962    107 27611.925    27740.325    28003.861
251  JTTDCMut+F+I+G4 13685.834    108 27587.668    27719.199    27983.268
252  JTTDCMut+F+R2 13957.309    108 28130.618    28262.149    28526.218
253  JTTDCMut+F+R3 13734.419    110 27688.838    27826.804    28091.764
254  JTTDCMut+F+R4 13692.695    112 27609.391    27754.031    28019.642
255  JTTDCMut+F+R5 13681.753    114 27591.506    27743.067    28009.084
256  JTTDCMut+F+R6 13681.207    116 27594.413    27753.150    28019.317
261  DCMut         15159.236    87  30492.472    30569.032    30811.149
262  DCMut+I       14607.699    88  29391.398    29470.111    29713.738
263  DCMut+G4      13866.184    88  27908.368    27987.081    28230.708
264  DCMut+I+G4    13838.896    89  27855.792    27936.702    28181.796
265  DCMut+R2      14138.434    89  28454.867    28535.776    28780.871
266  DCMut+R3      13904.991    91  27991.982    28077.410    28325.311
267  DCMut+R4      13853.539    93  27893.078    27983.202    28233.734
268  DCMut+R5      13836.687    95  27863.374    27958.374    28211.355
269  DCMut+R6      13836.340    97  27866.680    27966.743    28221.988
274  DCMut+F       15071.646    106 30355.291    30480.617    30743.565
275  DCMut+F+I     14527.347    107 29268.694    29397.094    29660.631
276  DCMut+F+G4    13734.680    107 27683.361    27811.761    28075.297
277  DCMut+F+I+G4  13711.947    108 27639.894    27771.425    28035.494
278  DCMut+F+R2    14019.216    108 28254.433    28385.964    28650.033
279  DCMut+F+R3    13776.040    110 27772.079    27910.045    28175.005
280  DCMut+F+R4    13725.380    112 27674.759    27819.399    28085.011
281  DCMut+F+R5    13709.546    114 27647.092    27798.652    28064.669
282  DCMut+F+R6    13709.319    116 27650.638    27809.375    28075.542
287  VT            14782.375    87  29738.750    29815.310    30057.427
288  VT+I          14320.095    88  28816.191    28894.904    29138.531
289  VT+G4         13642.285    88  27460.570    27539.284    27782.911
290  VT+I+G4       13627.256    89  27432.512    27513.421    27758.516
291  VT+R2         13872.784    89  27923.569    28004.478    28249.572
292  VT+R3         13669.949    91  27521.898    27607.327    27855.228
293  VT+R4         13633.263    93  27452.526    27542.649    27793.181
294  VT+R5         13624.674    95  27439.348    27534.348    27787.329
295  VT+R6         13624.517    97  27443.033    27543.096    27798.340
300  VT+F          14756.962    106 29725.925    29851.251    30114.199
301  VT+F+I        14306.342    107 28826.684    28955.084    29218.620
302  VT+F+G4       13622.948    107 27459.897    27588.297    27851.834
303  VT+F+I+G4     13610.880    108 27437.759    27569.290    27833.359
304  VT+F+R2       13854.170    108 27924.339    28055.870    28319.939
305  VT+F+R3       13648.445    110 27516.890    27654.856    27919.816
306  VT+F+R4       13614.438    112 27452.876    27597.516    27863.128
307  VT+F+R5       13607.926    114 27443.852    27595.412    27861.429
308  VT+F+R6       13607.794    116 27447.587    27606.324    27872.491
313  PMB           14855.839    87  29885.679    29962.239    30204.356
314  PMB+I         14412.377    88  29000.753    29079.467    29323.094
315  PMB+G4        13716.114    88  27608.228    27686.942    27930.569
316  PMB+I+G4      13703.610    89  27585.219    27666.128    27911.223
317  PMB+R2        13938.421    89  28054.842    28135.751    28380.845
318  PMB+R3        13743.118    91  27668.235    27753.664    28001.565
319  PMB+R4        13708.273    93  27602.545    27692.669    27943.201
320  PMB+R5        13700.839    95  27591.677    27686.677    27939.658
321  PMB+R6        13698.318    97  27590.635    27690.699    27945.943
326  PMB+F         14831.167    106 29874.334    29999.660    30262.608
327  PMB+F+I       14389.541    107 28993.083    29121.483    29385.019
328  PMB+F+G4      13694.051    107 27602.101    27730.501    27994.038
329  PMB+F+I+G4    13682.929    108 27581.859    27713.389    27977.458
330  PMB+F+R2      13919.391    108 28054.782    28186.313    28450.382
331  PMB+F+R3      13718.873    110 27657.747    27795.713    28060.672
332  PMB+F+R4      13686.368    112 27596.736    27741.376    28006.988
333  PMB+F+R5      13678.924    114 27585.849    27737.409    28003.426
334  PMB+F+R6      13677.323    116 27586.646    27745.383    28011.549
339  Blosum62      14856.839    87  29887.677    29964.237    30206.355
340  Blosum62+I    14409.340    88  28994.680    29073.394    29317.021
341  Blosum62+G4   13698.129    88  27572.258    27650.972    27894.599
342  Blosum62+I+G4 13686.569    89  27551.137    27632.046    27877.141
343  Blosum62+R2   13925.491    89  28028.981    28109.890    28354.985
344  Blosum62+R3   13726.371    91  27634.743    27720.171    27968.072
345  Blosum62+R4   13690.528    93  27567.056    27657.180    27907.712
346  Blosum62+R5   13684.281    95  27558.561    27653.561    27906.543
347  Blosum62+R6   13681.724    97  27557.449    27657.512    27912.756
352  Blosum62+F    14820.577    106 29853.154    29978.480    30241.428
353  Blosum62+F+I  14376.123    107 28966.246    29094.646    29358.183
354  Blosum62+F+G4 13670.372    107 27554.744    27683.144    27946.681
355  Blosum62+F+I+G4 13659.737    108 27535.475    27667.006    27931.075
356  Blosum62+F+R2 13900.673    108 28017.345    28148.876    28412.945
357  Blosum62+F+R3 13694.850    110 27609.701    27747.667    28012.626
358  Blosum62+F+R4 13662.879    112 27549.758    27694.398    27960.010
359  Blosum62+F+R5 13655.578    114 27539.157    27690.717    27956.734
360  Blosum62+F+R6 13654.524    116 27541.049    27699.786    27965.952
365  Dayhoff       15159.499    87  30492.997    30569.557    30811.675
366  Dayhoff+I     14607.594    88  29391.187    29469.901    29713.528
367  Dayhoff+G4    13865.462    88  27906.924    27985.638    28229.265
368  Dayhoff+I+G4  13838.099    89  27854.198    27935.107    28180.201
369  Dayhoff+R2    14137.934    89  28453.868    28534.777    28779.872
370  Dayhoff+R3    13904.184    91  27990.368    28075.797    28323.697
371  Dayhoff+R4    13852.793    93  27891.586    27981.709    28232.241
372  Dayhoff+R5    13835.891    95  27861.781    27956.781    28209.763
373  Dayhoff+R6    13835.532    97  27865.063    27965.127    28220.371
378  Dayhoff+F     15072.388    106 30356.776    30482.102    30745.049
379  Dayhoff+F+I   14527.630    107 29269.259    29397.659    29661.196
380  Dayhoff+F+G4  13733.970    107 27681.940    27810.340    28073.877
381  Dayhoff+F+I+G4 13711.227    108 27638.453    27769.984    28034.053
382  Dayhoff+F+R2  14018.906    108 28253.812    28385.343    28649.412
383  Dayhoff+F+R3  13775.374    110 27770.747    27908.713    28173.673
384  Dayhoff+F+R4  13724.720    112 27673.440    27818.080    28083.692
385  Dayhoff+F+R5  13708.801    114 27645.601    27797.162    28063.179
386  Dayhoff+F+R6  13708.595    116 27649.189    27807.926    28074.092
391  mtREV         16342.195    87  32858.391    32934.951    33177.068
392  mtREV+I       15910.671    88  31997.342    32076.055    32319.682
393  mtREV+G4      14472.683    88  29121.365    29200.079    29443.706
394  mtREV+I+G4    14465.659    89  29109.319    29190.228    29435.322
395  mtREV+R2      14794.114    89  29766.227    29847.136    30092.231
396  mtREV+R3      14545.494    91  29272.987    29358.416    29606.317
397  mtREV+R4      14468.470    93  29122.940    29213.064    29463.595
398  mtREV+R5      14440.265    95  29070.530    29165.530    29418.511
399  mtREV+R6      14437.725    97  29069.450    29169.513    29424.757
404  mtREV+F       15504.819    106 31221.638    31346.964    31609.912
405  mtREV+F+I     15040.723    107 30295.447    30423.847    30687.384
406  mtREV+F+G4    13905.722    107 28025.444    28153.844    28417.381
407  mtREV+F+I+G4  13900.772    108 28017.544    28149.074    28413.143
408  mtREV+F+R2    14201.786    108 28619.573    28751.104    29015.173
409  mtREV+F+R3    13959.975    110 28139.950    28277.916    28542.875
410  mtREV+F+R4    13900.046    112 28024.093    28168.733    28434.344
411  mtREV+F+R5    13881.782    114 27991.565    28143.125    28409.142
412  mtREV+F+R6    13876.011    116 27984.023    28142.760    28408.926
413  mtREV+F+R7    13875.973    118 27987.946    28154.123    28420.175
417  mtART         17251.313    87  34676.626    34753.186    34995.303
418  mtART+I       16797.955    88  33771.909    33850.623    34094.250
419  mtART+G4      14686.847    88  29549.695    29628.408    29872.035
420  mtART+I+G4    14688.735    89  29555.470    29636.379    29881.473
421  mtART+R2      15030.147    89  30238.294    30319.203    30564.298
422  mtART+R3      14757.747    91  29697.495    29782.923    30030.824
423  mtART+R4      14677.760    93  29541.520    29631.643    29882.175
424  mtART+R5      14647.016    95  29484.032    29579.032    29832.014
425  mtART+R6      14622.018    97  29438.035    29538.098    29793.342
426  mtART+R7      14621.541    99  29441.083    29546.402    29803.716
430  mtART+F       16216.596    106 32645.192    32770.518    33033.465
431  mtART+F+I     15719.962    107 31653.924    31782.324    32045.861
432  mtART+F+G4    14051.879    107 28317.757    28446.157    28709.694
433  mtART+F+I+G4  14051.946    108 28319.892    28451.423    28715.492
434  mtART+F+R2    14390.056    108 28996.111    29127.642    29391.711
435  mtART+F+R3    14127.148    110 28474.296    28612.262    28877.222
436  mtART+F+R4    14044.875    112 28313.751    28458.391    28724.002
437  mtART+F+R5    14020.327    114 28268.654    28420.214    28686.231
438  mtART+F+R6    14008.020    116 28248.040    28406.777    28672.943
439  mtART+F+R7    14005.436    118 28246.873    28413.050    28679.102
443  mtZOA         16406.980    87  32987.960    33064.520    33306.638
444  mtZOA+I       15974.311    88  32124.623    32203.336    32446.963
445  mtZOA+G4      14272.480    88  28720.959    28799.673    29043.300
446  mtZOA+I+G4    14274.022    89  28726.045    28806.954    29052.048
447  mtZOA+R2      14582.542    89  29343.084    29423.993    29669.088
448  mtZOA+R3      14340.174    91  28862.348    28947.777    29195.678
449  mtZOA+R4      14267.001    93  28720.002    28810.125    29060.657
450  mtZOA+R5      14239.634    95  28669.269    28764.269    29017.250
451  mtZOA+R6      14226.323    97  28646.646    28746.709    29001.954
452  mtZOA+R7      14225.070    99  28648.140    28753.459    29010.773
456  mtZOA+F       15672.887    106 31557.774    31683.100    31946.048
457  mtZOA+F+I     15190.833    107 30595.666    30724.066    30987.603
458  mtZOA+F+G4    13850.584    107 27915.168    28043.568    28307.105
459  mtZOA+F+I+G4  13848.812    108 27913.624    28045.155    28309.224
460  mtZOA+F+R2    14180.123    108 28576.245    28707.776    28971.845
461  mtZOA+F+R3    13914.981    110 28049.962    28187.928    28452.887
462  mtZOA+F+R4    13844.883    112 27913.765    28058.405    28324.017
463  mtZOA+F+R5    13835.548    114 27899.095    28050.656    28316.673
464  mtZOA+F+R6    13819.840    116 27871.680    28030.417    28296.583
465  mtZOA+F+R7    13819.877    118 27875.753    28041.931    28307.982
469  mtMet         16463.752    87  33101.503    33178.063    33420.181
470  mtMet+I       16037.802    88  32251.604    32330.317    32573.944
471  mtMet+G4      14589.042    88  29354.083    29432.797    29676.424
472  mtMet+I+G4    14582.967    89  29343.935    29424.844    29669.938
473  mtMet+R2      14890.235    89  29958.470    30039.379    30284.474
474  mtMet+R3      14657.507    91  29497.015    29582.443    29830.344
475  mtMet+R4      14585.945    93  29357.890    29448.014    29698.545
476  mtMet+R5      14556.638    95  29303.275    29398.275    29651.257
477  mtMet+R6      14551.847    97  29297.693    29397.756    29653.000
482  mtMet+F       15593.491    106 31398.982    31524.308    31787.256
483  mtMet+F+I     15110.761    107 30435.522    30563.922    30827.459
484  mtMet+F+G4    13939.831    107 28093.661    28222.061    28485.598
485  mtMet+F+I+G4  13933.651    108 28083.301    28214.832    28478.901
486  mtMet+F+R2    14248.009    108 28712.018    28843.548    29107.617
487  mtMet+F+R3    14001.869    110 28223.737    28361.704    28626.663
488  mtMet+F+R4    13934.176    112 28092.351    28236.991    28502.603
489  mtMet+F+R5    13921.984    114 28071.968    28223.529    28489.545
490  mtMet+F+R6    13912.765    116 28057.530    28216.266    28482.433
491  mtMet+F+R7    13912.536    118 28061.073    28227.250    28493.302
495  mtVer         16647.557    87  33469.113    33545.673    33787.791
496  mtVer+I       16187.828    88  32551.656    32630.370    32873.997
497  mtVer+G4      14609.728    88  29395.456    29474.169    29717.796
498  mtVer+I+G4    14598.792    89  29375.584    29456.493    29701.587
499  mtVer+R2      14956.962    89  30091.925    30172.834    30417.928
500  mtVer+R3      14682.178    91  29546.356    29631.785    29879.685
501  mtVer+R4      14602.249    93  29390.498    29480.622    29731.153
502  mtVer+R5      14568.789    95  29327.579    29422.579    29675.560
503  mtVer+R6      14566.653    97  29327.306    29427.369    29682.614
508  mtVer+F       15862.519    106 31937.038    32062.364    32325.312
509  mtVer+F+I     15338.806    107 30891.611    31020.011    31283.548
510  mtVer+F+G4    14110.571    107 28435.142    28563.542    28827.079
511  mtVer+F+I+G4  14101.328    108 28418.656    28550.187    28814.256
512  mtVer+F+R2    14438.892    108 29093.785    29225.315    29489.384
513  mtVer+F+R3    14183.141    110 28586.281    28724.247    28989.207
514  mtVer+F+R4    14103.847    112 28431.694    28576.334    28841.946
515  mtVer+F+R5    14086.552    114 28401.104    28552.664    28818.681
516  mtVer+F+R6    14081.031    116 28394.061    28552.798    28818.965
521  mtInv         16382.835    87  32939.669    33016.229    33258.347
522  mtInv+I       15958.948    88  32093.897    32172.610    32416.237
523  mtInv+G4      14660.357    88  29496.713    29575.427    29819.054
524  mtInv+I+G4    14656.342    89  29490.683    29571.592    29816.687
525  mtInv+R2      14944.718    89  30067.435    30148.344    30393.439
526  mtInv+R3      14720.653    91  29623.307    29708.735    29956.636
527  mtInv+R4      14656.884    93  29499.768    29589.892    29840.424
528  mtInv+R5      14634.523    95  29459.045    29554.045    29807.026
529  mtInv+R6      14634.006    97  29462.011    29562.074    29817.318
534  mtInv+F       15339.400    106 30890.801    31016.126    31279.074
535  mtInv+F+I     14845.933    107 29905.867    30034.267    30297.804
536  mtInv+F+G4    13809.111    107 27832.222    27960.622    28224.159
537  mtInv+F+I+G4  13800.268    108 27816.536    27948.067    28212.136
538  mtInv+F+R2    14110.777    108 28437.554    28569.085    28833.154
539  mtInv+F+R3    13863.866    110 27947.733    28085.699    28350.658
540  mtInv+F+R4    13802.909    112 27829.819    27974.459    28240.070
541  mtInv+F+R5    13792.074    114 27812.149    27963.709    28229.726
542  mtInv+F+R6    13783.851    116 27799.702    27958.439    28224.606
543  mtInv+F+R7    13783.865    118 27803.731    27969.908    28235.960
547  mtMAM         17356.128    87  34886.257    34962.817    35204.934
548  mtMAM+I       16892.460    88  33960.920    34039.634    34283.261
549  mtMAM+G4      14741.964    88  29659.928    29738.642    29982.269
550  mtMAM+I+G4    14738.709    89  29655.417    29736.326    29981.421
551  mtMAM+R2      15148.863    89  30475.727    30556.636    30801.730
552  mtMAM+R3      14864.709    91  29911.419    29996.847    30244.748
553  mtMAM+R4      14729.132    93  29644.263    29734.387    29984.919
554  mtMAM+R5      14691.556    95  29573.113    29668.113    29921.094
555  mtMAM+R6      14687.968    97  29569.936    29670.000    29925.244
560  mtMAM+F       16345.985    106 32903.969    33029.295    33292.243
561  mtMAM+F+I     15842.756    107 31899.512    32027.912    32291.449
562  mtMAM+F+G4    14214.851    107 28643.703    28772.103    29035.639
563  mtMAM+F+I+G4  14210.518    108 28637.036    28768.567    29032.636
564  mtMAM+F+R2    14552.626    108 29321.252    29452.783    29716.852
565  mtMAM+F+R3    14307.838    110 28835.676    28973.642    29238.601
566  mtMAM+F+R4    14206.133    112 28636.266    28780.906    29046.518
567  mtMAM+F+R5    14175.791    114 28579.582    28731.143    28997.160
568  mtMAM+F+R6    14169.108    116 28570.216    28728.952    28995.119
569  mtMAM+F+R7    14167.301    118 28570.603    28736.780    29002.832
WARNING: Normalizing state frequencies so that sum of them equals to 1
573  FLAVI         16171.569    87  32517.139    32593.699    32835.816
WARNING: Normalizing state frequencies so that sum of them equals to 1
574  FLAVI+I       15671.030    88  31518.060    31596.774    31840.401
WARNING: Normalizing state frequencies so that sum of them equals to 1
575  FLAVI+G4      14338.348    88  28852.695    28931.409    29175.036
WARNING: Normalizing state frequencies so that sum of them equals to 1
576  FLAVI+I+G4    14334.735    89  28847.470    28928.379    29173.473
WARNING: Normalizing state frequencies so that sum of them equals to 1
577  FLAVI+R2      14700.847    89  29579.693    29660.602    29905.697
WARNING: Normalizing state frequencies so that sum of them equals to 1
578  FLAVI+R3      14423.155    91  29028.311    29113.739    29361.640
WARNING: Normalizing state frequencies so that sum of them equals to 1
579  FLAVI+R4      14332.237    93  28850.475    28940.598    29191.130
WARNING: Normalizing state frequencies so that sum of them equals to 1
580  FLAVI+R5      14310.026    95  28810.051    28905.051    29158.033
WARNING: Normalizing state frequencies so that sum of them equals to 1
581  FLAVI+R6      14307.930    97  28809.860    28909.923    29165.167
WARNING: Normalizing state frequencies so that sum of them equals to 1
586  FLAVI+F       15960.730    106 32133.460    32258.786    32521.734
WARNING: Normalizing state frequencies so that sum of them equals to 1
587  FLAVI+F+I     15432.214    107 31078.428    31206.828    31470.365
WARNING: Normalizing state frequencies so that sum of them equals to 1
588  FLAVI+F+G4    14224.532    107 28663.063    28791.463    29055.000
WARNING: Normalizing state frequencies so that sum of them equals to 1
589  FLAVI+F+I+G4  14215.110    108 28646.220    28777.751    29041.820
WARNING: Normalizing state frequencies so that sum of them equals to 1
590  FLAVI+F+R2    14566.177    108 29348.354    29479.884    29743.953
WARNING: Normalizing state frequencies so that sum of them equals to 1
591  FLAVI+F+R3    14303.841    110 28827.683    28965.649    29230.608
WARNING: Normalizing state frequencies so that sum of them equals to 1
592  FLAVI+F+R4    14215.548    112 28655.097    28799.737    29065.348
WARNING: Normalizing state frequencies so that sum of them equals to 1
593  FLAVI+F+R5    14195.393    114 28618.787    28770.347    29036.364
WARNING: Normalizing state frequencies so that sum of them equals to 1
594  FLAVI+F+R6    14191.833    116 28615.665    28774.402    29040.569
599  HIVb          15565.673    87  31305.347    31381.907    31624.024
600  HIVb+I        15044.107    88  30264.214    30342.927    30586.554
601  HIVb+G4       14014.823    88  28205.645    28284.359    28527.986
602  HIVb+I+G4     14001.001    89  28180.003    28260.912    28506.006
603  HIVb+R2       14332.891    89  28843.783    28924.692    29169.786
604  HIVb+R3       14064.033    91  28310.065    28395.494    28643.395
605  HIVb+R4       14004.630    93  28195.260    28285.384    28535.915
606  HIVb+R5       13989.004    95  28168.008    28263.008    28515.990
607  HIVb+R6       13988.188    97  28170.375    28270.439    28525.683
612  HIVb+F        15505.645    106 31223.291    31348.617    31611.564
613  HIVb+F+I      15001.330    107 30216.659    30345.059    30608.596
614  HIVb+F+G4     13988.304    107 28190.609    28319.009    28582.546
615  HIVb+F+I+G4   13972.924    108 28161.847    28293.378    28557.447
616  HIVb+F+R2     14281.776    108 28779.552    28911.083    29175.152
617  HIVb+F+R3     14035.874    110 28291.747    28429.714    28694.673
618  HIVb+F+R4     13975.811    112 28175.622    28320.262    28585.874
619  HIVb+F+R5     13960.596    114 28149.191    28300.752    28566.769
620  HIVb+F+R6     13960.596    116 28153.191    28311.928    28578.095
625  HIVw          16312.576    87  32799.153    32875.713    33117.830
626  HIVw+I        15702.981    88  31581.962    31660.675    31904.302
627  HIVw+G4       14707.535    88  29591.071    29669.784    29913.411
628  HIVw+I+G4     14694.772    89  29567.544    29648.453    29893.547
629  HIVw+R2       15056.517    89  30291.034    30371.943    30617.037
630  HIVw+R3       14758.596    91  29699.192    29784.621    30032.522
631  HIVw+R4       14701.562    93  29589.123    29679.247    29929.779
632  HIVw+R5       14681.719    95  29553.439    29648.439    29901.420
633  HIVw+R6       14676.658    97  29547.316    29647.379    29902.623
638  HIVw+F        16065.755    106 32343.511    32468.837    32731.785
639  HIVw+F+I      15466.307    107 31146.613    31275.013    31538.550
640  HIVw+F+G4     14459.428    107 29132.855    29261.255    29524.792
641  HIVw+F+I+G4   14435.515    108 29087.030    29218.560    29482.629
642  HIVw+F+R2     14774.922    108 29765.844    29897.375    30161.444
643  HIVw+F+R3     14506.395    110 29232.789    29370.755    29635.715
644  HIVw+F+R4     14444.296    112 29112.593    29257.233    29522.844
645  HIVw+F+R5     14427.068    114 29082.136    29233.697    29499.714
646  HIVw+F+R6     14416.017    116 29064.035    29222.772    29488.938
647  HIVw+F+R7     14413.276    118 29062.551    29228.729    29494.781
651  FLU           15496.600    87  31167.199    31243.759    31485.877
652  FLU+I         14987.426    88  30150.852    30229.566    30473.193
653  FLU+G4        13994.881    88  28165.762    28244.476    28488.103
654  FLU+I+G4      13985.738    89  28149.477    28230.386    28475.480
655  FLU+R2        14284.508    89  28747.016    28827.925    29073.020
656  FLU+R3        14046.346    91  28274.691    28360.120    28608.021
657  FLU+R4        13987.803    93  28161.607    28251.730    28502.262
658  FLU+R5        13977.032    95  28144.065    28239.065    28492.046
659  FLU+R6        13971.834    97  28137.667    28237.731    28492.975
664  FLU+F         15374.370    106 30960.740    31086.066    31349.014
665  FLU+F+I       14881.865    107 29977.729    30106.129    30369.666
666  FLU+F+G4      13847.200    107 27908.399    28036.799    28300.336
667  FLU+F+I+G4    13837.980    108 27891.960    28023.491    28287.560
668  FLU+F+R2      14109.176    108 28434.352    28565.883    28829.952
669  FLU+F+R3      13892.883    110 28005.766    28143.732    28408.691
670  FLU+F+R4      13840.106    112 27904.212    28048.852    28314.464
671  FLU+F+R5      13823.834    114 27875.667    28027.228    28293.245
672  FLU+F+R6      13820.252    116 27872.503    28031.240    28297.407
677  rtREV         15005.531    87  30185.061    30261.621    30503.739
678  rtREV+I       14532.693    88  29241.386    29320.100    29563.727
679  rtREV+G4      13695.423    88  27566.846    27645.559    27889.186
680  rtREV+I+G4    13681.023    89  27540.047    27620.956    27866.050
681  rtREV+R2      13949.300    89  28076.600    28157.509    28402.603
682  rtREV+R3      13736.438    91  27654.877    27740.305    27988.206
683  rtREV+R4      13685.146    93  27556.292    27646.415    27896.947
684  rtREV+R5      13674.425    95  27538.849    27633.849    27886.830
685  rtREV+R6      13672.622    97  27539.244    27639.307    27894.551
690  rtREV+F       14903.856    106 30019.711    30145.037    30407.985
691  rtREV+F+I     14444.110    107 29102.219    29230.619    29494.156
692  rtREV+F+G4    13578.149    107 27370.299    27498.699    27762.235
693  rtREV+F+I+G4  13569.143    108 27354.286    27485.817    27749.886
694  rtREV+F+R2    13837.030    108 27890.060    28021.591    28285.660
695  rtREV+F+R3    13617.415    110 27454.830    27592.796    27857.756
696  rtREV+F+R4    13572.408    112 27368.817    27513.457    27779.068
697  rtREV+F+R5    13562.981    114 27353.962    27505.523    27771.540
698  rtREV+F+R6    13561.131    116 27354.261    27512.998    27779.165
703  cpREV         15001.506    87  30177.013    30253.573    30495.690
704  cpREV+I       14509.123    88  29194.245    29272.959    29516.586
705  cpREV+G4      13731.060    88  27638.120    27716.833    27960.460
706  cpREV+I+G4    13707.986    89  27593.972    27674.881    27919.975
707  cpREV+R2      13971.902    89  28121.804    28202.713    28447.808
708  cpREV+R3      13768.470    91  27718.940    27804.369    28052.270
709  cpREV+R4      13718.816    93  27623.633    27713.756    27964.288
710  cpREV+R5      13704.937    95  27599.874    27694.874    27947.856
711  cpREV+R6      13702.182    97  27598.364    27698.428    27953.672
716  cpREV+F       14890.834    106 29993.669    30118.995    30381.943
717  cpREV+F+I     14405.514    107 29025.027    29153.427    29416.964
718  cpREV+F+G4    13681.709    107 27577.417    27705.817    27969.354
719  cpREV+F+I+G4  13654.980    108 27525.961    27657.492    27921.561
720  cpREV+F+R2    13914.907    108 28045.814    28177.345    28441.414
721  cpREV+F+R3    13711.525    110 27643.049    27781.016    28045.975
722  cpREV+F+R4    13666.747    112 27557.494    27702.134    27967.745
723  cpREV+F+R5    13651.073    114 27530.145    27681.706    27947.723
724  cpREV+F+R6    13649.231    116 27530.461    27689.198    27955.365
Model C10 is alias for POISSON+G+FMIX{C10pi1:1:0.1191344178,C10pi2:1:0.0874372456,C10pi3:1:0.1037105070,C10pi4:1:0.0922584809,C10pi5:1:0.1070492801,C10pi6:1:0.1329945166,C10pi7:1:0.0538028458,C10pi8:1:0.0691986212,C10pi9:1:0.1319937434,C10pi10:1:0.1024203429}
729  C10           13548.964    88  27273.928    27352.642    27596.269
Model C20 is alias for POISSON+G+FMIX{C20pi1:1:0.0559910600,C20pi2:1:0.0514824870,C20pi3:1:0.0812922124,C20pi4:1:0.0721976867,C20pi5:1:0.0556718858,C20pi6:1:0.0331003080,C20pi7:1:0.0589501763,C20pi8:1:0.0263756889,C20pi9:1:0.0307584220,C20pi10:1:0.0376701125,C20pi11:1:0.0303058290,C20pi12:1:0.0808775576,C20pi13:1:0.0263349134,C20pi14:1:0.0579101455,C20pi15:1:0.0371248064,C20pi16:1:0.0586867766,C20pi17:1:0.0561479138,C20pi18:1:0.0349810886,C20pi19:1:0.0544937394,C20pi20:1:0.0596471901}
730  C20           13397.072    88  26970.144    27048.858    27292.485
Model C30 is alias for POISSON+G+FMIX{C30pi1:1:0.0095783264,C30pi2:1:0.0248476365,C30pi3:1:0.0636309366,C30pi4:1:0.0537939225,C30pi5:1:0.0295885587,C30pi6:1:0.0117587936,C30pi7:1:0.0132013428,C30pi8:1:0.0236868805,C30pi9:1:0.0261687659,C30pi10:1:0.0239821974,C30pi11:1:0.0257100906,C30pi12:1:0.0465072425,C30pi13:1:0.0546794546,C30pi14:1:0.0536085131,C30pi15:1:0.0270622670,C30pi16:1:0.0403913593,C30pi17:1:0.0474212700,C30pi18:1:0.0458816478,C30pi19:1:0.0214036510,C30pi20:1:0.0290385981,C30pi21:1:0.0123391793,C30pi22:1:0.0569350229,C30pi23:1:0.0419687568,C30pi24:1:0.0339027062,C30pi25:1:0.0388777376,C30pi26:1:0.0196343766,C30pi27:1:0.0233086174,C30pi28:1:0.0622722654,C30pi29:1:0.0184803385,C30pi30:1:0.0203395454}
731  C30           13347.008    88  26870.017    26948.730    27192.357
Model C40 is alias for POISSON+G+FMIX{C40pi1:1:0.0223853788,C40pi2:1:0.0338891820,C40pi3:1:0.0577169375,C40pi4:1:0.0252416233,C40pi5:1:0.0108607921,C40pi6:1:0.0462373793,C40pi7:1:0.0102293175,C40pi8:1:0.0147523625,C40pi9:1:0.0143161352,C40pi10:1:0.0182302541,C40pi11:1:0.0204025079,C40pi12:1:0.0425505156,C40pi13:1:0.0248627269,C40pi14:1:0.0105892988,C40pi15:1:0.0188238725,C40pi16:1:0.0086663445,C40pi17:1:0.0148496147,C40pi18:1:0.0343037402,C40pi19:1:0.0225335203,C40pi20:1:0.0174068578,C40pi21:1:0.0112207827,C40pi22:1:0.0443532245,C40pi23:1:0.0392573370,C40pi24:1:0.0196756555,C40pi25:1:0.0287690328,C40pi26:1:0.0114441177,C40pi27:1:0.0112338740,C40pi28:1:0.0582694099,C40pi29:1:0.0444272279,C40pi30:1:0.0112010942,C40pi31:1:0.0145176111,C40pi32:1:0.0114629026,C40pi33:1:0.0239628061,C40pi34:1:0.0266266492,C40pi35:1:0.0481201159,C40pi36:1:0.0371147423,C40pi37:1:0.0160476688,C40pi38:1:0.0237249267,C40pi39:1:0.0235226203,C40pi40:1:0.0261998398}
732  C40           13308.954    88  26793.908    26872.621    27116.248
Model C50 is alias for POISSON+G+FMIX{C50pi1:1:0.0164297003,C50pi2:1:0.0273175755,C50pi3:1:0.0460247610,C50pi4:1:0.0084864734,C50pi5:1:0.0125389252,C50pi6:1:0.0343549036,C50pi7:1:0.0130241102,C50pi8:1:0.0094755681,C50pi9:1:0.0190040551,C50pi10:1:0.0151902354,C50pi11:1:0.0320534760,C50pi12:1:0.0210059850,C50pi13:1:0.0237408547,C50pi14:1:0.0239841203,C50pi15:1:0.0213748021,C50pi16:1:0.0210717705,C50pi17:1:0.0050241805,C50pi18:1:0.0166262276,C50pi19:1:0.0143945956,C50pi20:1:0.0104391130,C50pi21:1:0.0107628277,C50pi22:1:0.0148818171,C50pi23:1:0.0321480239,C50pi24:1:0.0145477978,C50pi25:1:0.0332355807,C50pi26:1:0.0143190281,C50pi27:1:0.0234478734,C50pi28:1:0.0183044983,C50pi29:1:0.0403269452,C50pi30:1:0.0135629530,C50pi31:1:0.0091880799,C50pi32:1:0.0158270022,C50pi33:1:0.0121019379,C50pi34:1:0.0353560982,C50pi35:1:0.0404495617,C50pi36:1:0.0104569232,C50pi37:1:0.0146187792,C50pi38:1:0.0093984095,C50pi39:1:0.0146773809,C50pi40:1:0.0201635562,C50pi41:1:0.0255640273,C50pi42:1:0.0039486842,C50pi43:1:0.0393652608,C50pi44:1:0.0056415419,C50pi45:1:0.0382833580,C50pi46:1:0.0039735086,C50pi47:1:0.0140269355,C50pi48:1:0.0476703673,C50pi49:1:0.0204062788,C50pi50:1:0.0117835304}
733  C50           13287.549    88  26751.099    26829.812    27073.439
Model C60 is alias for POISSON+G+FMIX{C60pi1:1:0.0169698865,C60pi2:1:0.0211683374,C60pi3:1:0.0276589079,C60pi4:1:0.0065675964,C60pi5:1:0.0141221416,C60pi6:1:0.0068774834,C60pi7:1:0.0146909701,C60pi8:1:0.0067225777,C60pi9:1:0.0018396660,C60pi10:1:0.0102547197,C60pi11:1:0.0230896163,C60pi12:1:0.0057941033,C60pi13:1:0.0125394534,C60pi14:1:0.0204526478,C60pi15:1:0.0070629602,C60pi16:1:0.0117982741,C60pi17:1:0.0068334668,C60pi18:1:0.0433775839,C60pi19:1:0.0318278731,C60pi20:1:0.0222546108,C60pi21:1:0.0102264969,C60pi22:1:0.0150545891,C60pi23:1:0.0134159878,C60pi24:1:0.0148552065,C60pi25:1:0.0239111516,C60pi26:1:0.0128776278,C60pi27:1:0.0222318842,C60pi28:1:0.0247444742,C60pi29:1:0.0214274810,C60pi30:1:0.0115001882,C60pi31:1:0.0076017389,C60pi32:1:0.0130258568,C60pi33:1:0.0093701965,C60pi34:1:0.0467194264,C60pi35:1:0.0441940314,C60pi36:1:0.0322263154,C60pi37:1:0.0402999891,C60pi38:1:0.0150234227,C60pi39:1:0.0104589903,C60pi40:1:0.0214742395,C60pi41:1:0.0154957836,C60pi42:1:0.0101789953,C60pi43:1:0.0227980379,C60pi44:1:0.0123204539,C60pi45:1:0.0066777583,C60pi46:1:0.0004150083,C60pi47:1:0.0344385130,C60pi48:1:0.0113663379,C60pi49:1:0.0127143049,C60pi50:1:0.0124323741,C60pi51:1:0.0262124415,C60pi52:1:0.0064994957,C60pi53:1:0.0103203293,C60pi54:1:0.0142463512,C60pi55:1:0.0215600067,C60pi56:1:0.0199150700,C60pi57:1:0.0038964200,C60pi58:1:0.0113448855,C60pi59:1:0.0128595846,C60pi60:1:0.0117656776}
WARNING: Your input class weight 0.000415008 is very small and may cause numerical issues
734  C60           13276.281    88  26728.561    26807.275    27050.902
Model EX2 is alias for MIX{BurEX2:0.672020808818762,ExpEX2:1.6413466609931}
WARNING: Normalizing state frequencies so that sum of them equals to 1
735  EX2           13971.869    88  28119.737    28198.451    28442.078
Model EX3 is alias for MIX{BurEX3:0.427672756793791,IntEX3:0.837595938019774,HExEX3:1.51863631431518}
WARNING: Normalizing state frequencies so that sum of them equals to 1
WARNING: Normalizing state frequencies so that sum of them equals to 1
736  EX3           13789.590    89  27757.180    27838.089    28083.183
Model EHO is alias for MIX{ExtEHO:0.720274356,HelEHO:0.976798797,OthEHO:0.783109376}
WARNING: Normalizing state frequencies so that sum of them equals to 1
WARNING: Normalizing state frequencies so that sum of them equals to 1
WARNING: Normalizing state frequencies so that sum of them equals to 1
737  EHO           14549.953    89  29277.907    29358.816    29603.910
Model UL2 is alias for MIX{M1_UL2:0.581348617,M2_UL2:1.465482789}
WARNING: Normalizing state frequencies so that sum of them equals to 1
738  UL2           13926.615    88  28029.231    28107.944    28351.571
Model UL3 is alias for MIX{Q1_UL3:0.484340397,Q2_UL3:0.492780514,Q3_UL3:1.15597274}
WARNING: Normalizing state frequencies so that sum of them equals to 1
WARNING: Normalizing state frequencies so that sum of them equals to 1
739  UL3           14595.499    89  29368.998    29449.907    29695.002
Model EX_EHO is alias for MIX{BUR_EXT:0.761816796788931,BUR_HEL:0.744425646802117,BUR_OTH:0.532457759429489,EXP_EXT:1.5639387472863,EXP_HEL:2.06403411829438,EXP_OTH:1.43336795177594}
WARNING: Normalizing state frequencies so that sum of them equals to 1
WARNING: Normalizing state frequencies so that sum of them equals to 1
WARNING: Normalizing state frequencies so that sum of them equals to 1
740  EX_EHO        13737.448    92  27658.895    27746.649    27995.887
Model LG4M is alias for MIX{LG4M1,LG4M2,LG4M3,LG4M4}*G4
741  LG4M          13352.081    88  26880.162    26958.875    27202.502
Model LG4X is alias for MIX{LG4X1,LG4X2,LG4X3,LG4X4}*R4
742  LG4X          13359.287    93  26904.574    26994.697    27245.229
Model CF4 is alias for POISSON+FMIX{Fclass1,Fclass2,Fclass3,Fclass4}+F+G
WARNING: Normalizing State frequencies so that sum of them equals to 1
WARNING: Normalizing State frequencies so that sum of them equals to 1
WARNING: Normalizing State frequencies so that sum of them equals to 1
WARNING: Normalizing State frequencies so that sum of them equals to 1
743  CF4           14162.404    111 28546.808    28688.080    28953.396
Model LG+C10 is alias for LG+POISSON+G+FMIX{C10pi1:1:0.1191344178,C10pi2:1:0.0874372456,C10pi3:1:0.1037105070,C10pi4:1:0.0922584809,C10pi5:1:0.1070492801,C10pi6:1:0.1329945166,C10pi7:1:0.0538028458,C10pi8:1:0.0691986212,C10pi9:1:0.1319937434,C10pi10:1:0.1024203429}
744  LG+C10        13411.067    88  26998.133    27076.847    27320.474
Model LG+C20 is alias for LG+POISSON+G+FMIX{C20pi1:1:0.0559910600,C20pi2:1:0.0514824870,C20pi3:1:0.0812922124,C20pi4:1:0.0721976867,C20pi5:1:0.0556718858,C20pi6:1:0.0331003080,C20pi7:1:0.0589501763,C20pi8:1:0.0263756889,C20pi9:1:0.0307584220,C20pi10:1:0.0376701125,C20pi11:1:0.0303058290,C20pi12:1:0.0808775576,C20pi13:1:0.0263349134,C20pi14:1:0.0579101455,C20pi15:1:0.0371248064,C20pi16:1:0.0586867766,C20pi17:1:0.0561479138,C20pi18:1:0.0349810886,C20pi19:1:0.0544937394,C20pi20:1:0.0596471901}
745  LG+C20        13286.573    88  26749.145    26827.859    27071.486
Model LG+C30 is alias for LG+POISSON+G+FMIX{C30pi1:1:0.0095783264,C30pi2:1:0.0248476365,C30pi3:1:0.0636309366,C30pi4:1:0.0537939225,C30pi5:1:0.0295885587,C30pi6:1:0.0117587936,C30pi7:1:0.0132013428,C30pi8:1:0.0236868805,C30pi9:1:0.0261687659,C30pi10:1:0.0239821974,C30pi11:1:0.0257100906,C30pi12:1:0.0465072425,C30pi13:1:0.0546794546,C30pi14:1:0.0536085131,C30pi15:1:0.0270622670,C30pi16:1:0.0403913593,C30pi17:1:0.0474212700,C30pi18:1:0.0458816478,C30pi19:1:0.0214036510,C30pi20:1:0.0290385981,C30pi21:1:0.0123391793,C30pi22:1:0.0569350229,C30pi23:1:0.0419687568,C30pi24:1:0.0339027062,C30pi25:1:0.0388777376,C30pi26:1:0.0196343766,C30pi27:1:0.0233086174,C30pi28:1:0.0622722654,C30pi29:1:0.0184803385,C30pi30:1:0.0203395454}
746  LG+C30        13248.846    88  26673.693    26752.406    26996.033
Model LG+C40 is alias for LG+POISSON+G+FMIX{C40pi1:1:0.0223853788,C40pi2:1:0.0338891820,C40pi3:1:0.0577169375,C40pi4:1:0.0252416233,C40pi5:1:0.0108607921,C40pi6:1:0.0462373793,C40pi7:1:0.0102293175,C40pi8:1:0.0147523625,C40pi9:1:0.0143161352,C40pi10:1:0.0182302541,C40pi11:1:0.0204025079,C40pi12:1:0.0425505156,C40pi13:1:0.0248627269,C40pi14:1:0.0105892988,C40pi15:1:0.0188238725,C40pi16:1:0.0086663445,C40pi17:1:0.0148496147,C40pi18:1:0.0343037402,C40pi19:1:0.0225335203,C40pi20:1:0.0174068578,C40pi21:1:0.0112207827,C40pi22:1:0.0443532245,C40pi23:1:0.0392573370,C40pi24:1:0.0196756555,C40pi25:1:0.0287690328,C40pi26:1:0.0114441177,C40pi27:1:0.0112338740,C40pi28:1:0.0582694099,C40pi29:1:0.0444272279,C40pi30:1:0.0112010942,C40pi31:1:0.0145176111,C40pi32:1:0.0114629026,C40pi33:1:0.0239628061,C40pi34:1:0.0266266492,C40pi35:1:0.0481201159,C40pi36:1:0.0371147423,C40pi37:1:0.0160476688,C40pi38:1:0.0237249267,C40pi39:1:0.0235226203,C40pi40:1:0.0261998398}
747  LG+C40        13233.178    88  26642.357    26721.071    26964.698
Model LG+C50 is alias for LG+POISSON+G+FMIX{C50pi1:1:0.0164297003,C50pi2:1:0.0273175755,C50pi3:1:0.0460247610,C50pi4:1:0.0084864734,C50pi5:1:0.0125389252,C50pi6:1:0.0343549036,C50pi7:1:0.0130241102,C50pi8:1:0.0094755681,C50pi9:1:0.0190040551,C50pi10:1:0.0151902354,C50pi11:1:0.0320534760,C50pi12:1:0.0210059850,C50pi13:1:0.0237408547,C50pi14:1:0.0239841203,C50pi15:1:0.0213748021,C50pi16:1:0.0210717705,C50pi17:1:0.0050241805,C50pi18:1:0.0166262276,C50pi19:1:0.0143945956,C50pi20:1:0.0104391130,C50pi21:1:0.0107628277,C50pi22:1:0.0148818171,C50pi23:1:0.0321480239,C50pi24:1:0.0145477978,C50pi25:1:0.0332355807,C50pi26:1:0.0143190281,C50pi27:1:0.0234478734,C50pi28:1:0.0183044983,C50pi29:1:0.0403269452,C50pi30:1:0.0135629530,C50pi31:1:0.0091880799,C50pi32:1:0.0158270022,C50pi33:1:0.0121019379,C50pi34:1:0.0353560982,C50pi35:1:0.0404495617,C50pi36:1:0.0104569232,C50pi37:1:0.0146187792,C50pi38:1:0.0093984095,C50pi39:1:0.0146773809,C50pi40:1:0.0201635562,C50pi41:1:0.0255640273,C50pi42:1:0.0039486842,C50pi43:1:0.0393652608,C50pi44:1:0.0056415419,C50pi45:1:0.0382833580,C50pi46:1:0.0039735086,C50pi47:1:0.0140269355,C50pi48:1:0.0476703673,C50pi49:1:0.0204062788,C50pi50:1:0.0117835304}
748  LG+C50        13204.673    88  26585.345    26664.059    26907.686
Model LG+C60 is alias for LG+POISSON+G+FMIX{C60pi1:1:0.0169698865,C60pi2:1:0.0211683374,C60pi3:1:0.0276589079,C60pi4:1:0.0065675964,C60pi5:1:0.0141221416,C60pi6:1:0.0068774834,C60pi7:1:0.0146909701,C60pi8:1:0.0067225777,C60pi9:1:0.0018396660,C60pi10:1:0.0102547197,C60pi11:1:0.0230896163,C60pi12:1:0.0057941033,C60pi13:1:0.0125394534,C60pi14:1:0.0204526478,C60pi15:1:0.0070629602,C60pi16:1:0.0117982741,C60pi17:1:0.0068334668,C60pi18:1:0.0433775839,C60pi19:1:0.0318278731,C60pi20:1:0.0222546108,C60pi21:1:0.0102264969,C60pi22:1:0.0150545891,C60pi23:1:0.0134159878,C60pi24:1:0.0148552065,C60pi25:1:0.0239111516,C60pi26:1:0.0128776278,C60pi27:1:0.0222318842,C60pi28:1:0.0247444742,C60pi29:1:0.0214274810,C60pi30:1:0.0115001882,C60pi31:1:0.0076017389,C60pi32:1:0.0130258568,C60pi33:1:0.0093701965,C60pi34:1:0.0467194264,C60pi35:1:0.0441940314,C60pi36:1:0.0322263154,C60pi37:1:0.0402999891,C60pi38:1:0.0150234227,C60pi39:1:0.0104589903,C60pi40:1:0.0214742395,C60pi41:1:0.0154957836,C60pi42:1:0.0101789953,C60pi43:1:0.0227980379,C60pi44:1:0.0123204539,C60pi45:1:0.0066777583,C60pi46:1:0.0004150083,C60pi47:1:0.0344385130,C60pi48:1:0.0113663379,C60pi49:1:0.0127143049,C60pi50:1:0.0124323741,C60pi51:1:0.0262124415,C60pi52:1:0.0064994957,C60pi53:1:0.0103203293,C60pi54:1:0.0142463512,C60pi55:1:0.0215600067,C60pi56:1:0.0199150700,C60pi57:1:0.0038964200,C60pi58:1:0.0113448855,C60pi59:1:0.0128595846,C60pi60:1:0.0117656776}
WARNING: Your input class weight 0.000415008 is very small and may cause numerical issues
749  LG+C60        13198.745    88  26573.490    26652.204    26895.831
Akaike Information Criterion:           LG+C60
Corrected Akaike Information Criterion: LG+C60
Bayesian Information Criterion:         LG+C60
Best-fit model: LG+C60 chosen according to BIC

All model information printed to iqtree_gene_trees/COG4107.model.gz
CPU time for ModelFinder: 4139.030 seconds (1h:8m:59s)
Wall-clock time for ModelFinder: 418.425 seconds (0h:6m:58s)
Generating 1000 samples for ultrafast bootstrap (seed: 867082)...
Model LG+C60 is alias for LG+POISSON+G+FMIX{C60pi1:1:0.0169698865,C60pi2:1:0.0211683374,C60pi3:1:0.0276589079,C60pi4:1:0.0065675964,C60pi5:1:0.0141221416,C60pi6:1:0.0068774834,C60pi7:1:0.0146909701,C60pi8:1:0.0067225777,C60pi9:1:0.0018396660,C60pi10:1:0.0102547197,C60pi11:1:0.0230896163,C60pi12:1:0.0057941033,C60pi13:1:0.0125394534,C60pi14:1:0.0204526478,C60pi15:1:0.0070629602,C60pi16:1:0.0117982741,C60pi17:1:0.0068334668,C60pi18:1:0.0433775839,C60pi19:1:0.0318278731,C60pi20:1:0.0222546108,C60pi21:1:0.0102264969,C60pi22:1:0.0150545891,C60pi23:1:0.0134159878,C60pi24:1:0.0148552065,C60pi25:1:0.0239111516,C60pi26:1:0.0128776278,C60pi27:1:0.0222318842,C60pi28:1:0.0247444742,C60pi29:1:0.0214274810,C60pi30:1:0.0115001882,C60pi31:1:0.0076017389,C60pi32:1:0.0130258568,C60pi33:1:0.0093701965,C60pi34:1:0.0467194264,C60pi35:1:0.0441940314,C60pi36:1:0.0322263154,C60pi37:1:0.0402999891,C60pi38:1:0.0150234227,C60pi39:1:0.0104589903,C60pi40:1:0.0214742395,C60pi41:1:0.0154957836,C60pi42:1:0.0101789953,C60pi43:1:0.0227980379,C60pi44:1:0.0123204539,C60pi45:1:0.0066777583,C60pi46:1:0.0004150083,C60pi47:1:0.0344385130,C60pi48:1:0.0113663379,C60pi49:1:0.0127143049,C60pi50:1:0.0124323741,C60pi51:1:0.0262124415,C60pi52:1:0.0064994957,C60pi53:1:0.0103203293,C60pi54:1:0.0142463512,C60pi55:1:0.0215600067,C60pi56:1:0.0199150700,C60pi57:1:0.0038964200,C60pi58:1:0.0113448855,C60pi59:1:0.0128595846,C60pi60:1:0.0117656776}
WARNING: Your input class weight 0.000415008 is very small and may cause numerical issues

NOTE: 462 MB RAM (0 GB) is required!
Estimate model parameters (epsilon = 0.100)
1. Initial log-likelihood: -13198.745
Optimal log-likelihood: -13198.631
Mixture weights: 0.017 0.021 0.028 0.007 0.014 0.007 0.015 0.007 0.002 0.010 0.023 0.006 0.013 0.020 0.007 0.012 0.007 0.043 0.032 0.022 0.010 0.015 0.013 0.015 0.024 0.013 0.022 0.025 0.021 0.012 0.008 0.013 0.009 0.047 0.044 0.032 0.040 0.015 0.010 0.021 0.015 0.010 0.023 0.012 0.007 0.000 0.034 0.011 0.013 0.012 0.026 0.006 0.010 0.014 0.022 0.020 0.004 0.011 0.013 0.012
Gamma shape alpha: 0.449
Parameters optimization took 1 rounds (2.509 sec)
Wrote distance file to... 
Computing ML distances based on estimated model parameters...
Calculating distance matrix: done in 0.0935085 secs using 994.6% CPU
Computing ML distances took 0.094101 sec (of wall-clock time) 0.931758 sec (of CPU time)
Setting up auxiliary I and S matrices: done in 0.00164121 secs using 214.7% CPU
Constructing RapidNJ tree: done in 0.11658 secs using 386.4% CPU
Computing RapidNJ tree took 0.118965 sec (of wall-clock time) 0.454526 sec (of CPU time)
Log-likelihood of RapidNJ tree: -13217.548
--------------------------------------------------------------------
|             INITIALIZING CANDIDATE TREE SET                      |
--------------------------------------------------------------------
Generating 98 parsimony trees... 1.054 second
Computing log-likelihood of 98 initial trees ... 89.746 seconds
Current best score: -13198.631

Do NNI search on 20 best initial trees
Optimizing NNI: done in 8.43184 secs using 969.5% CPU
Estimate model parameters (epsilon = 0.100)
BETTER TREE FOUND at iteration 1: -13194.657
Optimizing NNI: done in 25.0622 secs using 978.6% CPU
Estimate model parameters (epsilon = 0.100)
BETTER TREE FOUND at iteration 2: -13175.686
Optimizing NNI: done in 38.9801 secs using 978.4% CPU
Estimate model parameters (epsilon = 0.100)
BETTER TREE FOUND at iteration 3: -13170.321
Optimizing NNI: done in 21.7242 secs using 973.7% CPU
Estimate model parameters (epsilon = 0.100)
BETTER TREE FOUND at iteration 4: -13163.417
Optimizing NNI: done in 27.9096 secs using 980.1% CPU
Estimate model parameters (epsilon = 0.100)
BETTER TREE FOUND at iteration 5: -13156.720
Optimizing NNI: done in 44.0248 secs using 976.3% CPU
Optimizing NNI: done in 27.1654 secs using 970.5% CPU
Optimizing NNI: done in 24.5395 secs using 970.7% CPU
Optimizing NNI: done in 39.6281 secs using 972.8% CPU
Optimizing NNI: done in 41.8079 secs using 976% CPU
Iteration 10 / LogL: -13160.555 / Time: 0h:7m:10s
Optimizing NNI: done in 19.2484 secs using 972.8% CPU
Optimizing NNI: done in 28.4461 secs using 969.4% CPU
Optimizing NNI: done in 23.9587 secs using 971.6% CPU
Optimizing NNI: done in 21.2645 secs using 969.4% CPU
Optimizing NNI: done in 18.9019 secs using 971.1% CPU
Optimizing NNI: done in 19.9537 secs using 971.9% CPU
Optimizing NNI: done in 45.1356 secs using 970.4% CPU
Optimizing NNI: done in 27.2407 secs using 971.9% CPU
Optimizing NNI: done in 39.9941 secs using 971.1% CPU
Optimizing NNI: done in 27.0742 secs using 974.7% CPU
Iteration 20 / LogL: -13172.192 / Time: 0h:11m:43s
Finish initializing candidate tree set (20)
Current best tree score: -13156.720 / CPU time: 685.241
Number of iterations: 20
--------------------------------------------------------------------
|               OPTIMIZING CANDIDATE TREE SET                      |
--------------------------------------------------------------------
Optimizing NNI: done in 17.8203 secs using 967.9% CPU
Optimizing NNI: done in 16.6277 secs using 968.3% CPU
Optimizing NNI: done in 39.4168 secs using 971.6% CPU
Optimizing NNI: done in 20.3155 secs using 970.4% CPU
Estimate model parameters (epsilon = 0.100)
BETTER TREE FOUND at iteration 24: -13155.454
Optimizing NNI: done in 25.9883 secs using 970.5% CPU
Estimate model parameters (epsilon = 0.100)
BETTER TREE FOUND at iteration 25: -13150.212
Optimizing NNI: done in 17.7103 secs using 973.6% CPU
UPDATE BEST LOG-LIKELIHOOD: -13150.211
Optimizing NNI: done in 34.7632 secs using 972.8% CPU
Optimizing NNI: done in 32.4391 secs using 973.6% CPU
Optimizing NNI: done in 24.5094 secs using 977% CPU
Optimizing NNI: done in 16.2053 secs using 974.6% CPU
Iteration 30 / LogL: -13152.336 / Time: 0h:15m:56s (0h:52m:13s left)
Optimizing NNI: done in 27.6825 secs using 972.1% CPU
Optimizing NNI: done in 21.7231 secs using 969.9% CPU
Optimizing NNI: done in 15.5654 secs using 973.3% CPU
Optimizing NNI: done in 11.7973 secs using 974.8% CPU
Optimizing NNI: done in 24.2254 secs using 972.8% CPU
Optimizing NNI: done in 25.9425 secs using 972.5% CPU
Optimizing NNI: done in 32.103 secs using 972.2% CPU
Optimizing NNI: done in 24.0688 secs using 972.3% CPU
Optimizing NNI: done in 20.3182 secs using 970.6% CPU
Optimizing NNI: done in 19.8672 secs using 971% CPU
Iteration 40 / LogL: -13151.953 / Time: 0h:19m:41s (0h:42m:55s left)
Optimizing NNI: done in 22.362 secs using 974% CPU
Optimizing NNI: done in 30.7996 secs using 970.3% CPU
Optimizing NNI: done in 26.4383 secs using 968.2% CPU
Optimizing NNI: done in 25.0302 secs using 972.6% CPU
Optimizing NNI: done in 25.32 secs using 972.7% CPU
Optimizing NNI: done in 31.5661 secs using 967.5% CPU
Optimizing NNI: done in 18.9334 secs using 973.4% CPU
Optimizing NNI: done in 18.9651 secs using 972.7% CPU
Optimizing NNI: done in 24.1283 secs using 972.5% CPU
Optimizing NNI: done in 25.3399 secs using 974.2% CPU
Iteration 50 / LogL: -13151.472 / Time: 0h:23m:52s (0h:36m:32s left)
Log-likelihood cutoff on original alignment: -13195.982
UFBoot trees printed to iqtree_gene_trees/COG4107.ufboot
Optimizing NNI: done in 14.5076 secs using 973.2% CPU
Optimizing NNI: done in 16.0649 secs using 969.6% CPU
Optimizing NNI: done in 34.522 secs using 975.7% CPU
Optimizing NNI: done in 26.4072 secs using 975.8% CPU
Optimizing NNI: done in 23.5067 secs using 969.8% CPU
Optimizing NNI: done in 20.9638 secs using 975.3% CPU
Optimizing NNI: done in 18.8061 secs using 972.6% CPU
Optimizing NNI: done in 29.0526 secs using 973.5% CPU
Optimizing NNI: done in 25.2589 secs using 977.7% CPU
Optimizing NNI: done in 22.7973 secs using 972.5% CPU
Iteration 60 / LogL: -13150.213 / Time: 0h:27m:46s (0h:30m:36s left)
Optimizing NNI: done in 32.8289 secs using 973.9% CPU
Optimizing NNI: done in 21.1886 secs using 973.8% CPU
Optimizing NNI: done in 25.0161 secs using 972.1% CPU
Optimizing NNI: done in 22.9353 secs using 972.5% CPU
Optimizing NNI: done in 27.754 secs using 971.6% CPU
Optimizing NNI: done in 16.6115 secs using 976.2% CPU
Optimizing NNI: done in 16.2231 secs using 968.1% CPU
Optimizing NNI: done in 27.3615 secs using 972.1% CPU
Optimizing NNI: done in 27.1988 secs using 976% CPU
Optimizing NNI: done in 26.542 secs using 974.9% CPU
Iteration 70 / LogL: -13151.954 / Time: 0h:31m:52s (0h:25m:24s left)
Optimizing NNI: done in 25.6349 secs using 974.6% CPU
Optimizing NNI: done in 28.6768 secs using 971.9% CPU
Optimizing NNI: done in 19.4879 secs using 975.1% CPU
Optimizing NNI: done in 21.418 secs using 971.1% CPU
Optimizing NNI: done in 19.8882 secs using 977.6% CPU
Optimizing NNI: done in 31.8135 secs using 977.9% CPU
Optimizing NNI: done in 20.6985 secs using 975% CPU
Optimizing NNI: done in 29.7563 secs using 976.1% CPU
Optimizing NNI: done in 16.5614 secs using 979.5% CPU
Optimizing NNI: done in 26.7361 secs using 974.1% CPU
Iteration 80 / LogL: -13151.931 / Time: 0h:35m:54s (0h:20m:27s left)
Optimizing NNI: done in 31.765 secs using 977.4% CPU
Optimizing NNI: done in 28.4139 secs using 976.1% CPU
Optimizing NNI: done in 24.7093 secs using 976.8% CPU
Optimizing NNI: done in 18.2448 secs using 981.8% CPU
Optimizing NNI: done in 22.7052 secs using 975.5% CPU
Optimizing NNI: done in 17.5199 secs using 977.2% CPU
Optimizing NNI: done in 20.4133 secs using 976% CPU
Optimizing NNI: done in 17.2399 secs using 977.8% CPU
Optimizing NNI: done in 27.4084 secs using 977.7% CPU
Optimizing NNI: done in 14.7387 secs using 975.4% CPU
Iteration 90 / LogL: -13157.434 / Time: 0h:39m:39s (0h:15m:35s left)
Optimizing NNI: done in 32.646 secs using 977.2% CPU
Optimizing NNI: done in 24.204 secs using 974.1% CPU
Optimizing NNI: done in 27.2636 secs using 977% CPU
Optimizing NNI: done in 21.0423 secs using 976.2% CPU
Optimizing NNI: done in 21.4539 secs using 968% CPU
Optimizing NNI: done in 20.4156 secs using 970.9% CPU
Optimizing NNI: done in 21.4442 secs using 975.5% CPU
Optimizing NNI: done in 19.976 secs using 974.6% CPU
Optimizing NNI: done in 20.4548 secs using 976.5% CPU
Optimizing NNI: done in 32.4575 secs using 973.7% CPU
Iteration 100 / LogL: -13150.213 / Time: 0h:43m:43s (0h:11m:2s left)
Log-likelihood cutoff on original alignment: -13195.982
NOTE: Bootstrap correlation coefficient of split occurrence frequencies: 0.997
UFBoot trees printed to iqtree_gene_trees/COG4107.ufboot
Optimizing NNI: done in 24.6453 secs using 979.1% CPU
Optimizing NNI: done in 19.6464 secs using 976.6% CPU
UPDATE BEST LOG-LIKELIHOOD: -13150.211
Optimizing NNI: done in 21.5821 secs using 979.9% CPU
Optimizing NNI: done in 22.9929 secs using 976% CPU
Optimizing NNI: done in 20.5345 secs using 975.9% CPU
Optimizing NNI: done in 21.9647 secs using 977% CPU
Optimizing NNI: done in 16.4832 secs using 976.6% CPU
Optimizing NNI: done in 23.36 secs using 972.7% CPU
Optimizing NNI: done in 24.6864 secs using 973.9% CPU
Optimizing NNI: done in 24.0558 secs using 978.1% CPU
Iteration 110 / LogL: -13150.313 / Time: 0h:47m:25s (0h:39m:9s left)
Optimizing NNI: done in 25.0277 secs using 970.8% CPU
Optimizing NNI: done in 18.195 secs using 971.1% CPU
Optimizing NNI: done in 27.2729 secs using 975.2% CPU
Optimizing NNI: done in 21.3656 secs using 975.8% CPU
Optimizing NNI: done in 19.632 secs using 980.7% CPU
Optimizing NNI: done in 28.7822 secs using 980% CPU
Optimizing NNI: done in 20.6165 secs using 980.6% CPU
Optimizing NNI: done in 21.2487 secs using 979.9% CPU
Optimizing NNI: done in 32.1942 secs using 976% CPU
Optimizing NNI: done in 16.3107 secs using 976.1% CPU
Iteration 120 / LogL: -13153.282 / Time: 0h:51m:18s (0h:34m:29s left)
Optimizing NNI: done in 23.2858 secs using 976.5% CPU
Optimizing NNI: done in 22.4799 secs using 977.8% CPU
Optimizing NNI: done in 23.4894 secs using 976.2% CPU
Optimizing NNI: done in 27.4271 secs using 977.7% CPU
Optimizing NNI: done in 24.6045 secs using 974.9% CPU
Optimizing NNI: done in 28.058 secs using 976.5% CPU
TREE SEARCH COMPLETED AFTER 126 ITERATIONS / Time: 0h:53m:48s

--------------------------------------------------------------------
|                    FINALIZING TREE SEARCH                        |
--------------------------------------------------------------------
Performs final model parameters optimization
Estimate model parameters (epsilon = 0.010)
1. Initial log-likelihood: -13150.211
Optimal log-likelihood: -13150.211
Mixture weights: 0.017 0.021 0.028 0.007 0.014 0.007 0.015 0.007 0.002 0.010 0.023 0.006 0.013 0.020 0.007 0.012 0.007 0.043 0.032 0.022 0.010 0.015 0.013 0.015 0.024 0.013 0.022 0.025 0.021 0.012 0.008 0.013 0.009 0.047 0.044 0.032 0.040 0.015 0.010 0.021 0.015 0.010 0.023 0.012 0.007 0.000 0.034 0.011 0.013 0.012 0.026 0.006 0.010 0.014 0.022 0.020 0.004 0.011 0.013 0.012
Gamma shape alpha: 0.431
Parameters optimization took 1 rounds (2.339 sec)
BEST SCORE FOUND : -13150.211
Creating bootstrap support values...
Split supports printed to NEXUS file iqtree_gene_trees/COG4107.splits.nex
Total tree length: 36.641

Total number of iterations: 126
CPU time used for tree search: 31179.153 sec (8h:39m:39s)
Wall-clock time used for tree search: 3210.344 sec (0h:53m:30s)
Total CPU time used: 31374.449 sec (8h:42m:54s)
Total wall-clock time used: 3231.391 sec (0h:53m:51s)
UFBoot trees printed to iqtree_gene_trees/COG4107.ufboot

Computing bootstrap consensus tree...
Reading input file iqtree_gene_trees/COG4107.splits.nex...
45 taxa and 455 splits.
Consensus tree written to iqtree_gene_trees/COG4107.contree
Reading input trees file iqtree_gene_trees/COG4107.contree
Log-likelihood of consensus tree: -13150.212

Analysis results written to: 
  IQ-TREE report:                iqtree_gene_trees/COG4107.iqtree
  Maximum-likelihood tree:       iqtree_gene_trees/COG4107.treefile
  Likelihood distances:          iqtree_gene_trees/COG4107.mldist

Ultrafast bootstrap approximation results written to:
  Split support values:          iqtree_gene_trees/COG4107.splits.nex
  Consensus tree:                iqtree_gene_trees/COG4107.contree
  UFBoot trees:                  iqtree_gene_trees/COG4107.ufboot
  Screen log file:               iqtree_gene_trees/COG4107.log

ALISIM COMMAND
--------------
Currently, we only support exporting AliSim commands from common models of DNA, Protein, Binary, and Morphological data. To simulate data from other models (mixture, lie-markov, etc), please refer to the User Manual of AliSim. Thanks!

Date and Time: Sun Apr  9 05:38:00 2023
