IQ-TREE multicore version 2.2.0.3 COVID-edition for Linux 64-bit built Aug  2 2022
Developed by Bui Quang Minh, James Barbetti, Nguyen Lam Tung,
Olga Chernomor, Heiko Schmidt, Dominik Schrempf, Michael Woodhams, Ly Trong Nhan.

Host:    baross.its.carleton.edu (AVX2, FMA3, 755 GB RAM)
Command: iqtree -s gene_alignments/trimv2_COG4558.afa --nmax 3000 -m MFP -bb 1000 -wbtl -ntmax 10 -nt AUTO -T 10 --prefix iqtree_gene_trees/COG4558 -madd C10,C20,C30,C40,C50,C60,EX2,EX3,EHO,UL2,UL3,EX_EHO,LG4M,LG4X,CF4,LG+C10,LG+C20,LG+C30,LG+C40,LG+C50,LG+C60 -mrate E,I,G,I+G,R
Seed:    829341 (Using SPRNG - Scalable Parallel Random Number Generator)
Time:    Mon Apr 10 20:57:47 2023
Kernel:  AVX+FMA - 10 threads (96 CPU cores detected)

Reading alignment file gene_alignments/trimv2_COG4558.afa ... Fasta format detected
Reading fasta file: done in 0.000452124 secs using 71.44% CPU
Alignment most likely contains protein sequences
Constructing alignment: done in 0.00123021 secs using 874.7% CPU
Alignment has 38 sequences with 336 columns, 336 distinct patterns
312 parsimony-informative, 20 singleton sites, 4 constant sites
                                                                 Gap/Ambiguity  Composition  p-value
Analyzing sequences: done in 3.9818e-05 secs using 816.2% CPU
   1  GCA.002722565.1.Bacteria.Actinobacteriota_PBMG01000003.1_162       2.08%    passed      7.26%
   2  GCA.002348365.1.Bacteria.Proteobacteria_DEBC01000124.1_11         16.96%    passed     82.21%
   3  GCA.002898795.1.Bacteria.Desulfobacterota.B_BEIG01000087.1_13     19.94%    failed      0.36%
   4  GCA.002746645.1.Bacteria.Proteobacteria_PDPU01000002.1_10          6.55%    passed     62.60%
   5  GCF.003052605.1.Bacteria.Proteobacteria_NZ_QASO01000064.1_20      13.10%    failed      0.08%
   6  GCA.002352645.1.Bacteria.Actinobacteriota_DEIU01000062.1_18        4.76%    passed     34.75%
   7  GCA.002480495.1.Bacteria.Proteobacteria_DLCG01000009.1_426        12.80%    passed     25.35%
   8  GCA.002721365.1.Bacteria.Proteobacteria_PBKC01000092.1_47         13.10%    passed     43.71%
   9  GCA.002293295.1.Bacteria.Firmicutes.A_DBCY01000032.1_1            12.50%    failed      0.00%
  10  GCA.002238415.1.Bacteria.Desulfobacterota.B_MPMI01000003.1_136    18.75%    failed      0.00%
  11  GCA.006969625.1.Bacteria.Proteobacteria_CP030885.1_3783           15.77%    passed      5.70%
  12  GCA.002712165.1.Bacteria.Proteobacteria_PASS01000085.1_7          17.26%    failed      0.00%
  13  GCA.002730875.1.Bacteria.Spirochaetota_PCBI01000005.1_12          16.37%    passed     14.50%
  14  GCF.000013045.1.Bacteria.Bacteroidota_NC_007677.1_2862             9.82%    passed     48.81%
  15  GCA.002721815.1.Bacteria.Myxococcota_PBLQ01000022.1_83            16.07%    failed      1.37%
  16  GCF.003258945.1.Bacteria.Proteobacteria_NZ_QLIX01000001.1_178     13.10%    failed      0.04%
  17  GCF.900106035.1.Bacteria.Actinobacteriota_NZ_FNUC01000004.1_684    6.55%    failed      1.28%
  18  GCA.002429065.1.Bacteria.Verrucomicrobiota_DIYN01000014.1_114     18.75%    passed     29.90%
  19  GCF.001720165.1.Bacteria.Proteobacteria_NZ_MCRI01000001.1_30      14.29%    failed      0.00%
  20  GCA.003454415.1.Bacteria.Proteobacteria_DMKG01000227.1_13         15.18%    passed     42.30%
  21  GCF.000374645.1.Bacteria.Proteobacteria_NZ_KB894822.1_11          15.48%    failed      0.95%
  22  GCA.003170555.1.Bacteria.FEN.1099_PMZC01000193.1_23               15.48%    failed      4.58%
  23  GCA.002344285.1.Bacteria.Myxococcota_DDTA01000122.1_28            13.99%    failed      0.49%
  24  GCF.900102465.1.Bacteria.Proteobacteria_NZ_FNBW01000015.1_91      13.39%    passed     66.76%
  25  GCF.900177345.1.Bacteria.Proteobacteria_NZ_FWZT01000016.1_83      15.77%    failed      0.00%
  26  GCF.000384115.1.Bacteria.Actinobacteriota_NZ_KB913029.1_4314       4.46%    passed     83.94%
  27  GCA.002239025.1.Bacteria.Chloroflexota_MPNM01000003.1_5            3.87%    failed      0.71%
  28  GCA.001464275.1.Bacteria.Actinobacteriota_LNFL01000057.1_63        7.14%    failed      0.02%
  29  GCA.001767695.1.Bacteria.Actinobacteriota_MELR01000021.1_11        6.85%    failed      3.64%
  30  GCF.002798435.1.Bacteria.Proteobacteria_WP_109795226.1            12.20%    passed      8.35%
  31  GCF.000374645.1.Bacteria.Proteobacteria_NZ_KB894806.1_70          14.58%    failed      0.15%
  32  GCA.002238415.1.Bacteria.Desulfobacterota.B_MPMI01000011.1_39     16.07%    passed     44.24%
  33  GCF.003612015.1.Bacteria.Proteobacteria_NZ_RARB01000003.1_228     18.75%    passed     41.82%
  34  GCA.001567195.1.Bacteria.Bacteroidota_LMYZ01000093.1_24           11.01%    passed     29.33%
  35  GCA.001464215.1.Bacteria.Proteobacteria_LNEZ01000007.1_15          8.33%    passed     55.00%
  36  GCF.000264455.2.Bacteria.Proteobacteria_NC_017956.1_1349          14.29%    failed      0.25%
  37  GCA.002731275.1.Bacteria.Myxococcota_PCBK01000082.1_45            10.71%    failed      0.00%
  38  GCA.002726535.1.Bacteria.Myxococcota_PBTG01000144.1_5              7.44%    failed      0.00%
****  TOTAL                                                             12.46%  20 sequences failed composition chi2 test (p-value<5%; df=19)
Checking for duplicate sequences: done in 0.000286321 secs using 985.6% CPU


Create initial parsimony tree by phylogenetic likelihood library (PLL)... 0.014 seconds
Perform fast likelihood tree search using LG+I+G model...
Estimate model parameters (epsilon = 5.000)
Perform nearest neighbor interchange...
Optimizing NNI: done in 0.475536 secs using 995.9% CPU
Estimate model parameters (epsilon = 1.000)
1. Initial log-likelihood: -21782.966
Optimal log-likelihood: -21782.886
Proportion of invariable sites: 0.008
Gamma shape alpha: 1.616
Parameters optimization took 1 rounds (0.055 sec)
Time for fast ML tree search: 0.758 seconds

NOTE: ModelFinder requires 22 MB RAM!
ModelFinder will test up to 749 protein models (sample size: 336) ...
 No. Model         -LnL         df  AIC          AICc         BIC
  1  LG            22440.605    73  45027.210    45068.447    45305.859
  2  LG+I          22371.550    74  44891.100    44933.629    45173.567
  3  LG+G4         21796.120    74  43740.239    43782.768    44022.706
  4  LG+I+G4       21782.891    75  43715.783    43759.629    44002.066
  5  LG+R2         21893.327    75  43936.653    43980.499    44222.937
  6  LG+R3         21809.011    77  43772.023    43818.581    44065.940
  7  LG+R4         21770.393    79  43698.787    43748.162    44000.339
  8  LG+R5         21769.692    81  43701.385    43753.684    44010.571
 14  LG+F          22435.871    92  45055.743    45126.162    45406.917
 15  LG+F+I        22360.964    93  44907.928    44980.176    45262.919
 16  LG+F+G4       21710.717    93  43607.434    43679.682    43962.425
 17  LG+F+I+G4     21696.140    94  43580.280    43654.388    43939.089
 18  LG+F+R2       21814.963    94  43817.926    43892.034    44176.735
 19  LG+F+R3       21720.749    96  43633.497    43711.422    43999.940
 20  LG+F+R4       21691.093    98  43578.185    43660.059    43952.262
 21  LG+F+R5       21685.791    100 43571.583    43657.540    43953.294
 27  WAG           22359.536    73  44865.073    44906.309    45143.722
 28  WAG+I         22297.118    74  44742.235    44784.764    45024.701
 29  WAG+G4        21857.232    74  43862.465    43904.993    44144.931
 30  WAG+I+G4      21844.774    75  43839.549    43883.395    44125.832
 31  WAG+R2        21919.776    75  43989.553    44033.399    44275.836
 32  WAG+R3        21842.888    77  43839.777    43886.335    44133.695
 33  WAG+R4        21819.218    79  43796.437    43845.812    44097.989
 34  WAG+R5        21816.118    81  43794.236    43846.535    44103.422
 40  WAG+F         22308.745    92  44801.491    44871.911    45152.665
 41  WAG+F+I       22240.544    93  44667.088    44739.336    45022.079
 42  WAG+F+G4      21755.629    93  43697.257    43769.505    44052.248
 43  WAG+F+I+G4    21741.191    94  43670.381    43744.489    44029.190
 44  WAG+F+R2      21821.795    94  43831.591    43905.699    44190.399
 45  WAG+F+R3      21745.236    96  43682.471    43760.396    44048.914
 46  WAG+F+R4      21723.196    98  43642.392    43724.266    44016.469
 47  WAG+F+R5      21718.312    100 43636.623    43722.581    44018.335
 53  JTT           22698.590    73  45543.181    45584.417    45821.830
 54  JTT+I         22632.826    74  45413.652    45456.181    45696.118
 55  JTT+G4        22065.867    74  44279.733    44322.262    44562.199
 56  JTT+I+G4      22053.858    75  44257.717    44301.563    44544.000
 57  JTT+R2        22169.810    75  44489.619    44533.466    44775.903
 58  JTT+R3        22071.423    77  44296.846    44343.404    44590.764
 59  JTT+R4        22040.089    79  44238.178    44287.553    44539.730
 60  JTT+R5        22036.129    81  44234.259    44286.558    44543.445
 66  JTT+F         22773.176    92  45730.353    45800.773    46081.527
 67  JTT+F+I       22701.305    93  45588.610    45660.858    45943.601
 68  JTT+F+G4      22023.005    93  44232.009    44304.257    44587.001
 69  JTT+F+I+G4    22010.194    94  44208.389    44282.497    44567.197
 70  JTT+F+R2      22143.451    94  44474.902    44549.010    44833.710
 71  JTT+F+R3      22029.079    96  44250.157    44328.082    44616.600
 72  JTT+F+R4      21999.965    98  44195.929    44277.803    44570.006
 73  JTT+F+R5      21994.195    100 44188.390    44274.347    44570.101
WARNING: Normalizing state frequencies so that sum of them equals to 1
 79  Q.pfam        22372.572    73  44891.143    44932.380    45169.792
WARNING: Normalizing state frequencies so that sum of them equals to 1
 80  Q.pfam+I      22299.635    74  44747.269    44789.798    45029.736
WARNING: Normalizing state frequencies so that sum of them equals to 1
 81  Q.pfam+G4     21731.917    74  43611.835    43654.363    43894.301
WARNING: Normalizing state frequencies so that sum of them equals to 1
 82  Q.pfam+I+G4   21717.182    75  43584.364    43628.210    43870.648
WARNING: Normalizing state frequencies so that sum of them equals to 1
 83  Q.pfam+R2     21827.842    75  43805.684    43849.530    44091.967
WARNING: Normalizing state frequencies so that sum of them equals to 1
 84  Q.pfam+R3     21742.602    77  43639.204    43685.762    43933.121
WARNING: Normalizing state frequencies so that sum of them equals to 1
 85  Q.pfam+R4     21709.778    79  43577.555    43626.930    43879.107
WARNING: Normalizing state frequencies so that sum of them equals to 1
 86  Q.pfam+R5     21706.745    81  43575.491    43627.790    43884.677
WARNING: Normalizing state frequencies so that sum of them equals to 1
 92  Q.pfam+F      22436.343    92  45056.686    45127.106    45407.860
WARNING: Normalizing state frequencies so that sum of them equals to 1
 93  Q.pfam+F+I    22358.040    93  44902.080    44974.327    45257.071
WARNING: Normalizing state frequencies so that sum of them equals to 1
 94  Q.pfam+F+G4   21717.482    93  43620.964    43693.212    43975.955
WARNING: Normalizing state frequencies so that sum of them equals to 1
 95  Q.pfam+F+I+G4 21702.110    94  43592.220    43666.328    43951.028
WARNING: Normalizing state frequencies so that sum of them equals to 1
 96  Q.pfam+F+R2   21820.144    94  43828.287    43902.395    44187.095
WARNING: Normalizing state frequencies so that sum of them equals to 1
 97  Q.pfam+F+R3   21728.310    96  43648.620    43726.545    44015.063
WARNING: Normalizing state frequencies so that sum of them equals to 1
 98  Q.pfam+F+R4   21701.337    98  43598.673    43680.547    43972.750
WARNING: Normalizing state frequencies so that sum of them equals to 1
 99  Q.pfam+F+R5   21695.654    100 43591.309    43677.266    43973.020
WARNING: Normalizing state frequencies so that sum of them equals to 1
105  Q.bird        23437.642    73  47021.283    47062.520    47299.932
WARNING: Normalizing state frequencies so that sum of them equals to 1
106  Q.bird+I      23347.347    74  46842.694    46885.223    47125.161
WARNING: Normalizing state frequencies so that sum of them equals to 1
107  Q.bird+G4     22506.884    74  45161.768    45204.297    45444.234
WARNING: Normalizing state frequencies so that sum of them equals to 1
108  Q.bird+I+G4   22489.670    75  45129.341    45173.187    45415.624
WARNING: Normalizing state frequencies so that sum of them equals to 1
109  Q.bird+R2     22693.460    75  45536.919    45580.765    45823.202
WARNING: Normalizing state frequencies so that sum of them equals to 1
110  Q.bird+R3     22524.031    77  45202.062    45248.620    45495.979
WARNING: Normalizing state frequencies so that sum of them equals to 1
111  Q.bird+R4     22496.735    79  45151.469    45200.844    45453.021
WARNING: Normalizing state frequencies so that sum of them equals to 1
112  Q.bird+R5     22482.305    81  45126.611    45178.910    45435.797
WARNING: Normalizing state frequencies so that sum of them equals to 1
113  Q.bird+R6     22480.704    83  45127.407    45182.741    45444.228
WARNING: Normalizing state frequencies so that sum of them equals to 1
118  Q.bird+F      23576.201    92  47336.401    47406.821    47687.576
WARNING: Normalizing state frequencies so that sum of them equals to 1
119  Q.bird+F+I    23474.935    93  47135.869    47208.117    47490.861
WARNING: Normalizing state frequencies so that sum of them equals to 1
120  Q.bird+F+G4   22411.192    93  45008.383    45080.631    45363.375
WARNING: Normalizing state frequencies so that sum of them equals to 1
121  Q.bird+F+I+G4 22394.823    94  44977.646    45051.754    45336.455
WARNING: Normalizing state frequencies so that sum of them equals to 1
122  Q.bird+F+R2   22612.571    94  45413.143    45487.250    45771.951
WARNING: Normalizing state frequencies so that sum of them equals to 1
123  Q.bird+F+R3   22439.300    96  45070.601    45148.525    45437.043
WARNING: Normalizing state frequencies so that sum of them equals to 1
124  Q.bird+F+R4   22403.839    98  45003.678    45085.552    45377.755
WARNING: Normalizing state frequencies so that sum of them equals to 1
125  Q.bird+F+R5   22392.369    100 44984.739    45070.696    45366.450
WARNING: Normalizing state frequencies so that sum of them equals to 1
126  Q.bird+F+R6   22389.545    102 44983.091    45073.271    45372.436
WARNING: Normalizing state frequencies so that sum of them equals to 1
131  Q.mammal      23240.193    73  46626.386    46667.623    46905.035
WARNING: Normalizing state frequencies so that sum of them equals to 1
132  Q.mammal+I    23154.236    74  46456.471    46499.000    46738.937
WARNING: Normalizing state frequencies so that sum of them equals to 1
133  Q.mammal+G4   22373.435    74  44894.869    44937.398    45177.335
WARNING: Normalizing state frequencies so that sum of them equals to 1
134  Q.mammal+I+G4 22357.114    75  44864.229    44908.075    45150.512
WARNING: Normalizing state frequencies so that sum of them equals to 1
135  Q.mammal+R2   22541.542    75  45233.083    45276.929    45519.366
WARNING: Normalizing state frequencies so that sum of them equals to 1
136  Q.mammal+R3   22388.781    77  44931.562    44978.120    45225.479
WARNING: Normalizing state frequencies so that sum of them equals to 1
137  Q.mammal+R4   22362.085    79  44882.169    44931.544    45183.721
WARNING: Normalizing state frequencies so that sum of them equals to 1
138  Q.mammal+R5   22351.312    81  44864.624    44916.924    45173.810
WARNING: Normalizing state frequencies so that sum of them equals to 1
139  Q.mammal+R6   22348.797    83  44863.594    44918.927    45180.414
WARNING: Normalizing state frequencies so that sum of them equals to 1
144  Q.mammal+F    23344.052    92  46872.103    46942.523    47223.278
WARNING: Normalizing state frequencies so that sum of them equals to 1
145  Q.mammal+F+I  23249.726    93  46685.452    46757.700    47040.444
WARNING: Normalizing state frequencies so that sum of them equals to 1
146  Q.mammal+F+G4 22283.619    93  44753.238    44825.486    45108.230
WARNING: Normalizing state frequencies so that sum of them equals to 1
147  Q.mammal+F+I+G4 22267.988    94  44723.976    44798.084    45082.784
WARNING: Normalizing state frequencies so that sum of them equals to 1
148  Q.mammal+F+R2 22465.445    94  45118.890    45192.998    45477.698
WARNING: Normalizing state frequencies so that sum of them equals to 1
149  Q.mammal+F+R3 22309.600    96  44811.200    44889.125    45177.643
WARNING: Normalizing state frequencies so that sum of them equals to 1
150  Q.mammal+F+R4 22275.948    98  44747.896    44829.770    45121.973
WARNING: Normalizing state frequencies so that sum of them equals to 1
151  Q.mammal+F+R5 22262.782    100 44725.565    44811.522    45107.276
WARNING: Normalizing state frequencies so that sum of them equals to 1
152  Q.mammal+F+R6 22261.845    102 44727.689    44817.869    45117.034
157  Q.insect      22879.463    73  45904.927    45946.164    46183.576
158  Q.insect+I    22803.845    74  45755.690    45798.219    46038.156
159  Q.insect+G4   22122.515    74  44393.030    44435.559    44675.496
160  Q.insect+I+G4 22108.986    75  44367.971    44411.817    44654.254
161  Q.insect+R2   22259.077    75  44668.154    44712.000    44954.437
162  Q.insect+R3   22139.715    77  44433.429    44479.988    44727.347
163  Q.insect+R4   22103.141    79  44364.283    44413.658    44665.835
164  Q.insect+R5   22095.875    81  44353.749    44406.048    44662.935
165  Q.insect+R6   22095.566    83  44357.132    44412.466    44673.953
170  Q.insect+F    22829.986    92  45843.972    45914.392    46195.147
171  Q.insect+F+I  22748.951    93  45683.902    45756.150    46038.893
172  Q.insect+F+G4 21939.111    93  44064.222    44136.470    44419.214
173  Q.insect+F+I+G4 21924.867    94  44037.735    44111.843    44396.543
174  Q.insect+F+R2 22094.293    94  44376.586    44450.694    44735.394
175  Q.insect+F+R3 21956.860    96  44105.720    44183.645    44472.162
176  Q.insect+F+R4 21923.189    98  44042.377    44124.251    44416.454
177  Q.insect+F+R5 21914.069    100 44028.138    44114.096    44409.849
178  Q.insect+F+R6 21912.137    102 44028.274    44118.454    44417.619
WARNING: Normalizing state frequencies so that sum of them equals to 1
183  Q.plant       23010.406    73  46166.812    46208.048    46445.461
WARNING: Normalizing state frequencies so that sum of them equals to 1
184  Q.plant+I     22929.681    74  46007.362    46049.891    46289.828
WARNING: Normalizing state frequencies so that sum of them equals to 1
185  Q.plant+G4    22154.415    74  44456.831    44499.360    44739.297
WARNING: Normalizing state frequencies so that sum of them equals to 1
186  Q.plant+I+G4  22140.928    75  44431.857    44475.703    44718.140
WARNING: Normalizing state frequencies so that sum of them equals to 1
187  Q.plant+R2    22316.569    75  44783.137    44826.983    45069.421
WARNING: Normalizing state frequencies so that sum of them equals to 1
188  Q.plant+R3    22174.342    77  44502.684    44549.242    44796.601
WARNING: Normalizing state frequencies so that sum of them equals to 1
189  Q.plant+R4    22133.122    79  44424.243    44473.618    44725.795
WARNING: Normalizing state frequencies so that sum of them equals to 1
190  Q.plant+R5    22126.203    81  44414.407    44466.706    44723.593
WARNING: Normalizing state frequencies so that sum of them equals to 1
191  Q.plant+R6    22125.367    83  44416.735    44472.068    44733.555
WARNING: Normalizing state frequencies so that sum of them equals to 1
196  Q.plant+F     23039.211    92  46262.423    46332.843    46613.597
WARNING: Normalizing state frequencies so that sum of them equals to 1
197  Q.plant+F+I   22952.453    93  46090.906    46163.154    46445.897
WARNING: Normalizing state frequencies so that sum of them equals to 1
198  Q.plant+F+G4  22053.917    93  44293.833    44366.081    44648.825
WARNING: Normalizing state frequencies so that sum of them equals to 1
199  Q.plant+F+I+G4 22039.515    94  44267.031    44341.139    44625.839
WARNING: Normalizing state frequencies so that sum of them equals to 1
200  Q.plant+F+R2  22223.629    94  44635.259    44709.367    44994.067
WARNING: Normalizing state frequencies so that sum of them equals to 1
201  Q.plant+F+R3  22073.374    96  44338.748    44416.672    44705.190
WARNING: Normalizing state frequencies so that sum of them equals to 1
202  Q.plant+F+R4  22042.413    98  44280.827    44362.700    44654.904
WARNING: Normalizing state frequencies so that sum of them equals to 1
203  Q.plant+F+R5  22030.136    100 44260.273    44346.230    44641.984
WARNING: Normalizing state frequencies so that sum of them equals to 1
204  Q.plant+F+R6  22027.694    102 44259.388    44349.568    44648.733
WARNING: Normalizing state frequencies so that sum of them equals to 1
209  Q.yeast       22860.854    73  45867.709    45908.946    46146.358
WARNING: Normalizing state frequencies so that sum of them equals to 1
210  Q.yeast+I     22784.620    74  45717.239    45759.768    45999.705
WARNING: Normalizing state frequencies so that sum of them equals to 1
211  Q.yeast+G4    22134.254    74  44416.509    44459.038    44698.975
WARNING: Normalizing state frequencies so that sum of them equals to 1
212  Q.yeast+I+G4  22119.218    75  44388.437    44432.283    44674.720
WARNING: Normalizing state frequencies so that sum of them equals to 1
213  Q.yeast+R2    22269.163    75  44688.325    44732.171    44974.608
WARNING: Normalizing state frequencies so that sum of them equals to 1
214  Q.yeast+R3    22145.767    77  44445.534    44492.092    44739.451
WARNING: Normalizing state frequencies so that sum of them equals to 1
215  Q.yeast+R4    22115.773    79  44389.546    44438.921    44691.098
WARNING: Normalizing state frequencies so that sum of them equals to 1
216  Q.yeast+R5    22108.766    81  44379.532    44431.831    44688.718
WARNING: Normalizing state frequencies so that sum of them equals to 1
217  Q.yeast+R6    22108.321    83  44382.642    44437.976    44699.462
WARNING: Normalizing state frequencies so that sum of them equals to 1
222  Q.yeast+F     22704.058    92  45592.116    45662.535    45943.290
WARNING: Normalizing state frequencies so that sum of them equals to 1
223  Q.yeast+F+I   22624.151    93  45434.303    45506.551    45789.294
WARNING: Normalizing state frequencies so that sum of them equals to 1
224  Q.yeast+F+G4  21869.229    93  43924.458    43996.706    44279.449
WARNING: Normalizing state frequencies so that sum of them equals to 1
225  Q.yeast+F+I+G4 21853.542    94  43895.084    43969.191    44253.892
WARNING: Normalizing state frequencies so that sum of them equals to 1
226  Q.yeast+F+R2  22007.176    94  44202.352    44276.460    44561.161
WARNING: Normalizing state frequencies so that sum of them equals to 1
227  Q.yeast+F+R3  21880.827    96  43953.655    44031.580    44320.098
WARNING: Normalizing state frequencies so that sum of them equals to 1
228  Q.yeast+F+R4  21854.369    98  43904.739    43986.612    44278.816
WARNING: Normalizing state frequencies so that sum of them equals to 1
229  Q.yeast+F+R5  21843.281    100 43886.562    43972.520    44268.273
WARNING: Normalizing state frequencies so that sum of them equals to 1
230  Q.yeast+F+R6  21841.749    102 43887.499    43977.679    44276.844
235  JTTDCMut      22694.043    73  45534.085    45575.322    45812.735
236  JTTDCMut+I    22629.017    74  45406.034    45448.562    45688.500
237  JTTDCMut+G4   22068.003    74  44284.006    44326.535    44566.472
238  JTTDCMut+I+G4 22056.150    75  44262.300    44306.146    44548.583
239  JTTDCMut+R2   22169.884    75  44489.768    44533.615    44776.052
240  JTTDCMut+R3   22073.557    77  44301.114    44347.672    44595.031
241  JTTDCMut+R4   22041.355    79  44240.711    44290.086    44542.262
242  JTTDCMut+R5   22037.400    81  44236.800    44289.099    44545.986
248  JTTDCMut+F    22764.126    92  45712.253    45782.672    46063.427
249  JTTDCMut+F+I  22693.079    93  45572.158    45644.406    45927.149
250  JTTDCMut+F+G4 22020.356    93  44226.711    44298.959    44581.703
251  JTTDCMut+F+I+G4 22007.790    94  44203.580    44277.687    44562.388
252  JTTDCMut+F+R2 22139.302    94  44466.605    44540.713    44825.413
253  JTTDCMut+F+R3 22026.544    96  44245.087    44323.012    44611.530
254  JTTDCMut+F+R4 21996.830    98  44189.661    44271.534    44563.738
255  JTTDCMut+F+R5 21991.089    100 44182.178    44268.136    44563.890
261  DCMut         22842.377    73  45830.754    45871.991    46109.403
262  DCMut+I       22772.617    74  45693.235    45735.764    45975.701
263  DCMut+G4      22173.062    74  44494.124    44536.653    44776.590
264  DCMut+I+G4    22158.930    75  44467.861    44511.707    44754.144
265  DCMut+R2      22287.278    75  44724.556    44768.402    45010.839
266  DCMut+R3      22176.383    77  44506.767    44553.325    44800.685
267  DCMut+R4      22136.998    79  44431.997    44481.372    44733.549
268  DCMut+R5      22127.748    81  44417.496    44469.795    44726.682
269  DCMut+R6      22127.795    83  44421.589    44476.923    44738.410
274  DCMut+F       22837.541    92  45859.082    45929.501    46210.256
275  DCMut+F+I     22762.076    93  45710.152    45782.400    46065.143
276  DCMut+F+G4    22054.186    93  44294.371    44366.619    44649.363
277  DCMut+F+I+G4  22039.472    94  44266.943    44341.051    44625.752
278  DCMut+F+R2    22197.884    94  44583.769    44657.877    44942.577
279  DCMut+F+R3    22060.837    96  44313.674    44391.599    44680.117
280  DCMut+F+R4    22025.897    98  44247.794    44329.667    44621.870
281  DCMut+F+R5    22014.377    100 44228.755    44314.712    44610.466
282  DCMut+F+R6    22014.063    102 44232.126    44322.306    44621.471
287  VT            22397.295    73  44940.589    44981.826    45219.238
288  VT+I          22338.093    74  44824.186    44866.714    45106.652
289  VT+G4         21902.504    74  43953.008    43995.537    44235.475
290  VT+I+G4       21890.388    75  43930.775    43974.622    44217.059
291  VT+R2         21966.047    75  44082.094    44125.940    44368.377
292  VT+R3         21891.744    77  43937.488    43984.046    44231.406
293  VT+R4         21871.116    79  43900.233    43949.608    44201.785
294  VT+R5         21869.808    81  43901.617    43953.916    44210.803
300  VT+F          22369.852    92  44923.704    44994.124    45274.879
301  VT+F+I        22307.409    93  44800.818    44873.066    45155.809
302  VT+F+G4       21819.894    93  43825.789    43898.036    44180.780
303  VT+F+I+G4     21807.001    94  43802.002    43876.110    44160.810
304  VT+F+R2       21888.159    94  43964.319    44038.427    44323.127
305  VT+F+R3       21813.387    96  43818.774    43896.698    44185.216
306  VT+F+R4       21791.653    98  43779.305    43861.179    44153.382
307  VT+F+R5       21788.585    100 43777.170    43863.127    44158.881
313  PMB           22475.536    73  45097.072    45138.308    45375.721
314  PMB+I         22415.466    74  44978.933    45021.461    45261.399
315  PMB+G4        21986.242    74  44120.483    44163.012    44402.949
316  PMB+I+G4      21972.521    75  44095.042    44138.888    44381.325
317  PMB+R2        22035.985    75  44221.971    44265.817    44508.254
318  PMB+R3        21972.343    77  44098.686    44145.244    44392.603
319  PMB+R4        21954.919    79  44067.837    44117.212    44369.389
320  PMB+R5        21954.447    81  44070.895    44123.194    44380.081
326  PMB+F         22384.561    92  44953.121    45023.541    45304.296
327  PMB+F+I       22321.637    93  44829.274    44901.522    45184.265
328  PMB+F+G4      21845.663    93  43877.326    43949.574    44232.317
329  PMB+F+I+G4    21831.830    94  43851.659    43925.767    44210.467
330  PMB+F+R2      21904.637    94  43997.274    44071.382    44356.083
331  PMB+F+R3      21835.712    96  43863.424    43941.349    44229.867
332  PMB+F+R4      21817.556    98  43831.112    43912.985    44205.188
333  PMB+F+R5      21815.849    100 43831.697    43917.655    44213.409
339  Blosum62      22473.586    73  45093.173    45134.409    45371.822
340  Blosum62+I    22412.452    74  44972.905    45015.433    45255.371
341  Blosum62+G4   21987.542    74  44123.085    44165.613    44405.551
342  Blosum62+I+G4 21973.589    75  44097.177    44141.023    44383.461
343  Blosum62+R2   22039.124    75  44228.248    44272.094    44514.531
344  Blosum62+R3   21973.331    77  44100.662    44147.221    44394.580
345  Blosum62+R4   21956.528    79  44071.056    44120.431    44372.608
346  Blosum62+R5   21956.199    81  44074.399    44126.698    44383.585
352  Blosum62+F    22351.915    92  44887.829    44958.249    45239.003
353  Blosum62+F+I  22287.709    93  44761.419    44833.667    45116.410
354  Blosum62+F+G4 21821.227    93  43828.454    43900.702    44183.445
355  Blosum62+F+I+G4 21806.782    94  43801.564    43875.672    44160.373
356  Blosum62+F+R2 21878.725    94  43945.451    44019.559    44304.259
357  Blosum62+F+R3 21808.514    96  43809.027    43886.952    44175.470
358  Blosum62+F+R4 21791.988    98  43779.976    43861.849    44154.053
359  Blosum62+F+R5 21789.037    100 43778.075    43864.032    44159.786
365  Dayhoff       22842.779    73  45831.558    45872.795    46110.208
366  Dayhoff+I     22772.911    74  45693.822    45736.351    45976.288
367  Dayhoff+G4    22172.323    74  44492.646    44535.175    44775.112
368  Dayhoff+I+G4  22158.171    75  44466.342    44510.189    44752.626
369  Dayhoff+R2    22286.646    75  44723.292    44767.138    45009.575
370  Dayhoff+R3    22175.598    77  44505.196    44551.754    44799.113
371  Dayhoff+R4    22136.051    79  44430.102    44479.477    44731.654
372  Dayhoff+R5    22126.914    81  44415.828    44468.127    44725.014
373  Dayhoff+R6    22126.949    83  44419.899    44475.232    44736.719
378  Dayhoff+F     22838.801    92  45861.601    45932.021    46212.775
379  Dayhoff+F+I   22763.226    93  45712.453    45784.701    46067.444
380  Dayhoff+F+G4  22054.122    93  44294.245    44366.493    44649.236
381  Dayhoff+F+I+G4 22039.361    94  44266.723    44340.831    44625.531
382  Dayhoff+F+R2  22198.033    94  44584.065    44658.173    44942.874
383  Dayhoff+F+R3  22060.685    96  44313.371    44391.296    44679.814
384  Dayhoff+F+R4  22025.630    98  44247.261    44329.134    44621.338
385  Dayhoff+F+R5  22014.111    100 44228.222    44314.180    44609.934
386  Dayhoff+F+R6  22013.812    102 44231.624    44321.804    44620.969
391  mtREV         24672.126    73  49490.252    49531.489    49768.901
392  mtREV+I       24570.803    74  49289.606    49332.135    49572.073
393  mtREV+G4      23420.518    74  46989.036    47031.565    47271.502
394  mtREV+I+G4    23406.147    75  46962.295    47006.141    47248.578
395  mtREV+R2      23626.385    75  47402.771    47446.617    47689.054
396  mtREV+R3      23463.509    77  47081.017    47127.575    47374.935
397  mtREV+R4      23396.238    79  46950.475    46999.850    47252.027
398  mtREV+R5      23386.769    81  46935.538    46987.837    47244.724
399  mtREV+R6      23376.134    83  46918.268    46973.601    47235.088
400  mtREV+R7      23373.486    85  46916.973    46975.453    47241.427
404  mtREV+F       23249.278    92  46682.556    46752.976    47033.730
405  mtREV+F+I     23151.063    93  46488.126    46560.374    46843.118
406  mtREV+F+G4    22150.166    93  44486.332    44558.580    44841.323
407  mtREV+F+I+G4  22139.414    94  44466.829    44540.936    44825.637
408  mtREV+F+R2    22347.242    94  44882.483    44956.591    45241.292
409  mtREV+F+R3    22190.449    96  44572.897    44650.822    44939.340
410  mtREV+F+R4    22130.362    98  44456.724    44538.597    44830.801
411  mtREV+F+R5    22117.470    100 44434.939    44520.897    44816.650
412  mtREV+F+R6    22111.784    102 44427.569    44517.749    44816.914
417  mtART         25760.684    73  51667.369    51708.606    51946.018
418  mtART+I       25647.079    74  51442.159    51484.687    51724.625
419  mtART+G4      23941.125    74  48030.249    48072.778    48312.716
420  mtART+I+G4    23915.119    75  47980.237    48024.083    48266.520
421  mtART+R2      24200.505    75  48551.010    48594.856    48837.293
422  mtART+R3      23971.694    77  48097.388    48143.946    48391.306
423  mtART+R4      23909.827    79  47977.654    48027.029    48279.206
424  mtART+R5      23882.388    81  47926.775    47979.075    48235.961
425  mtART+R6      23874.034    83  47914.068    47969.402    48230.889
426  mtART+R7      23872.184    85  47914.368    47972.848    48238.823
430  mtART+F       24179.683    92  48543.366    48613.786    48894.540
431  mtART+F+I     24063.579    93  48313.158    48385.406    48668.149
432  mtART+F+G4    22509.172    93  45204.344    45276.592    45559.335
433  mtART+F+I+G4  22498.567    94  45185.134    45259.242    45543.942
434  mtART+F+R2    22768.475    94  45724.949    45799.057    46083.758
435  mtART+F+R3    22559.313    96  45310.627    45388.551    45677.069
436  mtART+F+R4    22479.150    98  45154.299    45236.173    45528.376
437  mtART+F+R5    22457.698    100 45115.396    45201.354    45497.107
438  mtART+F+R6    22450.429    102 45104.858    45195.038    45494.203
439  mtART+F+R7    22448.686    104 45105.373    45199.918    45502.352
443  mtZOA         24733.844    73  49613.687    49654.924    49892.337
444  mtZOA+I       24630.489    74  49408.979    49451.507    49691.445
445  mtZOA+G4      23174.754    74  46497.508    46540.037    46779.974
446  mtZOA+I+G4    23155.604    75  46461.209    46505.055    46747.492
447  mtZOA+R2      23385.314    75  46920.629    46964.475    47206.912
448  mtZOA+R3      23192.937    77  46539.873    46586.431    46833.791
449  mtZOA+R4      23148.871    79  46455.742    46505.117    46757.294
450  mtZOA+R5      23136.644    81  46435.288    46487.587    46744.474
451  mtZOA+R6      23135.844    83  46437.687    46493.021    46754.508
456  mtZOA+F       23687.214    92  47558.428    47628.847    47909.602
457  mtZOA+F+I     23591.617    93  47369.233    47441.481    47724.225
458  mtZOA+F+G4    22262.775    93  44711.550    44783.798    45066.541
459  mtZOA+F+I+G4  22251.373    94  44690.746    44764.854    45049.554
460  mtZOA+F+R2    22484.528    94  45157.057    45231.165    45515.865
461  mtZOA+F+R3    22290.880    96  44773.760    44851.684    45140.202
462  mtZOA+F+R4    22243.983    98  44683.966    44765.839    45058.043
463  mtZOA+F+R5    22226.023    100 44652.046    44738.004    45033.757
464  mtZOA+F+R6    22219.997    102 44643.994    44734.174    45033.339
465  mtZOA+F+R7    22218.247    104 44644.494    44739.039    45041.473
469  mtMet         25212.616    73  50571.231    50612.468    50849.880
470  mtMet+I       25121.887    74  50391.774    50434.303    50674.240
471  mtMet+G4      23886.805    74  47921.611    47964.140    48204.077
472  mtMet+I+G4    23868.454    75  47886.909    47930.755    48173.192
473  mtMet+R2      24097.508    75  48345.016    48388.862    48631.299
474  mtMet+R3      23911.165    77  47976.331    48022.889    48270.248
475  mtMet+R4      23873.608    79  47905.216    47954.591    48206.767
476  mtMet+R5      23856.995    81  47875.989    47928.289    48185.175
477  mtMet+R6      23851.085    83  47868.169    47923.503    48184.990
478  mtMet+R7      23848.065    85  47866.130    47924.610    48190.584
482  mtMet+F       23593.445    92  47370.890    47441.310    47722.064
483  mtMet+F+I     23503.605    93  47193.209    47265.457    47548.201
484  mtMet+F+G4    22296.615    93  44779.229    44851.477    45134.221
485  mtMet+F+I+G4  22285.811    94  44759.621    44833.729    45118.429
486  mtMet+F+R2    22523.609    94  45235.218    45309.325    45594.026
487  mtMet+F+R3    22336.587    96  44865.174    44943.099    45231.617
488  mtMet+F+R4    22282.937    98  44761.873    44843.747    45135.950
489  mtMet+F+R5    22274.744    100 44749.489    44835.446    45131.200
490  mtMet+F+R6    22262.328    102 44728.657    44818.837    45118.002
491  mtMet+F+R7    22261.261    104 44730.523    44825.068    45127.502
495  mtVer         25276.660    73  50699.320    50740.557    50977.969
496  mtVer+I       25166.822    74  50481.645    50524.174    50764.111
497  mtVer+G4      23745.681    74  47639.361    47681.890    47921.827
498  mtVer+I+G4    23725.349    75  47600.698    47644.544    47886.981
499  mtVer+R2      23979.696    75  48109.393    48153.239    48395.676
500  mtVer+R3      23775.005    77  47704.009    47750.568    47997.927
501  mtVer+R4      23731.669    79  47621.338    47670.713    47922.890
502  mtVer+R5      23710.520    81  47583.040    47635.339    47892.226
503  mtVer+R6      23708.159    83  47582.319    47637.652    47899.139
508  mtVer+F       23818.274    92  47820.547    47890.967    48171.722
509  mtVer+F+I     23719.590    93  47625.180    47697.428    47980.172
510  mtVer+F+G4    22457.184    93  45100.367    45172.615    45455.359
511  mtVer+F+I+G4  22445.885    94  45079.771    45153.879    45438.579
512  mtVer+F+R2    22722.219    94  45632.438    45706.545    45991.246
513  mtVer+F+R3    22512.297    96  45216.595    45294.520    45583.038
514  mtVer+F+R4    22441.885    98  45079.769    45161.643    45453.846
515  mtVer+F+R5    22429.644    100 45059.287    45145.245    45440.998
516  mtVer+F+R6    22422.234    102 45048.468    45138.648    45437.813
517  mtVer+F+R7    22421.394    104 45050.788    45145.334    45447.768
521  mtInv         25199.470    73  50544.940    50586.177    50823.589
522  mtInv+I       25122.344    74  50392.687    50435.216    50675.154
523  mtInv+G4      24086.624    74  48321.249    48363.777    48603.715
524  mtInv+I+G4    24070.517    75  48291.034    48334.881    48577.318
525  mtInv+R2      24274.311    75  48698.622    48742.468    48984.905
526  mtInv+R3      24108.521    77  48371.041    48417.599    48664.959
527  mtInv+R4      24073.213    79  48304.425    48353.800    48605.977
528  mtInv+R5      24058.856    81  48279.712    48332.012    48588.898
529  mtInv+R6      24053.278    83  48272.557    48327.890    48589.377
534  mtInv+F       23304.579    92  46793.157    46863.577    47144.331
535  mtInv+F+I     23227.611    93  46641.222    46713.470    46996.213
536  mtInv+F+G4    22161.990    93  44509.980    44582.228    44864.971
537  mtInv+F+I+G4  22151.475    94  44490.951    44565.059    44849.759
538  mtInv+F+R2    22349.128    94  44886.256    44960.363    45245.064
539  mtInv+F+R3    22189.612    96  44571.223    44649.148    44937.666
540  mtInv+F+R4    22149.999    98  44495.999    44577.872    44870.075
541  mtInv+F+R5    22133.825    100 44467.650    44553.607    44849.361
542  mtInv+F+R6    22128.712    102 44461.424    44551.604    44850.769
547  mtMAM         25803.828    73  51753.656    51794.893    52032.305
548  mtMAM+I       25675.085    74  51498.170    51540.698    51780.636
549  mtMAM+G4      23886.221    74  47920.442    47962.970    48202.908
550  mtMAM+I+G4    23867.730    75  47885.459    47929.305    48171.742
551  mtMAM+R2      24190.648    75  48531.296    48575.142    48817.579
552  mtMAM+R3      23947.231    77  48048.463    48095.021    48342.380
553  mtMAM+R4      23853.179    79  47864.358    47913.733    48165.910
554  mtMAM+R5      23832.405    81  47826.810    47879.109    48135.996
555  mtMAM+R6      23825.920    83  47817.841    47873.174    48134.661
556  mtMAM+R7      23825.119    85  47820.237    47878.717    48144.692
560  mtMAM+F       24155.816    92  48495.632    48566.052    48846.806
561  mtMAM+F+I     24023.200    93  48232.400    48304.648    48587.391
562  mtMAM+F+G4    22538.399    93  45262.799    45335.047    45617.790
563  mtMAM+F+I+G4  22529.098    94  45246.197    45320.305    45605.005
564  mtMAM+F+R2    22873.335    94  45934.671    46008.779    46293.479
565  mtMAM+F+R3    22629.822    96  45451.643    45529.568    45818.086
566  mtMAM+F+R4    22515.858    98  45227.717    45309.590    45601.794
567  mtMAM+F+R5    22506.980    100 45213.960    45299.917    45595.671
568  mtMAM+F+R6    22498.106    102 45200.212    45290.392    45589.557
569  mtMAM+F+R7    22494.891    104 45197.783    45292.328    45594.763
WARNING: Normalizing state frequencies so that sum of them equals to 1
573  FLAVI         24170.932    73  48487.863    48529.100    48766.512
WARNING: Normalizing state frequencies so that sum of them equals to 1
574  FLAVI+I       24081.307    74  48310.613    48353.142    48593.079
WARNING: Normalizing state frequencies so that sum of them equals to 1
575  FLAVI+G4      23016.343    74  46180.685    46223.214    46463.151
WARNING: Normalizing state frequencies so that sum of them equals to 1
576  FLAVI+I+G4    23004.924    75  46159.848    46203.695    46446.132
WARNING: Normalizing state frequencies so that sum of them equals to 1
577  FLAVI+R2      23229.131    75  46608.263    46652.109    46894.546
WARNING: Normalizing state frequencies so that sum of them equals to 1
578  FLAVI+R3      23046.321    77  46246.642    46293.200    46540.560
WARNING: Normalizing state frequencies so that sum of them equals to 1
579  FLAVI+R4      23001.581    79  46161.161    46210.536    46462.713
WARNING: Normalizing state frequencies so that sum of them equals to 1
580  FLAVI+R5      22989.240    81  46140.480    46192.779    46449.666
WARNING: Normalizing state frequencies so that sum of them equals to 1
581  FLAVI+R6      22989.192    83  46144.383    46199.716    46461.203
WARNING: Normalizing state frequencies so that sum of them equals to 1
586  FLAVI+F       23994.561    92  48173.121    48243.541    48524.295
WARNING: Normalizing state frequencies so that sum of them equals to 1
587  FLAVI+F+I     23904.746    93  47995.493    48067.741    48350.484
WARNING: Normalizing state frequencies so that sum of them equals to 1
588  FLAVI+F+G4    22766.540    93  45719.080    45791.328    46074.071
WARNING: Normalizing state frequencies so that sum of them equals to 1
589  FLAVI+F+I+G4  22755.535    94  45699.070    45773.177    46057.878
WARNING: Normalizing state frequencies so that sum of them equals to 1
590  FLAVI+F+R2    23009.437    94  46206.874    46280.982    46565.682
WARNING: Normalizing state frequencies so that sum of them equals to 1
591  FLAVI+F+R3    22799.865    96  45791.729    45869.654    46158.172
WARNING: Normalizing state frequencies so that sum of them equals to 1
592  FLAVI+F+R4    22755.243    98  45706.486    45788.360    46080.563
WARNING: Normalizing state frequencies so that sum of them equals to 1
593  FLAVI+F+R5    22741.052    100 45682.105    45768.062    46063.816
WARNING: Normalizing state frequencies so that sum of them equals to 1
594  FLAVI+F+R6    22739.991    102 45683.982    45774.162    46073.327
599  HIVb          23298.492    73  46742.984    46784.220    47021.633
600  HIVb+I        23226.893    74  46601.786    46644.315    46884.252
601  HIVb+G4       22524.168    74  45196.336    45238.865    45478.802
602  HIVb+I+G4     22513.571    75  45177.142    45220.988    45463.425
603  HIVb+R2       22651.433    75  45452.865    45496.711    45739.149
604  HIVb+R3       22525.727    77  45205.454    45252.012    45499.372
605  HIVb+R4       22498.683    79  45155.366    45204.741    45456.918
606  HIVb+R5       22489.724    81  45141.448    45193.747    45450.634
607  HIVb+R6       22489.216    83  45144.431    45199.765    45461.252
612  HIVb+F        23273.696    92  46731.392    46801.812    47082.566
613  HIVb+F+I      23198.596    93  46583.192    46655.440    46938.183
614  HIVb+F+G4     22345.195    93  44876.389    44948.637    45231.381
615  HIVb+F+I+G4   22334.411    94  44856.822    44930.930    45215.630
616  HIVb+F+R2     22500.882    94  45189.764    45263.872    45548.572
617  HIVb+F+R3     22346.618    96  44885.236    44963.160    45251.678
618  HIVb+F+R4     22329.250    98  44854.500    44936.373    45228.577
619  HIVb+F+R5     22312.031    100 44824.062    44910.020    45205.773
620  HIVb+F+R6     22311.057    102 44826.114    44916.294    45215.460
625  HIVw          24491.745    73  49129.489    49170.726    49408.138
626  HIVw+I        24415.035    74  48978.071    49020.600    49260.537
627  HIVw+G4       23705.440    74  47558.879    47601.408    47841.346
628  HIVw+I+G4     23692.577    75  47535.153    47579.000    47821.437
629  HIVw+R2       23849.666    75  47849.332    47893.178    48135.616
630  HIVw+R3       23716.847    77  47587.694    47634.252    47881.611
631  HIVw+R4       23684.003    79  47526.005    47575.380    47827.557
632  HIVw+R5       23668.513    81  47499.026    47551.325    47808.212
633  HIVw+R6       23663.269    83  47492.538    47547.871    47809.358
638  HIVw+F        23929.326    92  48042.652    48113.072    48393.826
639  HIVw+F+I      23849.496    93  47884.992    47957.240    48239.983
640  HIVw+F+G4     22957.853    93  46101.707    46173.955    46456.698
641  HIVw+F+I+G4   22946.338    94  46080.675    46154.783    46439.484
642  HIVw+F+R2     23122.802    94  46433.605    46507.712    46792.413
643  HIVw+F+R3     22975.539    96  46143.078    46221.002    46509.520
644  HIVw+F+R4     22943.935    98  46083.869    46165.743    46457.946
645  HIVw+F+R5     22934.787    100 46069.573    46155.531    46451.284
646  HIVw+F+R6     22926.823    102 46057.646    46147.827    46446.992
647  HIVw+F+R7     22925.838    104 46059.675    46154.221    46456.655
651  FLU           23341.858    73  46829.715    46870.952    47108.364
652  FLU+I         23255.959    74  46659.918    46702.447    46942.385
653  FLU+G4        22621.955    74  45391.910    45434.438    45674.376
654  FLU+I+G4      22604.361    75  45358.721    45402.568    45645.005
655  FLU+R2        22739.001    75  45628.003    45671.849    45914.286
656  FLU+R3        22628.510    77  45411.019    45457.577    45704.937
657  FLU+R4        22601.431    79  45360.861    45410.236    45662.413
658  FLU+R5        22595.098    81  45352.196    45404.495    45661.382
659  FLU+R6        22587.636    83  45341.272    45396.605    45658.092
660  FLU+R7        22585.216    85  45340.432    45398.912    45664.886
664  FLU+F         22993.399    92  46170.797    46241.217    46521.971
665  FLU+F+I       22903.291    93  45992.582    46064.830    46347.574
666  FLU+F+G4      22144.332    93  44474.663    44546.911    44829.654
667  FLU+F+I+G4    22128.610    94  44445.220    44519.328    44804.028
668  FLU+F+R2      22268.246    94  44724.492    44798.600    45083.301
669  FLU+F+R3      22148.448    96  44488.895    44566.820    44855.338
670  FLU+F+R4      22127.725    98  44451.450    44533.323    44825.527
671  FLU+F+R5      22121.868    100 44443.736    44529.694    44825.447
672  FLU+F+R6      22108.474    102 44420.947    44511.128    44810.293
673  FLU+F+R7      22108.070    104 44424.141    44518.686    44821.121
677  rtREV         22682.175    73  45510.351    45551.587    45789.000
678  rtREV+I       22608.112    74  45364.225    45406.753    45646.691
679  rtREV+G4      22068.510    74  44285.019    44327.548    44567.486
680  rtREV+I+G4    22053.557    75  44257.114    44300.960    44543.397
681  rtREV+R2      22148.531    75  44447.062    44490.909    44733.346
682  rtREV+R3      22072.350    77  44298.700    44345.259    44592.618
683  rtREV+R4      22037.484    79  44232.969    44282.344    44534.520
684  rtREV+R5      22036.835    81  44235.669    44287.969    44544.855
690  rtREV+F       22481.051    92  45146.102    45216.522    45497.276
691  rtREV+F+I     22400.883    93  44987.765    45060.013    45342.756
692  rtREV+F+G4    21773.882    93  43733.764    43806.012    44088.755
693  rtREV+F+I+G4  21758.715    94  43705.429    43779.537    44064.238
694  rtREV+F+R2    21873.582    94  43935.165    44009.273    44293.973
695  rtREV+F+R3    21781.552    96  43755.104    43833.028    44121.546
696  rtREV+F+R4    21750.375    98  43696.751    43778.624    44070.827
697  rtREV+F+R5    21743.673    100 43687.346    43773.303    44069.057
698  rtREV+F+R6    21741.283    102 43686.566    43776.746    44075.912
703  cpREV         22627.409    73  45400.819    45442.056    45679.468
704  cpREV+I       22581.322    74  45310.644    45353.173    45593.110
705  cpREV+G4      22060.572    74  44269.144    44311.673    44551.610
706  cpREV+I+G4    22054.814    75  44259.629    44303.475    44545.912
707  cpREV+R2      22124.027    75  44398.055    44441.901    44684.338
708  cpREV+R3      22046.575    77  44247.150    44293.709    44541.068
709  cpREV+R4      22024.238    79  44206.477    44255.852    44508.028
710  cpREV+R5      22019.341    81  44200.682    44252.981    44509.868
716  cpREV+F       22476.547    92  45137.094    45207.514    45488.268
717  cpREV+F+I     22429.844    93  45045.688    45117.936    45400.679
718  cpREV+F+G4    21874.864    93  43935.728    44007.976    44290.719
719  cpREV+F+I+G4  21869.157    94  43926.314    44000.422    44285.123
720  cpREV+F+R2    21953.684    94  44095.369    44169.476    44454.177
721  cpREV+F+R3    21867.365    96  43926.729    44004.654    44293.172
722  cpREV+F+R4    21846.409    98  43888.819    43970.692    44262.896
723  cpREV+F+R5    21840.223    100 43880.445    43966.403    44262.156
724  cpREV+F+R6    21837.001    102 43878.002    43968.183    44267.348
Model C10 is alias for POISSON+G+FMIX{C10pi1:1:0.1191344178,C10pi2:1:0.0874372456,C10pi3:1:0.1037105070,C10pi4:1:0.0922584809,C10pi5:1:0.1070492801,C10pi6:1:0.1329945166,C10pi7:1:0.0538028458,C10pi8:1:0.0691986212,C10pi9:1:0.1319937434,C10pi10:1:0.1024203429}
729  C10           21762.239    74  43672.477    43715.006    43954.943
Model C20 is alias for POISSON+G+FMIX{C20pi1:1:0.0559910600,C20pi2:1:0.0514824870,C20pi3:1:0.0812922124,C20pi4:1:0.0721976867,C20pi5:1:0.0556718858,C20pi6:1:0.0331003080,C20pi7:1:0.0589501763,C20pi8:1:0.0263756889,C20pi9:1:0.0307584220,C20pi10:1:0.0376701125,C20pi11:1:0.0303058290,C20pi12:1:0.0808775576,C20pi13:1:0.0263349134,C20pi14:1:0.0579101455,C20pi15:1:0.0371248064,C20pi16:1:0.0586867766,C20pi17:1:0.0561479138,C20pi18:1:0.0349810886,C20pi19:1:0.0544937394,C20pi20:1:0.0596471901}
730  C20           21630.312    74  43408.623    43451.152    43691.089
Model C30 is alias for POISSON+G+FMIX{C30pi1:1:0.0095783264,C30pi2:1:0.0248476365,C30pi3:1:0.0636309366,C30pi4:1:0.0537939225,C30pi5:1:0.0295885587,C30pi6:1:0.0117587936,C30pi7:1:0.0132013428,C30pi8:1:0.0236868805,C30pi9:1:0.0261687659,C30pi10:1:0.0239821974,C30pi11:1:0.0257100906,C30pi12:1:0.0465072425,C30pi13:1:0.0546794546,C30pi14:1:0.0536085131,C30pi15:1:0.0270622670,C30pi16:1:0.0403913593,C30pi17:1:0.0474212700,C30pi18:1:0.0458816478,C30pi19:1:0.0214036510,C30pi20:1:0.0290385981,C30pi21:1:0.0123391793,C30pi22:1:0.0569350229,C30pi23:1:0.0419687568,C30pi24:1:0.0339027062,C30pi25:1:0.0388777376,C30pi26:1:0.0196343766,C30pi27:1:0.0233086174,C30pi28:1:0.0622722654,C30pi29:1:0.0184803385,C30pi30:1:0.0203395454}
731  C30           21586.982    74  43321.965    43364.493    43604.431
Model C40 is alias for POISSON+G+FMIX{C40pi1:1:0.0223853788,C40pi2:1:0.0338891820,C40pi3:1:0.0577169375,C40pi4:1:0.0252416233,C40pi5:1:0.0108607921,C40pi6:1:0.0462373793,C40pi7:1:0.0102293175,C40pi8:1:0.0147523625,C40pi9:1:0.0143161352,C40pi10:1:0.0182302541,C40pi11:1:0.0204025079,C40pi12:1:0.0425505156,C40pi13:1:0.0248627269,C40pi14:1:0.0105892988,C40pi15:1:0.0188238725,C40pi16:1:0.0086663445,C40pi17:1:0.0148496147,C40pi18:1:0.0343037402,C40pi19:1:0.0225335203,C40pi20:1:0.0174068578,C40pi21:1:0.0112207827,C40pi22:1:0.0443532245,C40pi23:1:0.0392573370,C40pi24:1:0.0196756555,C40pi25:1:0.0287690328,C40pi26:1:0.0114441177,C40pi27:1:0.0112338740,C40pi28:1:0.0582694099,C40pi29:1:0.0444272279,C40pi30:1:0.0112010942,C40pi31:1:0.0145176111,C40pi32:1:0.0114629026,C40pi33:1:0.0239628061,C40pi34:1:0.0266266492,C40pi35:1:0.0481201159,C40pi36:1:0.0371147423,C40pi37:1:0.0160476688,C40pi38:1:0.0237249267,C40pi39:1:0.0235226203,C40pi40:1:0.0261998398}
732  C40           21547.585    74  43243.171    43285.700    43525.637
Model C50 is alias for POISSON+G+FMIX{C50pi1:1:0.0164297003,C50pi2:1:0.0273175755,C50pi3:1:0.0460247610,C50pi4:1:0.0084864734,C50pi5:1:0.0125389252,C50pi6:1:0.0343549036,C50pi7:1:0.0130241102,C50pi8:1:0.0094755681,C50pi9:1:0.0190040551,C50pi10:1:0.0151902354,C50pi11:1:0.0320534760,C50pi12:1:0.0210059850,C50pi13:1:0.0237408547,C50pi14:1:0.0239841203,C50pi15:1:0.0213748021,C50pi16:1:0.0210717705,C50pi17:1:0.0050241805,C50pi18:1:0.0166262276,C50pi19:1:0.0143945956,C50pi20:1:0.0104391130,C50pi21:1:0.0107628277,C50pi22:1:0.0148818171,C50pi23:1:0.0321480239,C50pi24:1:0.0145477978,C50pi25:1:0.0332355807,C50pi26:1:0.0143190281,C50pi27:1:0.0234478734,C50pi28:1:0.0183044983,C50pi29:1:0.0403269452,C50pi30:1:0.0135629530,C50pi31:1:0.0091880799,C50pi32:1:0.0158270022,C50pi33:1:0.0121019379,C50pi34:1:0.0353560982,C50pi35:1:0.0404495617,C50pi36:1:0.0104569232,C50pi37:1:0.0146187792,C50pi38:1:0.0093984095,C50pi39:1:0.0146773809,C50pi40:1:0.0201635562,C50pi41:1:0.0255640273,C50pi42:1:0.0039486842,C50pi43:1:0.0393652608,C50pi44:1:0.0056415419,C50pi45:1:0.0382833580,C50pi46:1:0.0039735086,C50pi47:1:0.0140269355,C50pi48:1:0.0476703673,C50pi49:1:0.0204062788,C50pi50:1:0.0117835304}
733  C50           21529.333    74  43206.666    43249.195    43489.132
Model C60 is alias for POISSON+G+FMIX{C60pi1:1:0.0169698865,C60pi2:1:0.0211683374,C60pi3:1:0.0276589079,C60pi4:1:0.0065675964,C60pi5:1:0.0141221416,C60pi6:1:0.0068774834,C60pi7:1:0.0146909701,C60pi8:1:0.0067225777,C60pi9:1:0.0018396660,C60pi10:1:0.0102547197,C60pi11:1:0.0230896163,C60pi12:1:0.0057941033,C60pi13:1:0.0125394534,C60pi14:1:0.0204526478,C60pi15:1:0.0070629602,C60pi16:1:0.0117982741,C60pi17:1:0.0068334668,C60pi18:1:0.0433775839,C60pi19:1:0.0318278731,C60pi20:1:0.0222546108,C60pi21:1:0.0102264969,C60pi22:1:0.0150545891,C60pi23:1:0.0134159878,C60pi24:1:0.0148552065,C60pi25:1:0.0239111516,C60pi26:1:0.0128776278,C60pi27:1:0.0222318842,C60pi28:1:0.0247444742,C60pi29:1:0.0214274810,C60pi30:1:0.0115001882,C60pi31:1:0.0076017389,C60pi32:1:0.0130258568,C60pi33:1:0.0093701965,C60pi34:1:0.0467194264,C60pi35:1:0.0441940314,C60pi36:1:0.0322263154,C60pi37:1:0.0402999891,C60pi38:1:0.0150234227,C60pi39:1:0.0104589903,C60pi40:1:0.0214742395,C60pi41:1:0.0154957836,C60pi42:1:0.0101789953,C60pi43:1:0.0227980379,C60pi44:1:0.0123204539,C60pi45:1:0.0066777583,C60pi46:1:0.0004150083,C60pi47:1:0.0344385130,C60pi48:1:0.0113663379,C60pi49:1:0.0127143049,C60pi50:1:0.0124323741,C60pi51:1:0.0262124415,C60pi52:1:0.0064994957,C60pi53:1:0.0103203293,C60pi54:1:0.0142463512,C60pi55:1:0.0215600067,C60pi56:1:0.0199150700,C60pi57:1:0.0038964200,C60pi58:1:0.0113448855,C60pi59:1:0.0128595846,C60pi60:1:0.0117656776}
WARNING: Your input class weight 0.000415008 is very small and may cause numerical issues
734  C60           21518.684    74  43185.368    43227.897    43467.834
Model EX2 is alias for MIX{BurEX2:0.672020808818762,ExpEX2:1.6413466609931}
WARNING: Normalizing state frequencies so that sum of them equals to 1
735  EX2           21857.139    74  43862.278    43904.807    44144.744
Model EX3 is alias for MIX{BurEX3:0.427672756793791,IntEX3:0.837595938019774,HExEX3:1.51863631431518}
WARNING: Normalizing state frequencies so that sum of them equals to 1
WARNING: Normalizing state frequencies so that sum of them equals to 1
736  EX3           21764.384    75  43678.768    43722.614    43965.051
Model EHO is alias for MIX{ExtEHO:0.720274356,HelEHO:0.976798797,OthEHO:0.783109376}
WARNING: Normalizing state frequencies so that sum of them equals to 1
WARNING: Normalizing state frequencies so that sum of them equals to 1
WARNING: Normalizing state frequencies so that sum of them equals to 1
737  EHO           22128.134    75  44406.267    44450.113    44692.551
Model UL2 is alias for MIX{M1_UL2:0.581348617,M2_UL2:1.465482789}
WARNING: Normalizing state frequencies so that sum of them equals to 1
738  UL2           21981.864    74  44111.729    44154.257    44394.195
Model UL3 is alias for MIX{Q1_UL3:0.484340397,Q2_UL3:0.492780514,Q3_UL3:1.15597274}
WARNING: Normalizing state frequencies so that sum of them equals to 1
WARNING: Normalizing state frequencies so that sum of them equals to 1
739  UL3           22247.592    75  44645.184    44689.030    44931.467
Model EX_EHO is alias for MIX{BUR_EXT:0.761816796788931,BUR_HEL:0.744425646802117,BUR_OTH:0.532457759429489,EXP_EXT:1.5639387472863,EXP_HEL:2.06403411829438,EXP_OTH:1.43336795177594}
WARNING: Normalizing state frequencies so that sum of them equals to 1
WARNING: Normalizing state frequencies so that sum of them equals to 1
WARNING: Normalizing state frequencies so that sum of them equals to 1
740  EX_EHO        21679.298    78  43514.596    43562.549    43812.330
Model LG4M is alias for MIX{LG4M1,LG4M2,LG4M3,LG4M4}*G4
741  LG4M          21625.637    74  43399.274    43441.803    43681.740
Model LG4X is alias for MIX{LG4X1,LG4X2,LG4X3,LG4X4}*R4
742  LG4X          21584.511    79  43327.023    43376.398    43628.575
Model CF4 is alias for POISSON+FMIX{Fclass1,Fclass2,Fclass3,Fclass4}+F+G
WARNING: Normalizing State frequencies so that sum of them equals to 1
WARNING: Normalizing State frequencies so that sum of them equals to 1
WARNING: Normalizing State frequencies so that sum of them equals to 1
WARNING: Normalizing State frequencies so that sum of them equals to 1
743  CF4           22232.788    97  44659.575    44739.458    45029.835
Model LG+C10 is alias for LG+POISSON+G+FMIX{C10pi1:1:0.1191344178,C10pi2:1:0.0874372456,C10pi3:1:0.1037105070,C10pi4:1:0.0922584809,C10pi5:1:0.1070492801,C10pi6:1:0.1329945166,C10pi7:1:0.0538028458,C10pi8:1:0.0691986212,C10pi9:1:0.1319937434,C10pi10:1:0.1024203429}
744  LG+C10        21821.326    74  43790.652    43833.181    44073.118
Model LG+C20 is alias for LG+POISSON+G+FMIX{C20pi1:1:0.0559910600,C20pi2:1:0.0514824870,C20pi3:1:0.0812922124,C20pi4:1:0.0721976867,C20pi5:1:0.0556718858,C20pi6:1:0.0331003080,C20pi7:1:0.0589501763,C20pi8:1:0.0263756889,C20pi9:1:0.0307584220,C20pi10:1:0.0376701125,C20pi11:1:0.0303058290,C20pi12:1:0.0808775576,C20pi13:1:0.0263349134,C20pi14:1:0.0579101455,C20pi15:1:0.0371248064,C20pi16:1:0.0586867766,C20pi17:1:0.0561479138,C20pi18:1:0.0349810886,C20pi19:1:0.0544937394,C20pi20:1:0.0596471901}
745  LG+C20        21710.919    74  43569.838    43612.367    43852.304
Model LG+C30 is alias for LG+POISSON+G+FMIX{C30pi1:1:0.0095783264,C30pi2:1:0.0248476365,C30pi3:1:0.0636309366,C30pi4:1:0.0537939225,C30pi5:1:0.0295885587,C30pi6:1:0.0117587936,C30pi7:1:0.0132013428,C30pi8:1:0.0236868805,C30pi9:1:0.0261687659,C30pi10:1:0.0239821974,C30pi11:1:0.0257100906,C30pi12:1:0.0465072425,C30pi13:1:0.0546794546,C30pi14:1:0.0536085131,C30pi15:1:0.0270622670,C30pi16:1:0.0403913593,C30pi17:1:0.0474212700,C30pi18:1:0.0458816478,C30pi19:1:0.0214036510,C30pi20:1:0.0290385981,C30pi21:1:0.0123391793,C30pi22:1:0.0569350229,C30pi23:1:0.0419687568,C30pi24:1:0.0339027062,C30pi25:1:0.0388777376,C30pi26:1:0.0196343766,C30pi27:1:0.0233086174,C30pi28:1:0.0622722654,C30pi29:1:0.0184803385,C30pi30:1:0.0203395454}
746  LG+C30        21663.544    74  43475.088    43517.617    43757.554
Model LG+C40 is alias for LG+POISSON+G+FMIX{C40pi1:1:0.0223853788,C40pi2:1:0.0338891820,C40pi3:1:0.0577169375,C40pi4:1:0.0252416233,C40pi5:1:0.0108607921,C40pi6:1:0.0462373793,C40pi7:1:0.0102293175,C40pi8:1:0.0147523625,C40pi9:1:0.0143161352,C40pi10:1:0.0182302541,C40pi11:1:0.0204025079,C40pi12:1:0.0425505156,C40pi13:1:0.0248627269,C40pi14:1:0.0105892988,C40pi15:1:0.0188238725,C40pi16:1:0.0086663445,C40pi17:1:0.0148496147,C40pi18:1:0.0343037402,C40pi19:1:0.0225335203,C40pi20:1:0.0174068578,C40pi21:1:0.0112207827,C40pi22:1:0.0443532245,C40pi23:1:0.0392573370,C40pi24:1:0.0196756555,C40pi25:1:0.0287690328,C40pi26:1:0.0114441177,C40pi27:1:0.0112338740,C40pi28:1:0.0582694099,C40pi29:1:0.0444272279,C40pi30:1:0.0112010942,C40pi31:1:0.0145176111,C40pi32:1:0.0114629026,C40pi33:1:0.0239628061,C40pi34:1:0.0266266492,C40pi35:1:0.0481201159,C40pi36:1:0.0371147423,C40pi37:1:0.0160476688,C40pi38:1:0.0237249267,C40pi39:1:0.0235226203,C40pi40:1:0.0261998398}
747  LG+C40        21613.262    74  43374.525    43417.053    43656.991
Model LG+C50 is alias for LG+POISSON+G+FMIX{C50pi1:1:0.0164297003,C50pi2:1:0.0273175755,C50pi3:1:0.0460247610,C50pi4:1:0.0084864734,C50pi5:1:0.0125389252,C50pi6:1:0.0343549036,C50pi7:1:0.0130241102,C50pi8:1:0.0094755681,C50pi9:1:0.0190040551,C50pi10:1:0.0151902354,C50pi11:1:0.0320534760,C50pi12:1:0.0210059850,C50pi13:1:0.0237408547,C50pi14:1:0.0239841203,C50pi15:1:0.0213748021,C50pi16:1:0.0210717705,C50pi17:1:0.0050241805,C50pi18:1:0.0166262276,C50pi19:1:0.0143945956,C50pi20:1:0.0104391130,C50pi21:1:0.0107628277,C50pi22:1:0.0148818171,C50pi23:1:0.0321480239,C50pi24:1:0.0145477978,C50pi25:1:0.0332355807,C50pi26:1:0.0143190281,C50pi27:1:0.0234478734,C50pi28:1:0.0183044983,C50pi29:1:0.0403269452,C50pi30:1:0.0135629530,C50pi31:1:0.0091880799,C50pi32:1:0.0158270022,C50pi33:1:0.0121019379,C50pi34:1:0.0353560982,C50pi35:1:0.0404495617,C50pi36:1:0.0104569232,C50pi37:1:0.0146187792,C50pi38:1:0.0093984095,C50pi39:1:0.0146773809,C50pi40:1:0.0201635562,C50pi41:1:0.0255640273,C50pi42:1:0.0039486842,C50pi43:1:0.0393652608,C50pi44:1:0.0056415419,C50pi45:1:0.0382833580,C50pi46:1:0.0039735086,C50pi47:1:0.0140269355,C50pi48:1:0.0476703673,C50pi49:1:0.0204062788,C50pi50:1:0.0117835304}
748  LG+C50        21582.188    74  43312.376    43354.905    43594.842
Model LG+C60 is alias for LG+POISSON+G+FMIX{C60pi1:1:0.0169698865,C60pi2:1:0.0211683374,C60pi3:1:0.0276589079,C60pi4:1:0.0065675964,C60pi5:1:0.0141221416,C60pi6:1:0.0068774834,C60pi7:1:0.0146909701,C60pi8:1:0.0067225777,C60pi9:1:0.0018396660,C60pi10:1:0.0102547197,C60pi11:1:0.0230896163,C60pi12:1:0.0057941033,C60pi13:1:0.0125394534,C60pi14:1:0.0204526478,C60pi15:1:0.0070629602,C60pi16:1:0.0117982741,C60pi17:1:0.0068334668,C60pi18:1:0.0433775839,C60pi19:1:0.0318278731,C60pi20:1:0.0222546108,C60pi21:1:0.0102264969,C60pi22:1:0.0150545891,C60pi23:1:0.0134159878,C60pi24:1:0.0148552065,C60pi25:1:0.0239111516,C60pi26:1:0.0128776278,C60pi27:1:0.0222318842,C60pi28:1:0.0247444742,C60pi29:1:0.0214274810,C60pi30:1:0.0115001882,C60pi31:1:0.0076017389,C60pi32:1:0.0130258568,C60pi33:1:0.0093701965,C60pi34:1:0.0467194264,C60pi35:1:0.0441940314,C60pi36:1:0.0322263154,C60pi37:1:0.0402999891,C60pi38:1:0.0150234227,C60pi39:1:0.0104589903,C60pi40:1:0.0214742395,C60pi41:1:0.0154957836,C60pi42:1:0.0101789953,C60pi43:1:0.0227980379,C60pi44:1:0.0123204539,C60pi45:1:0.0066777583,C60pi46:1:0.0004150083,C60pi47:1:0.0344385130,C60pi48:1:0.0113663379,C60pi49:1:0.0127143049,C60pi50:1:0.0124323741,C60pi51:1:0.0262124415,C60pi52:1:0.0064994957,C60pi53:1:0.0103203293,C60pi54:1:0.0142463512,C60pi55:1:0.0215600067,C60pi56:1:0.0199150700,C60pi57:1:0.0038964200,C60pi58:1:0.0113448855,C60pi59:1:0.0128595846,C60pi60:1:0.0117656776}
WARNING: Your input class weight 0.000415008 is very small and may cause numerical issues
749  LG+C60        21603.153    74  43354.306    43396.835    43636.772
Akaike Information Criterion:           C60
Corrected Akaike Information Criterion: C60
Bayesian Information Criterion:         C60
Best-fit model: C60 chosen according to BIC

All model information printed to iqtree_gene_trees/COG4558.model.gz
CPU time for ModelFinder: 3909.778 seconds (1h:5m:9s)
Wall-clock time for ModelFinder: 398.681 seconds (0h:6m:38s)
Generating 1000 samples for ultrafast bootstrap (seed: 829341)...
Model C60 is alias for POISSON+G+FMIX{C60pi1:1:0.0169698865,C60pi2:1:0.0211683374,C60pi3:1:0.0276589079,C60pi4:1:0.0065675964,C60pi5:1:0.0141221416,C60pi6:1:0.0068774834,C60pi7:1:0.0146909701,C60pi8:1:0.0067225777,C60pi9:1:0.0018396660,C60pi10:1:0.0102547197,C60pi11:1:0.0230896163,C60pi12:1:0.0057941033,C60pi13:1:0.0125394534,C60pi14:1:0.0204526478,C60pi15:1:0.0070629602,C60pi16:1:0.0117982741,C60pi17:1:0.0068334668,C60pi18:1:0.0433775839,C60pi19:1:0.0318278731,C60pi20:1:0.0222546108,C60pi21:1:0.0102264969,C60pi22:1:0.0150545891,C60pi23:1:0.0134159878,C60pi24:1:0.0148552065,C60pi25:1:0.0239111516,C60pi26:1:0.0128776278,C60pi27:1:0.0222318842,C60pi28:1:0.0247444742,C60pi29:1:0.0214274810,C60pi30:1:0.0115001882,C60pi31:1:0.0076017389,C60pi32:1:0.0130258568,C60pi33:1:0.0093701965,C60pi34:1:0.0467194264,C60pi35:1:0.0441940314,C60pi36:1:0.0322263154,C60pi37:1:0.0402999891,C60pi38:1:0.0150234227,C60pi39:1:0.0104589903,C60pi40:1:0.0214742395,C60pi41:1:0.0154957836,C60pi42:1:0.0101789953,C60pi43:1:0.0227980379,C60pi44:1:0.0123204539,C60pi45:1:0.0066777583,C60pi46:1:0.0004150083,C60pi47:1:0.0344385130,C60pi48:1:0.0113663379,C60pi49:1:0.0127143049,C60pi50:1:0.0124323741,C60pi51:1:0.0262124415,C60pi52:1:0.0064994957,C60pi53:1:0.0103203293,C60pi54:1:0.0142463512,C60pi55:1:0.0215600067,C60pi56:1:0.0199150700,C60pi57:1:0.0038964200,C60pi58:1:0.0113448855,C60pi59:1:0.0128595846,C60pi60:1:0.0117656776}
WARNING: Your input class weight 0.000415008 is very small and may cause numerical issues

NOTE: 503 MB RAM (0 GB) is required!
Estimate model parameters (epsilon = 0.100)
1. Initial log-likelihood: -21518.684
Optimal log-likelihood: -21518.665
Mixture weights: 0.017 0.021 0.028 0.007 0.014 0.007 0.015 0.007 0.002 0.010 0.023 0.006 0.013 0.020 0.007 0.012 0.007 0.043 0.032 0.022 0.010 0.015 0.013 0.015 0.024 0.013 0.022 0.025 0.021 0.012 0.008 0.013 0.009 0.047 0.044 0.032 0.040 0.015 0.010 0.021 0.015 0.010 0.023 0.012 0.007 0.000 0.034 0.011 0.013 0.012 0.026 0.006 0.010 0.014 0.022 0.020 0.004 0.011 0.013 0.012
Gamma shape alpha: 1.318
Parameters optimization took 1 rounds (2.780 sec)
Wrote distance file to... 
Computing ML distances based on estimated model parameters...
Calculating distance matrix: done in 0.0506438 secs using 999.6% CPU
Computing ML distances took 0.051075 sec (of wall-clock time) 0.510136 sec (of CPU time)
Setting up auxiliary I and S matrices: done in 0.00180912 secs
Constructing RapidNJ tree: done in 0.0594702 secs using 298% CPU
Computing RapidNJ tree took 0.061841 sec (of wall-clock time) 0.182854 sec (of CPU time)
Log-likelihood of RapidNJ tree: -21535.441
--------------------------------------------------------------------
|             INITIALIZING CANDIDATE TREE SET                      |
--------------------------------------------------------------------
Generating 98 parsimony trees... 1.314 second
Computing log-likelihood of 98 initial trees ... 96.416 seconds
Current best score: -21518.665

Do NNI search on 20 best initial trees
Optimizing NNI: done in 19.5152 secs using 976.1% CPU
Estimate model parameters (epsilon = 0.100)
BETTER TREE FOUND at iteration 1: -21511.414
Optimizing NNI: done in 39.7455 secs using 978.8% CPU
Estimate model parameters (epsilon = 0.100)
BETTER TREE FOUND at iteration 2: -21507.706
Optimizing NNI: done in 31.4991 secs using 974.3% CPU
Optimizing NNI: done in 27.4956 secs using 976% CPU
Estimate model parameters (epsilon = 0.100)
BETTER TREE FOUND at iteration 4: -21505.903
Optimizing NNI: done in 24.102 secs using 973.2% CPU
Optimizing NNI: done in 21.2742 secs using 976.5% CPU
Optimizing NNI: done in 29.8083 secs using 977.4% CPU
Optimizing NNI: done in 21.851 secs using 978.2% CPU
Optimizing NNI: done in 19.8304 secs using 978% CPU
Optimizing NNI: done in 17.6975 secs using 974.6% CPU
Iteration 10 / LogL: -21514.807 / Time: 0h:6m:13s
Optimizing NNI: done in 21.61 secs using 976.2% CPU
Optimizing NNI: done in 37.4669 secs using 976.9% CPU
Optimizing NNI: done in 28.1649 secs using 975.2% CPU
Optimizing NNI: done in 35.6594 secs using 977.9% CPU
Optimizing NNI: done in 23.6608 secs using 975.3% CPU
Optimizing NNI: done in 35.0933 secs using 977.8% CPU
Optimizing NNI: done in 34.0669 secs using 977.7% CPU
Optimizing NNI: done in 32.5625 secs using 975.5% CPU
Optimizing NNI: done in 33.4294 secs using 975.2% CPU
Optimizing NNI: done in 26.9898 secs using 974.5% CPU
Iteration 20 / LogL: -21511.282 / Time: 0h:11m:23s
Finish initializing candidate tree set (20)
Current best tree score: -21505.903 / CPU time: 671.924
Number of iterations: 20
--------------------------------------------------------------------
|               OPTIMIZING CANDIDATE TREE SET                      |
--------------------------------------------------------------------
Optimizing NNI: done in 27.355 secs using 973.6% CPU
Optimizing NNI: done in 15.9292 secs using 978.4% CPU
Optimizing NNI: done in 14.3943 secs using 976.3% CPU
Optimizing NNI: done in 20.5341 secs using 973.9% CPU
Estimate model parameters (epsilon = 0.100)
BETTER TREE FOUND at iteration 24: -21503.184
Optimizing NNI: done in 18.2506 secs using 977.1% CPU
Optimizing NNI: done in 17.1033 secs using 982.2% CPU
Optimizing NNI: done in 18.08 secs using 976.9% CPU
Optimizing NNI: done in 22.4781 secs using 978.3% CPU
Optimizing NNI: done in 29.5611 secs using 978.8% CPU
Estimate model parameters (epsilon = 0.100)
BETTER TREE FOUND at iteration 29: -21501.316
Optimizing NNI: done in 28.4213 secs using 971.8% CPU
Iteration 30 / LogL: -21505.752 / Time: 0h:15m:3s (0h:51m:22s left)
Optimizing NNI: done in 28.6221 secs using 976.6% CPU
Optimizing NNI: done in 18.1456 secs using 977.5% CPU
Optimizing NNI: done in 15.4585 secs using 978.6% CPU
Optimizing NNI: done in 20.8916 secs using 975.9% CPU
Optimizing NNI: done in 22.8738 secs using 973.2% CPU
Optimizing NNI: done in 26.5908 secs using 978.1% CPU
Optimizing NNI: done in 16.8606 secs using 977% CPU
Optimizing NNI: done in 14.3266 secs using 975.8% CPU
Optimizing NNI: done in 19.6664 secs using 971.1% CPU
Optimizing NNI: done in 23.9136 secs using 975.8% CPU
Iteration 40 / LogL: -21502.148 / Time: 0h:18m:32s (0h:42m:18s left)
Optimizing NNI: done in 17.9836 secs using 976.5% CPU
Optimizing NNI: done in 19.0411 secs using 977.4% CPU
Optimizing NNI: done in 18.791 secs using 973.2% CPU
Optimizing NNI: done in 22.907 secs using 973.3% CPU
Optimizing NNI: done in 18.8631 secs using 972.6% CPU
Optimizing NNI: done in 16.7388 secs using 975.3% CPU
Optimizing NNI: done in 17.165 secs using 974.7% CPU
Optimizing NNI: done in 21.922 secs using 975.6% CPU
Optimizing NNI: done in 16.6638 secs using 975.9% CPU
Optimizing NNI: done in 13.742 secs using 974.5% CPU
Iteration 50 / LogL: -21502.454 / Time: 0h:21m:38s (0h:34m:52s left)
Log-likelihood cutoff on original alignment: -21555.857
UFBoot trees printed to iqtree_gene_trees/COG4558.ufboot
Optimizing NNI: done in 21.3459 secs using 979.9% CPU
Optimizing NNI: done in 20.3356 secs using 976.4% CPU
Optimizing NNI: done in 20.1285 secs using 975.3% CPU
UPDATE BEST LOG-LIKELIHOOD: -21501.315
Optimizing NNI: done in 23.0863 secs using 977.2% CPU
Optimizing NNI: done in 24.6987 secs using 976.1% CPU
Optimizing NNI: done in 25.6032 secs using 974.4% CPU
Optimizing NNI: done in 33.9712 secs using 971.6% CPU
Estimate model parameters (epsilon = 0.100)
BETTER TREE FOUND at iteration 57: -21500.163
Optimizing NNI: done in 25.9586 secs using 971.2% CPU
Optimizing NNI: done in 20.8049 secs using 978.2% CPU
Optimizing NNI: done in 27.1579 secs using 973.6% CPU
Iteration 60 / LogL: -21501.851 / Time: 0h:25m:46s (0h:42m:22s left)
Optimizing NNI: done in 27.1489 secs using 974.4% CPU
Optimizing NNI: done in 26.0215 secs using 976.6% CPU
Estimate model parameters (epsilon = 0.100)
BETTER TREE FOUND at iteration 62: -21499.765
Optimizing NNI: done in 26.0928 secs using 976.8% CPU
Optimizing NNI: done in 24.2417 secs using 969.9% CPU
Optimizing NNI: done in 19.6914 secs using 979.1% CPU
Optimizing NNI: done in 30.2127 secs using 974.3% CPU
Optimizing NNI: done in 23.7077 secs using 974.2% CPU
Optimizing NNI: done in 20.1242 secs using 973.9% CPU
Optimizing NNI: done in 30.6048 secs using 970.9% CPU
BETTER TREE FOUND at iteration 69: -21499.765
Optimizing NNI: done in 21.5487 secs using 971.1% CPU
Iteration 70 / LogL: -21499.813 / Time: 0h:30m:0s (0h:43m:2s left)
Optimizing NNI: done in 16.5966 secs using 974.1% CPU
Estimate model parameters (epsilon = 0.100)
BETTER TREE FOUND at iteration 71: -21499.585
Optimizing NNI: done in 19.1981 secs using 976.1% CPU
Optimizing NNI: done in 28.9175 secs using 972% CPU
Optimizing NNI: done in 14.1579 secs using 972.1% CPU
Optimizing NNI: done in 21.3136 secs using 973% CPU
Optimizing NNI: done in 18.3619 secs using 975.2% CPU
Optimizing NNI: done in 28.2561 secs using 978.1% CPU
Optimizing NNI: done in 14.8201 secs using 976.6% CPU
Optimizing NNI: done in 16.5502 secs using 974.7% CPU
Optimizing NNI: done in 16.9602 secs using 973.8% CPU
Iteration 80 / LogL: -21500.016 / Time: 0h:33m:19s (0h:38m:23s left)
Optimizing NNI: done in 16.3822 secs using 977.2% CPU
Optimizing NNI: done in 13.3718 secs using 976.1% CPU
Optimizing NNI: done in 16.4566 secs using 975.7% CPU
Optimizing NNI: done in 26.8801 secs using 973.5% CPU
Optimizing NNI: done in 23.7028 secs using 977.9% CPU
Optimizing NNI: done in 16.2845 secs using 978.2% CPU
Optimizing NNI: done in 21.4265 secs using 978% CPU
Optimizing NNI: done in 20.5238 secs using 975.3% CPU
Optimizing NNI: done in 22.8987 secs using 974.7% CPU
Optimizing NNI: done in 21.8467 secs using 977.7% CPU
Iteration 90 / LogL: -21501.564 / Time: 0h:36m:41s (0h:33m:23s left)
Optimizing NNI: done in 26.6326 secs using 977.2% CPU
Optimizing NNI: done in 22.7966 secs using 976.9% CPU
Optimizing NNI: done in 21.2399 secs using 976.8% CPU
Optimizing NNI: done in 22.3209 secs using 975.5% CPU
Optimizing NNI: done in 16.7408 secs using 979.5% CPU
Estimate model parameters (epsilon = 0.100)
BETTER TREE FOUND at iteration 95: -21499.418
Optimizing NNI: done in 25.3812 secs using 977.5% CPU
Optimizing NNI: done in 20.5775 secs using 977.6% CPU
Optimizing NNI: done in 20.0004 secs using 978.1% CPU
Optimizing NNI: done in 15.8 secs using 972.4% CPU
Optimizing NNI: done in 23.4365 secs using 975.9% CPU
Iteration 100 / LogL: -21499.586 / Time: 0h:40m:20s (0h:38m:42s left)
Log-likelihood cutoff on original alignment: -21555.857
NOTE: Bootstrap correlation coefficient of split occurrence frequencies: 0.965
NOTE: UFBoot does not converge, continue at least 100 more iterations
UFBoot trees printed to iqtree_gene_trees/COG4558.ufboot
Optimizing NNI: done in 13.8449 secs using 975.6% CPU
Optimizing NNI: done in 23.0645 secs using 974.3% CPU
Optimizing NNI: done in 19.9109 secs using 973.3% CPU
Optimizing NNI: done in 26.9582 secs using 972.4% CPU
Optimizing NNI: done in 16.6651 secs using 975.3% CPU
Optimizing NNI: done in 14.5638 secs using 974.4% CPU
Optimizing NNI: done in 16.956 secs using 972.3% CPU
Optimizing NNI: done in 17.7206 secs using 973% CPU
Optimizing NNI: done in 25.8362 secs using 975.9% CPU
Optimizing NNI: done in 22.5453 secs using 974% CPU
Iteration 110 / LogL: -21499.814 / Time: 0h:43m:41s (0h:36m:4s left)
Optimizing NNI: done in 17.2169 secs using 976.3% CPU
Optimizing NNI: done in 14.2936 secs using 975.6% CPU
Optimizing NNI: done in 24.4626 secs using 974% CPU
Optimizing NNI: done in 16.7544 secs using 977.6% CPU
Optimizing NNI: done in 30.7125 secs using 975.9% CPU
Optimizing NNI: done in 16.1729 secs using 973.7% CPU
Optimizing NNI: done in 21.2152 secs using 978.6% CPU
Optimizing NNI: done in 24.6182 secs using 976.3% CPU
Optimizing NNI: done in 19.9395 secs using 976.4% CPU
Optimizing NNI: done in 26.8252 secs using 975.6% CPU
Iteration 120 / LogL: -21500.580 / Time: 0h:47m:15s (0h:31m:46s left)
Optimizing NNI: done in 17.8313 secs using 976.9% CPU
Optimizing NNI: done in 13.2504 secs using 974.9% CPU
Optimizing NNI: done in 24.1523 secs using 974.6% CPU
Optimizing NNI: done in 21.4466 secs using 975.8% CPU
Optimizing NNI: done in 13.9424 secs using 971.2% CPU
Optimizing NNI: done in 18.7675 secs using 969.1% CPU
Optimizing NNI: done in 41.355 secs using 973.8% CPU
Optimizing NNI: done in 23.7325 secs using 971.1% CPU
Optimizing NNI: done in 14.9293 secs using 971% CPU
Optimizing NNI: done in 18.2464 secs using 971.1% CPU
Iteration 130 / LogL: -21499.485 / Time: 0h:50m:45s (0h:27m:32s left)
Optimizing NNI: done in 21.9023 secs using 972.5% CPU
Optimizing NNI: done in 20.0589 secs using 975.6% CPU
Optimizing NNI: done in 17.689 secs using 977.1% CPU
Optimizing NNI: done in 14.5118 secs using 977% CPU
Optimizing NNI: done in 19.1031 secs using 978.2% CPU
Optimizing NNI: done in 20.1891 secs using 977.2% CPU
Optimizing NNI: done in 18.3274 secs using 972.9% CPU
Optimizing NNI: done in 24.8239 secs using 974.6% CPU
Optimizing NNI: done in 21.4728 secs using 975.1% CPU
Optimizing NNI: done in 17.6435 secs using 973.8% CPU
Iteration 140 / LogL: -21499.472 / Time: 0h:54m:2s (0h:23m:19s left)
Optimizing NNI: done in 27.0802 secs using 973.9% CPU
Optimizing NNI: done in 22.2015 secs using 975.6% CPU
Optimizing NNI: done in 17.9606 secs using 975.1% CPU
Optimizing NNI: done in 19.6868 secs using 978.3% CPU
Optimizing NNI: done in 14.5022 secs using 973.2% CPU
Optimizing NNI: done in 22.5708 secs using 974.5% CPU
Optimizing NNI: done in 23.9856 secs using 971.9% CPU
Optimizing NNI: done in 22.8618 secs using 975.6% CPU
Optimizing NNI: done in 15.7309 secs using 965% CPU
Optimizing NNI: done in 25.0848 secs using 974.4% CPU
Estimate model parameters (epsilon = 0.100)
BETTER TREE FOUND at iteration 150: -21498.751
Iteration 150 / LogL: -21498.751 / Time: 0h:57m:38s (0h:38m:41s left)
Log-likelihood cutoff on original alignment: -21555.857
UFBoot trees printed to iqtree_gene_trees/COG4558.ufboot
Optimizing NNI: done in 26.0499 secs using 977.9% CPU
Optimizing NNI: done in 15.3413 secs using 976.5% CPU
Optimizing NNI: done in 24.2664 secs using 976% CPU
Optimizing NNI: done in 15.2498 secs using 974.3% CPU
Optimizing NNI: done in 18.6004 secs using 976.3% CPU
Optimizing NNI: done in 16.2448 secs using 974% CPU
Optimizing NNI: done in 22.6112 secs using 977.3% CPU
Optimizing NNI: done in 12.2066 secs using 979.9% CPU
Optimizing NNI: done in 21.7001 secs using 973.8% CPU
Optimizing NNI: done in 22.7517 secs using 976.8% CPU
Iteration 160 / LogL: -21500.052 / Time: 1h:0m:56s (0h:34m:29s left)
Optimizing NNI: done in 22.54 secs using 974.9% CPU
Optimizing NNI: done in 23.941 secs using 975% CPU
Optimizing NNI: done in 21.4496 secs using 975% CPU
Optimizing NNI: done in 23.2038 secs using 972% CPU
Optimizing NNI: done in 20.5425 secs using 976.1% CPU
Optimizing NNI: done in 21.5815 secs using 979.1% CPU
Optimizing NNI: done in 29.421 secs using 978.2% CPU
Optimizing NNI: done in 26.6174 secs using 978.6% CPU
UPDATE BEST LOG-LIKELIHOOD: -21498.749
Optimizing NNI: done in 20.2533 secs using 974.5% CPU
Optimizing NNI: done in 26.3247 secs using 977.3% CPU
Iteration 170 / LogL: -21498.942 / Time: 1h:4m:54s (0h:30m:43s left)
Optimizing NNI: done in 24.2677 secs using 975.1% CPU
Optimizing NNI: done in 20.4284 secs using 974.7% CPU
Optimizing NNI: done in 24.5678 secs using 974.6% CPU
Optimizing NNI: done in 24.8515 secs using 979.5% CPU
Optimizing NNI: done in 21.1352 secs using 975.4% CPU
Optimizing NNI: done in 22.3688 secs using 971.3% CPU
Optimizing NNI: done in 22.5264 secs using 965.5% CPU
Estimate model parameters (epsilon = 0.100)
BETTER TREE FOUND at iteration 177: -21498.676
Optimizing NNI: done in 27.5653 secs using 974.1% CPU
Optimizing NNI: done in 25.2453 secs using 970.2% CPU
Optimizing NNI: done in 26.1539 secs using 974.3% CPU
Iteration 180 / LogL: -21498.749 / Time: 1h:8m:57s (0h:37m:22s left)
Optimizing NNI: done in 22.6466 secs using 970.7% CPU
Optimizing NNI: done in 24.2468 secs using 976.7% CPU
Optimizing NNI: done in 19.5615 secs using 972.4% CPU
Optimizing NNI: done in 26.9976 secs using 971% CPU
Optimizing NNI: done in 15.5707 secs using 976% CPU
Optimizing NNI: done in 28.004 secs using 973.5% CPU
Optimizing NNI: done in 27.105 secs using 975.4% CPU
Optimizing NNI: done in 18.1371 secs using 974.1% CPU
Optimizing NNI: done in 18.365 secs using 972.3% CPU
Optimizing NNI: done in 28.0914 secs using 976% CPU
Iteration 190 / LogL: -21498.749 / Time: 1h:12m:48s (0h:33m:30s left)
Optimizing NNI: done in 28.9527 secs using 972.6% CPU
Optimizing NNI: done in 32.3282 secs using 974.4% CPU
Optimizing NNI: done in 25.7998 secs using 971.9% CPU
Optimizing NNI: done in 22.8517 secs using 976.6% CPU
Optimizing NNI: done in 25.5604 secs using 976.5% CPU
Optimizing NNI: done in 13.7691 secs using 972.3% CPU
Optimizing NNI: done in 26.5551 secs using 978.2% CPU
Optimizing NNI: done in 22.5855 secs using 976.4% CPU
Optimizing NNI: done in 27.6934 secs using 976.5% CPU
Optimizing NNI: done in 20.2129 secs using 975.2% CPU
Iteration 200 / LogL: -21503.019 / Time: 1h:16m:56s (0h:29m:46s left)
Log-likelihood cutoff on original alignment: -21534.738
NOTE: Bootstrap correlation coefficient of split occurrence frequencies: 0.982
NOTE: UFBoot does not converge, continue at least 100 more iterations
UFBoot trees printed to iqtree_gene_trees/COG4558.ufboot
Optimizing NNI: done in 21.7394 secs using 974.7% CPU
Optimizing NNI: done in 26.8699 secs using 973.4% CPU
Optimizing NNI: done in 22.5312 secs using 973.2% CPU
Optimizing NNI: done in 20.998 secs using 972.8% CPU
Optimizing NNI: done in 29.5739 secs using 975.8% CPU
Optimizing NNI: done in 28.9495 secs using 972.5% CPU
Optimizing NNI: done in 33.2436 secs using 974.3% CPU
Optimizing NNI: done in 23.976 secs using 973.7% CPU
Optimizing NNI: done in 28.2187 secs using 975.7% CPU
Optimizing NNI: done in 21.245 secs using 976.8% CPU
Iteration 210 / LogL: -21498.749 / Time: 1h:21m:16s (0h:35m:0s left)
Optimizing NNI: done in 25.2743 secs using 975.6% CPU
Optimizing NNI: done in 25.5724 secs using 977.1% CPU
Optimizing NNI: done in 31.7182 secs using 975.5% CPU
Optimizing NNI: done in 29.4791 secs using 974.5% CPU
Optimizing NNI: done in 23.0713 secs using 974.3% CPU
Optimizing NNI: done in 24.6903 secs using 973.9% CPU
Optimizing NNI: done in 28.2035 secs using 973.1% CPU
Optimizing NNI: done in 18.9964 secs using 975.7% CPU
Optimizing NNI: done in 27.351 secs using 970.6% CPU
Optimizing NNI: done in 27.9976 secs using 974.3% CPU
Iteration 220 / LogL: -21500.916 / Time: 1h:25m:41s (0h:31m:18s left)
Optimizing NNI: done in 20.1523 secs using 973.1% CPU
Optimizing NNI: done in 29.4744 secs using 977.4% CPU
Optimizing NNI: done in 22.8589 secs using 974% CPU
Optimizing NNI: done in 20.795 secs using 977.7% CPU
Optimizing NNI: done in 20.2044 secs using 972.4% CPU
Optimizing NNI: done in 23.6268 secs using 973.2% CPU
Optimizing NNI: done in 17.2363 secs using 971.4% CPU
Optimizing NNI: done in 28.0823 secs using 974.8% CPU
UPDATE BEST LOG-LIKELIHOOD: -21498.674
Optimizing NNI: done in 26.4452 secs using 974.2% CPU
Optimizing NNI: done in 21.7238 secs using 974.5% CPU
Iteration 230 / LogL: -21498.835 / Time: 1h:29m:34s (0h:27m:22s left)
Optimizing NNI: done in 19.688 secs using 977.7% CPU
Optimizing NNI: done in 22.0409 secs using 978.1% CPU
Optimizing NNI: done in 20.7579 secs using 973.8% CPU
Optimizing NNI: done in 25.9644 secs using 979.1% CPU
Optimizing NNI: done in 23.0139 secs using 971.2% CPU
Optimizing NNI: done in 20.8969 secs using 970.8% CPU
Optimizing NNI: done in 19.7717 secs using 973.2% CPU
Optimizing NNI: done in 28.7167 secs using 973.2% CPU
Optimizing NNI: done in 19.5226 secs using 976.2% CPU
Optimizing NNI: done in 19.6068 secs using 971.9% CPU
Iteration 240 / LogL: -21500.696 / Time: 1h:33m:16s (0h:23m:24s left)
Optimizing NNI: done in 20.1369 secs using 973.2% CPU
Optimizing NNI: done in 32.3519 secs using 973.7% CPU
Optimizing NNI: done in 26.14 secs using 973.6% CPU
Optimizing NNI: done in 15.4974 secs using 976.6% CPU
Optimizing NNI: done in 29.9773 secs using 973.5% CPU
Optimizing NNI: done in 32.3079 secs using 972.9% CPU
Optimizing NNI: done in 27.3602 secs using 973.7% CPU
Optimizing NNI: done in 28.2621 secs using 976.1% CPU
Optimizing NNI: done in 23.8984 secs using 974.6% CPU
Optimizing NNI: done in 15.4907 secs using 972.2% CPU
Iteration 250 / LogL: -21502.198 / Time: 1h:37m:29s (0h:19m:34s left)
Log-likelihood cutoff on original alignment: -21534.738
UFBoot trees printed to iqtree_gene_trees/COG4558.ufboot
Optimizing NNI: done in 17.32 secs using 975.1% CPU
Optimizing NNI: done in 19.6946 secs using 974.4% CPU
Optimizing NNI: done in 27.4385 secs using 972.9% CPU
Optimizing NNI: done in 25.4053 secs using 973.5% CPU
UPDATE BEST LOG-LIKELIHOOD: -21498.673
Optimizing NNI: done in 37.2911 secs using 973.5% CPU
Optimizing NNI: done in 23.9577 secs using 967.3% CPU
Optimizing NNI: done in 23.0282 secs using 973.6% CPU
Optimizing NNI: done in 18.9511 secs using 977.1% CPU
Optimizing NNI: done in 31.428 secs using 978.5% CPU
Optimizing NNI: done in 25.506 secs using 974.9% CPU
Iteration 260 / LogL: -21498.673 / Time: 1h:41m:42s (0h:15m:42s left)
Optimizing NNI: done in 17.3025 secs using 971.8% CPU
Optimizing NNI: done in 21.8543 secs using 971.9% CPU
UPDATE BEST LOG-LIKELIHOOD: -21498.673
Optimizing NNI: done in 16.7469 secs using 983.2% CPU
Optimizing NNI: done in 21.7785 secs using 987.4% CPU
Optimizing NNI: done in 16.2901 secs using 984.8% CPU
Optimizing NNI: done in 18.4627 secs using 983.5% CPU
Optimizing NNI: done in 12.1131 secs using 980.6% CPU
Optimizing NNI: done in 17.1128 secs using 984.1% CPU
Optimizing NNI: done in 19.031 secs using 983.1% CPU
Optimizing NNI: done in 17.7427 secs using 984.1% CPU
Iteration 270 / LogL: -21498.749 / Time: 1h:44m:42s (0h:11m:40s left)
Optimizing NNI: done in 12.5458 secs using 981% CPU
Optimizing NNI: done in 16.1716 secs using 984.2% CPU
Optimizing NNI: done in 11.2799 secs using 987% CPU
Optimizing NNI: done in 18.5443 secs using 988% CPU
Optimizing NNI: done in 15.4803 secs using 987.5% CPU
Optimizing NNI: done in 16.0486 secs using 987% CPU
Optimizing NNI: done in 8.07143 secs using 986.1% CPU
Optimizing NNI: done in 13.9219 secs using 987.8% CPU
Optimizing NNI: done in 13.283 secs using 988.1% CPU
Optimizing NNI: done in 13.4471 secs using 987.5% CPU
Iteration 280 / LogL: -21502.577 / Time: 1h:47m:3s (0h:7m:40s left)
Optimizing NNI: done in 12.322 secs using 986.5% CPU
Optimizing NNI: done in 18.7723 secs using 987.4% CPU
Optimizing NNI: done in 14.5649 secs using 987% CPU
Optimizing NNI: done in 15.7106 secs using 989.2% CPU
Optimizing NNI: done in 9.38099 secs using 988% CPU
Optimizing NNI: done in 14.9652 secs using 988.1% CPU
Optimizing NNI: done in 17.3862 secs using 989.5% CPU
Optimizing NNI: done in 18.3785 secs using 981.3% CPU
Optimizing NNI: done in 17.3701 secs using 987% CPU
Optimizing NNI: done in 19.5259 secs using 985.9% CPU
Iteration 290 / LogL: -21501.719 / Time: 1h:49m:43s (0h:3m:47s left)
Optimizing NNI: done in 14.2334 secs using 985.4% CPU
Optimizing NNI: done in 18.1763 secs using 985.7% CPU
Optimizing NNI: done in 13.3826 secs using 988.5% CPU
Optimizing NNI: done in 13.4147 secs using 985.1% CPU
Optimizing NNI: done in 16.9294 secs using 990.7% CPU
Optimizing NNI: done in 15.2621 secs using 990.1% CPU
Optimizing NNI: done in 13.6498 secs using 989.9% CPU
Optimizing NNI: done in 15.1247 secs using 986.4% CPU
Optimizing NNI: done in 9.21704 secs using 988.5% CPU
Optimizing NNI: done in 18.6897 secs using 984.6% CPU
Iteration 300 / LogL: -21499.561 / Time: 1h:52m:13s (0h:0m:0s left)
Log-likelihood cutoff on original alignment: -21534.738
NOTE: Bootstrap correlation coefficient of split occurrence frequencies: 0.984
NOTE: UFBoot does not converge, continue at least 100 more iterations
UFBoot trees printed to iqtree_gene_trees/COG4558.ufboot
Optimizing NNI: done in 15.6759 secs using 986.6% CPU
Optimizing NNI: done in 11.4015 secs using 989.1% CPU
Optimizing NNI: done in 20.1508 secs using 983.2% CPU
Optimizing NNI: done in 13.3351 secs using 986.2% CPU
Optimizing NNI: done in 15.286 secs using 987.2% CPU
Optimizing NNI: done in 18.7238 secs using 987.9% CPU
Optimizing NNI: done in 11.941 secs using 986.1% CPU
Optimizing NNI: done in 11.8287 secs using 982.9% CPU
Optimizing NNI: done in 14.7824 secs using 984.7% CPU
Optimizing NNI: done in 11.067 secs using 984.3% CPU
Iteration 310 / LogL: -21500.056 / Time: 1h:54m:39s (0h:33m:23s left)
Optimizing NNI: done in 13.4227 secs using 988.3% CPU
Optimizing NNI: done in 16.0963 secs using 989.2% CPU
Optimizing NNI: done in 15.8367 secs using 987.8% CPU
Optimizing NNI: done in 17.288 secs using 991.2% CPU
Optimizing NNI: done in 12.3201 secs using 986.4% CPU
Optimizing NNI: done in 18.4405 secs using 990.2% CPU
Optimizing NNI: done in 14.9989 secs using 986.8% CPU
Optimizing NNI: done in 12.7315 secs using 989.6% CPU
Optimizing NNI: done in 20.8009 secs using 988.3% CPU
Optimizing NNI: done in 16.4763 secs using 986% CPU
Iteration 320 / LogL: -21605.322 / Time: 1h:57m:19s (0h:29m:25s left)
Optimizing NNI: done in 15.641 secs using 988.7% CPU
Optimizing NNI: done in 14.488 secs using 988.9% CPU
Optimizing NNI: done in 15.1126 secs using 982.8% CPU
Optimizing NNI: done in 12.507 secs using 981.8% CPU
Optimizing NNI: done in 12.3527 secs using 986.6% CPU
Optimizing NNI: done in 15.7383 secs using 985.4% CPU
Optimizing NNI: done in 12.2255 secs using 987% CPU
Optimizing NNI: done in 16.3657 secs using 987.4% CPU
Optimizing NNI: done in 17.5969 secs using 987.4% CPU
Optimizing NNI: done in 12.1945 secs using 989.3% CPU
Iteration 330 / LogL: -21499.217 / Time: 1h:59m:45s (0h:25m:28s left)
Optimizing NNI: done in 18.2307 secs using 987.9% CPU
Optimizing NNI: done in 12.9359 secs using 986.8% CPU
Optimizing NNI: done in 14.7513 secs using 986.5% CPU
Optimizing NNI: done in 16.7586 secs using 985.3% CPU
Optimizing NNI: done in 10.9862 secs using 988.3% CPU
Optimizing NNI: done in 23.6885 secs using 985.1% CPU
Optimizing NNI: done in 15.9653 secs using 985.4% CPU
Optimizing NNI: done in 13.5797 secs using 984.7% CPU
Optimizing NNI: done in 12.8274 secs using 986.1% CPU
Optimizing NNI: done in 18.2258 secs using 986.4% CPU
Iteration 340 / LogL: -21498.749 / Time: 2h:2m:25s (0h:21m:40s left)
Optimizing NNI: done in 17.239 secs using 983% CPU
Optimizing NNI: done in 11.9604 secs using 990.3% CPU
Optimizing NNI: done in 20.3004 secs using 984.3% CPU
Optimizing NNI: done in 13.9468 secs using 990.4% CPU
Optimizing NNI: done in 17.92 secs using 990.4% CPU
Optimizing NNI: done in 21.2675 secs using 986.5% CPU
Optimizing NNI: done in 14.7063 secs using 983.9% CPU
Optimizing NNI: done in 17.5718 secs using 985.8% CPU
Optimizing NNI: done in 20.0195 secs using 984.8% CPU
Optimizing NNI: done in 11.4503 secs using 987.3% CPU
Iteration 350 / LogL: -21498.860 / Time: 2h:5m:13s (0h:17m:56s left)
Log-likelihood cutoff on original alignment: -21534.738
UFBoot trees printed to iqtree_gene_trees/COG4558.ufboot
Optimizing NNI: done in 12.4732 secs using 988.4% CPU
Optimizing NNI: done in 19.7733 secs using 990% CPU
Optimizing NNI: done in 16.0379 secs using 990.8% CPU
Optimizing NNI: done in 16.431 secs using 989.8% CPU
Optimizing NNI: done in 15.9201 secs using 990.7% CPU
Optimizing NNI: done in 18.4218 secs using 983.6% CPU
Optimizing NNI: done in 14.5374 secs using 986.7% CPU
Optimizing NNI: done in 15.4209 secs using 983.7% CPU
Optimizing NNI: done in 17.5113 secs using 989.7% CPU
Optimizing NNI: done in 12.5649 secs using 991.7% CPU
Iteration 360 / LogL: -21498.676 / Time: 2h:7m:54s (0h:14m:15s left)
Optimizing NNI: done in 18.2495 secs using 988% CPU
Optimizing NNI: done in 19.7549 secs using 984% CPU
Optimizing NNI: done in 15.0161 secs using 983.1% CPU
Optimizing NNI: done in 15.169 secs using 985.3% CPU
Optimizing NNI: done in 14.8181 secs using 986.7% CPU
Optimizing NNI: done in 16.5535 secs using 989.1% CPU
Optimizing NNI: done in 18.7908 secs using 989.9% CPU
Optimizing NNI: done in 16.8556 secs using 987.9% CPU
Optimizing NNI: done in 19.1169 secs using 986.9% CPU
Optimizing NNI: done in 12.8649 secs using 986.3% CPU
Iteration 370 / LogL: -21499.221 / Time: 2h:10m:43s (0h:10m:37s left)
Optimizing NNI: done in 15.6992 secs using 982.6% CPU
Optimizing NNI: done in 19.7959 secs using 983.8% CPU
Optimizing NNI: done in 15.0389 secs using 987.2% CPU
Optimizing NNI: done in 17.5571 secs using 985.7% CPU
Optimizing NNI: done in 20.9639 secs using 987% CPU
Optimizing NNI: done in 12.9399 secs using 990.3% CPU
Optimizing NNI: done in 12.0077 secs using 988.6% CPU
Optimizing NNI: done in 17.207 secs using 986.1% CPU
Optimizing NNI: done in 17.7647 secs using 987.8% CPU
Optimizing NNI: done in 13.7878 secs using 981.7% CPU
Iteration 380 / LogL: -21502.544 / Time: 2h:13m:28s (0h:7m:2s left)
Optimizing NNI: done in 14.1591 secs using 987.9% CPU
Optimizing NNI: done in 17.4673 secs using 986.8% CPU
Optimizing NNI: done in 12.5007 secs using 987.2% CPU
Optimizing NNI: done in 22.9714 secs using 983.7% CPU
Optimizing NNI: done in 17.9873 secs using 986.3% CPU
Optimizing NNI: done in 13.2347 secs using 980% CPU
Optimizing NNI: done in 16.2486 secs using 986.3% CPU
Optimizing NNI: done in 8.70109 secs using 988.5% CPU
Optimizing NNI: done in 15.9237 secs using 986.1% CPU
Optimizing NNI: done in 13.9473 secs using 984.4% CPU
Iteration 390 / LogL: -21498.673 / Time: 2h:16m:3s (0h:3m:29s left)
Optimizing NNI: done in 15.0174 secs using 987.2% CPU
Optimizing NNI: done in 17.3244 secs using 985.3% CPU
Optimizing NNI: done in 19.4127 secs using 983.8% CPU
Optimizing NNI: done in 17.4826 secs using 988.6% CPU
Optimizing NNI: done in 13.0923 secs using 987.6% CPU
Optimizing NNI: done in 19.9899 secs using 984% CPU
Optimizing NNI: done in 16.4097 secs using 985.8% CPU
Optimizing NNI: done in 15.0683 secs using 987.2% CPU
Optimizing NNI: done in 15.0047 secs using 985.7% CPU
Optimizing NNI: done in 16.7968 secs using 984% CPU
Iteration 400 / LogL: -21498.673 / Time: 2h:18m:50s (0h:0m:0s left)
Log-likelihood cutoff on original alignment: -21534.738
NOTE: Bootstrap correlation coefficient of split occurrence frequencies: 0.995
UFBoot trees printed to iqtree_gene_trees/COG4558.ufboot
TREE SEARCH COMPLETED AFTER 400 ITERATIONS / Time: 2h:18m:50s

--------------------------------------------------------------------
|                    FINALIZING TREE SEARCH                        |
--------------------------------------------------------------------
Performs final model parameters optimization
Estimate model parameters (epsilon = 0.010)
1. Initial log-likelihood: -21498.673
Optimal log-likelihood: -21498.673
Mixture weights: 0.017 0.021 0.028 0.007 0.014 0.007 0.015 0.007 0.002 0.010 0.023 0.006 0.013 0.020 0.007 0.012 0.007 0.043 0.032 0.022 0.010 0.015 0.013 0.015 0.024 0.013 0.022 0.025 0.021 0.012 0.008 0.013 0.009 0.047 0.044 0.032 0.040 0.015 0.010 0.021 0.015 0.010 0.023 0.012 0.007 0.000 0.034 0.011 0.013 0.012 0.026 0.006 0.010 0.014 0.022 0.020 0.004 0.011 0.013 0.012
Gamma shape alpha: 1.323
Parameters optimization took 1 rounds (1.675 sec)
BEST SCORE FOUND : -21498.673
Creating bootstrap support values...
Split supports printed to NEXUS file iqtree_gene_trees/COG4558.splits.nex
Total tree length: 36.982

Total number of iterations: 400
CPU time used for tree search: 81093.920 sec (22h:31m:33s)
Wall-clock time used for tree search: 8319.005 sec (2h:18m:39s)
Total CPU time used: 81222.562 sec (22h:33m:42s)
Total wall-clock time used: 8332.888 sec (2h:18m:52s)
UFBoot trees printed to iqtree_gene_trees/COG4558.ufboot

Computing bootstrap consensus tree...
Reading input file iqtree_gene_trees/COG4558.splits.nex...
38 taxa and 755 splits.
Consensus tree written to iqtree_gene_trees/COG4558.contree
Reading input trees file iqtree_gene_trees/COG4558.contree
Log-likelihood of consensus tree: -21501.791

Analysis results written to: 
  IQ-TREE report:                iqtree_gene_trees/COG4558.iqtree
  Maximum-likelihood tree:       iqtree_gene_trees/COG4558.treefile
  Likelihood distances:          iqtree_gene_trees/COG4558.mldist

Ultrafast bootstrap approximation results written to:
  Split support values:          iqtree_gene_trees/COG4558.splits.nex
  Consensus tree:                iqtree_gene_trees/COG4558.contree
  UFBoot trees:                  iqtree_gene_trees/COG4558.ufboot
  Screen log file:               iqtree_gene_trees/COG4558.log

ALISIM COMMAND
--------------
Currently, we only support exporting AliSim commands from common models of DNA, Protein, Binary, and Morphological data. To simulate data from other models (mixture, lie-markov, etc), please refer to the User Manual of AliSim. Thanks!

Date and Time: Mon Apr 10 23:23:25 2023
