IQ-TREE multicore version 2.2.0.3 COVID-edition for Linux 64-bit built Aug  2 2022
Developed by Bui Quang Minh, James Barbetti, Nguyen Lam Tung,
Olga Chernomor, Heiko Schmidt, Dominik Schrempf, Michael Woodhams, Ly Trong Nhan.

Host:    baross.its.carleton.edu (AVX2, FMA3, 755 GB RAM)
Command: iqtree -s gene_alignments/trimv2_COG4208.afa --nmax 3000 -m MFP -bb 1000 -wbtl -ntmax 10 -nt AUTO -T 10 --prefix iqtree_gene_trees/COG4208 -madd C10,C20,C30,C40,C50,C60,EX2,EX3,EHO,UL2,UL3,EX_EHO,LG4M,LG4X,CF4,LG+C10,LG+C20,LG+C30,LG+C40,LG+C50,LG+C60 -mrate E,I,G,I+G,R
Seed:    262193 (Using SPRNG - Scalable Parallel Random Number Generator)
Time:    Sun Apr  9 16:20:41 2023
Kernel:  AVX+FMA - 10 threads (96 CPU cores detected)

Reading alignment file gene_alignments/trimv2_COG4208.afa ... Fasta format detected
Reading fasta file: done in 0.000898451 secs using 92.72% CPU
Alignment most likely contains protein sequences
Constructing alignment: done in 0.00204398 secs using 877.2% CPU
Alignment has 89 sequences with 302 columns, 297 distinct patterns
273 parsimony-informative, 16 singleton sites, 13 constant sites
                                                                                  Gap/Ambiguity  Composition  p-value
Analyzing sequences: done in 8.3958e-05 secs using 845.7% CPU
   1  Chloroplast.Rhodophyta.Cyanidioschyzon.merolae_lcl|MK231135.1_prot_QFV17119.1_26   19.54%    failed      0.00%
   2  GCA.001567115.1.Bacteria.OLB16_LMZT01000031.1_21                                    1.32%    passed     91.70%
   3  GCF.000317045.1.Bacteria.Cyanobacteria_NC_019703.1_3457                             2.98%    passed     98.30%
   4  GCA.002414805.1.Bacteria.Fibrobacterota_DIAU01000143.1_11                           9.93%    passed     33.18%
   5  GCF.000484535.1.Bacteria.Cyanobacteria_NC_022600.1_1278                             7.28%    passed     86.29%
   6  GCA.002413265.1.Bacteria.Chloroflexota_DHWR01000282.1_2                            12.91%    passed     62.83%
   7  GCA.003134215.1.Bacteria.Armatimonadota_PLAD01000054.1_3                            3.64%    passed     97.05%
   8  GCF.000353285.1.Bacteria.Cyanobacteria_NZ_KB731324.1_2091                           6.95%    passed     83.88%
   9  GCA.003455335.1.Bacteria.Fibrobacterota_HAO99300.1                                  5.30%    passed     98.20%
  10  GCF.002277955.1.Bacteria.Planctomycetota_NZ_CP018477.1_645                          0.33%    failed      3.89%
  11  GCA.003158755.1.Bacteria.Elusimicrobiota_PMLF01000261.1_6                           9.93%    failed      1.09%
  12  GCF.004522215.1.Bacteria.Firmicutes_NZ_SDLR01000011.1_11                            4.30%    passed     67.86%
  13  GCF.003173035.1.Bacteria.Proteobacteria_NZ_QGLE01000010.1_15                        5.63%    passed     99.91%
  14  GCF.003258945.1.Bacteria.Proteobacteria_NZ_QLIX01000001.1_379                       6.29%    passed     17.73%
  15  Richelia.intracellularis.HM01_WP_008227067.1                                        6.62%    failed      2.26%
  16  GCF.000025005.1.Bacteria.Chloroflexota_NC_013526.1_453                             12.58%    passed     51.00%
  17  GCF.900104455.1.Bacteria.Firmicutes.C_NZ_FNHB01000004.1_236                         1.32%    passed     87.42%
  18  GCF.000019165.1.Bacteria.Firmicutes.B_NC_010337.2_720                              12.25%    passed     66.66%
  19  GCF.001870225.1.Bacteria.Cyanobacteria_NZ_CP017675.1_1061                           8.61%    passed     29.06%
  20  GCA.002862435.1.Bacteria.Proteobacteria_PKDC01000034.1_12                           2.65%    passed     95.95%
  21  GCF.000177635.2.Bacteria.Chrysiogenota_NC_014836.1_969                              4.30%    passed     97.81%
  22  GCA.002791595.1.Bacteria.Zixibacteria_PFXJ01000024.1_5                              0.33%    passed     46.52%
  23  GCF.002251945.1.Bacteria.Cyanobacteria_NZ_NDHW01000064.1_51                         3.64%    failed      0.96%
  24  GCF.001742305.1.Bacteria.Firmicutes_NZ_MJAT01000010.1_4                             7.62%    passed     42.16%
  25  GCA.003158585.1.Bacteria.Proteobacteria_PMKE01000121.1_12                           9.93%    passed     57.42%
  26  GCF.002257705.1.Bacteria.Firmicutes.C_NZ_LSLK01000132.1_10                          2.32%    passed     92.42%
  27  GCF.002251795.1.Bacteria.Proteobacteria_NZ_NOXU01000026.1_196                       4.97%    passed     95.11%
  28  GCF.006980715.1.Bacteria.Proteobacteria_NZ_SBHN01000001.1_186                       3.97%    passed     97.42%
  29  GCF.002973605.1.Bacteria.Armatimonadota_NZ_NIGF01000003.1_96                        2.32%    passed     94.56%
  30  GCA.002449765.1.Bacteria.Fibrobacterota_DJXN01000012.1_222                          7.28%    failed      2.92%
  31  GCA.003223995.1.Bacteria.Acidobacteriota_QHYA01000246.1_4                           4.30%    passed     99.92%
  32  GCA.002007425.1.Bacteria.Proteobacteria_MUGK01000072.1_7                            2.32%    passed     99.35%
  33  GCF.000384115.1.Bacteria.Actinobacteriota_NZ_KB913029.1_4067                       11.59%    passed     72.03%
  34  GCF.001653195.1.Bacteria.Firmicutes_NZ_JXBB01000014.1_31                            0.33%    passed     31.44%
  35  GCF.000284615.1.Bacteria.Proteobacteria_NC_017067.1_1898                            5.63%    passed     97.89%
  36  GCF.003047285.1.Bacteria.Actinobacteriota_NZ_PZYX01000001.1_216                    10.93%    passed     87.17%
  37  GCA.003162395.1.Bacteria.Actinobacteriota_PMON01000043.1_20                         4.30%    passed     13.51%
  38  GCA.002411145.1.Bacteria.Firmicutes.C_DHRA01000016.1_10                             2.65%    passed     76.02%
  39  GCA.001698445.1.Bacteria.Cyanobacteria_MBRF01000002.1_133                           4.64%    passed     28.86%
  40  GCF.900111015.1.Bacteria.Proteobacteria_NZ_FOFS01000016.1_77                        2.32%    passed     90.02%
  41  GCF.000264455.2.Bacteria.Proteobacteria_NC_017956.1_715                             5.96%    passed     70.72%
  42  GCA.002159075.1.Bacteria.Firmicutes_LZRT01000067.1_21                               4.30%    passed     98.80%
  43  GCA.002796975.1.Bacteria.Proteobacteria_PEKV01000003.1_184                          8.61%    passed     98.01%
  44  GCF.003052605.1.Bacteria.Proteobacteria_NZ_QASO01000095.1_30                        3.97%    passed     99.67%
  45  GCF.006980715.1.Bacteria.Proteobacteria_NZ_SBHN01000007.1_19                        4.97%    passed     99.34%
  46  GCA.001464275.1.Bacteria.Actinobacteriota_LNFL01000147.1_5                         13.25%    passed     57.89%
  47  GCF.900105685.1.Bacteria.Verrucomicrobiota_NZ_LT629781.1_265                        0.33%    passed     96.65%
  48  GCF.000264455.2.Bacteria.Proteobacteria_NC_017956.1_1577                            1.99%    passed     98.67%
  49  GCF.000266885.1.Bacteria.Spirochaetota_NC_018020.1_3720                             4.97%    passed     71.43%
  50  GCF.900106035.1.Bacteria.Actinobacteriota_NZ_FNUC01000003.1_1401                   10.93%    failed      4.67%
  51  GCF.001051235.1.Bacteria.Proteobacteria_NZ_CBTJ020000071.1_70                       3.97%    passed     91.86%
  52  GCF.002215035.1.Bacteria.Cyanobacteria_NZ_NKFP01000006.1_3541                       2.98%    passed     89.99%
  53  GCF.900129635.1.Bacteria.Planctomycetota_NZ_FSRB01000001.1_4625                     2.98%    passed     80.78%
  54  GCA.003170085.1.Bacteria.Planctomycetota_PMZT01000211.1_4                           0.66%    passed     96.07%
  55  Nostoc.sp.PCC7120_WP_010994496.1                                                    3.64%    passed     93.11%
  56  GCF.003612015.1.Bacteria.Proteobacteria_NZ_RARB01000011.1_13                        3.64%    failed      3.88%
  57  GCA.002405475.1.Bacteria.Proteobacteria_DHLX01000018.1_178                          1.66%    passed     99.78%
  58  GCF.003052605.1.Bacteria.Proteobacteria_NZ_QASO01000095.1_12                        8.94%    failed      0.14%
  59  GCF.000317045.1.Bacteria.Cyanobacteria_NC_019703.1_2054                             5.63%    passed     99.60%
  60  GCF.001697225.1.Bacteria.Proteobacteria_NZ_CP014671.1_2139                          4.97%    passed     85.15%
  61  GCA.015473125.1.Eukaryota.Viridiplantae_GHP10445.1                                  4.30%    failed      0.19%
  62  GCA.003155415.1.Bacteria.Proteobacteria_PMCP01000067.1_30                          12.91%    passed     67.79%
  63  GCA.003161515.1.Bacteria.Desulfobacterota.B_PMOH01000360.1_11                       4.64%    passed     64.98%
  64  Fischerella.muscicola.CCMEE5323_WP_016869087.1                                      2.65%    passed     89.35%
  65  GCF.001720165.1.Bacteria.Proteobacteria_NZ_MCRI01000004.1_33                        2.98%    passed     80.19%
  66  GCA.003223145.1.Bacteria.Acidobacteriota_QHXY01000344.1_2                           8.28%    passed     81.52%
  67  GCA.003137095.1.Bacteria.Proteobacteria_PLET01000098.1_6                            0.33%    passed     97.62%
  68  GCF.900167455.1.Bacteria.Proteobacteria_NZ_FUWJ01000003.1_386                       7.28%    passed     93.49%
  69  GCA.002721365.1.Bacteria.Proteobacteria_PBKC01000054.1_24                           2.32%    passed     76.96%
  70  GCA.003170275.1.Bacteria.Myxococcota_PNAM01000041.1_87                              8.61%    passed     98.75%
  71  GCF.000013205.1.Bacteria.Cyanobacteria_NC_007775.1_446                              7.62%    passed     55.31%
  72  GCF.002335525.1.Bacteria.Firmicutes_NZ_BDUF01000008.1_6                             4.30%    passed     99.29%
  73  GCF.900099895.1.Bacteria.Firmicutes_NZ_FNDY01000046.1_14                            2.65%    passed     79.01%
  74  GCF.004348535.1.Bacteria.Actinobacteriota_NZ_SMJX01000410.1_3                      13.25%    passed     85.22%
  75  GCF.000353285.1.Bacteria.Cyanobacteria_NZ_KB731324.1_5261                           4.97%    passed     92.85%
  76  GCA.003508595.1.Bacteria.Planctomycetota_DNUF01000109.1_45                          3.64%    passed     22.24%
  77  GCF.000503775.1.Bacteria.Firmicutes_NZ_KI629782.1_250                               8.94%    passed     84.31%
  78  GCA.001780825.1.Bacteria.Gemmatimonadota_MFIX01000251.1_2                           0.66%    passed     99.46%
  79  GCA.002796975.1.Bacteria.Proteobacteria_PEKV01000004.1_421                          2.65%    passed     99.94%
  80  GCF.000020025.1.Bacteria.Cyanobacteria_NC_010628.1_5665                             3.64%    passed     79.24%
  81  GCF.001611275.1.Bacteria.Desulfobacterota_NZ_CP015080.1_134                         3.97%    passed     99.58%
  82  GCA.001798135.1.Bacteria.UBA10199_MGRJ01000027.1_80                                 4.97%    passed     56.81%
  83  GCF.000017845.1.Bacteria.Cyanobacteria_NC_010546.1_3674                             9.27%    passed     99.80%
  84  GCA.003136555.1.Bacteria.Planctomycetota_PLEW01000021.1_1                           9.60%    passed     15.65%
  85  GCF.001742305.1.Bacteria.Firmicutes_NZ_MJAT01000035.1_142                           5.30%    passed     30.40%
  86  GCF.002940605.1.Bacteria.Proteobacteria_WP_128420992.1                              1.99%    passed     61.19%
  87  GCF.000484535.1.Bacteria.Cyanobacteria_NC_022600.1_3855                             2.98%    passed     98.95%
  88  GCA.003152075.1.Bacteria.FCPU426_PLZG01000023.1_62                                  0.33%    passed     96.09%
  89  GCA.001045525.1.Bacteria.Fibrobacterota_LDWW01000001.1_63                           5.63%    passed     19.34%
****  TOTAL                                                                               5.45%  10 sequences failed composition chi2 test (p-value<5%; df=19)
Checking for duplicate sequences: done in 0.000866116 secs using 880.5% CPU


Create initial parsimony tree by phylogenetic likelihood library (PLL)... 0.038 seconds
Perform fast likelihood tree search using LG+I+G model...
Estimate model parameters (epsilon = 5.000)
Perform nearest neighbor interchange...
Optimizing NNI: done in 2.18399 secs using 993.7% CPU
Estimate model parameters (epsilon = 1.000)
1. Initial log-likelihood: -30819.294
Optimal log-likelihood: -30818.944
Proportion of invariable sites: 0.024
Gamma shape alpha: 0.690
Parameters optimization took 1 rounds (0.230 sec)
Time for fast ML tree search: 3.083 seconds

NOTE: ModelFinder requires 45 MB RAM!
ModelFinder will test up to 749 protein models (sample size: 302) ...
 No. Model         -LnL         df  AIC          AICc         BIC
  1  LG            33512.747    175 67375.494    67864.383    68024.819
  2  LG+I          33259.367    176 66870.733    67369.165    67523.768
  3  LG+G4         30824.925    176 62001.849    62500.281    62654.884
  4  LG+I+G4       30818.932    177 61991.864    62500.025    62648.610
  5  LG+R2         31373.914    177 63101.827    63609.988    63758.573
  6  LG+R3         30993.993    179 62345.986    62874.182    63010.152
  7  LG+R4         30816.340    181 61994.681    62543.714    62666.268
  8  LG+R5         30758.319    183 61882.637    62453.349    62561.646
  9  LG+R6         30743.524    185 61857.048    62450.324    62543.477
 10  LG+R7         30742.821    187 61859.642    62476.414    62553.492
 14  LG+F          33602.177    194 67592.355    68299.458    68312.178
 15  LG+F+I        33364.097    195 67118.194    67839.326    67841.727
 16  LG+F+G4       30661.914    195 61713.828    62434.960    62437.361
 17  LG+F+I+G4     30657.363    196 61706.727    62442.193    62433.970
 18  LG+F+R2       31231.462    196 62854.923    63590.390    63582.167
 19  LG+F+R3       30789.057    198 61974.114    62739.201    62708.778
 20  LG+F+R4       30652.559    200 61705.117    62501.157    62447.203
 21  LG+F+R5       30577.541    202 61559.081    62387.485    62308.587
 22  LG+F+R6       30555.671    204 61519.342    62381.610    62276.269
 23  LG+F+R7       30555.025    206 61522.050    62419.777    62286.398
 27  WAG           33511.331    175 67372.663    67861.552    68021.988
 28  WAG+I         33233.950    176 66819.900    67318.332    67472.935
 29  WAG+G4        31058.326    176 62468.651    62967.083    63121.687
 30  WAG+I+G4      31047.102    177 62448.205    62956.366    63104.950
 31  WAG+R2        31582.236    177 63518.472    64026.633    64175.217
 32  WAG+R3        31226.428    179 62810.857    63339.054    63475.023
 33  WAG+R4        31048.889    181 62459.778    63008.811    63131.365
 34  WAG+R5        31003.937    183 62373.873    62944.585    63052.881
 35  WAG+R6        30992.491    185 62354.983    62948.258    63041.412
 36  WAG+R7        30991.284    187 62356.568    62973.340    63050.418
 40  WAG+F         33406.709    194 67201.419    67908.521    67921.241
 41  WAG+F+I       33160.126    195 66710.251    67431.383    67433.784
 42  WAG+F+G4      30804.107    195 61998.214    62719.346    62721.748
 43  WAG+F+I+G4    30797.603    196 61987.205    62722.672    62714.449
 44  WAG+F+R2      31336.190    196 63064.380    63799.847    63791.624
 45  WAG+F+R3      30947.809    198 62291.617    63056.705    63026.282
 46  WAG+F+R4      30795.162    200 61990.324    62786.364    62732.410
 47  WAG+F+R5      30750.477    202 61904.954    62733.358    62654.460
 48  WAG+F+R6      30735.403    204 61878.806    62741.074    62635.733
 49  WAG+F+R7      30733.303    206 61878.606    62776.333    62642.954
 53  JTT           33786.194    175 67922.388    68411.277    68571.713
 54  JTT+I         33482.855    176 67317.710    67816.142    67970.745
 55  JTT+G4        31113.939    176 62579.878    63078.310    63232.913
 56  JTT+I+G4      31103.226    177 62560.453    63068.614    63217.198
 57  JTT+R2        31707.910    177 63769.821    64277.982    64426.566
 58  JTT+R3        31313.882    179 62985.764    63513.961    63649.931
 59  JTT+R4        31106.274    181 62574.547    63123.581    63246.134
 60  JTT+R5        31062.293    183 62490.586    63061.298    63169.594
 61  JTT+R6        31047.414    185 62464.829    63058.104    63151.258
 62  JTT+R7        31036.563    187 62447.125    63063.897    63140.975
 63  JTT+R8        31036.494    189 62450.989    63092.239    63152.259
 66  JTT+F         33853.208    194 68094.417    68801.520    68814.240
 67  JTT+F+I       33573.653    195 67537.305    68258.437    68260.838
 68  JTT+F+G4      30966.195    195 62322.389    63043.522    63045.923
 69  JTT+F+I+G4    30961.932    196 62315.863    63051.330    63043.107
 70  JTT+F+R2      31603.605    196 63599.210    64334.677    64326.454
 71  JTT+F+R3      31134.242    198 62664.484    63429.572    63399.149
 72  JTT+F+R4      30966.538    200 62333.075    63129.115    63075.160
 73  JTT+F+R5      30908.624    202 62221.249    63049.653    62970.755
 74  JTT+F+R6      30883.725    204 62175.450    63037.718    62932.377
 75  JTT+F+R7      30881.396    206 62174.792    63072.518    62939.140
WARNING: Normalizing state frequencies so that sum of them equals to 1
 79  Q.pfam        33462.462    175 67274.924    67763.813    67924.249
WARNING: Normalizing state frequencies so that sum of them equals to 1
 80  Q.pfam+I      33196.509    176 66745.017    67243.449    67398.052
WARNING: Normalizing state frequencies so that sum of them equals to 1
 81  Q.pfam+G4     30761.842    176 61875.685    62374.117    62528.720
WARNING: Normalizing state frequencies so that sum of them equals to 1
 82  Q.pfam+I+G4   30754.961    177 61863.922    62372.083    62520.668
WARNING: Normalizing state frequencies so that sum of them equals to 1
 83  Q.pfam+R2     31327.205    177 63008.410    63516.572    63665.156
WARNING: Normalizing state frequencies so that sum of them equals to 1
 84  Q.pfam+R3     30933.155    179 62224.310    62752.507    62888.477
WARNING: Normalizing state frequencies so that sum of them equals to 1
 85  Q.pfam+R4     30754.040    181 61870.079    62419.113    62541.667
WARNING: Normalizing state frequencies so that sum of them equals to 1
 86  Q.pfam+R5     30702.993    183 61771.986    62342.697    62450.994
WARNING: Normalizing state frequencies so that sum of them equals to 1
 87  Q.pfam+R6     30685.031    185 61740.062    62333.338    62426.491
WARNING: Normalizing state frequencies so that sum of them equals to 1
 88  Q.pfam+R7     30684.537    187 61743.074    62359.846    62436.924
WARNING: Normalizing state frequencies so that sum of them equals to 1
 92  Q.pfam+F      33678.346    194 67744.693    68451.796    68464.516
WARNING: Normalizing state frequencies so that sum of them equals to 1
 93  Q.pfam+F+I    33437.616    195 67265.232    67986.364    67988.765
WARNING: Normalizing state frequencies so that sum of them equals to 1
 94  Q.pfam+F+G4   30714.642    195 61819.283    62540.415    62542.817
WARNING: Normalizing state frequencies so that sum of them equals to 1
 95  Q.pfam+F+I+G4 30708.691    196 61809.382    62544.849    62536.626
WARNING: Normalizing state frequencies so that sum of them equals to 1
 96  Q.pfam+F+R2   31284.266    196 62960.531    63695.998    63687.775
WARNING: Normalizing state frequencies so that sum of them equals to 1
 97  Q.pfam+F+R3   30832.237    198 62060.474    62825.562    62795.139
WARNING: Normalizing state frequencies so that sum of them equals to 1
 98  Q.pfam+F+R4   30712.601    200 61825.201    62621.241    62567.287
WARNING: Normalizing state frequencies so that sum of them equals to 1
 99  Q.pfam+F+R5   30634.894    202 61673.788    62502.192    62423.294
WARNING: Normalizing state frequencies so that sum of them equals to 1
100  Q.pfam+F+R6   30606.102    204 61620.204    62482.472    62377.131
WARNING: Normalizing state frequencies so that sum of them equals to 1
101  Q.pfam+F+R7   30603.959    206 61619.919    62517.645    62384.267
WARNING: Normalizing state frequencies so that sum of them equals to 1
105  Q.bird        34731.625    175 69813.250    70302.139    70462.575
WARNING: Normalizing state frequencies so that sum of them equals to 1
106  Q.bird+I      34378.108    176 69108.216    69606.648    69761.251
WARNING: Normalizing state frequencies so that sum of them equals to 1
107  Q.bird+G4     31541.568    176 63435.136    63933.568    64088.171
WARNING: Normalizing state frequencies so that sum of them equals to 1
108  Q.bird+I+G4   31529.136    177 63412.272    63920.433    64069.018
WARNING: Normalizing state frequencies so that sum of them equals to 1
109  Q.bird+R2     32229.247    177 64812.495    65320.656    65469.240
WARNING: Normalizing state frequencies so that sum of them equals to 1
110  Q.bird+R3     31756.722    179 63871.444    64399.640    64535.610
WARNING: Normalizing state frequencies so that sum of them equals to 1
111  Q.bird+R4     31533.715    181 63429.430    63978.464    64101.018
WARNING: Normalizing state frequencies so that sum of them equals to 1
112  Q.bird+R5     31477.758    183 63321.516    63892.228    64000.524
WARNING: Normalizing state frequencies so that sum of them equals to 1
113  Q.bird+R6     31444.710    185 63259.420    63852.696    63945.849
WARNING: Normalizing state frequencies so that sum of them equals to 1
114  Q.bird+R7     31432.596    187 63239.192    63855.964    63933.042
WARNING: Normalizing state frequencies so that sum of them equals to 1
115  Q.bird+R8     31432.267    189 63242.534    63883.784    63943.805
WARNING: Normalizing state frequencies so that sum of them equals to 1
118  Q.bird+F      35213.643    194 70815.286    71522.388    71535.108
WARNING: Normalizing state frequencies so that sum of them equals to 1
119  Q.bird+F+I    34896.543    195 70183.086    70904.218    70906.619
WARNING: Normalizing state frequencies so that sum of them equals to 1
120  Q.bird+F+G4   31564.516    195 63519.032    64240.164    64242.565
WARNING: Normalizing state frequencies so that sum of them equals to 1
121  Q.bird+F+I+G4 31560.084    196 63512.167    64247.634    64239.411
WARNING: Normalizing state frequencies so that sum of them equals to 1
122  Q.bird+F+R2   32352.448    196 65096.897    65832.364    65824.141
WARNING: Normalizing state frequencies so that sum of them equals to 1
123  Q.bird+F+R3   31731.441    198 63858.883    64623.970    64593.548
WARNING: Normalizing state frequencies so that sum of them equals to 1
124  Q.bird+F+R4   31554.971    200 63509.943    64305.982    64252.028
WARNING: Normalizing state frequencies so that sum of them equals to 1
125  Q.bird+F+R5   31448.886    202 63301.771    64130.175    64051.278
WARNING: Normalizing state frequencies so that sum of them equals to 1
126  Q.bird+F+R6   31428.638    204 63265.277    64127.545    64022.204
WARNING: Normalizing state frequencies so that sum of them equals to 1
127  Q.bird+F+R7   31418.686    206 63249.372    64147.099    64013.720
WARNING: Normalizing state frequencies so that sum of them equals to 1
128  Q.bird+F+R8   31415.923    208 63247.845    64182.727    64019.614
WARNING: Normalizing state frequencies so that sum of them equals to 1
131  Q.mammal      34415.045    175 69180.090    69668.979    69829.415
WARNING: Normalizing state frequencies so that sum of them equals to 1
132  Q.mammal+I    34062.607    176 68477.213    68975.645    69130.248
WARNING: Normalizing state frequencies so that sum of them equals to 1
133  Q.mammal+G4   31381.388    176 63114.775    63613.207    63767.810
WARNING: Normalizing state frequencies so that sum of them equals to 1
134  Q.mammal+I+G4 31368.901    177 63091.801    63599.962    63748.547
WARNING: Normalizing state frequencies so that sum of them equals to 1
135  Q.mammal+R2   32028.843    177 64411.685    64919.847    65068.431
WARNING: Normalizing state frequencies so that sum of them equals to 1
136  Q.mammal+R3   31588.337    179 63534.675    64062.872    64198.841
WARNING: Normalizing state frequencies so that sum of them equals to 1
137  Q.mammal+R4   31374.509    181 63111.018    63660.052    63782.606
WARNING: Normalizing state frequencies so that sum of them equals to 1
138  Q.mammal+R5   31315.455    183 62996.910    63567.621    63675.918
WARNING: Normalizing state frequencies so that sum of them equals to 1
139  Q.mammal+R6   31284.180    185 62938.361    63531.637    63624.790
WARNING: Normalizing state frequencies so that sum of them equals to 1
140  Q.mammal+R7   31270.726    187 62915.452    63532.224    63609.302
WARNING: Normalizing state frequencies so that sum of them equals to 1
141  Q.mammal+R8   31270.729    189 62919.458    63560.708    63620.729
WARNING: Normalizing state frequencies so that sum of them equals to 1
144  Q.mammal+F    34791.489    194 69970.979    70678.082    70690.802
WARNING: Normalizing state frequencies so that sum of them equals to 1
145  Q.mammal+F+I  34484.639    195 69359.277    70080.409    70082.811
WARNING: Normalizing state frequencies so that sum of them equals to 1
146  Q.mammal+F+G4 31385.984    195 63161.969    63883.101    63885.502
WARNING: Normalizing state frequencies so that sum of them equals to 1
147  Q.mammal+F+I+G4 31382.776    196 63157.551    63893.018    63884.795
WARNING: Normalizing state frequencies so that sum of them equals to 1
148  Q.mammal+F+R2 32112.559    196 64617.117    65352.584    65344.361
WARNING: Normalizing state frequencies so that sum of them equals to 1
149  Q.mammal+F+R3 31538.936    198 63473.873    64238.960    64208.537
WARNING: Normalizing state frequencies so that sum of them equals to 1
150  Q.mammal+F+R4 31384.477    200 63168.955    63964.994    63911.040
WARNING: Normalizing state frequencies so that sum of them equals to 1
151  Q.mammal+F+R5 31277.817    202 62959.633    63788.037    63709.139
WARNING: Normalizing state frequencies so that sum of them equals to 1
152  Q.mammal+F+R6 31255.565    204 62919.131    63781.399    63676.058
WARNING: Normalizing state frequencies so that sum of them equals to 1
153  Q.mammal+F+R7 31243.189    206 62898.378    63796.104    63662.726
WARNING: Normalizing state frequencies so that sum of them equals to 1
154  Q.mammal+F+R8 31243.973    208 62903.945    63838.827    63675.714
157  Q.insect      33940.933    175 68231.866    68720.755    68881.191
158  Q.insect+I    33626.493    176 67604.986    68103.418    68258.021
159  Q.insect+G4   31050.128    176 62452.257    62950.689    63105.292
160  Q.insect+I+G4 31040.637    177 62435.273    62943.435    63092.019
161  Q.insect+R2   31658.616    177 63671.232    64179.393    64327.977
162  Q.insect+R3   31248.034    179 62854.068    63382.265    63518.235
163  Q.insect+R4   31043.581    181 62449.162    62998.196    63120.750
164  Q.insect+R5   30981.181    183 62328.362    62899.074    63007.370
165  Q.insect+R6   30956.124    185 62282.249    62875.525    62968.678
166  Q.insect+R7   30944.686    187 62263.372    62880.144    62957.222
167  Q.insect+R8   30944.702    189 62267.403    62908.653    62968.674
170  Q.insect+F    33939.310    194 68266.619    68973.722    68986.442
171  Q.insect+F+I  33638.426    195 67666.853    68387.985    68390.386
172  Q.insect+F+G4 30819.743    195 62029.487    62750.619    62753.020
173  Q.insect+F+I+G4 30815.653    196 62023.306    62758.773    62750.550
174  Q.insect+F+R2 31463.243    196 63318.486    64053.953    64045.730
175  Q.insect+F+R3 30964.706    198 62325.412    63090.499    63060.076
176  Q.insect+F+R4 30823.274    200 62046.547    62842.587    62788.633
177  Q.insect+F+R5 30737.272    202 61878.543    62706.947    62628.049
178  Q.insect+F+R6 30707.448    204 61822.895    62685.163    62579.823
179  Q.insect+F+R7 30706.298    206 61824.596    62722.322    62588.944
WARNING: Normalizing state frequencies so that sum of them equals to 1
183  Q.plant       34142.602    175 68635.204    69124.093    69284.529
WARNING: Normalizing state frequencies so that sum of them equals to 1
184  Q.plant+I     33842.757    176 68037.514    68535.946    68690.549
WARNING: Normalizing state frequencies so that sum of them equals to 1
185  Q.plant+G4    31008.119    176 62368.239    62866.671    63021.274
WARNING: Normalizing state frequencies so that sum of them equals to 1
186  Q.plant+I+G4  31000.693    177 62355.385    62863.546    63012.131
WARNING: Normalizing state frequencies so that sum of them equals to 1
187  Q.plant+R2    31678.512    177 63711.023    64219.184    64367.769
WARNING: Normalizing state frequencies so that sum of them equals to 1
188  Q.plant+R3    31201.065    179 62760.130    63288.327    63424.297
WARNING: Normalizing state frequencies so that sum of them equals to 1
189  Q.plant+R4    31001.043    181 62364.087    62913.120    63035.674
WARNING: Normalizing state frequencies so that sum of them equals to 1
190  Q.plant+R5    30938.136    183 62242.271    62812.983    62921.279
WARNING: Normalizing state frequencies so that sum of them equals to 1
191  Q.plant+R6    30909.697    185 62189.394    62782.670    62875.823
WARNING: Normalizing state frequencies so that sum of them equals to 1
192  Q.plant+R7    30899.301    187 62172.602    62789.374    62866.452
WARNING: Normalizing state frequencies so that sum of them equals to 1
193  Q.plant+R8    30899.078    189 62176.156    62817.406    62877.426
WARNING: Normalizing state frequencies so that sum of them equals to 1
196  Q.plant+F     34335.680    194 69059.361    69766.463    69779.183
WARNING: Normalizing state frequencies so that sum of them equals to 1
197  Q.plant+F+I   34064.118    195 68518.235    69239.367    69241.768
WARNING: Normalizing state frequencies so that sum of them equals to 1
198  Q.plant+F+G4  30917.785    195 62225.570    62946.702    62949.103
WARNING: Normalizing state frequencies so that sum of them equals to 1
199  Q.plant+F+I+G4 30913.568    196 62219.136    62954.603    62946.380
WARNING: Normalizing state frequencies so that sum of them equals to 1
200  Q.plant+F+R2  31626.824    196 63645.647    64381.114    64372.891
WARNING: Normalizing state frequencies so that sum of them equals to 1
201  Q.plant+F+R3  31058.572    198 62513.143    63278.231    63247.808
WARNING: Normalizing state frequencies so that sum of them equals to 1
202  Q.plant+F+R4  30920.853    200 62241.706    63037.745    62983.791
WARNING: Normalizing state frequencies so that sum of them equals to 1
203  Q.plant+F+R5  30819.773    202 62043.545    62871.949    62793.051
WARNING: Normalizing state frequencies so that sum of them equals to 1
204  Q.plant+F+R6  30789.751    204 61987.503    62849.771    62744.430
WARNING: Normalizing state frequencies so that sum of them equals to 1
205  Q.plant+F+R7  30786.267    206 61984.534    62882.260    62748.882
WARNING: Normalizing state frequencies so that sum of them equals to 1
209  Q.yeast       33984.322    175 68318.644    68807.533    68967.969
WARNING: Normalizing state frequencies so that sum of them equals to 1
210  Q.yeast+I     33679.584    176 67711.168    68209.600    68364.203
WARNING: Normalizing state frequencies so that sum of them equals to 1
211  Q.yeast+G4    31099.600    176 62551.200    63049.632    63204.235
WARNING: Normalizing state frequencies so that sum of them equals to 1
212  Q.yeast+I+G4  31089.425    177 62532.850    63041.011    63189.596
WARNING: Normalizing state frequencies so that sum of them equals to 1
213  Q.yeast+R2    31707.097    177 63768.194    64276.355    64424.939
WARNING: Normalizing state frequencies so that sum of them equals to 1
214  Q.yeast+R3    31305.774    179 62969.549    63497.745    63633.715
WARNING: Normalizing state frequencies so that sum of them equals to 1
215  Q.yeast+R4    31091.522    181 62545.043    63094.077    63216.631
WARNING: Normalizing state frequencies so that sum of them equals to 1
216  Q.yeast+R5    31027.841    183 62421.682    62992.394    63100.691
WARNING: Normalizing state frequencies so that sum of them equals to 1
217  Q.yeast+R6    31009.919    185 62389.838    62983.114    63076.267
WARNING: Normalizing state frequencies so that sum of them equals to 1
218  Q.yeast+R7    31004.384    187 62382.769    62999.541    63076.618
WARNING: Normalizing state frequencies so that sum of them equals to 1
222  Q.yeast+F     33860.387    194 68108.774    68815.877    68828.597
WARNING: Normalizing state frequencies so that sum of them equals to 1
223  Q.yeast+F+I   33574.321    195 67538.643    68259.775    68262.176
WARNING: Normalizing state frequencies so that sum of them equals to 1
224  Q.yeast+F+G4  30741.216    195 61872.433    62593.565    62595.966
WARNING: Normalizing state frequencies so that sum of them equals to 1
225  Q.yeast+F+I+G4 30734.325    196 61860.649    62596.116    62587.893
WARNING: Normalizing state frequencies so that sum of them equals to 1
226  Q.yeast+F+R2  31371.289    196 63134.578    63870.044    63861.821
WARNING: Normalizing state frequencies so that sum of them equals to 1
227  Q.yeast+F+R3  30883.669    198 62163.337    62928.424    62898.002
WARNING: Normalizing state frequencies so that sum of them equals to 1
228  Q.yeast+F+R4  30738.350    200 61876.700    62672.739    62618.785
WARNING: Normalizing state frequencies so that sum of them equals to 1
229  Q.yeast+F+R5  30664.450    202 61732.899    62561.303    62482.406
WARNING: Normalizing state frequencies so that sum of them equals to 1
230  Q.yeast+F+R6  30632.281    204 61672.562    62534.830    62429.489
WARNING: Normalizing state frequencies so that sum of them equals to 1
231  Q.yeast+F+R7  30631.408    206 61674.817    62572.543    62439.165
235  JTTDCMut      33770.671    175 67891.342    68380.231    68540.667
236  JTTDCMut+I    33471.622    176 67295.244    67793.676    67948.280
237  JTTDCMut+G4   31114.050    176 62580.100    63078.532    63233.135
238  JTTDCMut+I+G4 31103.547    177 62561.094    63069.255    63217.839
239  JTTDCMut+R2   31705.117    177 63764.235    64272.396    64420.980
240  JTTDCMut+R3   31311.551    179 62981.101    63509.298    63645.267
241  JTTDCMut+R4   31106.519    181 62575.037    63124.071    63246.625
242  JTTDCMut+R5   31062.967    183 62491.935    63062.647    63170.943
243  JTTDCMut+R6   31048.025    185 62466.050    63059.326    63152.479
244  JTTDCMut+R7   31037.281    187 62448.563    63065.335    63142.413
245  JTTDCMut+R8   31037.263    189 62452.527    63093.777    63153.797
248  JTTDCMut+F    33832.776    194 68053.552    68760.655    68773.375
249  JTTDCMut+F+I  33556.762    195 67503.523    68224.655    68227.057
250  JTTDCMut+F+G4 30959.929    195 62309.859    63030.991    63033.392
251  JTTDCMut+F+I+G4 30955.804    196 62303.608    63039.074    63030.851
252  JTTDCMut+F+R2 31594.907    196 63581.815    64317.281    64309.058
253  JTTDCMut+F+R3 31126.095    198 62648.191    63413.278    63382.855
254  JTTDCMut+F+R4 30959.880    200 62319.760    63115.800    63061.845
255  JTTDCMut+F+R5 30902.389    202 62208.779    63037.183    62958.285
256  JTTDCMut+F+R6 30878.762    204 62165.524    63027.792    62922.451
257  JTTDCMut+F+R7 30875.253    206 62162.506    63060.232    62926.854
261  DCMut         34168.056    175 68686.111    69175.000    69335.436
262  DCMut+I       33819.616    176 67991.231    68489.663    68644.267
263  DCMut+G4      31399.519    176 63151.038    63649.470    63804.073
264  DCMut+I+G4    31386.575    177 63127.149    63635.310    63783.895
265  DCMut+R2      32014.050    177 64382.101    64890.262    65038.847
266  DCMut+R3      31608.673    179 63575.345    64103.542    64239.512
267  DCMut+R4      31388.701    181 63139.403    63688.436    63810.990
268  DCMut+R5      31328.678    183 63023.356    63594.068    63702.364
269  DCMut+R6      31315.305    185 63000.609    63593.885    63687.038
270  DCMut+R7      31302.179    187 62978.357    63595.129    63672.207
271  DCMut+R8      31299.567    189 62977.135    63618.385    63678.406
274  DCMut+F       33971.938    194 68331.877    69038.979    69051.700
275  DCMut+F+I     33660.105    195 67710.210    68431.342    68433.743
276  DCMut+F+G4    31038.468    195 62466.936    63188.068    63190.469
277  DCMut+F+I+G4  31031.193    196 62454.386    63189.853    63181.630
278  DCMut+F+R2    31679.379    196 63750.758    64486.225    64478.002
279  DCMut+F+R3    31216.703    198 62829.405    63594.493    63564.070
280  DCMut+F+R4    31037.764    200 62475.529    63271.568    63217.614
281  DCMut+F+R5    30985.489    202 62374.977    63203.381    63124.483
282  DCMut+F+R6    30968.004    204 62344.008    63206.276    63100.935
283  DCMut+F+R7    30965.349    206 62342.699    63240.425    63107.047
287  VT            33532.720    175 67415.439    67904.328    68064.764
288  VT+I          33260.583    176 66873.166    67371.598    67526.201
289  VT+G4         31134.595    176 62621.190    63119.622    63274.225
290  VT+I+G4       31122.817    177 62599.634    63107.795    63256.379
291  VT+R2         31650.201    177 63654.403    64162.564    64311.148
292  VT+R3         31314.949    179 62987.898    63516.095    63652.065
293  VT+R4         31124.604    181 62611.207    63160.241    63282.795
294  VT+R5         31085.245    183 62536.491    63107.202    63215.499
295  VT+R6         31072.644    185 62515.289    63108.565    63201.718
296  VT+R7         31061.705    187 62497.410    63114.182    63191.260
297  VT+R8         31061.691    189 62501.383    63142.633    63202.654
300  VT+F          33512.993    194 67413.986    68121.088    68133.808
301  VT+F+I        33263.180    195 66916.361    67637.493    67639.894
302  VT+F+G4       30969.541    195 62329.081    63050.213    63052.614
303  VT+F+I+G4     30962.658    196 62317.316    63052.783    63044.560
304  VT+F+R2       31499.634    196 63391.268    64126.735    64118.512
305  VT+F+R3       31120.331    198 62636.661    63401.749    63371.326
306  VT+F+R4       30960.002    200 62320.004    63116.044    63062.090
307  VT+F+R5       30916.139    202 62236.279    63064.683    62985.785
308  VT+F+R6       30899.055    204 62206.110    63068.378    62963.037
309  VT+F+R7       30898.873    206 62209.745    63107.471    62974.093
313  PMB           33621.927    175 67593.854    68082.742    68243.178
314  PMB+I         33372.481    176 67096.961    67595.393    67749.996
315  PMB+G4        31240.335    176 62832.671    63331.103    63485.706
316  PMB+I+G4      31230.718    177 62815.435    63323.596    63472.181
317  PMB+R2        31735.470    177 63824.941    64333.102    64481.686
318  PMB+R3        31405.054    179 63168.108    63696.305    63832.274
319  PMB+R4        31229.541    181 62821.081    63370.115    63492.669
320  PMB+R5        31190.818    183 62747.636    63318.348    63426.645
321  PMB+R6        31173.711    185 62717.421    63310.697    63403.850
322  PMB+R7        31172.605    187 62719.211    63335.983    63413.061
326  PMB+F         33718.093    194 67824.186    68531.289    68544.009
327  PMB+F+I       33480.977    195 67351.955    68073.087    68075.488
328  PMB+F+G4      31177.553    195 62745.107    63466.239    63468.640
329  PMB+F+I+G4    31170.456    196 62732.912    63468.379    63460.156
330  PMB+F+R2      31689.238    196 63770.475    64505.942    64497.719
331  PMB+F+R3      31315.509    198 63027.019    63792.106    63761.683
332  PMB+F+R4      31168.252    200 62736.504    63532.544    63478.590
333  PMB+F+R5      31124.441    202 62652.882    63481.286    63402.388
334  PMB+F+R6      31103.031    204 62614.062    63476.330    63370.989
335  PMB+F+R7      31101.695    206 62615.389    63513.115    63379.737
339  Blosum62      33683.315    175 67716.630    68205.519    68365.955
340  Blosum62+I    33435.524    176 67223.049    67721.481    67876.084
341  Blosum62+G4   31298.973    176 62949.947    63448.379    63602.982
342  Blosum62+I+G4 31288.843    177 62931.686    63439.848    63588.432
343  Blosum62+R2   31776.811    177 63907.623    64415.784    64564.368
344  Blosum62+R3   31456.893    179 63271.786    63799.983    63935.953
345  Blosum62+R4   31286.990    181 62935.980    63485.014    63607.568
346  Blosum62+R5   31241.661    183 62849.322    63420.034    63528.330
347  Blosum62+R6   31229.688    185 62829.377    63422.653    63515.806
348  Blosum62+R7   31228.548    187 62831.096    63447.868    63524.946
352  Blosum62+F    33657.873    194 67703.746    68410.849    68423.569
353  Blosum62+F+I  33417.594    195 67225.189    67946.321    67948.722
354  Blosum62+F+G4 31121.796    195 62633.591    63354.723    63357.125
355  Blosum62+F+I+G4 31114.477    196 62620.955    63356.421    63348.198
356  Blosum62+F+R2 31620.486    196 63632.973    64368.439    64360.216
357  Blosum62+F+R3 31259.128    198 62914.256    63679.343    63648.920
358  Blosum62+F+R4 31111.804    200 62623.608    63419.648    63365.694
359  Blosum62+F+R5 31060.809    202 62525.619    63354.023    63275.125
360  Blosum62+F+R6 31045.672    204 62499.344    63361.612    63256.271
361  Blosum62+F+R7 31045.101    206 62502.201    63399.927    63266.549
365  Dayhoff       34169.184    175 68688.367    69177.256    69337.692
366  Dayhoff+I     33820.519    176 67993.038    68491.470    68646.074
367  Dayhoff+G4    31396.647    176 63145.293    63643.725    63798.329
368  Dayhoff+I+G4  31383.715    177 63121.430    63629.591    63778.176
369  Dayhoff+R2    32011.492    177 64376.984    64885.146    65033.730
370  Dayhoff+R3    31605.713    179 63569.426    64097.623    64233.593
371  Dayhoff+R4    31385.809    181 63133.618    63682.652    63805.206
372  Dayhoff+R5    31325.689    183 63017.378    63588.090    63696.387
373  Dayhoff+R6    31312.165    185 62994.331    63587.606    63680.760
374  Dayhoff+R7    31299.075    187 62972.150    63588.922    63665.999
375  Dayhoff+R8    31296.369    189 62970.738    63611.988    63672.009
378  Dayhoff+F     33972.594    194 68333.188    69040.291    69053.011
379  Dayhoff+F+I   33660.736    195 67711.471    68432.603    68435.005
380  Dayhoff+F+G4  31035.713    195 62461.427    63182.559    63184.960
381  Dayhoff+F+I+G4 31028.494    196 62448.988    63184.455    63176.232
382  Dayhoff+F+R2  31676.831    196 63745.663    64481.129    64472.906
383  Dayhoff+F+R3  31213.892    198 62823.784    63588.871    63558.448
384  Dayhoff+F+R4  31035.123    200 62470.247    63266.286    63212.332
385  Dayhoff+F+R5  30982.248    202 62368.495    63196.899    63118.002
386  Dayhoff+F+R6  30964.762    204 62337.525    63199.793    63094.452
387  Dayhoff+F+R7  30962.081    206 62336.161    63233.887    63100.509
391  mtREV         36148.415    175 72646.829    73135.718    73296.154
392  mtREV+I       35913.955    176 72179.909    72678.341    72832.945
393  mtREV+G4      32483.157    176 65318.313    65816.745    65971.349
394  mtREV+I+G4    32482.396    177 65318.793    65826.954    65975.538
395  mtREV+R2      33234.983    177 66823.965    67332.127    67480.711
396  mtREV+R3      32614.636    179 65587.272    66115.469    66251.439
397  mtREV+R4      32461.649    181 65285.298    65834.331    65956.885
398  mtREV+R5      32346.246    183 65058.491    65629.203    65737.499
399  mtREV+R6      32310.833    185 64991.665    65584.941    65678.094
400  mtREV+R7      32304.948    187 64983.895    65600.667    65677.745
401  mtREV+R8      32301.636    189 64981.272    65622.522    65682.543
404  mtREV+F       34858.506    194 70105.013    70812.116    70824.836
405  mtREV+F+I     34617.004    195 69624.007    70345.140    70347.541
406  mtREV+F+G4    31322.885    195 63035.770    63756.902    63759.303
407  mtREV+F+I+G4  31289.784    196 62971.567    63707.034    63698.811
408  mtREV+F+R2    32045.511    196 64483.021    65218.488    65210.265
409  mtREV+F+R3    31466.434    198 63328.868    64093.955    64063.532
410  mtREV+F+R4    31288.886    200 62977.771    63773.811    63719.857
411  mtREV+F+R5    31203.624    202 62811.248    63639.652    63560.754
412  mtREV+F+R6    31165.894    204 62739.788    63602.056    63496.715
413  mtREV+F+R7    31161.248    206 62734.496    63632.222    63498.844
417  mtART         37763.521    175 75877.041    76365.930    76526.366
418  mtART+I       37516.991    176 75385.983    75884.415    76039.018
419  mtART+G4      32758.430    176 65868.860    66367.292    66521.895
420  mtART+I+G4    32727.106    177 65808.213    66316.374    66464.958
421  mtART+R2      33641.703    177 67637.405    68145.567    68294.151
422  mtART+R3      32993.241    179 66344.482    66872.679    67008.649
423  mtART+R4      32743.189    181 65848.378    66397.412    66519.966
424  mtART+R5      32614.742    183 65595.484    66166.196    66274.492
425  mtART+R6      32567.977    185 65505.954    66099.230    66192.383
426  mtART+R7      32560.789    187 65495.579    66112.351    66189.429
427  mtART+R8      32551.434    189 65480.869    66122.119    66182.140
428  mtART+R9      32534.760    191 65451.520    66118.284    66160.211
429  mtART+R10     32526.579    193 65439.157    66132.528    66155.270
430  mtART+F       36404.720    194 73197.440    73904.542    73917.262
431  mtART+F+I     36140.105    195 72670.209    73391.341    73393.743
432  mtART+F+G4    31555.905    195 63501.809    64222.941    64225.343
433  mtART+F+I+G4  31530.332    196 63452.664    64188.130    64179.907
434  mtART+F+R2    32499.823    196 65391.646    66127.113    66118.890
435  mtART+F+R3    31786.394    198 63968.788    64733.875    64703.452
436  mtART+F+R4    31559.302    200 63518.604    64314.643    64260.689
437  mtART+F+R5    31434.441    202 63272.882    64101.286    64022.388
438  mtART+F+R6    31386.869    204 63181.739    64044.007    63938.666
439  mtART+F+R7    31368.825    206 63149.649    64047.376    63913.997
WARNING: Log-likelihood -31370.2 of mtART+F+R8 worse than mtART+F+R7 -31368.8
440  mtART+F+R8    31370.186    208 63156.373    64091.255    63928.142
443  mtZOA         35971.182    175 72292.364    72781.253    72941.688
444  mtZOA+I       35723.348    176 71798.696    72297.128    72451.731
445  mtZOA+G4      31793.603    176 63939.206    64437.638    64592.241
446  mtZOA+I+G4    31735.624    177 63825.248    64333.409    64481.993
447  mtZOA+R2      32552.445    177 65458.889    65967.050    66115.635
448  mtZOA+R3      31899.821    179 64157.642    64685.839    64821.809
449  mtZOA+R4      31734.238    181 63830.477    64379.510    64502.064
450  mtZOA+R5      31627.367    183 63620.733    64191.445    64299.742
451  mtZOA+R6      31577.552    185 63525.104    64118.380    64211.533
452  mtZOA+R7      31560.774    187 63495.548    64112.320    64189.398
453  mtZOA+R8      31557.378    189 63492.756    64134.006    64194.026
456  mtZOA+F       35195.690    194 70779.380    71486.483    71499.203
457  mtZOA+F+I     34932.075    195 70254.149    70975.282    70977.683
458  mtZOA+F+G4    31100.411    195 62590.822    63311.954    63314.355
459  mtZOA+F+I+G4  31068.479    196 62528.958    63264.424    63256.201
460  mtZOA+F+R2    31922.798    196 64237.595    64973.062    64964.839
461  mtZOA+F+R3    31257.074    198 62910.147    63675.235    63644.812
462  mtZOA+F+R4    31073.902    200 62547.803    63343.843    63289.889
463  mtZOA+F+R5    30983.618    202 62371.237    63199.641    63120.743
464  mtZOA+F+R6    30938.298    204 62284.596    63146.864    63041.523
465  mtZOA+F+R7    30911.478    206 62234.955    63132.682    62999.303
466  mtZOA+F+R8    30903.091    208 62222.182    63157.064    62993.951
WARNING: Log-likelihood -30920.3 of mtZOA+F+R9 worse than mtZOA+F+R8 -30903.1
467  mtZOA+F+R9    30920.270    210 62260.540    63234.386    63039.730
469  mtMet         36343.314    175 73036.628    73525.517    73685.953
470  mtMet+I       36097.454    176 72546.907    73045.339    73199.943
471  mtMet+G4      32575.586    176 65503.171    66001.603    66156.206
472  mtMet+I+G4    32535.378    177 65424.756    65932.917    66081.501
473  mtMet+R2      33298.358    177 66950.717    67458.878    67607.462
474  mtMet+R3      32703.237    179 65764.474    66292.671    66428.640
475  mtMet+R4      32529.261    181 65420.523    65969.556    66092.110
476  mtMet+R5      32421.290    183 65208.581    65779.293    65887.589
477  mtMet+R6      32377.350    185 65124.699    65717.975    65811.128
478  mtMet+R7      32372.886    187 65119.772    65736.544    65813.622
482  mtMet+F       35135.676    194 70659.352    71366.455    71379.175
483  mtMet+F+I     34872.096    195 70134.192    70855.324    70857.725
484  mtMet+F+G4    31301.409    195 62992.819    63713.951    63716.352
485  mtMet+F+I+G4  31270.408    196 62932.815    63668.282    63660.059
486  mtMet+F+R2    32080.986    196 64553.973    65289.439    65281.216
487  mtMet+F+R3    31422.852    198 63241.704    64006.792    63976.369
488  mtMet+F+R4    31275.996    200 62951.992    63748.031    63694.077
489  mtMet+F+R5    31177.157    202 62758.313    63586.717    63507.819
490  mtMet+F+R6    31134.160    204 62676.320    63538.588    63433.247
491  mtMet+F+R7    31112.881    206 62637.762    63535.488    63402.110
WARNING: Log-likelihood -31119.1 of mtMet+F+R8 worse than mtMet+F+R7 -31112.9
492  mtMet+F+R8    31119.148    208 62654.296    63589.178    63426.065
495  mtVer         36902.319    175 74154.639    74643.527    74803.963
496  mtVer+I       36648.886    176 73649.771    74148.203    74302.806
497  mtVer+G4      32653.188    176 65658.376    66156.808    66311.411
498  mtVer+I+G4    32641.904    177 65637.808    66145.969    66294.554
499  mtVer+R2      33532.989    177 67419.979    67928.140    68076.724
500  mtVer+R3      32809.753    179 65977.506    66505.703    66641.673
501  mtVer+R4      32652.696    181 65667.391    66216.424    66338.978
502  mtVer+R5      32514.774    183 65395.548    65966.260    66074.556
503  mtVer+R6      32471.836    185 65313.671    65906.947    66000.100
504  mtVer+R7      32461.877    187 65297.755    65914.527    65991.604
505  mtVer+R8      32461.566    189 65301.132    65942.382    66002.402
508  mtVer+F       35731.649    194 71851.299    72558.401    72571.122
509  mtVer+F+I     35458.684    195 71307.368    72028.500    72030.902
510  mtVer+F+G4    31671.695    195 63733.389    64454.521    64456.923
511  mtVer+F+I+G4  31648.293    196 63688.585    64424.052    64415.829
512  mtVer+F+R2    32509.329    196 65410.658    66146.124    66137.901
513  mtVer+F+R3    31816.212    198 64028.425    64793.512    64763.089
514  mtVer+F+R4    31661.853    200 63723.706    64519.746    64465.792
515  mtVer+F+R5    31555.780    202 63515.560    64343.964    64265.066
516  mtVer+F+R6    31519.689    204 63447.379    64309.647    64204.306
517  mtVer+F+R7    31496.295    206 63404.590    64302.316    64168.938
518  mtVer+F+R8    31490.979    208 63397.959    64332.840    64169.728
521  mtInv         36194.463    175 72738.926    73227.815    73388.251
522  mtInv+I       35950.622    176 72253.243    72751.675    72906.278
523  mtInv+G4      32774.649    176 65901.298    66399.730    66554.334
524  mtInv+I+G4    32740.272    177 65834.545    66342.706    66491.290
525  mtInv+R2      33413.262    177 67180.524    67688.685    67837.269
526  mtInv+R3      32912.601    179 66183.201    66711.398    66847.368
527  mtInv+R4      32733.857    181 65829.714    66378.747    66501.301
528  mtInv+R5      32635.581    183 65637.162    66207.874    66316.170
529  mtInv+R6      32597.821    185 65565.642    66158.917    66252.071
530  mtInv+R7      32593.446    187 65560.892    66177.664    66254.741
534  mtInv+F       34473.258    194 69334.516    70041.619    70054.339
535  mtInv+F+I     34207.149    195 68804.299    69525.431    69527.832
536  mtInv+F+G4    31039.844    195 62469.688    63190.820    63193.222
537  mtInv+F+I+G4  31039.717    196 62471.434    63206.901    63198.678
538  mtInv+F+R2    31760.823    196 63913.645    64649.112    64640.889
539  mtInv+F+R3    31166.669    198 62729.339    63494.426    63464.003
540  mtInv+F+R4    31042.292    200 62484.584    63280.624    63226.669
541  mtInv+F+R5    30928.023    202 62260.045    63088.449    63009.551
542  mtInv+F+R6    30886.787    204 62181.574    63043.842    62938.501
543  mtInv+F+R7    30882.244    206 62176.489    63074.215    62940.837
547  mtMAM         38077.746    175 76505.492    76994.381    77154.817
548  mtMAM+I       37849.876    176 76051.752    76550.184    76704.787
549  mtMAM+G4      33056.355    176 66464.710    66963.142    67117.745
550  mtMAM+I+G4    33026.580    177 66407.160    66915.321    67063.906
551  mtMAM+R2      34067.565    177 68489.130    68997.291    69145.875
552  mtMAM+R3      33360.063    179 67078.126    67606.323    67742.293
553  mtMAM+R4      33083.808    181 66529.617    67078.650    67201.204
554  mtMAM+R5      32904.982    183 66175.964    66746.676    66854.972
555  mtMAM+R6      32868.287    185 66106.573    66699.849    66793.002
556  mtMAM+R7      32837.390    187 66048.779    66665.551    66742.629
557  mtMAM+R8      32830.472    189 66038.944    66680.194    66740.214
558  mtMAM+R9      32819.688    191 66021.377    66688.140    66730.068
559  mtMAM+R10     32818.702    193 66023.404    66716.775    66739.517
560  mtMAM+F       36756.283    194 73900.566    74607.669    74620.389
561  mtMAM+F+I     36499.189    195 73388.379    74109.511    74111.912
562  mtMAM+F+G4    31935.787    195 64261.573    64982.705    64985.106
563  mtMAM+F+I+G4  31913.756    196 64219.513    64954.980    64946.757
564  mtMAM+F+R2    32960.838    196 66313.675    67049.142    67040.919
565  mtMAM+F+R3    32238.838    198 64873.675    65638.763    65608.340
566  mtMAM+F+R4    31982.617    200 64365.234    65161.273    65107.319
567  mtMAM+F+R5    31821.959    202 64047.918    64876.322    64797.424
568  mtMAM+F+R6    31784.408    204 63976.816    64839.084    64733.743
569  mtMAM+F+R7    31774.630    206 63961.261    64858.987    64725.609
570  mtMAM+F+R8    31766.032    208 63948.064    64882.946    64719.833
571  mtMAM+F+R9    31747.542    210 63915.085    64888.931    64694.275
572  mtMAM+F+R10   31739.757    212 63903.514    64918.255    64690.124
WARNING: Normalizing state frequencies so that sum of them equals to 1
573  FLAVI         36062.139    175 72474.279    72963.168    73123.604
WARNING: Normalizing state frequencies so that sum of them equals to 1
574  FLAVI+I       35781.781    176 71915.561    72413.993    72568.596
WARNING: Normalizing state frequencies so that sum of them equals to 1
575  FLAVI+G4      32245.791    176 64843.583    65342.015    65496.618
WARNING: Normalizing state frequencies so that sum of them equals to 1
576  FLAVI+I+G4    32245.770    177 64845.540    65353.701    65502.286
WARNING: Normalizing state frequencies so that sum of them equals to 1
577  FLAVI+R2      33074.322    177 66502.644    67010.805    67159.389
WARNING: Normalizing state frequencies so that sum of them equals to 1
578  FLAVI+R3      32399.485    179 65156.969    65685.166    65821.136
WARNING: Normalizing state frequencies so that sum of them equals to 1
579  FLAVI+R4      32226.217    181 64814.435    65363.468    65486.022
WARNING: Normalizing state frequencies so that sum of them equals to 1
580  FLAVI+R5      32144.944    183 64655.888    65226.600    65334.896
WARNING: Normalizing state frequencies so that sum of them equals to 1
581  FLAVI+R6      32112.405    185 64594.811    65188.086    65281.240
WARNING: Normalizing state frequencies so that sum of them equals to 1
582  FLAVI+R7      32094.554    187 64563.108    65179.880    65256.957
WARNING: Normalizing state frequencies so that sum of them equals to 1
583  FLAVI+R8      32090.818    189 64559.636    65200.886    65260.907
WARNING: Normalizing state frequencies so that sum of them equals to 1
586  FLAVI+F       36394.564    194 73177.128    73884.231    73896.951
WARNING: Normalizing state frequencies so that sum of them equals to 1
587  FLAVI+F+I     36138.003    195 72666.006    73387.138    73389.539
WARNING: Normalizing state frequencies so that sum of them equals to 1
588  FLAVI+F+G4    32282.417    195 64954.834    65675.966    65678.367
WARNING: Normalizing state frequencies so that sum of them equals to 1
589  FLAVI+F+I+G4  32256.570    196 64905.140    65640.606    65632.383
WARNING: Normalizing state frequencies so that sum of them equals to 1
590  FLAVI+F+R2    33137.744    196 66667.487    67402.954    67394.731
WARNING: Normalizing state frequencies so that sum of them equals to 1
591  FLAVI+F+R3    32424.329    198 65244.657    66009.745    65979.322
WARNING: Normalizing state frequencies so that sum of them equals to 1
592  FLAVI+F+R4    32259.301    200 64918.601    65714.641    65660.687
WARNING: Normalizing state frequencies so that sum of them equals to 1
593  FLAVI+F+R5    32144.693    202 64693.387    65521.791    65442.893
WARNING: Normalizing state frequencies so that sum of them equals to 1
594  FLAVI+F+R6    32112.249    204 64632.498    65494.766    65389.425
WARNING: Normalizing state frequencies so that sum of them equals to 1
595  FLAVI+F+R7    32095.757    206 64603.514    65501.240    65367.862
WARNING: Normalizing state frequencies so that sum of them equals to 1
596  FLAVI+F+R8    32090.878    208 64597.755    65532.637    65369.524
599  HIVb          34996.907    175 70343.815    70832.704    70993.140
600  HIVb+I        34690.255    176 69732.509    70230.941    70385.545
601  HIVb+G4       31801.451    176 63954.902    64453.334    64607.937
602  HIVb+I+G4     31794.611    177 63943.222    64451.384    64599.968
603  HIVb+R2       32492.426    177 65338.851    65847.013    65995.597
604  HIVb+R3       32023.768    179 64405.537    64933.734    65069.703
605  HIVb+R4       31792.592    181 63947.184    64496.217    64618.771
606  HIVb+R5       31735.763    183 63837.525    64408.237    64516.533
607  HIVb+R6       31713.421    185 63796.842    64390.118    64483.271
608  HIVb+R7       31706.204    187 63786.408    64403.180    64480.257
609  HIVb+R8       31705.801    189 63789.601    64430.851    64490.872
612  HIVb+F        35165.481    194 70718.963    71426.066    71438.786
613  HIVb+F+I      34888.386    195 70166.771    70887.903    70890.305
614  HIVb+F+G4     31647.098    195 63684.196    64405.328    64407.729
615  HIVb+F+I+G4   31644.733    196 63681.467    64416.933    64408.710
616  HIVb+F+R2     32398.990    196 65189.979    65925.446    65917.223
617  HIVb+F+R3     31835.257    198 64066.514    64831.602    64801.179
618  HIVb+F+R4     31653.727    200 63707.453    64503.493    64449.539
619  HIVb+F+R5     31557.291    202 63518.581    64346.985    64268.087
620  HIVb+F+R6     31531.315    204 63470.630    64332.898    64227.558
621  HIVb+F+R7     31524.689    206 63461.377    64359.104    64225.725
622  HIVb+F+R8     31523.877    208 63463.754    64398.636    64235.523
625  HIVw          36518.785    175 73387.569    73876.458    74036.894
626  HIVw+I        36155.466    176 72662.932    73161.364    73315.967
627  HIVw+G4       33295.970    176 66943.940    67442.372    67596.975
628  HIVw+I+G4     33281.769    177 66917.539    67425.700    67574.285
629  HIVw+R2       34008.404    177 68370.808    68878.970    69027.554
630  HIVw+R3       33515.481    179 67388.961    67917.158    68053.128
631  HIVw+R4       33287.259    181 66936.519    67485.552    67608.106
632  HIVw+R5       33235.100    183 66836.201    67406.913    67515.209
633  HIVw+R6       33200.467    185 66770.934    67364.210    67457.363
634  HIVw+R7       33189.754    187 66753.509    67370.281    67447.359
635  HIVw+R8       33183.596    189 66745.192    67386.442    67446.462
636  HIVw+R9       33177.375    191 66736.749    67403.513    67445.441
637  HIVw+R10      33177.294    193 66740.588    67433.959    67456.701
638  HIVw+F        36164.298    194 72716.595    73423.698    73436.418
639  HIVw+F+I      35816.010    195 72022.019    72743.151    72745.552
640  HIVw+F+G4     32585.869    195 65561.737    66282.869    66285.271
641  HIVw+F+I+G4   32582.583    196 65557.165    66292.632    66284.409
642  HIVw+F+R2     33382.305    196 67156.610    67892.077    67883.854
643  HIVw+F+R3     32778.563    198 65953.125    66718.212    66687.790
644  HIVw+F+R4     32603.236    200 65606.472    66402.512    66348.557
645  HIVw+F+R5     32500.991    202 65405.983    66234.387    66155.489
646  HIVw+F+R6     32480.956    204 65369.911    66232.179    66126.838
647  HIVw+F+R7     32477.872    206 65367.744    66265.471    66132.092
651  FLU           34905.995    175 70161.989    70650.878    70811.314
652  FLU+I         34609.862    176 69571.723    70070.155    70224.758
653  FLU+G4        31793.751    176 63939.501    64437.933    64592.537
654  FLU+I+G4      31785.097    177 63924.194    64432.356    64580.940
655  FLU+R2        32408.510    177 65171.020    65679.181    65827.765
656  FLU+R3        31969.539    179 64297.079    64825.275    64961.245
657  FLU+R4        31779.772    181 63921.544    64470.577    64593.131
658  FLU+R5        31722.764    183 63811.528    64382.240    64490.536
659  FLU+R6        31694.561    185 63759.123    64352.399    64445.552
660  FLU+R7        31685.229    187 63744.457    64361.229    64438.307
661  FLU+R8        31684.129    189 63746.258    64387.508    64447.529
664  FLU+F         34785.464    194 69958.929    70666.032    70678.752
665  FLU+F+I       34526.946    195 69443.893    70165.025    70167.426
666  FLU+F+G4      31388.926    195 63167.853    63888.985    63891.386
667  FLU+F+I+G4    31361.365    196 63114.731    63850.197    63841.974
668  FLU+F+R2      32048.892    196 64489.784    65225.251    65217.028
669  FLU+F+R3      31506.846    198 63409.691    64174.779    64144.356
670  FLU+F+R4      31369.996    200 63139.991    63936.031    63882.077
671  FLU+F+R5      31296.290    202 62996.579    63824.983    63746.085
672  FLU+F+R6      31265.610    204 62939.220    63801.488    63696.147
673  FLU+F+R7      31255.109    206 62922.218    63819.944    63686.566
674  FLU+F+R8      31254.832    208 62925.664    63860.546    63697.433
677  rtREV         33936.600    175 68223.199    68712.088    68872.524
678  rtREV+I       33693.177    176 67738.354    68236.786    68391.389
679  rtREV+G4      31236.238    176 62824.476    63322.908    63477.511
680  rtREV+I+G4    31230.072    177 62814.144    63322.305    63470.890
681  rtREV+R2      31775.735    177 63905.469    64413.631    64562.215
682  rtREV+R3      31400.863    179 63159.726    63687.923    63823.892
683  rtREV+R4      31229.540    181 62821.080    63370.113    63492.667
684  rtREV+R5      31172.689    183 62711.378    63282.090    63390.386
685  rtREV+R6      31157.411    185 62684.822    63278.098    63371.251
686  rtREV+R7      31157.169    187 62688.338    63305.109    63382.187
690  rtREV+F       33803.918    194 67995.837    68702.940    68715.660
691  rtREV+F+I     33569.438    195 67528.877    68250.009    68252.410
692  rtREV+F+G4    30860.385    195 62110.769    62831.902    62834.303
693  rtREV+F+I+G4  30852.873    196 62097.747    62833.214    62824.991
694  rtREV+F+R2    31410.527    196 63213.053    63948.520    63940.297
695  rtREV+F+R3    30991.436    198 62378.872    63143.959    63113.536
696  rtREV+F+R4    30848.376    200 62096.751    62892.791    62838.836
697  rtREV+F+R5    30770.829    202 61945.659    62774.063    62695.165
698  rtREV+F+R6    30751.297    204 61910.595    62772.863    62667.522
WARNING: Log-likelihood -30752.5 of rtREV+F+R7 worse than rtREV+F+R6 -30751.3
699  rtREV+F+R7    30752.490    206 61916.979    62814.706    62681.327
703  cpREV         33749.114    175 67848.228    68337.117    68497.552
704  cpREV+I       33512.557    176 67377.115    67875.547    68030.150
705  cpREV+G4      31071.927    176 62495.854    62994.286    63148.890
706  cpREV+I+G4    31068.872    177 62491.744    62999.905    63148.490
707  cpREV+R2      31671.700    177 63697.400    64205.562    64354.146
708  cpREV+R3      31210.627    179 62779.254    63307.451    63443.420
709  cpREV+R4      31061.532    181 62485.064    63034.097    63156.651
710  cpREV+R5      31010.692    183 62387.383    62958.095    63066.391
711  cpREV+R6      30996.541    185 62363.081    62956.357    63049.510
712  cpREV+R7      30995.122    187 62364.243    62981.015    63058.093
716  cpREV+F       33649.454    194 67686.907    68394.010    68406.730
717  cpREV+F+I     33432.096    195 67254.193    67975.325    67977.726
718  cpREV+F+G4    30873.660    195 62137.321    62858.453    62860.854
719  cpREV+F+I+G4  30872.868    196 62137.736    62873.203    62864.980
720  cpREV+F+R2    31478.214    196 63348.428    64083.895    64075.672
721  cpREV+F+R3    31000.987    198 62397.974    63163.062    63132.639
722  cpREV+F+R4    30910.990    200 62221.981    63018.020    62964.066
723  cpREV+F+R5    30806.156    202 62016.313    62844.717    62765.819
724  cpREV+F+R6    30795.556    204 61999.113    62861.381    62756.040
725  cpREV+F+R7    30786.709    206 61985.418    62883.145    62749.766
726  cpREV+F+R8    30783.723    208 61983.445    62918.327    62755.214
Model C10 is alias for POISSON+G+FMIX{C10pi1:1:0.1191344178,C10pi2:1:0.0874372456,C10pi3:1:0.1037105070,C10pi4:1:0.0922584809,C10pi5:1:0.1070492801,C10pi6:1:0.1329945166,C10pi7:1:0.0538028458,C10pi8:1:0.0691986212,C10pi9:1:0.1319937434,C10pi10:1:0.1024203429}
729  C10           31019.394    176 62390.788    62889.220    63043.823
Model C20 is alias for POISSON+G+FMIX{C20pi1:1:0.0559910600,C20pi2:1:0.0514824870,C20pi3:1:0.0812922124,C20pi4:1:0.0721976867,C20pi5:1:0.0556718858,C20pi6:1:0.0331003080,C20pi7:1:0.0589501763,C20pi8:1:0.0263756889,C20pi9:1:0.0307584220,C20pi10:1:0.0376701125,C20pi11:1:0.0303058290,C20pi12:1:0.0808775576,C20pi13:1:0.0263349134,C20pi14:1:0.0579101455,C20pi15:1:0.0371248064,C20pi16:1:0.0586867766,C20pi17:1:0.0561479138,C20pi18:1:0.0349810886,C20pi19:1:0.0544937394,C20pi20:1:0.0596471901}
730  C20           30691.716    176 61735.432    62233.864    62388.467
Model C30 is alias for POISSON+G+FMIX{C30pi1:1:0.0095783264,C30pi2:1:0.0248476365,C30pi3:1:0.0636309366,C30pi4:1:0.0537939225,C30pi5:1:0.0295885587,C30pi6:1:0.0117587936,C30pi7:1:0.0132013428,C30pi8:1:0.0236868805,C30pi9:1:0.0261687659,C30pi10:1:0.0239821974,C30pi11:1:0.0257100906,C30pi12:1:0.0465072425,C30pi13:1:0.0546794546,C30pi14:1:0.0536085131,C30pi15:1:0.0270622670,C30pi16:1:0.0403913593,C30pi17:1:0.0474212700,C30pi18:1:0.0458816478,C30pi19:1:0.0214036510,C30pi20:1:0.0290385981,C30pi21:1:0.0123391793,C30pi22:1:0.0569350229,C30pi23:1:0.0419687568,C30pi24:1:0.0339027062,C30pi25:1:0.0388777376,C30pi26:1:0.0196343766,C30pi27:1:0.0233086174,C30pi28:1:0.0622722654,C30pi29:1:0.0184803385,C30pi30:1:0.0203395454}
731  C30           30506.047    176 61364.094    61862.526    62017.129
Model C40 is alias for POISSON+G+FMIX{C40pi1:1:0.0223853788,C40pi2:1:0.0338891820,C40pi3:1:0.0577169375,C40pi4:1:0.0252416233,C40pi5:1:0.0108607921,C40pi6:1:0.0462373793,C40pi7:1:0.0102293175,C40pi8:1:0.0147523625,C40pi9:1:0.0143161352,C40pi10:1:0.0182302541,C40pi11:1:0.0204025079,C40pi12:1:0.0425505156,C40pi13:1:0.0248627269,C40pi14:1:0.0105892988,C40pi15:1:0.0188238725,C40pi16:1:0.0086663445,C40pi17:1:0.0148496147,C40pi18:1:0.0343037402,C40pi19:1:0.0225335203,C40pi20:1:0.0174068578,C40pi21:1:0.0112207827,C40pi22:1:0.0443532245,C40pi23:1:0.0392573370,C40pi24:1:0.0196756555,C40pi25:1:0.0287690328,C40pi26:1:0.0114441177,C40pi27:1:0.0112338740,C40pi28:1:0.0582694099,C40pi29:1:0.0444272279,C40pi30:1:0.0112010942,C40pi31:1:0.0145176111,C40pi32:1:0.0114629026,C40pi33:1:0.0239628061,C40pi34:1:0.0266266492,C40pi35:1:0.0481201159,C40pi36:1:0.0371147423,C40pi37:1:0.0160476688,C40pi38:1:0.0237249267,C40pi39:1:0.0235226203,C40pi40:1:0.0261998398}
732  C40           30425.268    176 61202.536    61700.968    61855.571
Model C50 is alias for POISSON+G+FMIX{C50pi1:1:0.0164297003,C50pi2:1:0.0273175755,C50pi3:1:0.0460247610,C50pi4:1:0.0084864734,C50pi5:1:0.0125389252,C50pi6:1:0.0343549036,C50pi7:1:0.0130241102,C50pi8:1:0.0094755681,C50pi9:1:0.0190040551,C50pi10:1:0.0151902354,C50pi11:1:0.0320534760,C50pi12:1:0.0210059850,C50pi13:1:0.0237408547,C50pi14:1:0.0239841203,C50pi15:1:0.0213748021,C50pi16:1:0.0210717705,C50pi17:1:0.0050241805,C50pi18:1:0.0166262276,C50pi19:1:0.0143945956,C50pi20:1:0.0104391130,C50pi21:1:0.0107628277,C50pi22:1:0.0148818171,C50pi23:1:0.0321480239,C50pi24:1:0.0145477978,C50pi25:1:0.0332355807,C50pi26:1:0.0143190281,C50pi27:1:0.0234478734,C50pi28:1:0.0183044983,C50pi29:1:0.0403269452,C50pi30:1:0.0135629530,C50pi31:1:0.0091880799,C50pi32:1:0.0158270022,C50pi33:1:0.0121019379,C50pi34:1:0.0353560982,C50pi35:1:0.0404495617,C50pi36:1:0.0104569232,C50pi37:1:0.0146187792,C50pi38:1:0.0093984095,C50pi39:1:0.0146773809,C50pi40:1:0.0201635562,C50pi41:1:0.0255640273,C50pi42:1:0.0039486842,C50pi43:1:0.0393652608,C50pi44:1:0.0056415419,C50pi45:1:0.0382833580,C50pi46:1:0.0039735086,C50pi47:1:0.0140269355,C50pi48:1:0.0476703673,C50pi49:1:0.0204062788,C50pi50:1:0.0117835304}
733  C50           30375.048    176 61102.095    61600.527    61755.131
Model C60 is alias for POISSON+G+FMIX{C60pi1:1:0.0169698865,C60pi2:1:0.0211683374,C60pi3:1:0.0276589079,C60pi4:1:0.0065675964,C60pi5:1:0.0141221416,C60pi6:1:0.0068774834,C60pi7:1:0.0146909701,C60pi8:1:0.0067225777,C60pi9:1:0.0018396660,C60pi10:1:0.0102547197,C60pi11:1:0.0230896163,C60pi12:1:0.0057941033,C60pi13:1:0.0125394534,C60pi14:1:0.0204526478,C60pi15:1:0.0070629602,C60pi16:1:0.0117982741,C60pi17:1:0.0068334668,C60pi18:1:0.0433775839,C60pi19:1:0.0318278731,C60pi20:1:0.0222546108,C60pi21:1:0.0102264969,C60pi22:1:0.0150545891,C60pi23:1:0.0134159878,C60pi24:1:0.0148552065,C60pi25:1:0.0239111516,C60pi26:1:0.0128776278,C60pi27:1:0.0222318842,C60pi28:1:0.0247444742,C60pi29:1:0.0214274810,C60pi30:1:0.0115001882,C60pi31:1:0.0076017389,C60pi32:1:0.0130258568,C60pi33:1:0.0093701965,C60pi34:1:0.0467194264,C60pi35:1:0.0441940314,C60pi36:1:0.0322263154,C60pi37:1:0.0402999891,C60pi38:1:0.0150234227,C60pi39:1:0.0104589903,C60pi40:1:0.0214742395,C60pi41:1:0.0154957836,C60pi42:1:0.0101789953,C60pi43:1:0.0227980379,C60pi44:1:0.0123204539,C60pi45:1:0.0066777583,C60pi46:1:0.0004150083,C60pi47:1:0.0344385130,C60pi48:1:0.0113663379,C60pi49:1:0.0127143049,C60pi50:1:0.0124323741,C60pi51:1:0.0262124415,C60pi52:1:0.0064994957,C60pi53:1:0.0103203293,C60pi54:1:0.0142463512,C60pi55:1:0.0215600067,C60pi56:1:0.0199150700,C60pi57:1:0.0038964200,C60pi58:1:0.0113448855,C60pi59:1:0.0128595846,C60pi60:1:0.0117656776}
WARNING: Your input class weight 0.000415008 is very small and may cause numerical issues
734  C60           30345.492    176 61042.984    61541.416    61696.019
Model EX2 is alias for MIX{BurEX2:0.672020808818762,ExpEX2:1.6413466609931}
WARNING: Normalizing state frequencies so that sum of them equals to 1
735  EX2           31848.701    176 64049.403    64547.835    64702.438
Model EX3 is alias for MIX{BurEX3:0.427672756793791,IntEX3:0.837595938019774,HExEX3:1.51863631431518}
WARNING: Normalizing state frequencies so that sum of them equals to 1
WARNING: Normalizing state frequencies so that sum of them equals to 1
736  EX3           31573.768    177 63501.537    64009.698    64158.282
Model EHO is alias for MIX{ExtEHO:0.720274356,HelEHO:0.976798797,OthEHO:0.783109376}
WARNING: Normalizing state frequencies so that sum of them equals to 1
WARNING: Normalizing state frequencies so that sum of them equals to 1
WARNING: Normalizing state frequencies so that sum of them equals to 1
737  EHO           32883.531    177 66121.062    66629.224    66777.808
Model UL2 is alias for MIX{M1_UL2:0.581348617,M2_UL2:1.465482789}
WARNING: Normalizing state frequencies so that sum of them equals to 1
738  UL2           31940.068    176 64232.136    64730.568    64885.171
Model UL3 is alias for MIX{Q1_UL3:0.484340397,Q2_UL3:0.492780514,Q3_UL3:1.15597274}
WARNING: Normalizing state frequencies so that sum of them equals to 1
WARNING: Normalizing state frequencies so that sum of them equals to 1
739  UL3           32966.689    177 66287.377    66795.539    66944.123
Model EX_EHO is alias for MIX{BUR_EXT:0.761816796788931,BUR_HEL:0.744425646802117,BUR_OTH:0.532457759429489,EXP_EXT:1.5639387472863,EXP_HEL:2.06403411829438,EXP_OTH:1.43336795177594}
WARNING: Normalizing state frequencies so that sum of them equals to 1
WARNING: Normalizing state frequencies so that sum of them equals to 1
WARNING: Normalizing state frequencies so that sum of them equals to 1
740  EX_EHO        31395.223    180 63150.446    63688.958    63818.322
Model LG4M is alias for MIX{LG4M1,LG4M2,LG4M3,LG4M4}*G4
741  LG4M          30831.006    176 62014.011    62512.443    62667.046
Model LG4X is alias for MIX{LG4X1,LG4X2,LG4X3,LG4X4}*R4
742  LG4X          30825.560    181 62013.119    62562.153    62684.706
Model CF4 is alias for POISSON+FMIX{Fclass1,Fclass2,Fclass3,Fclass4}+F+G
WARNING: Normalizing State frequencies so that sum of them equals to 1
WARNING: Normalizing State frequencies so that sum of them equals to 1
WARNING: Normalizing State frequencies so that sum of them equals to 1
WARNING: Normalizing State frequencies so that sum of them equals to 1
743  CF4           32256.459    199 64910.917    65691.309    65649.292
Model LG+C10 is alias for LG+POISSON+G+FMIX{C10pi1:1:0.1191344178,C10pi2:1:0.0874372456,C10pi3:1:0.1037105070,C10pi4:1:0.0922584809,C10pi5:1:0.1070492801,C10pi6:1:0.1329945166,C10pi7:1:0.0538028458,C10pi8:1:0.0691986212,C10pi9:1:0.1319937434,C10pi10:1:0.1024203429}
744  LG+C10        30718.639    176 61789.279    62287.711    62442.314
Model LG+C20 is alias for LG+POISSON+G+FMIX{C20pi1:1:0.0559910600,C20pi2:1:0.0514824870,C20pi3:1:0.0812922124,C20pi4:1:0.0721976867,C20pi5:1:0.0556718858,C20pi6:1:0.0331003080,C20pi7:1:0.0589501763,C20pi8:1:0.0263756889,C20pi9:1:0.0307584220,C20pi10:1:0.0376701125,C20pi11:1:0.0303058290,C20pi12:1:0.0808775576,C20pi13:1:0.0263349134,C20pi14:1:0.0579101455,C20pi15:1:0.0371248064,C20pi16:1:0.0586867766,C20pi17:1:0.0561479138,C20pi18:1:0.0349810886,C20pi19:1:0.0544937394,C20pi20:1:0.0596471901}
745  LG+C20        30465.525    176 61283.051    61781.483    61936.086
Model LG+C30 is alias for LG+POISSON+G+FMIX{C30pi1:1:0.0095783264,C30pi2:1:0.0248476365,C30pi3:1:0.0636309366,C30pi4:1:0.0537939225,C30pi5:1:0.0295885587,C30pi6:1:0.0117587936,C30pi7:1:0.0132013428,C30pi8:1:0.0236868805,C30pi9:1:0.0261687659,C30pi10:1:0.0239821974,C30pi11:1:0.0257100906,C30pi12:1:0.0465072425,C30pi13:1:0.0546794546,C30pi14:1:0.0536085131,C30pi15:1:0.0270622670,C30pi16:1:0.0403913593,C30pi17:1:0.0474212700,C30pi18:1:0.0458816478,C30pi19:1:0.0214036510,C30pi20:1:0.0290385981,C30pi21:1:0.0123391793,C30pi22:1:0.0569350229,C30pi23:1:0.0419687568,C30pi24:1:0.0339027062,C30pi25:1:0.0388777376,C30pi26:1:0.0196343766,C30pi27:1:0.0233086174,C30pi28:1:0.0622722654,C30pi29:1:0.0184803385,C30pi30:1:0.0203395454}
746  LG+C30        30293.283    176 60938.565    61436.997    61591.601
Model LG+C40 is alias for LG+POISSON+G+FMIX{C40pi1:1:0.0223853788,C40pi2:1:0.0338891820,C40pi3:1:0.0577169375,C40pi4:1:0.0252416233,C40pi5:1:0.0108607921,C40pi6:1:0.0462373793,C40pi7:1:0.0102293175,C40pi8:1:0.0147523625,C40pi9:1:0.0143161352,C40pi10:1:0.0182302541,C40pi11:1:0.0204025079,C40pi12:1:0.0425505156,C40pi13:1:0.0248627269,C40pi14:1:0.0105892988,C40pi15:1:0.0188238725,C40pi16:1:0.0086663445,C40pi17:1:0.0148496147,C40pi18:1:0.0343037402,C40pi19:1:0.0225335203,C40pi20:1:0.0174068578,C40pi21:1:0.0112207827,C40pi22:1:0.0443532245,C40pi23:1:0.0392573370,C40pi24:1:0.0196756555,C40pi25:1:0.0287690328,C40pi26:1:0.0114441177,C40pi27:1:0.0112338740,C40pi28:1:0.0582694099,C40pi29:1:0.0444272279,C40pi30:1:0.0112010942,C40pi31:1:0.0145176111,C40pi32:1:0.0114629026,C40pi33:1:0.0239628061,C40pi34:1:0.0266266492,C40pi35:1:0.0481201159,C40pi36:1:0.0371147423,C40pi37:1:0.0160476688,C40pi38:1:0.0237249267,C40pi39:1:0.0235226203,C40pi40:1:0.0261998398}
747  LG+C40        30227.288    176 60806.576    61305.008    61459.611
Model LG+C50 is alias for LG+POISSON+G+FMIX{C50pi1:1:0.0164297003,C50pi2:1:0.0273175755,C50pi3:1:0.0460247610,C50pi4:1:0.0084864734,C50pi5:1:0.0125389252,C50pi6:1:0.0343549036,C50pi7:1:0.0130241102,C50pi8:1:0.0094755681,C50pi9:1:0.0190040551,C50pi10:1:0.0151902354,C50pi11:1:0.0320534760,C50pi12:1:0.0210059850,C50pi13:1:0.0237408547,C50pi14:1:0.0239841203,C50pi15:1:0.0213748021,C50pi16:1:0.0210717705,C50pi17:1:0.0050241805,C50pi18:1:0.0166262276,C50pi19:1:0.0143945956,C50pi20:1:0.0104391130,C50pi21:1:0.0107628277,C50pi22:1:0.0148818171,C50pi23:1:0.0321480239,C50pi24:1:0.0145477978,C50pi25:1:0.0332355807,C50pi26:1:0.0143190281,C50pi27:1:0.0234478734,C50pi28:1:0.0183044983,C50pi29:1:0.0403269452,C50pi30:1:0.0135629530,C50pi31:1:0.0091880799,C50pi32:1:0.0158270022,C50pi33:1:0.0121019379,C50pi34:1:0.0353560982,C50pi35:1:0.0404495617,C50pi36:1:0.0104569232,C50pi37:1:0.0146187792,C50pi38:1:0.0093984095,C50pi39:1:0.0146773809,C50pi40:1:0.0201635562,C50pi41:1:0.0255640273,C50pi42:1:0.0039486842,C50pi43:1:0.0393652608,C50pi44:1:0.0056415419,C50pi45:1:0.0382833580,C50pi46:1:0.0039735086,C50pi47:1:0.0140269355,C50pi48:1:0.0476703673,C50pi49:1:0.0204062788,C50pi50:1:0.0117835304}
748  LG+C50        30145.668    176 60643.336    61141.768    61296.372
Model LG+C60 is alias for LG+POISSON+G+FMIX{C60pi1:1:0.0169698865,C60pi2:1:0.0211683374,C60pi3:1:0.0276589079,C60pi4:1:0.0065675964,C60pi5:1:0.0141221416,C60pi6:1:0.0068774834,C60pi7:1:0.0146909701,C60pi8:1:0.0067225777,C60pi9:1:0.0018396660,C60pi10:1:0.0102547197,C60pi11:1:0.0230896163,C60pi12:1:0.0057941033,C60pi13:1:0.0125394534,C60pi14:1:0.0204526478,C60pi15:1:0.0070629602,C60pi16:1:0.0117982741,C60pi17:1:0.0068334668,C60pi18:1:0.0433775839,C60pi19:1:0.0318278731,C60pi20:1:0.0222546108,C60pi21:1:0.0102264969,C60pi22:1:0.0150545891,C60pi23:1:0.0134159878,C60pi24:1:0.0148552065,C60pi25:1:0.0239111516,C60pi26:1:0.0128776278,C60pi27:1:0.0222318842,C60pi28:1:0.0247444742,C60pi29:1:0.0214274810,C60pi30:1:0.0115001882,C60pi31:1:0.0076017389,C60pi32:1:0.0130258568,C60pi33:1:0.0093701965,C60pi34:1:0.0467194264,C60pi35:1:0.0441940314,C60pi36:1:0.0322263154,C60pi37:1:0.0402999891,C60pi38:1:0.0150234227,C60pi39:1:0.0104589903,C60pi40:1:0.0214742395,C60pi41:1:0.0154957836,C60pi42:1:0.0101789953,C60pi43:1:0.0227980379,C60pi44:1:0.0123204539,C60pi45:1:0.0066777583,C60pi46:1:0.0004150083,C60pi47:1:0.0344385130,C60pi48:1:0.0113663379,C60pi49:1:0.0127143049,C60pi50:1:0.0124323741,C60pi51:1:0.0262124415,C60pi52:1:0.0064994957,C60pi53:1:0.0103203293,C60pi54:1:0.0142463512,C60pi55:1:0.0215600067,C60pi56:1:0.0199150700,C60pi57:1:0.0038964200,C60pi58:1:0.0113448855,C60pi59:1:0.0128595846,C60pi60:1:0.0117656776}
WARNING: Your input class weight 0.000415008 is very small and may cause numerical issues
749  LG+C60        30172.228    176 60696.456    61194.888    61349.491
Akaike Information Criterion:           LG+C50
Corrected Akaike Information Criterion: LG+C50
Bayesian Information Criterion:         LG+C50
Best-fit model: LG+C50 chosen according to BIC

All model information printed to iqtree_gene_trees/COG4208.model.gz
CPU time for ModelFinder: 20721.338 seconds (5h:45m:21s)
Wall-clock time for ModelFinder: 2090.193 seconds (0h:34m:50s)
Generating 1000 samples for ultrafast bootstrap (seed: 262193)...
Model LG+C50 is alias for LG+POISSON+G+FMIX{C50pi1:1:0.0164297003,C50pi2:1:0.0273175755,C50pi3:1:0.0460247610,C50pi4:1:0.0084864734,C50pi5:1:0.0125389252,C50pi6:1:0.0343549036,C50pi7:1:0.0130241102,C50pi8:1:0.0094755681,C50pi9:1:0.0190040551,C50pi10:1:0.0151902354,C50pi11:1:0.0320534760,C50pi12:1:0.0210059850,C50pi13:1:0.0237408547,C50pi14:1:0.0239841203,C50pi15:1:0.0213748021,C50pi16:1:0.0210717705,C50pi17:1:0.0050241805,C50pi18:1:0.0166262276,C50pi19:1:0.0143945956,C50pi20:1:0.0104391130,C50pi21:1:0.0107628277,C50pi22:1:0.0148818171,C50pi23:1:0.0321480239,C50pi24:1:0.0145477978,C50pi25:1:0.0332355807,C50pi26:1:0.0143190281,C50pi27:1:0.0234478734,C50pi28:1:0.0183044983,C50pi29:1:0.0403269452,C50pi30:1:0.0135629530,C50pi31:1:0.0091880799,C50pi32:1:0.0158270022,C50pi33:1:0.0121019379,C50pi34:1:0.0353560982,C50pi35:1:0.0404495617,C50pi36:1:0.0104569232,C50pi37:1:0.0146187792,C50pi38:1:0.0093984095,C50pi39:1:0.0146773809,C50pi40:1:0.0201635562,C50pi41:1:0.0255640273,C50pi42:1:0.0039486842,C50pi43:1:0.0393652608,C50pi44:1:0.0056415419,C50pi45:1:0.0382833580,C50pi46:1:0.0039735086,C50pi47:1:0.0140269355,C50pi48:1:0.0476703673,C50pi49:1:0.0204062788,C50pi50:1:0.0117835304}

NOTE: 881 MB RAM (0 GB) is required!
Estimate model parameters (epsilon = 0.100)
1. Initial log-likelihood: -30145.668
Optimal log-likelihood: -30145.655
Mixture weights: 0.016 0.027 0.046 0.008 0.013 0.034 0.013 0.009 0.019 0.015 0.032 0.021 0.024 0.024 0.021 0.021 0.005 0.017 0.014 0.010 0.011 0.015 0.032 0.015 0.033 0.014 0.023 0.018 0.040 0.014 0.009 0.016 0.012 0.035 0.040 0.010 0.015 0.009 0.015 0.020 0.026 0.004 0.039 0.006 0.038 0.004 0.014 0.048 0.020 0.012
Gamma shape alpha: 0.452
Parameters optimization took 1 rounds (5.670 sec)
Wrote distance file to... 
Computing ML distances based on estimated model parameters...
Calculating distance matrix: done in 0.309007 secs using 989.3% CPU
Computing ML distances took 0.309604 sec (of wall-clock time) 3.062278 sec (of CPU time)
WARNING: Some pairwise ML distances are too long (saturated)
Setting up auxiliary I and S matrices: done in 0.00252419 secs using 614.2% CPU
Constructing RapidNJ tree: done in 0.159368 secs using 276.5% CPU
Computing RapidNJ tree took 0.162498 sec (of wall-clock time) 0.457788 sec (of CPU time)
Log-likelihood of RapidNJ tree: -30222.865
--------------------------------------------------------------------
|             INITIALIZING CANDIDATE TREE SET                      |
--------------------------------------------------------------------
Generating 98 parsimony trees... 4.288 second
Computing log-likelihood of 98 initial trees ... 212.176 seconds
Current best score: -30145.655

Do NNI search on 20 best initial trees
Optimizing NNI: done in 57.2752 secs using 985.6% CPU
Estimate model parameters (epsilon = 0.100)
BETTER TREE FOUND at iteration 1: -30105.638
Optimizing NNI: done in 71.5382 secs using 983.1% CPU
Optimizing NNI: done in 97.4917 secs using 979.3% CPU
Optimizing NNI: done in 131.298 secs using 984.7% CPU
Optimizing NNI: done in 104.055 secs using 981% CPU
Optimizing NNI: done in 202.567 secs using 979.9% CPU
Optimizing NNI: done in 86.5186 secs using 981.5% CPU
Optimizing NNI: done in 101.215 secs using 977.7% CPU
Optimizing NNI: done in 157.373 secs using 983.4% CPU
Estimate model parameters (epsilon = 0.100)
BETTER TREE FOUND at iteration 9: -30104.435
Optimizing NNI: done in 59.4092 secs using 983.8% CPU
Iteration 10 / LogL: -30136.372 / Time: 0h:22m:21s
Optimizing NNI: done in 121.526 secs using 983.8% CPU
Optimizing NNI: done in 161.738 secs using 977.8% CPU
Optimizing NNI: done in 99.9599 secs using 983.9% CPU
Optimizing NNI: done in 153.59 secs using 984.6% CPU
Optimizing NNI: done in 119.162 secs using 984.2% CPU
Optimizing NNI: done in 148.047 secs using 980.6% CPU
Optimizing NNI: done in 103.881 secs using 983.6% CPU
Optimizing NNI: done in 148.324 secs using 982.9% CPU
Optimizing NNI: done in 112.014 secs using 985.5% CPU
Optimizing NNI: done in 113.044 secs using 981.6% CPU
Iteration 20 / LogL: -30126.672 / Time: 0h:43m:46s
Finish initializing candidate tree set (20)
Current best tree score: -30104.435 / CPU time: 2597.116
Number of iterations: 20
--------------------------------------------------------------------
|               OPTIMIZING CANDIDATE TREE SET                      |
--------------------------------------------------------------------
Optimizing NNI: done in 75.1519 secs using 986.3% CPU
Optimizing NNI: done in 58.8107 secs using 984.6% CPU
Optimizing NNI: done in 49.5446 secs using 982% CPU
Estimate model parameters (epsilon = 0.100)
BETTER TREE FOUND at iteration 23: -30102.551
Optimizing NNI: done in 62.3053 secs using 983.5% CPU
Estimate model parameters (epsilon = 0.100)
BETTER TREE FOUND at iteration 24: -30078.379
Optimizing NNI: done in 60.9256 secs using 985.8% CPU
Optimizing NNI: done in 72.286 secs using 982.9% CPU
Optimizing NNI: done in 59.179 secs using 985.2% CPU
Optimizing NNI: done in 62.2446 secs using 984.4% CPU
Optimizing NNI: done in 53.2111 secs using 983.3% CPU
Optimizing NNI: done in 77.5169 secs using 984.2% CPU
Iteration 30 / LogL: -30084.010 / Time: 0h:54m:37s (2h:57m:2s left)
Optimizing NNI: done in 58.8054 secs using 981.9% CPU
Optimizing NNI: done in 53.7147 secs using 983.2% CPU
Optimizing NNI: done in 42.504 secs using 981% CPU
Optimizing NNI: done in 75.0999 secs using 980.6% CPU
Optimizing NNI: done in 49.5662 secs using 984.7% CPU
Optimizing NNI: done in 51.1896 secs using 983.9% CPU
Estimate model parameters (epsilon = 0.100)
BETTER TREE FOUND at iteration 36: -30065.506
Optimizing NNI: done in 49.9982 secs using 979.8% CPU
Estimate model parameters (epsilon = 0.100)
BETTER TREE FOUND at iteration 37: -30064.052
Optimizing NNI: done in 46.5745 secs using 979.7% CPU
Estimate model parameters (epsilon = 0.100)
BETTER TREE FOUND at iteration 38: -30061.931
Optimizing NNI: done in 48.6992 secs using 982.6% CPU
Optimizing NNI: done in 57.3769 secs using 984.6% CPU
Estimate model parameters (epsilon = 0.100)
BETTER TREE FOUND at iteration 40: -30048.509
Iteration 40 / LogL: -30048.509 / Time: 1h:4m:17s (2h:44m:50s left)
Optimizing NNI: done in 62.4572 secs using 980.9% CPU
Optimizing NNI: done in 52.6053 secs using 976.6% CPU
Optimizing NNI: done in 58.673 secs using 976.9% CPU
Optimizing NNI: done in 60.0031 secs using 982.4% CPU
Estimate model parameters (epsilon = 0.100)
BETTER TREE FOUND at iteration 44: -30047.992
Optimizing NNI: done in 41.628 secs using 982.1% CPU
Optimizing NNI: done in 39.3443 secs using 985.6% CPU
Optimizing NNI: done in 35.7599 secs using 984.1% CPU
Optimizing NNI: done in 43.3463 secs using 986% CPU
Estimate model parameters (epsilon = 0.100)
BETTER TREE FOUND at iteration 48: -30046.450
Optimizing NNI: done in 52.9359 secs using 983.3% CPU
Optimizing NNI: done in 42.0475 secs using 986.1% CPU
Iteration 50 / LogL: -30054.619 / Time: 1h:12m:41s (2h:25m:22s left)
Log-likelihood cutoff on original alignment: -30153.457
UFBoot trees printed to iqtree_gene_trees/COG4208.ufboot
Optimizing NNI: done in 47.8079 secs using 985.4% CPU
Optimizing NNI: done in 45.2142 secs using 987.6% CPU
Optimizing NNI: done in 54.4282 secs using 984.1% CPU
Optimizing NNI: done in 40.7936 secs using 982.6% CPU
Optimizing NNI: done in 43.2963 secs using 977.7% CPU
Optimizing NNI: done in 48.9314 secs using 975.9% CPU
Optimizing NNI: done in 49.0141 secs using 978.8% CPU
Optimizing NNI: done in 42.4059 secs using 975.4% CPU
Estimate model parameters (epsilon = 0.100)
BETTER TREE FOUND at iteration 58: -30046.049
Optimizing NNI: done in 47.4374 secs using 977.6% CPU
Estimate model parameters (epsilon = 0.100)
BETTER TREE FOUND at iteration 59: -30043.458
Optimizing NNI: done in 46.886 secs using 985.7% CPU
Iteration 60 / LogL: -30049.811 / Time: 1h:20m:47s (2h:15m:34s left)
Optimizing NNI: done in 41.9487 secs using 987% CPU
Optimizing NNI: done in 44.0883 secs using 984.9% CPU
Optimizing NNI: done in 45.079 secs using 983.7% CPU
Optimizing NNI: done in 43.0902 secs using 986.4% CPU
Optimizing NNI: done in 50.8487 secs using 985.6% CPU
Optimizing NNI: done in 39.5596 secs using 985.9% CPU
Optimizing NNI: done in 36.9278 secs using 986.4% CPU
Optimizing NNI: done in 57.3987 secs using 981.5% CPU
Optimizing NNI: done in 47.0716 secs using 976.9% CPU
Optimizing NNI: done in 38.5368 secs using 974.1% CPU
Iteration 70 / LogL: -30048.062 / Time: 1h:28m:16s (1h:53m:52s left)
Optimizing NNI: done in 35.1758 secs using 977.6% CPU
Optimizing NNI: done in 45.8824 secs using 977.4% CPU
Optimizing NNI: done in 47.9782 secs using 975.7% CPU
Optimizing NNI: done in 52.2223 secs using 974.5% CPU
Optimizing NNI: done in 46.4105 secs using 965.2% CPU
Estimate model parameters (epsilon = 0.100)
BETTER TREE FOUND at iteration 75: -30043.168
Optimizing NNI: done in 39.9961 secs using 969.9% CPU
