IQ-TREE multicore version 2.2.0.3 COVID-edition for Linux 64-bit built Aug  2 2022
Developed by Bui Quang Minh, James Barbetti, Nguyen Lam Tung,
Olga Chernomor, Heiko Schmidt, Dominik Schrempf, Michael Woodhams, Ly Trong Nhan.

Host:    deming (AVX512, FMA3, 1511 GB RAM)
Command: iqtree -s gene_alignments/trimv2_COG4774.afa --nmax 3000 -m MFP -bb 1000 -wbtl -ntmax 10 -nt AUTO -T 10 --prefix iqtree_gene_trees/COG4774 -madd C10,C20,C30,C40,C50,C60,EX2,EX3,EHO,UL2,UL3,EX_EHO,LG4M,LG4X,CF4,LG+C10,LG+C20,LG+C30,LG+C40,LG+C50,LG+C60 -mrate E,I,G,I+G,R
Seed:    501198 (Using SPRNG - Scalable Parallel Random Number Generator)
Time:    Sun Apr  9 01:06:22 2023
Kernel:  AVX+FMA - 10 threads (128 CPU cores detected)

Reading alignment file gene_alignments/trimv2_COG4774.afa ... Fasta format detected
Reading fasta file: done in 0.001965 secs using 98.27% CPU
Alignment most likely contains protein sequences
Constructing alignment: done in 0.00416421 secs using 460.9% CPU
Alignment has 59 sequences with 822 columns, 821 distinct patterns
804 parsimony-informative, 15 singleton sites, 3 constant sites
                                                                Gap/Ambiguity  Composition  p-value
Analyzing sequences: done in 8.31708e-05 secs using 92.58% CPU
   1  GCA.003223975.1.Bacteria.Acidobacteriota_QHXS01000037.1_18       20.07%    failed      0.14%
   2  GCF.900111015.1.Bacteria.Proteobacteria_NZ_FOFS01000003.1_63     13.87%    passed     69.90%
   3  GCF.000264455.2.Bacteria.Proteobacteria_NC_017956.1_2724          7.06%    failed      0.02%
   4  GCF.003612015.1.Bacteria.Proteobacteria_NZ_RARB01000005.1_281    15.94%    failed      0.78%
   5  GCF.000264455.2.Bacteria.Proteobacteria_NC_017956.1_1057          8.76%    failed      3.16%
   6  Nostoc.sp.PCC7120_WP_010996830.1                                  7.42%    failed      0.00%
   7  GCF.900167455.1.Bacteria.Proteobacteria_NZ_FUWJ01000001.1_1369   19.34%    failed      0.82%
   8  GCA.002721365.1.Bacteria.Proteobacteria_PBKC01000061.1_4         12.53%    passed      5.24%
   9  GCF.002940605.1.Bacteria.Proteobacteria_WP_128421761.1           14.60%    failed      0.00%
  10  GCF.000017845.1.Bacteria.Cyanobacteria_NC_010546.1_2921           7.66%    failed      0.00%
  11  GCA.002429065.1.Bacteria.Verrucomicrobiota_DIYN01000036.1_60     14.11%    failed      1.16%
  12  GCF.006980715.1.Bacteria.Proteobacteria_NZ_SBHN01000023.1_32     13.02%    passed     51.03%
  13  GCF.000264455.2.Bacteria.Proteobacteria_NC_017966.1_226           8.27%    failed      0.08%
  14  GCF.002148795.1.Bacteria.Proteobacteria_NZ_MPOB01000004.1_158    12.77%    failed      1.81%
  15  GCF.900104455.1.Bacteria.Firmicutes.C_NZ_FNHB01000005.1_85        8.88%    passed     18.19%
  16  GCF.000266885.1.Bacteria.Spirochaetota_NC_018020.1_2141          13.38%    passed     15.28%
  17  GCA.002480495.1.Bacteria.Proteobacteria_DLCG01000005.1_295       12.53%    passed     44.28%
  18  GCF.001720165.1.Bacteria.Proteobacteria_NZ_MCRI01000001.1_204    15.94%    passed     14.59%
  19  GCA.002344285.1.Bacteria.Myxococcota_DDTA01000184.1_16           16.91%    failed      0.00%
  20  GCA.002862435.1.Bacteria.Proteobacteria_PKDC01000054.1_55        15.09%    failed      2.96%
  21  GCA.002340265.1.Bacteria.Verrucomicrobiota_DDLT01000342.1_2      17.27%    failed      0.00%
  22  GCF.003612015.1.Bacteria.Proteobacteria_NZ_RARB01000001.1_613    11.07%    passed     28.73%
  23  GCA.002721365.1.Bacteria.Proteobacteria_PBKC01000025.1_4         15.82%    failed      0.20%
  24  GCF.002940605.1.Bacteria.Proteobacteria_WP_128421288.1           13.87%    failed      0.00%
  25  GCF.003173035.1.Bacteria.Proteobacteria_NZ_QGLE01000014.1_38     15.09%    passed     13.41%
  26  GCA.003223975.1.Bacteria.Acidobacteriota_QHXS01000056.1_12       14.23%    failed      0.14%
  27  GCF.000195295.1.Bacteria.Desulfobacterota_NC_015388.1_663        18.00%    failed      0.07%
  28  GCF.003173035.1.Bacteria.Proteobacteria_NZ_QGLE01000009.1_3      12.90%    passed     86.02%
  29  GCF.900104455.1.Bacteria.Firmicutes.C_NZ_FNHB01000020.1_6        11.92%    failed      0.10%
  30  GCF.900104455.1.Bacteria.Firmicutes.C_NZ_FNHB01000001.1_766       9.61%    passed     13.68%
  31  GCF.000264455.2.Bacteria.Proteobacteria_NC_017957.2_123          12.77%    passed     43.27%
  32  GCA.002796975.1.Bacteria.Proteobacteria_PEKV01000003.1_195       12.04%    passed     59.08%
  33  GCF.000264455.2.Bacteria.Proteobacteria_NC_017956.1_433          16.67%    passed      5.39%
  34  GCF.900116225.1.Bacteria.Bacteroidota_NZ_FOZZ01000009.1_76        9.25%    failed      0.12%
  35  GCF.003258945.1.Bacteria.Proteobacteria_NZ_QLIX01000003.1_192    13.50%    passed     15.69%
  36  GCF.001720165.1.Bacteria.Proteobacteria_NZ_MCRI01000037.1_6       7.06%    failed      3.01%
  37  GCF.900104455.1.Bacteria.Firmicutes.C_NZ_FNHB01000001.1_924       9.73%    passed     36.63%
  38  GCA.002721365.1.Bacteria.Proteobacteria_PBKC01000007.1_28         6.08%    passed     87.89%
  39  GCF.000192575.1.Bacteria.Proteobacteria_NZ_GL876926.1_612        11.56%    failed      1.90%
  40  GCF.900104455.1.Bacteria.Firmicutes.C_NZ_FNHB01000001.1_1015     10.10%    failed      2.65%
  41  GCA.002238415.1.Bacteria.Desulfobacterota.B_MPMI01000011.1_32    11.07%    passed     17.98%
  42  GCF.900105685.1.Bacteria.Verrucomicrobiota_NZ_LT629781.1_775     11.56%    failed      1.18%
  43  GCF.900104455.1.Bacteria.Firmicutes.C_NZ_FNHB01000001.1_1069      9.12%    failed      2.15%
  44  GCA.003155415.1.Bacteria.Proteobacteria_PMCP01000195.1_5         13.87%    passed     42.72%
  45  GCF.000266945.1.Bacteria.Desulfobacterota_NC_018025.1_3341       18.86%    failed      1.62%
  46  GCA.003247575.1.Bacteria.Myxococcota.A_QJZC01000035.1_28         13.26%    failed      0.00%
  47  GCF.001697225.1.Bacteria.Proteobacteria_NZ_CP014671.1_702        13.63%    passed     10.22%
  48  GCF.900489485.1.Bacteria.Bacteroidota_WP_111815064.1             18.00%    failed      0.01%
  49  GCF.003052605.1.Bacteria.Proteobacteria_NZ_QASO01000105.1_37     13.14%    passed     89.33%
  50  GCF.001613805.1.Bacteria.Proteobacteria_NZ_LPVY01000021.1_191     7.30%    passed     54.08%
  51  GCF.001613805.1.Bacteria.Proteobacteria_NZ_LPVY01000011.1_41      6.45%    passed     51.93%
  52  GCA.003155415.1.Bacteria.Proteobacteria_PMCP01000103.1_20        18.13%    failed      0.00%
  53  GCF.001613805.1.Bacteria.Proteobacteria_NZ_LPVY01000020.1_127     9.85%    passed      9.90%
  54  GCF.900104455.1.Bacteria.Firmicutes.C_NZ_FNHB01000011.1_39       10.83%    failed      2.53%
  55  GCF.002940605.1.Bacteria.Proteobacteria_WP_128419556.1           14.36%    passed     19.33%
  56  GCF.000353285.1.Bacteria.Cyanobacteria_NZ_KB731326.1_332          9.73%    failed      0.33%
  57  GCA.002683115.1.Bacteria.Proteobacteria_NYSP01000017.1_2         18.37%    failed      0.01%
  58  GCF.002251795.1.Bacteria.Proteobacteria_NZ_NOXU01000025.1_2      12.77%    passed     31.91%
  59  GCF.003052605.1.Bacteria.Proteobacteria_NZ_QASO01000130.1_117    15.94%    failed      2.30%
****  TOTAL                                                            12.76%  33 sequences failed composition chi2 test (p-value<5%; df=19)
Checking for duplicate sequences: done in 0.000751518 secs using 90.88% CPU


Create initial parsimony tree by phylogenetic likelihood library (PLL)... 0.068 seconds
Perform fast likelihood tree search using LG+I+G model...
Estimate model parameters (epsilon = 5.000)
Perform nearest neighbor interchange...
Optimizing NNI: done in 1.10699 secs using 998.2% CPU
Estimate model parameters (epsilon = 1.000)
1. Initial log-likelihood: -87608.368
Optimal log-likelihood: -87608.141
Proportion of invariable sites: 0.004
Gamma shape alpha: 2.379
Parameters optimization took 1 rounds (0.152 sec)
Time for fast ML tree search: 2.312 seconds

NOTE: ModelFinder requires 80 MB RAM!
ModelFinder will test up to 749 protein models (sample size: 822) ...
 No. Model         -LnL         df  AIC          AICc         BIC
  1  LG            89264.263    115 178758.526   178796.316   179300.376
  2  LG+I          89155.456    116 178542.913   178581.415   179089.474
  3  LG+G4         87642.197    116 175516.395   175554.897   176062.957
  4  LG+I+G4       87608.130    117 175450.261   175489.482   176001.534
  5  LG+R2         87893.339    117 176020.678   176059.900   176571.952
  6  LG+R3         87629.220    119 175496.440   175537.123   176057.137
  7  LG+R4         87489.415    121 175220.831   175263.008   175790.951
  8  LG+R5         87465.077    123 175176.154   175219.856   175755.698
  9  LG+R6         87459.022    125 175168.044   175213.302   175757.011
 14  LG+F          88374.814    134 177017.628   177070.292   177649.001
 15  LG+F+I        88264.776    135 176799.552   176853.080   177435.637
 16  LG+F+G4       86675.769    135 173621.538   173675.066   174257.623
 17  LG+F+I+G4     86643.516    136 173559.032   173613.432   174199.829
 18  LG+F+R2       86936.245    136 174144.490   174198.890   174785.287
 19  LG+F+R3       86668.740    138 173613.480   173669.650   174263.700
 20  LG+F+R4       86534.322    140 173348.645   173406.618   174008.288
 21  LG+F+R5       86503.179    142 173290.359   173350.170   173959.426
 22  LG+F+R6       86495.657    144 173279.314   173340.998   173957.804
 23  LG+F+R7       86493.841    146 173279.683   173343.274   173967.597
 27  WAG           89133.939    115 178497.878   178535.669   179039.729
 28  WAG+I         89047.089    116 178326.179   178364.681   178872.741
 29  WAG+G4        87721.963    116 175675.927   175714.429   176222.488
 30  WAG+I+G4      87696.672    117 175627.345   175666.566   176178.618
 31  WAG+R2        87916.383    117 176066.767   176105.988   176618.040
 32  WAG+R3        87689.224    119 175616.449   175657.132   176177.146
 33  WAG+R4        87552.964    121 175347.928   175390.105   175918.049
 34  WAG+R5        87537.795    123 175321.589   175365.292   175901.134
 35  WAG+R6        87532.213    125 175314.426   175359.685   175903.394
 40  WAG+F         88354.599    134 176977.198   177029.862   177608.571
 41  WAG+F+I       88265.385    135 176800.770   176854.298   177436.855
 42  WAG+F+G4      86903.930    135 174077.860   174131.388   174713.945
 43  WAG+F+I+G4    86879.002    136 174030.004   174084.404   174670.801
 44  WAG+F+R2      87107.296    136 174486.592   174540.992   175127.388
 45  WAG+F+R3      86880.780    138 174037.560   174093.730   174687.781
 46  WAG+F+R4      86736.782    140 173753.565   173811.538   174413.208
 47  WAG+F+R5      86719.159    142 173722.319   173782.130   174391.386
 48  WAG+F+R6      86714.213    144 173716.427   173778.110   174394.917
 53  JTT           89930.202    115 180090.404   180128.195   180632.254
 54  JTT+I         89831.925    116 179895.849   179934.351   180442.411
 55  JTT+G4        88256.438    116 176744.875   176783.377   177291.437
 56  JTT+I+G4      88227.906    117 176689.811   176729.033   177241.085
 57  JTT+R2        88487.700    117 177209.401   177248.622   177760.674
 58  JTT+R3        88215.673    119 176669.346   176710.030   177230.044
 59  JTT+R4        88086.938    121 176415.876   176458.053   176985.997
 60  JTT+R5        88072.250    123 176390.500   176434.202   176970.044
 61  JTT+R6        88069.897    125 176389.794   176435.053   176978.762
 66  JTT+F         89320.670    134 178909.341   178962.005   179540.714
 67  JTT+F+I       89218.339    135 178706.679   178760.206   179342.764
 68  JTT+F+G4      87534.036    135 175338.072   175391.600   175974.157
 69  JTT+F+I+G4    87505.577    136 175283.155   175337.555   175923.951
 70  JTT+F+R2      87787.062    136 175846.124   175900.524   176486.921
 71  JTT+F+R3      87517.769    138 175311.538   175367.708   175961.759
 72  JTT+F+R4      87370.188    140 175020.376   175078.350   175680.020
 73  JTT+F+R5      87351.100    142 174986.200   175046.012   175655.267
 74  JTT+F+R6      87349.662    144 174987.324   175049.008   175665.815
WARNING: Normalizing state frequencies so that sum of them equals to 1
 79  Q.pfam        88895.700    115 178021.401   178059.191   178563.251
WARNING: Normalizing state frequencies so that sum of them equals to 1
 80  Q.pfam+I      88777.941    116 177787.882   177826.384   178334.444
WARNING: Normalizing state frequencies so that sum of them equals to 1
 81  Q.pfam+G4     87293.146    116 174818.293   174856.795   175364.855
WARNING: Normalizing state frequencies so that sum of them equals to 1
 82  Q.pfam+I+G4   87255.532    117 174745.065   174784.286   175296.338
WARNING: Normalizing state frequencies so that sum of them equals to 1
 83  Q.pfam+R2     87531.964    117 175297.927   175337.149   175849.201
WARNING: Normalizing state frequencies so that sum of them equals to 1
 84  Q.pfam+R3     87274.331    119 174786.663   174827.346   175347.360
WARNING: Normalizing state frequencies so that sum of them equals to 1
 85  Q.pfam+R4     87137.334    121 174516.667   174558.845   175086.788
WARNING: Normalizing state frequencies so that sum of them equals to 1
 86  Q.pfam+R5     87117.767    123 174481.533   174525.235   175061.077
WARNING: Normalizing state frequencies so that sum of them equals to 1
 87  Q.pfam+R6     87112.470    125 174474.940   174520.199   175063.907
WARNING: Normalizing state frequencies so that sum of them equals to 1
 92  Q.pfam+F      88226.689    134 176721.378   176774.042   177352.752
WARNING: Normalizing state frequencies so that sum of them equals to 1
 93  Q.pfam+F+I    88110.673    135 176491.346   176544.874   177127.431
WARNING: Normalizing state frequencies so that sum of them equals to 1
 94  Q.pfam+F+G4   86603.448    135 173476.895   173530.423   174112.980
WARNING: Normalizing state frequencies so that sum of them equals to 1
 95  Q.pfam+F+I+G4 86567.396    136 173406.791   173461.191   174047.588
WARNING: Normalizing state frequencies so that sum of them equals to 1
 96  Q.pfam+F+R2   86838.762    136 173949.523   174003.923   174590.320
WARNING: Normalizing state frequencies so that sum of them equals to 1
 97  Q.pfam+F+R3   86586.953    138 173449.906   173506.075   174100.126
WARNING: Normalizing state frequencies so that sum of them equals to 1
 98  Q.pfam+F+R4   86452.432    140 173184.863   173242.837   173844.507
WARNING: Normalizing state frequencies so that sum of them equals to 1
 99  Q.pfam+F+R5   86429.839    142 173143.678   173203.489   173812.745
WARNING: Normalizing state frequencies so that sum of them equals to 1
100  Q.pfam+F+R6   86423.939    144 173135.879   173197.563   173814.369
WARNING: Normalizing state frequencies so that sum of them equals to 1
105  Q.bird        91973.338    115 184176.677   184214.467   184718.527
WARNING: Normalizing state frequencies so that sum of them equals to 1
106  Q.bird+I      91820.022    116 183872.045   183910.547   184418.607
WARNING: Normalizing state frequencies so that sum of them equals to 1
107  Q.bird+G4     89721.057    116 179674.114   179712.617   180220.676
WARNING: Normalizing state frequencies so that sum of them equals to 1
108  Q.bird+I+G4   89680.374    117 179594.749   179633.970   180146.022
WARNING: Normalizing state frequencies so that sum of them equals to 1
109  Q.bird+R2     90136.351    117 180506.702   180545.924   181057.976
WARNING: Normalizing state frequencies so that sum of them equals to 1
110  Q.bird+R3     89712.837    119 179663.673   179704.357   180224.371
WARNING: Normalizing state frequencies so that sum of them equals to 1
111  Q.bird+R4     89539.862    121 179321.725   179363.902   179891.845
WARNING: Normalizing state frequencies so that sum of them equals to 1
112  Q.bird+R5     89515.773    123 179277.546   179321.248   179857.090
WARNING: Normalizing state frequencies so that sum of them equals to 1
113  Q.bird+R6     89510.324    125 179270.648   179315.906   179859.615
WARNING: Normalizing state frequencies so that sum of them equals to 1
118  Q.bird+F      90952.848    134 182173.696   182226.360   182805.070
WARNING: Normalizing state frequencies so that sum of them equals to 1
119  Q.bird+F+I    90785.522    135 181841.044   181894.572   182477.129
WARNING: Normalizing state frequencies so that sum of them equals to 1
120  Q.bird+F+G4   88561.978    135 177393.955   177447.483   178030.040
WARNING: Normalizing state frequencies so that sum of them equals to 1
121  Q.bird+F+I+G4 88518.007    136 177308.015   177362.415   177948.811
WARNING: Normalizing state frequencies so that sum of them equals to 1
122  Q.bird+F+R2   88982.923    136 178237.846   178292.246   178878.643
WARNING: Normalizing state frequencies so that sum of them equals to 1
123  Q.bird+F+R3   88544.983    138 177365.966   177422.136   178016.186
WARNING: Normalizing state frequencies so that sum of them equals to 1
124  Q.bird+F+R4   88381.449    140 177042.898   177100.872   177702.542
WARNING: Normalizing state frequencies so that sum of them equals to 1
125  Q.bird+F+R5   88358.804    142 177001.608   177061.419   177670.675
WARNING: Normalizing state frequencies so that sum of them equals to 1
126  Q.bird+F+R6   88355.096    144 176998.192   177059.876   177676.683
WARNING: Normalizing state frequencies so that sum of them equals to 1
131  Q.mammal      91371.180    115 182972.361   183010.151   183514.211
WARNING: Normalizing state frequencies so that sum of them equals to 1
132  Q.mammal+I    91222.388    116 182676.776   182715.278   183223.338
WARNING: Normalizing state frequencies so that sum of them equals to 1
133  Q.mammal+G4   89279.275    116 178790.550   178829.052   179337.112
WARNING: Normalizing state frequencies so that sum of them equals to 1
134  Q.mammal+I+G4 89240.651    117 178715.302   178754.524   179266.576
WARNING: Normalizing state frequencies so that sum of them equals to 1
135  Q.mammal+R2   89657.912    117 179549.825   179589.046   180101.098
WARNING: Normalizing state frequencies so that sum of them equals to 1
136  Q.mammal+R3   89254.747    119 178747.494   178788.178   179308.191
WARNING: Normalizing state frequencies so that sum of them equals to 1
137  Q.mammal+R4   89099.171    121 178440.342   178482.520   179010.463
WARNING: Normalizing state frequencies so that sum of them equals to 1
138  Q.mammal+R5   89078.684    123 178403.368   178447.070   178982.912
WARNING: Normalizing state frequencies so that sum of them equals to 1
139  Q.mammal+R6   89074.217    125 178398.434   178443.693   178987.402
WARNING: Normalizing state frequencies so that sum of them equals to 1
144  Q.mammal+F    90326.519    134 180921.037   180973.701   181552.411
WARNING: Normalizing state frequencies so that sum of them equals to 1
145  Q.mammal+F+I  90171.392    135 180612.784   180666.311   181248.869
WARNING: Normalizing state frequencies so that sum of them equals to 1
146  Q.mammal+F+G4 88153.332    135 176576.665   176630.192   177212.749
WARNING: Normalizing state frequencies so that sum of them equals to 1
147  Q.mammal+F+I+G4 88111.638    136 176495.276   176549.676   177136.072
WARNING: Normalizing state frequencies so that sum of them equals to 1
148  Q.mammal+F+R2 88526.377    136 177324.754   177379.154   177965.551
WARNING: Normalizing state frequencies so that sum of them equals to 1
149  Q.mammal+F+R3 88131.840    138 176539.680   176595.850   177189.900
WARNING: Normalizing state frequencies so that sum of them equals to 1
150  Q.mammal+F+R4 87973.306    140 176226.612   176284.585   176886.256
WARNING: Normalizing state frequencies so that sum of them equals to 1
151  Q.mammal+F+R5 87955.810    142 176195.621   176255.432   176864.688
WARNING: Normalizing state frequencies so that sum of them equals to 1
152  Q.mammal+F+R6 87954.946    144 176197.891   176259.575   176876.382
157  Q.insect      90411.836    115 181053.673   181091.463   181595.523
158  Q.insect+I    90279.234    116 180790.468   180828.970   181337.030
159  Q.insect+G4   88513.558    116 177259.116   177297.619   177805.678
160  Q.insect+I+G4 88477.041    117 177188.082   177227.303   177739.355
161  Q.insect+R2   88812.971    117 177859.942   177899.163   178411.215
162  Q.insect+R3   88500.906    119 177239.811   177280.495   177800.508
163  Q.insect+R4   88354.355    121 176950.709   176992.886   177520.830
164  Q.insect+R5   88332.272    123 176910.544   176954.246   177490.088
165  Q.insect+R6   88325.373    125 176900.745   176946.004   177489.713
166  Q.insect+R7   88318.735    127 176891.469   176938.317   177489.860
170  Q.insect+F    89302.215    134 178872.430   178925.094   179503.803
171  Q.insect+F+I  89171.289    135 178612.578   178666.105   179248.663
172  Q.insect+F+G4 87285.971    135 174841.942   174895.470   175478.027
173  Q.insect+F+I+G4 87248.974    136 174769.947   174824.347   175410.744
174  Q.insect+F+R2 87588.112    136 175448.223   175502.623   176089.020
175  Q.insect+F+R3 87286.348    138 174848.696   174904.866   175498.916
176  Q.insect+F+R4 87130.472    140 174540.944   174598.918   175200.588
177  Q.insect+F+R5 87104.089    142 174492.179   174551.990   175161.246
178  Q.insect+F+R6 87098.143    144 174484.286   174545.970   175162.776
WARNING: Normalizing state frequencies so that sum of them equals to 1
183  Q.plant       90740.292    115 181710.584   181748.374   182252.434
WARNING: Normalizing state frequencies so that sum of them equals to 1
184  Q.plant+I     90614.093    116 181460.186   181498.689   182006.748
WARNING: Normalizing state frequencies so that sum of them equals to 1
185  Q.plant+G4    88692.715    116 177617.429   177655.931   178163.991
WARNING: Normalizing state frequencies so that sum of them equals to 1
186  Q.plant+I+G4  88658.634    117 177551.268   177590.489   178102.542
WARNING: Normalizing state frequencies so that sum of them equals to 1
187  Q.plant+R2    89050.351    117 178334.703   178373.924   178885.976
WARNING: Normalizing state frequencies so that sum of them equals to 1
188  Q.plant+R3    88687.172    119 177612.343   177653.027   178173.040
WARNING: Normalizing state frequencies so that sum of them equals to 1
189  Q.plant+R4    88540.195    121 177322.390   177364.568   177892.511
WARNING: Normalizing state frequencies so that sum of them equals to 1
190  Q.plant+R5    88508.784    123 177263.567   177307.269   177843.111
WARNING: Normalizing state frequencies so that sum of them equals to 1
191  Q.plant+R6    88503.865    125 177257.729   177302.988   177846.697
WARNING: Normalizing state frequencies so that sum of them equals to 1
196  Q.plant+F     89808.147    134 179884.293   179936.957   180515.667
WARNING: Normalizing state frequencies so that sum of them equals to 1
197  Q.plant+F+I   89680.352    135 179630.704   179684.231   180266.789
WARNING: Normalizing state frequencies so that sum of them equals to 1
198  Q.plant+F+G4  87678.490    135 175626.981   175680.508   176263.066
WARNING: Normalizing state frequencies so that sum of them equals to 1
199  Q.plant+F+I+G4 87644.552    136 175561.104   175615.504   176201.901
WARNING: Normalizing state frequencies so that sum of them equals to 1
200  Q.plant+F+R2  88045.263    136 176362.526   176416.926   177003.322
WARNING: Normalizing state frequencies so that sum of them equals to 1
201  Q.plant+F+R3  87671.738    138 175619.476   175675.646   176269.696
WARNING: Normalizing state frequencies so that sum of them equals to 1
202  Q.plant+F+R4  87531.620    140 175343.239   175401.213   176002.883
WARNING: Normalizing state frequencies so that sum of them equals to 1
203  Q.plant+F+R5  87493.748    142 175271.496   175331.307   175940.563
WARNING: Normalizing state frequencies so that sum of them equals to 1
204  Q.plant+F+R6  87489.489    144 175266.977   175328.661   175945.468
WARNING: Normalizing state frequencies so that sum of them equals to 1
209  Q.yeast       90361.346    115 180952.692   180990.482   181494.542
WARNING: Normalizing state frequencies so that sum of them equals to 1
210  Q.yeast+I     90230.484    116 180692.967   180731.470   181239.529
WARNING: Normalizing state frequencies so that sum of them equals to 1
211  Q.yeast+G4    88472.013    116 177176.026   177214.528   177722.588
WARNING: Normalizing state frequencies so that sum of them equals to 1
212  Q.yeast+I+G4  88433.436    117 177100.872   177140.093   177652.145
WARNING: Normalizing state frequencies so that sum of them equals to 1
213  Q.yeast+R2    88774.189    117 177782.379   177821.600   178333.652
WARNING: Normalizing state frequencies so that sum of them equals to 1
214  Q.yeast+R3    88467.237    119 177172.473   177213.157   177733.170
WARNING: Normalizing state frequencies so that sum of them equals to 1
215  Q.yeast+R4    88314.228    121 176870.456   176912.633   177440.577
WARNING: Normalizing state frequencies so that sum of them equals to 1
216  Q.yeast+R5    88286.112    123 176818.223   176861.925   177397.767
WARNING: Normalizing state frequencies so that sum of them equals to 1
217  Q.yeast+R6    88279.010    125 176808.020   176853.278   177396.987
WARNING: Normalizing state frequencies so that sum of them equals to 1
218  Q.yeast+R7    88272.478    127 176798.956   176845.803   177397.347
WARNING: Normalizing state frequencies so that sum of them equals to 1
222  Q.yeast+F     89045.061    134 178358.122   178410.786   178989.496
WARNING: Normalizing state frequencies so that sum of them equals to 1
223  Q.yeast+F+I   88918.861    135 178107.721   178161.249   178743.806
WARNING: Normalizing state frequencies so that sum of them equals to 1
224  Q.yeast+F+G4  87115.107    135 174500.213   174553.741   175136.298
WARNING: Normalizing state frequencies so that sum of them equals to 1
225  Q.yeast+F+I+G4 87078.170    136 174428.340   174482.740   175069.137
WARNING: Normalizing state frequencies so that sum of them equals to 1
226  Q.yeast+F+R2  87403.417    136 175078.834   175133.234   175719.631
WARNING: Normalizing state frequencies so that sum of them equals to 1
227  Q.yeast+F+R3  87120.245    138 174516.489   174572.659   175166.710
WARNING: Normalizing state frequencies so that sum of them equals to 1
228  Q.yeast+F+R4  86965.637    140 174211.274   174269.248   174870.918
WARNING: Normalizing state frequencies so that sum of them equals to 1
229  Q.yeast+F+R5  86929.106    142 174142.211   174202.023   174811.279
WARNING: Normalizing state frequencies so that sum of them equals to 1
230  Q.yeast+F+R6  86922.138    144 174132.276   174193.960   174810.766
WARNING: Normalizing state frequencies so that sum of them equals to 1
231  Q.yeast+F+R7  86920.954    146 174133.908   174197.499   174821.822
235  JTTDCMut      89910.182    115 180050.363   180088.153   180592.213
236  JTTDCMut+I    89815.456    116 179862.911   179901.413   180409.473
237  JTTDCMut+G4   88254.507    116 176741.013   176779.515   177287.575
238  JTTDCMut+I+G4 88227.138    117 176688.276   176727.498   177239.550
239  JTTDCMut+R2   88482.429    117 177198.858   177238.080   177750.132
240  JTTDCMut+R3   88213.810    119 176665.620   176706.304   177226.317
241  JTTDCMut+R4   88086.317    121 176414.635   176456.812   176984.755
242  JTTDCMut+R5   88072.291    123 176390.583   176434.285   176970.127
243  JTTDCMut+R6   88069.966    125 176389.932   176435.191   176978.900
248  JTTDCMut+F    89304.841    134 178877.682   178930.346   179509.055
249  JTTDCMut+F+I  89205.972    135 178681.943   178735.471   179318.028
250  JTTDCMut+F+G4 87532.929    135 175335.858   175389.385   175971.942
251  JTTDCMut+F+I+G4 87505.662    136 175283.324   175337.724   175924.121
252  JTTDCMut+F+R2 87784.832    136 175841.664   175896.064   176482.461
253  JTTDCMut+F+R3 87516.633    138 175309.267   175365.436   175959.487
254  JTTDCMut+F+R4 87370.684    140 175021.369   175079.342   175681.013
255  JTTDCMut+F+R5 87352.602    142 174989.205   175049.016   175658.272
256  JTTDCMut+F+R6 87351.170    144 174990.340   175052.024   175668.831
261  DCMut         90962.885    115 182155.770   182193.561   182697.620
262  DCMut+I       90864.257    116 181960.514   181999.016   182507.076
263  DCMut+G4      89095.948    116 178423.896   178462.398   178970.458
264  DCMut+I+G4    89070.602    117 178375.204   178414.426   178926.478
265  DCMut+R2      89386.517    117 179007.034   179046.255   179558.307
266  DCMut+R3      89110.034    119 178458.068   178498.752   179018.766
267  DCMut+R4      88930.913    121 178103.826   178146.003   178673.947
268  DCMut+R5      88907.442    123 178060.883   178104.585   178640.427
269  DCMut+R6      88891.301    125 178032.603   178077.861   178621.570
270  DCMut+R7      88887.927    127 178029.854   178076.702   178628.245
274  DCMut+F       89954.680    134 180177.360   180230.024   180808.734
275  DCMut+F+I     89853.187    135 179976.374   180029.902   180612.459
276  DCMut+F+G4    87948.333    135 176166.667   176220.195   176802.752
277  DCMut+F+I+G4  87924.811    136 176121.621   176176.021   176762.418
278  DCMut+F+R2    88261.334    136 176794.669   176849.069   177435.465
279  DCMut+F+R3    87964.870    138 176205.740   176261.909   176855.960
280  DCMut+F+R4    87789.787    140 175859.573   175917.547   176519.217
281  DCMut+F+R5    87765.993    142 175815.986   175875.797   176485.053
282  DCMut+F+R6    87759.277    144 175806.554   175868.238   176485.045
283  DCMut+F+R7    87744.560    146 175781.119   175844.710   176469.033
284  DCMut+F+R8    87744.525    148 175785.049   175850.582   176482.387
287  VT            88913.868    115 178057.735   178095.526   178599.585
288  VT+I          88824.812    116 177881.625   177920.127   178428.187
289  VT+G4         87618.708    116 175469.417   175507.919   176015.978
290  VT+I+G4       87589.932    117 175413.865   175453.086   175965.138
291  VT+R2         87776.295    117 175786.591   175825.812   176337.864
292  VT+R3         87540.361    119 175318.722   175359.405   175879.419
293  VT+R4         87446.967    121 175135.934   175178.111   175706.055
294  VT+R5         87442.384    123 175130.767   175174.469   175710.311
300  VT+F          88173.460    134 176614.920   176667.584   177246.294
301  VT+F+I        88084.396    135 176438.791   176492.319   177074.876
302  VT+F+G4       86842.363    135 173954.725   174008.253   174590.810
303  VT+F+I+G4     86814.383    136 173900.766   173955.166   174541.563
304  VT+F+R2       87005.042    136 174282.084   174336.484   174922.880
305  VT+F+R3       86771.926    138 173819.851   173876.021   174470.071
306  VT+F+R4       86672.014    140 173624.027   173682.001   174283.671
307  VT+F+R5       86666.417    142 173616.835   173676.646   174285.902
313  PMB           88840.896    115 177911.792   177949.583   178453.643
314  PMB+I         88751.274    116 177734.548   177773.051   178281.110
315  PMB+G4        87681.721    116 175595.441   175633.943   176142.003
316  PMB+I+G4      87650.002    117 175534.003   175573.225   176085.277
317  PMB+R2        87816.808    117 175867.617   175906.838   176418.890
318  PMB+R3        87597.038    119 175432.077   175472.760   175992.774
319  PMB+R4        87521.674    121 175285.349   175327.526   175855.469
320  PMB+R5        87514.036    123 175274.071   175317.773   175853.615
321  PMB+R6        87508.158    125 175266.316   175311.575   175855.283
326  PMB+F         88088.336    134 176444.672   176497.336   177076.045
327  PMB+F+I       87997.251    135 176264.502   176318.029   176900.587
328  PMB+F+G4      86874.067    135 174018.134   174071.662   174654.219
329  PMB+F+I+G4    86843.388    136 173958.775   174013.175   174599.572
330  PMB+F+R2      87026.963    136 174325.927   174380.327   174966.723
331  PMB+F+R3      86799.582    138 173875.165   173931.335   174525.385
332  PMB+F+R4      86710.227    140 173700.455   173758.428   174360.098
333  PMB+F+R5      86702.885    142 173689.771   173749.582   174358.838
334  PMB+F+R6      86696.553    144 173681.105   173742.789   174359.596
339  Blosum62      89077.399    115 178384.799   178422.589   178926.649
340  Blosum62+I    88983.303    116 178198.606   178237.108   178745.168
341  Blosum62+G4   87885.189    116 176002.378   176040.880   176548.940
342  Blosum62+I+G4 87851.963    117 175937.927   175977.148   176489.200
343  Blosum62+R2   88034.732    117 176303.465   176342.687   176854.739
344  Blosum62+R3   87815.054    119 175868.108   175908.792   176428.805
345  Blosum62+R4   87724.616    121 175691.232   175733.409   176261.352
346  Blosum62+R5   87717.223    123 175680.446   175724.148   176259.991
347  Blosum62+R6   87711.555    125 175673.110   175718.369   176262.078
352  Blosum62+F    88141.606    134 176551.211   176603.875   177182.585
353  Blosum62+F+I  88046.920    135 176363.841   176417.368   176999.926
354  Blosum62+F+G4 86892.156    135 174054.312   174107.840   174690.397
355  Blosum62+F+I+G4 86860.402    136 173992.804   174047.204   174633.601
356  Blosum62+F+R2 87052.273    136 174376.545   174430.945   175017.342
357  Blosum62+F+R3 86828.854    138 173933.708   173989.878   174583.928
358  Blosum62+F+R4 86726.587    140 173733.175   173791.148   174392.818
359  Blosum62+F+R5 86716.518    142 173717.036   173776.848   174386.104
360  Blosum62+F+R6 86710.389    144 173708.778   173770.462   174387.268
365  Dayhoff       90973.474    115 182176.948   182214.739   182718.799
366  Dayhoff+I     90874.732    116 181981.464   182019.966   182528.025
367  Dayhoff+G4    89099.906    116 178431.812   178470.314   178978.374
368  Dayhoff+I+G4  89074.615    117 178383.231   178422.452   178934.504
369  Dayhoff+R2    89392.420    117 179018.840   179058.062   179570.114
370  Dayhoff+R3    89114.457    119 178466.915   178507.598   179027.612
371  Dayhoff+R4    88935.006    121 178112.011   178154.189   178682.132
372  Dayhoff+R5    88911.146    123 178068.293   178111.995   178647.837
373  Dayhoff+R6    88895.028    125 178040.057   178085.316   178629.025
374  Dayhoff+R7    88891.547    127 178037.093   178083.940   178635.484
378  Dayhoff+F     89964.906    134 180197.812   180250.476   180829.185
379  Dayhoff+F+I   89863.278    135 179996.556   180050.083   180632.641
380  Dayhoff+F+G4  87951.502    135 176173.003   176226.531   176809.088
381  Dayhoff+F+I+G4 87928.039    136 176128.078   176182.478   176768.874
382  Dayhoff+F+R2  88266.169    136 176804.338   176858.738   177445.135
383  Dayhoff+F+R3  87968.463    138 176212.926   176269.096   176863.146
384  Dayhoff+F+R4  87792.979    140 175865.957   175923.931   176525.601
385  Dayhoff+F+R5  87768.772    142 175821.544   175881.356   176490.611
386  Dayhoff+F+R6  87752.861    144 175793.722   175855.406   176472.213
387  Dayhoff+F+R7  87747.327    146 175786.654   175850.245   176474.568
391  mtREV         94286.599    115 188803.197   188840.988   189345.047
392  mtREV+I       94163.939    116 188559.878   188598.380   189106.440
393  mtREV+G4      91730.925    116 183693.851   183732.353   184240.413
394  mtREV+I+G4    91693.910    117 183621.820   183661.042   184173.094
395  mtREV+R2      92158.493    117 184550.986   184590.208   185102.260
396  mtREV+R3      91743.234    119 183724.468   183765.152   184285.165
397  mtREV+R4      91660.006    121 183562.012   183604.189   184132.132
398  mtREV+R5      91590.114    123 183426.228   183469.930   184005.772
399  mtREV+R6      91576.674    125 183403.348   183448.606   183992.315
400  mtREV+R7      91573.932    127 183401.864   183448.712   184000.255
404  mtREV+F       90390.177    134 181048.354   181101.018   181679.727
405  mtREV+F+I     90267.377    135 180804.755   180858.282   181440.840
406  mtREV+F+G4    88200.679    135 176671.357   176724.885   177307.442
407  mtREV+F+I+G4  88172.291    136 176616.582   176670.982   177257.378
408  mtREV+F+R2    88568.730    136 177409.460   177463.860   178050.257
409  mtREV+F+R3    88222.538    138 176721.076   176777.246   177371.296
410  mtREV+F+R4    88128.141    140 176536.282   176594.256   177195.926
411  mtREV+F+R5    88052.902    142 176389.805   176449.616   177058.872
412  mtREV+F+R6    88037.403    144 176362.806   176424.490   177041.297
413  mtREV+F+R7    88037.037    146 176366.074   176429.665   177053.988
417  mtART         96189.449    115 192608.897   192646.688   193150.748
418  mtART+I       96031.279    116 192294.558   192333.060   192841.120
419  mtART+G4      92793.495    116 185818.989   185857.491   186365.551
420  mtART+I+G4    92751.758    117 185737.516   185776.738   186288.790
421  mtART+R2      93386.778    117 187007.556   187046.777   187558.829
422  mtART+R3      92857.403    119 185952.806   185993.490   186513.503
423  mtART+R4      92718.100    121 185678.200   185720.377   186248.320
424  mtART+R5      92627.885    123 185501.770   185545.472   186081.314
425  mtART+R6      92582.734    125 185415.468   185460.726   186004.435
426  mtART+R7      92577.849    127 185409.699   185456.546   186008.090
430  mtART+F       91887.676    134 184043.352   184096.015   184674.725
431  mtART+F+I     91718.831    135 183707.661   183761.189   184343.746
432  mtART+F+G4    88896.987    135 178063.975   178117.502   178700.060
433  mtART+F+I+G4  88858.692    136 177989.384   178043.784   178630.181
434  mtART+F+R2    89557.480    136 179386.960   179441.360   180027.756
435  mtART+F+R3    88972.115    138 178220.229   178276.399   178870.449
436  mtART+F+R4    88864.587    140 178009.174   178067.148   178668.818
437  mtART+F+R5    88749.262    142 177782.524   177842.335   178451.591
438  mtART+F+R6    88714.880    144 177717.761   177779.445   178396.251
439  mtART+F+R7    88703.743    146 177699.485   177763.077   178387.400
440  mtART+F+R8    88699.534    148 177695.069   177760.602   178392.406
443  mtZOA         93480.592    115 187191.185   187228.975   187733.035
444  mtZOA+I       93319.098    116 186870.195   186908.697   187416.757
445  mtZOA+G4      90561.250    116 181354.500   181393.002   181901.062
446  mtZOA+I+G4    90518.828    117 181271.657   181310.878   181822.930
447  mtZOA+R2      91075.554    117 182385.108   182424.330   182936.382
448  mtZOA+R3      90593.615    119 181425.230   181465.914   181985.928
449  mtZOA+R4      90473.049    121 181188.098   181230.275   181758.218
450  mtZOA+R5      90405.669    123 181057.338   181101.040   181636.882
451  mtZOA+R6      90380.494    125 181010.988   181056.247   181599.956
452  mtZOA+R7      90360.844    127 180975.688   181022.535   181574.079
453  mtZOA+R8      90353.656    129 180965.312   181013.780   181573.126
454  mtZOA+R9      90353.601    131 180969.202   181019.323   181586.440
456  mtZOA+F       90667.235    134 181602.471   181655.134   182233.844
457  mtZOA+F+I     90514.060    135 181298.119   181351.647   181934.204
458  mtZOA+F+G4    87985.921    135 176241.843   176295.371   176877.928
459  mtZOA+F+I+G4  87950.434    136 176172.867   176227.267   176813.664
460  mtZOA+F+R2    88520.448    136 177312.896   177367.296   177953.692
461  mtZOA+F+R3    88027.179    138 176330.359   176386.529   176980.579
462  mtZOA+F+R4    87904.660    140 176089.321   176147.294   176748.965
463  mtZOA+F+R5    87838.742    142 175961.483   176021.295   176630.550
464  mtZOA+F+R6    87799.069    144 175886.137   175947.821   176564.628
465  mtZOA+F+R7    87790.214    146 175872.428   175936.019   176560.342
466  mtZOA+F+R8    87790.529    148 175877.057   175942.591   176574.395
469  mtMet         95044.224    115 190318.448   190356.239   190860.299
470  mtMet+I       94909.578    116 190051.155   190089.657   190597.717
471  mtMet+G4      92373.054    116 184978.108   185016.610   185524.670
472  mtMet+I+G4    92339.544    117 184913.087   184952.309   185464.361
473  mtMet+R2      92813.880    117 185861.760   185900.982   186413.034
474  mtMet+R3      92364.604    119 184967.208   185007.892   185527.905
475  mtMet+R4      92273.404    121 184788.807   184830.984   185358.928
476  mtMet+R5      92226.857    123 184699.715   184743.417   185279.259
477  mtMet+R6      92204.479    125 184658.958   184704.217   185247.926
478  mtMet+R7      92198.431    127 184650.861   184697.708   185249.252
482  mtMet+F       90686.217    134 181640.434   181693.097   182271.807
483  mtMet+F+I     90542.326    135 181354.652   181408.179   181990.737
484  mtMet+F+G4    88243.120    135 176756.240   176809.768   177392.325
485  mtMet+F+I+G4  88208.740    136 176689.480   176743.880   177330.276
486  mtMet+F+R2    88670.775    136 177613.550   177667.950   178254.346
487  mtMet+F+R3    88252.566    138 176781.132   176837.301   177431.352
488  mtMet+F+R4    88135.596    140 176551.191   176609.165   177210.835
489  mtMet+F+R5    88087.085    142 176458.170   176517.982   177127.238
490  mtMet+F+R6    88068.956    144 176425.912   176487.596   177104.403
491  mtMet+F+R7    88059.366    146 176410.731   176474.322   177098.645
492  mtMet+F+R8    88059.824    148 176415.647   176481.180   177112.985
495  mtVer         95346.266    115 190922.533   190960.323   191464.383
496  mtVer+I       95204.422    116 190640.844   190679.346   191187.406
497  mtVer+G4      92462.167    116 185156.334   185194.836   185702.896
498  mtVer+I+G4    92429.410    117 185092.819   185132.041   185644.093
499  mtVer+R2      92968.086    117 186170.172   186209.394   186721.446
500  mtVer+R3      92471.216    119 185180.432   185221.116   185741.129
501  mtVer+R4      92371.271    121 184984.541   185026.718   185554.662
502  mtVer+R5      92305.621    123 184857.243   184900.945   185436.787
503  mtVer+R6      92291.509    125 184833.018   184878.276   185421.985
504  mtVer+R7      92270.832    127 184795.665   184842.512   185394.056
505  mtVer+R8      92269.423    129 184796.846   184845.314   185404.660
508  mtVer+F       91778.502    134 183825.005   183877.668   184456.378
509  mtVer+F+I     91630.244    135 183530.487   183584.015   184166.572
510  mtVer+F+G4    89146.243    135 178562.486   178616.014   179198.571
511  mtVer+F+I+G4  89114.494    136 178500.988   178555.388   179141.785
512  mtVer+F+R2    89614.451    136 179500.903   179555.303   180141.700
513  mtVer+F+R3    89179.046    138 178634.091   178690.261   179284.312
514  mtVer+F+R4    89035.031    140 178350.062   178408.036   179009.706
515  mtVer+F+R5    88974.534    142 178233.068   178292.880   178902.135
516  mtVer+F+R6    88950.007    144 178188.014   178249.698   178866.505
517  mtVer+F+R7    88935.255    146 178162.509   178226.100   178850.423
518  mtVer+F+R8    88935.329    148 178166.658   178232.191   178863.995
521  mtInv         95407.409    115 191044.818   191082.609   191586.668
522  mtInv+I       95281.191    116 190794.382   190832.884   191340.944
523  mtInv+G4      93067.708    116 186367.417   186405.919   186913.979
524  mtInv+I+G4    93032.400    117 186298.800   186338.022   186850.074
525  mtInv+R2      93457.370    117 187148.739   187187.961   187700.013
526  mtInv+R3      93062.999    119 186363.998   186404.682   186924.695
527  mtInv+R4      92965.941    121 186173.881   186216.058   186744.002
528  mtInv+R5      92924.950    123 186095.900   186139.602   186675.444
529  mtInv+R6      92903.090    125 186056.179   186101.438   186645.147
530  mtInv+R7      92899.003    127 186052.007   186098.854   186650.398
534  mtInv+F       89846.693    134 179961.385   180014.049   180592.759
535  mtInv+F+I     89716.940    135 179703.880   179757.408   180339.965
536  mtInv+F+G4    87654.169    135 175578.338   175631.866   176214.423
537  mtInv+F+I+G4  87620.072    136 175512.145   175566.545   176152.941
538  mtInv+F+R2    88038.261    136 176348.523   176402.923   176989.320
539  mtInv+F+R3    87660.956    138 175597.913   175654.082   176248.133
540  mtInv+F+R4    87531.222    140 175342.444   175400.418   176002.088
541  mtInv+F+R5    87492.562    142 175269.125   175328.936   175938.192
542  mtInv+F+R6    87478.713    144 175245.425   175307.109   175923.916
543  mtInv+F+R7    87471.446    146 175234.891   175298.482   175922.805
544  mtInv+F+R8    87471.818    148 175239.636   175305.169   175936.973
547  mtMAM         96874.412    115 193978.823   194016.614   194520.674
548  mtMAM+I       96736.479    116 193704.958   193743.460   194251.520
549  mtMAM+G4      93249.946    116 186731.891   186770.393   187278.453
550  mtMAM+I+G4    93213.017    117 186660.035   186699.256   187211.308
551  mtMAM+R2      93943.392    117 188120.784   188160.006   188672.058
552  mtMAM+R3      93313.556    119 186865.113   186905.797   187425.810
553  mtMAM+R4      93203.805    121 186649.610   186691.787   187219.731
554  mtMAM+R5      93097.748    123 186441.497   186485.199   187021.041
555  mtMAM+R6      93080.359    125 186410.718   186455.977   186999.685
556  mtMAM+R7      93067.291    127 186388.582   186435.429   186986.973
557  mtMAM+R8      93064.997    129 186387.994   186436.462   186995.808
560  mtMAM+F       92491.800    134 185251.599   185304.263   185882.973
561  mtMAM+F+I     92325.845    135 184921.690   184975.218   185557.775
562  mtMAM+F+G4    89520.235    135 179310.471   179363.998   179946.556
563  mtMAM+F+I+G4  89483.732    136 179239.463   179293.863   179880.260
564  mtMAM+F+R2    90101.833    136 180475.665   180530.065   181116.462
565  mtMAM+F+R3    89561.882    138 179399.765   179455.935   180049.985
566  mtMAM+F+R4    89464.858    140 179209.716   179267.689   179869.359
567  mtMAM+F+R5    89365.153    142 179014.305   179074.117   179683.373
568  mtMAM+F+R6    89347.384    144 178982.769   179044.453   179661.259
569  mtMAM+F+R7    89339.661    146 178971.321   179034.913   179659.236
570  mtMAM+F+R8    89332.581    148 178961.161   179026.695   179658.499
571  mtMAM+F+R9    89328.013    150 178956.026   179023.537   179662.787
WARNING: Normalizing state frequencies so that sum of them equals to 1
573  FLAVI         93280.618    115 186791.237   186829.027   187333.087
WARNING: Normalizing state frequencies so that sum of them equals to 1
574  FLAVI+I       93172.201    116 186576.402   186614.904   187122.964
WARNING: Normalizing state frequencies so that sum of them equals to 1
575  FLAVI+G4      90988.897    116 182209.793   182248.295   182756.355
WARNING: Normalizing state frequencies so that sum of them equals to 1
576  FLAVI+I+G4    90969.183    117 182172.367   182211.588   182723.640
WARNING: Normalizing state frequencies so that sum of them equals to 1
577  FLAVI+R2      91375.477    117 182984.953   183024.175   183536.227
WARNING: Normalizing state frequencies so that sum of them equals to 1
578  FLAVI+R3      90992.103    119 182222.205   182262.889   182782.902
WARNING: Normalizing state frequencies so that sum of them equals to 1
579  FLAVI+R4      90838.406    121 181918.811   181960.989   182488.932
WARNING: Normalizing state frequencies so that sum of them equals to 1
580  FLAVI+R5      90797.636    123 181841.271   181884.973   182420.815
WARNING: Normalizing state frequencies so that sum of them equals to 1
581  FLAVI+R6      90767.108    125 181784.216   181829.474   182373.183
WARNING: Normalizing state frequencies so that sum of them equals to 1
582  FLAVI+R7      90760.104    127 181774.209   181821.056   182372.600
WARNING: Normalizing state frequencies so that sum of them equals to 1
583  FLAVI+R8      90754.697    129 181767.393   181815.861   182375.208
WARNING: Normalizing state frequencies so that sum of them equals to 1
586  FLAVI+F       92513.049    134 185294.098   185346.761   185925.471
WARNING: Normalizing state frequencies so that sum of them equals to 1
587  FLAVI+F+I     92407.449    135 185084.899   185138.426   185720.984
WARNING: Normalizing state frequencies so that sum of them equals to 1
588  FLAVI+F+G4    90032.551    135 180335.102   180388.629   180971.186
WARNING: Normalizing state frequencies so that sum of them equals to 1
589  FLAVI+F+I+G4  90015.629    136 180303.258   180357.658   180944.054
WARNING: Normalizing state frequencies so that sum of them equals to 1
590  FLAVI+F+R2    90486.563    136 181245.126   181299.526   181885.923
WARNING: Normalizing state frequencies so that sum of them equals to 1
591  FLAVI+F+R3    90068.382    138 180412.764   180468.934   181062.985
WARNING: Normalizing state frequencies so that sum of them equals to 1
592  FLAVI+F+R4    89908.905    140 180097.811   180155.784   180757.454
WARNING: Normalizing state frequencies so that sum of them equals to 1
593  FLAVI+F+R5    89853.655    142 179991.311   180051.122   180660.378
WARNING: Normalizing state frequencies so that sum of them equals to 1
594  FLAVI+F+R6    89836.007    144 179960.013   180021.697   180638.504
WARNING: Normalizing state frequencies so that sum of them equals to 1
595  FLAVI+F+R7    89826.870    146 179945.740   180009.331   180633.654
WARNING: Normalizing state frequencies so that sum of them equals to 1
596  FLAVI+F+R8    89823.024    148 179942.048   180007.581   180639.385
599  HIVb          92255.073    115 184740.146   184777.936   185281.996
600  HIVb+I        92140.103    116 184512.207   184550.709   185058.769
601  HIVb+G4       90256.575    116 180745.149   180783.651   181291.711
602  HIVb+I+G4     90227.997    117 180689.994   180729.215   181241.267
603  HIVb+R2       90566.261    117 181366.522   181405.743   181917.795
604  HIVb+R3       90211.992    119 180661.983   180702.667   181222.681
605  HIVb+R4       90075.390    121 180392.780   180434.957   180962.901
606  HIVb+R5       90025.645    123 180297.289   180340.991   180876.834
607  HIVb+R6       90020.988    125 180291.977   180337.236   180880.945
612  HIVb+F        91346.970    134 182961.939   183014.603   183593.312
613  HIVb+F+I      91233.242    135 182736.485   182790.013   183372.570
614  HIVb+F+G4     89086.989    135 178443.977   178497.505   179080.062
615  HIVb+F+I+G4   89062.311    136 178396.622   178451.022   179037.418
616  HIVb+F+R2     89491.304    136 179254.608   179309.008   179895.405
617  HIVb+F+R3     89110.513    138 178497.025   178553.195   179147.246
618  HIVb+F+R4     88949.902    140 178179.804   178237.778   178839.448
619  HIVb+F+R5     88881.864    142 178047.728   178107.539   178716.795
620  HIVb+F+R6     88878.213    144 178044.425   178106.109   178722.916
625  HIVw          95621.433    115 191472.865   191510.656   192014.715
626  HIVw+I        95492.617    116 191217.235   191255.737   191763.797
627  HIVw+G4       93327.721    116 186887.441   186925.943   187434.003
628  HIVw+I+G4     93307.020    117 186848.039   186887.261   187399.313
629  HIVw+R2       93824.830    117 187883.659   187922.881   188434.933
630  HIVw+R3       93349.721    119 186937.442   186978.126   187498.139
631  HIVw+R4       93150.497    121 186542.994   186585.171   187113.114
632  HIVw+R5       93111.363    123 186468.726   186512.428   187048.270
633  HIVw+R6       93091.687    125 186433.374   186478.633   187022.342
634  HIVw+R7       93084.193    127 186422.386   186469.233   187020.777
635  HIVw+R8       93084.100    129 186426.200   186474.668   187034.015
638  HIVw+F        93166.756    134 186601.511   186654.175   187232.884
639  HIVw+F+I      93030.967    135 186331.933   186385.461   186968.018
640  HIVw+F+G4     90742.001    135 181754.002   181807.530   182390.087
641  HIVw+F+I+G4   90721.213    136 181714.426   181768.826   182355.223
642  HIVw+F+R2     91235.646    136 182743.292   182797.692   183384.089
643  HIVw+F+R3     90787.653    138 181851.307   181907.476   182501.527
644  HIVw+F+R4     90558.479    140 181396.959   181454.932   182056.602
645  HIVw+F+R5     90522.021    142 181328.042   181387.854   181997.110
646  HIVw+F+R6     90509.558    144 181307.117   181368.801   181985.607
647  HIVw+F+R7     90505.999    146 181303.998   181367.589   181991.912
651  FLU           91296.160    115 182822.319   182860.110   183364.169
652  FLU+I         91160.198    116 182552.397   182590.899   183098.959
653  FLU+G4        89365.124    116 178962.248   179000.750   179508.810
654  FLU+I+G4      89338.069    117 178910.138   178949.359   179461.411
655  FLU+R2        89723.395    117 179680.790   179720.012   180232.064
656  FLU+R3        89334.786    119 178907.571   178948.255   179468.268
657  FLU+R4        89184.684    121 178611.367   178653.544   179181.488
658  FLU+R5        89145.529    123 178537.059   178580.761   179116.603
659  FLU+R6        89130.193    125 178510.385   178555.644   179099.353
660  FLU+R7        89124.403    127 178502.806   178549.653   179101.197
664  FLU+F         90050.850    134 180369.699   180422.363   181001.072
665  FLU+F+I       89912.517    135 180095.034   180148.562   180731.119
666  FLU+F+G4      88070.440    135 176410.879   176464.407   177046.964
667  FLU+F+I+G4    88040.782    136 176353.563   176407.963   176994.360
668  FLU+F+R2      88440.431    136 177152.861   177207.261   177793.658
669  FLU+F+R3      88061.654    138 176399.308   176455.478   177049.528
670  FLU+F+R4      87895.923    140 176071.846   176129.819   176731.489
671  FLU+F+R5      87866.913    142 176017.827   176077.638   176686.894
672  FLU+F+R6      87848.443    144 175984.886   176046.570   176663.376
673  FLU+F+R7      87840.450    146 175972.899   176036.490   176660.813
674  FLU+F+R8      87840.736    148 175977.472   176043.005   176674.810
677  rtREV         90075.176    115 180380.353   180418.143   180922.203
678  rtREV+I       89967.415    116 180166.830   180205.332   180713.392
679  rtREV+G4      88591.385    116 177414.770   177453.272   177961.331
680  rtREV+I+G4    88556.535    117 177347.069   177386.291   177898.343
681  rtREV+R2      88803.785    117 177841.570   177880.791   178392.843
682  rtREV+R3      88565.386    119 177368.772   177409.456   177929.469
683  rtREV+R4      88439.366    121 177120.733   177162.910   177690.853
684  rtREV+R5      88426.238    123 177098.476   177142.178   177678.020
685  rtREV+R6      88417.519    125 177085.038   177130.297   177674.006
686  rtREV+R7      88417.220    127 177088.440   177135.287   177686.831
690  rtREV+F       88586.748    134 177441.497   177494.160   178072.870
691  rtREV+F+I     88478.921    135 177227.842   177281.370   177863.927
692  rtREV+F+G4    86976.150    135 174222.300   174275.827   174858.385
693  rtREV+F+I+G4  86943.556    136 174159.111   174213.511   174799.908
694  rtREV+F+R2    87207.018    136 174686.035   174740.435   175326.832
695  rtREV+F+R3    86960.934    138 174197.867   174254.037   174848.088
696  rtREV+F+R4    86838.548    140 173957.097   174015.070   174616.740
697  rtREV+F+R5    86818.079    142 173920.157   173979.969   174589.224
698  rtREV+F+R6    86809.912    144 173907.824   173969.507   174586.314
699  rtREV+F+R7    86809.638    146 173911.275   173974.866   174599.189
703  cpREV         89604.830    115 179439.661   179477.451   179981.511
704  cpREV+I       89543.267    116 179318.534   179357.037   179865.096
705  cpREV+G4      88095.324    116 176422.648   176461.150   176969.210
706  cpREV+I+G4    88081.687    117 176397.373   176436.595   176948.647
707  cpREV+R2      88328.630    117 176891.260   176930.482   177442.534
708  cpREV+R3      88088.046    119 176414.092   176454.775   176974.789
709  cpREV+R4      87932.413    121 176106.826   176149.003   176676.947
710  cpREV+R5      87902.502    123 176051.004   176094.706   176630.548
711  cpREV+R6      87896.159    125 176042.319   176087.577   176631.286
716  cpREV+F       89109.487    134 178486.974   178539.637   179118.347
717  cpREV+F+I     89048.529    135 178367.057   178420.585   179003.142
718  cpREV+F+G4    87410.475    135 175090.950   175144.478   175727.035
719  cpREV+F+I+G4  87400.206    136 175072.413   175126.813   175713.210
720  cpREV+F+R2    87729.177    136 175730.355   175784.755   176371.151
721  cpREV+F+R3    87412.531    138 175101.061   175157.231   175751.281
722  cpREV+F+R4    87261.390    140 174802.780   174860.753   175462.424
723  cpREV+F+R5    87225.959    142 174735.918   174795.730   175404.986
724  cpREV+F+R6    87220.470    144 174728.940   174790.624   175407.431
Model C10 is alias for POISSON+G+FMIX{C10pi1:1:0.1191344178,C10pi2:1:0.0874372456,C10pi3:1:0.1037105070,C10pi4:1:0.0922584809,C10pi5:1:0.1070492801,C10pi6:1:0.1329945166,C10pi7:1:0.0538028458,C10pi8:1:0.0691986212,C10pi9:1:0.1319937434,C10pi10:1:0.1024203429}
729  C10           89197.454    116 178626.908   178665.410   179173.469
Model C20 is alias for POISSON+G+FMIX{C20pi1:1:0.0559910600,C20pi2:1:0.0514824870,C20pi3:1:0.0812922124,C20pi4:1:0.0721976867,C20pi5:1:0.0556718858,C20pi6:1:0.0331003080,C20pi7:1:0.0589501763,C20pi8:1:0.0263756889,C20pi9:1:0.0307584220,C20pi10:1:0.0376701125,C20pi11:1:0.0303058290,C20pi12:1:0.0808775576,C20pi13:1:0.0263349134,C20pi14:1:0.0579101455,C20pi15:1:0.0371248064,C20pi16:1:0.0586867766,C20pi17:1:0.0561479138,C20pi18:1:0.0349810886,C20pi19:1:0.0544937394,C20pi20:1:0.0596471901}
730  C20           88635.079    116 177502.158   177540.660   178048.720
Model C30 is alias for POISSON+G+FMIX{C30pi1:1:0.0095783264,C30pi2:1:0.0248476365,C30pi3:1:0.0636309366,C30pi4:1:0.0537939225,C30pi5:1:0.0295885587,C30pi6:1:0.0117587936,C30pi7:1:0.0132013428,C30pi8:1:0.0236868805,C30pi9:1:0.0261687659,C30pi10:1:0.0239821974,C30pi11:1:0.0257100906,C30pi12:1:0.0465072425,C30pi13:1:0.0546794546,C30pi14:1:0.0536085131,C30pi15:1:0.0270622670,C30pi16:1:0.0403913593,C30pi17:1:0.0474212700,C30pi18:1:0.0458816478,C30pi19:1:0.0214036510,C30pi20:1:0.0290385981,C30pi21:1:0.0123391793,C30pi22:1:0.0569350229,C30pi23:1:0.0419687568,C30pi24:1:0.0339027062,C30pi25:1:0.0388777376,C30pi26:1:0.0196343766,C30pi27:1:0.0233086174,C30pi28:1:0.0622722654,C30pi29:1:0.0184803385,C30pi30:1:0.0203395454}
731  C30           88398.028    116 177028.055   177066.557   177574.617
Model C40 is alias for POISSON+G+FMIX{C40pi1:1:0.0223853788,C40pi2:1:0.0338891820,C40pi3:1:0.0577169375,C40pi4:1:0.0252416233,C40pi5:1:0.0108607921,C40pi6:1:0.0462373793,C40pi7:1:0.0102293175,C40pi8:1:0.0147523625,C40pi9:1:0.0143161352,C40pi10:1:0.0182302541,C40pi11:1:0.0204025079,C40pi12:1:0.0425505156,C40pi13:1:0.0248627269,C40pi14:1:0.0105892988,C40pi15:1:0.0188238725,C40pi16:1:0.0086663445,C40pi17:1:0.0148496147,C40pi18:1:0.0343037402,C40pi19:1:0.0225335203,C40pi20:1:0.0174068578,C40pi21:1:0.0112207827,C40pi22:1:0.0443532245,C40pi23:1:0.0392573370,C40pi24:1:0.0196756555,C40pi25:1:0.0287690328,C40pi26:1:0.0114441177,C40pi27:1:0.0112338740,C40pi28:1:0.0582694099,C40pi29:1:0.0444272279,C40pi30:1:0.0112010942,C40pi31:1:0.0145176111,C40pi32:1:0.0114629026,C40pi33:1:0.0239628061,C40pi34:1:0.0266266492,C40pi35:1:0.0481201159,C40pi36:1:0.0371147423,C40pi37:1:0.0160476688,C40pi38:1:0.0237249267,C40pi39:1:0.0235226203,C40pi40:1:0.0261998398}
732  C40           88004.609    116 176241.218   176279.720   176787.780
Model C50 is alias for POISSON+G+FMIX{C50pi1:1:0.0164297003,C50pi2:1:0.0273175755,C50pi3:1:0.0460247610,C50pi4:1:0.0084864734,C50pi5:1:0.0125389252,C50pi6:1:0.0343549036,C50pi7:1:0.0130241102,C50pi8:1:0.0094755681,C50pi9:1:0.0190040551,C50pi10:1:0.0151902354,C50pi11:1:0.0320534760,C50pi12:1:0.0210059850,C50pi13:1:0.0237408547,C50pi14:1:0.0239841203,C50pi15:1:0.0213748021,C50pi16:1:0.0210717705,C50pi17:1:0.0050241805,C50pi18:1:0.0166262276,C50pi19:1:0.0143945956,C50pi20:1:0.0104391130,C50pi21:1:0.0107628277,C50pi22:1:0.0148818171,C50pi23:1:0.0321480239,C50pi24:1:0.0145477978,C50pi25:1:0.0332355807,C50pi26:1:0.0143190281,C50pi27:1:0.0234478734,C50pi28:1:0.0183044983,C50pi29:1:0.0403269452,C50pi30:1:0.0135629530,C50pi31:1:0.0091880799,C50pi32:1:0.0158270022,C50pi33:1:0.0121019379,C50pi34:1:0.0353560982,C50pi35:1:0.0404495617,C50pi36:1:0.0104569232,C50pi37:1:0.0146187792,C50pi38:1:0.0093984095,C50pi39:1:0.0146773809,C50pi40:1:0.0201635562,C50pi41:1:0.0255640273,C50pi42:1:0.0039486842,C50pi43:1:0.0393652608,C50pi44:1:0.0056415419,C50pi45:1:0.0382833580,C50pi46:1:0.0039735086,C50pi47:1:0.0140269355,C50pi48:1:0.0476703673,C50pi49:1:0.0204062788,C50pi50:1:0.0117835304}
733  C50           87896.686    116 176025.372   176063.874   176571.934
Model C60 is alias for POISSON+G+FMIX{C60pi1:1:0.0169698865,C60pi2:1:0.0211683374,C60pi3:1:0.0276589079,C60pi4:1:0.0065675964,C60pi5:1:0.0141221416,C60pi6:1:0.0068774834,C60pi7:1:0.0146909701,C60pi8:1:0.0067225777,C60pi9:1:0.0018396660,C60pi10:1:0.0102547197,C60pi11:1:0.0230896163,C60pi12:1:0.0057941033,C60pi13:1:0.0125394534,C60pi14:1:0.0204526478,C60pi15:1:0.0070629602,C60pi16:1:0.0117982741,C60pi17:1:0.0068334668,C60pi18:1:0.0433775839,C60pi19:1:0.0318278731,C60pi20:1:0.0222546108,C60pi21:1:0.0102264969,C60pi22:1:0.0150545891,C60pi23:1:0.0134159878,C60pi24:1:0.0148552065,C60pi25:1:0.0239111516,C60pi26:1:0.0128776278,C60pi27:1:0.0222318842,C60pi28:1:0.0247444742,C60pi29:1:0.0214274810,C60pi30:1:0.0115001882,C60pi31:1:0.0076017389,C60pi32:1:0.0130258568,C60pi33:1:0.0093701965,C60pi34:1:0.0467194264,C60pi35:1:0.0441940314,C60pi36:1:0.0322263154,C60pi37:1:0.0402999891,C60pi38:1:0.0150234227,C60pi39:1:0.0104589903,C60pi40:1:0.0214742395,C60pi41:1:0.0154957836,C60pi42:1:0.0101789953,C60pi43:1:0.0227980379,C60pi44:1:0.0123204539,C60pi45:1:0.0066777583,C60pi46:1:0.0004150083,C60pi47:1:0.0344385130,C60pi48:1:0.0113663379,C60pi49:1:0.0127143049,C60pi50:1:0.0124323741,C60pi51:1:0.0262124415,C60pi52:1:0.0064994957,C60pi53:1:0.0103203293,C60pi54:1:0.0142463512,C60pi55:1:0.0215600067,C60pi56:1:0.0199150700,C60pi57:1:0.0038964200,C60pi58:1:0.0113448855,C60pi59:1:0.0128595846,C60pi60:1:0.0117656776}
WARNING: Your input class weight 0.000415008 is very small and may cause numerical issues
734  C60           88102.022    116 176436.043   176474.545   176982.605
Model EX2 is alias for MIX{BurEX2:0.672020808818762,ExpEX2:1.6413466609931}
WARNING: Normalizing state frequencies so that sum of them equals to 1
735  EX2           88671.931    116 177575.862   177614.364   178122.424
Model EX3 is alias for MIX{BurEX3:0.427672756793791,IntEX3:0.837595938019774,HExEX3:1.51863631431518}
WARNING: Normalizing state frequencies so that sum of them equals to 1
WARNING: Normalizing state frequencies so that sum of them equals to 1
736  EX3           88309.600    117 176853.200   176892.422   177404.474
Model EHO is alias for MIX{ExtEHO:0.720274356,HelEHO:0.976798797,OthEHO:0.783109376}
WARNING: Normalizing state frequencies so that sum of them equals to 1
WARNING: Normalizing state frequencies so that sum of them equals to 1
WARNING: Normalizing state frequencies so that sum of them equals to 1
737  EHO           89014.913    117 178263.825   178303.047   178815.099
Model UL2 is alias for MIX{M1_UL2:0.581348617,M2_UL2:1.465482789}
WARNING: Normalizing state frequencies so that sum of them equals to 1
738  UL2           89276.980    116 178785.959   178824.461   179332.521
Model UL3 is alias for MIX{Q1_UL3:0.484340397,Q2_UL3:0.492780514,Q3_UL3:1.15597274}
WARNING: Normalizing state frequencies so that sum of them equals to 1
WARNING: Normalizing state frequencies so that sum of them equals to 1
739  UL3           89529.870    117 179293.741   179332.962   179845.014
Model EX_EHO is alias for MIX{BUR_EXT:0.761816796788931,BUR_HEL:0.744425646802117,BUR_OTH:0.532457759429489,EXP_EXT:1.5639387472863,EXP_HEL:2.06403411829438,EXP_OTH:1.43336795177594}
WARNING: Normalizing state frequencies so that sum of them equals to 1
WARNING: Normalizing state frequencies so that sum of them equals to 1
WARNING: Normalizing state frequencies so that sum of them equals to 1
740  EX_EHO        87822.482    120 175884.965   175926.391   176450.373
Model LG4M is alias for MIX{LG4M1,LG4M2,LG4M3,LG4M4}*G4
741  LG4M          87815.948    116 175863.896   175902.398   176410.457
Model LG4X is alias for MIX{LG4X1,LG4X2,LG4X3,LG4X4}*R4
742  LG4X          87572.535    121 175387.070   175429.247   175957.191
Model CF4 is alias for POISSON+FMIX{Fclass1,Fclass2,Fclass3,Fclass4}+F+G
WARNING: Normalizing State frequencies so that sum of them equals to 1
WARNING: Normalizing State frequencies so that sum of them equals to 1
WARNING: Normalizing State frequencies so that sum of them equals to 1
WARNING: Normalizing State frequencies so that sum of them equals to 1
743  CF4           89675.369    139 179628.738   179685.805   180283.670
Model LG+C10 is alias for LG+POISSON+G+FMIX{C10pi1:1:0.1191344178,C10pi2:1:0.0874372456,C10pi3:1:0.1037105070,C10pi4:1:0.0922584809,C10pi5:1:0.1070492801,C10pi6:1:0.1329945166,C10pi7:1:0.0538028458,C10pi8:1:0.0691986212,C10pi9:1:0.1319937434,C10pi10:1:0.1024203429}
744  LG+C10        89115.096    116 178462.191   178500.693   179008.753
Model LG+C20 is alias for LG+POISSON+G+FMIX{C20pi1:1:0.0559910600,C20pi2:1:0.0514824870,C20pi3:1:0.0812922124,C20pi4:1:0.0721976867,C20pi5:1:0.0556718858,C20pi6:1:0.0331003080,C20pi7:1:0.0589501763,C20pi8:1:0.0263756889,C20pi9:1:0.0307584220,C20pi10:1:0.0376701125,C20pi11:1:0.0303058290,C20pi12:1:0.0808775576,C20pi13:1:0.0263349134,C20pi14:1:0.0579101455,C20pi15:1:0.0371248064,C20pi16:1:0.0586867766,C20pi17:1:0.0561479138,C20pi18:1:0.0349810886,C20pi19:1:0.0544937394,C20pi20:1:0.0596471901}
745  LG+C20        88432.933    116 177097.866   177136.368   177644.428
Model LG+C30 is alias for LG+POISSON+G+FMIX{C30pi1:1:0.0095783264,C30pi2:1:0.0248476365,C30pi3:1:0.0636309366,C30pi4:1:0.0537939225,C30pi5:1:0.0295885587,C30pi6:1:0.0117587936,C30pi7:1:0.0132013428,C30pi8:1:0.0236868805,C30pi9:1:0.0261687659,C30pi10:1:0.0239821974,C30pi11:1:0.0257100906,C30pi12:1:0.0465072425,C30pi13:1:0.0546794546,C30pi14:1:0.0536085131,C30pi15:1:0.0270622670,C30pi16:1:0.0403913593,C30pi17:1:0.0474212700,C30pi18:1:0.0458816478,C30pi19:1:0.0214036510,C30pi20:1:0.0290385981,C30pi21:1:0.0123391793,C30pi22:1:0.0569350229,C30pi23:1:0.0419687568,C30pi24:1:0.0339027062,C30pi25:1:0.0388777376,C30pi26:1:0.0196343766,C30pi27:1:0.0233086174,C30pi28:1:0.0622722654,C30pi29:1:0.0184803385,C30pi30:1:0.0203395454}
746  LG+C30        88268.113    116 176768.226   176806.728   177314.788
Model LG+C40 is alias for LG+POISSON+G+FMIX{C40pi1:1:0.0223853788,C40pi2:1:0.0338891820,C40pi3:1:0.0577169375,C40pi4:1:0.0252416233,C40pi5:1:0.0108607921,C40pi6:1:0.0462373793,C40pi7:1:0.0102293175,C40pi8:1:0.0147523625,C40pi9:1:0.0143161352,C40pi10:1:0.0182302541,C40pi11:1:0.0204025079,C40pi12:1:0.0425505156,C40pi13:1:0.0248627269,C40pi14:1:0.0105892988,C40pi15:1:0.0188238725,C40pi16:1:0.0086663445,C40pi17:1:0.0148496147,C40pi18:1:0.0343037402,C40pi19:1:0.0225335203,C40pi20:1:0.0174068578,C40pi21:1:0.0112207827,C40pi22:1:0.0443532245,C40pi23:1:0.0392573370,C40pi24:1:0.0196756555,C40pi25:1:0.0287690328,C40pi26:1:0.0114441177,C40pi27:1:0.0112338740,C40pi28:1:0.0582694099,C40pi29:1:0.0444272279,C40pi30:1:0.0112010942,C40pi31:1:0.0145176111,C40pi32:1:0.0114629026,C40pi33:1:0.0239628061,C40pi34:1:0.0266266492,C40pi35:1:0.0481201159,C40pi36:1:0.0371147423,C40pi37:1:0.0160476688,C40pi38:1:0.0237249267,C40pi39:1:0.0235226203,C40pi40:1:0.0261998398}
747  LG+C40        87860.346    116 175952.692   175991.194   176499.254
Model LG+C50 is alias for LG+POISSON+G+FMIX{C50pi1:1:0.0164297003,C50pi2:1:0.0273175755,C50pi3:1:0.0460247610,C50pi4:1:0.0084864734,C50pi5:1:0.0125389252,C50pi6:1:0.0343549036,C50pi7:1:0.0130241102,C50pi8:1:0.0094755681,C50pi9:1:0.0190040551,C50pi10:1:0.0151902354,C50pi11:1:0.0320534760,C50pi12:1:0.0210059850,C50pi13:1:0.0237408547,C50pi14:1:0.0239841203,C50pi15:1:0.0213748021,C50pi16:1:0.0210717705,C50pi17:1:0.0050241805,C50pi18:1:0.0166262276,C50pi19:1:0.0143945956,C50pi20:1:0.0104391130,C50pi21:1:0.0107628277,C50pi22:1:0.0148818171,C50pi23:1:0.0321480239,C50pi24:1:0.0145477978,C50pi25:1:0.0332355807,C50pi26:1:0.0143190281,C50pi27:1:0.0234478734,C50pi28:1:0.0183044983,C50pi29:1:0.0403269452,C50pi30:1:0.0135629530,C50pi31:1:0.0091880799,C50pi32:1:0.0158270022,C50pi33:1:0.0121019379,C50pi34:1:0.0353560982,C50pi35:1:0.0404495617,C50pi36:1:0.0104569232,C50pi37:1:0.0146187792,C50pi38:1:0.0093984095,C50pi39:1:0.0146773809,C50pi40:1:0.0201635562,C50pi41:1:0.0255640273,C50pi42:1:0.0039486842,C50pi43:1:0.0393652608,C50pi44:1:0.0056415419,C50pi45:1:0.0382833580,C50pi46:1:0.0039735086,C50pi47:1:0.0140269355,C50pi48:1:0.0476703673,C50pi49:1:0.0204062788,C50pi50:1:0.0117835304}
748  LG+C50        87778.044    116 175788.088   175826.590   176334.649
Model LG+C60 is alias for LG+POISSON+G+FMIX{C60pi1:1:0.0169698865,C60pi2:1:0.0211683374,C60pi3:1:0.0276589079,C60pi4:1:0.0065675964,C60pi5:1:0.0141221416,C60pi6:1:0.0068774834,C60pi7:1:0.0146909701,C60pi8:1:0.0067225777,C60pi9:1:0.0018396660,C60pi10:1:0.0102547197,C60pi11:1:0.0230896163,C60pi12:1:0.0057941033,C60pi13:1:0.0125394534,C60pi14:1:0.0204526478,C60pi15:1:0.0070629602,C60pi16:1:0.0117982741,C60pi17:1:0.0068334668,C60pi18:1:0.0433775839,C60pi19:1:0.0318278731,C60pi20:1:0.0222546108,C60pi21:1:0.0102264969,C60pi22:1:0.0150545891,C60pi23:1:0.0134159878,C60pi24:1:0.0148552065,C60pi25:1:0.0239111516,C60pi26:1:0.0128776278,C60pi27:1:0.0222318842,C60pi28:1:0.0247444742,C60pi29:1:0.0214274810,C60pi30:1:0.0115001882,C60pi31:1:0.0076017389,C60pi32:1:0.0130258568,C60pi33:1:0.0093701965,C60pi34:1:0.0467194264,C60pi35:1:0.0441940314,C60pi36:1:0.0322263154,C60pi37:1:0.0402999891,C60pi38:1:0.0150234227,C60pi39:1:0.0104589903,C60pi40:1:0.0214742395,C60pi41:1:0.0154957836,C60pi42:1:0.0101789953,C60pi43:1:0.0227980379,C60pi44:1:0.0123204539,C60pi45:1:0.0066777583,C60pi46:1:0.0004150083,C60pi47:1:0.0344385130,C60pi48:1:0.0113663379,C60pi49:1:0.0127143049,C60pi50:1:0.0124323741,C60pi51:1:0.0262124415,C60pi52:1:0.0064994957,C60pi53:1:0.0103203293,C60pi54:1:0.0142463512,C60pi55:1:0.0215600067,C60pi56:1:0.0199150700,C60pi57:1:0.0038964200,C60pi58:1:0.0113448855,C60pi59:1:0.0128595846,C60pi60:1:0.0117656776}
WARNING: Your input class weight 0.000415008 is very small and may cause numerical issues
749  LG+C60        87994.656    116 176221.311   176259.814   176767.873
Akaike Information Criterion:           Q.pfam+F+R6
Corrected Akaike Information Criterion: Q.pfam+F+R6
Bayesian Information Criterion:         Q.pfam+F+R5
Best-fit model: Q.pfam+F+R5 chosen according to BIC

All model information printed to iqtree_gene_trees/COG4774.model.gz
CPU time for ModelFinder: 13477.633 seconds (3h:44m:37s)
Wall-clock time for ModelFinder: 1363.720 seconds (0h:22m:43s)
Generating 1000 samples for ultrafast bootstrap (seed: 501198)...
WARNING: Normalizing state frequencies so that sum of them equals to 1

NOTE: 41 MB RAM (0 GB) is required!
Estimate model parameters (epsilon = 0.100)
1. Initial log-likelihood: -86429.839
Optimal log-likelihood: -86429.835
Site proportion and rates:  (0.030,0.054) (0.151,0.357) (0.328,0.730) (0.388,1.257) (0.104,2.098)
Parameters optimization took 1 rounds (0.430 sec)
Wrote distance file to... 
Computing ML distances based on estimated model parameters...
Calculating distance matrix: done in 0.104701 secs using 1028% CPU
Computing ML distances took 0.104987 sec (of wall-clock time) 1.077141 sec (of CPU time)
Setting up auxiliary I and S matrices: done in 0.00515498 secs using 295.7% CPU
Constructing RapidNJ tree: done in 0.114326 secs using 292.6% CPU
Computing RapidNJ tree took 0.119727 sec (of wall-clock time) 0.360731 sec (of CPU time)
Log-likelihood of RapidNJ tree: -86509.733
--------------------------------------------------------------------
|             INITIALIZING CANDIDATE TREE SET                      |
--------------------------------------------------------------------
Generating 98 parsimony trees... 5.211 second
Computing log-likelihood of 98 initial trees ... 4.428 seconds
Current best score: -86429.835

Do NNI search on 20 best initial trees
Optimizing NNI: done in 0.405777 secs using 976.1% CPU
Estimate model parameters (epsilon = 0.100)
BETTER TREE FOUND at iteration 1: -86423.509
Optimizing NNI: done in 0.727008 secs using 1001% CPU
Optimizing NNI: done in 0.822724 secs using 1001% CPU
Optimizing NNI: done in 1.09251 secs using 998.8% CPU
Optimizing NNI: done in 1.11924 secs using 999.8% CPU
Estimate model parameters (epsilon = 0.100)
BETTER TREE FOUND at iteration 5: -86420.135
Optimizing NNI: done in 1.14684 secs using 997% CPU
Optimizing NNI: done in 1.07683 secs using 1002% CPU
Estimate model parameters (epsilon = 0.100)
BETTER TREE FOUND at iteration 7: -86416.985
Optimizing NNI: done in 0.779226 secs using 999.3% CPU
Optimizing NNI: done in 0.9231 secs using 999.9% CPU
Optimizing NNI: done in 0.712243 secs using 999.6% CPU
Iteration 10 / LogL: -86437.801 / Time: 0h:0m:21s
Optimizing NNI: done in 1.07355 secs using 997.9% CPU
Optimizing NNI: done in 0.869201 secs using 998.7% CPU
Optimizing NNI: done in 1.01221 secs using 999% CPU
Optimizing NNI: done in 0.780539 secs using 998.8% CPU
Optimizing NNI: done in 0.904048 secs using 999% CPU
Optimizing NNI: done in 0.770123 secs using 1002% CPU
Optimizing NNI: done in 1.13191 secs using 1000% CPU
Optimizing NNI: done in 0.77766 secs using 995.9% CPU
Optimizing NNI: done in 0.736695 secs using 998% CPU
Optimizing NNI: done in 0.708278 secs using 999.6% CPU
Iteration 20 / LogL: -86421.777 / Time: 0h:0m:30s
Finish initializing candidate tree set (18)
Current best tree score: -86416.985 / CPU time: 29.085
Number of iterations: 20
--------------------------------------------------------------------
|               OPTIMIZING CANDIDATE TREE SET                      |
--------------------------------------------------------------------
Optimizing NNI: done in 0.89582 secs using 999.7% CPU
Optimizing NNI: done in 0.884658 secs using 999.3% CPU
Estimate model parameters (epsilon = 0.100)
BETTER TREE FOUND at iteration 22: -86416.212
Optimizing NNI: done in 0.998857 secs using 999.8% CPU
Estimate model parameters (epsilon = 0.100)
BETTER TREE FOUND at iteration 23: -86410.912
Optimizing NNI: done in 0.792935 secs using 998.4% CPU
Optimizing NNI: done in 0.988726 secs using 999.3% CPU
Optimizing NNI: done in 0.836744 secs using 998.2% CPU
Optimizing NNI: done in 0.894858 secs using 1001% CPU
Optimizing NNI: done in 0.863199 secs using 999.4% CPU
Optimizing NNI: done in 0.808171 secs using 998.8% CPU
Optimizing NNI: done in 0.590073 secs using 995.4% CPU
Iteration 30 / LogL: -86412.478 / Time: 0h:0m:40s (0h:2m:8s left)
Optimizing NNI: done in 0.63649 secs using 998.6% CPU
Optimizing NNI: done in 1.02253 secs using 997% CPU
Optimizing NNI: done in 0.965346 secs using 997% CPU
Optimizing NNI: done in 0.851004 secs using 1000% CPU
Optimizing NNI: done in 0.858258 secs using 1002% CPU
Estimate model parameters (epsilon = 0.100)
BETTER TREE FOUND at iteration 35: -86410.056
Optimizing NNI: done in 0.854206 secs using 996.7% CPU
Optimizing NNI: done in 0.75568 secs using 999.8% CPU
Optimizing NNI: done in 0.754795 secs using 1001% CPU
Optimizing NNI: done in 1.01322 secs using 1002% CPU
Optimizing NNI: done in 0.942904 secs using 998.8% CPU
Iteration 40 / LogL: -86411.162 / Time: 0h:0m:49s (0h:2m:0s left)
Optimizing NNI: done in 0.814338 secs using 1001% CPU
Optimizing NNI: done in 0.828601 secs using 998.3% CPU
Optimizing NNI: done in 1.03022 secs using 996.7% CPU
Optimizing NNI: done in 1.00076 secs using 1002% CPU
Optimizing NNI: done in 0.822677 secs using 997% CPU
Optimizing NNI: done in 0.662129 secs using 996.5% CPU
Optimizing NNI: done in 0.819257 secs using 999.3% CPU
Optimizing NNI: done in 1.06649 secs using 1001% CPU
Optimizing NNI: done in 1.09965 secs using 999.5% CPU
Optimizing NNI: done in 0.88755 secs using 999.5% CPU
Iteration 50 / LogL: -86413.832 / Time: 0h:0m:58s (0h:1m:42s left)
Log-likelihood cutoff on original alignment: -86477.952
UFBoot trees printed to iqtree_gene_trees/COG4774.ufboot
Optimizing NNI: done in 0.914542 secs using 1001% CPU
Optimizing NNI: done in 0.838334 secs using 1001% CPU
Optimizing NNI: done in 0.896548 secs using 1003% CPU
Optimizing NNI: done in 0.949159 secs using 998.4% CPU
Optimizing NNI: done in 1.26587 secs using 997.3% CPU
Optimizing NNI: done in 0.816427 secs using 998.5% CPU
Optimizing NNI: done in 0.822929 secs using 996.2% CPU
Optimizing NNI: done in 0.834227 secs using 1000% CPU
Estimate model parameters (epsilon = 0.100)
BETTER TREE FOUND at iteration 58: -86405.453
Optimizing NNI: done in 0.845438 secs using 997.9% CPU
Optimizing NNI: done in 1.1329 secs using 998.8% CPU
Iteration 60 / LogL: -86406.029 / Time: 0h:1m:9s (0h:1m:55s left)
Optimizing NNI: done in 0.779791 secs using 1000% CPU
Optimizing NNI: done in 0.815675 secs using 995.9% CPU
Optimizing NNI: done in 0.687236 secs using 1000% CPU
Optimizing NNI: done in 0.94534 secs using 997.8% CPU
Optimizing NNI: done in 1.08636 secs using 1000% CPU
Optimizing NNI: done in 0.894926 secs using 1001% CPU
Optimizing NNI: done in 1.0711 secs using 1000% CPU
Optimizing NNI: done in 0.818189 secs using 997.1% CPU
Optimizing NNI: done in 0.88534 secs using 1002% CPU
Optimizing NNI: done in 1.10844 secs using 998.9% CPU
Iteration 70 / LogL: -86408.229 / Time: 0h:1m:18s (0h:1m:40s left)
Optimizing NNI: done in 1.01572 secs using 998.6% CPU
Optimizing NNI: done in 0.838465 secs using 1001% CPU
Optimizing NNI: done in 0.93913 secs using 999.5% CPU
Optimizing NNI: done in 0.918922 secs using 995.5% CPU
Optimizing NNI: done in 1.02656 secs using 996.2% CPU
Optimizing NNI: done in 0.841115 secs using 998.2% CPU
Optimizing NNI: done in 0.963182 secs using 996.5% CPU
Optimizing NNI: done in 0.760559 secs using 999.3% CPU
Optimizing NNI: done in 1.12808 secs using 998.7% CPU
Optimizing NNI: done in 0.947192 secs using 995.6% CPU
Estimate model parameters (epsilon = 0.100)
BETTER TREE FOUND at iteration 80: -86403.981
Iteration 80 / LogL: -86403.981 / Time: 0h:1m:28s (0h:1m:52s left)
Optimizing NNI: done in 0.715478 secs using 995.6% CPU
Optimizing NNI: done in 1.03183 secs using 997.7% CPU
Optimizing NNI: done in 1.46622 secs using 1001% CPU
Estimate model parameters (epsilon = 0.100)
BETTER TREE FOUND at iteration 83: -86402.678
Optimizing NNI: done in 0.823603 secs using 998.5% CPU
Optimizing NNI: done in 0.803813 secs using 998.2% CPU
Optimizing NNI: done in 0.914026 secs using 1001% CPU
Optimizing NNI: done in 0.914951 secs using 1001% CPU
Optimizing NNI: done in 0.695074 secs using 1000% CPU
Optimizing NNI: done in 0.935194 secs using 1000% CPU
Estimate model parameters (epsilon = 0.100)
UPDATE BEST LOG-LIKELIHOOD: -86402.592
Optimizing NNI: done in 0.916357 secs using 999.2% CPU
Iteration 90 / LogL: -86405.931 / Time: 0h:1m:39s (0h:1m:43s left)
Optimizing NNI: done in 0.763957 secs using 999.5% CPU
Optimizing NNI: done in 0.993262 secs using 998.4% CPU
Optimizing NNI: done in 0.741919 secs using 1002% CPU
Optimizing NNI: done in 0.633303 secs using 997.5% CPU
Optimizing NNI: done in 0.860711 secs using 998.3% CPU
Optimizing NNI: done in 0.903296 secs using 998.9% CPU
Optimizing NNI: done in 0.63757 secs using 1003% CPU
Optimizing NNI: done in 0.797977 secs using 997.2% CPU
Optimizing NNI: done in 0.8192 secs using 996.5% CPU
Optimizing NNI: done in 0.943573 secs using 995.3% CPU
Iteration 100 / LogL: -86402.670 / Time: 0h:1m:47s (0h:1m:30s left)
Log-likelihood cutoff on original alignment: -86477.952
NOTE: Bootstrap correlation coefficient of split occurrence frequencies: 0.962
NOTE: UFBoot does not converge, continue at least 100 more iterations
UFBoot trees printed to iqtree_gene_trees/COG4774.ufboot
Optimizing NNI: done in 0.978088 secs using 1001% CPU
Optimizing NNI: done in 1.17308 secs using 998.1% CPU
Optimizing NNI: done in 0.852494 secs using 1003% CPU
Optimizing NNI: done in 1.02768 secs using 999.9% CPU
Optimizing NNI: done in 0.959317 secs using 1001% CPU
Optimizing NNI: done in 0.826264 secs using 1001% CPU
Optimizing NNI: done in 0.939427 secs using 1001% CPU
Optimizing NNI: done in 0.717425 secs using 997.6% CPU
Optimizing NNI: done in 0.756131 secs using 998.8% CPU
Optimizing NNI: done in 1.06623 secs using 997.3% CPU
Iteration 110 / LogL: -86403.341 / Time: 0h:1m:57s (0h:1m:37s left)
Optimizing NNI: done in 0.833175 secs using 1002% CPU
Optimizing NNI: done in 0.876263 secs using 999.7% CPU
Optimizing NNI: done in 1.1043 secs using 999.7% CPU
Optimizing NNI: done in 1.05262 secs using 1002% CPU
Optimizing NNI: done in 1.20674 secs using 1000% CPU
Optimizing NNI: done in 0.768372 secs using 998.5% CPU
Optimizing NNI: done in 0.819251 secs using 999.8% CPU
Optimizing NNI: done in 0.792472 secs using 998.4% CPU
Optimizing NNI: done in 1.03593 secs using 999.6% CPU
Optimizing NNI: done in 0.767096 secs using 1001% CPU
Iteration 120 / LogL: -86405.752 / Time: 0h:2m:6s (0h:1m:25s left)
Optimizing NNI: done in 0.79604 secs using 998.4% CPU
Optimizing NNI: done in 1.33688 secs using 998.7% CPU
Optimizing NNI: done in 0.759215 secs using 1001% CPU
Optimizing NNI: done in 0.837844 secs using 1001% CPU
Optimizing NNI: done in 0.912278 secs using 999.3% CPU
Optimizing NNI: done in 1.07859 secs using 997.4% CPU
Optimizing NNI: done in 0.998551 secs using 1000% CPU
Optimizing NNI: done in 0.764359 secs using 999% CPU
Optimizing NNI: done in 0.935298 secs using 1000% CPU
Optimizing NNI: done in 0.80843 secs using 996% CPU
Iteration 130 / LogL: -86403.517 / Time: 0h:2m:16s (0h:1m:14s left)
Optimizing NNI: done in 0.955898 secs using 999.6% CPU
Optimizing NNI: done in 1.3784 secs using 998.1% CPU
Optimizing NNI: done in 0.981969 secs using 996.9% CPU
Optimizing NNI: done in 1.06063 secs using 999.4% CPU
Optimizing NNI: done in 0.897523 secs using 1002% CPU
Optimizing NNI: done in 1.19532 secs using 996.4% CPU
Optimizing NNI: done in 0.743195 secs using 999.9% CPU
Optimizing NNI: done in 0.959418 secs using 998.8% CPU
Optimizing NNI: done in 0.698329 secs using 996.9% CPU
Optimizing NNI: done in 0.878377 secs using 1001% CPU
Iteration 140 / LogL: -86402.719 / Time: 0h:2m:26s (0h:1m:3s left)
Optimizing NNI: done in 0.841899 secs using 1001% CPU
Optimizing NNI: done in 0.919851 secs using 998.8% CPU
Optimizing NNI: done in 0.875463 secs using 999.8% CPU
Optimizing NNI: done in 0.877795 secs using 998.1% CPU
Optimizing NNI: done in 0.919083 secs using 998.7% CPU
Optimizing NNI: done in 0.769734 secs using 997.9% CPU
Optimizing NNI: done in 1.04443 secs using 998.8% CPU
Optimizing NNI: done in 0.796284 secs using 998.1% CPU
Optimizing NNI: done in 0.791818 secs using 999.6% CPU
Optimizing NNI: done in 0.731884 secs using 999.6% CPU
Iteration 150 / LogL: -86404.050 / Time: 0h:2m:35s (0h:0m:52s left)
Log-likelihood cutoff on original alignment: -86478.190
UFBoot trees printed to iqtree_gene_trees/COG4774.ufboot
Optimizing NNI: done in 0.932909 secs using 998.2% CPU
Optimizing NNI: done in 1.09229 secs using 999.7% CPU
Optimizing NNI: done in 1.09034 secs using 996.9% CPU
Optimizing NNI: done in 0.892705 secs using 998.3% CPU
Optimizing NNI: done in 0.845502 secs using 997.9% CPU
Optimizing NNI: done in 1.20816 secs using 999.5% CPU
Optimizing NNI: done in 0.883831 secs using 999.2% CPU
Optimizing NNI: done in 1.14348 secs using 999.3% CPU
Optimizing NNI: done in 0.973125 secs using 998.5% CPU
Optimizing NNI: done in 0.945054 secs using 997.2% CPU
Iteration 160 / LogL: -86402.598 / Time: 0h:2m:46s (0h:0m:41s left)
Optimizing NNI: done in 0.891511 secs using 1000% CPU
Optimizing NNI: done in 0.901516 secs using 1002% CPU
Optimizing NNI: done in 0.937657 secs using 1002% CPU
Optimizing NNI: done in 0.844534 secs using 999.4% CPU
Optimizing NNI: done in 0.792743 secs using 998.6% CPU
Optimizing NNI: done in 0.898767 secs using 999.8% CPU
Optimizing NNI: done in 0.843143 secs using 1000% CPU
Optimizing NNI: done in 0.693176 secs using 997.3% CPU
Optimizing NNI: done in 0.977311 secs using 998.2% CPU
Optimizing NNI: done in 0.955457 secs using 999.2% CPU
Iteration 170 / LogL: -86410.994 / Time: 0h:2m:54s (0h:0m:31s left)
Optimizing NNI: done in 0.977625 secs using 1002% CPU
Optimizing NNI: done in 0.671434 secs using 1001% CPU
Optimizing NNI: done in 1.02017 secs using 998.6% CPU
Optimizing NNI: done in 0.931582 secs using 999.5% CPU
Optimizing NNI: done in 0.951046 secs using 995.3% CPU
Optimizing NNI: done in 0.885759 secs using 995.9% CPU
Optimizing NNI: done in 0.953615 secs using 998% CPU
Optimizing NNI: done in 1.02889 secs using 999.2% CPU
Optimizing NNI: done in 1.10553 secs using 998.7% CPU
Optimizing NNI: done in 0.955356 secs using 996.4% CPU
Iteration 180 / LogL: -86403.330 / Time: 0h:3m:4s (0h:0m:20s left)
Optimizing NNI: done in 1.14896 secs using 998.8% CPU
Optimizing NNI: done in 0.675689 secs using 994.5% CPU
Optimizing NNI: done in 0.994956 secs using 1001% CPU
Optimizing NNI: done in 0.823667 secs using 999.4% CPU
Optimizing NNI: done in 1.01148 secs using 1000% CPU
Optimizing NNI: done in 1.19145 secs using 1000% CPU
Optimizing NNI: done in 0.936262 secs using 999.3% CPU
Optimizing NNI: done in 0.838366 secs using 996.5% CPU
Optimizing NNI: done in 0.652081 secs using 999.9% CPU
Optimizing NNI: done in 0.827019 secs using 1001% CPU
Iteration 190 / LogL: -86404.952 / Time: 0h:3m:13s (0h:0m:10s left)
Optimizing NNI: done in 0.936675 secs using 999.3% CPU
Optimizing NNI: done in 1.14439 secs using 999% CPU
Optimizing NNI: done in 0.982634 secs using 996.3% CPU
Optimizing NNI: done in 1.00957 secs using 998.1% CPU
Optimizing NNI: done in 0.835557 secs using 1000% CPU
Optimizing NNI: done in 0.851046 secs using 1001% CPU
Optimizing NNI: done in 1.02894 secs using 1003% CPU
Optimizing NNI: done in 0.953797 secs using 1001% CPU
Optimizing NNI: done in 0.915463 secs using 999.2% CPU
Optimizing NNI: done in 0.692308 secs using 998.4% CPU
Iteration 200 / LogL: -86406.559 / Time: 0h:3m:23s (0h:0m:0s left)
Log-likelihood cutoff on original alignment: -86478.190
NOTE: Bootstrap correlation coefficient of split occurrence frequencies: 0.997
UFBoot trees printed to iqtree_gene_trees/COG4774.ufboot
TREE SEARCH COMPLETED AFTER 200 ITERATIONS / Time: 0h:3m:23s

--------------------------------------------------------------------
|                    FINALIZING TREE SEARCH                        |
--------------------------------------------------------------------
Performs final model parameters optimization
Estimate model parameters (epsilon = 0.010)
1. Initial log-likelihood: -86402.592
Optimal log-likelihood: -86402.591
Site proportion and rates:  (0.030,0.052) (0.142,0.348) (0.328,0.717) (0.401,1.252) (0.099,2.137)
Parameters optimization took 1 rounds (0.335 sec)
BEST SCORE FOUND : -86402.591
Creating bootstrap support values...
Split supports printed to NEXUS file iqtree_gene_trees/COG4774.splits.nex
Total tree length: 64.299

Total number of iterations: 200
CPU time used for tree search: 1954.219 sec (0h:32m:34s)
Wall-clock time used for tree search: 202.983 sec (0h:3m:22s)
Total CPU time used: 1966.556 sec (0h:32m:46s)
Total wall-clock time used: 204.550 sec (0h:3m:24s)
UFBoot trees printed to iqtree_gene_trees/COG4774.ufboot

Computing bootstrap consensus tree...
Reading input file iqtree_gene_trees/COG4774.splits.nex...
59 taxa and 377 splits.
Consensus tree written to iqtree_gene_trees/COG4774.contree
Reading input trees file iqtree_gene_trees/COG4774.contree
Log-likelihood of consensus tree: -86402.686

Analysis results written to: 
  IQ-TREE report:                iqtree_gene_trees/COG4774.iqtree
  Maximum-likelihood tree:       iqtree_gene_trees/COG4774.treefile
  Likelihood distances:          iqtree_gene_trees/COG4774.mldist

Ultrafast bootstrap approximation results written to:
  Split support values:          iqtree_gene_trees/COG4774.splits.nex
  Consensus tree:                iqtree_gene_trees/COG4774.contree
  UFBoot trees:                  iqtree_gene_trees/COG4774.ufboot
  Screen log file:               iqtree_gene_trees/COG4774.log

ALISIM COMMAND
--------------
--alisim simulated_MSA -t iqtree_gene_trees/COG4774.treefile -m "Q.pfam+F+R5{0.0298158,0.0515207,0.142139,0.347596,0.327797,0.716694,0.400856,1.25167,0.0993917,2.13688}" --length 822

Date and Time: Sun Apr  9 01:32:31 2023
