IQ-TREE multicore version 2.2.0.3 COVID-edition for Linux 64-bit built Aug  2 2022
Developed by Bui Quang Minh, James Barbetti, Nguyen Lam Tung,
Olga Chernomor, Heiko Schmidt, Dominik Schrempf, Michael Woodhams, Ly Trong Nhan.

Host:    baross.its.carleton.edu (AVX2, FMA3, 755 GB RAM)
Command: iqtree -s gene_alignments/trimv2_COG4097.afa --nmax 3000 -m MFP -bb 1000 -wbtl -ntmax 10 -nt AUTO -T 10 --prefix iqtree_gene_trees/COG4097 -madd C10,C20,C30,C40,C50,C60,EX2,EX3,EHO,UL2,UL3,EX_EHO,LG4M,LG4X,CF4,LG+C10,LG+C20,LG+C30,LG+C40,LG+C50,LG+C60 -mrate E,I,G,I+G,R
Seed:    190229 (Using SPRNG - Scalable Parallel Random Number Generator)
Time:    Sun Apr  9 03:14:04 2023
Kernel:  AVX+FMA - 10 threads (96 CPU cores detected)

Reading alignment file gene_alignments/trimv2_COG4097.afa ... Fasta format detected
Reading fasta file: done in 0.00138353 secs using 92.37% CPU
Alignment most likely contains protein sequences
Constructing alignment: done in 0.00282398 secs using 941.2% CPU
Alignment has 58 sequences with 467 columns, 462 distinct patterns
447 parsimony-informative, 10 singleton sites, 10 constant sites
                                                                Gap/Ambiguity  Composition  p-value
Analyzing sequences: done in 8.89949e-05 secs using 918% CPU
   1  GCA.002428525.1.Bacteria.UBP14_DIWU01000023.1_22                  5.57%    passed     31.55%
   2  GCA.002774425.1.Bacteria.Patescibacteria_PEYJ01000016.1_27        7.92%    passed     16.07%
   3  GCA.001873755.1.Bacteria.Patescibacteria_MNZT01000037.1_3         9.21%    passed     10.24%
   4  GCA.001804805.1.Bacteria.Verrucomicrobiota_MHBH01000073.1_151     6.21%    passed     62.94%
   5  GCA.003245625.1.Bacteria.Firmicutes_QKCT01000097.1_10            11.56%    failed      0.03%
   6  GCF.002215035.1.Bacteria.Cyanobacteria_NZ_NKFP01000003.1_106      4.93%    passed     88.29%
   7  GCF.001742305.1.Bacteria.Firmicutes_NZ_MJAT01000010.1_7          14.99%    failed      0.14%
   8  GCA.000209225.1.Eukaryota.Cnidaria_EDO38588.1                    13.70%    failed      0.00%
   9  GCA.001769805.1.Bacteria.Bdellovibrionota_MEPO01000005.1_159     10.49%    passed     26.45%
  10  GCA.000739515.1.Bacteria.Moduliflexota_DF820456.1_765            11.13%    passed     91.69%
  11  GCA.002899795.1.Bacteria.Desulfobacterota_PPDG01000631.1_1        5.78%    passed     18.59%
  12  GCA.001587715.1.Archaea.Methanobacteriota.B_LNGC01000031.1_13     8.99%    failed      0.00%
  13  GCF.003443735.1.Bacteria.Actinobacteriota_NZ_CP031969.1_1778      6.85%    failed      0.01%
  14  GCA.003542955.1.Bacteria.Armatimonadota_DPJP01000149.1_8          4.28%    failed      0.10%
  15  GCA.001787855.1.Bacteria.Riflebacteria_MFYY01000060.1_14          5.14%    passed     21.58%
  16  GCA.002167285.1.Bacteria.Planctomycetota_NHDG01000098.1_26       12.42%    passed     24.06%
  17  GCA.002340345.1.Bacteria.Proteobacteria_DDLW01000260.1_10        14.56%    passed     25.29%
  18  GCF.003443735.1.Bacteria.Actinobacteriota_NZ_CP031969.1_6542      5.14%    failed      0.94%
  19  Nostoc.sp.PCC7120_WP_044523036.1                                  5.57%    passed     23.24%
  20  GCA.002451085.1.Bacteria.Proteobacteria_DKBE01000045.1_23         6.21%    passed     33.49%
  21  GCF.000487995.1.Bacteria.Deferribacterota_NZ_KI530584.1_261      10.71%    failed      0.00%
  22  GCA.001800245.1.Bacteria.Elusimicrobiota_MGVA01000018.1_70        7.07%    passed     32.57%
  23  GCA.000189635.1.Eukaryota.Ciliophora_EAR84108.2                  12.21%    failed      0.00%
  24  GCF.002251945.1.Bacteria.Cyanobacteria_NZ_NDHW01000129.1_1        4.50%    passed     91.95%
  25  GCF.000353285.1.Bacteria.Cyanobacteria_NZ_KB731324.1_2989         4.71%    passed     93.74%
  26  GCF.000374645.1.Bacteria.Proteobacteria_NZ_KB894817.1_13          9.42%    failed      0.00%
  27  GCA.000002865.1.Eukaryota.Choanoflagellata_EDQ89066.1            11.78%    passed      5.50%
  28  GCA.002793075.1.Bacteria.Patescibacteria_PFPO01000047.1_10        6.85%    failed      0.00%
  29  GCA.002049455.2.Eukaryota.Rhodophyta_OSX73467.1                   7.07%    failed      0.01%
  30  GCF.002215035.1.Bacteria.Cyanobacteria_NZ_NKFP01000001.1_622      6.00%    passed     82.16%
  31  GCF.000284615.1.Bacteria.Proteobacteria_NC_017067.1_2874          9.42%    failed      1.43%
  32  GCF.000758165.1.Bacteria.Spirochaetota_NZ_JNUP01000065.1_107      8.99%    passed     10.88%
  33  GCA.001829315.1.Bacteria.Spirochaetota_MIAY01000014.1_115        11.78%    failed      0.00%
  34  GCA.002327985.1.Bacteria.Desulfobacterota_DCVM01000053.1_2        6.21%    failed      3.56%
  35  GCF.000264455.2.Bacteria.Proteobacteria_NC_017956.1_2965          9.42%    failed      0.00%
  36  GCA.002429595.1.Bacteria.Proteobacteria_DJAM01000101.1_19        18.84%    failed      1.78%
  37  GCA.003501375.1.Bacteria.Sumerlaeota_DNPO01000278.1_2             6.42%    passed     34.62%
  38  GCA.001896555.1.Bacteria.Desulfobacterota_MPOS01000012.1_73       4.93%    passed     75.28%
  39  GCA.000189635.1.Eukaryota.Ciliophora_EWS74543.1                  12.42%    failed      0.00%
  40  GCA.003242895.1.Bacteria.Margulisbacteria_QKMY01000047.1_5        6.85%    passed      9.33%
  41  GCF.000969705.1.Bacteria.Actinobacteriota_NZ_KQ033901.1_3150      6.21%    failed      0.56%
  42  GCF.000024725.1.Bacteria.Proteobacteria_NC_013960.1_1632          6.00%    passed     36.17%
  43  GCA.002786175.1.Bacteria.Chlamydiota_PEQL01000025.1_15            8.35%    failed      0.00%
  44  GCF.000284615.1.Bacteria.Proteobacteria_NC_017067.1_1805          9.42%    passed     39.59%
  45  GCF.003443735.1.Bacteria.Actinobacteriota_NZ_CP031969.1_6544      5.78%    failed      0.00%
  46  GCF.900172325.1.Bacteria.Proteobacteria_NZ_FWFR01000001.1_1771    9.21%    failed      0.25%
  47  GCF.001720165.1.Bacteria.Proteobacteria_NZ_MCRI01000001.1_92      6.21%    passed     14.40%
  48  GCA.000004985.1.Eukaryota.Heterolobosea_EFC46657.1                8.99%    failed      0.00%
  49  GCA.002329525.1.Bacteria.Firmicutes.C_DCTI01000125.1_10           9.85%    passed     49.56%
  50  GCA.000189635.1.Eukaryota.Ciliophora_EWS74548.1                  12.42%    failed      0.00%
  51  GCF.001614315.2.Bacteria.Proteobacteria_NZ_LVEG02000002.1_32      4.71%    failed      0.00%
  52  GCA.002348045.1.Bacteria.Chloroflexota_DDYO01000159.1_4           6.21%    passed     11.30%
  53  GCA.003162395.1.Bacteria.Actinobacteriota_PMON01000070.1_86       8.99%    failed      0.03%
  54  GCF.900066015.1.Bacteria.Chloroflexota_NZ_LN890655.1_2236         6.21%    passed     52.58%
  55  GCF.000015025.1.Bacteria.Actinobacteriota_NC_008578.1_49          5.57%    failed      0.00%
  56  GCA.001045525.1.Bacteria.Fibrobacterota_LDWW01000002.1_26         9.85%    failed      0.51%
  57  GCF.000264455.2.Bacteria.Proteobacteria_NC_017956.1_3392          8.99%    failed      0.00%
  58  GCA.002763265.1.Archaea.Nanoarchaeota_PEZQ01000003.1_44           5.57%    failed      1.82%
****  TOTAL                                                             8.36%  30 sequences failed composition chi2 test (p-value<5%; df=19)
Checking for duplicate sequences: done in 0.000729679 secs using 927.3% CPU


Create initial parsimony tree by phylogenetic likelihood library (PLL)... 0.032 seconds
Perform fast likelihood tree search using LG+I+G model...
Estimate model parameters (epsilon = 5.000)
Perform nearest neighbor interchange...
Optimizing NNI: done in 0.47876 secs using 995.7% CPU
Estimate model parameters (epsilon = 1.000)
1. Initial log-likelihood: -48772.668
Optimal log-likelihood: -48772.584
Proportion of invariable sites: 0.017
Gamma shape alpha: 1.559
Parameters optimization took 1 rounds (0.056 sec)
Time for fast ML tree search: 1.002 seconds

NOTE: ModelFinder requires 45 MB RAM!
ModelFinder will test up to 749 protein models (sample size: 467) ...
 No. Model         -LnL         df  AIC          AICc         BIC
  1  LG            50252.557    113 100731.114   100804.100   101199.650
  2  LG+I          49993.835    114 100215.670   100290.158   100688.351
  3  LG+G4         48813.182    114 97854.363    97928.852    98327.045
  4  LG+I+G4       48772.588    115 97775.176    97851.187    98252.004
  5  LG+R2         49064.262    115 98358.525    98434.536    98835.353
  6  LG+R3         48752.757    117 97739.514    97818.632    98224.635
  7  LG+R4         48723.731    119 97685.461    97767.767    98178.874
  8  LG+R5         48712.993    121 97667.987    97753.564    98169.693
  9  LG+R6         48675.812    123 97597.623    97686.556    98107.622
 10  LG+R7         48674.923    125 97599.845    97692.221    98118.137
 14  LG+F          49980.691    132 100225.382   100330.508   100772.698
 15  LG+F+I        49737.491    133 99740.981    99848.020    100292.443
 16  LG+F+G4       48529.109    133 97324.218    97431.257    97875.680
 17  LG+F+I+G4     48490.165    134 97248.331    97357.307    97803.939
 18  LG+F+R2       48761.082    134 97790.164    97899.139    98345.772
 19  LG+F+R3       48475.897    136 97223.793    97336.714    97787.694
 20  LG+F+R4       48449.156    138 97174.313    97291.276    97746.506
 21  LG+F+R5       48442.930    140 97165.860    97286.964    97746.346
 22  LG+F+R6       48408.648    142 97101.295    97226.641    97690.074
 23  LG+F+R7       48406.683    144 97101.367    97231.056    97698.438
 27  WAG           50186.114    113 100598.229   100671.215   101066.764
 28  WAG+I         49972.512    114 100173.025   100247.513   100645.706
 29  WAG+G4        49069.806    114 98367.612    98442.101    98840.294
 30  WAG+I+G4      49030.066    115 98290.132    98366.143    98766.960
 31  WAG+R2        49230.163    115 98690.326    98766.338    99167.154
 32  WAG+R3        48985.897    117 98205.794    98284.911    98690.914
 33  WAG+R4        48964.247    119 98166.495    98248.800    98659.908
 34  WAG+R5        48929.433    121 98100.865    98186.442    98602.571
 35  WAG+R6        48922.346    123 98090.692    98179.625    98600.691
 36  WAG+R7        48921.945    125 98093.890    98186.266    98612.182
 40  WAG+F         49822.877    132 99909.754    100014.880   100457.070
 41  WAG+F+I       49618.940    133 99503.880    99610.919    100055.342
 42  WAG+F+G4      48724.384    133 97714.769    97821.808    98266.231
 43  WAG+F+I+G4    48686.069    134 97640.138    97749.114    98195.746
 44  WAG+F+R2      48872.941    134 98013.881    98122.857    98569.489
 45  WAG+F+R3      48645.810    136 97563.619    97676.540    98127.520
 46  WAG+F+R4      48628.803    138 97533.606    97650.569    98105.799
 47  WAG+F+R5      48598.936    140 97477.873    97598.977    98058.359
 48  WAG+F+R6      48591.216    142 97466.432    97591.778    98055.211
 49  WAG+F+R7      48591.174    144 97470.349    97600.038    98067.420
 53  JTT           50728.567    113 101683.134   101756.120   102151.669
 54  JTT+I         50461.937    114 101151.874   101226.362   101624.555
 55  JTT+G4        49369.723    114 98967.445    99041.934    99440.127
 56  JTT+I+G4      49324.966    115 98879.933    98955.944    99356.761
 57  JTT+R2        49592.714    115 99415.429    99491.440    99892.257
 58  JTT+R3        49292.624    117 98819.248    98898.366    99304.369
 59  JTT+R4        49262.833    119 98763.666    98845.972    99257.079
 60  JTT+R5        49249.947    121 98741.893    98827.470    99243.599
 61  JTT+R6        49215.600    123 98677.200    98766.133    99187.198
 62  JTT+R7        49215.676    125 98681.352    98773.727    99199.643
 66  JTT+F         50390.429    132 101044.858   101149.984   101592.174
 67  JTT+F+I       50137.442    133 100540.884   100647.923   101092.346
 68  JTT+F+G4      49038.187    133 98342.374    98449.413    98893.836
 69  JTT+F+I+G4    48995.877    134 98259.754    98368.730    98815.363
 70  JTT+F+R2      49252.635    134 98773.270    98882.246    99328.878
 71  JTT+F+R3      48968.377    136 98208.754    98321.675    98772.654
 72  JTT+F+R4      48942.226    138 98160.451    98277.415    98732.645
 73  JTT+F+R5      48935.447    140 98150.895    98271.999    98731.381
 74  JTT+F+R6      48900.147    142 98084.294    98209.639    98673.072
 75  JTT+F+R7      48900.334    144 98088.668    98218.358    98685.740
WARNING: Normalizing state frequencies so that sum of them equals to 1
 79  Q.pfam        50129.018    113 100484.036   100557.022   100952.571
WARNING: Normalizing state frequencies so that sum of them equals to 1
 80  Q.pfam+I      49855.807    114 99939.614    100014.103   100412.295
WARNING: Normalizing state frequencies so that sum of them equals to 1
 81  Q.pfam+G4     48687.443    114 97602.887    97677.376    98075.568
WARNING: Normalizing state frequencies so that sum of them equals to 1
 82  Q.pfam+I+G4   48643.181    115 97516.363    97592.374    97993.190
WARNING: Normalizing state frequencies so that sum of them equals to 1
 83  Q.pfam+R2     48935.271    115 98100.543    98176.554    98577.371
WARNING: Normalizing state frequencies so that sum of them equals to 1
 84  Q.pfam+R3     48627.308    117 97488.616    97567.733    97973.736
WARNING: Normalizing state frequencies so that sum of them equals to 1
 85  Q.pfam+R4     48596.587    119 97431.174    97513.480    97924.587
WARNING: Normalizing state frequencies so that sum of them equals to 1
 86  Q.pfam+R5     48589.548    121 97421.095    97506.672    97922.801
WARNING: Normalizing state frequencies so that sum of them equals to 1
 87  Q.pfam+R6     48546.143    123 97338.286    97427.219    97848.285
WARNING: Normalizing state frequencies so that sum of them equals to 1
 88  Q.pfam+R7     48545.359    125 97340.719    97433.094    97859.010
WARNING: Normalizing state frequencies so that sum of them equals to 1
 92  Q.pfam+F      50008.448    132 100280.896   100386.022   100828.212
WARNING: Normalizing state frequencies so that sum of them equals to 1
 93  Q.pfam+F+I    49754.803    133 99775.606    99882.645    100327.068
WARNING: Normalizing state frequencies so that sum of them equals to 1
 94  Q.pfam+F+G4   48539.476    133 97344.952    97451.991    97896.414
WARNING: Normalizing state frequencies so that sum of them equals to 1
 95  Q.pfam+F+I+G4 48498.534    134 97265.068    97374.044    97820.677
WARNING: Normalizing state frequencies so that sum of them equals to 1
 96  Q.pfam+F+R2   48768.661    134 97805.321    97914.297    98360.929
WARNING: Normalizing state frequencies so that sum of them equals to 1
 97  Q.pfam+F+R3   48488.676    136 97249.352    97362.273    97813.253
WARNING: Normalizing state frequencies so that sum of them equals to 1
 98  Q.pfam+F+R4   48457.788    138 97191.577    97308.540    97763.770
WARNING: Normalizing state frequencies so that sum of them equals to 1
 99  Q.pfam+F+R5   48419.584    140 97119.167    97240.272    97699.653
WARNING: Normalizing state frequencies so that sum of them equals to 1
100  Q.pfam+F+R6   48416.429    142 97116.859    97242.205    97705.638
WARNING: Normalizing state frequencies so that sum of them equals to 1
105  Q.bird        51899.487    113 104024.974   104097.959   104493.509
WARNING: Normalizing state frequencies so that sum of them equals to 1
106  Q.bird+I      51532.193    114 103292.387   103366.875   103765.068
WARNING: Normalizing state frequencies so that sum of them equals to 1
107  Q.bird+G4     50087.760    114 100403.520   100478.009   100876.202
WARNING: Normalizing state frequencies so that sum of them equals to 1
108  Q.bird+I+G4   50028.646    115 100287.291   100363.303   100764.119
WARNING: Normalizing state frequencies so that sum of them equals to 1
109  Q.bird+R2     50434.667    115 101099.334   101175.346   101576.162
WARNING: Normalizing state frequencies so that sum of them equals to 1
110  Q.bird+R3     50048.423    117 100330.846   100409.964   100815.967
WARNING: Normalizing state frequencies so that sum of them equals to 1
111  Q.bird+R4     49994.676    119 100227.352   100309.658   100720.766
WARNING: Normalizing state frequencies so that sum of them equals to 1
112  Q.bird+R5     49986.123    121 100214.247   100299.823   100715.952
WARNING: Normalizing state frequencies so that sum of them equals to 1
113  Q.bird+R6     49934.004    123 100114.007   100202.940   100624.006
WARNING: Normalizing state frequencies so that sum of them equals to 1
114  Q.bird+R7     49933.165    125 100116.330   100208.706   100634.621
WARNING: Normalizing state frequencies so that sum of them equals to 1
118  Q.bird+F      51567.228    132 103398.455   103503.581   103945.771
WARNING: Normalizing state frequencies so that sum of them equals to 1
119  Q.bird+F+I    51216.796    133 102699.593   102806.632   103251.055
WARNING: Normalizing state frequencies so that sum of them equals to 1
120  Q.bird+F+G4   49693.500    133 99652.999    99760.038    100204.461
WARNING: Normalizing state frequencies so that sum of them equals to 1
121  Q.bird+F+I+G4 49642.783    134 99553.566    99662.542    100109.174
WARNING: Normalizing state frequencies so that sum of them equals to 1
122  Q.bird+F+R2   50022.484    134 100312.967   100421.943   100868.576
WARNING: Normalizing state frequencies so that sum of them equals to 1
123  Q.bird+F+R3   49661.682    136 99595.364    99708.286    100159.265
WARNING: Normalizing state frequencies so that sum of them equals to 1
124  Q.bird+F+R4   49608.538    138 99493.076    99610.040    100065.270
WARNING: Normalizing state frequencies so that sum of them equals to 1
125  Q.bird+F+R5   49597.209    140 99474.418    99595.522    100054.904
WARNING: Normalizing state frequencies so that sum of them equals to 1
126  Q.bird+F+R6   49556.962    142 99397.923    99523.269    99986.702
WARNING: Normalizing state frequencies so that sum of them equals to 1
WARNING: Log-likelihood -49560.6 of Q.bird+F+R7 worse than Q.bird+F+R6 -49557
127  Q.bird+F+R7   49560.649    144 99409.298    99538.987    100006.369
WARNING: Normalizing state frequencies so that sum of them equals to 1
131  Q.mammal      51581.705    113 103389.410   103462.396   103857.945
WARNING: Normalizing state frequencies so that sum of them equals to 1
132  Q.mammal+I    51237.001    114 102702.002   102776.491   103174.683
WARNING: Normalizing state frequencies so that sum of them equals to 1
133  Q.mammal+G4   49888.033    114 100004.067   100078.555   100476.748
WARNING: Normalizing state frequencies so that sum of them equals to 1
134  Q.mammal+I+G4 49830.705    115 99891.410    99967.421    100368.238
WARNING: Normalizing state frequencies so that sum of them equals to 1
135  Q.mammal+R2   50217.469    115 100664.937   100740.949   101141.765
WARNING: Normalizing state frequencies so that sum of them equals to 1
136  Q.mammal+R3   49844.796    117 99923.592    100002.710   100408.713
WARNING: Normalizing state frequencies so that sum of them equals to 1
137  Q.mammal+R4   49795.729    119 99829.457    99911.763    100322.871
WARNING: Normalizing state frequencies so that sum of them equals to 1
138  Q.mammal+R5   49788.057    121 99818.114    99903.691    100319.820
WARNING: Normalizing state frequencies so that sum of them equals to 1
139  Q.mammal+R6   49740.225    123 99726.450    99815.383    100236.449
WARNING: Normalizing state frequencies so that sum of them equals to 1
140  Q.mammal+R7   49739.692    125 99729.384    99821.759    100247.675
WARNING: Normalizing state frequencies so that sum of them equals to 1
144  Q.mammal+F    51195.209    132 102654.419   102759.545   103201.734
WARNING: Normalizing state frequencies so that sum of them equals to 1
145  Q.mammal+F+I  50871.054    133 102008.107   102115.146   102559.569
WARNING: Normalizing state frequencies so that sum of them equals to 1
146  Q.mammal+F+G4 49461.785    133 99189.571    99296.610    99741.032
WARNING: Normalizing state frequencies so that sum of them equals to 1
147  Q.mammal+F+I+G4 49412.080    134 99092.160    99201.136    99647.768
WARNING: Normalizing state frequencies so that sum of them equals to 1
148  Q.mammal+F+R2 49766.935    134 99801.871    99910.847    100357.479
WARNING: Normalizing state frequencies so that sum of them equals to 1
149  Q.mammal+F+R3 49428.377    136 99128.755    99241.676    99692.656
WARNING: Normalizing state frequencies so that sum of them equals to 1
150  Q.mammal+F+R4 49378.467    138 99032.934    99149.898    99605.128
WARNING: Normalizing state frequencies so that sum of them equals to 1
151  Q.mammal+F+R5 49351.239    140 98982.477    99103.581    99562.963
WARNING: Normalizing state frequencies so that sum of them equals to 1
152  Q.mammal+F+R6 49332.580    142 98949.161    99074.506    99537.939
WARNING: Normalizing state frequencies so that sum of them equals to 1
WARNING: Log-likelihood -49344.3 of Q.mammal+F+R7 worse than Q.mammal+F+R6 -49332.6
153  Q.mammal+F+R7 49344.294    144 98976.588    99106.277    99573.659
157  Q.insect      50995.475    113 102216.950   102289.935   102685.485
158  Q.insect+I    50667.935    114 101563.869   101638.358   102036.551
159  Q.insect+G4   49343.908    114 98915.816    98990.304    99388.497
160  Q.insect+I+G4 49293.554    115 98817.107    98893.119    99293.935
161  Q.insect+R2   49649.823    115 99529.646    99605.658    100006.474
162  Q.insect+R3   49297.189    117 98828.377    98907.495    99313.498
163  Q.insect+R4   49254.526    119 98747.052    98829.358    99240.466
164  Q.insect+R5   49242.817    121 98727.634    98813.211    99229.340
165  Q.insect+R6   49199.035    123 98644.070    98733.003    99154.069
166  Q.insect+R7   49199.041    125 98648.081    98740.457    99166.373
170  Q.insect+F    50460.609    132 101185.218   101290.344   101732.534
171  Q.insect+F+I  50160.266    133 100586.533   100693.572   101137.995
172  Q.insect+F+G4 48817.897    133 97901.795    98008.834    98453.257
173  Q.insect+F+I+G4 48770.759    134 97809.518    97918.494    98365.126
174  Q.insect+F+R2 49099.623    134 98467.247    98576.222    99022.855
175  Q.insect+F+R3 48781.938    136 97835.876    97948.797    98399.776
176  Q.insect+F+R4 48736.678    138 97749.355    97866.319    98321.549
177  Q.insect+F+R5 48732.274    140 97744.549    97865.653    98325.035
WARNING: Normalizing state frequencies so that sum of them equals to 1
183  Q.plant       51100.523    113 102427.046   102500.032   102895.581
WARNING: Normalizing state frequencies so that sum of them equals to 1
184  Q.plant+I     50783.540    114 101795.081   101869.569   102267.762
WARNING: Normalizing state frequencies so that sum of them equals to 1
185  Q.plant+G4    49316.193    114 98860.385    98934.874    99333.067
WARNING: Normalizing state frequencies so that sum of them equals to 1
186  Q.plant+I+G4  49271.605    115 98773.210    98849.222    99250.038
WARNING: Normalizing state frequencies so that sum of them equals to 1
187  Q.plant+R2    49658.183    115 99546.367    99622.378    100023.194
WARNING: Normalizing state frequencies so that sum of them equals to 1
188  Q.plant+R3    49280.959    117 98795.918    98875.036    99281.039
WARNING: Normalizing state frequencies so that sum of them equals to 1
189  Q.plant+R4    49228.011    119 98694.023    98776.328    99187.436
WARNING: Normalizing state frequencies so that sum of them equals to 1
190  Q.plant+R5    49209.441    121 98660.882    98746.458    99162.587
WARNING: Normalizing state frequencies so that sum of them equals to 1
191  Q.plant+R6    49164.622    123 98575.245    98664.178    99085.243
WARNING: Normalizing state frequencies so that sum of them equals to 1
192  Q.plant+R7    49164.490    125 98578.980    98671.355    99097.271
WARNING: Normalizing state frequencies so that sum of them equals to 1
196  Q.plant+F     50837.046    132 101938.092   102043.218   102485.408
WARNING: Normalizing state frequencies so that sum of them equals to 1
197  Q.plant+F+I   50541.817    133 101349.634   101456.673   101901.096
WARNING: Normalizing state frequencies so that sum of them equals to 1
198  Q.plant+F+G4  49051.363    133 98368.726    98475.765    98920.187
WARNING: Normalizing state frequencies so that sum of them equals to 1
199  Q.plant+F+I+G4 49010.566    134 98289.132    98398.108    98844.740
WARNING: Normalizing state frequencies so that sum of them equals to 1
200  Q.plant+F+R2  49376.534    134 99021.067    99130.043    99576.675
WARNING: Normalizing state frequencies so that sum of them equals to 1
201  Q.plant+F+R3  49030.760    136 98333.520    98446.441    98897.420
WARNING: Normalizing state frequencies so that sum of them equals to 1
202  Q.plant+F+R4  48973.834    138 98223.668    98340.631    98795.861
WARNING: Normalizing state frequencies so that sum of them equals to 1
203  Q.plant+F+R5  48963.996    140 98207.991    98329.096    98788.477
WARNING: Normalizing state frequencies so that sum of them equals to 1
204  Q.plant+F+R6  48920.444    142 98124.888    98250.234    98713.667
WARNING: Normalizing state frequencies so that sum of them equals to 1
WARNING: Log-likelihood -48929.6 of Q.plant+F+R7 worse than Q.plant+F+R6 -48920.4
205  Q.plant+F+R7  48929.573    144 98147.146    98276.836    98744.217
WARNING: Normalizing state frequencies so that sum of them equals to 1
209  Q.yeast       50980.980    113 102187.959   102260.945   102656.495
WARNING: Normalizing state frequencies so that sum of them equals to 1
210  Q.yeast+I     50657.040    114 101542.080   101616.568   102014.761
WARNING: Normalizing state frequencies so that sum of them equals to 1
211  Q.yeast+G4    49334.235    114 98896.471    98970.959    99369.152
WARNING: Normalizing state frequencies so that sum of them equals to 1
212  Q.yeast+I+G4  49285.059    115 98800.117    98876.129    99276.945
WARNING: Normalizing state frequencies so that sum of them equals to 1
213  Q.yeast+R2    49636.948    115 99503.896    99579.907    99980.724
WARNING: Normalizing state frequencies so that sum of them equals to 1
214  Q.yeast+R3    49290.234    117 98814.468    98893.585    99299.588
WARNING: Normalizing state frequencies so that sum of them equals to 1
215  Q.yeast+R4    49246.831    119 98731.662    98813.968    99225.075
WARNING: Normalizing state frequencies so that sum of them equals to 1
216  Q.yeast+R5    49199.280    121 98640.560    98726.137    99142.266
WARNING: Normalizing state frequencies so that sum of them equals to 1
217  Q.yeast+R6    49179.458    123 98604.917    98693.850    99114.915
WARNING: Normalizing state frequencies so that sum of them equals to 1
218  Q.yeast+R7    49179.460    125 98608.920    98701.296    99127.211
WARNING: Normalizing state frequencies so that sum of them equals to 1
222  Q.yeast+F     50271.517    132 100807.034   100912.159   101354.349
WARNING: Normalizing state frequencies so that sum of them equals to 1
223  Q.yeast+F+I   49979.078    133 100224.155   100331.194   100775.617
WARNING: Normalizing state frequencies so that sum of them equals to 1
224  Q.yeast+F+G4  48660.429    133 97586.857    97693.896    98138.319
WARNING: Normalizing state frequencies so that sum of them equals to 1
225  Q.yeast+F+I+G4 48615.138    134 97498.275    97607.251    98053.883
WARNING: Normalizing state frequencies so that sum of them equals to 1
226  Q.yeast+F+R2  48928.408    134 98124.817    98233.793    98680.425
WARNING: Normalizing state frequencies so that sum of them equals to 1
227  Q.yeast+F+R3  48616.782    136 97505.564    97618.485    98069.465
WARNING: Normalizing state frequencies so that sum of them equals to 1
228  Q.yeast+F+R4  48575.973    138 97427.947    97544.910    98000.140
WARNING: Normalizing state frequencies so that sum of them equals to 1
229  Q.yeast+F+R5  48569.839    140 97419.678    97540.782    98000.164
235  JTTDCMut      50720.856    113 101667.711   101740.697   102136.246
236  JTTDCMut+I    50461.472    114 101150.943   101225.432   101623.625
237  JTTDCMut+G4   49376.563    114 98981.126    99055.615    99453.807
238  JTTDCMut+I+G4 49333.180    115 98896.360    98972.372    99373.188
239  JTTDCMut+R2   49597.202    115 99424.405    99500.416    99901.233
240  JTTDCMut+R3   49299.408    117 98832.817    98911.934    99317.937
241  JTTDCMut+R4   49269.981    119 98777.962    98860.268    99271.375
242  JTTDCMut+R5   49257.511    121 98757.021    98842.598    99258.727
243  JTTDCMut+R6   49224.115    123 98694.230    98783.163    99204.229
244  JTTDCMut+R7   49224.187    125 98698.374    98790.750    99216.666
248  JTTDCMut+F    50379.505    132 101023.010   101128.135   101570.325
249  JTTDCMut+F+I  50132.082    133 100530.164   100637.203   101081.626
250  JTTDCMut+F+G4 49038.217    133 98342.433    98449.472    98893.895
251  JTTDCMut+F+I+G4 48997.022    134 98262.043    98371.019    98817.652
252  JTTDCMut+F+R2 49251.128    134 98770.257    98879.233    99325.865
253  JTTDCMut+F+R3 48968.785    136 98209.571    98322.492    98773.472
254  JTTDCMut+F+R4 48942.901    138 98161.801    98278.765    98733.995
255  JTTDCMut+F+R5 48936.434    140 98152.868    98273.972    98733.354
256  JTTDCMut+F+R6 48901.929    142 98087.857    98213.203    98676.636
257  JTTDCMut+F+R7 48902.156    144 98092.312    98222.002    98689.384
261  DCMut         51220.227    113 102666.454   102739.440   103134.990
262  DCMut+I       50972.736    114 102173.473   102247.961   102646.154
263  DCMut+G4      49813.033    114 99854.067    99928.556    100326.748
264  DCMut+I+G4    49773.326    115 99776.652    99852.663    100253.480
265  DCMut+R2      50068.077    115 100366.154   100442.166   100842.982
266  DCMut+R3      49779.589    117 99793.178    99872.295    100278.299
267  DCMut+R4      49720.503    119 99679.005    99761.311    100172.419
268  DCMut+R5      49702.245    121 99646.490    99732.066    100148.196
269  DCMut+R6      49671.329    123 99588.657    99677.590    100098.656
270  DCMut+R7      49670.653    125 99591.306    99683.681    100109.597
274  DCMut+F       50493.557    132 101251.115   101356.241   101798.430
275  DCMut+F+I     50263.532    133 100793.063   100900.102   101344.525
276  DCMut+F+G4    49170.365    133 98606.729    98713.768    99158.191
277  DCMut+F+I+G4  49133.036    134 98534.072    98643.048    99089.681
278  DCMut+F+R2    49387.581    134 99043.162    99152.138    99598.770
279  DCMut+F+R3    49123.272    136 98518.545    98631.466    99082.446
280  DCMut+F+R4    49081.666    138 98439.333    98556.296    99011.526
281  DCMut+F+R5    49071.195    140 98422.389    98543.493    99002.875
282  DCMut+F+R6    49041.275    142 98366.551    98491.896    98955.329
283  DCMut+F+R7    49041.606    144 98371.211    98500.901    98968.283
287  VT            50125.713    113 100477.426   100550.411   100945.961
288  VT+I          49895.164    114 100018.328   100092.816   100491.009
289  VT+G4         49045.365    114 98318.730    98393.219    98791.412
290  VT+I+G4       49000.855    115 98231.710    98307.721    98708.538
291  VT+R2         49191.578    115 98613.156    98689.167    99089.984
292  VT+R3         48952.669    117 98139.337    98218.455    98624.458
293  VT+R4         48912.593    119 98063.187    98145.492    98556.600
294  VT+R5         48898.920    121 98039.841    98125.417    98541.546
295  VT+R6         48894.301    123 98034.602    98123.535    98544.601
300  VT+F          49809.577    132 99883.154    99988.280    100430.470
301  VT+F+I        49593.734    133 99453.469    99560.508    100004.930
302  VT+F+G4       48744.700    133 97755.400    97862.439    98306.862
303  VT+F+I+G4     48702.309    134 97672.618    97781.594    98228.226
304  VT+F+R2       48881.945    134 98031.890    98140.866    98587.498
305  VT+F+R3       48657.207    136 97586.414    97699.335    98150.315
306  VT+F+R4       48618.465    138 97512.930    97629.893    98085.123
307  VT+F+R5       48609.998    140 97499.995    97621.099    98080.481
308  VT+F+R6       48605.807    142 97495.615    97620.960    98084.393
313  PMB           49913.659    113 100053.318   100126.304   100521.854
314  PMB+I         49727.375    114 99682.751    99757.239    100155.432
315  PMB+G4        48954.754    114 98137.507    98211.996    98610.189
316  PMB+I+G4      48915.572    115 98061.144    98137.156    98537.972
317  PMB+R2        49080.487    115 98390.974    98466.985    98867.801
318  PMB+R3        48872.385    117 97978.770    98057.887    98463.890
319  PMB+R4        48841.584    119 97921.169    98003.474    98414.582
320  PMB+R5        48833.333    121 97908.666    97994.243    98410.372
321  PMB+R6        48828.038    123 97902.076    97991.009    98412.075
326  PMB+F         49851.394    132 99966.788    100071.913   100514.103
327  PMB+F+I       49667.064    133 99600.127    99707.167    100151.589
328  PMB+F+G4      48856.651    133 97979.303    98086.342    98530.765
329  PMB+F+I+G4    48818.461    134 97904.921    98013.897    98460.529
330  PMB+F+R2      48983.210    134 98234.420    98343.395    98790.028
331  PMB+F+R3      48780.402    136 97832.804    97945.726    98396.705
332  PMB+F+R4      48750.162    138 97776.323    97893.287    98348.517
333  PMB+F+R5      48744.063    140 97768.125    97889.230    98348.612
339  Blosum62      50051.414    113 100328.828   100401.814   100797.364
340  Blosum62+I    49850.120    114 99928.239    100002.728   100400.921
341  Blosum62+G4   49055.233    114 98338.467    98412.955    98811.148
342  Blosum62+I+G4 49012.960    115 98255.920    98331.931    98732.748
343  Blosum62+R2   49187.667    115 98605.335    98681.346    99082.163
344  Blosum62+R3   48969.502    117 98173.005    98252.122    98658.125
345  Blosum62+R4   48957.855    119 98153.710    98236.016    98647.123
346  Blosum62+R5   48924.723    121 98091.447    98177.023    98593.152
347  Blosum62+R6   48921.636    123 98089.272    98178.205    98599.270
352  Blosum62+F    49859.195    132 99982.390    100087.516   100529.705
353  Blosum62+F+I  49660.299    133 99586.599    99693.638    100138.060
354  Blosum62+F+G4 48843.713    133 97953.425    98060.464    98504.887
355  Blosum62+F+I+G4 48802.318    134 97872.635    97981.611    98428.243
356  Blosum62+F+R2 48974.272    134 98216.545    98325.521    98772.153
357  Blosum62+F+R3 48761.739    136 97795.478    97908.399    98359.379
358  Blosum62+F+R4 48751.666    138 97779.332    97896.295    98351.525
359  Blosum62+F+R5 48720.315    140 97720.630    97841.734    98301.116
360  Blosum62+F+R6 48716.530    142 97717.059    97842.405    98305.838
365  Dayhoff       51224.341    113 102674.682   102747.668   103143.217
366  Dayhoff+I     50976.814    114 102181.627   102256.116   102654.309
367  Dayhoff+G4    49813.298    114 99854.596    99929.085    100327.278
368  Dayhoff+I+G4  49773.635    115 99777.270    99853.281    100254.098
369  Dayhoff+R2    50069.053    115 100368.107   100444.118   100844.935
370  Dayhoff+R3    49780.248    117 99794.495    99873.613    100279.616
371  Dayhoff+R4    49720.949    119 99679.898    99762.203    100173.311
372  Dayhoff+R5    49702.568    121 99647.135    99732.712    100148.841
373  Dayhoff+R6    49671.700    123 99589.400    99678.333    100099.398
374  Dayhoff+R7    49671.010    125 99592.019    99684.394    100110.310
378  Dayhoff+F     50495.363    132 101254.726   101359.852   101802.041
379  Dayhoff+F+I   50265.377    133 100796.755   100903.794   101348.216
380  Dayhoff+F+G4  49169.314    133 98604.628    98711.667    99156.090
381  Dayhoff+F+I+G4 49132.086    134 98532.172    98641.148    99087.780
382  Dayhoff+F+R2  49387.047    134 99042.094    99151.070    99597.703
383  Dayhoff+F+R3  49122.671    136 98517.341    98630.262    99081.242
384  Dayhoff+F+R4  49080.790    138 98437.579    98554.543    99009.773
385  Dayhoff+F+R5  49070.201    140 98420.403    98541.507    99000.889
386  Dayhoff+F+R6  49040.364    142 98364.729    98490.074    98953.507
387  Dayhoff+F+R7  49040.689    144 98369.378    98499.067    98966.449
391  mtREV         52990.755    113 106207.510   106280.496   106676.045
392  mtREV+I       52754.975    114 105737.950   105812.438   106210.631
393  mtREV+G4      50984.883    114 102197.767   102272.256   102670.448
394  mtREV+I+G4    50961.048    115 102152.097   102228.108   102628.925
395  mtREV+R2      51374.617    115 102979.233   103055.245   103456.061
396  mtREV+R3      51027.626    117 102289.252   102368.369   102774.372
397  mtREV+R4      50926.872    119 102091.744   102174.050   102585.158
398  mtREV+R5      50897.570    121 102037.140   102122.717   102538.846
399  mtREV+R6      50875.802    123 101997.605   102086.538   102507.603
400  mtREV+R7      50873.314    125 101996.627   102089.003   102514.918
404  mtREV+F       51104.564    132 102473.128   102578.254   103020.444
405  mtREV+F+I     50860.228    133 101986.456   102093.495   102537.918
406  mtREV+F+G4    49378.842    133 99023.683    99130.722    99575.145
407  mtREV+F+I+G4  49349.936    134 98967.872    99076.847    99523.480
408  mtREV+F+R2    49705.329    134 99678.658    99787.634    100234.266
409  mtREV+F+R3    49375.328    136 99022.656    99135.577    99586.557
410  mtREV+F+R4    49305.925    138 98887.850    99004.813    99460.043
411  mtREV+F+R5    49286.322    140 98852.643    98973.748    99433.130
412  mtREV+F+R6    49260.509    142 98805.019    98930.364    99393.797
413  mtREV+F+R7    49257.597    144 98803.193    98932.883    99400.265
417  mtART         53958.351    113 108142.701   108215.687   108611.237
418  mtART+I       53709.451    114 107646.903   107721.391   108119.584
419  mtART+G4      51306.007    114 102840.015   102914.504   103312.697
420  mtART+I+G4    51278.065    115 102786.131   102862.142   103262.959
421  mtART+R2      51708.288    115 103646.576   103722.588   104123.404
422  mtART+R3      51362.402    117 102958.804   103037.921   103443.924
423  mtART+R4      51245.886    119 102729.772   102812.077   103223.185
424  mtART+R5      51182.531    121 102607.062   102692.639   103108.768
425  mtART+R6      51161.344    123 102568.689   102657.622   103078.687
WARNING: Log-likelihood -51162.9 of mtART+R7 worse than mtART+R6 -51161.3
426  mtART+R7      51162.885    125 102575.770   102668.145   103094.061
430  mtART+F       51976.393    132 104216.786   104321.912   104764.101
431  mtART+F+I     51723.241    133 103712.483   103819.522   104263.944
432  mtART+F+G4    49609.524    133 99485.048    99592.087    100036.510
433  mtART+F+I+G4  49592.544    134 99453.087    99562.063    100008.695
434  mtART+F+R2    50058.453    134 100384.905   100493.881   100940.514
435  mtART+F+R3    49706.705    136 99685.411    99798.332    100249.311
436  mtART+F+R4    49566.281    138 99408.563    99525.526    99980.756
437  mtART+F+R5    49527.268    140 99334.535    99455.640    99915.022
438  mtART+F+R6    49513.611    142 99311.221    99436.567    99900.000
439  mtART+F+R7    49513.493    144 99314.985    99444.675    99912.057
443  mtZOA         52425.527    113 105077.054   105150.040   105545.589
444  mtZOA+I       52149.778    114 104527.557   104602.046   105000.238
445  mtZOA+G4      50029.339    114 100286.679   100361.167   100759.360
446  mtZOA+I+G4    50006.851    115 100243.703   100319.714   100720.531
447  mtZOA+R2      50393.606    115 101017.211   101093.223   101494.039
448  mtZOA+R3      50059.619    117 100353.239   100432.356   100838.359
449  mtZOA+R4      49971.451    119 100180.902   100263.208   100674.315
450  mtZOA+R5      49941.535    121 100125.069   100210.646   100626.775
451  mtZOA+R6      49917.259    123 100080.517   100169.450   100590.516
452  mtZOA+R7      49908.297    125 100066.595   100158.970   100584.886
453  mtZOA+R8      49908.389    127 100070.777   100166.683   100597.361
456  mtZOA+F       51164.155    132 102592.309   102697.435   103139.625
457  mtZOA+F+I     50899.386    133 102064.772   102171.811   102616.234
458  mtZOA+F+G4    49073.312    133 98412.623    98519.662    98964.085
459  mtZOA+F+I+G4  49051.183    134 98370.365    98479.341    98925.973
460  mtZOA+F+R2    49470.342    134 99208.685    99317.661    99764.293
461  mtZOA+F+R3    49131.036    136 98534.071    98646.993    99097.972
462  mtZOA+F+R4    49022.814    138 98321.628    98438.591    98893.821
463  mtZOA+F+R5    49000.786    140 98281.573    98402.677    98862.059
464  mtZOA+F+R6    48976.583    142 98237.166    98362.512    98825.945
465  mtZOA+F+R7    48971.786    144 98231.571    98361.261    98828.643
469  mtMet         53286.771    113 106799.542   106872.528   107268.077
470  mtMet+I       53018.711    114 106265.422   106339.910   106738.103
471  mtMet+G4      51040.284    114 102308.567   102383.056   102781.249
472  mtMet+I+G4    51013.229    115 102256.457   102332.469   102733.285
473  mtMet+R2      51413.376    115 103056.752   103132.763   103533.580
474  mtMet+R3      51077.120    117 102388.241   102467.358   102873.361
475  mtMet+R4      50987.268    119 102212.537   102294.842   102705.950
476  mtMet+R5      50961.763    121 102165.526   102251.103   102667.232
477  mtMet+R6      50938.395    123 102122.790   102211.723   102632.789
478  mtMet+R7      50931.018    125 102112.036   102204.412   102630.328
479  mtMet+R8      50931.190    127 102116.381   102212.286   102642.964
482  mtMet+F       51196.744    132 102657.488   102762.614   103204.803
483  mtMet+F+I     50915.055    133 102096.110   102203.149   102647.572
484  mtMet+F+G4    49237.848    133 98741.697    98848.736    99293.158
485  mtMet+F+I+G4  49208.429    134 98684.857    98793.833    99240.465
486  mtMet+F+R2    49601.577    134 99471.154    99580.130    100026.762
487  mtMet+F+R3    49247.839    136 98767.677    98880.599    99331.578
488  mtMet+F+R4    49172.142    138 98620.284    98737.248    99192.478
489  mtMet+F+R5    49156.465    140 98592.931    98714.035    99173.417
490  mtMet+F+R6    49130.248    142 98544.496    98669.842    99133.275
WARNING: Log-likelihood -49131.9 of mtMet+F+R7 worse than mtMet+F+R6 -49130.2
491  mtMet+F+R7    49131.936    144 98551.871    98681.561    99148.943
495  mtVer         53877.677    113 107981.354   108054.339   108449.889
496  mtVer+I       53580.459    114 107388.918   107463.406   107861.599
497  mtVer+G4      51413.172    114 103054.343   103128.832   103527.025
498  mtVer+I+G4    51379.409    115 102988.818   103064.829   103465.646
499  mtVer+R2      51842.430    115 103914.861   103990.872   104391.688
500  mtVer+R3      51460.456    117 103154.911   103234.029   103640.032
501  mtVer+R4      51353.852    119 102945.705   103028.010   103439.118
502  mtVer+R5      51326.346    121 102894.692   102980.269   103396.398
503  mtVer+R6      51301.596    123 102849.191   102938.124   103359.190
504  mtVer+R7      51291.386    125 102832.772   102925.148   103351.064
505  mtVer+R8      51291.021    127 102836.043   102931.948   103362.627
508  mtVer+F       51944.753    132 104153.507   104258.633   104700.822
509  mtVer+F+I     51623.814    133 103513.627   103620.666   104065.089
510  mtVer+F+G4    49800.342    133 99866.685    99973.724    100418.146
511  mtVer+F+I+G4  49766.877    134 99801.754    99910.730    100357.362
512  mtVer+F+R2    50222.222    134 100712.444   100821.420   101268.052
513  mtVer+F+R3    49840.881    136 99953.761    100066.682   100517.662
514  mtVer+F+R4    49730.678    138 99737.357    99854.320    100309.550
515  mtVer+F+R5    49713.476    140 99706.952    99828.056    100287.438
516  mtVer+F+R6    49679.492    142 99642.984    99768.330    100231.763
WARNING: Log-likelihood -49685.9 of mtVer+F+R7 worse than mtVer+F+R6 -49679.5
517  mtVer+F+R7    49685.894    144 99659.788    99789.477    100256.859
521  mtInv         53370.777    113 106967.553   107040.539   107436.088
522  mtInv+I       53118.626    114 106465.252   106539.740   106937.933
523  mtInv+G4      51366.090    114 102960.180   103034.668   103432.861
524  mtInv+I+G4    51335.970    115 102901.940   102977.952   103378.768
525  mtInv+R2      51703.081    115 103636.162   103712.173   104112.989
526  mtInv+R3      51388.977    117 103011.954   103091.071   103497.074
527  mtInv+R4      51312.430    119 102862.861   102945.166   103356.274
528  mtInv+R5      51294.282    121 102830.565   102916.141   103332.270
529  mtInv+R6      51268.718    123 102783.435   102872.368   103293.434
530  mtInv+R7      51265.578    125 102781.157   102873.532   103299.448
534  mtInv+F       50683.255    132 101630.511   101735.637   102177.826
535  mtInv+F+I     50422.169    133 101110.338   101217.377   101661.799
536  mtInv+F+G4    48929.082    133 98124.163    98231.202    98675.625
537  mtInv+F+I+G4  48896.672    134 98061.344    98170.320    98616.952
538  mtInv+F+R2    49243.851    134 98755.701    98864.677    99311.309
539  mtInv+F+R3    48920.648    136 98113.296    98226.218    98677.197
540  mtInv+F+R4    48861.637    138 97999.273    98116.237    98571.467
541  mtInv+F+R5    48849.245    140 97978.490    98099.594    98558.976
542  mtInv+F+R6    48821.175    142 97926.351    98051.697    98515.130
543  mtInv+F+R7    48819.095    144 97926.190    98055.880    98523.262
547  mtMAM         54667.260    113 109560.519   109633.505   110029.054
548  mtMAM+I       54380.706    114 108989.412   109063.901   109462.094
549  mtMAM+G4      51790.739    114 103809.478   103883.967   104282.159
550  mtMAM+I+G4    51752.810    115 103735.619   103811.631   104212.447
551  mtMAM+R2      52313.537    115 104857.073   104933.085   105333.901
552  mtMAM+R3      51897.598    117 104029.196   104108.313   104514.316
553  mtMAM+R4      51742.451    119 103722.902   103805.208   104216.315
554  mtMAM+R5      51703.521    121 103649.041   103734.618   104150.747
555  mtMAM+R6      51683.066    123 103612.131   103701.064   104122.130
556  mtMAM+R7      51683.365    125 103616.730   103709.105   104135.021
560  mtMAM+F       52657.983    132 105579.966   105685.091   106127.281
561  mtMAM+F+I     52353.156    133 104972.311   105079.350   105523.773
562  mtMAM+F+G4    50223.166    133 100712.332   100819.371   101263.794
563  mtMAM+F+I+G4  50194.553    134 100657.106   100766.082   101212.714
564  mtMAM+F+R2    50756.986    134 101781.973   101890.948   102337.581
565  mtMAM+F+R3    50336.882    136 100945.764   101058.686   101509.665
566  mtMAM+F+R4    50169.539    138 100615.079   100732.042   101187.272
567  mtMAM+F+R5    50144.065    140 100568.130   100689.234   101148.616
568  mtMAM+F+R6    50121.166    142 100526.331   100651.677   101115.110
569  mtMAM+F+R7    50121.067    144 100530.133   100659.823   101127.205
WARNING: Normalizing state frequencies so that sum of them equals to 1
573  FLAVI         52757.938    113 105741.877   105814.862   106210.412
WARNING: Normalizing state frequencies so that sum of them equals to 1
574  FLAVI+I       52491.103    114 105210.206   105284.694   105682.887
WARNING: Normalizing state frequencies so that sum of them equals to 1
575  FLAVI+G4      50770.491    114 101768.983   101843.471   102241.664
WARNING: Normalizing state frequencies so that sum of them equals to 1
576  FLAVI+I+G4    50744.112    115 101718.225   101794.236   102195.053
WARNING: Normalizing state frequencies so that sum of them equals to 1
577  FLAVI+R2      51151.342    115 102532.684   102608.695   103009.512
WARNING: Normalizing state frequencies so that sum of them equals to 1
578  FLAVI+R3      50776.443    117 101786.886   101866.003   102272.006
WARNING: Normalizing state frequencies so that sum of them equals to 1
579  FLAVI+R4      50695.461    119 101628.921   101711.226   102122.334
WARNING: Normalizing state frequencies so that sum of them equals to 1
580  FLAVI+R5      50668.373    121 101578.746   101664.323   102080.452
WARNING: Normalizing state frequencies so that sum of them equals to 1
581  FLAVI+R6      50650.015    123 101546.030   101634.963   102056.028
WARNING: Normalizing state frequencies so that sum of them equals to 1
582  FLAVI+R7      50646.247    125 101542.494   101634.869   102060.785
WARNING: Normalizing state frequencies so that sum of them equals to 1
586  FLAVI+F       52541.492    132 105346.983   105452.109   105894.299
WARNING: Normalizing state frequencies so that sum of them equals to 1
587  FLAVI+F+I     52262.692    133 104791.384   104898.423   105342.846
WARNING: Normalizing state frequencies so that sum of them equals to 1
588  FLAVI+F+G4    50527.211    133 101320.423   101427.462   101871.884
WARNING: Normalizing state frequencies so that sum of them equals to 1
589  FLAVI+F+I+G4  50496.461    134 101260.921   101369.897   101816.530
WARNING: Normalizing state frequencies so that sum of them equals to 1
590  FLAVI+F+R2    50915.583    134 102099.166   102208.142   102654.774
WARNING: Normalizing state frequencies so that sum of them equals to 1
591  FLAVI+F+R3    50548.440    136 101368.879   101481.800   101932.780
WARNING: Normalizing state frequencies so that sum of them equals to 1
592  FLAVI+F+R4    50460.206    138 101196.411   101313.375   101768.605
WARNING: Normalizing state frequencies so that sum of them equals to 1
593  FLAVI+F+R5    50431.070    140 101142.140   101263.244   101722.626
WARNING: Normalizing state frequencies so that sum of them equals to 1
594  FLAVI+F+R6    50403.105    142 101090.210   101215.556   101678.989
WARNING: Normalizing state frequencies so that sum of them equals to 1
595  FLAVI+F+R7    50402.835    144 101093.670   101223.360   101690.742
599  HIVb          51752.275    113 103730.550   103803.536   104199.085
600  HIVb+I        51444.779    114 103117.558   103192.047   103590.240
601  HIVb+G4       50117.913    114 100463.826   100538.314   100936.507
602  HIVb+I+G4     50069.866    115 100369.732   100445.743   100846.560
603  HIVb+R2       50413.714    115 101057.428   101133.439   101534.256
604  HIVb+R3       50057.917    117 100349.835   100428.952   100834.955
605  HIVb+R4       50011.369    119 100260.737   100343.043   100754.151
606  HIVb+R5       49990.616    121 100223.232   100308.809   100724.938
607  HIVb+R6       49949.120    123 100144.240   100233.173   100654.239
WARNING: Log-likelihood -49952.6 of HIVb+R7 worse than HIVb+R6 -49949.1
608  HIVb+R7       49952.596    125 100155.192   100247.568   100673.484
612  HIVb+F        51385.229    132 103034.458   103139.584   103581.774
613  HIVb+F+I      51098.966    133 102463.932   102570.971   103015.394
614  HIVb+F+G4     49702.310    133 99670.621    99777.660    100222.082
615  HIVb+F+I+G4   49659.294    134 99586.589    99695.565    100142.197
616  HIVb+F+R2     50006.551    134 100281.101   100390.077   100836.709
617  HIVb+F+R3     49667.008    136 99606.017    99718.938    100169.918
618  HIVb+F+R4     49608.573    138 99493.147    99610.110    100065.340
619  HIVb+F+R5     49588.278    140 99456.557    99577.661    100037.043
620  HIVb+F+R6     49552.053    142 99388.105    99513.451    99976.884
WARNING: Log-likelihood -49556.1 of HIVb+F+R7 worse than HIVb+F+R6 -49552.1
621  HIVb+F+R7     49556.116    144 99400.232    99529.922    99997.304
625  HIVw          54145.873    113 108517.747   108590.732   108986.282
626  HIVw+I        53807.376    114 107842.752   107917.241   108315.434
627  HIVw+G4       52501.756    114 105231.512   105306.000   105704.193
628  HIVw+I+G4     52447.160    115 105124.320   105200.331   105601.148
629  HIVw+R2       52843.745    115 105917.490   105993.501   106394.318
630  HIVw+R3       52481.762    117 105197.523   105276.641   105682.644
631  HIVw+R4       52403.740    119 105045.480   105127.785   105538.893
632  HIVw+R5       52366.799    121 104975.598   105061.174   105477.304
633  HIVw+R6       52349.159    123 104944.318   105033.251   105454.317
WARNING: Log-likelihood -52352.6 of HIVw+R7 worse than HIVw+R6 -52349.2
634  HIVw+R7       52352.557    125 104955.115   105047.490   105473.406
638  HIVw+F        52674.384    132 105612.768   105717.894   106160.083
639  HIVw+F+I      52334.463    133 104934.926   105041.965   105486.387
640  HIVw+F+G4     51010.396    133 102286.793   102393.832   102838.255
641  HIVw+F+I+G4   50954.650    134 102177.299   102286.275   102732.907
642  HIVw+F+R2     51314.741    134 102897.483   103006.459   103453.091
643  HIVw+F+R3     50979.884    136 102231.768   102344.689   102795.669
644  HIVw+F+R4     50919.274    138 102114.548   102231.511   102686.741
645  HIVw+F+R5     50895.866    140 102071.732   102192.837   102652.218
646  HIVw+F+R6     50847.419    142 101978.838   102104.184   102567.617
WARNING: Log-likelihood -50854.2 of HIVw+F+R7 worse than HIVw+F+R6 -50847.4
647  HIVw+F+R7     50854.168    144 101996.336   102126.026   102593.408
651  FLU           51701.755    113 103629.511   103702.497   104098.046
652  FLU+I         51417.977    114 103063.953   103138.442   103536.635
653  FLU+G4        50197.098    114 100622.197   100696.686   101094.878
654  FLU+I+G4      50155.000    115 100540.000   100616.012   101016.828
655  FLU+R2        50454.583    115 101139.167   101215.178   101615.994
656  FLU+R3        50138.503    117 100511.007   100590.124   100996.127
657  FLU+R4        50100.514    119 100439.028   100521.334   100932.442
658  FLU+R5        50078.846    121 100399.693   100485.269   100901.398
659  FLU+R6        50048.490    123 100342.979   100431.912   100852.978
660  FLU+R7        50048.490    125 100346.979   100439.355   100865.271
664  FLU+F         51022.236    132 102308.473   102413.598   102855.788
665  FLU+F+I       50744.693    133 101755.387   101862.426   102306.848
666  FLU+F+G4      49466.818    133 99199.636    99306.675    99751.098
667  FLU+F+I+G4    49427.930    134 99123.860    99232.836    99679.468
668  FLU+F+R2      49707.631    134 99683.262    99792.238    100238.870
669  FLU+F+R3      49419.202    136 99110.403    99223.324    99674.304
670  FLU+F+R4      49375.071    138 99026.142    99143.105    99598.335
671  FLU+F+R5      49359.080    140 98998.159    99119.264    99578.646
672  FLU+F+R6      49333.497    142 98950.995    99076.340    99539.773
WARNING: Log-likelihood -49344.5 of FLU+F+R7 worse than FLU+F+R6 -49333.5
673  FLU+F+R7      49344.544    144 98977.089    99106.778    99574.160
677  rtREV         50793.319    113 101812.637   101885.623   102281.172
678  rtREV+I       50558.936    114 101345.872   101420.360   101818.553
679  rtREV+G4      49407.507    114 99043.015    99117.503    99515.696
680  rtREV+I+G4    49372.341    115 98974.681    99050.692    99451.509
681  rtREV+R2      49655.918    115 99541.836    99617.847    100018.664
682  rtREV+R3      49344.456    117 98922.912    99002.029    99408.032
683  rtREV+R4      49316.056    119 98870.112    98952.417    99363.525
684  rtREV+R5      49304.738    121 98851.476    98937.052    99353.181
685  rtREV+R6      49271.858    123 98789.715    98878.648    99299.714
686  rtREV+R7      49271.643    125 98793.287    98885.662    99311.578
690  rtREV+F       50227.052    132 100718.104   100823.230   101265.420
691  rtREV+F+I     49991.561    133 100249.122   100356.161   100800.584
692  rtREV+F+G4    48773.110    133 97812.219    97919.258    98363.681
693  rtREV+F+I+G4  48736.628    134 97741.255    97850.231    98296.863
694  rtREV+F+R2    49004.462    134 98276.924    98385.900    98832.532
695  rtREV+F+R3    48715.161    136 97702.323    97815.244    98266.224
696  rtREV+F+R4    48689.313    138 97654.626    97771.589    98226.819
697  rtREV+F+R5    48654.555    140 97589.110    97710.215    98169.596
698  rtREV+F+R6    48649.277    142 97582.554    97707.900    98171.333
703  cpREV         50276.514    113 100779.028   100852.014   101247.563
704  cpREV+I       50125.056    114 100478.113   100552.602   100950.794
705  cpREV+G4      49136.961    114 98501.922    98576.410    98974.603
706  cpREV+I+G4    49115.059    115 98460.118    98536.129    98936.946
707  cpREV+R2      49330.617    115 98891.235    98967.246    99368.063
708  cpREV+R3      49084.409    117 98402.817    98481.935    98887.938
709  cpREV+R4      49044.394    119 98326.788    98409.094    98820.202
710  cpREV+R5      49015.869    121 98273.739    98359.316    98775.445
711  cpREV+R6      49007.686    123 98261.371    98350.304    98771.370
712  cpREV+R7      49007.217    125 98264.434    98356.809    98782.725
716  cpREV+F       49937.956    132 100139.912   100245.037   100687.227
717  cpREV+F+I     49795.778    133 99857.556    99964.595    100409.017
718  cpREV+F+G4    48839.817    133 97945.633    98052.672    98497.095
719  cpREV+F+I+G4  48820.342    134 97908.685    98017.661    98464.293
720  cpREV+F+R2    49018.549    134 98305.097    98414.073    98860.705
721  cpREV+F+R3    48785.510    136 97843.020    97955.941    98406.921
722  cpREV+F+R4    48755.076    138 97786.151    97903.115    98358.345
723  cpREV+F+R5    48739.173    140 97758.346    97879.451    98338.832
724  cpREV+F+R6    48720.691    142 97725.381    97850.727    98314.160
725  cpREV+F+R7    48720.399    144 97728.797    97858.487    98325.869
Model C10 is alias for POISSON+G+FMIX{C10pi1:1:0.1191344178,C10pi2:1:0.0874372456,C10pi3:1:0.1037105070,C10pi4:1:0.0922584809,C10pi5:1:0.1070492801,C10pi6:1:0.1329945166,C10pi7:1:0.0538028458,C10pi8:1:0.0691986212,C10pi9:1:0.1319937434,C10pi10:1:0.1024203429}
729  C10           50261.163    114 100750.327   100824.816   101223.008
Model C20 is alias for POISSON+G+FMIX{C20pi1:1:0.0559910600,C20pi2:1:0.0514824870,C20pi3:1:0.0812922124,C20pi4:1:0.0721976867,C20pi5:1:0.0556718858,C20pi6:1:0.0331003080,C20pi7:1:0.0589501763,C20pi8:1:0.0263756889,C20pi9:1:0.0307584220,C20pi10:1:0.0376701125,C20pi11:1:0.0303058290,C20pi12:1:0.0808775576,C20pi13:1:0.0263349134,C20pi14:1:0.0579101455,C20pi15:1:0.0371248064,C20pi16:1:0.0586867766,C20pi17:1:0.0561479138,C20pi18:1:0.0349810886,C20pi19:1:0.0544937394,C20pi20:1:0.0596471901}
730  C20           49834.208    114 99896.416    99970.905    100369.098
Model C30 is alias for POISSON+G+FMIX{C30pi1:1:0.0095783264,C30pi2:1:0.0248476365,C30pi3:1:0.0636309366,C30pi4:1:0.0537939225,C30pi5:1:0.0295885587,C30pi6:1:0.0117587936,C30pi7:1:0.0132013428,C30pi8:1:0.0236868805,C30pi9:1:0.0261687659,C30pi10:1:0.0239821974,C30pi11:1:0.0257100906,C30pi12:1:0.0465072425,C30pi13:1:0.0546794546,C30pi14:1:0.0536085131,C30pi15:1:0.0270622670,C30pi16:1:0.0403913593,C30pi17:1:0.0474212700,C30pi18:1:0.0458816478,C30pi19:1:0.0214036510,C30pi20:1:0.0290385981,C30pi21:1:0.0123391793,C30pi22:1:0.0569350229,C30pi23:1:0.0419687568,C30pi24:1:0.0339027062,C30pi25:1:0.0388777376,C30pi26:1:0.0196343766,C30pi27:1:0.0233086174,C30pi28:1:0.0622722654,C30pi29:1:0.0184803385,C30pi30:1:0.0203395454}
731  C30           49615.799    114 99459.598    99534.087    99932.280
Model C40 is alias for POISSON+G+FMIX{C40pi1:1:0.0223853788,C40pi2:1:0.0338891820,C40pi3:1:0.0577169375,C40pi4:1:0.0252416233,C40pi5:1:0.0108607921,C40pi6:1:0.0462373793,C40pi7:1:0.0102293175,C40pi8:1:0.0147523625,C40pi9:1:0.0143161352,C40pi10:1:0.0182302541,C40pi11:1:0.0204025079,C40pi12:1:0.0425505156,C40pi13:1:0.0248627269,C40pi14:1:0.0105892988,C40pi15:1:0.0188238725,C40pi16:1:0.0086663445,C40pi17:1:0.0148496147,C40pi18:1:0.0343037402,C40pi19:1:0.0225335203,C40pi20:1:0.0174068578,C40pi21:1:0.0112207827,C40pi22:1:0.0443532245,C40pi23:1:0.0392573370,C40pi24:1:0.0196756555,C40pi25:1:0.0287690328,C40pi26:1:0.0114441177,C40pi27:1:0.0112338740,C40pi28:1:0.0582694099,C40pi29:1:0.0444272279,C40pi30:1:0.0112010942,C40pi31:1:0.0145176111,C40pi32:1:0.0114629026,C40pi33:1:0.0239628061,C40pi34:1:0.0266266492,C40pi35:1:0.0481201159,C40pi36:1:0.0371147423,C40pi37:1:0.0160476688,C40pi38:1:0.0237249267,C40pi39:1:0.0235226203,C40pi40:1:0.0261998398}
732  C40           49507.585    114 99243.170    99317.658    99715.851
Model C50 is alias for POISSON+G+FMIX{C50pi1:1:0.0164297003,C50pi2:1:0.0273175755,C50pi3:1:0.0460247610,C50pi4:1:0.0084864734,C50pi5:1:0.0125389252,C50pi6:1:0.0343549036,C50pi7:1:0.0130241102,C50pi8:1:0.0094755681,C50pi9:1:0.0190040551,C50pi10:1:0.0151902354,C50pi11:1:0.0320534760,C50pi12:1:0.0210059850,C50pi13:1:0.0237408547,C50pi14:1:0.0239841203,C50pi15:1:0.0213748021,C50pi16:1:0.0210717705,C50pi17:1:0.0050241805,C50pi18:1:0.0166262276,C50pi19:1:0.0143945956,C50pi20:1:0.0104391130,C50pi21:1:0.0107628277,C50pi22:1:0.0148818171,C50pi23:1:0.0321480239,C50pi24:1:0.0145477978,C50pi25:1:0.0332355807,C50pi26:1:0.0143190281,C50pi27:1:0.0234478734,C50pi28:1:0.0183044983,C50pi29:1:0.0403269452,C50pi30:1:0.0135629530,C50pi31:1:0.0091880799,C50pi32:1:0.0158270022,C50pi33:1:0.0121019379,C50pi34:1:0.0353560982,C50pi35:1:0.0404495617,C50pi36:1:0.0104569232,C50pi37:1:0.0146187792,C50pi38:1:0.0093984095,C50pi39:1:0.0146773809,C50pi40:1:0.0201635562,C50pi41:1:0.0255640273,C50pi42:1:0.0039486842,C50pi43:1:0.0393652608,C50pi44:1:0.0056415419,C50pi45:1:0.0382833580,C50pi46:1:0.0039735086,C50pi47:1:0.0140269355,C50pi48:1:0.0476703673,C50pi49:1:0.0204062788,C50pi50:1:0.0117835304}
733  C50           49437.398    114 99102.797    99177.285    99575.478
Model C60 is alias for POISSON+G+FMIX{C60pi1:1:0.0169698865,C60pi2:1:0.0211683374,C60pi3:1:0.0276589079,C60pi4:1:0.0065675964,C60pi5:1:0.0141221416,C60pi6:1:0.0068774834,C60pi7:1:0.0146909701,C60pi8:1:0.0067225777,C60pi9:1:0.0018396660,C60pi10:1:0.0102547197,C60pi11:1:0.0230896163,C60pi12:1:0.0057941033,C60pi13:1:0.0125394534,C60pi14:1:0.0204526478,C60pi15:1:0.0070629602,C60pi16:1:0.0117982741,C60pi17:1:0.0068334668,C60pi18:1:0.0433775839,C60pi19:1:0.0318278731,C60pi20:1:0.0222546108,C60pi21:1:0.0102264969,C60pi22:1:0.0150545891,C60pi23:1:0.0134159878,C60pi24:1:0.0148552065,C60pi25:1:0.0239111516,C60pi26:1:0.0128776278,C60pi27:1:0.0222318842,C60pi28:1:0.0247444742,C60pi29:1:0.0214274810,C60pi30:1:0.0115001882,C60pi31:1:0.0076017389,C60pi32:1:0.0130258568,C60pi33:1:0.0093701965,C60pi34:1:0.0467194264,C60pi35:1:0.0441940314,C60pi36:1:0.0322263154,C60pi37:1:0.0402999891,C60pi38:1:0.0150234227,C60pi39:1:0.0104589903,C60pi40:1:0.0214742395,C60pi41:1:0.0154957836,C60pi42:1:0.0101789953,C60pi43:1:0.0227980379,C60pi44:1:0.0123204539,C60pi45:1:0.0066777583,C60pi46:1:0.0004150083,C60pi47:1:0.0344385130,C60pi48:1:0.0113663379,C60pi49:1:0.0127143049,C60pi50:1:0.0124323741,C60pi51:1:0.0262124415,C60pi52:1:0.0064994957,C60pi53:1:0.0103203293,C60pi54:1:0.0142463512,C60pi55:1:0.0215600067,C60pi56:1:0.0199150700,C60pi57:1:0.0038964200,C60pi58:1:0.0113448855,C60pi59:1:0.0128595846,C60pi60:1:0.0117656776}
WARNING: Your input class weight 0.000415008 is very small and may cause numerical issues
734  C60           49531.765    114 99291.531    99366.019    99764.212
Model EX2 is alias for MIX{BurEX2:0.672020808818762,ExpEX2:1.6413466609931}
WARNING: Normalizing state frequencies so that sum of them equals to 1
735  EX2           49646.992    114 99521.983    99596.472    99994.665
Model EX3 is alias for MIX{BurEX3:0.427672756793791,IntEX3:0.837595938019774,HExEX3:1.51863631431518}
WARNING: Normalizing state frequencies so that sum of them equals to 1
WARNING: Normalizing state frequencies so that sum of them equals to 1
736  EX3           49469.819    115 99169.639    99245.650    99646.467
Model EHO is alias for MIX{ExtEHO:0.720274356,HelEHO:0.976798797,OthEHO:0.783109376}
WARNING: Normalizing state frequencies so that sum of them equals to 1
WARNING: Normalizing state frequencies so that sum of them equals to 1
WARNING: Normalizing state frequencies so that sum of them equals to 1
737  EHO           50102.113    115 100434.226   100510.237   100911.054
Model UL2 is alias for MIX{M1_UL2:0.581348617,M2_UL2:1.465482789}
WARNING: Normalizing state frequencies so that sum of them equals to 1
738  UL2           49956.710    114 100141.420   100215.908   100614.101
Model UL3 is alias for MIX{Q1_UL3:0.484340397,Q2_UL3:0.492780514,Q3_UL3:1.15597274}
WARNING: Normalizing state frequencies so that sum of them equals to 1
WARNING: Normalizing state frequencies so that sum of them equals to 1
739  UL3           50198.759    115 100627.518   100703.529   101104.346
Model EX_EHO is alias for MIX{BUR_EXT:0.761816796788931,BUR_HEL:0.744425646802117,BUR_OTH:0.532457759429489,EXP_EXT:1.5639387472863,EXP_HEL:2.06403411829438,EXP_OTH:1.43336795177594}
WARNING: Normalizing state frequencies so that sum of them equals to 1
WARNING: Normalizing state frequencies so that sum of them equals to 1
WARNING: Normalizing state frequencies so that sum of them equals to 1
740  EX_EHO        49198.171    118 98632.343    98713.044    99121.609
Model LG4M is alias for MIX{LG4M1,LG4M2,LG4M3,LG4M4}*G4
741  LG4M          49133.119    114 98494.238    98568.726    98966.919
Model LG4X is alias for MIX{LG4X1,LG4X2,LG4X3,LG4X4}*R4
742  LG4X          48898.370    119 98034.740    98117.045    98528.153
Model CF4 is alias for POISSON+FMIX{Fclass1,Fclass2,Fclass3,Fclass4}+F+G
WARNING: Normalizing State frequencies so that sum of them equals to 1
WARNING: Normalizing State frequencies so that sum of them equals to 1
WARNING: Normalizing State frequencies so that sum of them equals to 1
WARNING: Normalizing State frequencies so that sum of them equals to 1
743  CF4           50725.593    137 101725.186   101840.116   102293.233
Model LG+C10 is alias for LG+POISSON+G+FMIX{C10pi1:1:0.1191344178,C10pi2:1:0.0874372456,C10pi3:1:0.1037105070,C10pi4:1:0.0922584809,C10pi5:1:0.1070492801,C10pi6:1:0.1329945166,C10pi7:1:0.0538028458,C10pi8:1:0.0691986212,C10pi9:1:0.1319937434,C10pi10:1:0.1024203429}
744  LG+C10        49903.859    114 100035.719   100110.207   100508.400
Model LG+C20 is alias for LG+POISSON+G+FMIX{C20pi1:1:0.0559910600,C20pi2:1:0.0514824870,C20pi3:1:0.0812922124,C20pi4:1:0.0721976867,C20pi5:1:0.0556718858,C20pi6:1:0.0331003080,C20pi7:1:0.0589501763,C20pi8:1:0.0263756889,C20pi9:1:0.0307584220,C20pi10:1:0.0376701125,C20pi11:1:0.0303058290,C20pi12:1:0.0808775576,C20pi13:1:0.0263349134,C20pi14:1:0.0579101455,C20pi15:1:0.0371248064,C20pi16:1:0.0586867766,C20pi17:1:0.0561479138,C20pi18:1:0.0349810886,C20pi19:1:0.0544937394,C20pi20:1:0.0596471901}
745  LG+C20        49492.462    114 99212.923    99287.412    99685.605
Model LG+C30 is alias for LG+POISSON+G+FMIX{C30pi1:1:0.0095783264,C30pi2:1:0.0248476365,C30pi3:1:0.0636309366,C30pi4:1:0.0537939225,C30pi5:1:0.0295885587,C30pi6:1:0.0117587936,C30pi7:1:0.0132013428,C30pi8:1:0.0236868805,C30pi9:1:0.0261687659,C30pi10:1:0.0239821974,C30pi11:1:0.0257100906,C30pi12:1:0.0465072425,C30pi13:1:0.0546794546,C30pi14:1:0.0536085131,C30pi15:1:0.0270622670,C30pi16:1:0.0403913593,C30pi17:1:0.0474212700,C30pi18:1:0.0458816478,C30pi19:1:0.0214036510,C30pi20:1:0.0290385981,C30pi21:1:0.0123391793,C30pi22:1:0.0569350229,C30pi23:1:0.0419687568,C30pi24:1:0.0339027062,C30pi25:1:0.0388777376,C30pi26:1:0.0196343766,C30pi27:1:0.0233086174,C30pi28:1:0.0622722654,C30pi29:1:0.0184803385,C30pi30:1:0.0203395454}
746  LG+C30        49391.352    114 99010.703    99085.192    99483.385
Model LG+C40 is alias for LG+POISSON+G+FMIX{C40pi1:1:0.0223853788,C40pi2:1:0.0338891820,C40pi3:1:0.0577169375,C40pi4:1:0.0252416233,C40pi5:1:0.0108607921,C40pi6:1:0.0462373793,C40pi7:1:0.0102293175,C40pi8:1:0.0147523625,C40pi9:1:0.0143161352,C40pi10:1:0.0182302541,C40pi11:1:0.0204025079,C40pi12:1:0.0425505156,C40pi13:1:0.0248627269,C40pi14:1:0.0105892988,C40pi15:1:0.0188238725,C40pi16:1:0.0086663445,C40pi17:1:0.0148496147,C40pi18:1:0.0343037402,C40pi19:1:0.0225335203,C40pi20:1:0.0174068578,C40pi21:1:0.0112207827,C40pi22:1:0.0443532245,C40pi23:1:0.0392573370,C40pi24:1:0.0196756555,C40pi25:1:0.0287690328,C40pi26:1:0.0114441177,C40pi27:1:0.0112338740,C40pi28:1:0.0582694099,C40pi29:1:0.0444272279,C40pi30:1:0.0112010942,C40pi31:1:0.0145176111,C40pi32:1:0.0114629026,C40pi33:1:0.0239628061,C40pi34:1:0.0266266492,C40pi35:1:0.0481201159,C40pi36:1:0.0371147423,C40pi37:1:0.0160476688,C40pi38:1:0.0237249267,C40pi39:1:0.0235226203,C40pi40:1:0.0261998398}
747  LG+C40        49289.681    114 98807.362    98881.851    99280.043
Model LG+C50 is alias for LG+POISSON+G+FMIX{C50pi1:1:0.0164297003,C50pi2:1:0.0273175755,C50pi3:1:0.0460247610,C50pi4:1:0.0084864734,C50pi5:1:0.0125389252,C50pi6:1:0.0343549036,C50pi7:1:0.0130241102,C50pi8:1:0.0094755681,C50pi9:1:0.0190040551,C50pi10:1:0.0151902354,C50pi11:1:0.0320534760,C50pi12:1:0.0210059850,C50pi13:1:0.0237408547,C50pi14:1:0.0239841203,C50pi15:1:0.0213748021,C50pi16:1:0.0210717705,C50pi17:1:0.0050241805,C50pi18:1:0.0166262276,C50pi19:1:0.0143945956,C50pi20:1:0.0104391130,C50pi21:1:0.0107628277,C50pi22:1:0.0148818171,C50pi23:1:0.0321480239,C50pi24:1:0.0145477978,C50pi25:1:0.0332355807,C50pi26:1:0.0143190281,C50pi27:1:0.0234478734,C50pi28:1:0.0183044983,C50pi29:1:0.0403269452,C50pi30:1:0.0135629530,C50pi31:1:0.0091880799,C50pi32:1:0.0158270022,C50pi33:1:0.0121019379,C50pi34:1:0.0353560982,C50pi35:1:0.0404495617,C50pi36:1:0.0104569232,C50pi37:1:0.0146187792,C50pi38:1:0.0093984095,C50pi39:1:0.0146773809,C50pi40:1:0.0201635562,C50pi41:1:0.0255640273,C50pi42:1:0.0039486842,C50pi43:1:0.0393652608,C50pi44:1:0.0056415419,C50pi45:1:0.0382833580,C50pi46:1:0.0039735086,C50pi47:1:0.0140269355,C50pi48:1:0.0476703673,C50pi49:1:0.0204062788,C50pi50:1:0.0117835304}
748  LG+C50        49202.261    114 98632.521    98707.010    99105.203
Model LG+C60 is alias for LG+POISSON+G+FMIX{C60pi1:1:0.0169698865,C60pi2:1:0.0211683374,C60pi3:1:0.0276589079,C60pi4:1:0.0065675964,C60pi5:1:0.0141221416,C60pi6:1:0.0068774834,C60pi7:1:0.0146909701,C60pi8:1:0.0067225777,C60pi9:1:0.0018396660,C60pi10:1:0.0102547197,C60pi11:1:0.0230896163,C60pi12:1:0.0057941033,C60pi13:1:0.0125394534,C60pi14:1:0.0204526478,C60pi15:1:0.0070629602,C60pi16:1:0.0117982741,C60pi17:1:0.0068334668,C60pi18:1:0.0433775839,C60pi19:1:0.0318278731,C60pi20:1:0.0222546108,C60pi21:1:0.0102264969,C60pi22:1:0.0150545891,C60pi23:1:0.0134159878,C60pi24:1:0.0148552065,C60pi25:1:0.0239111516,C60pi26:1:0.0128776278,C60pi27:1:0.0222318842,C60pi28:1:0.0247444742,C60pi29:1:0.0214274810,C60pi30:1:0.0115001882,C60pi31:1:0.0076017389,C60pi32:1:0.0130258568,C60pi33:1:0.0093701965,C60pi34:1:0.0467194264,C60pi35:1:0.0441940314,C60pi36:1:0.0322263154,C60pi37:1:0.0402999891,C60pi38:1:0.0150234227,C60pi39:1:0.0104589903,C60pi40:1:0.0214742395,C60pi41:1:0.0154957836,C60pi42:1:0.0101789953,C60pi43:1:0.0227980379,C60pi44:1:0.0123204539,C60pi45:1:0.0066777583,C60pi46:1:0.0004150083,C60pi47:1:0.0344385130,C60pi48:1:0.0113663379,C60pi49:1:0.0127143049,C60pi50:1:0.0124323741,C60pi51:1:0.0262124415,C60pi52:1:0.0064994957,C60pi53:1:0.0103203293,C60pi54:1:0.0142463512,C60pi55:1:0.0215600067,C60pi56:1:0.0199150700,C60pi57:1:0.0038964200,C60pi58:1:0.0113448855,C60pi59:1:0.0128595846,C60pi60:1:0.0117656776}
WARNING: Your input class weight 0.000415008 is very small and may cause numerical issues
749  LG+C60        49282.225    114 98792.450    98866.939    99265.131
Akaike Information Criterion:           LG+F+R6
Corrected Akaike Information Criterion: LG+F+R6
Bayesian Information Criterion:         LG+F+R6
Best-fit model: LG+F+R6 chosen according to BIC

All model information printed to iqtree_gene_trees/COG4097.model.gz
CPU time for ModelFinder: 11497.028 seconds (3h:11m:37s)
Wall-clock time for ModelFinder: 1169.887 seconds (0h:19m:29s)
Generating 1000 samples for ultrafast bootstrap (seed: 190229)...

NOTE: 27 MB RAM (0 GB) is required!
Estimate model parameters (epsilon = 0.100)
1. Initial log-likelihood: -48408.648
Optimal log-likelihood: -48408.639
Site proportion and rates:  (0.028,0.014) (0.082,0.163) (0.206,0.481) (0.236,0.850) (0.427,1.451) (0.021,3.233)
Parameters optimization took 1 rounds (0.335 sec)
Wrote distance file to... 
Computing ML distances based on estimated model parameters...
Calculating distance matrix: done in 0.140332 secs using 956% CPU
Computing ML distances took 0.140687 sec (of wall-clock time) 1.343616 sec (of CPU time)
Setting up auxiliary I and S matrices: done in 0.00107431 secs using 461.2% CPU
Constructing RapidNJ tree: done in 0.0513268 secs using 332.7% CPU
Computing RapidNJ tree took 0.052714 sec (of wall-clock time) 0.176821 sec (of CPU time)
Log-likelihood of RapidNJ tree: -48445.213
--------------------------------------------------------------------
|             INITIALIZING CANDIDATE TREE SET                      |
--------------------------------------------------------------------
Generating 98 parsimony trees... 2.431 second
Computing log-likelihood of 98 initial trees ... 3.931 seconds
Current best score: -48408.639

Do NNI search on 20 best initial trees
Optimizing NNI: done in 0.280333 secs using 991.2% CPU
Estimate model parameters (epsilon = 0.100)
BETTER TREE FOUND at iteration 1: -48408.123
Optimizing NNI: done in 0.726538 secs using 997.7% CPU
Optimizing NNI: done in 1.05299 secs using 996.8% CPU
Estimate model parameters (epsilon = 0.100)
BETTER TREE FOUND at iteration 3: -48393.350
Optimizing NNI: done in 1.11181 secs using 996.8% CPU
Estimate model parameters (epsilon = 0.100)
BETTER TREE FOUND at iteration 4: -48393.092
Optimizing NNI: done in 1.05746 secs using 996.3% CPU
Estimate model parameters (epsilon = 0.100)
BETTER TREE FOUND at iteration 5: -48389.795
Optimizing NNI: done in 0.694073 secs using 997.3% CPU
Optimizing NNI: done in 0.944627 secs using 997.7% CPU
Estimate model parameters (epsilon = 0.100)
BETTER TREE FOUND at iteration 7: -48389.592
Optimizing NNI: done in 0.752871 secs using 996.7% CPU
Optimizing NNI: done in 0.831371 secs using 997.1% CPU
Optimizing NNI: done in 1.0199 secs using 997.1% CPU
Iteration 10 / LogL: -48392.468 / Time: 0h:0m:19s
Optimizing NNI: done in 0.842405 secs using 997.2% CPU
Estimate model parameters (epsilon = 0.100)
BETTER TREE FOUND at iteration 11: -48386.679
Optimizing NNI: done in 0.701569 secs using 996.7% CPU
Optimizing NNI: done in 0.847784 secs using 997.8% CPU
Optimizing NNI: done in 0.677034 secs using 996.8% CPU
Optimizing NNI: done in 0.641773 secs using 997.1% CPU
Optimizing NNI: done in 0.736316 secs using 997.5% CPU
Optimizing NNI: done in 0.715902 secs using 993.2% CPU
Estimate model parameters (epsilon = 0.100)
BETTER TREE FOUND at iteration 17: -48385.686
Optimizing NNI: done in 0.632962 secs using 996.8% CPU
Optimizing NNI: done in 0.798526 secs using 997.3% CPU
Optimizing NNI: done in 0.777294 secs using 997.1% CPU
Iteration 20 / LogL: -48386.511 / Time: 0h:0m:27s
Finish initializing candidate tree set (19)
Current best tree score: -48385.686 / CPU time: 26.783
Number of iterations: 20
--------------------------------------------------------------------
|               OPTIMIZING CANDIDATE TREE SET                      |
--------------------------------------------------------------------
Optimizing NNI: done in 0.658635 secs using 997.8% CPU
Optimizing NNI: done in 0.739799 secs using 997.2% CPU
Optimizing NNI: done in 0.629708 secs using 995.9% CPU
Optimizing NNI: done in 0.569721 secs using 997.3% CPU
Estimate model parameters (epsilon = 0.100)
BETTER TREE FOUND at iteration 24: -48384.709
Optimizing NNI: done in 0.796946 secs using 997.3% CPU
Optimizing NNI: done in 0.661437 secs using 997% CPU
Optimizing NNI: done in 0.541428 secs using 996.5% CPU
Optimizing NNI: done in 0.53778 secs using 997.4% CPU
Estimate model parameters (epsilon = 0.100)
BETTER TREE FOUND at iteration 28: -48383.712
Optimizing NNI: done in 0.590128 secs using 997.2% CPU
Optimizing NNI: done in 0.507609 secs using 995.8% CPU
Iteration 30 / LogL: -48386.889 / Time: 0h:0m:34s (0h:1m:56s left)
Optimizing NNI: done in 0.630205 secs using 996.5% CPU
Optimizing NNI: done in 0.654919 secs using 998.1% CPU
Optimizing NNI: done in 0.599042 secs using 997.3% CPU
Optimizing NNI: done in 0.631182 secs using 997.2% CPU
Optimizing NNI: done in 0.723122 secs using 996.9% CPU
Optimizing NNI: done in 0.604124 secs using 996.1% CPU
Optimizing NNI: done in 0.605535 secs using 996.5% CPU
Estimate model parameters (epsilon = 0.100)
BETTER TREE FOUND at iteration 37: -48381.700
Optimizing NNI: done in 0.588508 secs using 997.6% CPU
Optimizing NNI: done in 0.600526 secs using 997.5% CPU
Optimizing NNI: done in 0.769847 secs using 997.1% CPU
Iteration 40 / LogL: -48395.478 / Time: 0h:0m:41s (0h:1m:43s left)
Optimizing NNI: done in 0.778086 secs using 996.8% CPU
Optimizing NNI: done in 0.556828 secs using 997.6% CPU
Optimizing NNI: done in 0.875219 secs using 997.3% CPU
Optimizing NNI: done in 0.618317 secs using 996.7% CPU
Optimizing NNI: done in 0.727611 secs using 996.9% CPU
Optimizing NNI: done in 0.57111 secs using 997.3% CPU
Optimizing NNI: done in 0.526699 secs using 995.9% CPU
Optimizing NNI: done in 0.475985 secs using 996.8% CPU
Optimizing NNI: done in 0.619578 secs using 997.8% CPU
Optimizing NNI: done in 0.628756 secs using 996.4% CPU
Iteration 50 / LogL: -48384.421 / Time: 0h:0m:48s (0h:1m:25s left)
Log-likelihood cutoff on original alignment: -48430.281
UFBoot trees printed to iqtree_gene_trees/COG4097.ufboot
Optimizing NNI: done in 0.510101 secs using 997.4% CPU
Optimizing NNI: done in 0.611367 secs using 997.5% CPU
Optimizing NNI: done in 0.702702 secs using 997.8% CPU
Optimizing NNI: done in 0.765669 secs using 998.2% CPU
Optimizing NNI: done in 0.79713 secs using 996.2% CPU
Optimizing NNI: done in 0.610531 secs using 997.7% CPU
Optimizing NNI: done in 0.510249 secs using 996.9% CPU
Optimizing NNI: done in 0.600322 secs using 995% CPU
Optimizing NNI: done in 0.590759 secs using 996.9% CPU
Optimizing NNI: done in 0.645951 secs using 997.2% CPU
Iteration 60 / LogL: -48381.751 / Time: 0h:0m:55s (0h:1m:12s left)
Optimizing NNI: done in 0.667026 secs using 996.8% CPU
Optimizing NNI: done in 0.704642 secs using 996.9% CPU
Optimizing NNI: done in 0.592044 secs using 997.2% CPU
Optimizing NNI: done in 0.898747 secs using 997.5% CPU
Optimizing NNI: done in 0.738635 secs using 997.6% CPU
Optimizing NNI: done in 0.737736 secs using 996.3% CPU
Optimizing NNI: done in 0.56509 secs using 997.1% CPU
Optimizing NNI: done in 0.619121 secs using 996.8% CPU
Optimizing NNI: done in 0.465666 secs using 997.2% CPU
Optimizing NNI: done in 0.514489 secs using 996.7% CPU
Iteration 70 / LogL: -48383.635 / Time: 0h:1m:2s (0h:1m:0s left)
Optimizing NNI: done in 0.494739 secs using 996.3% CPU
Optimizing NNI: done in 0.765327 secs using 997.3% CPU
Optimizing NNI: done in 0.690143 secs using 997.3% CPU
Optimizing NNI: done in 0.582274 secs using 996.2% CPU
Optimizing NNI: done in 0.637466 secs using 997% CPU
Optimizing NNI: done in 0.671476 secs using 996.4% CPU
Optimizing NNI: done in 0.761818 secs using 995.5% CPU
Optimizing NNI: done in 0.712932 secs using 997.5% CPU
Optimizing NNI: done in 0.704898 secs using 996.8% CPU
Optimizing NNI: done in 0.618422 secs using 996.7% CPU
Iteration 80 / LogL: -48385.390 / Time: 0h:1m:8s (0h:0m:49s left)
Optimizing NNI: done in 0.597426 secs using 996.8% CPU
Optimizing NNI: done in 0.936869 secs using 997.2% CPU
Optimizing NNI: done in 0.753217 secs using 996.6% CPU
Optimizing NNI: done in 0.70081 secs using 996.8% CPU
Optimizing NNI: done in 0.911061 secs using 996.7% CPU
Optimizing NNI: done in 0.761199 secs using 995.3% CPU
Optimizing NNI: done in 0.599452 secs using 997.8% CPU
Optimizing NNI: done in 0.508622 secs using 996.9% CPU
Optimizing NNI: done in 0.608419 secs using 997.5% CPU
Optimizing NNI: done in 0.60771 secs using 996.7% CPU
Iteration 90 / LogL: -48385.766 / Time: 0h:1m:15s (0h:0m:40s left)
Optimizing NNI: done in 0.569555 secs using 997.7% CPU
Optimizing NNI: done in 0.511451 secs using 997.2% CPU
Optimizing NNI: done in 0.553656 secs using 996.5% CPU
Optimizing NNI: done in 0.756819 secs using 997.6% CPU
Optimizing NNI: done in 0.663732 secs using 997.7% CPU
Optimizing NNI: done in 0.497491 secs using 996.4% CPU
Optimizing NNI: done in 0.496094 secs using 997.1% CPU
Optimizing NNI: done in 0.603641 secs using 997% CPU
Optimizing NNI: done in 0.546852 secs using 996.9% CPU
Optimizing NNI: done in 0.551682 secs using 998% CPU
Iteration 100 / LogL: -48382.763 / Time: 0h:1m:21s (0h:0m:30s left)
Log-likelihood cutoff on original alignment: -48430.281
NOTE: Bootstrap correlation coefficient of split occurrence frequencies: 0.998
UFBoot trees printed to iqtree_gene_trees/COG4097.ufboot
Optimizing NNI: done in 0.661241 secs using 996.9% CPU
Optimizing NNI: done in 0.626166 secs using 996.9% CPU
Optimizing NNI: done in 0.693238 secs using 996.5% CPU
Optimizing NNI: done in 0.619973 secs using 996.5% CPU
Optimizing NNI: done in 0.585122 secs using 997.2% CPU
Optimizing NNI: done in 0.569247 secs using 996.6% CPU
Optimizing NNI: done in 0.752215 secs using 997% CPU
Optimizing NNI: done in 0.630498 secs using 995.5% CPU
Optimizing NNI: done in 0.67934 secs using 998% CPU
Optimizing NNI: done in 0.622506 secs using 996.6% CPU
Iteration 110 / LogL: -48382.372 / Time: 0h:1m:29s (0h:1m:13s left)
Optimizing NNI: done in 0.512227 secs using 996.5% CPU
Optimizing NNI: done in 0.480591 secs using 997.2% CPU
Optimizing NNI: done in 0.493037 secs using 997.5% CPU
Optimizing NNI: done in 0.579314 secs using 997.7% CPU
Optimizing NNI: done in 0.77314 secs using 996.2% CPU
Optimizing NNI: done in 0.658369 secs using 998.6% CPU
Optimizing NNI: done in 0.800745 secs using 997.3% CPU
Optimizing NNI: done in 0.74846 secs using 998.1% CPU
Optimizing NNI: done in 0.748488 secs using 995.3% CPU
Optimizing NNI: done in 0.945455 secs using 997.3% CPU
Iteration 120 / LogL: -48381.880 / Time: 0h:1m:36s (0h:1m:4s left)
Optimizing NNI: done in 0.765907 secs using 997.8% CPU
Optimizing NNI: done in 0.583813 secs using 996.4% CPU
Optimizing NNI: done in 0.55932 secs using 996.8% CPU
Optimizing NNI: done in 0.731343 secs using 996.5% CPU
Optimizing NNI: done in 0.666343 secs using 997.4% CPU
Optimizing NNI: done in 0.636148 secs using 996.4% CPU
Optimizing NNI: done in 0.640255 secs using 997.5% CPU
Optimizing NNI: done in 0.712202 secs using 997.4% CPU
Optimizing NNI: done in 0.726169 secs using 996.9% CPU
Optimizing NNI: done in 0.720935 secs using 998% CPU
Iteration 130 / LogL: -48386.883 / Time: 0h:1m:42s (0h:0m:55s left)
Optimizing NNI: done in 0.768242 secs using 996.2% CPU
Optimizing NNI: done in 0.989852 secs using 996.1% CPU
Optimizing NNI: done in 0.688697 secs using 997.5% CPU
Optimizing NNI: done in 0.965631 secs using 997% CPU
Optimizing NNI: done in 0.746957 secs using 996.5% CPU
Optimizing NNI: done in 0.635649 secs using 997.7% CPU
Optimizing NNI: done in 0.956612 secs using 997.8% CPU
Optimizing NNI: done in 0.970087 secs using 996.9% CPU
TREE SEARCH COMPLETED AFTER 138 ITERATIONS / Time: 0h:1m:49s

--------------------------------------------------------------------
|                    FINALIZING TREE SEARCH                        |
--------------------------------------------------------------------
Performs final model parameters optimization
Estimate model parameters (epsilon = 0.010)
1. Initial log-likelihood: -48381.700
Optimal log-likelihood: -48381.699
Site proportion and rates:  (0.028,0.014) (0.083,0.160) (0.228,0.491) (0.246,0.910) (0.392,1.462) (0.022,3.480)
Parameters optimization took 1 rounds (0.314 sec)
BEST SCORE FOUND : -48381.699
Creating bootstrap support values...
Split supports printed to NEXUS file iqtree_gene_trees/COG4097.splits.nex
Total tree length: 63.762

Total number of iterations: 138
CPU time used for tree search: 1043.983 sec (0h:17m:23s)
Wall-clock time used for tree search: 109.132 sec (0h:1m:49s)
Total CPU time used: 1054.172 sec (0h:17m:34s)
Total wall-clock time used: 110.528 sec (0h:1m:50s)
UFBoot trees printed to iqtree_gene_trees/COG4097.ufboot

Computing bootstrap consensus tree...
Reading input file iqtree_gene_trees/COG4097.splits.nex...
58 taxa and 321 splits.
Consensus tree written to iqtree_gene_trees/COG4097.contree
Reading input trees file iqtree_gene_trees/COG4097.contree
Log-likelihood of consensus tree: -48381.811

Analysis results written to: 
  IQ-TREE report:                iqtree_gene_trees/COG4097.iqtree
  Maximum-likelihood tree:       iqtree_gene_trees/COG4097.treefile
  Likelihood distances:          iqtree_gene_trees/COG4097.mldist

Ultrafast bootstrap approximation results written to:
  Split support values:          iqtree_gene_trees/COG4097.splits.nex
  Consensus tree:                iqtree_gene_trees/COG4097.contree
  UFBoot trees:                  iqtree_gene_trees/COG4097.ufboot
  Screen log file:               iqtree_gene_trees/COG4097.log

ALISIM COMMAND
--------------
--alisim simulated_MSA -t iqtree_gene_trees/COG4097.treefile -m "LG+F+R6{0.0279824,0.0141057,0.0832697,0.159921,0.228407,0.491109,0.246496,0.909559,0.391642,1.46215,0.0222029,3.48043}" --length 467

Date and Time: Sun Apr  9 03:35:25 2023
